Requirement already satisfied: scikit-learn in /net/cephfs/data/zifjia/condaenvs/audio_clf/lib/python3.8/site-packages (1.1.2)
Requirement already satisfied: threadpoolctl>=2.0.0 in /net/cephfs/data/zifjia/condaenvs/audio_clf/lib/python3.8/site-packages (from scikit-learn) (3.1.0)
Requirement already satisfied: scipy>=1.3.2 in /net/cephfs/data/zifjia/condaenvs/audio_clf/lib/python3.8/site-packages (from scikit-learn) (1.9.1)
Requirement already satisfied: numpy>=1.17.3 in /net/cephfs/data/zifjia/condaenvs/audio_clf/lib/python3.8/site-packages (from scikit-learn) (1.22.3)
Requirement already satisfied: joblib>=1.0.0 in /net/cephfs/data/zifjia/condaenvs/audio_clf/lib/python3.8/site-packages (from scikit-learn) (1.1.0)
Requirement already satisfied: tensorboard in /net/cephfs/data/zifjia/condaenvs/audio_clf/lib/python3.8/site-packages (2.10.1)
Requirement already satisfied: google-auth<3,>=1.6.3 in /net/cephfs/home/zifjia/.local/lib/python3.8/site-packages (from tensorboard) (2.9.1)
Requirement already satisfied: tensorboard-plugin-wit>=1.6.0 in /net/cephfs/home/zifjia/.local/lib/python3.8/site-packages (from tensorboard) (1.8.1)
Requirement already satisfied: numpy>=1.12.0 in /net/cephfs/data/zifjia/condaenvs/audio_clf/lib/python3.8/site-packages (from tensorboard) (1.22.3)
Requirement already satisfied: setuptools>=41.0.0 in /net/cephfs/data/zifjia/condaenvs/audio_clf/lib/python3.8/site-packages (from tensorboard) (60.8.1)
Requirement already satisfied: wheel>=0.26 in /net/cephfs/data/zifjia/condaenvs/audio_clf/lib/python3.8/site-packages (from tensorboard) (0.37.1)
Requirement already satisfied: protobuf<3.20,>=3.9.2 in /net/cephfs/home/zifjia/.local/lib/python3.8/site-packages (from tensorboard) (3.19.4)
Requirement already satisfied: werkzeug>=1.0.1 in /net/cephfs/data/zifjia/condaenvs/audio_clf/lib/python3.8/site-packages (from tensorboard) (2.1.2)
Requirement already satisfied: tensorboard-data-server<0.7.0,>=0.6.0 in /net/cephfs/home/zifjia/.local/lib/python3.8/site-packages (from tensorboard) (0.6.1)
Requirement already satisfied: absl-py>=0.4 in /net/cephfs/home/zifjia/.local/lib/python3.8/site-packages (from tensorboard) (1.2.0)
Requirement already satisfied: markdown>=2.6.8 in /net/cephfs/home/zifjia/.local/lib/python3.8/site-packages (from tensorboard) (3.4.1)
Requirement already satisfied: requests<3,>=2.21.0 in /net/cephfs/data/zifjia/condaenvs/audio_clf/lib/python3.8/site-packages (from tensorboard) (2.28.1)
Requirement already satisfied: grpcio>=1.24.3 in /net/cephfs/home/zifjia/.local/lib/python3.8/site-packages (from tensorboard) (1.47.0)
Requirement already satisfied: google-auth-oauthlib<0.5,>=0.4.1 in /net/cephfs/home/zifjia/.local/lib/python3.8/site-packages (from tensorboard) (0.4.6)
Requirement already satisfied: rsa<5,>=3.1.4 in /net/cephfs/home/zifjia/.local/lib/python3.8/site-packages (from google-auth<3,>=1.6.3->tensorboard) (4.9)
Requirement already satisfied: cachetools<6.0,>=2.0.0 in /net/cephfs/home/zifjia/.local/lib/python3.8/site-packages (from google-auth<3,>=1.6.3->tensorboard) (5.2.0)
Requirement already satisfied: six>=1.9.0 in /net/cephfs/data/zifjia/condaenvs/audio_clf/lib/python3.8/site-packages (from google-auth<3,>=1.6.3->tensorboard) (1.16.0)
Requirement already satisfied: pyasn1-modules>=0.2.1 in /net/cephfs/home/zifjia/.local/lib/python3.8/site-packages (from google-auth<3,>=1.6.3->tensorboard) (0.2.8)
Requirement already satisfied: requests-oauthlib>=0.7.0 in /net/cephfs/home/zifjia/.local/lib/python3.8/site-packages (from google-auth-oauthlib<0.5,>=0.4.1->tensorboard) (1.3.1)
Requirement already satisfied: importlib-metadata>=4.4 in /net/cephfs/home/zifjia/.local/lib/python3.8/site-packages (from markdown>=2.6.8->tensorboard) (4.12.0)
Requirement already satisfied: urllib3<1.27,>=1.21.1 in /net/cephfs/data/zifjia/condaenvs/audio_clf/lib/python3.8/site-packages (from requests<3,>=2.21.0->tensorboard) (1.26.12)
Requirement already satisfied: charset-normalizer<3,>=2 in /net/cephfs/data/zifjia/condaenvs/audio_clf/lib/python3.8/site-packages (from requests<3,>=2.21.0->tensorboard) (2.1.1)
Requirement already satisfied: idna<4,>=2.5 in /net/cephfs/data/zifjia/condaenvs/audio_clf/lib/python3.8/site-packages (from requests<3,>=2.21.0->tensorboard) (3.4)
Requirement already satisfied: certifi>=2017.4.17 in /net/cephfs/data/zifjia/condaenvs/audio_clf/lib/python3.8/site-packages (from requests<3,>=2.21.0->tensorboard) (2022.9.14)
Requirement already satisfied: zipp>=0.5 in /net/cephfs/data/zifjia/condaenvs/audio_clf/lib/python3.8/site-packages (from importlib-metadata>=4.4->markdown>=2.6.8->tensorboard) (3.8.0)
Requirement already satisfied: pyasn1<0.5.0,>=0.4.6 in /net/cephfs/home/zifjia/.local/lib/python3.8/site-packages (from pyasn1-modules>=0.2.1->google-auth<3,>=1.6.3->tensorboard) (0.4.8)
Requirement already satisfied: oauthlib>=3.0.0 in /net/cephfs/home/zifjia/.local/lib/python3.8/site-packages (from requests-oauthlib>=0.7.0->google-auth-oauthlib<0.5,>=0.4.1->tensorboard) (3.2.0)
Requirement already satisfied: torch in /net/cephfs/data/zifjia/condaenvs/audio_clf/lib/python3.8/site-packages (1.12.1)
Requirement already satisfied: torchvision in /net/cephfs/data/zifjia/condaenvs/audio_clf/lib/python3.8/site-packages (0.13.1)
Requirement already satisfied: torchaudio in /net/cephfs/data/zifjia/condaenvs/audio_clf/lib/python3.8/site-packages (0.12.1)
Requirement already satisfied: typing-extensions in /net/cephfs/data/zifjia/condaenvs/audio_clf/lib/python3.8/site-packages (from torch) (4.0.1)
Requirement already satisfied: numpy in /net/cephfs/data/zifjia/condaenvs/audio_clf/lib/python3.8/site-packages (from torchvision) (1.22.3)
Requirement already satisfied: pillow!=8.3.*,>=5.3.0 in /net/cephfs/data/zifjia/condaenvs/audio_clf/lib/python3.8/site-packages (from torchvision) (9.0.1)
Requirement already satisfied: requests in /net/cephfs/data/zifjia/condaenvs/audio_clf/lib/python3.8/site-packages (from torchvision) (2.28.1)
Requirement already satisfied: charset-normalizer<3,>=2 in /net/cephfs/data/zifjia/condaenvs/audio_clf/lib/python3.8/site-packages (from requests->torchvision) (2.1.1)
Requirement already satisfied: idna<4,>=2.5 in /net/cephfs/data/zifjia/condaenvs/audio_clf/lib/python3.8/site-packages (from requests->torchvision) (3.4)
Requirement already satisfied: urllib3<1.27,>=1.21.1 in /net/cephfs/data/zifjia/condaenvs/audio_clf/lib/python3.8/site-packages (from requests->torchvision) (1.26.12)
Requirement already satisfied: certifi>=2017.4.17 in /net/cephfs/data/zifjia/condaenvs/audio_clf/lib/python3.8/site-packages (from requests->torchvision) (2022.9.14)
{'name': 'longcall_wav2vec2_lstm_binary_42', 'data_path': '/home/cluster/zifjia/data/data_greatarc_longcall/wav2vec2_split_42', 'test_only': False, 'balance_weights': True, 'binary': True, 'model_type': 'lstm', 'n_embedding': 768, 'd_hid': 1024, 'nlayers': 2, 'batch_size': 1, 'n_epoch': 200, 'lr': 0.0005, 'dropout': 0.2, 'patience': 10, 'step_factor': 0.7, 'seed': 42}
cuda
Reading data ...
train, dev, test number of files: 50, 6, 7.
dev files:  ['15T6lcZeke', '2T6lcZeke', '125dat LC Rambo', '75datA LC Kay', '52dat LC Sultan', '137dat LC Fugit']
test files:  ['24dat LC Male', '23datA LC Fugit', '48datA LC Niko', '7T6lcZeke', '2T7lcNico', '28T5lcNiko', '47dat LC Sultan']
train_data_all: (180390, 769)
Labels in train_data_all:  {0: 106395, 1: 73995}
--- 1.9251148700714111 seconds ---
LSTM(
  (lstm): LSTM(768, 1024, num_layers=2, dropout=0.2, bidirectional=True)
  (hidden2tag): Linear(in_features=2048, out_features=2, bias=True)
)
Number of parameters: 39882754

Train Epoch: 1 accuracy: 0.77 
 precision: [0.81320733 0.71741191] 
 recall: [0.79827999 0.73634705] 
 f1: [0.80567453 0.72675617] 
 f1_avg: 0.7733026430348177


Validation Epoch: 1 accuracy: 0.77 
 precision: [0.9238968  0.57539995] 
 recall: [0.74122912 0.85170807] 
 f1: [0.82254346 0.68680545] 
 f1_avg: 0.7829554438846724

New best val score, save model ...
--- 10.903144121170044 seconds ---

Train Epoch: 2 accuracy: 0.84 
 precision: [0.86100372 0.8039882 ] 
 recall: [0.86446732 0.79933779] 
 f1: [0.86273204 0.80165625] 
 f1_avg: 0.8376790829961727


Validation Epoch: 2 accuracy: 0.79 
 precision: [0.92497811 0.59298863] 
 recall: [0.75968992 0.85034938] 
 f1: [0.83422554 0.69872408] 
 f1_avg: 0.794706517193462

New best val score, save model ...
--- 16.01496148109436 seconds ---

Train Epoch: 3 accuracy: 0.85 
 precision: [0.86794897 0.81858982] 
 recall: [0.87538888 0.80850057] 
 f1: [0.87165305 0.81351392] 
 f1_avg: 0.8478046929203638


Validation Epoch: 3 accuracy: 0.77 
 precision: [0.93117778 0.57353507] 
 recall: [0.73419644 0.86820652] 
 f1: [0.82103758 0.69075747] 
 f1_avg: 0.7830413656836684

--- 20.765783309936523 seconds ---

Train Epoch: 4 accuracy: 0.85 
 precision: [0.87307789 0.82299655] 
 recall: [0.8778702  0.81650111] 
 f1: [0.87546749 0.81973597] 
 f1_avg: 0.852606720969394


Validation Epoch: 4 accuracy: 0.77 
 precision: [0.9323602 0.5662089] 
 recall: [0.72484616 0.87228261] 
 f1: [0.81561081 0.68668347] 
 f1_avg: 0.778009131778314

--- 25.516587734222412 seconds ---

Train Epoch: 5 accuracy: 0.85 
 precision: [0.87581773 0.82430929] 
 recall: [0.87831195 0.82093385] 
 f1: [0.87706307 0.8226181 ] 
 f1_avg: 0.8547300381854805


Validation Epoch: 5 accuracy: 0.77 
 precision: [0.93251156 0.5668348 ] 
 recall: [0.7254855  0.87247671] 
 f1: [0.81607335 0.68720379] 
 f1_avg: 0.7784885266695118

--- 30.348694562911987 seconds ---

Train Epoch: 6 accuracy: 0.86 
 precision: [0.87785571 0.82409759] 
 recall: [0.87761643 0.82442057] 
 f1: [0.87773605 0.82425905] 
 f1_avg: 0.8558000743752405


Validation Epoch: 6 accuracy: 0.81 
 precision: [0.92669962 0.62892538] 
 recall: [0.7941341  0.84743789] 
 f1: [0.85531072 0.72201091] 
 f1_avg: 0.8164338143311523

New best val score, save model ...
--- 35.484379053115845 seconds ---

Train Epoch: 7 accuracy: 0.86 
 precision: [0.88153997 0.82591278] 
 recall: [0.87828375 0.83029934] 
 f1: [0.87990885 0.82810025] 
 f1_avg: 0.8586572447978678


Validation Epoch: 7 accuracy: 0.83 
 precision: [0.92147196 0.6755471 ] 
 recall: [0.83649005 0.82686335] 
 f1: [0.87692694 0.74358527] 
 f1_avg: 0.8380378232049935

New best val score, save model ...
--- 40.582231283187866 seconds ---

Train Epoch: 8 accuracy: 0.87 
 precision: [0.88618046 0.83816337] 
 recall: [0.88772969 0.83605649] 
 f1: [0.8869544 0.8371086] 
 f1_avg: 0.8665079236156887


Validation Epoch: 8 accuracy: 0.83 
 precision: [0.92519615 0.66878586] 
 recall: [0.82929753 0.83715062] 
 f1: [0.87462599 0.74355659] 
 f1_avg: 0.836399575586944

--- 45.33690619468689 seconds ---

Train Epoch: 9 accuracy: 0.87 
 precision: [0.89192963 0.84764761] 
 recall: [0.89447812 0.84416515] 
 f1: [0.89320206 0.84590279] 
 f1_avg: 0.8738001580540542


Validation Epoch: 9 accuracy: 0.83 
 precision: [0.92680514 0.66289731] 
 recall: [0.82370335 0.84200311] 
 f1: [0.87221799 0.74179207] 
 f1_avg: 0.8341792495926982

--- 50.12967324256897 seconds ---

Train Epoch: 10 accuracy: 0.88 
 precision: [0.8957724  0.85301859] 
 recall: [0.89817191 0.84973309] 
 f1: [0.89697055 0.85137267] 
 f1_avg: 0.8782665463819845


Validation Epoch: 10 accuracy: 0.84 
 precision: [0.92577574 0.68185414] 
 recall: [0.83928714 0.83656832] 
 f1: [0.88041246 0.75132921] 
 f1_avg: 0.8427653076444949

New best val score, save model ...
--- 55.23678684234619 seconds ---

Train Epoch: 11 accuracy: 0.88 
 precision: [0.89704669 0.85465889] 
 recall: [0.89928098 0.85159808] 
 f1: [0.89816245 0.85312574] 
 f1_avg: 0.8796886337184184


Validation Epoch: 11 accuracy: 0.85 
 precision: [0.92493484 0.69666937] 
 recall: [0.85079517 0.83229814] 
 f1: [0.88631728 0.75846821] 
 f1_avg: 0.849030077015535

New best val score, save model ...
--- 60.349422216415405 seconds ---

Train Epoch: 12 accuracy: 0.88 
 precision: [0.89866245 0.85804314] 
 recall: [0.9017623  0.85378742] 
 f1: [0.9002097  0.85590999] 
 f1_avg: 0.8820382005754743


Validation Epoch: 12 accuracy: 0.85 
 precision: [0.92741583 0.69373997] 
 recall: [0.84751858 0.83889752] 
 f1: [0.88566895 0.75944474] 
 f1_avg: 0.8488556382855512

--- 65.11709070205688 seconds ---

Train Epoch: 13 accuracy: 0.89 
 precision: [0.90120432 0.86366112] 
 recall: [0.90588843 0.85720657] 
 f1: [0.90354031 0.86042174] 
 f1_avg: 0.8858533051483235


Validation Epoch: 13 accuracy: 0.85 
 precision: [0.92922996 0.69247929] 
 recall: [0.84576041 0.8435559 ] 
 f1: [0.88553259 0.76058803] 
 f1_avg: 0.849092490452962

New best val score, save model ...
--- 70.30324220657349 seconds ---

Train Epoch: 14 accuracy: 0.89 
 precision: [0.90351558 0.86737321] 
 recall: [0.90849194 0.86050409] 
 f1: [0.90599693 0.863925  ] 
 f1_avg: 0.8887392478762872


Validation Epoch: 14 accuracy: 0.84 
 precision: [0.93042171 0.68696884] 
 recall: [0.84104531 0.84724379] 
 f1: [0.88347884 0.75873457] 
 f1_avg: 0.847097158631719

--- 75.05177664756775 seconds ---

Train Epoch: 15 accuracy: 0.89 
 precision: [0.90554974 0.86973566] 
 recall: [0.91005216 0.86351781] 
 f1: [0.90779537 0.86661558] 
 f1_avg: 0.8909036418101332


Validation Epoch: 15 accuracy: 0.84 
 precision: [0.93128681 0.67843319] 
 recall: [0.83401263 0.85054348] 
 f1: [0.87996964 0.75480148] 
 f1_avg: 0.8434643302957243

--- 79.76873564720154 seconds ---

Train Epoch: 16 accuracy: 0.89 
 precision: [0.90771373 0.87373613] 
 recall: [0.91290944 0.86654504] 
 f1: [0.91030417 0.87012573] 
 f1_avg: 0.8938231923275766


Validation Epoch: 16 accuracy: 0.84 
 precision: [0.93283716 0.67603255] 
 recall: [0.83137537 0.85461957] 
 f1: [0.87918868 0.75490784] 
 f1_avg: 0.8429421514682591

--- 84.5451431274414 seconds ---

Train Epoch: 17 accuracy: 0.90 
 precision: [0.90934174 0.87519055] 
 recall: [0.91381174 0.86900466] 
 f1: [0.91157126 0.87208664] 
 f1_avg: 0.8953748809309656


Validation Epoch: 17 accuracy: 0.84 
 precision: [0.93389166 0.68467629] 
 recall: [0.8376888  0.85597826] 
 f1: [0.88317816 0.76080393] 
 f1_avg: 0.8474876982437071

--- 89.33259725570679 seconds ---

Train Epoch: 18 accuracy: 0.90 
 precision: [0.91122906 0.87489831] 
 recall: [0.913276   0.87207244] 
 f1: [0.91225138 0.87348309] 
 f1_avg: 0.8963488396745293


Validation Epoch: 18 accuracy: 0.85 
 precision: [0.92651924 0.69720019] 
 recall: [0.85047551 0.83618012] 
 f1: [0.88687029 0.76039185] 
 f1_avg: 0.8499828292891539

New best val score, save model ...
--- 94.45483922958374 seconds ---

Train Epoch: 19 accuracy: 0.89 
 precision: [0.90962718 0.87073082] 
 recall: [0.91017435 0.8699777 ] 
 f1: [0.90990068 0.8703541 ] 
 f1_avg: 0.8936788874616765


Validation Epoch: 19 accuracy: 0.86 
 precision: [0.92682511 0.72443469] 
 recall: [0.86949572 0.83326863] 
 f1: [0.89724559 0.77504965] 
 f1_avg: 0.8616071230566767

New best val score, save model ...
--- 99.61528277397156 seconds ---

Train Epoch: 20 accuracy: 0.88 
 precision: [0.90106848 0.85221159] 
 recall: [0.8964613  0.85847692] 
 f1: [0.89875899 0.85533279] 
 f1_avg: 0.8809457948156514


Validation Epoch: 20 accuracy: 0.81 
 precision: [0.9414246  0.62773016] 
 recall: [0.78478382 0.88140528] 
 f1: [0.85599721 0.73324721] 
 f1_avg: 0.8201971551564506

--- 104.3742299079895 seconds ---

Train Epoch: 21 accuracy: 0.89 
 precision: [0.90407891 0.87009245] 
 recall: [0.9105879  0.86108521] 
 f1: [0.90732173 0.8655654 ] 
 f1_avg: 0.8901935103016457


Validation Epoch: 21 accuracy: 0.84 
 precision: [0.93441454 0.685395  ] 
 recall: [0.83800847 0.85714286] 
 f1: [0.88358964 0.76170763] 
 f1_avg: 0.8480427304223074

--- 109.11035752296448 seconds ---

Train Epoch: 22 accuracy: 0.89 
 precision: [0.90925279 0.87277267] 
 recall: [0.91188496 0.86913981] 
 f1: [0.91056697 0.87095245] 
 f1_avg: 0.8943173089657748


Validation Epoch: 22 accuracy: 0.85 
 precision: [0.9267527  0.69582056] 
 recall: [0.84935667 0.83695652] 
 f1: [0.88636837 0.75989074] 
 f1_avg: 0.8494811528247224

--- 113.87757849693298 seconds ---

Train Epoch: 23 accuracy: 0.90 
 precision: [0.9097705  0.87686374] 
 recall: [0.9150806 0.8695047] 
 f1: [0.91241782 0.87316871] 
 f1_avg: 0.8963180506194415


Validation Epoch: 23 accuracy: 0.85 
 precision: [0.93200736 0.69993602] 
 recall: [0.85007592 0.84937888] 
 f1: [0.88915824 0.76745002] 
 f1_avg: 0.8536620164845382

--- 118.6652603149414 seconds ---

Train Epoch: 24 accuracy: 0.90 
 precision: [0.91108449 0.87692224] 
 recall: [0.91492081 0.87161295] 
 f1: [0.91299862 0.87425953] 
 f1_avg: 0.8971080572326783


Validation Epoch: 24 accuracy: 0.86 
 precision: [0.91964137 0.74461648] 
 recall: [0.88531927 0.8121118 ] 
 f1: [0.902154   0.77690094] 
 f1_avg: 0.865623922401849

New best val score, save model ...
--- 123.81103944778442 seconds ---

Train Epoch: 25 accuracy: 0.90 
 precision: [0.90877076 0.88190351] 
 recall: [0.91922553 0.86731536] 
 f1: [0.91396825 0.8745486 ] 
 f1_avg: 0.89779852086001


Validation Epoch: 25 accuracy: 0.86 
 precision: [0.92727888 0.73505737] 
 recall: [0.87636858 0.83307453] 
 f1: [0.90110522 0.78100264] 
 f1_avg: 0.8660772848824869

New best val score, save model ...
--- 128.96946001052856 seconds ---

Train Epoch: 26 accuracy: 0.90 
 precision: [0.90911957 0.88488524] 
 recall: [0.92150947 0.8675451 ] 
 f1: [0.91527259 0.87612938] 
 f1_avg: 0.8992162601857759


Validation Epoch: 26 accuracy: 0.84 
 precision: [0.93638313 0.68592615] 
 recall: [0.83752897 0.86180124] 
 f1: [0.88420165 0.76387097] 
 f1_avg: 0.8491071844028266

--- 133.71226739883423 seconds ---

Train Epoch: 27 accuracy: 0.90 
 precision: [0.90766349 0.88248102] 
 recall: [0.91984586 0.86545037] 
 f1: [0.91371407 0.87388273] 
 f1_avg: 0.8973754666118553


Validation Epoch: 27 accuracy: 0.80 
 precision: [0.94539148 0.60739274] 
 recall: [0.76232718 0.89305124] 
 f1: [0.84404725 0.72302978] 
 f1_avg: 0.8087524860631088

--- 138.43240666389465 seconds ---

Train Epoch: 28 accuracy: 0.89 
 precision: [0.90701997 0.87338389] 
 recall: [0.91274026 0.86546388] 
 f1: [0.90987112 0.86940585] 
 f1_avg: 0.8932724868320059


Validation Epoch: 28 accuracy: 0.79 
 precision: [0.94719674 0.58994271] 
 recall: [0.74258771 0.89945652] 
 f1: [0.83250459 0.7125394 ] 
 f1_avg: 0.7975167253912601

--- 143.17339396476746 seconds ---

Train Epoch: 29 accuracy: 0.90 
 precision: [0.91115631 0.87542234] 
 recall: [0.91370835 0.87189675] 
 f1: [0.91243055 0.87365599] 
 f1_avg: 0.8965254315139796


Validation Epoch: 29 accuracy: 0.81 
 precision: [0.94239004 0.61713358] 
 recall: [0.77391513 0.88509317] 
 f1: [0.84988372 0.72721474] 
 f1_avg: 0.8141072886674132

--- 147.9069573879242 seconds ---

Train Epoch: 30 accuracy: 0.90 
 precision: [0.91680138 0.88717306] 
 recall: [0.92219559 0.87966755] 
 f1: [0.91949057 0.88340436] 
 f1_avg: 0.9046882034219771


Validation Epoch: 30 accuracy: 0.81 
 precision: [0.94504849 0.61574571] 
 recall: [0.77103812 0.89111025] 
 f1: [0.84922102 0.72826777] 
 f1_avg: 0.8139449842740686

--- 152.6472203731537 seconds ---

Train Epoch: 31 accuracy: 0.91 
 precision: [0.91948205 0.88956154] 
 recall: [0.92369942 0.88369484] 
 f1: [0.92158591 0.88661849] 
 f1_avg: 0.9072424632648413


Validation Epoch: 31 accuracy: 0.82 
 precision: [0.94216981 0.64246285] 
 recall: [0.79812994 0.88101708] 
 f1: [0.86418898 0.74306295] 
 f1_avg: 0.8288625562841969

--- 157.39647889137268 seconds ---

Train Epoch: 32 accuracy: 0.91 
 precision: [0.92085287 0.89106878] 
 recall: [0.92469571 0.88572201] 
 f1: [0.92277029 0.88838735] 
 f1_avg: 0.9086665945308732


Validation Epoch: 32 accuracy: 0.82 
 precision: [0.94295175 0.64115574] 
 recall: [0.79653161 0.88295807] 
 f1: [0.86357926 0.74287581] 
 f1_avg: 0.8283760771460362

--- 162.15801787376404 seconds ---

Train Epoch: 33 accuracy: 0.91 
 precision: [0.92117582 0.89357613] 
 recall: [0.92661309 0.8859923 ] 
 f1: [0.92388646 0.88976805] 
 f1_avg: 0.9098912734704687


Validation Epoch: 33 accuracy: 0.82 
 precision: [0.94578141 0.64065996] 
 recall: [0.7946136  0.88936335] 
 f1: [0.86363242 0.74479844] 
 f1_avg: 0.828974467930847

--- 166.8986566066742 seconds ---

Train Epoch: 34 accuracy: 0.91 
 precision: [0.9217445 0.8932504] 
 recall: [0.92628413 0.88692479] 
 f1: [0.92400874 0.89007636] 
 f1_avg: 0.9100898592826239


Validation Epoch: 34 accuracy: 0.80 
 precision: [0.9476445  0.61142706] 
 recall: [0.76520419 0.89732143] 
 f1: [0.84670823 0.72728703] 
 f1_avg: 0.8118790169575402

--- 171.62557411193848 seconds ---

Train Epoch: 35 accuracy: 0.91 
 precision: [0.92233714 0.88580821] 
 recall: [0.9203346  0.88857355] 
 f1: [0.92133478 0.88718872] 
 f1_avg: 0.907328254723818


Validation Epoch: 35 accuracy: 0.82 
 precision: [0.94246783 0.64027054] 
 recall: [0.79597219 0.88198758] 
 f1: [0.86304753 0.74193812] 
 f1_avg: 0.827725949735277

--- 176.33026766777039 seconds ---

Train Epoch: 36 accuracy: 0.91 
 precision: [0.92077967 0.89182421] 
 recall: [0.92529724 0.88553281] 
 f1: [0.92303293 0.88866737] 
 f1_avg: 0.9089363633781394


Validation Epoch: 36 accuracy: 0.82 
 precision: [0.94818802 0.63522446] 
 recall: [0.78830017 0.89538043] 
 f1: [0.86088323 0.74319317] 
 f1_avg: 0.8265589023384721

--- 181.0276961326599 seconds ---

Train Epoch: 37 accuracy: 0.91 
 precision: [0.92368443 0.88573963] 
 recall: [0.92009023 0.89069532] 
 f1: [0.92188383 0.88821056] 
 f1_avg: 0.9080712365793114


Validation Epoch: 37 accuracy: 0.84 
 precision: [0.93625282 0.67465857] 
 recall: [0.8286582  0.86296584] 
 f1: [0.87917585 0.75728155] 
 f1_avg: 0.8436253609276522

--- 185.7314157485962 seconds ---

Train Epoch: 38 accuracy: 0.91 
 precision: [0.92143668 0.88874443] 
 recall: [0.92278772 0.88687073] 
 f1: [0.92211171 0.88780659] 
 f1_avg: 0.9080399368092202


Validation Epoch: 38 accuracy: 0.84 
 precision: [0.94113924 0.68145344] 
 recall: [0.83185487 0.8736413 ] 
 f1: [0.883129   0.76567151] 
 f1_avg: 0.8488725086626163

--- 190.44987988471985 seconds ---

Train Epoch: 39 accuracy: 0.91 
 precision: [0.92265235 0.88830211] 
 recall: [0.92227078 0.88883033] 
 f1: [0.92246153 0.88856614] 
 f1_avg: 0.9085578230417813


Validation Epoch: 39 accuracy: 0.84 
 precision: [0.93817953 0.68298654] 
 recall: [0.83441221 0.86645963] 
 f1: [0.88325861 0.76386037] 
 f1_avg: 0.8484360928765041

--- 195.18830585479736 seconds ---

Train Epoch: 40 accuracy: 0.91 
 precision: [0.92016442 0.89498954] 
 recall: [0.92784435 0.88424894] 
 f1: [0.92398843 0.88958682] 
 f1_avg: 0.9098770756884366


Validation Epoch: 40 accuracy: 0.81 
 precision: [0.94746535 0.6273816 ] 
 recall: [0.78118756 0.89479814] 
 f1: [0.85632939 0.7376    ] 
 f1_avg: 0.8217019457393087

--- 199.93080830574036 seconds ---

Train Epoch: 41 accuracy: 0.91 
 precision: [0.9207868 0.8918014] 
 recall: [0.92527844 0.88554632] 
 f1: [0.92302716 0.88866286] 
 f1_avg: 0.9089311073985328


Validation Epoch: 41 accuracy: 0.80 
 precision: [0.94860558 0.608     ] 
 recall: [0.76112843 0.89984472] 
 f1: [0.8445883  0.72567895] 
 f1_avg: 0.8099083730378387

--- 204.68844389915466 seconds ---

Train Epoch: 42 accuracy: 0.91 
 precision: [0.92212046 0.88633697] 
 recall: [0.92078575 0.88818163] 
 f1: [0.92145262 0.88725834] 
 f1_avg: 0.907426314981774


Validation Epoch: 42 accuracy: 0.81 
 precision: [0.94422272 0.61945346] 
 recall: [0.7751938  0.88878106] 
 f1: [0.85139998 0.73007015] 
 f1_avg: 0.8160141188174488

--- 209.38482403755188 seconds ---

Train Epoch: 43 accuracy: 0.91 
 precision: [0.92378433 0.8886881 ] 
 recall: [0.92242117 0.89057369] 
 f1: [0.92310225 0.88962989] 
 f1_avg: 0.9093720692922502


Validation Epoch: 43 accuracy: 0.82 
 precision: [0.94319258 0.64085598] 
 recall: [0.79613202 0.88354037] 
 f1: [0.86344529 0.74288046] 
 f1_avg: 0.828282535624807

--- 214.09914422035217 seconds ---

Train Epoch: 44 accuracy: 0.91 
 precision: [0.92474557 0.8887707 ] 
 recall: [0.92235537 0.89207379] 
 f1: [0.92354893 0.89041918] 
 f1_avg: 0.9099592845490997


Validation Epoch: 44 accuracy: 0.83 
 precision: [0.94090318 0.65420832] 
 recall: [0.80923839 0.8765528 ] 
 f1: [0.87011815 0.74923268] 
 f1_avg: 0.8348618866742749

--- 218.8324944972992 seconds ---

Train Epoch: 45 accuracy: 0.91 
 precision: [0.92441915 0.89038877] 
 recall: [0.92368062 0.89141158] 
 f1: [0.92404974 0.89089988] 
 f1_avg: 0.9104518480458088


Validation Epoch: 45 accuracy: 0.83 
 precision: [0.93966873 0.65616798] 
 recall: [0.81155598 0.8734472 ] 
 f1: [0.87092624 0.74937552] 
 f1_avg: 0.8354759562333641

--- 223.50045371055603 seconds ---

Train Epoch: 46 accuracy: 0.91 
 precision: [0.92419034 0.8887107 ] 
 recall: [0.92238357 0.89120887] 
 f1: [0.92328607 0.88995803] 
 f1_avg: 0.9096150901744976


Validation Epoch: 46 accuracy: 0.84 
 precision: [0.93437162 0.67454629] 
 recall: [0.82945736 0.85850155] 
 f1: [0.87879429 0.75548723] 
 f1_avg: 0.8428317696276186

--- 228.20943093299866 seconds ---

Train Epoch: 47 accuracy: 0.91 
 precision: [0.92361883 0.88779443] 
 recall: [0.92173504 0.890398  ] 
 f1: [0.92267597 0.88909431] 
 f1_avg: 0.9089009568763774


Validation Epoch: 47 accuracy: 0.85 
 precision: [0.93163068 0.69733695] 
 recall: [0.84831775 0.84879658] 
 f1: [0.88802443 0.76564825] 
 f1_avg: 0.8523333976572297

--- 232.94231033325195 seconds ---

Train Epoch: 48 accuracy: 0.90 
 precision: [0.92249379 0.87777363] 
 recall: [0.91384934 0.88960065] 
 f1: [0.91815121 0.88364757] 
 f1_avg: 0.9039980047014179


Validation Epoch: 48 accuracy: 0.87 
 precision: [0.90345369 0.79634518] 
 recall: [0.91984336 0.76125776] 
 f1: [0.91157486 0.77840627] 
 f1_avg: 0.8727362221883546

New best val score, save model ...
--- 238.03352212905884 seconds ---

Train Epoch: 49 accuracy: 0.90 
 precision: [0.90993823 0.88944105] 
 recall: [0.92493068 0.86836948] 
 f1: [0.91737321 0.87877897] 
 f1_avg: 0.9015420597020286


Validation Epoch: 49 accuracy: 0.85 
 precision: [0.9239756  0.70833333] 
 recall: [0.85958603 0.82822205] 
 f1: [0.89061853 0.76360057] 
 f1_avg: 0.853573723740634

--- 242.75174617767334 seconds ---

Train Epoch: 50 accuracy: 0.91 
 precision: [0.91592325 0.90247906] 
 recall: [0.93411345 0.87670789] 
 f1: [0.92492892 0.88940683] 
 f1_avg: 0.9103579517124069


Validation Epoch: 50 accuracy: 0.85 
 precision: [0.92356199 0.71753794] 
 recall: [0.86613922 0.82589286] 
 f1: [0.8939294  0.76791193] 
 f1_avg: 0.8571763823751407

--- 247.48155283927917 seconds ---

Train Epoch: 51 accuracy: 0.91 
 precision: [0.91995221 0.90244003] 
 recall: [0.9335965  0.88319481] 
 f1: [0.92672414 0.89271371] 
 f1_avg: 0.912773245600827


Validation Epoch: 51 accuracy: 0.86 
 precision: [0.92225674 0.7344456 ] 
 recall: [0.877887   0.82026398] 
 f1: [0.89952506 0.77498625] 
 f1_avg: 0.8632032936414661

--- 252.2044906616211 seconds ---

Train Epoch: 52 accuracy: 0.91 
 precision: [0.92194185 0.90290073] 
 recall: [0.93370929 0.88633016] 
 f1: [0.92778826 0.89453871] 
 f1_avg: 0.9141494736733274


Validation Epoch: 52 accuracy: 0.86 
 precision: [0.92141421 0.73555594] 
 recall: [0.87892592 0.81793478] 
 f1: [0.8996687  0.77456116] 
 f1_avg: 0.8631810656249841

--- 256.8794186115265 seconds ---

Train Epoch: 53 accuracy: 0.91 
 precision: [0.92250713 0.9019686 ] 
 recall: [0.93292918 0.88731671] 
 f1: [0.92768889 0.89458266] 
 f1_avg: 0.9141088927351749


Validation Epoch: 53 accuracy: 0.86 
 precision: [0.92197867 0.73341438] 
 recall: [0.87732758 0.81968168] 
 f1: [0.8990991  0.77415215] 
 f1_avg: 0.8626583031060807

--- 261.5902488231659 seconds ---

Train Epoch: 54 accuracy: 0.91 
 precision: [0.92338815 0.902352  ] 
 recall: [0.93311716 0.88868167] 
 f1: [0.92822716 0.89546467] 
 f1_avg: 0.9147881624372485


Validation Epoch: 54 accuracy: 0.86 
 precision: [0.92243627 0.73208723] 
 recall: [0.87628866 0.82104037] 
 f1: [0.89877049 0.77401647] 
 f1_avg: 0.8623859614669751

--- 266.2907154560089 seconds ---

Train Epoch: 55 accuracy: 0.92 
 precision: [0.92459273 0.9037541 ] 
 recall: [0.93404765 0.89046557] 
 f1: [0.92929614 0.89706063] 
 f1_avg: 0.916073307165892


Validation Epoch: 55 accuracy: 0.86 
 precision: [0.92299258 0.72972973] 
 recall: [0.87453049 0.82278727] 
 f1: [0.89810825 0.77346957] 
 f1_avg: 0.8617573623456509

--- 270.9880518913269 seconds ---

Train Epoch: 56 accuracy: 0.92 
 precision: [0.92548059 0.90375503] 
 recall: [0.93394426 0.89187107] 
 f1: [0.92969316 0.89777373] 
 f1_avg: 0.9165999844415268


Validation Epoch: 56 accuracy: 0.86 
 precision: [0.92335612 0.7294603 ] 
 recall: [0.87421082 0.82375776] 
 f1: [0.89811166 0.77374658] 
 f1_avg: 0.8618405644267095

--- 275.7182083129883 seconds ---

Train Epoch: 57 accuracy: 0.92 
 precision: [0.92656589 0.90388375] 
 recall: [0.93391607 0.89357389] 
 f1: [0.93022646 0.89869925] 
 f1_avg: 0.9172941710569305


Validation Epoch: 57 accuracy: 0.86 
 precision: [0.92342838 0.72647964] 
 recall: [0.8722129  0.82434006] 
 f1: [0.89709025 0.77232224] 
 f1_avg: 0.8607016416561736

--- 280.47390031814575 seconds ---

Train Epoch: 58 accuracy: 0.92 
 precision: [0.92731158 0.90403365] 
 recall: [0.93394426 0.89473613] 
 f1: [0.93061611 0.89936086] 
 f1_avg: 0.9177953732404415


Validation Epoch: 58 accuracy: 0.86 
 precision: [0.92325896 0.72758443] 
 recall: [0.87301207 0.82375776] 
 f1: [0.89743274 0.77269003] 
 f1_avg: 0.861051508143089

--- 285.1854510307312 seconds ---

Train Epoch: 59 accuracy: 0.92 
 precision: [0.92733293 0.90473522] 
 recall: [0.93448   0.8947091] 
 f1: [0.93089275 0.89969423] 
 f1_avg: 0.9180952858135414


Validation Epoch: 59 accuracy: 0.86 
 precision: [0.92353937 0.72570453] 
 recall: [0.87165348 0.82472826] 
 f1: [0.89684661 0.77205415] 
 f1_avg: 0.8604508660766701

--- 289.9334604740143 seconds ---

Train Epoch: 60 accuracy: 0.92 
 precision: [0.92798115 0.90292571] 
 recall: [0.93301377 0.89588486] 
 f1: [0.93049066 0.89939151] 
 f1_avg: 0.9177339536271861


Validation Epoch: 60 accuracy: 0.85 
 precision: [0.92804316 0.7007453 ] 
 recall: [0.85239351 0.83947981] 
 f1: [0.88861118 0.76386436] 
 f1_avg: 0.85222875058272

--- 294.64330196380615 seconds ---

Train Epoch: 61 accuracy: 0.92 
 precision: [0.92623576 0.90595947] 
 recall: [0.93554208 0.89287114] 
 f1: [0.93086566 0.89936769] 
 f1_avg: 0.9179453646632236


Validation Epoch: 61 accuracy: 0.84 
 precision: [0.93010848 0.68016825] 
 recall: [0.83593063 0.84743789] 
 f1: [0.88050844 0.75464523] 
 f1_avg: 0.8438004155364806

--- 299.3157494068146 seconds ---

Train Epoch: 62 accuracy: 0.92 
 precision: [0.92690331 0.90612072] 
 recall: [0.93558908 0.89391175] 
 f1: [0.93122594 0.89997483] 
 f1_avg: 0.9184069034930687


Validation Epoch: 62 accuracy: 0.84 
 precision: [0.93258729 0.67729022] 
 recall: [0.83249421 0.85384317] 
 f1: [0.87970274 0.75538765] 
 f1_avg: 0.8434462259182653

--- 304.02450823783875 seconds ---

Train Epoch: 63 accuracy: 0.92 
 precision: [0.92851476 0.90562328] 
 recall: [0.93502514 0.89649301] 
 f1: [0.93175858 0.90103502] 
 f1_avg: 0.919155940524055


Validation Epoch: 63 accuracy: 0.84 
 precision: [0.93390882 0.67496944] 
 recall: [0.83001678 0.85733696] 
 f1: [0.87890327 0.75530096] 
 f1_avg: 0.8428546398457953

Early stopping!

Test Epoch: accuracy: 0.88 
 precision: [0.87502107 0.90049161] 
 recall: [0.94649043 0.78175129] 
 f1: [0.90935365 0.83693083] 
 f1_avg: 0.8816523826196855

--- 309.3014404773712 seconds ---

Test Epoch: accuracy: 0.87 
 precision: [0.90345369 0.79634518] 
 recall: [0.91984336 0.76125776] 
 f1: [0.91157486 0.77840627] 
 f1_avg: 0.8727362221883546

--- 309.45514488220215 seconds ---
