Requirement already satisfied: scikit-learn in /net/cephfs/data/zifjia/condaenvs/audio_clf/lib/python3.8/site-packages (1.1.2)
Requirement already satisfied: joblib>=1.0.0 in /net/cephfs/data/zifjia/condaenvs/audio_clf/lib/python3.8/site-packages (from scikit-learn) (1.1.0)
Requirement already satisfied: numpy>=1.17.3 in /net/cephfs/data/zifjia/condaenvs/audio_clf/lib/python3.8/site-packages (from scikit-learn) (1.22.3)
Requirement already satisfied: threadpoolctl>=2.0.0 in /net/cephfs/data/zifjia/condaenvs/audio_clf/lib/python3.8/site-packages (from scikit-learn) (3.1.0)
Requirement already satisfied: scipy>=1.3.2 in /net/cephfs/data/zifjia/condaenvs/audio_clf/lib/python3.8/site-packages (from scikit-learn) (1.9.1)
Requirement already satisfied: tensorboard in /net/cephfs/data/zifjia/condaenvs/audio_clf/lib/python3.8/site-packages (2.10.1)
Requirement already satisfied: grpcio>=1.24.3 in /net/cephfs/home/zifjia/.local/lib/python3.8/site-packages (from tensorboard) (1.47.0)
Requirement already satisfied: requests<3,>=2.21.0 in /net/cephfs/data/zifjia/condaenvs/audio_clf/lib/python3.8/site-packages (from tensorboard) (2.28.1)
Requirement already satisfied: wheel>=0.26 in /net/cephfs/data/zifjia/condaenvs/audio_clf/lib/python3.8/site-packages (from tensorboard) (0.37.1)
Requirement already satisfied: werkzeug>=1.0.1 in /net/cephfs/data/zifjia/condaenvs/audio_clf/lib/python3.8/site-packages (from tensorboard) (2.1.2)
Requirement already satisfied: tensorboard-plugin-wit>=1.6.0 in /net/cephfs/home/zifjia/.local/lib/python3.8/site-packages (from tensorboard) (1.8.1)
Requirement already satisfied: numpy>=1.12.0 in /net/cephfs/data/zifjia/condaenvs/audio_clf/lib/python3.8/site-packages (from tensorboard) (1.22.3)
Requirement already satisfied: absl-py>=0.4 in /net/cephfs/home/zifjia/.local/lib/python3.8/site-packages (from tensorboard) (1.2.0)
Requirement already satisfied: setuptools>=41.0.0 in /net/cephfs/data/zifjia/condaenvs/audio_clf/lib/python3.8/site-packages (from tensorboard) (60.8.1)
Requirement already satisfied: google-auth-oauthlib<0.5,>=0.4.1 in /net/cephfs/home/zifjia/.local/lib/python3.8/site-packages (from tensorboard) (0.4.6)
Requirement already satisfied: tensorboard-data-server<0.7.0,>=0.6.0 in /net/cephfs/home/zifjia/.local/lib/python3.8/site-packages (from tensorboard) (0.6.1)
Requirement already satisfied: protobuf<3.20,>=3.9.2 in /net/cephfs/home/zifjia/.local/lib/python3.8/site-packages (from tensorboard) (3.19.4)
Requirement already satisfied: markdown>=2.6.8 in /net/cephfs/home/zifjia/.local/lib/python3.8/site-packages (from tensorboard) (3.4.1)
Requirement already satisfied: google-auth<3,>=1.6.3 in /net/cephfs/home/zifjia/.local/lib/python3.8/site-packages (from tensorboard) (2.9.1)
Requirement already satisfied: pyasn1-modules>=0.2.1 in /net/cephfs/home/zifjia/.local/lib/python3.8/site-packages (from google-auth<3,>=1.6.3->tensorboard) (0.2.8)
Requirement already satisfied: six>=1.9.0 in /net/cephfs/data/zifjia/condaenvs/audio_clf/lib/python3.8/site-packages (from google-auth<3,>=1.6.3->tensorboard) (1.16.0)
Requirement already satisfied: rsa<5,>=3.1.4 in /net/cephfs/home/zifjia/.local/lib/python3.8/site-packages (from google-auth<3,>=1.6.3->tensorboard) (4.9)
Requirement already satisfied: cachetools<6.0,>=2.0.0 in /net/cephfs/home/zifjia/.local/lib/python3.8/site-packages (from google-auth<3,>=1.6.3->tensorboard) (5.2.0)
Requirement already satisfied: requests-oauthlib>=0.7.0 in /net/cephfs/home/zifjia/.local/lib/python3.8/site-packages (from google-auth-oauthlib<0.5,>=0.4.1->tensorboard) (1.3.1)
Requirement already satisfied: importlib-metadata>=4.4 in /net/cephfs/home/zifjia/.local/lib/python3.8/site-packages (from markdown>=2.6.8->tensorboard) (4.12.0)
Requirement already satisfied: charset-normalizer<3,>=2 in /net/cephfs/data/zifjia/condaenvs/audio_clf/lib/python3.8/site-packages (from requests<3,>=2.21.0->tensorboard) (2.1.1)
Requirement already satisfied: idna<4,>=2.5 in /net/cephfs/data/zifjia/condaenvs/audio_clf/lib/python3.8/site-packages (from requests<3,>=2.21.0->tensorboard) (3.4)
Requirement already satisfied: urllib3<1.27,>=1.21.1 in /net/cephfs/data/zifjia/condaenvs/audio_clf/lib/python3.8/site-packages (from requests<3,>=2.21.0->tensorboard) (1.26.12)
Requirement already satisfied: certifi>=2017.4.17 in /net/cephfs/data/zifjia/condaenvs/audio_clf/lib/python3.8/site-packages (from requests<3,>=2.21.0->tensorboard) (2022.9.14)
Requirement already satisfied: zipp>=0.5 in /net/cephfs/data/zifjia/condaenvs/audio_clf/lib/python3.8/site-packages (from importlib-metadata>=4.4->markdown>=2.6.8->tensorboard) (3.8.0)
Requirement already satisfied: pyasn1<0.5.0,>=0.4.6 in /net/cephfs/home/zifjia/.local/lib/python3.8/site-packages (from pyasn1-modules>=0.2.1->google-auth<3,>=1.6.3->tensorboard) (0.4.8)
Requirement already satisfied: oauthlib>=3.0.0 in /net/cephfs/home/zifjia/.local/lib/python3.8/site-packages (from requests-oauthlib>=0.7.0->google-auth-oauthlib<0.5,>=0.4.1->tensorboard) (3.2.0)
Requirement already satisfied: torch in /net/cephfs/data/zifjia/condaenvs/audio_clf/lib/python3.8/site-packages (1.12.1)
Requirement already satisfied: torchvision in /net/cephfs/data/zifjia/condaenvs/audio_clf/lib/python3.8/site-packages (0.13.1)
Requirement already satisfied: torchaudio in /net/cephfs/data/zifjia/condaenvs/audio_clf/lib/python3.8/site-packages (0.12.1)
Requirement already satisfied: typing-extensions in /net/cephfs/data/zifjia/condaenvs/audio_clf/lib/python3.8/site-packages (from torch) (4.0.1)
Requirement already satisfied: requests in /net/cephfs/data/zifjia/condaenvs/audio_clf/lib/python3.8/site-packages (from torchvision) (2.28.1)
Requirement already satisfied: pillow!=8.3.*,>=5.3.0 in /net/cephfs/data/zifjia/condaenvs/audio_clf/lib/python3.8/site-packages (from torchvision) (9.0.1)
Requirement already satisfied: numpy in /net/cephfs/data/zifjia/condaenvs/audio_clf/lib/python3.8/site-packages (from torchvision) (1.22.3)
Requirement already satisfied: urllib3<1.27,>=1.21.1 in /net/cephfs/data/zifjia/condaenvs/audio_clf/lib/python3.8/site-packages (from requests->torchvision) (1.26.12)
Requirement already satisfied: charset-normalizer<3,>=2 in /net/cephfs/data/zifjia/condaenvs/audio_clf/lib/python3.8/site-packages (from requests->torchvision) (2.1.1)
Requirement already satisfied: idna<4,>=2.5 in /net/cephfs/data/zifjia/condaenvs/audio_clf/lib/python3.8/site-packages (from requests->torchvision) (3.4)
Requirement already satisfied: certifi>=2017.4.17 in /net/cephfs/data/zifjia/condaenvs/audio_clf/lib/python3.8/site-packages (from requests->torchvision) (2022.9.14)
{'name': 'chimp_waveform_lstm_3407', 'data_path': '/home/cluster/zifjia/data/data_chimp/waveform_split_3407', 'test_only': False, 'balance_weights': True, 'model_type': 'lstm', 'n_embedding': 320, 'd_hid': 1024, 'nlayers': 2, 'batch_size': 1, 'n_epoch': 200, 'lr': 0.0001, 'dropout': 0.4, 'patience': 10, 'step_factor': 0.7, 'seed': 3407}
cuda
Reading data ...
train, dev, test number of files: 188, 23, 24.
dev files:  ['ASO4445 KT MS group ph drum traveling, 2_20 KT whimper, MS single ph drum, KT bark_01', 'ASO0481 Sonso KT single ph, KZ single ph feeding_02', 'ASO2186 ZL single ph start_01', 'ASO0662 Sonso KT single ph feeding_01', 'ASO2904 PS single ph_01', 'ASO1433 Sonso FK single ph, inf voc_01', 'ASO4255 PS display drum, SM single ph B-U_01', 'ASO2877 FK single ph, KO pg-whimper, unk MB group ph_01', 'ASO1581 HW single ph drum, MS NB unk group ph other party, HW single ph B-U, KT HW group ph_01', 'ASO3737 HW single ph drum resting-traveling, 1_15 JN single ph feeding, HW single ph_01', 'ASO3150 KT single ph_01', 'ASO3574 KT single ph feeding_01', 'ASO3484 Thermal Camera HW ZL groom, 3_40 HW single ph, 4_10 FK single ph 50m, 15_30 HW ZL KT group ph, 16_50 HW ZL group ph _01', 'ASO0107 Sonso Thermal Camera KZ single ph 2_50 with reply ZD, KZ SQ group ph 3_34_01', 'ASO1051 Sonso ZD single ph_01', 'ASO3015 PS single ph feeding_01', 'ASO4271 SM PS IN group ph drum, 1_50 SM PS group ph drum, 4_00 PS group ph, 6_40 FK MB PS KT unk group ph, 9_00 SM display drum, 11_00 PS single ph feeding, FK single ph feeding, 17_05 unk single ph_01', 'ASO1487 ZL single ph start, DL unk group ph, PS single ph start_01', 'ASO1231 Sonso KZ single ph drum traveling_01', 'ASO3870 FK scream, MS FK group ph drum, FK MS group fg, FK MS group ph drum, MS FK fg, MS single ph intro, FK MS group ph. FK fg, 3_19 MS FK group ph feeding, 4_24 FK single ph_01', 'ASO1731 ZL single ph, unk fg, JN stranger F MB group ph_01', 'ASO0412 Sonso PS single ph, SQ single ph, PS single ph 1_25_01', 'ASO1265 Sonso HW single ph start_01']
test files:  ['ASO2103 DL single ph, KL KO group ph, DL single ph, KT single ph, KT DL MS group ph_01', 'ASO3799 KT single ph_01', 'ASO3006 ZL single ph drum traveling_01', 'ASO2392 group ph, 1_30 pg to ph, 1_45 NB group ph, 2_30 SM PS MB group ph, MB fg, 3_40 PS unk group ph, SM single ph, unk display to DL, 5_46 DL single ph intro_01', 'ASO0376 Sonso MS single ph _01', 'ASO3995 PS MB group ph feeding, 1_40 PS single ph feeding, MB fg, 2_50 ML MB group ph-bark_01', 'ASO1920 SM single ph feeding_01', 'ASO3819 KT single ph feeding_01', 'ASO3149 KT single ph rest_01', 'ASO1577 HW single ph_01', 'ASO4443 MS single ph display drum to KT, 1_30 MS display (ph), KT single ph_01', 'ASO3080 HW single ph drum traveling, 2_00 HW single ph drum traveling-resting, 5_20 HW single ph drum traveling-resting_03', 'ASO2585 MS single ph drum_01', 'ASO2544 HW single ph drum traveling_01', 'ASO3174 PS single ph feeding_01', 'ASO1624_02 HW single ph_01', 'ASO3856 MS single ph feeding_01', 'ASO3152 KT single ph resting_01', 'ASO3512 PS single ph_01', 'ASO0020 Sonso SQ single ph, PS single ph other party 2_01', 'ASO0480 Sonso KZ KT group ph, KZ KT group ph, KT single ph feeding_01', 'ASO3901 Thermal Camera MS KT HW groom, 4_30 unk pg 30m, 7_00 rest hoo, 10_25 HW single ph groom, 12_50 JS single ph drum 50m, HW single ph B-U, 20_15 KT HW group ph_01', 'ASO2125 KL OK KC JS group ph, FK single ph, OK KL KC KO group ph, PS single ph, PS single ph feeding_02', 'ASO3885 unk KJ group ph-pg, group ph,KC pg-ph start, KC scream, KL pg pant to HW, 1_30 infant single ph, group ph, group ph (video), 4_00 group bark, 4_20 KT single ph feeding, 5_30 unk group ph, KC single ph, 6_40 unk group pg-ph start, ,,,_01']
train_data_all: (80197, 321)
Labels in train_data_all:  {0.0: 650, 1.0: 39659, 2.0: 17778, 3.0: 15670, 4.0: 6440}
--- 0.5202984809875488 seconds ---
LSTM(
  (lstm): LSTM(320, 1024, num_layers=2, dropout=0.4, bidirectional=True)
  (hidden2tag): Linear(in_features=2048, out_features=5, bias=True)
)
Number of parameters: 36218885

Train Epoch: 1 accuracy: 0.19 
 precision: [0.0079857  0.48074807 0.23180932 0.21598087 0.07983219] 
 recall: [0.22       0.16528405 0.20733491 0.22476069 0.20388199] 
 f1: [0.01541197 0.24599392 0.21889011 0.22028333 0.11473762] 
 f1_avg: 0.2225528274484293


Validation Epoch: 1 accuracy: 0.19 
 precision: [0.02635914 0.49787686 0.22413793 0.21246356 0.08558559] 
 recall: [0.15686275 0.10023509 0.26881103 0.32863585 0.20493066] 
 f1: [0.04513399 0.16687422 0.24445025 0.2580788  0.12074444] 
 f1_avg: 0.1919770785548514

New best val score, save model ...
--- 7.174553155899048 seconds ---

Train Epoch: 2 accuracy: 0.15 
 precision: [0.007819   0.48607297 0.22726224 0.20850396 0.07895631] 
 recall: [0.33230769 0.12496533 0.16627292 0.19495852 0.18043478] 
 f1: [0.01527851 0.19881657 0.19204158 0.20150386 0.10984544] 
 f1_avg: 0.18920760874033493


Validation Epoch: 2 accuracy: 0.15 
 precision: [0.02652934 0.45116279 0.22826087 0.2244     0.0777972 ] 
 recall: [0.27777778 0.06219278 0.2171166  0.3162345  0.13713405] 
 f1: [0.04843305 0.1093163  0.22254931 0.26251755 0.09927496] 
 f1_avg: 0.15782111931179696

--- 10.093578338623047 seconds ---

Train Epoch: 3 accuracy: 0.14 
 precision: [0.00862622 0.4933195  0.22422998 0.20185503 0.07636888] 
 recall: [0.41384615 0.09589248 0.15356058 0.18749202 0.17282609] 
 f1: [0.01690017 0.16057254 0.18228558 0.1944086  0.10592938] 
 f1_avg: 0.1664447856100717


Validation Epoch: 3 accuracy: 0.15 
 precision: [0.0252838  0.5130674  0.23448687 0.22364217 0.07805596] 
 recall: [0.32026144 0.07971789 0.22573234 0.27621195 0.0816641 ] 
 f1: [0.04686753 0.13799482 0.23002634 0.24716267 0.07981928] 
 f1_avg: 0.1695009704137705

--- 13.035794734954834 seconds ---

Train Epoch: 4 accuracy: 0.12 
 precision: [0.00835135 0.48958333 0.22087718 0.1951457  0.07680556] 
 recall: [0.43384615 0.08532742 0.13342333 0.17906828 0.17173913] 
 f1: [0.01638725 0.14532649 0.16635691 0.18676162 0.10614203] 
 f1_avg: 0.153893007010688


Validation Epoch: 4 accuracy: 0.16 
 precision: [0.0261998  0.53355336 0.24114671 0.24148769 0.07917059] 
 recall: [0.3496732  0.10365463 0.16427341 0.25986471 0.12942989] 
 f1: [0.04874715 0.17358626 0.19542193 0.2503394  0.09824561] 
 f1_avg: 0.18310414280919274

--- 16.068156719207764 seconds ---

Train Epoch: 5 accuracy: 0.11 
 precision: [0.00877747 0.48543124 0.22018607 0.19327541 0.07761633] 
 recall: [0.47076923 0.06301218 0.1317921  0.16324186 0.19658385] 
 f1: [0.01723361 0.11154507 0.16488969 0.1769936  0.11129181] 
 f1_avg: 0.13537396212170255


Validation Epoch: 5 accuracy: 0.16 
 precision: [0.02539829 0.48373984 0.20760234 0.26666667 0.07843137] 
 recall: [0.35947712 0.12716392 0.2039058  0.18263811 0.08012327] 
 f1: [0.04744447 0.20138771 0.20573747 0.21679491 0.07926829] 
 f1_avg: 0.19139133794786894

--- 19.096514225006104 seconds ---

Train Epoch: 6 accuracy: 0.11 
 precision: [0.00855103 0.49317817 0.22455269 0.19193068 0.08008766] 
 recall: [0.47538462 0.06197837 0.14754191 0.13994895 0.19860248] 
 f1: [0.01679987 0.11011805 0.17807801 0.16186891 0.11414547] 
 f1_avg: 0.13486221466218795


Validation Epoch: 6 accuracy: 0.23 
 precision: [0.02667259 0.5739645  0.2252894  0.34285714 0.01901141] 
 recall: [0.39215686 0.33169481 0.14531878 0.10822999 0.00770416] 
 f1: [0.04994797 0.4204253  0.17667598 0.16452442 0.01096491] 
 f1_avg: 0.28298497029815256

New best val score, save model ...
--- 22.475627660751343 seconds ---

Train Epoch: 7 accuracy: 0.12 
 precision: [0.00840449 0.50301122 0.21801541 0.19290587 0.07895474] 
 recall: [0.48153846 0.09266497 0.12729216 0.13535418 0.175     ] 
 f1: [0.01652064 0.15649952 0.16073585 0.15908494 0.10881529] 
 f1_avg: 0.15298011599568428


Validation Epoch: 7 accuracy: 0.22 
 precision: [0.0318853  0.50331345 0.18421053 0.40740741 0.12851406] 
 recall: [0.4869281  0.32464202 0.09649627 0.06820744 0.04930663] 
 f1: [0.05985138 0.39469923 0.12664908 0.11685176 0.07126949] 
 f1_avg: 0.25567353816883465

--- 25.487592935562134 seconds ---

Train Epoch: 8 accuracy: 0.13 
 precision: [0.00788551 0.49662839 0.2164318  0.19577045 0.08149133] 
 recall: [0.45692308 0.13742152 0.09157386 0.12169751 0.18090062] 
 f1: [0.01550347 0.21527462 0.12869565 0.15009248 0.11236497] 
 f1_avg: 0.1734626532420995


Validation Epoch: 8 accuracy: 0.23 
 precision: [0.02939297 0.4965616  0.1982906  0.28965517 0.01123596] 
 recall: [0.45098039 0.37037829 0.06662837 0.04735062 0.00154083] 
 f1: [0.05518896 0.42428694 0.09974205 0.08139535 0.00271003] 
 f1_avg: 0.25379073850610984

--- 28.45437216758728 seconds ---

Train Epoch: 9 accuracy: 0.12 
 precision: [0.00802776 0.46247902 0.21424309 0.18879085 0.07916408] 
 recall: [0.47692308 0.09727931 0.12116099 0.12425016 0.15822981] 
 f1: [0.01578974 0.16074665 0.15478586 0.14986722 0.10553024] 
 f1_avg: 0.15169061000549663


Validation Epoch: 9 accuracy: 0.20 
 precision: [0.02288806 0.49673629 0.1189146  0.78571429 0.16666667] 
 recall: [0.35947712 0.32528318 0.085583   0.00620068 0.00308166] 
 f1: [0.04303599 0.39312928 0.0995324  0.01230425 0.00605144] 
 f1_avg: 0.22424985621436377

--- 31.439998865127563 seconds ---

Train Epoch: 10 accuracy: 0.11 
 precision: [0.00797804 0.49088729 0.22291496 0.19064798 0.08361465] 
 recall: [0.47846154 0.05161502 0.22927213 0.08768347 0.15      ] 
 f1: [0.01569439 0.09340847 0.22604886 0.12012065 0.10737509] 
 f1_avg: 0.12852314578495602


Validation Epoch: 10 accuracy: 0.18 
 precision: [0.02504072 0.49449378 0.10828877 0.11673152 0.05625   ] 
 recall: [0.40196078 0.29749947 0.04652499 0.03382187 0.01386749] 
 f1: [0.0471445  0.3714972  0.06508638 0.05244755 0.02224969] 
 f1_avg: 0.21570215328928047

--- 34.47016263008118 seconds ---

Train Epoch: 11 accuracy: 0.12 
 precision: [0.0081243  0.48505662 0.22080381 0.19945265 0.07923077] 
 recall: [0.49230769 0.06588668 0.22960963 0.11627313 0.09596273] 
 f1: [0.01598481 0.11601474 0.22512064 0.14690587 0.08679775] 
 f1_avg: 0.14308023866257044


Validation Epoch: 11 accuracy: 0.14 
 precision: [0.03607214 0.47305076 0.18965517 0.12265758 0.07782101] 
 recall: [0.70588235 0.19320368 0.04422746 0.04058625 0.03081664] 
 f1: [0.0686368  0.27435508 0.07172799 0.06099111 0.04415011] 
 f1_avg: 0.1712143811484112

--- 37.494011878967285 seconds ---

Train Epoch: 12 accuracy: 0.15 
 precision: [0.00788771 0.47172859 0.18771066 0.18854559 0.08599558] 
 recall: [0.48153846 0.20615749 0.12217347 0.07983408 0.06645963] 
 f1: [0.01552117 0.2869225  0.14801186 0.11217216 0.07497591] 
 f1_avg: 0.20276426125513558


Validation Epoch: 12 accuracy: 0.09 
 precision: [0.03710625 0.38477654 0.15555556 1.         1.        ] 
 recall: [0.90849673 0.11776021 0.02010339 0.         0.        ] 
 f1: [0.07130033 0.18033055 0.03560529 0.         0.        ] 
 f1_avg: 0.10138521828559578

--- 40.52328824996948 seconds ---

Train Epoch: 13 accuracy: 0.15 
 precision: [0.00822603 0.49270746 0.22538129 0.19722355 0.07349156] 
 recall: [0.50615385 0.14821352 0.28760265 0.02629228 0.03990683] 
 f1: [0.01618895 0.22787804 0.25271847 0.04639901 0.05172587] 
 f1_avg: 0.18206359124682694


Validation Epoch: 13 accuracy: 0.06 
 precision: [0.0342433  0.29109159 1.         1.         1.        ] 
 recall: [0.93464052 0.04958324 0.         0.         0.        ] 
 f1: [0.06606607 0.08473338 0.         0.         0.        ] 
 f1_avg: 0.04554418086542407

--- 43.54338479042053 seconds ---

Train Epoch: 14 accuracy: 0.20 
 precision: [0.0080911  0.51530479 0.23085183 0.16309606 0.08712542] 
 recall: [0.49846154 0.29799037 0.18140398 0.01506063 0.02437888] 
 f1: [0.01592372 0.37761411 0.2031624  0.02757493 0.03809755] 
 f1_avg: 0.24035084770141665


Validation Epoch: 14 accuracy: 0.08 
 precision: [0.02395288 0.39297548 1.         1.         1.        ] 
 recall: [0.59803922 0.12673648 0.         0.         0.        ] 
 f1: [0.04606091 0.19166128 0.         0.         0.        ] 
 f1_avg: 0.09956036369527278

--- 46.57838010787964 seconds ---

Train Epoch: 15 accuracy: 0.22 
 precision: [0.00807135 0.49382716 0.21980168 0.1778607  0.06666667] 
 recall: [0.49846154 0.38326735 0.08229272 0.00912572 0.01878882] 
 f1: [0.01588547 0.4315791  0.11975117 0.01736069 0.02931557] 
 f1_avg: 0.24584574788838787


Validation Epoch: 15 accuracy: 0.04 
 precision: [0.03365703 0.2183908  1.         1.         1.        ] 
 recall: [0.99673203 0.0040607  0.         0.         0.        ] 
 f1: [0.06511529 0.00797314 0.         0.         0.        ] 
 f1_avg: 0.006255504873880221

--- 49.578360080718994 seconds ---

Train Epoch: 16 accuracy: 0.19 
 precision: [0.00779502 0.49349743 0.30678995 0.17734919 0.06265158] 
 recall: [0.48769231 0.28513074 0.12504219 0.07804722 0.02406832] 
 f1: [0.01534477 0.36143385 0.17766944 0.10839316 0.03477676] 
 f1_avg: 0.24221815428481133


Validation Epoch: 16 accuracy: 0.04 
 precision: [0.03365966 0.25862069 1.         1.         1.        ] 
 recall: [1.         0.00320581 0.         0.         0.        ] 
 f1: [0.06512717 0.00633312 0.         0.         0.        ] 
 f1_avg: 0.005417159514015681

--- 52.617443561553955 seconds ---

Train Epoch: 17 accuracy: 0.19 
 precision: [0.00816784 0.50116764 0.24350877 0.19961658 0.06109325] 
 recall: [0.56       0.33008901 0.03903701 0.0531589  0.02360248] 
 f1: [0.01610085 0.39802372 0.06728718 0.08395908 0.03405018] 
 f1_avg: 0.2310166406660091


Validation Epoch: 17 accuracy: 0.03 
 precision: [0.03344628 1.         1.         1.         1.        ] 
 recall: [1. 0. 0. 0. 0.] 
 f1: [0.06472766 0.         0.         0.         0.        ] 
 f1_avg: 0.0021648992393917513

--- 55.62160062789917 seconds ---

Train Epoch: 18 accuracy: 0.18 
 precision: [0.00820697 0.49067916 1.         1.         1.        ] 
 recall: [0.64615385 0.35906099 0.         0.         0.        ] 
 f1: [0.01620808 0.41467676 0.         0.         0.        ] 
 f1_avg: 0.20519721371818508


Validation Epoch: 18 accuracy: 0.03 
 precision: [0.03344628 1.         1.         1.         1.        ] 
 recall: [1. 0. 0. 0. 0.] 
 f1: [0.06472766 0.         0.         0.         0.        ] 
 f1_avg: 0.0021648992393917513

--- 58.65117835998535 seconds ---

Train Epoch: 19 accuracy: 0.13 
 precision: [0.00715223 0.47292419 1.         1.         1.        ] 
 recall: [0.65384615 0.24773696 0.         0.         0.        ] 
 f1: [0.01414969 0.3251481  0.         0.         0.        ] 
 f1_avg: 0.1609068370855505


Validation Epoch: 19 accuracy: 0.03 
 precision: [0.03344628 1.         1.         1.         1.        ] 
 recall: [1. 0. 0. 0. 0.] 
 f1: [0.06472766 0.         0.         0.         0.        ] 
 f1_avg: 0.0021648992393917513

--- 61.65264844894409 seconds ---

Train Epoch: 20 accuracy: 0.10 
 precision: [0.00867239 0.50339643 1.         1.         1.        ] 
 recall: [0.86769231 0.19246577 0.         0.         0.        ] 
 f1: [0.01717313 0.27846485 0.         0.         0.        ] 
 f1_avg: 0.13784555553300604


Validation Epoch: 20 accuracy: 0.03 
 precision: [0.03344628 1.         1.         1.         1.        ] 
 recall: [1. 0. 0. 0. 0.] 
 f1: [0.06472766 0.         0.         0.         0.        ] 
 f1_avg: 0.0021648992393917513

--- 64.63593196868896 seconds ---

Train Epoch: 21 accuracy: 0.05 
 precision: [0.008746   0.50353357 1.         1.         1.        ] 
 recall: [0.98769231 0.08623515 0.         0.         0.        ] 
 f1: [0.01733846 0.14725194 0.         0.         0.        ] 
 f1_avg: 0.07295952224892749


Validation Epoch: 21 accuracy: 0.03 
 precision: [0.03344628 1.         1.         1.         1.        ] 
 recall: [1. 0. 0. 0. 0.] 
 f1: [0.06472766 0.         0.         0.         0.        ] 
 f1_avg: 0.0021648992393917513

--- 67.61266112327576 seconds ---

Train Epoch: 22 accuracy: 0.02 
 precision: [0.00814001 0.38588684 1.         1.         1.        ] 
 recall: [0.98461538 0.01530548 0.         0.         0.        ] 
 f1: [0.01614653 0.02944315 0.         0.         0.        ] 
 f1_avg: 0.014691087795016374


Validation Epoch: 22 accuracy: 0.03 
 precision: [0.03344628 1.         1.         1.         1.        ] 
 recall: [1. 0. 0. 0. 0.] 
 f1: [0.06472766 0.         0.         0.         0.        ] 
 f1_avg: 0.0021648992393917513

--- 70.60442876815796 seconds ---

Train Epoch: 23 accuracy: 0.01 
 precision: [0.00810504 1.         1.         1.         1.        ] 
 recall: [1. 0. 0. 0. 0.] 
 f1: [0.01607976 0.         0.         0.         0.        ] 
 f1_avg: 0.0001303270837065575


Validation Epoch: 23 accuracy: 0.03 
 precision: [0.03344628 1.         1.         1.         1.        ] 
 recall: [1. 0. 0. 0. 0.] 
 f1: [0.06472766 0.         0.         0.         0.        ] 
 f1_avg: 0.0021648992393917513

--- 73.58313965797424 seconds ---

Train Epoch: 24 accuracy: 0.01 
 precision: [0.00810504 1.         1.         1.         1.        ] 
 recall: [1. 0. 0. 0. 0.] 
 f1: [0.01607976 0.         0.         0.         0.        ] 
 f1_avg: 0.0001303270837065575


Validation Epoch: 24 accuracy: 0.03 
 precision: [0.03344628 1.         1.         1.         1.        ] 
 recall: [1. 0. 0. 0. 0.] 
 f1: [0.06472766 0.         0.         0.         0.        ] 
 f1_avg: 0.0021648992393917513

--- 76.5605137348175 seconds ---

Train Epoch: 25 accuracy: 0.01 
 precision: [0.00810504 1.         1.         1.         1.        ] 
 recall: [1. 0. 0. 0. 0.] 
 f1: [0.01607976 0.         0.         0.         0.        ] 
 f1_avg: 0.0001303270837065575


Validation Epoch: 25 accuracy: 0.03 
 precision: [0.03344628 1.         1.         1.         1.        ] 
 recall: [1. 0. 0. 0. 0.] 
 f1: [0.06472766 0.         0.         0.         0.        ] 
 f1_avg: 0.0021648992393917513

--- 79.53302836418152 seconds ---

Train Epoch: 26 accuracy: 0.01 
 precision: [0.00810504 1.         1.         1.         1.        ] 
 recall: [1. 0. 0. 0. 0.] 
 f1: [0.01607976 0.         0.         0.         0.        ] 
 f1_avg: 0.0001303270837065575


Validation Epoch: 26 accuracy: 0.03 
 precision: [0.03344628 1.         1.         1.         1.        ] 
 recall: [1. 0. 0. 0. 0.] 
 f1: [0.06472766 0.         0.         0.         0.        ] 
 f1_avg: 0.0021648992393917513

--- 82.5599455833435 seconds ---

Train Epoch: 27 accuracy: 0.01 
 precision: [0.00810504 1.         1.         1.         1.        ] 
 recall: [1. 0. 0. 0. 0.] 
 f1: [0.01607976 0.         0.         0.         0.        ] 
 f1_avg: 0.0001303270837065575


Validation Epoch: 27 accuracy: 0.03 
 precision: [0.03344628 1.         1.         1.         1.        ] 
 recall: [1. 0. 0. 0. 0.] 
 f1: [0.06472766 0.         0.         0.         0.        ] 
 f1_avg: 0.0021648992393917513

--- 85.52384662628174 seconds ---

Train Epoch: 28 accuracy: 0.01 
 precision: [0.00810504 1.         1.         1.         1.        ] 
 recall: [1. 0. 0. 0. 0.] 
 f1: [0.01607976 0.         0.         0.         0.        ] 
 f1_avg: 0.0001303270837065575


Validation Epoch: 28 accuracy: 0.03 
 precision: [0.03344628 1.         1.         1.         1.        ] 
 recall: [1. 0. 0. 0. 0.] 
 f1: [0.06472766 0.         0.         0.         0.        ] 
 f1_avg: 0.0021648992393917513

--- 88.51294493675232 seconds ---

Train Epoch: 29 accuracy: 0.01 
 precision: [0.00810504 1.         1.         1.         1.        ] 
 recall: [1. 0. 0. 0. 0.] 
 f1: [0.01607976 0.         0.         0.         0.        ] 
 f1_avg: 0.0001303270837065575


Validation Epoch: 29 accuracy: 0.03 
 precision: [0.03344628 1.         1.         1.         1.        ] 
 recall: [1. 0. 0. 0. 0.] 
 f1: [0.06472766 0.         0.         0.         0.        ] 
 f1_avg: 0.0021648992393917513

--- 91.48525142669678 seconds ---

Train Epoch: 30 accuracy: 0.01 
 precision: [0.00810504 1.         1.         1.         1.        ] 
 recall: [1. 0. 0. 0. 0.] 
 f1: [0.01607976 0.         0.         0.         0.        ] 
 f1_avg: 0.0001303270837065575


Validation Epoch: 30 accuracy: 0.03 
 precision: [0.03344628 1.         1.         1.         1.        ] 
 recall: [1. 0. 0. 0. 0.] 
 f1: [0.06472766 0.         0.         0.         0.        ] 
 f1_avg: 0.0021648992393917513

--- 94.48866248130798 seconds ---

Train Epoch: 31 accuracy: 0.01 
 precision: [0.00810504 1.         1.         1.         1.        ] 
 recall: [1. 0. 0. 0. 0.] 
 f1: [0.01607976 0.         0.         0.         0.        ] 
 f1_avg: 0.0001303270837065575


Validation Epoch: 31 accuracy: 0.03 
 precision: [0.03344628 1.         1.         1.         1.        ] 
 recall: [1. 0. 0. 0. 0.] 
 f1: [0.06472766 0.         0.         0.         0.        ] 
 f1_avg: 0.0021648992393917513

--- 97.46668672561646 seconds ---

Train Epoch: 32 accuracy: 0.01 
 precision: [0.00810504 1.         1.         1.         1.        ] 
 recall: [1. 0. 0. 0. 0.] 
 f1: [0.01607976 0.         0.         0.         0.        ] 
 f1_avg: 0.0001303270837065575


Validation Epoch: 32 accuracy: 0.03 
 precision: [0.03344628 1.         1.         1.         1.        ] 
 recall: [1. 0. 0. 0. 0.] 
 f1: [0.06472766 0.         0.         0.         0.        ] 
 f1_avg: 0.0021648992393917513

--- 100.45779657363892 seconds ---

Train Epoch: 33 accuracy: 0.01 
 precision: [0.00810504 1.         1.         1.         1.        ] 
 recall: [1. 0. 0. 0. 0.] 
 f1: [0.01607976 0.         0.         0.         0.        ] 
 f1_avg: 0.0001303270837065575


Validation Epoch: 33 accuracy: 0.03 
 precision: [0.03344628 1.         1.         1.         1.        ] 
 recall: [1. 0. 0. 0. 0.] 
 f1: [0.06472766 0.         0.         0.         0.        ] 
 f1_avg: 0.0021648992393917513

--- 103.43560528755188 seconds ---

Train Epoch: 34 accuracy: 0.01 
 precision: [0.00810504 1.         1.         1.         1.        ] 
 recall: [1. 0. 0. 0. 0.] 
 f1: [0.01607976 0.         0.         0.         0.        ] 
 f1_avg: 0.0001303270837065575


Validation Epoch: 34 accuracy: 0.03 
 precision: [0.03344628 1.         1.         1.         1.        ] 
 recall: [1. 0. 0. 0. 0.] 
 f1: [0.06472766 0.         0.         0.         0.        ] 
 f1_avg: 0.0021648992393917513

--- 106.7198395729065 seconds ---

Train Epoch: 35 accuracy: 0.01 
 precision: [0.00810504 1.         1.         1.         1.        ] 
 recall: [1. 0. 0. 0. 0.] 
 f1: [0.01607976 0.         0.         0.         0.        ] 
 f1_avg: 0.0001303270837065575


Validation Epoch: 35 accuracy: 0.03 
 precision: [0.03344628 1.         1.         1.         1.        ] 
 recall: [1. 0. 0. 0. 0.] 
 f1: [0.06472766 0.         0.         0.         0.        ] 
 f1_avg: 0.0021648992393917513

--- 109.73168134689331 seconds ---

Train Epoch: 36 accuracy: 0.01 
 precision: [0.00810504 1.         1.         1.         1.        ] 
 recall: [1. 0. 0. 0. 0.] 
 f1: [0.01607976 0.         0.         0.         0.        ] 
 f1_avg: 0.0001303270837065575


Validation Epoch: 36 accuracy: 0.03 
 precision: [0.03344628 1.         1.         1.         1.        ] 
 recall: [1. 0. 0. 0. 0.] 
 f1: [0.06472766 0.         0.         0.         0.        ] 
 f1_avg: 0.0021648992393917513

--- 112.70535564422607 seconds ---

Train Epoch: 37 accuracy: 0.01 
 precision: [0.00810504 1.         1.         1.         1.        ] 
 recall: [1. 0. 0. 0. 0.] 
 f1: [0.01607976 0.         0.         0.         0.        ] 
 f1_avg: 0.0001303270837065575


Validation Epoch: 37 accuracy: 0.03 
 precision: [0.03344628 1.         1.         1.         1.        ] 
 recall: [1. 0. 0. 0. 0.] 
 f1: [0.06472766 0.         0.         0.         0.        ] 
 f1_avg: 0.0021648992393917513

--- 115.68845295906067 seconds ---

Train Epoch: 38 accuracy: 0.01 
 precision: [0.00810504 1.         1.         1.         1.        ] 
 recall: [1. 0. 0. 0. 0.] 
 f1: [0.01607976 0.         0.         0.         0.        ] 
 f1_avg: 0.0001303270837065575


Validation Epoch: 38 accuracy: 0.03 
 precision: [0.03344628 1.         1.         1.         1.        ] 
 recall: [1. 0. 0. 0. 0.] 
 f1: [0.06472766 0.         0.         0.         0.        ] 
 f1_avg: 0.0021648992393917513

--- 118.66675567626953 seconds ---

Train Epoch: 39 accuracy: 0.01 
 precision: [0.00810504 1.         1.         1.         1.        ] 
 recall: [1. 0. 0. 0. 0.] 
 f1: [0.01607976 0.         0.         0.         0.        ] 
 f1_avg: 0.0001303270837065575


Validation Epoch: 39 accuracy: 0.03 
 precision: [0.03344628 1.         1.         1.         1.        ] 
 recall: [1. 0. 0. 0. 0.] 
 f1: [0.06472766 0.         0.         0.         0.        ] 
 f1_avg: 0.0021648992393917513

--- 121.68179297447205 seconds ---

Train Epoch: 40 accuracy: 0.01 
 precision: [0.00810504 1.         1.         1.         1.        ] 
 recall: [1. 0. 0. 0. 0.] 
 f1: [0.01607976 0.         0.         0.         0.        ] 
 f1_avg: 0.0001303270837065575


Validation Epoch: 40 accuracy: 0.03 
 precision: [0.03344628 1.         1.         1.         1.        ] 
 recall: [1. 0. 0. 0. 0.] 
 f1: [0.06472766 0.         0.         0.         0.        ] 
 f1_avg: 0.0021648992393917513

--- 124.67225790023804 seconds ---

Train Epoch: 41 accuracy: 0.01 
 precision: [0.00810504 1.         1.         1.         1.        ] 
 recall: [1. 0. 0. 0. 0.] 
 f1: [0.01607976 0.         0.         0.         0.        ] 
 f1_avg: 0.0001303270837065575


Validation Epoch: 41 accuracy: 0.03 
 precision: [0.03344628 1.         1.         1.         1.        ] 
 recall: [1. 0. 0. 0. 0.] 
 f1: [0.06472766 0.         0.         0.         0.        ] 
 f1_avg: 0.0021648992393917513

--- 127.7202250957489 seconds ---

Train Epoch: 42 accuracy: 0.01 
 precision: [0.00810504 1.         1.         1.         1.        ] 
 recall: [1. 0. 0. 0. 0.] 
 f1: [0.01607976 0.         0.         0.         0.        ] 
 f1_avg: 0.0001303270837065575


Validation Epoch: 42 accuracy: 0.03 
 precision: [0.03344628 1.         1.         1.         1.        ] 
 recall: [1. 0. 0. 0. 0.] 
 f1: [0.06472766 0.         0.         0.         0.        ] 
 f1_avg: 0.0021648992393917513

--- 130.7164375782013 seconds ---

Train Epoch: 43 accuracy: 0.01 
 precision: [0.00810504 1.         1.         1.         1.        ] 
 recall: [1. 0. 0. 0. 0.] 
 f1: [0.01607976 0.         0.         0.         0.        ] 
 f1_avg: 0.0001303270837065575


Validation Epoch: 43 accuracy: 0.03 
 precision: [0.03344628 1.         1.         1.         1.        ] 
 recall: [1. 0. 0. 0. 0.] 
 f1: [0.06472766 0.         0.         0.         0.        ] 
 f1_avg: 0.0021648992393917513

--- 133.71485304832458 seconds ---

Train Epoch: 44 accuracy: 0.01 
 precision: [0.00810504 1.         1.         1.         1.        ] 
 recall: [1. 0. 0. 0. 0.] 
 f1: [0.01607976 0.         0.         0.         0.        ] 
 f1_avg: 0.0001303270837065575


Validation Epoch: 44 accuracy: 0.03 
 precision: [0.03344628 1.         1.         1.         1.        ] 
 recall: [1. 0. 0. 0. 0.] 
 f1: [0.06472766 0.         0.         0.         0.        ] 
 f1_avg: 0.0021648992393917513

--- 136.67429208755493 seconds ---

Train Epoch: 45 accuracy: 0.01 
 precision: [0.00810504 1.         1.         1.         1.        ] 
 recall: [1. 0. 0. 0. 0.] 
 f1: [0.01607976 0.         0.         0.         0.        ] 
 f1_avg: 0.0001303270837065575


Validation Epoch: 45 accuracy: 0.03 
 precision: [0.03344628 1.         1.         1.         1.        ] 
 recall: [1. 0. 0. 0. 0.] 
 f1: [0.06472766 0.         0.         0.         0.        ] 
 f1_avg: 0.0021648992393917513

--- 139.64607048034668 seconds ---

Train Epoch: 46 accuracy: 0.01 
 precision: [0.00810504 1.         1.         1.         1.        ] 
 recall: [1. 0. 0. 0. 0.] 
 f1: [0.01607976 0.         0.         0.         0.        ] 
 f1_avg: 0.0001303270837065575


Validation Epoch: 46 accuracy: 0.03 
 precision: [0.03344628 1.         1.         1.         1.        ] 
 recall: [1. 0. 0. 0. 0.] 
 f1: [0.06472766 0.         0.         0.         0.        ] 
 f1_avg: 0.0021648992393917513

--- 142.63591408729553 seconds ---

Train Epoch: 47 accuracy: 0.01 
 precision: [0.00810504 1.         1.         1.         1.        ] 
 recall: [1. 0. 0. 0. 0.] 
 f1: [0.01607976 0.         0.         0.         0.        ] 
 f1_avg: 0.0001303270837065575


Validation Epoch: 47 accuracy: 0.03 
 precision: [0.03344628 1.         1.         1.         1.        ] 
 recall: [1. 0. 0. 0. 0.] 
 f1: [0.06472766 0.         0.         0.         0.        ] 
 f1_avg: 0.0021648992393917513

--- 145.5997531414032 seconds ---

Train Epoch: 48 accuracy: 0.01 
 precision: [0.00810504 1.         1.         1.         1.        ] 
 recall: [1. 0. 0. 0. 0.] 
 f1: [0.01607976 0.         0.         0.         0.        ] 
 f1_avg: 0.0001303270837065575


Validation Epoch: 48 accuracy: 0.03 
 precision: [0.03344628 1.         1.         1.         1.        ] 
 recall: [1. 0. 0. 0. 0.] 
 f1: [0.06472766 0.         0.         0.         0.        ] 
 f1_avg: 0.0021648992393917513

--- 148.58865189552307 seconds ---

Train Epoch: 49 accuracy: 0.01 
 precision: [0.00810504 1.         1.         1.         1.        ] 
 recall: [1. 0. 0. 0. 0.] 
 f1: [0.01607976 0.         0.         0.         0.        ] 
 f1_avg: 0.0001303270837065575


Validation Epoch: 49 accuracy: 0.03 
 precision: [0.03344628 1.         1.         1.         1.        ] 
 recall: [1. 0. 0. 0. 0.] 
 f1: [0.06472766 0.         0.         0.         0.        ] 
 f1_avg: 0.0021648992393917513

--- 151.58309030532837 seconds ---

Train Epoch: 50 accuracy: 0.01 
 precision: [0.00810504 1.         1.         1.         1.        ] 
 recall: [1. 0. 0. 0. 0.] 
 f1: [0.01607976 0.         0.         0.         0.        ] 
 f1_avg: 0.0001303270837065575


Validation Epoch: 50 accuracy: 0.03 
 precision: [0.03344628 1.         1.         1.         1.        ] 
 recall: [1. 0. 0. 0. 0.] 
 f1: [0.06472766 0.         0.         0.         0.        ] 
 f1_avg: 0.0021648992393917513

--- 154.54739022254944 seconds ---

Train Epoch: 51 accuracy: 0.01 
 precision: [0.00810504 1.         1.         1.         1.        ] 
 recall: [1. 0. 0. 0. 0.] 
 f1: [0.01607976 0.         0.         0.         0.        ] 
 f1_avg: 0.0001303270837065575


Validation Epoch: 51 accuracy: 0.03 
 precision: [0.03344628 1.         1.         1.         1.        ] 
 recall: [1. 0. 0. 0. 0.] 
 f1: [0.06472766 0.         0.         0.         0.        ] 
 f1_avg: 0.0021648992393917513

--- 157.51913404464722 seconds ---

Train Epoch: 52 accuracy: 0.01 
 precision: [0.00810504 1.         1.         1.         1.        ] 
 recall: [1. 0. 0. 0. 0.] 
 f1: [0.01607976 0.         0.         0.         0.        ] 
 f1_avg: 0.0001303270837065575


Validation Epoch: 52 accuracy: 0.03 
 precision: [0.03344628 1.         1.         1.         1.        ] 
 recall: [1. 0. 0. 0. 0.] 
 f1: [0.06472766 0.         0.         0.         0.        ] 
 f1_avg: 0.0021648992393917513

--- 160.45530319213867 seconds ---

Train Epoch: 53 accuracy: 0.01 
 precision: [0.00810504 1.         1.         1.         1.        ] 
 recall: [1. 0. 0. 0. 0.] 
 f1: [0.01607976 0.         0.         0.         0.        ] 
 f1_avg: 0.0001303270837065575


Validation Epoch: 53 accuracy: 0.03 
 precision: [0.03344628 1.         1.         1.         1.        ] 
 recall: [1. 0. 0. 0. 0.] 
 f1: [0.06472766 0.         0.         0.         0.        ] 
 f1_avg: 0.0021648992393917513

Early stopping!

Test Epoch: accuracy: 0.19 
 precision: [0.00147742 0.5599393  0.18002813 0.48275862 0.04291845] 
 recall: [0.7        0.2561907  0.14143646 0.13642691 0.01464129] 
 f1: [0.00294861 0.35154017 0.15841584 0.21273517 0.02183406] 
 f1_avg: 0.25382828686347836

--- 163.92398238182068 seconds ---

Test Epoch: accuracy: 0.23 
 precision: [0.02667259 0.5739645  0.2252894  0.34285714 0.01901141] 
 recall: [0.39215686 0.33169481 0.14531878 0.10822999 0.00770416] 
 f1: [0.04994797 0.4204253  0.17667598 0.16452442 0.01096491] 
 f1_avg: 0.28298497029815256

--- 164.00298595428467 seconds ---
