Requirement already satisfied: scikit-learn in /net/cephfs/data/zifjia/condaenvs/audio_clf/lib/python3.8/site-packages (1.1.2)
Requirement already satisfied: scipy>=1.3.2 in /net/cephfs/data/zifjia/condaenvs/audio_clf/lib/python3.8/site-packages (from scikit-learn) (1.9.1)
Requirement already satisfied: joblib>=1.0.0 in /net/cephfs/data/zifjia/condaenvs/audio_clf/lib/python3.8/site-packages (from scikit-learn) (1.1.0)
Requirement already satisfied: numpy>=1.17.3 in /net/cephfs/data/zifjia/condaenvs/audio_clf/lib/python3.8/site-packages (from scikit-learn) (1.22.3)
Requirement already satisfied: threadpoolctl>=2.0.0 in /net/cephfs/data/zifjia/condaenvs/audio_clf/lib/python3.8/site-packages (from scikit-learn) (3.1.0)
Requirement already satisfied: tensorboard in /net/cephfs/data/zifjia/condaenvs/audio_clf/lib/python3.8/site-packages (2.10.1)
Requirement already satisfied: setuptools>=41.0.0 in /net/cephfs/data/zifjia/condaenvs/audio_clf/lib/python3.8/site-packages (from tensorboard) (60.8.1)
Requirement already satisfied: protobuf<3.20,>=3.9.2 in /net/cephfs/home/zifjia/.local/lib/python3.8/site-packages (from tensorboard) (3.19.4)
Requirement already satisfied: markdown>=2.6.8 in /net/cephfs/home/zifjia/.local/lib/python3.8/site-packages (from tensorboard) (3.4.1)
Requirement already satisfied: wheel>=0.26 in /net/cephfs/data/zifjia/condaenvs/audio_clf/lib/python3.8/site-packages (from tensorboard) (0.37.1)
Requirement already satisfied: requests<3,>=2.21.0 in /net/cephfs/data/zifjia/condaenvs/audio_clf/lib/python3.8/site-packages (from tensorboard) (2.28.1)
Requirement already satisfied: absl-py>=0.4 in /net/cephfs/home/zifjia/.local/lib/python3.8/site-packages (from tensorboard) (1.2.0)
Requirement already satisfied: werkzeug>=1.0.1 in /net/cephfs/data/zifjia/condaenvs/audio_clf/lib/python3.8/site-packages (from tensorboard) (2.1.2)
Requirement already satisfied: grpcio>=1.24.3 in /net/cephfs/home/zifjia/.local/lib/python3.8/site-packages (from tensorboard) (1.47.0)
Requirement already satisfied: google-auth-oauthlib<0.5,>=0.4.1 in /net/cephfs/home/zifjia/.local/lib/python3.8/site-packages (from tensorboard) (0.4.6)
Requirement already satisfied: google-auth<3,>=1.6.3 in /net/cephfs/home/zifjia/.local/lib/python3.8/site-packages (from tensorboard) (2.9.1)
Requirement already satisfied: numpy>=1.12.0 in /net/cephfs/data/zifjia/condaenvs/audio_clf/lib/python3.8/site-packages (from tensorboard) (1.22.3)
Requirement already satisfied: tensorboard-data-server<0.7.0,>=0.6.0 in /net/cephfs/home/zifjia/.local/lib/python3.8/site-packages (from tensorboard) (0.6.1)
Requirement already satisfied: tensorboard-plugin-wit>=1.6.0 in /net/cephfs/home/zifjia/.local/lib/python3.8/site-packages (from tensorboard) (1.8.1)
Requirement already satisfied: cachetools<6.0,>=2.0.0 in /net/cephfs/home/zifjia/.local/lib/python3.8/site-packages (from google-auth<3,>=1.6.3->tensorboard) (5.2.0)
Requirement already satisfied: pyasn1-modules>=0.2.1 in /net/cephfs/home/zifjia/.local/lib/python3.8/site-packages (from google-auth<3,>=1.6.3->tensorboard) (0.2.8)
Requirement already satisfied: six>=1.9.0 in /net/cephfs/data/zifjia/condaenvs/audio_clf/lib/python3.8/site-packages (from google-auth<3,>=1.6.3->tensorboard) (1.16.0)
Requirement already satisfied: rsa<5,>=3.1.4 in /net/cephfs/home/zifjia/.local/lib/python3.8/site-packages (from google-auth<3,>=1.6.3->tensorboard) (4.9)
Requirement already satisfied: requests-oauthlib>=0.7.0 in /net/cephfs/home/zifjia/.local/lib/python3.8/site-packages (from google-auth-oauthlib<0.5,>=0.4.1->tensorboard) (1.3.1)
Requirement already satisfied: importlib-metadata>=4.4 in /net/cephfs/home/zifjia/.local/lib/python3.8/site-packages (from markdown>=2.6.8->tensorboard) (4.12.0)
Requirement already satisfied: charset-normalizer<3,>=2 in /net/cephfs/data/zifjia/condaenvs/audio_clf/lib/python3.8/site-packages (from requests<3,>=2.21.0->tensorboard) (2.1.1)
Requirement already satisfied: certifi>=2017.4.17 in /net/cephfs/data/zifjia/condaenvs/audio_clf/lib/python3.8/site-packages (from requests<3,>=2.21.0->tensorboard) (2022.9.14)
Requirement already satisfied: idna<4,>=2.5 in /net/cephfs/data/zifjia/condaenvs/audio_clf/lib/python3.8/site-packages (from requests<3,>=2.21.0->tensorboard) (3.4)
Requirement already satisfied: urllib3<1.27,>=1.21.1 in /net/cephfs/data/zifjia/condaenvs/audio_clf/lib/python3.8/site-packages (from requests<3,>=2.21.0->tensorboard) (1.26.12)
Requirement already satisfied: zipp>=0.5 in /net/cephfs/data/zifjia/condaenvs/audio_clf/lib/python3.8/site-packages (from importlib-metadata>=4.4->markdown>=2.6.8->tensorboard) (3.8.0)
Requirement already satisfied: pyasn1<0.5.0,>=0.4.6 in /net/cephfs/home/zifjia/.local/lib/python3.8/site-packages (from pyasn1-modules>=0.2.1->google-auth<3,>=1.6.3->tensorboard) (0.4.8)
Requirement already satisfied: oauthlib>=3.0.0 in /net/cephfs/home/zifjia/.local/lib/python3.8/site-packages (from requests-oauthlib>=0.7.0->google-auth-oauthlib<0.5,>=0.4.1->tensorboard) (3.2.0)
Requirement already satisfied: torch in /net/cephfs/data/zifjia/condaenvs/audio_clf/lib/python3.8/site-packages (1.12.1)
Requirement already satisfied: torchvision in /net/cephfs/data/zifjia/condaenvs/audio_clf/lib/python3.8/site-packages (0.13.1)
Requirement already satisfied: torchaudio in /net/cephfs/data/zifjia/condaenvs/audio_clf/lib/python3.8/site-packages (0.12.1)
Requirement already satisfied: typing-extensions in /net/cephfs/data/zifjia/condaenvs/audio_clf/lib/python3.8/site-packages (from torch) (4.0.1)
Requirement already satisfied: requests in /net/cephfs/data/zifjia/condaenvs/audio_clf/lib/python3.8/site-packages (from torchvision) (2.28.1)
Requirement already satisfied: numpy in /net/cephfs/data/zifjia/condaenvs/audio_clf/lib/python3.8/site-packages (from torchvision) (1.22.3)
Requirement already satisfied: pillow!=8.3.*,>=5.3.0 in /net/cephfs/data/zifjia/condaenvs/audio_clf/lib/python3.8/site-packages (from torchvision) (9.0.1)
Requirement already satisfied: charset-normalizer<3,>=2 in /net/cephfs/data/zifjia/condaenvs/audio_clf/lib/python3.8/site-packages (from requests->torchvision) (2.1.1)
Requirement already satisfied: idna<4,>=2.5 in /net/cephfs/data/zifjia/condaenvs/audio_clf/lib/python3.8/site-packages (from requests->torchvision) (3.4)
Requirement already satisfied: certifi>=2017.4.17 in /net/cephfs/data/zifjia/condaenvs/audio_clf/lib/python3.8/site-packages (from requests->torchvision) (2022.9.14)
Requirement already satisfied: urllib3<1.27,>=1.21.1 in /net/cephfs/data/zifjia/condaenvs/audio_clf/lib/python3.8/site-packages (from requests->torchvision) (1.26.12)
{'name': 'chimp_wav2vec2_transformer_0', 'data_path': '/home/cluster/zifjia/data/data_chimp/wav2vec2_split_0', 'test_only': False, 'balance_weights': True, 'model_type': 'transformer', 'n_embedding': 768, 'd_hid': 1024, 'nlayers': 2, 'nhead': 8, 'batch_size': 1, 'n_epoch': 200, 'lr': 0.0001, 'dropout': 0.4, 'patience': 10, 'step_factor': 0.7, 'seed': 0}
cuda
Reading data ...
train, dev, test number of files: 188, 23, 24.
dev files:  ['ASO0485 Sonso MS single ph feeding_01', 'ASO2186 ZL single ph start_01', 'ASO0120 Sonso KZ single ph fg feeding_01', 'ASO4619 ZL unk group ph, PS single ph intro_01', 'ASO3700 HW single ph drum Travel_01', 'ASO0087 Sonso HW single ph feeding_01', 'ASO2860 PS single ph, PS ZL group ph fg, ZL single ph feeding, FK single ph, group fg, HW MS group ph drum, 7_15 FK single ph, 10_30 PS single ph start_01', 'ASO0907 Sonso PS single ph drum traveling_01', 'ASO3888 unk group ph resting, unk group pg, HW display drum, OK pg to HW, DL pg to HW, 1_35 unk single ph start, 3_30 KT single ph intro feeding_01', 'ASO3150 KT single ph_01', 'ASO3089 ZL single ph drum traveling_01', 'ASO0480 Sonso KZ KT group ph, KZ KT group ph, KT single ph feeding_01', 'ASO2860 MS comes back after long time, SM FK group scream, unk_m bark, FK SM fg, 3_30 PS single ph, PS ZL group ph fg, ZL single ph feeding, FK single ph, group fg, HW MS group ph drum, 7_15 FK single ph, 10_30 PS single ph start_01', 'ASO2038 HW single ph drum, IN DL JS group ph _01', 'ASO3192 FK single ph drum_01', 'ASO1579 HW single ph drum_01', 'ASO3106 ZD group ph drum, unk group ph other party, ZD single ph drum traveling-resting_02', 'ASO0651 Sonso FK single ph_01', 'ASO4567 KC display drum (not visible), FK SM group ph drum, 1_50 ZL single ph drum travel_01', 'ASO0782 Sonso ZL single ph drum_01', 'ASO4445 KT MS group ph drum traveling, 2_20 KT whimper, MS single ph drum, KT bark_01', 'ASO2554 PS single ph start nest_01', 'ASO1095 Sonso SQ single ph feeding_01']
test files:  ['ASO0778 Sonso ZL single ph start, ZL single ph drum_01', 'ASO0083 Sonso HW single ph slap_01', 'ASO3079 HW single ph drum traveling_01', 'ASO3654 HW single ph_01', 'ASO3041 MS single ph drum traveling_01', 'ASO2546 FK single fg ph feeding, HW single ph drum, FK fg, FK single ph, FK fg_01', 'ASO3457 KT single ph_01', 'ASO0020 Sonso SQ single ph, PS single ph other party 2_01', 'ASO0809 Sonso PS single ph_01', 'ASO3174 PS single ph feeding_01', 'ASO0089 Sonso HW single ph drum_01', 'ASO3799 KT single ph_01', 'ASO1472 MS single ph, SM KA group ph-pg_01', 'ASO1514 MS single ph intro, KC group ph_01', 'ASO3512 PS single ph_01', 'ASO2125 KL OK KC JS group ph, FK single ph, OK KL KC KO group ph, PS single ph, PS single ph feeding_01', 'ASO2860 PS single ph, PS ZL group ph fg, ZL single ph feeding, FK single ph, group fg, HW MS group ph drum, 7_15 FK single ph, 10_30 PS single ph start_02', 'ASO3995 PS MB group ph feeding, 1_40 PS single ph feeding, MB fg, 2_50 ML MB group ph-bark_01', 'ASO3737 HW single ph drum resting-traveling, 1_15 JN single ph feeding, HW single ph_01', 'ASO2125 KL OK KC JS group ph, FK single ph, OK KL KC KO group ph, PS single ph, PS single ph feeding_02', 'ASO1474 MS single ph intro_01', 'ASO3829 PS IN IS group ph resting, 1_30 HW single ph_01', 'ASO3128 KT single ph, ZL display drum, FK single ph drum display to KT, KT pg, ZL single ph drum 50m, FK single ph drum, KT single ph, ZL single ph drum 50m_01', 'ASO1624_02 HW single ph_01']
train_data_all: (78788, 769)
Labels in train_data_all:  {0.0: 924, 1.0: 38362, 2.0: 17480, 3.0: 15285, 4.0: 6737}
--- 1.9024970531463623 seconds ---
Transformer(
  (pos_encoder): PositionalEncoding(
    (dropout): Dropout(p=0.4, inplace=False)
  )
  (transformer_encoder): TransformerEncoder(
    (layers): ModuleList(
      (0): TransformerEncoderLayer(
        (self_attn): MultiheadAttention(
          (out_proj): NonDynamicallyQuantizableLinear(in_features=768, out_features=768, bias=True)
        )
        (linear1): Linear(in_features=768, out_features=1024, bias=True)
        (dropout): Dropout(p=0.4, inplace=False)
        (linear2): Linear(in_features=1024, out_features=768, bias=True)
        (norm1): LayerNorm((768,), eps=1e-05, elementwise_affine=True)
        (norm2): LayerNorm((768,), eps=1e-05, elementwise_affine=True)
        (dropout1): Dropout(p=0.4, inplace=False)
        (dropout2): Dropout(p=0.4, inplace=False)
      )
      (1): TransformerEncoderLayer(
        (self_attn): MultiheadAttention(
          (out_proj): NonDynamicallyQuantizableLinear(in_features=768, out_features=768, bias=True)
        )
        (linear1): Linear(in_features=768, out_features=1024, bias=True)
        (dropout): Dropout(p=0.4, inplace=False)
        (linear2): Linear(in_features=1024, out_features=768, bias=True)
        (norm1): LayerNorm((768,), eps=1e-05, elementwise_affine=True)
        (norm2): LayerNorm((768,), eps=1e-05, elementwise_affine=True)
        (dropout1): Dropout(p=0.4, inplace=False)
        (dropout2): Dropout(p=0.4, inplace=False)
      )
    )
  )
  (decoder): Linear(in_features=768, out_features=5, bias=True)
)
Number of parameters: 7884037

Train Epoch: 1 accuracy: 0.35 
 precision: [0.01977552 0.63072067 0.31299036 0.49860742 0.13812299] 
 recall: [0.24025974 0.31254888 0.31950801 0.50363101 0.31304735] 
 f1: [0.03654321 0.41797392 0.3162156  0.50110663 0.191675  ] 
 f1_avg: 0.3877019296019225


Validation Epoch: 1 accuracy: 0.53 
 precision: [0.01957295 0.87409899 0.48456376 0.681458   0.16346681] 
 recall: [0.36666667 0.36416416 0.7030185  0.72360118 0.57976654] 
 f1: [0.03716216 0.51413228 0.57369885 0.70189757 0.25502781] 
 f1_avg: 0.5563769159591411

New best val score, save model ...
--- 10.268479347229004 seconds ---

Train Epoch: 2 accuracy: 0.41 
 precision: [0.02117803 0.66939151 0.34410322 0.54908102 0.17228867] 
 recall: [0.17316017 0.36074761 0.36922197 0.60785083 0.38058483] 
 f1: [0.0377403  0.46883258 0.35622033 0.57697323 0.23719876] 
 f1_avg: 0.4399655114375359


Validation Epoch: 2 accuracy: 0.57 
 precision: [0.02808989 0.88389207 0.52188184 0.67516166 0.17807457] 
 recall: [0.33333333 0.43283283 0.69668939 0.74673959 0.62256809] 
 f1: [0.05181347 0.58110469 0.59674729 0.70914902 0.27693639] 
 f1_avg: 0.5975811226360498

New best val score, save model ...
--- 15.705641508102417 seconds ---

Train Epoch: 3 accuracy: 0.44 
 precision: [0.02639656 0.69697392 0.36708393 0.57937569 0.19312043] 
 recall: [0.18614719 0.39085553 0.39759725 0.6520772  0.41917768] 
 f1: [0.04623656 0.50084342 0.3817318  0.6135804  0.26441948] 
 f1_avg: 0.4707407252035947


Validation Epoch: 3 accuracy: 0.56 
 precision: [0.02115385 0.89892934 0.52562664 0.6616934  0.18341851] 
 recall: [0.36666667 0.42022022 0.68403116 0.74631889 0.62840467] 
 f1: [0.04       0.57271487 0.59445737 0.70146303 0.28395604] 
 f1_avg: 0.5913999244765037

--- 21.053779363632202 seconds ---

Train Epoch: 4 accuracy: 0.46 
 precision: [0.02831658 0.72204166 0.38415603 0.58403024 0.20107276] 
 recall: [0.21645022 0.41116209 0.40114416 0.66705921 0.42288853] 
 f1: [0.05008138 0.52395901 0.39246635 0.6227896  0.27255333] 
 f1_avg: 0.4869045200852733


Validation Epoch: 4 accuracy: 0.59 
 precision: [0.04975124 0.88953041 0.53089676 0.66198198 0.19517796] 
 recall: [0.33333333 0.46266266 0.68597858 0.77282289 0.6614786 ] 
 f1: [0.08658009 0.60871856 0.59855565 0.71312112 0.30141844] 
 f1_avg: 0.6141020935991294

New best val score, save model ...
--- 26.491727113723755 seconds ---

Train Epoch: 5 accuracy: 0.48 
 precision: [0.03013303 0.7316373  0.40453249 0.59853849 0.21647902] 
 recall: [0.2034632  0.43180752 0.42991991 0.69126595 0.43951314] 
 f1: [0.05249197 0.54308804 0.41684    0.64156901 0.29008082] 
 f1_avg: 0.5067962915099353


Validation Epoch: 5 accuracy: 0.57 
 precision: [0.01768489 0.91374781 0.52884615 0.66309779 0.20336943] 
 recall: [0.36666667 0.41781782 0.66942551 0.78165755 0.65758755] 
 f1: [0.03374233 0.57343042 0.59088956 0.71751303 0.31066176] 
 f1_avg: 0.5962079215131001

--- 31.840121507644653 seconds ---

Train Epoch: 6 accuracy: 0.48 
 precision: [0.02392477 0.741177   0.41338626 0.59367166 0.21693762] 
 recall: [0.18722944 0.42974819 0.42894737 0.6972195  0.42585721] 
 f1: [0.04242796 0.54404752 0.42102308 0.64129257 0.28744615] 
 f1_avg: 0.5077945820460523


Validation Epoch: 6 accuracy: 0.57 
 precision: [0.01827243 0.91541187 0.53428351 0.66403446 0.20138889] 
 recall: [0.36666667 0.41381381 0.67526777 0.77829196 0.6770428 ] 
 f1: [0.03481013 0.56997105 0.59655914 0.71663761 0.31043711] 
 f1_avg: 0.5954257208002817

--- 37.21007061004639 seconds ---

Train Epoch: 7 accuracy: 0.49 
 precision: [0.03422313 0.75018818 0.41819858 0.60222001 0.22099928] 
 recall: [0.21645022 0.44166102 0.44118993 0.71344455 0.45302063] 
 f1: [0.05910165 0.55599127 0.42938671 0.6531309  0.297075  ] 
 f1_avg: 0.5187811185039563


Validation Epoch: 7 accuracy: 0.61 
 precision: [0.08333333 0.88353414 0.50904662 0.68991951 0.21498771] 
 recall: [0.33333333 0.48448448 0.71226874 0.75725705 0.68093385] 
 f1: [0.13333333 0.62580812 0.59375    0.72202166 0.32679739] 
 f1_avg: 0.6252450755187667

New best val score, save model ...
--- 42.67746329307556 seconds ---

Train Epoch: 8 accuracy: 0.51 
 precision: [0.05782756 0.75584702 0.4187297  0.60915188 0.23011545] 
 recall: [0.24025974 0.46418331 0.44994279 0.73680079 0.48226213] 
 f1: [0.09321856 0.57515221 0.43377547 0.66692328 0.31156502] 
 f1_avg: 0.5333991749542724


Validation Epoch: 8 accuracy: 0.60 
 precision: [0.04219409 0.89441469 0.51702128 0.68807339 0.21925134] 
 recall: [0.33333333 0.46806807 0.70983447 0.75725705 0.71789883] 
 f1: [0.07490637 0.61453542 0.59827657 0.72100941 0.33591261] 
 f1_avg: 0.6205827619243218

--- 48.021474838256836 seconds ---

Train Epoch: 9 accuracy: 0.52 
 precision: [0.04636058 0.76322718 0.43517767 0.61188183 0.23218011] 
 recall: [0.22402597 0.46853657 0.46029748 0.73581943 0.47914502] 
 f1: [0.07682316 0.58063057 0.44738525 0.66815184 0.3127907 ] 
 f1_avg: 0.5392369476902797


Validation Epoch: 9 accuracy: 0.62 
 precision: [0.08695652 0.87631668 0.52476669 0.70621469 0.22451456] 
 recall: [0.33333333 0.51631632 0.71178189 0.73622213 0.71984436] 
 f1: [0.13793103 0.64978584 0.60413223 0.72090628 0.34227567] 
 f1_avg: 0.6399428017979898

New best val score, save model ...
--- 53.470701456069946 seconds ---

Train Epoch: 10 accuracy: 0.52 
 precision: [0.03709918 0.76707694 0.43874979 0.61430529 0.24205218] 
 recall: [0.21536797 0.4727595  0.44811213 0.73326791 0.49161348] 
 f1: [0.06329517 0.58498508 0.44338154 0.66853564 0.32438786] 
 f1_avg: 0.541376351955444


Validation Epoch: 10 accuracy: 0.59 
 precision: [0.02159827 0.9125833  0.53968254 0.69566929 0.2079096 ] 
 recall: [0.33333333 0.46606607 0.69522882 0.743374   0.71595331] 
 f1: [0.04056795 0.61701564 0.60765957 0.71873093 0.32224168] 
 f1_avg: 0.6224070778853645

--- 58.79728651046753 seconds ---

Train Epoch: 11 accuracy: 0.51 
 precision: [0.02519956 0.76707606 0.43553503 0.61422969 0.24093322] 
 recall: [0.17424242 0.46400083 0.44776888 0.71730455 0.47825442] 
 f1: [0.04403118 0.57823184 0.44156723 0.66177758 0.32043759] 
 f1_avg: 0.5358108901467954


Validation Epoch: 11 accuracy: 0.61 
 precision: [0.03058104 0.89527273 0.54479326 0.68958894 0.21632896] 
 recall: [0.33333333 0.49289289 0.69279455 0.75515355 0.70622568] 
 f1: [0.05602241 0.63576501 0.60994428 0.72088353 0.33120438] 
 f1_avg: 0.6332930445218584

--- 64.14449882507324 seconds ---

Train Epoch: 12 accuracy: 0.52 
 precision: [0.03431464 0.77673076 0.44909947 0.61729208 0.2382001 ] 
 recall: [0.19805195 0.4770085  0.46361556 0.73614655 0.4816684 ] 
 f1: [0.05849449 0.59104343 0.45624208 0.67150061 0.31876228] 
 f1_avg: 0.547217301618173


Validation Epoch: 12 accuracy: 0.62 
 precision: [0.06756757 0.89004871 0.53494329 0.69880952 0.21946903] 
 recall: [0.33333333 0.51211211 0.71178189 0.74084981 0.72373541] 
 f1: [0.11235955 0.65014614 0.61082097 0.71921585 0.33680398] 
 f1_avg: 0.64073925430063

New best val score, save model ...
--- 69.59689402580261 seconds ---

Train Epoch: 13 accuracy: 0.52 
 precision: [0.031161   0.77808893 0.446727   0.62129492 0.25390536] 
 recall: [0.2012987  0.47802513 0.46029748 0.73640824 0.49458216] 
 f1: [0.05396779 0.59221702 0.45341072 0.67397162 0.33554884] 
 f1_avg: 0.5490222333496902


Validation Epoch: 13 accuracy: 0.61 
 precision: [0.03322259 0.89936401 0.53525758 0.6911709  0.22716049] 
 recall: [0.33333333 0.48128128 0.71324245 0.76735381 0.71595331] 
 f1: [0.06042296 0.62702139 0.61156335 0.72727273 0.34489222] 
 f1_avg: 0.6314882157371129

--- 74.92522668838501 seconds ---

Train Epoch: 14 accuracy: 0.53 
 precision: [0.05406032 0.7813755  0.44249218 0.62137495 0.24179812] 
 recall: [0.2521645  0.48688807 0.46967963 0.75276415 0.48463708] 
 f1: [0.08903324 0.59994218 0.45568075 0.68078812 0.32262846] 
 f1_avg: 0.5539161106555828


Validation Epoch: 14 accuracy: 0.63 
 precision: [0.07874016 0.88447534 0.54380104 0.69097889 0.24359816] 
 recall: [0.33333333 0.53493493 0.71324245 0.75725705 0.72178988] 
 f1: [0.12738854 0.66666667 0.61710194 0.72260136 0.36426117] 
 f1_avg: 0.6525780061133477

New best val score, save model ...
--- 80.38165354728699 seconds ---

Train Epoch: 15 accuracy: 0.53 
 precision: [0.04995417 0.78323966 0.45532422 0.61742506 0.24701987] 
 recall: [0.23593074 0.4867838  0.48043478 0.74923127 0.49829301] 
 f1: [0.08245083 0.60041155 0.46754259 0.67697219 0.3302996 ] 
 f1_avg: 0.556614778638745


Validation Epoch: 15 accuracy: 0.64 
 precision: [0.10638298 0.87236718 0.54480956 0.7067519  0.24636724] 
 recall: [0.33333333 0.55555556 0.71032132 0.7442154  0.72568093] 
 f1: [0.16129032 0.67881605 0.61665258 0.725      0.3678501 ] 
 f1_avg: 0.6594312147012013

New best val score, save model ...
--- 85.81814885139465 seconds ---

Train Epoch: 16 accuracy: 0.52 
 precision: [0.02728006 0.77931449 0.45402039 0.62102809 0.25687032] 
 recall: [0.18290043 0.47296804 0.45869565 0.7492967  0.50363663] 
 f1: [0.04747858 0.58867043 0.45634604 0.67915913 0.34021859] 
 f1_avg: 0.549276210345107


Validation Epoch: 16 accuracy: 0.63 
 precision: [0.05780347 0.88105727 0.52857143 0.70665083 0.24473684] 
 recall: [0.33333333 0.52052052 0.72054528 0.75094657 0.72373541] 
 f1: [0.09852217 0.65441732 0.60980635 0.72812564 0.36578171] 
 f1_avg: 0.646246623422393

--- 91.15183591842651 seconds ---

Train Epoch: 17 accuracy: 0.54 
 precision: [0.05269461 0.78487527 0.45015122 0.62145836 0.24725523] 
 recall: [0.23809524 0.49293572 0.47683066 0.76054956 0.48805106] 
 f1: [0.08629143 0.605556   0.46310701 0.68400459 0.32822561] 
 f1_avg: 0.559367532937475


Validation Epoch: 17 accuracy: 0.60 
 precision: [0.02941176 0.90110323 0.55072464 0.683172   0.21244395] 
 recall: [0.33333333 0.45785786 0.7030185  0.77198149 0.73735409] 
 f1: [0.05405405 0.60719501 0.6176219  0.72486668 0.32985205] 
 f1_avg: 0.6214351173136226

--- 96.5196144580841 seconds ---

Train Epoch: 18 accuracy: 0.54 
 precision: [0.04916533 0.79412637 0.45683549 0.62733939 0.26062323] 
 recall: [0.23268398 0.48847818 0.49073227 0.75001636 0.53258127] 
 f1: [0.08117803 0.60488387 0.47317759 0.68321464 0.34998049] 
 f1_avg: 0.5629215404517611


Validation Epoch: 18 accuracy: 0.64 
 precision: [0.08       0.86861975 0.54922083 0.72638712 0.24773022] 
 recall: [0.33333333 0.57577578 0.70350536 0.72149769 0.74319066] 
 f1: [0.12903226 0.69251144 0.61686233 0.72393415 0.37159533] 
 f1_avg: 0.6661777622977331

New best val score, save model ...
--- 101.94458055496216 seconds ---

Train Epoch: 19 accuracy: 0.55 
 precision: [0.06149733 0.79044419 0.46019612 0.6316797  0.25139827] 
 recall: [0.22402597 0.50284135 0.49937071 0.75557736 0.51373015] 
 f1: [0.0965035  0.61466399 0.47898376 0.68809581 0.33759266] 
 f1_avg: 0.5690390855491863


Validation Epoch: 19 accuracy: 0.64 
 precision: [0.07462687 0.87807183 0.55177627 0.71263895 0.23944549] 
 recall: [0.33333333 0.55795796 0.71080818 0.72822886 0.73929961] 
 f1: [0.12195122 0.68233566 0.6212766  0.72034956 0.36173251] 
 f1_avg: 0.6606046843117451

--- 107.27455949783325 seconds ---

Train Epoch: 20 accuracy: 0.54 
 precision: [0.03882376 0.79787008 0.46459607 0.63207965 0.25492703] 
 recall: [0.21861472 0.49019863 0.49548055 0.74766111 0.5030429 ] 
 f1: [0.06593765 0.60728876 0.47954155 0.68502922 0.33837552] 
 f1_avg: 0.5646853780403401


Validation Epoch: 20 accuracy: 0.64 
 precision: [0.07042254 0.87885394 0.55418434 0.69949    0.25084746] 
 recall: [0.33333333 0.56496496 0.69961052 0.75010517 0.71984436] 
 f1: [0.11627907 0.68778942 0.61846352 0.72391393 0.37204625] 
 f1_avg: 0.6641219452375329

--- 112.6158447265625 seconds ---

Train Epoch: 21 accuracy: 0.55 
 precision: [0.05491329 0.79529352 0.46049305 0.62910492 0.26758896] 
 recall: [0.24675325 0.49158021 0.50011442 0.75825973 0.53688585] 
 f1: [0.08983452 0.60759738 0.47948662 0.68767058 0.35716402] 
 f1_avg: 0.5672227094304262


Validation Epoch: 21 accuracy: 0.65 
 precision: [0.07575758 0.87083081 0.54674115 0.71474488 0.26427526] 
 recall: [0.33333333 0.57497497 0.71470302 0.74842238 0.70233463] 
 f1: [0.12345679 0.69263234 0.61953999 0.73119605 0.38404255] 
 f1_avg: 0.6691462659918314

New best val score, save model ...
--- 118.03970694541931 seconds ---

Train Epoch: 22 accuracy: 0.55 
 precision: [0.06201976 0.79509553 0.45830721 0.63099832 0.26078534] 
 recall: [0.24458874 0.5011991  0.50183066 0.75963363 0.51951907] 
 f1: [0.09894921 0.61483116 0.47908247 0.6893665  0.34725667] 
 f1_avg: 0.5702439296552758


Validation Epoch: 22 accuracy: 0.64 
 precision: [0.03952569 0.88352    0.5521148  0.71259682 0.24547284] 
 recall: [0.33333333 0.55275275 0.71178189 0.73538073 0.71206226] 
 f1: [0.07067138 0.68004926 0.62186304 0.72380952 0.36508728] 
 f1_avg: 0.6604235686462934

--- 123.38206553459167 seconds ---

Train Epoch: 23 accuracy: 0.55 
 precision: [0.05122898 0.80131811 0.46368832 0.63508141 0.26150582] 
 recall: [0.21428571 0.49760179 0.50589245 0.76297023 0.53050319] 
 f1: [0.0826895  0.61395214 0.48387185 0.69317641 0.35032347] 
 f1_avg: 0.5716891886946806


Validation Epoch: 23 accuracy: 0.64 
 precision: [0.05235602 0.88604353 0.54545455 0.71894605 0.23645634] 
 recall: [0.33333333 0.55415415 0.71567673 0.72318048 0.72178988] 
 f1: [0.09049774 0.68185737 0.6190777  0.72105705 0.35621699] 
 f1_avg: 0.659701728804485

--- 128.7099413871765 seconds ---

Train Epoch: 24 accuracy: 0.55 
 precision: [0.0531995  0.80413646 0.46382578 0.63526068 0.26531929] 
 recall: [0.22943723 0.49155414 0.50686499 0.76048413 0.54950275] 
 f1: [0.08637197 0.61014043 0.48439123 0.69225501 0.35785404] 
 f1_avg: 0.5704568448662842


Validation Epoch: 24 accuracy: 0.64 
 precision: [0.04366812 0.87880671 0.54511419 0.72269263 0.24630872] 
 recall: [0.33333333 0.56616617 0.70886076 0.7181321  0.71400778] 
 f1: [0.07722008 0.68866431 0.6162963  0.72040515 0.36626747] 
 f1_avg: 0.6628617805800007

--- 134.0387842655182 seconds ---

Train Epoch: 25 accuracy: 0.55 
 precision: [0.05551212 0.80781033 0.46640234 0.63636862 0.26547515] 
 recall: [0.23051948 0.50093843 0.51144165 0.75897939 0.54237791] 
 f1: [0.089477   0.61839713 0.48788474 0.69228704 0.35647042] 
 f1_avg: 0.5751764386028104


Validation Epoch: 25 accuracy: 0.62 
 precision: [0.03154574 0.90065091 0.55687932 0.69517023 0.23474471] 
 recall: [0.33333333 0.52632633 0.70545278 0.73874632 0.73346304] 
 f1: [0.05763689 0.66439222 0.62242268 0.71629615 0.35566038] 
 f1_avg: 0.6503781127266502

--- 139.37435030937195 seconds ---

Train Epoch: 26 accuracy: 0.55 
 precision: [0.06337242 0.80486482 0.46800337 0.6318535  0.25945203] 
 recall: [0.245671   0.50286742 0.50875286 0.76074583 0.5327297 ] 
 f1: [0.10075455 0.61899567 0.4875281  0.69033484 0.34895479] 
 f1_avg: 0.5744996261576075


Validation Epoch: 26 accuracy: 0.62 
 precision: [0.02150538 0.90726902 0.55855162 0.73102238 0.22894425] 
 recall: [0.33333333 0.53473473 0.70593963 0.70088347 0.75097276] 
 f1: [0.04040404 0.67288072 0.62365591 0.71563574 0.35090909] 
 f1_avg: 0.6544306886813871

--- 144.70069789886475 seconds ---

Train Epoch: 27 accuracy: 0.55 
 precision: [0.05071711 0.80681818 0.46916476 0.63787687 0.26823239] 
 recall: [0.26406926 0.49045931 0.50354691 0.75714753 0.5475731 ] 
 f1: [0.08509154 0.61006452 0.48574819 0.69241355 0.36007809] 
 f1_avg: 0.5709268578505498


Validation Epoch: 27 accuracy: 0.63 
 precision: [0.04016064 0.88512854 0.551263   0.71897053 0.2449903 ] 
 recall: [0.33333333 0.54454454 0.7224927  0.72864956 0.73735409] 
 f1: [0.07168459 0.67426872 0.62536873 0.72377768 0.36778263] 
 f1_avg: 0.6583841501518415

--- 150.03328680992126 seconds ---

Train Epoch: 28 accuracy: 0.56 
 precision: [0.05709916 0.81314466 0.46612829 0.6423153  0.26826434] 
 recall: [0.24242424 0.49731505 0.51842105 0.76447498 0.54831527] 
 f1: [0.09242831 0.61717133 0.49088595 0.69809123 0.36026723] 
 f1_avg: 0.576730735124913


Validation Epoch: 28 accuracy: 0.63 
 precision: [0.02890173 0.88853196 0.55546966 0.71822034 0.24040921] 
 recall: [0.33333333 0.55375375 0.69961052 0.71308372 0.73151751] 
 f1: [0.05319149 0.6822891  0.61926309 0.71564281 0.36188643] 
 f1_avg: 0.6588454122597417

--- 155.36383652687073 seconds ---

Train Epoch: 29 accuracy: 0.55 
 precision: [0.05339567 0.80831788 0.46795749 0.63831526 0.26721925] 
 recall: [0.23484848 0.50005213 0.50881007 0.76643768 0.54074514] 
 f1: [0.08700882 0.61786968 0.48752946 0.69653368 0.35768287] 
 f1_avg: 0.5757393853929564


Validation Epoch: 29 accuracy: 0.63 
 precision: [0.05494505 0.88488257 0.53388017 0.71434529 0.23928343] 
 recall: [0.33333333 0.53553554 0.72882181 0.72065629 0.72762646] 
 f1: [0.09433962 0.66724869 0.61630301 0.71748691 0.36013481] 
 f1_avg: 0.6511734654097774

--- 160.72404098510742 seconds ---

Train Epoch: 30 accuracy: 0.56 
 precision: [0.06445814 0.80863134 0.46674621 0.64567752 0.26692088] 
 recall: [0.27164502 0.50161618 0.51470252 0.7681387  0.54029984] 
 f1: [0.10419261 0.6191541  0.48955273 0.70160447 0.35731815] 
 f1_avg: 0.5779677373997499


Validation Epoch: 30 accuracy: 0.65 
 precision: [0.05524862 0.8718417  0.5478008  0.72692794 0.26231884] 
 recall: [0.33333333 0.57337337 0.73369036 0.72570467 0.70428016] 
 f1: [0.09478673 0.69178744 0.62726327 0.72631579 0.38225977] 
 f1_avg: 0.6689723938050468

--- 166.07604050636292 seconds ---

Train Epoch: 31 accuracy: 0.55 
 precision: [0.05101103 0.80684462 0.47382849 0.64471346 0.27030844] 
 recall: [0.24025974 0.49718471 0.52408467 0.7595682  0.53985453] 
 f1: [0.08415466 0.61524814 0.4976911  0.69744391 0.36024168] 
 f1_avg: 0.5770793365914936


Validation Epoch: 31 accuracy: 0.64 
 precision: [0.03095975 0.87181791 0.56417547 0.70974317 0.25628141] 
 recall: [0.33333333 0.58278278 0.67624148 0.73243584 0.69455253] 
 f1: [0.05665722 0.69858411 0.61514615 0.72091097 0.37441007] 
 f1_avg: 0.6680731902276466

--- 171.40714764595032 seconds ---

Train Epoch: 32 accuracy: 0.56 
 precision: [0.07522659 0.8062416  0.46743887 0.6369993  0.26645404] 
 recall: [0.26948052 0.50036494 0.5194508  0.76885836 0.54564346] 
 f1: [0.11761927 0.6175004  0.49207424 0.69674512 0.35805776] 
 f1_avg: 0.5769999591215413


Validation Epoch: 32 accuracy: 0.63 
 precision: [0.03508772 0.88460292 0.54495413 0.72400676 0.24983433] 
 recall: [0.33333333 0.54634635 0.72297955 0.72065629 0.73346304] 
 f1: [0.06349206 0.67549505 0.62146893 0.72232764 0.37271379] 
 f1_avg: 0.6580789769434613

--- 176.73174715042114 seconds ---

Train Epoch: 33 accuracy: 0.57 
 precision: [0.07167449 0.81076196 0.47593415 0.64441147 0.27473949] 
 recall: [0.2478355  0.51451958 0.52099542 0.76722277 0.56746326] 
 f1: [0.11119204 0.62953099 0.4974464  0.70047487 0.37023049] 
 f1_avg: 0.5857386105972148


Validation Epoch: 33 accuracy: 0.64 
 precision: [0.02518892 0.87730432 0.56521739 0.71136174 0.25907821] 
 recall: [0.33333333 0.58118118 0.67088608 0.71644931 0.72178988] 
 f1: [0.04683841 0.69918112 0.61353517 0.71389646 0.38129496] 
 f1_avg: 0.6666934375713404

--- 182.0642170906067 seconds ---

Train Epoch: 34 accuracy: 0.57 
 precision: [0.07157287 0.80728996 0.47636705 0.64619029 0.27351878] 
 recall: [0.26839827 0.51498879 0.52179634 0.76735361 0.55024492] 
 f1: [0.1130098  0.62883152 0.49804789 0.70157914 0.36540168] 
 f1_avg: 0.5853541308484382


Validation Epoch: 34 accuracy: 0.65 
 precision: [0.05291005 0.86977444 0.55559801 0.72515856 0.24966079] 
 recall: [0.33333333 0.57897898 0.70788705 0.72149769 0.71595331] 
 f1: [0.0913242  0.69519231 0.62256476 0.72332349 0.37022133] 
 f1_avg: 0.6683658000175634

--- 187.42839169502258 seconds ---

Train Epoch: 35 accuracy: 0.57 
 precision: [0.07926829 0.81096284 0.47569138 0.64430198 0.27139921] 
 recall: [0.29545455 0.51485845 0.52448513 0.76270854 0.54876058] 
 f1: [0.125      0.62984518 0.49889805 0.69852302 0.3631809 ] 
 f1_avg: 0.5853941305218514


Validation Epoch: 35 accuracy: 0.65 
 precision: [0.05714286 0.86047869 0.54786451 0.7377261  0.2637115 ] 
 recall: [0.33333333 0.59019019 0.72444012 0.72065629 0.68287938] 
 f1: [0.09756098 0.70015438 0.62389937 0.7290913  0.3804878 ] 
 f1_avg: 0.6730499486195282

New best val score, save model ...
--- 192.85462069511414 seconds ---

Train Epoch: 36 accuracy: 0.57 
 precision: [0.06359833 0.81081635 0.47530738 0.65185558 0.27697359] 
 recall: [0.24675325 0.51548407 0.53077803 0.76303566 0.55098709] 
 f1: [0.10113107 0.63026884 0.50151351 0.70307743 0.36863797] 
 f1_avg: 0.5872509407871809


Validation Epoch: 36 accuracy: 0.65 
 precision: [0.05524862 0.86608443 0.54988662 0.7337884  0.25806452] 
 recall: [0.33333333 0.5955956  0.7083739  0.72360118 0.6848249 ] 
 f1: [0.09478673 0.70581257 0.61914894 0.72865918 0.37486688] 
 f1_avg: 0.6745048924044716

New best val score, save model ...
--- 198.26992869377136 seconds ---

Train Epoch: 37 accuracy: 0.57 
 precision: [0.06317411 0.80922009 0.47939843 0.64723243 0.28545654] 
 recall: [0.26623377 0.52254836 0.53249428 0.76041871 0.5401514 ] 
 f1: [0.10211706 0.63503025 0.50455334 0.69927504 0.37351809] 
 f1_avg: 0.5899348808862044


Validation Epoch: 37 accuracy: 0.65 
 precision: [0.06756757 0.87307344 0.55649177 0.7142283  0.25813296] 
 recall: [0.33333333 0.57837838 0.70740019 0.74758098 0.71011673] 
 f1: [0.11235955 0.69580925 0.62293676 0.73052415 0.37863071] 
 f1_avg: 0.6709651140067914

--- 203.6007730960846 seconds ---

Train Epoch: 38 accuracy: 0.57 
 precision: [0.0970255  0.81346982 0.47692783 0.6452428  0.27577903] 
 recall: [0.2965368  0.52202701 0.53037757 0.76846582 0.56093217] 
 f1: [0.14621131 0.63594792 0.50223462 0.70148407 0.36976517] 
 f1_avg: 0.5904920352510428


Validation Epoch: 38 accuracy: 0.64 
 precision: [0.05       0.87418655 0.55013045 0.72245585 0.24763833] 
 recall: [0.33333333 0.56476476 0.71859786 0.72275978 0.71400778] 
 f1: [0.08695652 0.68620774 0.62317923 0.72260778 0.36773547] 
 f1_avg: 0.6636791569574222

--- 208.9443974494934 seconds ---

Train Epoch: 39 accuracy: 0.57 
 precision: [0.08265273 0.8143527  0.47681643 0.6443248  0.27733826] 
 recall: [0.27380952 0.52061936 0.5312357  0.76728819 0.55677601] 
 f1: [0.12697616 0.63517102 0.50255716 0.70045092 0.37024973] 
 f1_avg: 0.5898007394891545


Validation Epoch: 39 accuracy: 0.65 
 precision: [0.05076142 0.87344461 0.55572403 0.72309603 0.25842697] 
 recall: [0.33333333 0.57617618 0.71372931 0.73496003 0.71595331] 
 f1: [0.08810573 0.69433052 0.62489344 0.72897976 0.37977296] 
 f1_avg: 0.6702450778841472

--- 214.28605818748474 seconds ---

Train Epoch: 40 accuracy: 0.57 
 precision: [0.07025411 0.81730495 0.48104911 0.64887314 0.28074506] 
 recall: [0.254329   0.52348678 0.53512586 0.76663395 0.55707288] 
 f1: [0.11009604 0.63820253 0.50664861 0.70285509 0.37333997] 
 f1_avg: 0.5927172080351745


Validation Epoch: 40 accuracy: 0.65 
 precision: [0.07407407 0.8738574  0.55923617 0.71229606 0.25169607] 
 recall: [0.33333333 0.57417417 0.69863681 0.75305006 0.72178988] 
 f1: [0.12121212 0.69300471 0.62121212 0.73210634 0.37323944] 
 f1_avg: 0.6693306354710222

--- 219.62427496910095 seconds ---

Train Epoch: 41 accuracy: 0.57 
 precision: [0.05866667 0.81312926 0.47867994 0.64604981 0.28018588] 
 recall: [0.23809524 0.52210521 0.52276888 0.76879293 0.54594033] 
 f1: [0.09413778 0.63590183 0.4997539  0.70209715 0.37031816] 
 f1_avg: 0.5894747411664297


Validation Epoch: 41 accuracy: 0.65 
 precision: [0.07518797 0.87286585 0.56267191 0.70634299 0.25788752] 
 recall: [0.33333333 0.57317317 0.69717624 0.75893984 0.73151751] 
 f1: [0.12269939 0.69196375 0.62274407 0.73169742 0.38133874] 
 f1_avg: 0.6694492592923219

--- 224.95389533042908 seconds ---

Train Epoch: 42 accuracy: 0.58 
 precision: [0.09860279 0.81414182 0.48208893 0.64274469 0.27666956] 
 recall: [0.26731602 0.52674522 0.52969108 0.77461564 0.56820543] 
 f1: [0.14406533 0.6396442  0.50477021 0.70254554 0.37213824] 
 f1_avg: 0.5932379864111706


Validation Epoch: 42 accuracy: 0.64 
 precision: [0.02159827 0.87380668 0.57013769 0.72189597 0.26399447] 
 recall: [0.33333333 0.58638639 0.64508277 0.72402188 0.74319066] 
 f1: [0.04056795 0.70180903 0.60529922 0.72295736 0.38959714] 
 f1_avg: 0.6688826826032811

--- 230.27975487709045 seconds ---

Train Epoch: 43 accuracy: 0.57 
 precision: [0.07616167 0.81197237 0.48321324 0.64875325 0.27748305] 
 recall: [0.29978355 0.52400813 0.51790618 0.76768073 0.55900252] 
 f1: [0.12146459 0.63695559 0.49995858 0.70322426 0.37087006] 
 f1_avg: 0.5906195623215341


Validation Epoch: 43 accuracy: 0.66 
 precision: [0.06944444 0.86678456 0.55704956 0.72562731 0.27090779] 
 recall: [0.33333333 0.58878879 0.70593963 0.74211191 0.73735409] 
 f1: [0.11494253 0.70123987 0.62271849 0.73377704 0.39623628] 
 f1_avg: 0.67533186066002

New best val score, save model ...
--- 235.69887900352478 seconds ---

Train Epoch: 44 accuracy: 0.57 
 precision: [0.07943645 0.81669706 0.48190258 0.64908688 0.28116456] 
 recall: [0.28679654 0.52531151 0.52860412 0.76735361 0.56479145] 
 f1: [0.12441315 0.63937053 0.50417417 0.70328287 0.37543167] 
 f1_avg: 0.5931666779505916


Validation Epoch: 44 accuracy: 0.65 
 precision: [0.06896552 0.86786876 0.55711501 0.71647819 0.26052819] 
 recall: [0.33333333 0.58778779 0.69571568 0.74631889 0.71011673] 
 f1: [0.11428571 0.70088327 0.61874865 0.73109417 0.38120104] 
 f1_avg: 0.6729185937582082

--- 241.0283534526825 seconds ---

Train Epoch: 45 accuracy: 0.57 
 precision: [0.0803653  0.8148178  0.47943425 0.647938   0.28688708] 
 recall: [0.28571429 0.52692769 0.52745995 0.76578345 0.57058038] 
 f1: [0.12544547 0.63998734 0.50230176 0.70194903 0.38180373] 
 f1_avg: 0.5933497894859875


Validation Epoch: 45 accuracy: 0.65 
 precision: [0.05494505 0.86120059 0.56027233 0.71474617 0.26398852] 
 recall: [0.33333333 0.58878879 0.68111003 0.74631889 0.71595331] 
 f1: [0.09433962 0.69940547 0.61480993 0.7301914  0.38574423] 
 f1_avg: 0.6713257370248026

--- 246.35861444473267 seconds ---

Train Epoch: 46 accuracy: 0.58 
 precision: [0.10021097 0.8155452  0.48996408 0.64177884 0.27886742] 
 recall: [0.30844156 0.53362703 0.53066362 0.77042852 0.56137747] 
 f1: [0.15127389 0.64513181 0.50950236 0.7002438  0.37262919] 
 f1_avg: 0.5966397698822471


Validation Epoch: 46 accuracy: 0.65 
 precision: [0.08       0.86527123 0.55934195 0.72313372 0.25786594] 
 recall: [0.33333333 0.58758759 0.69522882 0.74169121 0.73346304] 
 f1: [0.12903226 0.69989269 0.6199262  0.73229491 0.38157895] 
 f1_avg: 0.6730150408282606

--- 251.70648908615112 seconds ---

Train Epoch: 47 accuracy: 0.58 
 precision: [0.08288854 0.81771403 0.48103155 0.64936855 0.28476276] 
 recall: [0.28571429 0.52609353 0.53461098 0.7703631  0.56479145] 
 f1: [0.12849842 0.64026141 0.506408   0.70471004 0.3786258 ] 
 f1_avg: 0.5946939566585554


Validation Epoch: 47 accuracy: 0.65 
 precision: [0.0862069  0.86876721 0.55471125 0.72217709 0.2555332 ] 
 recall: [0.33333333 0.56856857 0.71080818 0.74800168 0.74124514] 
 f1: [0.1369863  0.68731849 0.62313274 0.73486257 0.38004988] 
 f1_avg: 0.66793320577701

--- 257.06213569641113 seconds ---

Train Epoch: 48 accuracy: 0.58 
 precision: [0.11453397 0.81879681 0.48071048 0.64654796 0.27689633] 
 recall: [0.31385281 0.53005578 0.53106407 0.77441937 0.56731483] 
 f1: [0.16782407 0.64352174 0.50463429 0.70473015 0.3721519 ] 
 f1_avg: 0.5957994305599589


Validation Epoch: 48 accuracy: 0.65 
 precision: [0.08064516 0.86362297 0.55451348 0.72582619 0.26231783] 
 recall: [0.33333333 0.58698699 0.69084713 0.74842238 0.73540856] 
 f1: [0.12987013 0.69892729 0.61521786 0.73695112 0.38670077] 
 f1_avg: 0.6729380573828885

--- 262.38711524009705 seconds ---

Train Epoch: 49 accuracy: 0.58 
 precision: [0.07004901 0.81684776 0.48270069 0.65197627 0.28746615] 
 recall: [0.26298701 0.53107242 0.52597254 0.76944717 0.56716639] 
 f1: [0.11063055 0.64366618 0.50340844 0.70585764 0.38154676] 
 f1_avg: 0.595949110642859


Validation Epoch: 49 accuracy: 0.65 
 precision: [0.07407407 0.86340438 0.55555556 0.72441908 0.25168237] 
 recall: [0.33333333 0.57577578 0.69376826 0.74758098 0.72762646] 
 f1: [0.12121212 0.69084795 0.61701667 0.73581781 0.374     ] 
 f1_avg: 0.6683098313950695

--- 267.716730594635 seconds ---

Train Epoch: 50 accuracy: 0.58 
 precision: [0.10335821 0.82016524 0.48315015 0.64947316 0.28294207] 
 recall: [0.29978355 0.53307961 0.53312357 0.77023225 0.57785364] 
 f1: [0.15371809 0.64617037 0.50690818 0.70471687 0.379879  ] 
 f1_avg: 0.5980862640353152


Validation Epoch: 50 accuracy: 0.66 
 precision: [0.06329114 0.86699941 0.56669361 0.71964502 0.26290434] 
 recall: [0.33333333 0.59119119 0.68257059 0.75052587 0.74319066] 
 f1: [0.10638298 0.70301155 0.61925795 0.73476112 0.38840874] 
 f1_avg: 0.6753118626548091

--- 273.0487093925476 seconds ---

Train Epoch: 51 accuracy: 0.58 
 precision: [0.0997191  0.81963525 0.48226101 0.64990915 0.28327246] 
 recall: [0.30735931 0.53188051 0.52957666 0.77219496 0.57562713] 
 f1: [0.15058324 0.64512457 0.50481254 0.70579441 0.37969354] 
 f1_avg: 0.5972685443011102


Validation Epoch: 51 accuracy: 0.66 
 precision: [0.06535948 0.86247153 0.56136087 0.72219976 0.27439472] 
 recall: [0.33333333 0.60640641 0.67478092 0.75136727 0.72762646] 
 f1: [0.10928962 0.71211943 0.61286757 0.73649485 0.39850826] 
 f1_avg: 0.6795011753978667

New best val score, save model ...
--- 278.47667050361633 seconds ---

Train Epoch: 52 accuracy: 0.58 
 precision: [0.09822362 0.81637062 0.48393971 0.65035539 0.28974684] 
 recall: [0.30519481 0.53193264 0.5326659  0.77821394 0.575924  ] 
 f1: [0.1486166  0.64414912 0.50713508 0.70856292 0.38553259] 
 f1_avg: 0.5983221903031096


Validation Epoch: 52 accuracy: 0.65 
 precision: [0.05524862 0.86753017 0.56272545 0.72226721 0.26278907] 
 recall: [0.33333333 0.58998999 0.6835443  0.75052587 0.72957198] 
 f1: [0.09478673 0.70233556 0.61727852 0.73612544 0.38639876] 
 f1_avg: 0.6747521494258135

--- 283.82440519332886 seconds ---

Train Epoch: 53 accuracy: 0.58 
 precision: [0.09353307 0.81830004 0.48635001 0.64928235 0.28615109] 
 recall: [0.27705628 0.54131693 0.52894737 0.77540072 0.56954134] 
 f1: [0.1398525  0.65159478 0.50675509 0.7067593  0.38091929] 
 f1_avg: 0.6010160291778361


Validation Epoch: 53 accuracy: 0.66 
 precision: [0.04310345 0.86215827 0.57012826 0.72181965 0.27386197] 
 recall: [0.33333333 0.5997998  0.67088608 0.75431216 0.72568093] 
 f1: [0.07633588 0.70743802 0.61641691 0.73770829 0.39765458] 
 f1_avg: 0.6780331356739779

--- 289.16487288475037 seconds ---

Train Epoch: 54 accuracy: 0.58 
 precision: [0.09790941 0.8230318  0.49080435 0.64717413 0.28137667] 
 recall: [0.30411255 0.53766748 0.53129291 0.77762512 0.56672109] 
 f1: [0.14812862 0.6504265  0.51024669 0.70642774 0.37604649] 
 f1_avg: 0.600837915528338


Validation Epoch: 54 accuracy: 0.65 
 precision: [0.07352941 0.86477612 0.55698673 0.72922578 0.25979381] 
 recall: [0.33333333 0.57997998 0.69474197 0.75683635 0.73540856] 
 f1: [0.12048193 0.69430797 0.61828423 0.74277457 0.38395124] 
 f1_avg: 0.6724738868775977

--- 294.4951124191284 seconds ---

Train Epoch: 55 accuracy: 0.58 
 precision: [0.09465855 0.8225077  0.48332385 0.65078664 0.29016357] 
 recall: [0.3030303  0.53573849 0.5347254  0.77127903 0.57666617] 
 f1: [0.14425554 0.64885002 0.50772699 0.70592814 0.38606777] 
 f1_avg: 0.6002258549836875


Validation Epoch: 55 accuracy: 0.66 
 precision: [0.06711409 0.86138614 0.56087824 0.73017171 0.27790262] 
 recall: [0.33333333 0.60960961 0.68403116 0.75136727 0.72178988] 
 f1: [0.11173184 0.71395076 0.61636324 0.74061787 0.401298  ] 
 f1_avg: 0.6822730146787714

New best val score, save model ...
--- 299.9033668041229 seconds ---

Train Epoch: 56 accuracy: 0.58 
 precision: [0.10550954 0.82095533 0.48796248 0.65191611 0.2876651 ] 
 recall: [0.31709957 0.539414   0.53569794 0.77684004 0.57221315] 
 f1: [0.15833558 0.65105084 0.51071721 0.70891668 0.38285828] 
 f1_avg: 0.6024313226488465


Validation Epoch: 56 accuracy: 0.66 
 precision: [0.05128205 0.87007991 0.56193472 0.72061192 0.27392257] 
 recall: [0.33333333 0.58858859 0.69571568 0.75305006 0.72957198] 
 f1: [0.08888889 0.70217339 0.62170981 0.73647398 0.39830058] 
 f1_avg: 0.6762627745918366

--- 305.2290289402008 seconds ---

Train Epoch: 57 accuracy: 0.58 
 precision: [0.09026055 0.82173054 0.48811152 0.65264798 0.29205607] 
 recall: [0.31493506 0.54215109 0.53083524 0.76754989 0.57518183] 
 f1: [0.14030858 0.65328559 0.50857769 0.70545083 0.38740315] 
 f1_avg: 0.6025495744739637


Validation Epoch: 57 accuracy: 0.66 
 precision: [0.0625     0.85661451 0.56410256 0.71439905 0.27654867] 
 recall: [0.33333333 0.6028028  0.66407011 0.75767775 0.72957198] 
 f1: [0.10526316 0.70763807 0.61001789 0.7354022  0.40106952] 
 f1_avg: 0.6765283437008601

--- 310.5604193210602 seconds ---

Train Epoch: 58 accuracy: 0.57 
 precision: [0.04181256 0.82222492 0.49438264 0.64876033 0.29374022] 
 recall: [0.21969697 0.5306032  0.51607551 0.7703631  0.55722132] 
 f1: [0.07025437 0.64498241 0.50499622 0.70435173 0.38469027] 
 f1_avg: 0.5964453831534373


Validation Epoch: 58 accuracy: 0.64 
 precision: [0.02309469 0.88301182 0.58209588 0.7196636  0.26616746] 
 recall: [0.33333333 0.56816817 0.66796495 0.75599495 0.76070039] 
 f1: [0.04319654 0.69143623 0.62208116 0.73738203 0.39435199] 
 f1_avg: 0.6708353625085735

--- 315.90180587768555 seconds ---

Train Epoch: 59 accuracy: 0.58 
 precision: [0.07726515 0.81992993 0.48885114 0.65281752 0.29585119] 
 recall: [0.3008658  0.53685939 0.52677346 0.77612038 0.57369749] 
 f1: [0.12295444 0.64886578 0.50710431 0.70914906 0.39038432] 
 f1_avg: 0.6008395306308446


Validation Epoch: 59 accuracy: 0.66 
 precision: [0.07751938 0.85891518 0.55897436 0.71545667 0.2856025 ] 
 recall: [0.33333333 0.595996   0.68987342 0.77114009 0.71011673] 
 f1: [0.12578616 0.70369933 0.61756374 0.74225552 0.40736607] 
 f1_avg: 0.6781299063110102

--- 321.2392108440399 seconds ---

Train Epoch: 60 accuracy: 0.58 
 precision: [0.07447447 0.82397716 0.48804656 0.64823374 0.29454797] 
 recall: [0.26839827 0.54178614 0.53255149 0.77075564 0.56776013] 
 f1: [0.11659614 0.65372881 0.50932866 0.70420515 0.38787203] 
 f1_avg: 0.6024523271189917


Validation Epoch: 60 accuracy: 0.65 
 precision: [0.03496503 0.86522512 0.57107128 0.71417102 0.26798307] 
 recall: [0.33333333 0.58478478 0.66699124 0.74842238 0.73929961] 
 f1: [0.06329114 0.69788556 0.61531552 0.73089565 0.39337474] 
 f1_avg: 0.6711362819674941

--- 326.5866816043854 seconds ---

Train Epoch: 61 accuracy: 0.58 
 precision: [0.08159565 0.82251253 0.48833843 0.65394416 0.29853412] 
 recall: [0.29220779 0.54324592 0.52105263 0.77232581 0.59551729] 
 f1: [0.1275691  0.65432738 0.5041654  0.7082221  0.39770024] 
 f1_avg: 0.603346617837304


Validation Epoch: 61 accuracy: 0.66 
 precision: [0.04347826 0.86176728 0.57219694 0.71957041 0.27608696] 
 recall: [0.33333333 0.59159159 0.67332035 0.76104333 0.74124514] 
 f1: [0.07692308 0.70156695 0.61865355 0.73972603 0.40232313] 
 f1_avg: 0.6762760131060432

--- 331.9128403663635 seconds ---

Train Epoch: 62 accuracy: 0.59 
 precision: [0.09249184 0.82530862 0.48850757 0.65310481 0.29114941] 
 recall: [0.27597403 0.54199468 0.52768879 0.78030749 0.59180644] 
 f1: [0.13854931 0.65429943 0.50734283 0.71106209 0.39028927] 
 f1_avg: 0.6040839933424657


Validation Epoch: 62 accuracy: 0.66 
 precision: [0.03546099 0.86555335 0.58041061 0.73041007 0.27991137] 
 recall: [0.33333333 0.61221221 0.66066212 0.75683635 0.73735409] 
 f1: [0.06410256 0.71716698 0.61794171 0.74338843 0.40578158] 
 f1_avg: 0.6849579185255606

New best val score, save model ...
--- 337.31996059417725 seconds ---

Train Epoch: 63 accuracy: 0.59 
 precision: [0.06602769 0.82447267 0.49369254 0.65912125 0.29451628] 
 recall: [0.26839827 0.54817267 0.52837529 0.7753353  0.56122903] 
 f1: [0.10598291 0.65851444 0.51044545 0.71252067 0.38630907] 
 f1_avg: 0.6063853389144351


Validation Epoch: 63 accuracy: 0.66 
 precision: [0.04975124 0.86080692 0.56663974 0.72226624 0.28714396] 
 recall: [0.33333333 0.597998   0.68305745 0.76693311 0.72568093] 
 f1: [0.08658009 0.70572947 0.61942605 0.74392981 0.4114727 ] 
 f1_avg: 0.6800236064001729

--- 342.6416790485382 seconds ---

Train Epoch: 64 accuracy: 0.59 
 precision: [0.09289277 0.82432326 0.49125781 0.65558076 0.29433245] 
 recall: [0.32251082 0.54772952 0.53043478 0.7750736  0.57429123] 
 f1: [0.14424008 0.65814696 0.51009518 0.71033697 0.38919626] 
 f1_avg: 0.6064006085882996


Validation Epoch: 64 accuracy: 0.67 
 precision: [0.03802281 0.85722041 0.57431579 0.73128834 0.29925187] 
 recall: [0.33333333 0.63223223 0.66407011 0.75220867 0.70038911] 
 f1: [0.06825939 0.72773361 0.61594039 0.741601   0.41933605] 
 f1_avg: 0.6901246766578704

New best val score, save model ...
--- 348.047860622406 seconds ---

Train Epoch: 65 accuracy: 0.59 
 precision: [0.10382707 0.82394475 0.49511677 0.65147512 0.28842361] 
 recall: [0.31709957 0.55362077 0.53363844 0.77435394 0.56434615] 
 f1: [0.15643353 0.6622595  0.51365639 0.70761965 0.38174607] 
 f1_avg: 0.6081718898140633


Validation Epoch: 65 accuracy: 0.66 
 precision: [0.05555556 0.86059744 0.56937011 0.72679791 0.27413412] 
 recall: [0.33333333 0.60560561 0.67332035 0.76104333 0.72373541] 
 f1: [0.0952381  0.71092832 0.61699755 0.74352651 0.39764832] 
 f1_avg: 0.6813451162986177

--- 353.37173533439636 seconds ---

Train Epoch: 66 accuracy: 0.58 
 precision: [0.05988304 0.82246885 0.49093527 0.65121339 0.29328155] 
 recall: [0.27705628 0.53511287 0.52671625 0.76368989 0.56048686] 
 f1: [0.09848048 0.64837889 0.50819672 0.70298103 0.38507037] 
 f1_avg: 0.5989068119923227


Validation Epoch: 66 accuracy: 0.66 
 precision: [0.05208333 0.85779555 0.56917978 0.71930517 0.27689992] 
 recall: [0.33333333 0.6014014  0.66893866 0.76651241 0.71595331] 
 f1: [0.09009009 0.70707308 0.61504029 0.74215886 0.39934889] 
 f1_avg: 0.6787565141458222

--- 358.70244002342224 seconds ---

Train Epoch: 67 accuracy: 0.59 
 precision: [0.11082187 0.8300756  0.49682472 0.65460146 0.29677658] 
 recall: [0.32251082 0.5523956  0.53707094 0.77854105 0.59447825] 
 f1: [0.16495987 0.66334852 0.5161645  0.71121205 0.39590747] 
 f1_avg: 0.6112664239580153


Validation Epoch: 67 accuracy: 0.66 
 precision: [0.05847953 0.86664747 0.56352051 0.73259623 0.26637555] 
 recall: [0.33333333 0.6024024  0.68889971 0.75262936 0.71206226] 
 f1: [0.09950249 0.71075942 0.61993428 0.74247769 0.38771186] 
 f1_avg: 0.6811160242591864

--- 364.038640499115 seconds ---

Train Epoch: 68 accuracy: 0.59 
 precision: [0.09159061 0.82435177 0.49265948 0.65542968 0.29378488] 
 recall: [0.30411255 0.55028414 0.53369565 0.77592411 0.57043194] 
 f1: [0.14078156 0.65999687 0.51235721 0.71060515 0.38782925] 
 f1_avg: 0.6076977658113369


Validation Epoch: 68 accuracy: 0.66 
 precision: [0.07751938 0.86043206 0.56512862 0.72734628 0.27175464] 
 recall: [0.33333333 0.60600601 0.67380721 0.75641565 0.74124514] 
 f1: [0.12578616 0.71114766 0.61470131 0.74159621 0.39770355] 
 f1_avg: 0.6806164919697235

Early stopping!

Test Epoch: accuracy: 0.66 
 precision: [0.07894737 0.88904223 0.47616927 0.75666973 0.25564457] 
 recall: [1.         0.6075066  0.59554318 0.84925142 0.67370441] 
 f1: [0.14634146 0.72179272 0.52920792 0.8002919  0.37064414] 
 f1_avg: 0.6817079866075056

--- 369.71701645851135 seconds ---

Test Epoch: accuracy: 0.67 
 precision: [0.03802281 0.85722041 0.57431579 0.73128834 0.29925187] 
 recall: [0.33333333 0.63223223 0.66407011 0.75220867 0.70038911] 
 f1: [0.06825939 0.72773361 0.61594039 0.741601   0.41933605] 
 f1_avg: 0.6901246766578704

--- 369.89142298698425 seconds ---
