Requirement already satisfied: scikit-learn in /net/cephfs/data/zifjia/condaenvs/audio_clf/lib/python3.8/site-packages (1.1.2)
Requirement already satisfied: joblib>=1.0.0 in /net/cephfs/data/zifjia/condaenvs/audio_clf/lib/python3.8/site-packages (from scikit-learn) (1.1.0)
Requirement already satisfied: scipy>=1.3.2 in /net/cephfs/data/zifjia/condaenvs/audio_clf/lib/python3.8/site-packages (from scikit-learn) (1.9.1)
Requirement already satisfied: threadpoolctl>=2.0.0 in /net/cephfs/data/zifjia/condaenvs/audio_clf/lib/python3.8/site-packages (from scikit-learn) (3.1.0)
Requirement already satisfied: numpy>=1.17.3 in /net/cephfs/data/zifjia/condaenvs/audio_clf/lib/python3.8/site-packages (from scikit-learn) (1.22.3)
Requirement already satisfied: tensorboard in /net/cephfs/data/zifjia/condaenvs/audio_clf/lib/python3.8/site-packages (2.10.1)
Requirement already satisfied: grpcio>=1.24.3 in /net/cephfs/home/zifjia/.local/lib/python3.8/site-packages (from tensorboard) (1.47.0)
Requirement already satisfied: markdown>=2.6.8 in /net/cephfs/home/zifjia/.local/lib/python3.8/site-packages (from tensorboard) (3.4.1)
Requirement already satisfied: google-auth<3,>=1.6.3 in /net/cephfs/home/zifjia/.local/lib/python3.8/site-packages (from tensorboard) (2.9.1)
Requirement already satisfied: google-auth-oauthlib<0.5,>=0.4.1 in /net/cephfs/home/zifjia/.local/lib/python3.8/site-packages (from tensorboard) (0.4.6)
Requirement already satisfied: absl-py>=0.4 in /net/cephfs/home/zifjia/.local/lib/python3.8/site-packages (from tensorboard) (1.2.0)
Requirement already satisfied: numpy>=1.12.0 in /net/cephfs/data/zifjia/condaenvs/audio_clf/lib/python3.8/site-packages (from tensorboard) (1.22.3)
Requirement already satisfied: setuptools>=41.0.0 in /net/cephfs/data/zifjia/condaenvs/audio_clf/lib/python3.8/site-packages (from tensorboard) (60.8.1)
Requirement already satisfied: tensorboard-data-server<0.7.0,>=0.6.0 in /net/cephfs/home/zifjia/.local/lib/python3.8/site-packages (from tensorboard) (0.6.1)
Requirement already satisfied: tensorboard-plugin-wit>=1.6.0 in /net/cephfs/home/zifjia/.local/lib/python3.8/site-packages (from tensorboard) (1.8.1)
Requirement already satisfied: werkzeug>=1.0.1 in /net/cephfs/data/zifjia/condaenvs/audio_clf/lib/python3.8/site-packages (from tensorboard) (2.1.2)
Requirement already satisfied: wheel>=0.26 in /net/cephfs/data/zifjia/condaenvs/audio_clf/lib/python3.8/site-packages (from tensorboard) (0.37.1)
Requirement already satisfied: requests<3,>=2.21.0 in /net/cephfs/data/zifjia/condaenvs/audio_clf/lib/python3.8/site-packages (from tensorboard) (2.28.1)
Requirement already satisfied: protobuf<3.20,>=3.9.2 in /net/cephfs/home/zifjia/.local/lib/python3.8/site-packages (from tensorboard) (3.19.4)
Requirement already satisfied: pyasn1-modules>=0.2.1 in /net/cephfs/home/zifjia/.local/lib/python3.8/site-packages (from google-auth<3,>=1.6.3->tensorboard) (0.2.8)
Requirement already satisfied: rsa<5,>=3.1.4 in /net/cephfs/home/zifjia/.local/lib/python3.8/site-packages (from google-auth<3,>=1.6.3->tensorboard) (4.9)
Requirement already satisfied: cachetools<6.0,>=2.0.0 in /net/cephfs/home/zifjia/.local/lib/python3.8/site-packages (from google-auth<3,>=1.6.3->tensorboard) (5.2.0)
Requirement already satisfied: six>=1.9.0 in /net/cephfs/data/zifjia/condaenvs/audio_clf/lib/python3.8/site-packages (from google-auth<3,>=1.6.3->tensorboard) (1.16.0)
Requirement already satisfied: requests-oauthlib>=0.7.0 in /net/cephfs/home/zifjia/.local/lib/python3.8/site-packages (from google-auth-oauthlib<0.5,>=0.4.1->tensorboard) (1.3.1)
Requirement already satisfied: importlib-metadata>=4.4 in /net/cephfs/home/zifjia/.local/lib/python3.8/site-packages (from markdown>=2.6.8->tensorboard) (4.12.0)
Requirement already satisfied: idna<4,>=2.5 in /net/cephfs/data/zifjia/condaenvs/audio_clf/lib/python3.8/site-packages (from requests<3,>=2.21.0->tensorboard) (3.4)
Requirement already satisfied: urllib3<1.27,>=1.21.1 in /net/cephfs/data/zifjia/condaenvs/audio_clf/lib/python3.8/site-packages (from requests<3,>=2.21.0->tensorboard) (1.26.12)
Requirement already satisfied: charset-normalizer<3,>=2 in /net/cephfs/data/zifjia/condaenvs/audio_clf/lib/python3.8/site-packages (from requests<3,>=2.21.0->tensorboard) (2.1.1)
Requirement already satisfied: certifi>=2017.4.17 in /net/cephfs/data/zifjia/condaenvs/audio_clf/lib/python3.8/site-packages (from requests<3,>=2.21.0->tensorboard) (2022.9.14)
Requirement already satisfied: zipp>=0.5 in /net/cephfs/data/zifjia/condaenvs/audio_clf/lib/python3.8/site-packages (from importlib-metadata>=4.4->markdown>=2.6.8->tensorboard) (3.8.0)
Requirement already satisfied: pyasn1<0.5.0,>=0.4.6 in /net/cephfs/home/zifjia/.local/lib/python3.8/site-packages (from pyasn1-modules>=0.2.1->google-auth<3,>=1.6.3->tensorboard) (0.4.8)
Requirement already satisfied: oauthlib>=3.0.0 in /net/cephfs/home/zifjia/.local/lib/python3.8/site-packages (from requests-oauthlib>=0.7.0->google-auth-oauthlib<0.5,>=0.4.1->tensorboard) (3.2.0)
Requirement already satisfied: torch in /net/cephfs/data/zifjia/condaenvs/audio_clf/lib/python3.8/site-packages (1.12.1)
Requirement already satisfied: torchvision in /net/cephfs/data/zifjia/condaenvs/audio_clf/lib/python3.8/site-packages (0.13.1)
Requirement already satisfied: torchaudio in /net/cephfs/data/zifjia/condaenvs/audio_clf/lib/python3.8/site-packages (0.12.1)
Requirement already satisfied: typing-extensions in /net/cephfs/data/zifjia/condaenvs/audio_clf/lib/python3.8/site-packages (from torch) (4.0.1)
Requirement already satisfied: numpy in /net/cephfs/data/zifjia/condaenvs/audio_clf/lib/python3.8/site-packages (from torchvision) (1.22.3)
Requirement already satisfied: pillow!=8.3.*,>=5.3.0 in /net/cephfs/data/zifjia/condaenvs/audio_clf/lib/python3.8/site-packages (from torchvision) (9.0.1)
Requirement already satisfied: requests in /net/cephfs/data/zifjia/condaenvs/audio_clf/lib/python3.8/site-packages (from torchvision) (2.28.1)
Requirement already satisfied: charset-normalizer<3,>=2 in /net/cephfs/data/zifjia/condaenvs/audio_clf/lib/python3.8/site-packages (from requests->torchvision) (2.1.1)
Requirement already satisfied: certifi>=2017.4.17 in /net/cephfs/data/zifjia/condaenvs/audio_clf/lib/python3.8/site-packages (from requests->torchvision) (2022.9.14)
Requirement already satisfied: urllib3<1.27,>=1.21.1 in /net/cephfs/data/zifjia/condaenvs/audio_clf/lib/python3.8/site-packages (from requests->torchvision) (1.26.12)
Requirement already satisfied: idna<4,>=2.5 in /net/cephfs/data/zifjia/condaenvs/audio_clf/lib/python3.8/site-packages (from requests->torchvision) (3.4)
{'name': 'chimp_wav2vec2_lstm_dropout_0.2_bw_0', 'data_path': '/home/cluster/zifjia/data/data_chimp/wav2vec2_split_0', 'test_only': False, 'balance_weights': False, 'model_type': 'lstm', 'n_embedding': 768, 'd_hid': 1024, 'nlayers': 2, 'batch_size': 1, 'n_epoch': 200, 'lr': 0.0001, 'dropout': 0.2, 'patience': 10, 'step_factor': 0.7, 'seed': 0}
cuda
Reading data ...
train, dev, test number of files: 188, 23, 24.
dev files:  ['ASO0485 Sonso MS single ph feeding_01', 'ASO2186 ZL single ph start_01', 'ASO0120 Sonso KZ single ph fg feeding_01', 'ASO4619 ZL unk group ph, PS single ph intro_01', 'ASO3700 HW single ph drum Travel_01', 'ASO0087 Sonso HW single ph feeding_01', 'ASO2860 PS single ph, PS ZL group ph fg, ZL single ph feeding, FK single ph, group fg, HW MS group ph drum, 7_15 FK single ph, 10_30 PS single ph start_01', 'ASO0907 Sonso PS single ph drum traveling_01', 'ASO3888 unk group ph resting, unk group pg, HW display drum, OK pg to HW, DL pg to HW, 1_35 unk single ph start, 3_30 KT single ph intro feeding_01', 'ASO3150 KT single ph_01', 'ASO3089 ZL single ph drum traveling_01', 'ASO0480 Sonso KZ KT group ph, KZ KT group ph, KT single ph feeding_01', 'ASO2860 MS comes back after long time, SM FK group scream, unk_m bark, FK SM fg, 3_30 PS single ph, PS ZL group ph fg, ZL single ph feeding, FK single ph, group fg, HW MS group ph drum, 7_15 FK single ph, 10_30 PS single ph start_01', 'ASO2038 HW single ph drum, IN DL JS group ph _01', 'ASO3192 FK single ph drum_01', 'ASO1579 HW single ph drum_01', 'ASO3106 ZD group ph drum, unk group ph other party, ZD single ph drum traveling-resting_02', 'ASO0651 Sonso FK single ph_01', 'ASO4567 KC display drum (not visible), FK SM group ph drum, 1_50 ZL single ph drum travel_01', 'ASO0782 Sonso ZL single ph drum_01', 'ASO4445 KT MS group ph drum traveling, 2_20 KT whimper, MS single ph drum, KT bark_01', 'ASO2554 PS single ph start nest_01', 'ASO1095 Sonso SQ single ph feeding_01']
test files:  ['ASO0778 Sonso ZL single ph start, ZL single ph drum_01', 'ASO0083 Sonso HW single ph slap_01', 'ASO3079 HW single ph drum traveling_01', 'ASO3654 HW single ph_01', 'ASO3041 MS single ph drum traveling_01', 'ASO2546 FK single fg ph feeding, HW single ph drum, FK fg, FK single ph, FK fg_01', 'ASO3457 KT single ph_01', 'ASO0020 Sonso SQ single ph, PS single ph other party 2_01', 'ASO0809 Sonso PS single ph_01', 'ASO3174 PS single ph feeding_01', 'ASO0089 Sonso HW single ph drum_01', 'ASO3799 KT single ph_01', 'ASO1472 MS single ph, SM KA group ph-pg_01', 'ASO1514 MS single ph intro, KC group ph_01', 'ASO3512 PS single ph_01', 'ASO2125 KL OK KC JS group ph, FK single ph, OK KL KC KO group ph, PS single ph, PS single ph feeding_01', 'ASO2860 PS single ph, PS ZL group ph fg, ZL single ph feeding, FK single ph, group fg, HW MS group ph drum, 7_15 FK single ph, 10_30 PS single ph start_02', 'ASO3995 PS MB group ph feeding, 1_40 PS single ph feeding, MB fg, 2_50 ML MB group ph-bark_01', 'ASO3737 HW single ph drum resting-traveling, 1_15 JN single ph feeding, HW single ph_01', 'ASO2125 KL OK KC JS group ph, FK single ph, OK KL KC KO group ph, PS single ph, PS single ph feeding_02', 'ASO1474 MS single ph intro_01', 'ASO3829 PS IN IS group ph resting, 1_30 HW single ph_01', 'ASO3128 KT single ph, ZL display drum, FK single ph drum display to KT, KT pg, ZL single ph drum 50m, FK single ph drum, KT single ph, ZL single ph drum 50m_01', 'ASO1624_02 HW single ph_01']
train_data_all: (78788, 769)
Labels in train_data_all:  {0.0: 924, 1.0: 38362, 2.0: 17480, 3.0: 15285, 4.0: 6737}
--- 1.2358324527740479 seconds ---
LSTM(
  (lstm): LSTM(768, 1024, num_layers=2, dropout=0.2, bidirectional=True)
  (hidden2tag): Linear(in_features=2048, out_features=5, bias=True)
)
Number of parameters: 39888901

Train Epoch: 1 accuracy: 0.53 
 precision: [0.01284404 0.77965049 0.44612058 0.59553178 0.22844646] 
 recall: [0.0530303  0.45821386 0.51939359 0.78652273 0.4031468 ] 
 f1: [0.02067947 0.5771984  0.47997674 0.6778304  0.29163535] 
 f1_avg: 0.5442068738500005


Validation Epoch: 1 accuracy: 0.61 
 precision: [0.01123596 0.86416473 0.51675875 0.72924335 0.18918919] 
 recall: [0.13333333 0.52092092 0.68305745 0.75010517 0.5311284 ] 
 f1: [0.02072539 0.65001249 0.58838331 0.73952717 0.27899847] 
 f1_avg: 0.6376363848705809

New best val score, save model ...
--- 8.857992887496948 seconds ---

Train Epoch: 2 accuracy: 0.58 
 precision: [0.02584493 0.83128919 0.48713498 0.68578171 0.27981972] 
 recall: [0.11255411 0.54947604 0.54588101 0.76048413 0.53451091] 
 f1: [0.04203719 0.66162369 0.5148376  0.72120366 0.36733653] 
 f1_avg: 0.608185964123974


Validation Epoch: 2 accuracy: 0.64 
 precision: [0.00932401 0.86931298 0.54272337 0.7635893  0.24259928] 
 recall: [0.13333333 0.56996997 0.67721519 0.7446361  0.6536965 ] 
 f1: [0.01742919 0.6885127  0.60255577 0.75399361 0.35387046] 
 f1_avg: 0.667143989746584

New best val score, save model ...
--- 12.570624113082886 seconds ---

Train Epoch: 3 accuracy: 0.61 
 precision: [0.02991914 0.84655552 0.51710987 0.70096656 0.32544711] 
 recall: [0.12012987 0.5916532  0.56624714 0.76388616 0.60234526] 
 f1: [0.04790678 0.69651543 0.54056416 0.73107507 0.42257628] 
 f1_avg: 0.6375898749803574


Validation Epoch: 3 accuracy: 0.66 
 precision: [0.00959233 0.86189112 0.55756117 0.78215678 0.28707375] 
 recall: [0.13333333 0.6022022  0.67672833 0.75978124 0.70428016] 
 f1: [0.01789709 0.70901591 0.61139213 0.77080666 0.40788732] 
 f1_avg: 0.6860313264220941

New best val score, save model ...
--- 16.275405168533325 seconds ---

Train Epoch: 4 accuracy: 0.64 
 precision: [0.03085592 0.85700297 0.53719832 0.70761641 0.36399831] 
 recall: [0.12445887 0.61600021 0.58575515 0.76951259 0.63782099] 
 f1: [0.04945173 0.71678597 0.56042693 0.73726768 0.4634883 ] 
 f1_avg: 0.6565842117990156


Validation Epoch: 4 accuracy: 0.68 
 precision: [0.01269036 0.8572605  0.56904277 0.78762976 0.33190395] 
 recall: [0.16666667 0.62522523 0.68013632 0.76609171 0.75291829] 
 f1: [0.02358491 0.72308405 0.61964959 0.77671145 0.46071429] 
 f1_avg: 0.6989290757693796

New best val score, save model ...
--- 19.97178053855896 seconds ---

Train Epoch: 5 accuracy: 0.65 
 precision: [0.03469388 0.8628155  0.54790873 0.71108576 0.39890261] 
 recall: [0.14718615 0.63268338 0.60028604 0.77468106 0.6474692 ] 
 f1: [0.05615194 0.73004271 0.57290273 0.74152237 0.49366229] 
 f1_avg: 0.6692909451264857


Validation Epoch: 5 accuracy: 0.68 
 precision: [0.0183908  0.85872203 0.57869052 0.79006969 0.36227824] 
 recall: [0.26666667 0.63763764 0.69279455 0.76314682 0.75486381] 
 f1: [0.0344086  0.73184743 0.63062265 0.77637492 0.48958991] 
 f1_avg: 0.707021209943756

New best val score, save model ...
--- 23.703238487243652 seconds ---

Train Epoch: 6 accuracy: 0.66 
 precision: [0.04009721 0.86854394 0.55819885 0.7151016  0.42037109] 
 recall: [0.17857143 0.64483082 0.61344394 0.77821394 0.64568799] 
 f1: [0.06548918 0.7401523  0.58451894 0.7453241  0.50921861] 
 f1_avg: 0.678967739164458


Validation Epoch: 6 accuracy: 0.69 
 precision: [0.02576112 0.85549133 0.58499796 0.78963415 0.38562753] 
 recall: [0.36666667 0.65185185 0.69863681 0.76272613 0.74124514] 
 f1: [0.04814004 0.73991592 0.63678722 0.77594693 0.50732357] 
 f1_avg: 0.7131870942287447

New best val score, save model ...
--- 27.40632939338684 seconds ---

Train Epoch: 7 accuracy: 0.67 
 precision: [0.04536862 0.8729222  0.56375388 0.71798561 0.43767677] 
 recall: [0.20779221 0.65160836 0.62374142 0.78351325 0.64316461] 
 f1: [0.07447634 0.74620138 0.59223248 0.74931957 0.52088718] 
 f1_avg: 0.6855026623597207


Validation Epoch: 7 accuracy: 0.70 
 precision: [0.02350427 0.85573686 0.5912469  0.79082969 0.40365985] 
 recall: [0.36666667 0.66146146 0.69717624 0.76188473 0.72957198] 
 f1: [0.04417671 0.74616079 0.63985702 0.77608742 0.51975052] 
 f1_avg: 0.7176104665159643

New best val score, save model ...
--- 31.098233699798584 seconds ---

Train Epoch: 8 accuracy: 0.67 
 precision: [0.04950957 0.87605995 0.57139894 0.7212143  0.44888843] 
 recall: [0.22943723 0.65981961 0.63043478 0.78802748 0.64138341] 
 f1: [0.08144449 0.75271727 0.5994669  0.753142   0.52814276] 
 f1_avg: 0.6917239840790137


Validation Epoch: 8 accuracy: 0.70 
 precision: [0.0237069  0.85524975 0.59626556 0.79184926 0.41123596] 
 recall: [0.36666667 0.67187187 0.69961052 0.76020194 0.71206226] 
 f1: [0.04453441 0.75255073 0.6438172  0.77570294 0.52136752] 
 f1_avg: 0.7216204898642181

New best val score, save model ...
--- 34.81543183326721 seconds ---

Train Epoch: 9 accuracy: 0.68 
 precision: [0.05036479 0.87882438 0.57674973 0.72463075 0.45241117] 
 recall: [0.23160173 0.66565872 0.63689931 0.7928034  0.63500074] 
 f1: [0.08273729 0.75753126 0.60533399 0.7571857  0.52837646] 
 f1_avg: 0.6961892318216912


Validation Epoch: 9 accuracy: 0.70 
 precision: [0.02564103 0.8533467  0.60331633 0.7915937  0.41163056] 
 recall: [0.4        0.68148148 0.69084713 0.76062263 0.70233463] 
 f1: [0.04819277 0.75779163 0.64412165 0.77579918 0.51905104] 
 f1_avg: 0.72422344478463

New best val score, save model ...
--- 38.55579853057861 seconds ---

Train Epoch: 10 accuracy: 0.68 
 precision: [0.05289855 0.88104191 0.58105023 0.72797462 0.4553856 ] 
 recall: [0.23701299 0.67186278 0.64061785 0.79574746 0.63633665] 
 f1: [0.08649289 0.76236394 0.6093818  0.76035383 0.53086496] 
 f1_avg: 0.7003117760084734


Validation Epoch: 10 accuracy: 0.70 
 precision: [0.02547771 0.84854465 0.6096396  0.79604396 0.41637832] 
 recall: [0.4        0.68868869 0.6835443  0.76188473 0.70233463] 
 f1: [0.04790419 0.76030501 0.64448015 0.77858985 0.52280956] 
 f1_avg: 0.7264147490799561

New best val score, save model ...
--- 42.318241596221924 seconds ---

Train Epoch: 11 accuracy: 0.69 
 precision: [0.05757727 0.88365228 0.5885753  0.73125935 0.45711241] 
 recall: [0.25       0.67887493 0.64662471 0.79967288 0.63678195] 
 f1: [0.09359806 0.76784503 0.61623596 0.7639375  0.53219204] 
 f1_avg: 0.705393242756801


Validation Epoch: 11 accuracy: 0.71 
 precision: [0.027897   0.84484436 0.61497563 0.79780702 0.42105263] 
 recall: [0.43333333 0.6954955  0.67575463 0.76525032 0.70038911] 
 f1: [0.05241935 0.76292961 0.64393412 0.78118961 0.52593134] 
 f1_avg: 0.728411544145024

New best val score, save model ...
--- 46.0684814453125 seconds ---

Train Epoch: 12 accuracy: 0.69 
 precision: [0.06214544 0.88597142 0.59222135 0.73455199 0.4573495 ] 
 recall: [0.26082251 0.68518325 0.64897025 0.80183186 0.63826629] 
 f1: [0.10037484 0.77274732 0.61929849 0.7667188  0.53287069] 
 f1_avg: 0.7091367100931645


Validation Epoch: 12 accuracy: 0.71 
 precision: [0.02758621 0.84224407 0.61541909 0.79746282 0.42266824] 
 recall: [0.4        0.7033033  0.6684518  0.76693311 0.69649805] 
 f1: [0.0516129  0.76652847 0.64084014 0.78190006 0.52608376] 
 f1_avg: 0.7297519832383034

New best val score, save model ...
--- 49.79975390434265 seconds ---

Train Epoch: 13 accuracy: 0.70 
 precision: [0.06828194 0.88745733 0.59541505 0.73827072 0.45701023] 
 recall: [0.26839827 0.69128304 0.65080092 0.8060844  0.64301618] 
 f1: [0.10886743 0.77718188 0.62187722 0.77068868 0.53428712] 
 f1_avg: 0.7128589046155571


Validation Epoch: 13 accuracy: 0.71 
 precision: [0.03178484 0.8408929  0.61719457 0.79982479 0.42007001] 
 recall: [0.43333333 0.70890891 0.66407011 0.7681952  0.70038911] 
 f1: [0.05922551 0.7692809  0.63977486 0.78369099 0.52516411] 
 f1_avg: 0.7313139690577122

New best val score, save model ...
--- 53.46651649475098 seconds ---

Train Epoch: 14 accuracy: 0.70 
 precision: [0.07154977 0.88949595 0.6006192  0.74038346 0.45952782] 
 recall: [0.27380952 0.69600125 0.65480549 0.80843965 0.64717233] 
 f1: [0.11345291 0.78094152 0.62654296 0.77291634 0.53744222] 
 f1_avg: 0.716480356791781


Validation Epoch: 14 accuracy: 0.72 
 precision: [0.03641457 0.83833881 0.62163396 0.7973913  0.42093023] 
 recall: [0.43333333 0.71531532 0.6630964  0.77156079 0.70428016] 
 f1: [0.06718346 0.77195636 0.64169611 0.78426342 0.52692868] 
 f1_avg: 0.7333015853359149

New best val score, save model ...
--- 57.17402148246765 seconds ---

Train Epoch: 15 accuracy: 0.70 
 precision: [0.07759662 0.89107208 0.6049467  0.7432757  0.45998324] 
 recall: [0.27813853 0.70220531 0.6590389  0.80994439 0.65177379] 
 f1: [0.12134089 0.78544458 0.63083536 0.77517924 0.5393355 ] 
 f1_avg: 0.7203186271709514


Validation Epoch: 15 accuracy: 0.72 
 precision: [0.04011461 0.83612273 0.62621135 0.79521739 0.42605634] 
 recall: [0.46666667 0.72012012 0.66066212 0.7694573  0.70622568] 
 f1: [0.07387863 0.773798   0.6429756  0.78212529 0.53147877] 
 f1_avg: 0.7342328140404791

New best val score, save model ...
--- 60.89173674583435 seconds ---

Train Epoch: 16 accuracy: 0.71 
 precision: [0.08320251 0.89280663 0.60869565 0.74759152 0.46278924] 
 recall: [0.28679654 0.7075752  0.66155606 0.81229964 0.65904705] 
 f1: [0.12898515 0.78947139 0.63402599 0.77860346 0.54375115] 
 f1_avg: 0.7241186887052575


Validation Epoch: 16 accuracy: 0.72 
 precision: [0.04281346 0.83556273 0.62978525 0.78947368 0.42739079] 
 recall: [0.46666667 0.72532533 0.65676728 0.769878   0.70428016] 
 f1: [0.07843137 0.77655128 0.64299333 0.77955272 0.53196179] 
 f1_avg: 0.7350411282230019

New best val score, save model ...
--- 64.65438556671143 seconds ---

Train Epoch: 17 accuracy: 0.71 
 precision: [0.0880829  0.89396374 0.61200485 0.74950334 0.46267262] 
 recall: [0.29437229 0.71072937 0.66378719 0.81452404 0.661422  ] 
 f1: [0.13559322 0.7918851  0.63684514 0.78066215 0.54447703] 
 f1_avg: 0.7264583460289231


Validation Epoch: 17 accuracy: 0.72 
 precision: [0.04929577 0.83505628 0.63002806 0.78299872 0.42622951] 
 recall: [0.46666667 0.72772773 0.65579357 0.77114009 0.70817121] 
 f1: [0.08917197 0.77770646 0.64265267 0.77702416 0.53216374] 
 f1_avg: 0.734989580718555

--- 67.96662640571594 seconds ---

Train Epoch: 18 accuracy: 0.72 
 precision: [0.09365456 0.89610941 0.6159742  0.75158161 0.46263419] 
 recall: [0.2987013  0.71568219 0.6666476  0.81609421 0.66528128] 
 f1: [0.14259881 0.7957971  0.64030991 0.78251051 0.54575342] 
 f1_avg: 0.7296816877386707


Validation Epoch: 18 accuracy: 0.72 
 precision: [0.05147059 0.83413297 0.63443396 0.78251599 0.42523364] 
 recall: [0.46666667 0.73093093 0.65481986 0.77198149 0.70817121] 
 f1: [0.09271523 0.77912932 0.64446574 0.77721305 0.53138686] 
 f1_avg: 0.736091605142586

New best val score, save model ...
--- 71.62332201004028 seconds ---

Train Epoch: 19 accuracy: 0.72 
 precision: [0.09790941 0.89841311 0.62170913 0.75360135 0.46430406] 
 recall: [0.30411255 0.72019186 0.67008009 0.81799149 0.67092178] 
 f1: [0.14812862 0.7994907  0.64498899 0.78447735 0.5488101 ] 
 f1_avg: 0.7332260037789335


Validation Epoch: 19 accuracy: 0.72 
 precision: [0.05813953 0.8335604  0.63731556 0.78018707 0.42573099] 
 recall: [0.5        0.73493493 0.65189873 0.77198149 0.70817121] 
 f1: [0.10416667 0.78114693 0.64452467 0.77606259 0.53177502] 
 f1_avg: 0.7368947572757888

New best val score, save model ...
--- 75.30653429031372 seconds ---

Train Epoch: 20 accuracy: 0.72 
 precision: [0.10469314 0.90044427 0.62528577 0.75604754 0.46462481] 
 recall: [0.31385281 0.72381523 0.67282609 0.8199542  0.67552323] 
 f1: [0.15701137 0.80252605 0.6481854  0.78670517 0.55056859] 
 f1_avg: 0.7360998203409387


Validation Epoch: 20 accuracy: 0.73 
 precision: [0.06147541 0.83355886 0.64134615 0.77815411 0.42941176] 
 recall: [0.5        0.73993994 0.64946446 0.77324358 0.71011673] 
 f1: [0.10948905 0.78396437 0.64537978 0.77569107 0.53519062] 
 f1_avg: 0.7385859978410589

New best val score, save model ...
--- 79.02389407157898 seconds ---

Train Epoch: 21 accuracy: 0.72 
 precision: [0.10271041 0.90128491 0.62831858 0.75986703 0.46831562] 
 recall: [0.31168831 0.72590063 0.67425629 0.82250572 0.68012468] 
 f1: [0.15450644 0.80414098 0.6504774  0.78994659 0.55468797] 
 f1_avg: 0.7383463422313673


Validation Epoch: 21 accuracy: 0.73 
 precision: [0.05976096 0.83314543 0.64316755 0.77674419 0.42806604] 
 recall: [0.5        0.73973974 0.64849075 0.77282289 0.70622568] 
 f1: [0.10676157 0.78366914 0.64581818 0.77477857 0.53303965] 
 f1_avg: 0.7381917554886553

--- 82.41036319732666 seconds ---

Train Epoch: 22 accuracy: 0.73 
 precision: [0.10957408 0.90321643 0.63164638 0.76148955 0.46794872] 
 recall: [0.32575758 0.72908086 0.67688787 0.82276742 0.68264806] 
 f1: [0.16398801 0.80686014 0.65348503 0.7909434  0.55526713] 
 f1_avg: 0.7406916861263526


Validation Epoch: 22 accuracy: 0.73 
 precision: [0.06097561 0.83299618 0.64723032 0.77520034 0.42553191] 
 recall: [0.5        0.74194194 0.64849075 0.77324358 0.70038911] 
 f1: [0.10869565 0.78483693 0.64785992 0.77422072 0.52941176] 
 f1_avg: 0.7388832439116833

New best val score, save model ...
--- 86.12809371948242 seconds ---

Train Epoch: 23 accuracy: 0.73 
 precision: [0.11053795 0.90401391 0.63470271 0.76248485 0.47129138] 
 recall: [0.32467532 0.73210469 0.67969108 0.82309454 0.68472614] 
 f1: [0.16492578 0.80902793 0.65642697 0.79163127 0.5583056 ] 
 f1_avg: 0.7428041464878198


Validation Epoch: 23 accuracy: 0.73 
 precision: [0.06329114 0.83292383 0.64987775 0.77622673 0.42384888] 
 recall: [0.5        0.74654655 0.64703019 0.77198149 0.69844358] 
 f1: [0.11235955 0.78737331 0.64845084 0.77409829 0.52755327] 
 f1_avg: 0.7401617374424884

New best val score, save model ...
--- 89.80382466316223 seconds ---

Train Epoch: 24 accuracy: 0.73 
 precision: [0.11742708 0.90578756 0.63861678 0.7658128  0.4750153 ] 
 recall: [0.33982684 0.73557166 0.68249428 0.82538436 0.69140567] 
 f1: [0.17454141 0.81185356 0.65982689 0.79448345 0.56313849] 
 f1_avg: 0.7460136054106532


Validation Epoch: 24 accuracy: 0.73 
 precision: [0.06355932 0.83244087 0.65311122 0.77309152 0.425     ] 
 recall: [0.5        0.74694695 0.6489776  0.77114009 0.69455253] 
 f1: [0.11278195 0.78737997 0.65103785 0.77211457 0.52732644] 
 f1_avg: 0.7402146741841631

New best val score, save model ...
--- 93.49425148963928 seconds ---

Train Epoch: 25 accuracy: 0.73 
 precision: [0.12       0.90714949 0.64181028 0.76842554 0.47456078] 
 recall: [0.34415584 0.73856942 0.68392449 0.8260386  0.69363218] 
 f1: [0.17795187 0.81422516 0.66219847 0.7961912  0.56355523] 
 f1_avg: 0.7481014412067262


Validation Epoch: 25 accuracy: 0.73 
 precision: [0.06521739 0.83433534 0.65605096 0.77501055 0.42789035] 
 recall: [0.5        0.75015015 0.65189873 0.77240219 0.69844358] 
 f1: [0.11538462 0.79000633 0.65396825 0.77370417 0.53067258] 
 f1_avg: 0.7426935254329828

New best val score, save model ...
--- 97.22300434112549 seconds ---

Train Epoch: 26 accuracy: 0.74 
 precision: [0.12001491 0.90845138 0.64457702 0.77024884 0.47609359] 
 recall: [0.34848485 0.74057661 0.6860984  0.82623487 0.69467122] 
 f1: [0.17854172 0.81596898 0.66468991 0.79726019 0.56497857] 
 f1_avg: 0.7498392749341125


Validation Epoch: 26 accuracy: 0.73 
 precision: [0.06410256 0.83452116 0.65493646 0.77580372 0.42583732] 
 recall: [0.5        0.75015015 0.65238559 0.77156079 0.692607  ] 
 f1: [0.11363636 0.79008962 0.65365854 0.77367644 0.52740741] 
 f1_avg: 0.7424912394336474

--- 100.52124881744385 seconds ---

Train Epoch: 27 accuracy: 0.74 
 precision: [0.11974474 0.90925665 0.64820094 0.77183339 0.47750935] 
 recall: [0.3452381  0.74101976 0.68947368 0.82682368 0.70120232] 
 f1: [0.17781494 0.81656278 0.66820059 0.79838277 0.56812989] 
 f1_avg: 0.751386001641158


Validation Epoch: 27 accuracy: 0.73 
 precision: [0.0660793  0.83533868 0.65640274 0.77343422 0.42891566] 
 recall: [0.5        0.75055055 0.65384615 0.77408498 0.692607  ] 
 f1: [0.11673152 0.79067806 0.65512195 0.77375946 0.5297619 ] 
 f1_avg: 0.7432380320939933

New best val score, save model ...
--- 104.17609167098999 seconds ---

Train Epoch: 28 accuracy: 0.74 
 precision: [0.12716981 0.91054211 0.64962325 0.77370124 0.47955353] 
 recall: [0.36471861 0.74344403 0.69050343 0.82917893 0.70149918] 
 f1: [0.18858422 0.81855232 0.66943982 0.80048001 0.56967213] 
 f1_avg: 0.7532946919763568


Validation Epoch: 28 accuracy: 0.73 
 precision: [0.06578947 0.83496007 0.65834557 0.77453469 0.42684401] 
 recall: [0.5        0.75355355 0.65481986 0.7702987  0.68677043] 
 f1: [0.11627907 0.79217089 0.65657798 0.77241088 0.52647278] 
 f1_avg: 0.7437934647930448

New best val score, save model ...
--- 107.88549017906189 seconds ---

Train Epoch: 29 accuracy: 0.74 
 precision: [0.1227154  0.91243154 0.65401413 0.7754902  0.48230988] 
 recall: [0.35606061 0.74693707 0.69393593 0.82800131 0.704171  ] 
 f1: [0.18252427 0.82143164 0.67338385 0.80088594 0.57249744] 
 f1_avg: 0.7558209318702348


Validation Epoch: 29 accuracy: 0.73 
 precision: [0.06278027 0.83581096 0.66062684 0.77491554 0.43373494] 
 recall: [0.46666667 0.75415415 0.65676728 0.77198149 0.70038911] 
 f1: [0.11067194 0.79288571 0.65869141 0.77344573 0.53571429] 
 f1_avg: 0.7452932866611172

New best val score, save model ...
--- 111.60824227333069 seconds ---

Train Epoch: 30 accuracy: 0.74 
 precision: [0.13046729 0.91288734 0.65760399 0.77824165 0.4839329 ] 
 recall: [0.37770563 0.7487618  0.69462243 0.82930978 0.71085053] 
 f1: [0.19394276 0.82271901 0.6756065  0.80296456 0.5758432 ] 
 f1_avg: 0.757764128287491


Validation Epoch: 30 accuracy: 0.74 
 precision: [0.06696429 0.83706495 0.66178624 0.77409766 0.43200963] 
 recall: [0.5        0.75595596 0.66017527 0.76693311 0.69844358] 
 f1: [0.11811024 0.79444561 0.66097977 0.77049873 0.533829  ] 
 f1_avg: 0.7457688249822801

New best val score, save model ...
--- 115.31320381164551 seconds ---

Train Epoch: 31 accuracy: 0.75 
 precision: [0.12788906 0.9136814  0.65854712 0.77794109 0.48701826] 
 recall: [0.35930736 0.7499609  0.69754005 0.83107622 0.71278017] 
 f1: [0.18863636 0.82376521 0.67748298 0.8036313  0.57865879] 
 f1_avg: 0.7589977197071529


Validation Epoch: 31 accuracy: 0.74 
 precision: [0.06334842 0.83776596 0.66486752 0.77379949 0.43757576] 
 recall: [0.46666667 0.75675676 0.65968841 0.77282289 0.70233463] 
 f1: [0.11155378 0.79520353 0.66226784 0.77331088 0.53920836] 
 f1_avg: 0.747341973463642

New best val score, save model ...
--- 119.03374004364014 seconds ---

Train Epoch: 32 accuracy: 0.75 
 precision: [0.14302059 0.91468669 0.66204206 0.78000736 0.48893626] 
 recall: [0.40584416 0.75264585 0.69885584 0.83159961 0.71500668] 
 f1: [0.21150592 0.82579224 0.67995102 0.80497768 0.58074628] 
 f1_avg: 0.761240147959064


Validation Epoch: 32 accuracy: 0.74 
 precision: [0.06880734 0.83772415 0.66195811 0.77409766 0.43530834] 
 recall: [0.5        0.75755756 0.66163583 0.76693311 0.70038911] 
 f1: [0.12096774 0.79562658 0.66179693 0.77049873 0.53691275] 
 f1_avg: 0.7466964215678306

--- 122.33347201347351 seconds ---

Train Epoch: 33 accuracy: 0.75 
 precision: [0.1266062  0.91586569 0.66548875 0.78146756 0.48993832] 
 recall: [0.36255411 0.75509619 0.70028604 0.82983317 0.71916283] 
 f1: [0.18767507 0.82774682 0.68244411 0.80492448 0.58282209] 
 f1_avg: 0.7626326530049823


Validation Epoch: 33 accuracy: 0.74 
 precision: [0.06465517 0.83719903 0.66568627 0.77584746 0.4377312 ] 
 recall: [0.5        0.75875876 0.66114898 0.7702987  0.69066148] 
 f1: [0.11450382 0.79605125 0.66340987 0.77306312 0.53584906] 
 f1_avg: 0.7477785784989391

New best val score, save model ...
--- 126.03543162345886 seconds ---

Train Epoch: 34 accuracy: 0.75 
 precision: [0.14206025 0.91735223 0.66827811 0.78259799 0.48861094] 
 recall: [0.41341991 0.75574788 0.70383295 0.83205757 0.71322547] 
 f1: [0.21145862 0.82874539 0.68559487 0.80657027 0.57992879] 
 f1_avg: 0.7641687014786783


Validation Epoch: 34 accuracy: 0.74 
 precision: [0.07142857 0.83762943 0.65923413 0.77677806 0.4381068 ] 
 recall: [0.5        0.76116116 0.66212269 0.76272613 0.70233463] 
 f1: [0.125      0.7975666  0.66067525 0.76968796 0.53961136] 
 f1_avg: 0.7473952535032309

--- 129.40596294403076 seconds ---

Train Epoch: 35 accuracy: 0.75 
 precision: [0.12442573 0.91838474 0.66961073 0.78361745 0.49132365] 
 recall: [0.3517316  0.75825035 0.70263158 0.83303893 0.72287368] 
 f1: [0.18382353 0.83067038 0.68572386 0.80757278 0.58502012] 
 f1_avg: 0.7654403401517178


Validation Epoch: 35 accuracy: 0.74 
 precision: [0.06113537 0.84005317 0.67175197 0.77810403 0.43649815] 
 recall: [0.46666667 0.75915916 0.66455696 0.78039546 0.68871595] 
 f1: [0.10810811 0.79756021 0.6681351  0.77924806 0.53433962] 
 f1_avg: 0.7508855723874557

New best val score, save model ...
--- 133.10622906684875 seconds ---

Train Epoch: 36 accuracy: 0.75 
 precision: [0.15097892 0.91933904 0.67213828 0.78668478 0.48983925] 
 recall: [0.43398268 0.75851103 0.70743707 0.83336605 0.71916283] 
 f1: [0.22402235 0.83121706 0.68933608 0.80935286 0.58275198] 
 f1_avg: 0.7671307664549266


Validation Epoch: 36 accuracy: 0.74 
 precision: [0.06306306 0.83735733 0.66165778 0.78149435 0.43530834] 
 recall: [0.46666667 0.76376376 0.66455696 0.75683635 0.70038911] 
 f1: [0.11111111 0.79886923 0.6631042  0.76896773 0.53691275] 
 f1_avg: 0.7481956473636266

--- 136.4598743915558 seconds ---

Train Epoch: 37 accuracy: 0.75 
 precision: [0.11841599 0.91992052 0.67310842 0.7856218  0.49627916] 
 recall: [0.33333333 0.76030968 0.70537757 0.83362774 0.73252189] 
 f1: [0.17475177 0.83253411 0.6888653  0.80891315 0.59169115] 
 f1_avg: 0.7677688277403281


Validation Epoch: 37 accuracy: 0.74 
 precision: [0.05833333 0.8409292  0.67175197 0.77912825 0.43813131] 
 recall: [0.46666667 0.76096096 0.66455696 0.78207825 0.67509728] 
 f1: [0.1037037  0.79894903 0.6681351  0.78060046 0.53139357] 
 f1_avg: 0.7517386743455002

New best val score, save model ...
--- 140.1374819278717 seconds ---

Train Epoch: 38 accuracy: 0.76 
 precision: [0.15568642 0.92111237 0.67693148 0.78842464 0.49377845] 
 recall: [0.45779221 0.76153485 0.70926773 0.83330062 0.72450646] 
 f1: [0.23235375 0.83375667 0.69272245 0.81024173 0.58729395] 
 f1_avg: 0.769777134005522


Validation Epoch: 38 accuracy: 0.74 
 precision: [0.06818182 0.83878761 0.66327026 0.78095238 0.43583535] 
 recall: [0.5        0.76456456 0.66553067 0.75893984 0.70038911] 
 f1: [0.12       0.79995811 0.66439854 0.76978878 0.53731343] 
 f1_avg: 0.7492509904857244

--- 143.4329493045807 seconds ---

Train Epoch: 39 accuracy: 0.76 
 precision: [0.1240791  0.92118737 0.6793075  0.78913541 0.49559912] 
 recall: [0.34632035 0.76445441 0.70709382 0.83539418 0.73549057] 
 f1: [0.18270054 0.83553428 0.69292221 0.81160618 0.59217209] 
 f1_avg: 0.7707864848884168


Validation Epoch: 39 accuracy: 0.74 
 precision: [0.06034483 0.84153608 0.67074364 0.78105263 0.44162437] 
 recall: [0.46666667 0.76336336 0.66747809 0.78039546 0.6770428 ] 
 f1: [0.10687023 0.80054587 0.66910688 0.78072391 0.53456221] 
 f1_avg: 0.7529412221678681

New best val score, save model ...
--- 147.11155152320862 seconds ---

Train Epoch: 40 accuracy: 0.76 
 precision: [0.15659031 0.92305514 0.68087318 0.79195296 0.49546188] 
 recall: [0.4512987  0.76458475 0.71195652 0.83702977 0.72925635] 
 f1: [0.23250627 0.83637971 0.69606801 0.81386768 0.59004384] 
 f1_avg: 0.7727369132252885


Validation Epoch: 40 accuracy: 0.74 
 precision: [0.06278027 0.83983348 0.67107843 0.78127696 0.43757576] 
 recall: [0.46666667 0.76736737 0.66650438 0.76188473 0.70233463] 
 f1: [0.11067194 0.80196673 0.66878359 0.771459   0.53920836] 
 f1_avg: 0.7516285470355077

--- 150.39649844169617 seconds ---

Train Epoch: 41 accuracy: 0.76 
 precision: [0.12547819 0.92373573 0.68428289 0.79119177 0.50070211] 
 recall: [0.35497835 0.76755644 0.71184211 0.83565587 0.74098263] 
 f1: [0.18541549 0.83843504 0.69779049 0.81281619 0.59759382] 
 f1_avg: 0.7740091322385577


Validation Epoch: 41 accuracy: 0.74 
 precision: [0.05882353 0.84143391 0.67470472 0.78387505 0.44642857] 
 recall: [0.46666667 0.76596597 0.66747809 0.78123685 0.68093385] 
 f1: [0.10447761 0.80192832 0.67107195 0.78255373 0.53929122] 
 f1_avg: 0.754711530934634

New best val score, save model ...
--- 154.08098983764648 seconds ---

Train Epoch: 42 accuracy: 0.76 
 precision: [0.1612409  0.92442006 0.68709092 0.79226724 0.49984896] 
 recall: [0.45562771 0.7687034  0.71464531 0.83788027 0.73682648] 
 f1: [0.23818953 0.8394011  0.70059729 0.81443561 0.59563235] 
 f1_avg: 0.7758675965486946


Validation Epoch: 42 accuracy: 0.74 
 precision: [0.06451613 0.83980689 0.66602036 0.78264642 0.43478261] 
 recall: [0.46666667 0.76616617 0.66893866 0.75893984 0.70038911] 
 f1: [0.11336032 0.80129816 0.66747632 0.77061085 0.53651267] 
 f1_avg: 0.7506911699647928

--- 157.41525650024414 seconds ---

Train Epoch: 43 accuracy: 0.76 
 precision: [0.12912197 0.92543667 0.68751716 0.79426906 0.50405284] 
 recall: [0.3517316  0.77065846 0.71618993 0.83781485 0.74766216] 
 f1: [0.18889858 0.84098538 0.7015607  0.81546103 0.60215182] 
 f1_avg: 0.7770310600946688


Validation Epoch: 43 accuracy: 0.74 
 precision: [0.06034483 0.84289167 0.675      0.78432203 0.44345616] 
 recall: [0.46666667 0.76796797 0.67039922 0.77871266 0.67898833] 
 f1: [0.10687023 0.80368741 0.67269174 0.78150728 0.53651038] 
 f1_avg: 0.7555408926003326

New best val score, save model ...
--- 161.07500529289246 seconds ---

Train Epoch: 44 accuracy: 0.77 
 precision: [0.15993965 0.92595257 0.68945227 0.79454094 0.50410459] 
 recall: [0.45887446 0.77157083 0.71721968 0.8379457  0.73831082] 
 f1: [0.2372028  0.84174155 0.70306191 0.8156663  0.59913274] 
 f1_avg: 0.7780804648703824


Validation Epoch: 44 accuracy: 0.74 
 precision: [0.06635071 0.83925071 0.66828558 0.78630615 0.43504902] 
 recall: [0.46666667 0.77137137 0.66991237 0.75851914 0.69066148] 
 f1: [0.11618257 0.80388066 0.66909798 0.77216274 0.53383459] 
 f1_avg: 0.7525595223633234

--- 164.35146951675415 seconds ---

Train Epoch: 45 accuracy: 0.77 
 precision: [0.12716535 0.92650418 0.69216346 0.79506677 0.50651433] 
 recall: [0.3495671  0.7719097  0.71802059 0.84141315 0.75018554] 
 f1: [0.18648961 0.84217112 0.70485497 0.81758368 0.60472629] 
 f1_avg: 0.7789429538534625


Validation Epoch: 45 accuracy: 0.75 
 precision: [0.05439331 0.84248523 0.67899408 0.78456319 0.43927649] 
 recall: [0.43333333 0.77097097 0.67039922 0.77829196 0.6614786 ] 
 f1: [0.09665428 0.80514322 0.67466928 0.78141499 0.52795031] 
 f1_avg: 0.7561836100967484

New best val score, save model ...
--- 168.02154183387756 seconds ---

Train Epoch: 46 accuracy: 0.77 
 precision: [0.16679657 0.92804071 0.69451769 0.79628594 0.50794133] 
 recall: [0.46320346 0.77490746 0.72328375 0.83879621 0.74528722] 
 f1: [0.24527221 0.84458903 0.7086089  0.81698847 0.60413909] 
 f1_avg: 0.7814767876126875


Validation Epoch: 46 accuracy: 0.74 
 precision: [0.06392694 0.84208224 0.6713253  0.7860262  0.43488943] 
 recall: [0.46666667 0.77077077 0.6781889  0.75725705 0.68871595] 
 f1: [0.1124498  0.80485001 0.67473965 0.77137347 0.53313253] 
 f1_avg: 0.7539718525943352

--- 171.31551909446716 seconds ---

Train Epoch: 47 accuracy: 0.77 
 precision: [0.12885154 0.92815249 0.6974359  0.79856249 0.51370344] 
 recall: [0.34848485 0.77553308 0.72356979 0.84317959 0.75953689] 
 f1: [0.18813906 0.84500682 0.71026253 0.82026477 0.61288777] 
 f1_avg: 0.7827607360271852


Validation Epoch: 47 accuracy: 0.75 
 precision: [0.05676856 0.84413883 0.67716535 0.78784014 0.44072165] 
 recall: [0.43333333 0.77417417 0.66991237 0.77955406 0.66536965] 
 f1: [0.1003861  0.80764411 0.67351933 0.7836752  0.53023256] 
 f1_avg: 0.7578674123715975

New best val score, save model ...
--- 175.0066680908203 seconds ---

Train Epoch: 48 accuracy: 0.77 
 precision: [0.17276663 0.92934411 0.69970202 0.80019943 0.51175699] 
 recall: [0.47510823 0.77933893 0.72540046 0.84003925 0.75270892] 
 f1: [0.25339105 0.84775705 0.71231953 0.8196355  0.6092755 ] 
 f1_avg: 0.7848904950503525


Validation Epoch: 48 accuracy: 0.74 
 precision: [0.06666667 0.84203627 0.66923447 0.78627622 0.43154034] 
 recall: [0.46666667 0.77157157 0.67672833 0.75683635 0.68677043] 
 f1: [0.11666667 0.80526536 0.67296054 0.77127546 0.53003003] 
 f1_avg: 0.7536427890315286

--- 178.30224585533142 seconds ---

Train Epoch: 49 accuracy: 0.77 
 precision: [0.1305205  0.93021879 0.7027042  0.8010049  0.51325133] 
 recall: [0.35822511 0.77803556 0.72545767 0.84481518 0.7617634 ] 
 f1: [0.19132948 0.8473484  0.71389968 0.82232694 0.61328872] 
 f1_avg: 0.7851795646861265


Validation Epoch: 49 accuracy: 0.75 
 precision: [0.05084746 0.8435048  0.68224764 0.78674596 0.44046095] 
 recall: [0.4        0.77477477 0.66796495 0.77913336 0.6692607 ] 
 f1: [0.09022556 0.80768027 0.67503075 0.78292116 0.53127413] 
 f1_avg: 0.7580402566908119

New best val score, save model ...
--- 182.0212061405182 seconds ---

Train Epoch: 50 accuracy: 0.78 
 precision: [0.17016317 0.92994322 0.70392515 0.80325518 0.51659247] 
 recall: [0.47402597 0.78132006 0.72740275 0.84272162 0.75790411] 
 f1: [0.25042882 0.84917768 0.7154714  0.82251525 0.61440347] 
 f1_avg: 0.7872438971045443


Validation Epoch: 50 accuracy: 0.75 
 precision: [0.06306306 0.84179688 0.67411365 0.79067722 0.43370508] 
 recall: [0.46666667 0.77657658 0.67575463 0.75641565 0.68093385] 
 f1: [0.11111111 0.80787254 0.67493314 0.77316706 0.52990159] 
 f1_avg: 0.7557830348731694

--- 185.41453623771667 seconds ---

Train Epoch: 51 accuracy: 0.78 
 precision: [0.13336036 0.93222022 0.70663039 0.80246531 0.52025736] 
 recall: [0.35606061 0.78301444 0.72797483 0.84756297 0.76814606] 
 f1: [0.19404306 0.85112773 0.71714382 0.82439785 0.62035483] 
 f1_avg: 0.7887772703723307


Validation Epoch: 51 accuracy: 0.75 
 precision: [0.04867257 0.84346505 0.68415792 0.78598726 0.43734015] 
 recall: [0.36666667 0.77777778 0.66650438 0.77871266 0.66536965] 
 f1: [0.0859375  0.8092907  0.67521578 0.78233305 0.52777778] 
 f1_avg: 0.7585518380669299

New best val score, save model ...
--- 189.12181663513184 seconds ---

Train Epoch: 52 accuracy: 0.78 
 precision: [0.17477264 0.9323806  0.70846725 0.8053838  0.51914118] 
 recall: [0.47835498 0.78572546 0.73140732 0.84363755 0.76087279] 
 f1: [0.25600927 0.85279389 0.71975455 0.82406697 0.61718139] 
 f1_avg: 0.7905589160024236


Validation Epoch: 52 accuracy: 0.75 
 precision: [0.0521327  0.84392686 0.67541302 0.7894277  0.43154034] 
 recall: [0.36666667 0.77617618 0.67672833 0.76020194 0.68677043] 
 f1: [0.09128631 0.80863489 0.67607004 0.77453922 0.53003003] 
 f1_avg: 0.7566733105838829

--- 192.45853877067566 seconds ---

Train Epoch: 53 accuracy: 0.78 
 precision: [0.13479497 0.93270483 0.70923913 0.80581439 0.52276611] 
 recall: [0.35930736 0.784005   0.73163616 0.84867517 0.77200534] 
 f1: [0.1960437  0.8519148  0.72026357 0.82668961 0.62339686] 
 f1_avg: 0.7905808295247038


Validation Epoch: 53 accuracy: 0.75 
 precision: [0.0531401  0.84543681 0.68267327 0.78689919 0.4351733 ] 
 recall: [0.36666667 0.78078078 0.67137293 0.77829196 0.65953307] 
 f1: [0.092827   0.81182348 0.67697595 0.78257191 0.52436195] 
 f1_avg: 0.7600849711709216

New best val score, save model ...
--- 196.17282962799072 seconds ---

Train Epoch: 54 accuracy: 0.78 
 precision: [0.17675545 0.93303902 0.71013211 0.80721611 0.52516523] 
 recall: [0.47402597 0.78783692 0.73495423 0.84455348 0.76666172] 
 f1: [0.25749559 0.85431212 0.72232999 0.8254628  0.62334057] 
 f1_avg: 0.7926844209036813


Validation Epoch: 54 accuracy: 0.75 
 precision: [0.05714286 0.84502165 0.67701261 0.79707576 0.43118149] 
 recall: [0.4        0.78158158 0.67964946 0.75683635 0.68871595] 
 f1: [0.1        0.81206448 0.67832847 0.77643505 0.53033708] 
 f1_avg: 0.7593508663723803

--- 199.5371069908142 seconds ---

Train Epoch: 55 accuracy: 0.78 
 precision: [0.13630832 0.93370474 0.7117853  0.80750124 0.52411219] 
 recall: [0.36363636 0.78640321 0.73283753 0.85076873 0.77111474] 
 f1: [0.19828858 0.85374689 0.72215802 0.82857052 0.62406151] 
 f1_avg: 0.7923412399646949


Validation Epoch: 55 accuracy: 0.75 
 precision: [0.04651163 0.845953   0.68303571 0.78708032 0.43037975] 
 recall: [0.33333333 0.77837838 0.67039922 0.77913336 0.6614786 ] 
 f1: [0.08163265 0.81076009 0.67665848 0.78308668 0.52147239] 
 f1_avg: 0.7594268784459439

--- 202.85352683067322 seconds ---

Train Epoch: 56 accuracy: 0.78 
 precision: [0.1778043  0.93569221 0.71317402 0.81098516 0.52665853] 
 recall: [0.48376623 0.7892967  0.73924485 0.84717043 0.76829449] 
 f1: [0.2600349  0.85628234 0.72597545 0.82868296 0.62493209] 
 f1_avg: 0.7952430951837828


Validation Epoch: 56 accuracy: 0.75 
 precision: [0.04672897 0.84647033 0.68270165 0.80080214 0.43062201] 
 recall: [0.33333333 0.78258258 0.68403116 0.75599495 0.70038911] 
 f1: [0.08196721 0.81327369 0.68336576 0.77775373 0.53333333] 
 f1_avg: 0.7614090604182082

New best val score, save model ...
--- 206.5331654548645 seconds ---

Train Epoch: 57 accuracy: 0.79 
 precision: [0.14320886 0.93566891 0.717953   0.81002425 0.53115517] 
 recall: [0.37770563 0.79088682 0.73758581 0.85220805 0.77942704] 
 f1: [0.20767629 0.85720744 0.727637   0.83058088 0.63177525] 
 f1_avg: 0.7964014569767179


Validation Epoch: 57 accuracy: 0.75 
 precision: [0.04716981 0.84555315 0.68483647 0.78888889 0.43291139] 
 recall: [0.33333333 0.78038038 0.6728335  0.77660917 0.66536965] 
 f1: [0.08264463 0.81166059 0.67878193 0.78270087 0.52453988] 
 f1_avg: 0.7603847081995178

--- 209.8267719745636 seconds ---

Train Epoch: 58 accuracy: 0.79 
 precision: [0.17749092 0.93743264 0.71931188 0.81097257 0.53131396] 
 recall: [0.47619048 0.7936239  0.74153318 0.85103042 0.77066944] 
 f1: [0.25859536 0.85955477 0.73025352 0.83051875 0.62899025] 
 f1_avg: 0.7984718488138074


Validation Epoch: 58 accuracy: 0.75 
 precision: [0.0462963  0.84750925 0.68111003 0.7944007  0.43206854] 
 recall: [0.33333333 0.77997998 0.68111003 0.76398822 0.68677043] 
 f1: [0.08130081 0.81234362 0.68111003 0.77889771 0.53042825] 
 f1_avg: 0.7605993350562196

--- 213.1227240562439 seconds ---

Train Epoch: 59 accuracy: 0.79 
 precision: [0.14678511 0.93724403 0.72172072 0.8103459  0.53333333] 
 recall: [0.37554113 0.79341536 0.7409611  0.85371279 0.78373163] 
 f1: [0.21107056 0.85935316 0.73121436 0.83146425 0.63472982] 
 f1_avg: 0.7987037137246789


Validation Epoch: 59 accuracy: 0.75 
 precision: [0.04761905 0.84563758 0.68538767 0.78629204 0.43076923] 
 recall: [0.33333333 0.78198198 0.67137293 0.77702987 0.6536965 ] 
 f1: [0.08333333 0.81256501 0.67830792 0.78163352 0.51931994] 
 f1_avg: 0.7602186565218129

--- 216.4408884048462 seconds ---

Train Epoch: 60 accuracy: 0.79 
 precision: [0.18571429 0.937381   0.72255877 0.81404519 0.53477463] 
 recall: [0.49242424 0.79565716 0.7437643  0.85089957 0.77838801] 
 f1: [0.26970954 0.86072416 0.7330082  0.83206449 0.63398416] 
 f1_avg: 0.8005096214514876


Validation Epoch: 60 accuracy: 0.75 
 precision: [0.04739336 0.84700281 0.68571429 0.79378284 0.42718447] 
 recall: [0.33333333 0.78358358 0.67770204 0.76272613 0.6848249 ] 
 f1: [0.08298755 0.8140599  0.68168462 0.77794465 0.52615845] 
 f1_avg: 0.7611352969315576

--- 219.74639558792114 seconds ---

Train Epoch: 61 accuracy: 0.79 
 precision: [0.14646465 0.93761728 0.72396824 0.81398967 0.53346061] 
 recall: [0.37662338 0.79456233 0.74061785 0.85574092 0.78803622] 
 f1: [0.21090909 0.86018259 0.73219841 0.83434331 0.63622746] 
 f1_avg: 0.8000105884950548


Validation Epoch: 61 accuracy: 0.75 
 precision: [0.04672897 0.84625351 0.68815592 0.79189765 0.4351733 ] 
 recall: [0.33333333 0.78458458 0.67039922 0.78123685 0.65953307] 
 f1: [0.08196721 0.81425306 0.67916153 0.78653113 0.52436195] 
 f1_avg: 0.7626637306448267

New best val score, save model ...
--- 223.41759872436523 seconds ---

Train Epoch: 62 accuracy: 0.79 
 precision: [0.19097367 0.93932708 0.72559455 0.81664581 0.54105933] 
 recall: [0.49458874 0.799072   0.74879863 0.85377821 0.78239573] 
 f1: [0.2755502  0.86354161 0.73701399 0.8347993  0.63972328] 
 f1_avg: 0.8038599678307802


Validation Epoch: 62 accuracy: 0.75 
 precision: [0.04366812 0.84676896 0.6841589  0.80062724 0.42111507] 
 recall: [0.33333333 0.78438438 0.67916261 0.75178797 0.69066148] 
 f1: [0.07722008 0.8143837  0.6816516  0.77543936 0.52321297] 
 f1_avg: 0.7605242137177556

--- 226.71154618263245 seconds ---

Train Epoch: 63 accuracy: 0.79 
 precision: [0.14273927 0.94064953 0.72553726 0.81452667 0.53874912] 
 recall: [0.37445887 0.79654345 0.74359268 0.85619889 0.7914502 ] 
 f1: [0.20669056 0.86261945 0.73445402 0.83484307 0.64109655] 
 f1_avg: 0.8021613619752893


Validation Epoch: 63 accuracy: 0.75 
 precision: [0.04405286 0.84747953 0.69088176 0.79560155 0.43384224] 
 recall: [0.33333333 0.78758759 0.67137293 0.77618847 0.66342412] 
 f1: [0.07782101 0.81643665 0.68098765 0.78577513 0.52461538] 
 f1_avg: 0.7639542755787799

New best val score, save model ...
--- 230.39052844047546 seconds ---

Train Epoch: 64 accuracy: 0.80 
 precision: [0.18456513 0.94045797 0.73012262 0.8170045  0.54614111] 
 recall: [0.48917749 0.80081852 0.7528032  0.85436703 0.7835832 ] 
 f1: [0.26801067 0.86503914 0.74128947 0.83526816 0.64366274] 
 f1_avg: 0.8058770743015901


Validation Epoch: 64 accuracy: 0.75 
 precision: [0.04672897 0.84928849 0.68829892 0.80097518 0.42995169] 
 recall: [0.33333333 0.78858859 0.68159688 0.76020194 0.692607  ] 
 f1: [0.08196721 0.81781377 0.68493151 0.78005612 0.53055142] 
 f1_avg: 0.7644117263264859

New best val score, save model ...
--- 234.0783884525299 seconds ---

Train Epoch: 65 accuracy: 0.79 
 precision: [0.14961307 0.94167306 0.72933631 0.81585009 0.53921569] 
 recall: [0.37662338 0.79961942 0.74811213 0.85737651 0.7918955 ] 
 f1: [0.21415385 0.86485191 0.73860491 0.836098   0.64157297] 
 f1_avg: 0.8045409961478747


Validation Epoch: 65 accuracy: 0.76 
 precision: [0.04975124 0.84600557 0.69223058 0.79750108 0.42984694] 
 recall: [0.33333333 0.79079079 0.67234664 0.77871266 0.65564202] 
 f1: [0.08658009 0.81746689 0.68214374 0.78799489 0.5192604 ] 
 f1_avg: 0.7649881091704976

New best val score, save model ...
--- 237.79292011260986 seconds ---

Train Epoch: 66 accuracy: 0.80 
 precision: [0.18934665 0.94178197 0.73163983 0.81986564 0.54787565] 
 recall: [0.49242424 0.80373807 0.75629291 0.8543016  0.78477067] 
 f1: [0.27351969 0.86730144 0.74376213 0.83672946 0.64526759] 
 f1_avg: 0.8080125127155919


Validation Epoch: 66 accuracy: 0.75 
 precision: [0.04545455 0.84857636 0.68975755 0.79699912 0.43168077] 
 recall: [0.33333333 0.78758759 0.67867575 0.75978124 0.69455253] 
 f1: [0.08       0.81694528 0.68417178 0.77794529 0.53243848] 
 f1_avg: 0.7634082100464848

--- 241.1330485343933 seconds ---

Train Epoch: 67 accuracy: 0.80 
 precision: [0.15430267 0.94232006 0.73282358 0.81827253 0.5471775 ] 
 recall: [0.39393939 0.80233043 0.75114416 0.85842329 0.79709069] 
 f1: [0.2217484  0.86670891 0.74187078 0.83786718 0.64890339] 
 f1_avg: 0.8072288384817315


Validation Epoch: 67 accuracy: 0.75 
 precision: [0.04424779 0.84539615 0.69426105 0.79286635 0.43316195] 
 recall: [0.33333333 0.79039039 0.66553067 0.77618847 0.65564202] 
 f1: [0.078125   0.81696844 0.67959234 0.78443878 0.52167183] 
 f1_avg: 0.763463799885137

--- 244.49730467796326 seconds ---

Train Epoch: 68 accuracy: 0.80 
 precision: [0.19607843 0.94282402 0.73519746 0.82088057 0.54822073] 
 recall: [0.50865801 0.80553673 0.75509153 0.85750736 0.78892682] 
 f1: [0.28304727 0.86879024 0.74501171 0.83879432 0.64690847] 
 f1_avg: 0.8096672723964559


Validation Epoch: 68 accuracy: 0.75 
 precision: [0.04608295 0.84854995 0.69120553 0.8047153  0.42736077] 
 recall: [0.33333333 0.79079079 0.68111003 0.76104333 0.68677043] 
 f1: [0.08097166 0.81865285 0.68612065 0.78227027 0.52686567] 
 f1_avg: 0.7654119690692562

New best val score, save model ...
--- 248.16030883789062 seconds ---

Train Epoch: 69 accuracy: 0.80 
 precision: [0.1553063  0.94339047 0.7377499  0.82100536 0.54978046] 
 recall: [0.38961039 0.80626662 0.75366133 0.86123651 0.79916877] 
 f1: [0.22208513 0.86945522 0.74562074 0.84063987 0.65142166] 
 f1_avg: 0.8101551807906655


Validation Epoch: 69 accuracy: 0.76 
 precision: [0.05076142 0.84771465 0.69443051 0.79896239 0.43057325] 
 recall: [0.33333333 0.79459459 0.67380721 0.77745057 0.65758755] 
 f1: [0.08810573 0.82029555 0.68396343 0.7880597  0.52040031] 
 f1_avg: 0.7668589747348414

New best val score, save model ...
--- 251.8209102153778 seconds ---

Train Epoch: 70 accuracy: 0.80 
 precision: [0.19498956 0.94427197 0.73988761 0.82189635 0.55313834] 
 recall: [0.50541126 0.80874303 0.76075515 0.85803075 0.78877839] 
 f1: [0.28141006 0.8712685  0.75017629 0.83957493 0.65026921] 
 f1_avg: 0.8124393705418603


Validation Epoch: 70 accuracy: 0.75 
 precision: [0.04484305 0.85133088 0.69295219 0.79648352 0.43065693] 
 recall: [0.33333333 0.78758759 0.68451801 0.76230543 0.68871595] 
 f1: [0.07905138 0.81821963 0.68870928 0.77901978 0.52994012] 
 f1_avg: 0.765105988890132

--- 255.1147105693817 seconds ---

Train Epoch: 71 accuracy: 0.80 
 precision: [0.15430267 0.94446139 0.73888517 0.82388878 0.55321782] 
 recall: [0.39393939 0.80723111 0.75680778 0.86463853 0.79620009] 
 f1: [0.2217484  0.87047084 0.74773909 0.84377195 0.65283271] 
 f1_avg: 0.8118440023679877


Validation Epoch: 71 accuracy: 0.76 
 precision: [0.04672897 0.84705882 0.69580596 0.79698276 0.43478261] 
 recall: [0.33333333 0.79279279 0.67039922 0.77787127 0.6614786 ] 
 f1: [0.08196721 0.81902792 0.68286635 0.78731105 0.52469136] 
 f1_avg: 0.766022135905627

--- 258.40929079055786 seconds ---

Train Epoch: 72 accuracy: 0.80 
 precision: [0.19468659 0.94456406 0.74155989 0.82519458 0.55965133] 
 recall: [0.50757576 0.81192326 0.76149886 0.8601243  0.7910049 ] 
 f1: [0.28142814 0.87323549 0.75139712 0.84229747 0.65551387] 
 f1_avg: 0.8146448034464893


Validation Epoch: 72 accuracy: 0.76 
 precision: [0.04524887 0.85227518 0.69757065 0.80105867 0.43115942] 
 recall: [0.33333333 0.79119119 0.68500487 0.76398822 0.69455253] 
 f1: [0.07968127 0.82059801 0.69123066 0.78208441 0.53204173] 
 f1_avg: 0.7676579076934295

New best val score, save model ...
--- 262.06376099586487 seconds ---

Train Epoch: 73 accuracy: 0.80 
 precision: [0.15491129 0.94578019 0.74162331 0.82445882 0.5574359 ] 
 recall: [0.38744589 0.80801314 0.75846682 0.86712463 0.8067389 ] 
 f1: [0.22132921 0.87148561 0.7499505  0.84525366 0.65930733] 
 f1_avg: 0.8136648915766583


Validation Epoch: 73 accuracy: 0.76 
 precision: [0.04975124 0.84901625 0.7030303  0.79562982 0.43902439] 
 recall: [0.33333333 0.79479479 0.67770204 0.78123685 0.66536965] 
 f1: [0.08658009 0.82101127 0.69013386 0.78836765 0.52900232] 
 f1_avg: 0.7690010782593953

New best val score, save model ...
--- 265.71497201919556 seconds ---

Train Epoch: 74 accuracy: 0.81 
 precision: [0.20230474 0.94650867 0.74453772 0.82622621 0.5620086 ] 
 recall: [0.51298701 0.81411292 0.76613272 0.86071312 0.79575479] 
 f1: [0.29017447 0.87533283 0.75518087 0.84311715 0.65876137] 
 f1_avg: 0.8170447504150448


Validation Epoch: 74 accuracy: 0.76 
 precision: [0.04651163 0.85126447 0.69860279 0.79779736 0.43312883] 
 recall: [0.33333333 0.7951952  0.68159688 0.76188473 0.68677043] 
 f1: [0.08163265 0.82227513 0.68999507 0.77942759 0.53122649] 
 f1_avg: 0.7675740124897937

--- 269.02152848243713 seconds ---

Train Epoch: 75 accuracy: 0.80 
 precision: [0.15680473 0.94625194 0.74679487 0.82520097 0.55722211] 
 recall: [0.40151515 0.81046348 0.75978261 0.86633955 0.80510613] 
 f1: [0.22553191 0.8731097  0.75323276 0.84527001 0.65861211] 
 f1_avg: 0.8151768854971493


Validation Epoch: 75 accuracy: 0.76 
 precision: [0.04651163 0.8491213  0.70177215 0.79413016 0.44167759] 
 recall: [0.33333333 0.79319319 0.67478092 0.78544384 0.65564202] 
 f1: [0.08163265 0.82020495 0.68801191 0.78976311 0.52779953] 
 f1_avg: 0.7684157515598369

--- 272.34139919281006 seconds ---

Train Epoch: 76 accuracy: 0.81 
 precision: [0.20208768 0.94759772 0.74926188 0.82747584 0.56440355] 
 recall: [0.52380952 0.81643293 0.7694508  0.8626104  0.79219237] 
 f1: [0.29165411 0.87713894 0.75922215 0.84467792 0.65917372] 
 f1_avg: 0.8191761538083104


Validation Epoch: 76 accuracy: 0.76 
 precision: [0.04504505 0.85211419 0.69850746 0.80276046 0.42857143] 
 recall: [0.33333333 0.79479479 0.6835443  0.75851914 0.69455253] 
 f1: [0.07936508 0.82245701 0.69094488 0.78001298 0.53006682] 
 f1_avg: 0.7679337724159814

--- 275.6921787261963 seconds ---

Train Epoch: 77 accuracy: 0.81 
 precision: [0.15691374 0.94783375 0.75085535 0.82841974 0.56147204] 
 recall: [0.39177489 0.81322663 0.76584668 0.86771344 0.81074662] 
 f1: [0.22407923 0.87538582 0.75827693 0.84761144 0.66346796] 
 f1_avg: 0.818256655676939


Validation Epoch: 77 accuracy: 0.76 
 precision: [0.04761905 0.85151904 0.7009018  0.80051702 0.4473342 ] 
 recall: [0.33333333 0.7967968  0.68111003 0.78165755 0.6692607 ] 
 f1: [0.08333333 0.82324956 0.6908642  0.79097488 0.53624318] 
 f1_avg: 0.7712580649394999

New best val score, save model ...
--- 279.42033314704895 seconds ---

Train Epoch: 78 accuracy: 0.81 
 precision: [0.21370236 0.94770177 0.75125432 0.82933869 0.56899079] 
 recall: [0.50974026 0.81909181 0.77093822 0.86476938 0.8067389 ] 
 f1: [0.3011509  0.87871585 0.760969   0.84668353 0.66732151] 
 f1_avg: 0.8215286805774296


Validation Epoch: 78 accuracy: 0.76 
 precision: [0.04608295 0.85395189 0.69880716 0.80105867 0.43643032] 
 recall: [0.33333333 0.795996   0.68451801 0.76398822 0.69455253] 
 f1: [0.08097166 0.82395607 0.69158879 0.78208441 0.53603604] 
 f1_avg: 0.7696238949514682

--- 282.7482068538666 seconds ---

Train Epoch: 79 accuracy: 0.81 
 precision: [0.16431718 0.94800073 0.75189235 0.8303053  0.56265458] 
 recall: [0.40367965 0.81455607 0.76716247 0.87006869 0.81044976] 
 f1: [0.23356293 0.8762268  0.75945066 0.84972206 0.66419318] 
 f1_avg: 0.8195092292522694


Validation Epoch: 79 accuracy: 0.76 
 precision: [0.04784689 0.85314986 0.70723014 0.79516539 0.4428934 ] 
 recall: [0.33333333 0.79439439 0.67624148 0.78880942 0.67898833] 
 f1: [0.08368201 0.82272445 0.69138875 0.79197466 0.53609831] 
 f1_avg: 0.7713349899058887

New best val score, save model ...
--- 286.3937954902649 seconds ---

Train Epoch: 80 accuracy: 0.81 
 precision: [0.20171674 0.94920069 0.75360945 0.82956042 0.57082586] 
 recall: [0.50865801 0.818779   0.77339817 0.86548904 0.80332492] 
 f1: [0.28887523 0.87917932 0.76337559 0.84714395 0.66740659] 
 f1_avg: 0.8222409076352168


Validation Epoch: 80 accuracy: 0.76 
 precision: [0.04524887 0.85257511 0.69846001 0.80105867 0.43757726] 
 recall: [0.33333333 0.7953954  0.68451801 0.76398822 0.68871595] 
 f1: [0.07968127 0.82299327 0.69141874 0.78208441 0.53514739] 
 f1_avg: 0.769056800087375

--- 289.6796247959137 seconds ---

Train Epoch: 81 accuracy: 0.81 
 precision: [0.16896398 0.94959714 0.75641674 0.83145857 0.56431364] 
 recall: [0.41125541 0.81721495 0.77048055 0.87046124 0.81401217] 
 f1: [0.23952096 0.87844654 0.76338387 0.85051299 0.66654512] 
 f1_avg: 0.8218870781203178


Validation Epoch: 81 accuracy: 0.76 
 precision: [0.05       0.84881255 0.70334686 0.80103806 0.45324675] 
 recall: [0.33333333 0.8014014  0.67526777 0.77913336 0.67898833] 
 f1: [0.08695652 0.82442591 0.68902136 0.78993389 0.54361371] 
 f1_avg: 0.7716104596358075

New best val score, save model ...
--- 293.34304022789 seconds ---

Train Epoch: 82 accuracy: 0.82 
 precision: [0.20555307 0.94943448 0.75628    0.83149448 0.57787189] 
 recall: [0.49675325 0.82276732 0.77505721 0.86777887 0.81015289] 
 f1: [0.29078239 0.88157417 0.76555348 0.84924929 0.67457669] 
 f1_avg: 0.8249340590621566


Validation Epoch: 82 accuracy: 0.76 
 precision: [0.04608295 0.85631068 0.70313277 0.79573171 0.4377312 ] 
 recall: [0.33333333 0.79459459 0.68841285 0.7686159  0.69066148] 
 f1: [0.08097166 0.82429907 0.69569496 0.7819388  0.53584906] 
 f1_avg: 0.7705973279372677

--- 296.6713092327118 seconds ---

Train Epoch: 83 accuracy: 0.81 
 precision: [0.17612613 0.94953254 0.75736365 0.83280185 0.56776329] 
 recall: [0.42316017 0.81807518 0.77374142 0.87137717 0.81460591] 
 f1: [0.24872774 0.8789156  0.76546494 0.85165292 0.66914589] 
 f1_avg: 0.8231286827084257


Validation Epoch: 83 accuracy: 0.76 
 precision: [0.04807692 0.85489774 0.70353762 0.79294218 0.45382586] 
 recall: [0.33333333 0.79499499 0.68743914 0.78460244 0.6692607 ] 
 f1: [0.08403361 0.82385892 0.69539522 0.78875026 0.5408805 ] 
 f1_avg: 0.7722076293143556

New best val score, save model ...
--- 300.37205600738525 seconds ---

Train Epoch: 84 accuracy: 0.82 
 precision: [0.21265378 0.9520709  0.75931996 0.83403427 0.57706207] 
 recall: [0.52380952 0.82331474 0.78186499 0.86928361 0.8058483 ] 
 f1: [0.3025     0.88302393 0.77042758 0.85129421 0.6725302 ] 
 f1_avg: 0.8270804693436035


Validation Epoch: 84 accuracy: 0.76 
 precision: [0.04716981 0.85331906 0.70514113 0.79643323 0.4447205 ] 
 recall: [0.33333333 0.7977978  0.68111003 0.7702987  0.69649805] 
 f1: [0.08264463 0.82462494 0.69291729 0.78314799 0.54283548] 
 f1_avg: 0.770841846027026

--- 303.6872911453247 seconds ---

Train Epoch: 85 accuracy: 0.82 
 precision: [0.17258427 0.95139182 0.7603728  0.8345733  0.57353399] 
 recall: [0.41558442 0.82143788 0.77477117 0.87333988 0.8202464 ] 
 f1: [0.24388695 0.88165184 0.76750446 0.85351662 0.67505497] 
 f1_avg: 0.8257235151514817


Validation Epoch: 85 accuracy: 0.76 
 precision: [0.04694836 0.85219991 0.7112928  0.79512404 0.4474359 ] 
 recall: [0.33333333 0.7987988  0.67770204 0.78207825 0.67898833] 
 f1: [0.08230453 0.82463573 0.69409125 0.78854719 0.53941267] 
 f1_avg: 0.7721988804776646

--- 306.9687535762787 seconds ---

Train Epoch: 86 accuracy: 0.82 
 precision: [0.20875274 0.95233223 0.76228457 0.83538655 0.57812169] 
 recall: [0.51623377 0.82493092 0.78186499 0.86954531 0.80955915] 
 f1: [0.29728888 0.88406526 0.77195063 0.85212374 0.67454084] 
 f1_avg: 0.8281971424560703


Validation Epoch: 86 accuracy: 0.76 
 precision: [0.05208333 0.85800474 0.70029383 0.8002611  0.44542033] 
 recall: [0.33333333 0.7971972  0.69620253 0.77366428 0.69066148] 
 f1: [0.09009009 0.82648402 0.69824219 0.78673797 0.54157132] 
 f1_avg: 0.7736834137481771

New best val score, save model ...
--- 310.6435296535492 seconds ---

Train Epoch: 87 accuracy: 0.82 
 precision: [0.1727725  0.95217142 0.76283632 0.83681642 0.57677042] 
 recall: [0.41341991 0.82357541 0.77854691 0.87497547 0.81965266] 
 f1: [0.24370016 0.88321709 0.77061155 0.85547062 0.67708908] 
 f1_avg: 0.8277258003265395


Validation Epoch: 87 accuracy: 0.76 
 precision: [0.05050505 0.85414885 0.71146045 0.79598805 0.44942382] 
 recall: [0.33333333 0.7995996  0.68305745 0.78460244 0.68287938] 
 f1: [0.0877193  0.82597456 0.6969697  0.79025424 0.54208494] 
 f1_avg: 0.7740236972524994

New best val score, save model ...
--- 314.3210108280182 seconds ---

Train Epoch: 88 accuracy: 0.82 
 precision: [0.20874219 0.95280582 0.76420818 0.83634879 0.58474667] 
 recall: [0.50649351 0.82678171 0.7854119  0.87098463 0.8137153 ] 
 f1: [0.29564119 0.88533147 0.77466497 0.85331539 0.68048659] 
 f1_avg: 0.8301361376059889


Validation Epoch: 88 accuracy: 0.76 
 precision: [0.05076142 0.85784734 0.70699058 0.80070083 0.44499382] 
 recall: [0.33333333 0.801001   0.69425511 0.7690366  0.70038911] 
 f1: [0.08810573 0.82845015 0.70056497 0.78454936 0.54421769] 
 f1_avg: 0.7747556504039342

New best val score, save model ...
--- 318.06773233413696 seconds ---

Train Epoch: 89 accuracy: 0.82 
 precision: [0.16556291 0.95385357 0.76640612 0.83580131 0.5788868 ] 
 recall: [0.40584416 0.82493092 0.77969108 0.87517174 0.82128544] 
 f1: [0.23518344 0.88472022 0.77299152 0.85503356 0.67910402] 
 f1_avg: 0.828973322875177


Validation Epoch: 89 accuracy: 0.76 
 precision: [0.04950495 0.85637382 0.70831234 0.79244482 0.44699872] 
 recall: [0.33333333 0.7961962  0.68451801 0.78544384 0.68093385] 
 f1: [0.0862069  0.82518933 0.69621193 0.7889288  0.53970702] 
 f1_avg: 0.7730310336607721

--- 321.41363644599915 seconds ---

Train Epoch: 90 accuracy: 0.82 
 precision: [0.20968458 0.95385215 0.76856919 0.83925879 0.58586724] 
 recall: [0.51082251 0.8297534  0.78729977 0.87412496 0.81223096] 
 f1: [0.29732283 0.88748554 0.77782174 0.85633713 0.68072402] 
 f1_avg: 0.8325115637165835


Validation Epoch: 90 accuracy: 0.77 
 precision: [0.05181347 0.85965665 0.71144279 0.79748482 0.44694132] 
 recall: [0.33333333 0.802002   0.69620253 0.77366428 0.69649805] 
 f1: [0.0896861  0.8298291  0.70374016 0.78539398 0.54448669] 
 f1_avg: 0.7763206506802478

New best val score, save model ...
--- 325.12287974357605 seconds ---

Train Epoch: 91 accuracy: 0.82 
 precision: [0.17800091 0.95495767 0.76919615 0.83755933 0.57959863] 
 recall: [0.42207792 0.82623429 0.78226545 0.87739614 0.82737123] 
 f1: [0.25040128 0.88594468 0.77567575 0.85701505 0.68166809] 
 f1_avg: 0.8309471733477195


Validation Epoch: 91 accuracy: 0.77 
 precision: [0.04901961 0.85717349 0.71112229 0.79511359 0.45083014] 
 recall: [0.33333333 0.8002002  0.687926   0.78039546 0.68677043] 
 f1: [0.08547009 0.8277076  0.69933185 0.78768577 0.54433308] 
 f1_avg: 0.7748753730550956

--- 328.44307351112366 seconds ---

Train Epoch: 92 accuracy: 0.83 
 precision: [0.20984916 0.95491987 0.76962913 0.8388009  0.59284406] 
 recall: [0.51190476 0.83103071 0.79067506 0.87320903 0.81653555] 
 f1: [0.29767149 0.88867827 0.78001016 0.8556592  0.68693806] 
 f1_avg: 0.8339817545244954


Validation Epoch: 92 accuracy: 0.76 
 precision: [0.05076142 0.85310974 0.71333674 0.79775281 0.44879899] 
 recall: [0.33333333 0.8046046  0.67964946 0.77660917 0.69066148] 
 f1: [0.08810573 0.82814754 0.69608576 0.78703901 0.5440613 ] 
 f1_avg: 0.7742667522696468

--- 331.77734875679016 seconds ---

Train Epoch: 93 accuracy: 0.82 
 precision: [0.16978668 0.95387254 0.77069276 0.84048695 0.5828877 ] 
 recall: [0.42207792 0.82636463 0.78409611 0.87628394 0.82514472] 
 f1: [0.24216082 0.88555227 0.77733666 0.85801224 0.68317562] 
 f1_avg: 0.8313503145968255


Validation Epoch: 93 accuracy: 0.77 
 precision: [0.05555556 0.85102342 0.71165644 0.79879622 0.45383615] 
 recall: [0.33333333 0.80740741 0.67770204 0.78165755 0.67898833] 
 f1: [0.0952381  0.82864187 0.69426434 0.79013396 0.54403741] 
 f1_avg: 0.7748972819621118

--- 335.07226276397705 seconds ---

Train Epoch: 94 accuracy: 0.83 
 precision: [0.21454059 0.95435945 0.77117982 0.84034988 0.59364874] 
 recall: [0.52056277 0.8328815  0.79050343 0.87366699 0.81579338] 
 f1: [0.30385344 0.88949207 0.78072207 0.85668463 0.68721475] 
 f1_avg: 0.8348310364732493


Validation Epoch: 94 accuracy: 0.76 
 precision: [0.04854369 0.85449115 0.71618173 0.79704476 0.44430845] 
 recall: [0.33333333 0.8018018  0.68305745 0.77156079 0.70622568] 
 f1: [0.08474576 0.82730841 0.69922751 0.78409577 0.54545455] 
 f1_avg: 0.7738536058066774

--- 338.3685359954834 seconds ---

Train Epoch: 95 accuracy: 0.82 
 precision: [0.169161   0.95453319 0.77098894 0.84214824 0.58646063] 
 recall: [0.40367965 0.82964913 0.7854119  0.87713445 0.8281134 ] 
 f1: [0.23841483 0.88772052 0.77813359 0.85928537 0.68664615] 
 f1_avg: 0.8330826666764265


Validation Epoch: 95 accuracy: 0.76 
 precision: [0.05102041 0.85411765 0.70779221 0.79982669 0.44613435] 
 recall: [0.33333333 0.7993994  0.68987342 0.77660917 0.6848249 ] 
 f1: [0.08849558 0.82585315 0.69871795 0.78804696 0.54029163] 
 f1_avg: 0.7737066759148589

--- 341.6540949344635 seconds ---

Train Epoch: 96 accuracy: 0.83 
 precision: [0.21979024 0.95575354 0.77410515 0.84048308 0.59148164] 
 recall: [0.52164502 0.83335071 0.79181922 0.87419038 0.82247291] 
 f1: [0.30927174 0.89036499 0.78286199 0.85700542 0.68810928] 
 f1_avg: 0.8359330907072802


Validation Epoch: 96 accuracy: 0.77 
 precision: [0.05208333 0.86106346 0.71492095 0.80482456 0.44691358] 
 recall: [0.33333333 0.804004   0.70447907 0.77198149 0.70428016] 
 f1: [0.09009009 0.83155606 0.7096616  0.78806098 0.54682779] 
 f1_avg: 0.7791635505516549

New best val score, save model ...
--- 345.33276200294495 seconds ---

Train Epoch: 97 accuracy: 0.83 
 precision: [0.17785683 0.95543576 0.77576271 0.84028472 0.5912223 ] 
 recall: [0.43290043 0.83160419 0.78552632 0.88047105 0.82781654] 
 f1: [0.25212732 0.88922957 0.78061399 0.85990863 0.68979592] 
 f1_avg: 0.8349187860423117


Validation Epoch: 97 accuracy: 0.76 
 precision: [0.04784689 0.85405058 0.70719352 0.79335322 0.45607235] 
 recall: [0.33333333 0.7977978  0.67964946 0.78334034 0.68677043] 
 f1: [0.08368201 0.82496636 0.69314796 0.78831499 0.54813665] 
 f1_avg: 0.7725687367911691

--- 348.63700008392334 seconds ---

Train Epoch: 98 accuracy: 0.83 
 precision: [0.21568627 0.95535289 0.77467391 0.84159537 0.59435588] 
 recall: [0.51190476 0.83556645 0.7916476  0.87523716 0.81905893] 
 f1: [0.30349695 0.89145368 0.78306878 0.85808666 0.68884589] 
 f1_avg: 0.8367140795595174


Validation Epoch: 98 accuracy: 0.77 
 precision: [0.04950495 0.85964155 0.70970922 0.79473911 0.45120406] 
 recall: [0.33333333 0.796997   0.70107108 0.77534708 0.692607  ] 
 f1: [0.0862069  0.82713484 0.7053637  0.78492334 0.54643131] 
 f1_avg: 0.775282875227549

--- 351.95463132858276 seconds ---

Train Epoch: 99 accuracy: 0.83 
 precision: [0.1853211  0.95683022 0.77913142 0.84253885 0.59130343] 
 recall: [0.43722944 0.83314217 0.7902746  0.88321884 0.82959774] 
 f1: [0.26030928 0.89071274 0.78466345 0.86239939 0.69046884] 
 f1_avg: 0.837176070831607


Validation Epoch: 99 accuracy: 0.77 
 precision: [0.04761905 0.86045504 0.71492986 0.78406709 0.45942408] 
 recall: [0.33333333 0.79499499 0.69474197 0.78670593 0.68287938] 
 f1: [0.08333333 0.8264308  0.70469136 0.78538429 0.54929577] 
 f1_avg: 0.7750405609448071

--- 355.252468585968 seconds ---

Train Epoch: 100 accuracy: 0.83 
 precision: [0.21972477 0.95612731 0.77875709 0.84254196 0.59961148] 
 recall: [0.51839827 0.83793859 0.79359268 0.87693817 0.82469942] 
 f1: [0.30863402 0.89313995 0.78610489 0.85939604 0.69436981] 
 f1_avg: 0.8389953293987074


Validation Epoch: 100 accuracy: 0.77 
 precision: [0.05347594 0.85583475 0.71221221 0.79402856 0.45758355] 
 recall: [0.33333333 0.8046046  0.69279455 0.77198149 0.692607  ] 
 f1: [0.0921659  0.82942937 0.7023692  0.78284983 0.55108359] 
 f1_avg: 0.775578938346728

--- 358.5514426231384 seconds ---

Train Epoch: 101 accuracy: 0.83 
 precision: [0.19118329 0.95746969 0.77752216 0.84586419 0.59872272] 
 recall: [0.44588745 0.83567072 0.79273455 0.88177952 0.83494137] 
 f1: [0.26761936 0.89243361 0.78505467 0.86344854 0.69737168] 
 f1_avg: 0.8389802751305491


Validation Epoch: 101 accuracy: 0.77 
 precision: [0.04830918 0.85815299 0.72032603 0.79676182 0.45547074] 
 recall: [0.33333333 0.8018018  0.68841285 0.78670593 0.69649805] 
 f1: [0.08438819 0.82902091 0.70400797 0.79170195 0.55076923] 
 f1_avg: 0.7777827834048942

--- 361.86318135261536 seconds ---

Train Epoch: 102 accuracy: 0.83 
 precision: [0.21379625 0.95652692 0.78183352 0.84482975 0.59793925] 
 recall: [0.50649351 0.83739117 0.79525172 0.87981681 0.82692593] 
 f1: [0.30067459 0.89300309 0.78848554 0.8619684  0.69403264] 
 f1_avg: 0.8398337279613606


Validation Epoch: 102 accuracy: 0.77 
 precision: [0.04739336 0.86092573 0.72194135 0.79193479 0.45465839] 
 recall: [0.33333333 0.8006006  0.69522882 0.77660917 0.71206226] 
 f1: [0.08298755 0.82966805 0.70833333 0.78419711 0.55496588] 
 f1_avg: 0.7774209828971057

--- 365.1914577484131 seconds ---

Train Epoch: 103 accuracy: 0.83 
 precision: [0.17810086 0.95784962 0.78531488 0.84578676 0.59955138] 
 recall: [0.42424242 0.83879881 0.79542334 0.88125613 0.83316016] 
 f1: [0.25088    0.8943799  0.79033679 0.86315722 0.69731039] 
 f1_avg: 0.8408417542173532


Validation Epoch: 103 accuracy: 0.77 
 precision: [0.05376344 0.86105127 0.7134358  0.79871245 0.45283019] 
 recall: [0.33333333 0.8002002  0.70058423 0.78291965 0.70038911] 
 f1: [0.09259259 0.82951126 0.70695161 0.7907372  0.5500382 ] 
 f1_avg: 0.7783918833709056

--- 368.5208239555359 seconds ---

Train Epoch: 104 accuracy: 0.83 
 precision: [0.22299169 0.95920129 0.78412787 0.84798235 0.59798456] 
 recall: [0.52272727 0.84023252 0.79982838 0.87988224 0.82796497] 
 f1: [0.31262136 0.89578412 0.79190031 0.86363782 0.69442888] 
 f1_avg: 0.8424432846616292


Validation Epoch: 104 accuracy: 0.77 
 precision: [0.04901961 0.86244872 0.71704658 0.79663212 0.46317104] 
 recall: [0.33333333 0.7995996  0.70447907 0.77618847 0.72178988] 
 f1: [0.08547009 0.82983586 0.71070727 0.78627743 0.56425856] 
 f1_avg: 0.7789766619096211

--- 371.85823464393616 seconds ---

Train Epoch: 105 accuracy: 0.83 
 precision: [0.18915094 0.96020241 0.78559766 0.84858005 0.60174542] 
 recall: [0.43398268 0.84088421 0.79822654 0.88361138 0.83924596] 
 f1: [0.26346912 0.89659102 0.79186175 0.86574148 0.70092357] 
 f1_avg: 0.8432146298653984


Validation Epoch: 105 accuracy: 0.77 
 precision: [0.05102041 0.86269875 0.7207566  0.80381117 0.45012469] 
 recall: [0.33333333 0.8038038  0.70496592 0.78081615 0.70233463] 
 f1: [0.08849558 0.83221059 0.71277381 0.79214682 0.54863222] 
 f1_avg: 0.7811949986269702

New best val score, save model ...
--- 375.55193400382996 seconds ---

Train Epoch: 106 accuracy: 0.83 
 precision: [0.22513812 0.95849797 0.78596708 0.8456211  0.6037105 ] 
 recall: [0.52922078 0.84104061 0.80040046 0.87870461 0.83078522] 
 f1: [0.31589147 0.89593602 0.79311811 0.86184548 0.69927536] 
 f1_avg: 0.8428924734369736


Validation Epoch: 106 accuracy: 0.77 
 precision: [0.04901961 0.86296057 0.71847071 0.79448514 0.45949367] 
 recall: [0.33333333 0.8018018  0.70447907 0.77576777 0.70622568] 
 f1: [0.08547009 0.83125778 0.7114061  0.7850149  0.55674847] 
 f1_avg: 0.7791448325970827

--- 378.8398425579071 seconds ---

Train Epoch: 107 accuracy: 0.83 
 precision: [0.18468045 0.95886943 0.78484286 0.84757781 0.60314069] 
 recall: [0.42532468 0.83924196 0.798627   0.88367681 0.83805848] 
 f1: [0.25753604 0.89507632 0.79167494 0.86525095 0.7014536 ] 
 f1_avg: 0.842316247644123


Validation Epoch: 107 accuracy: 0.77 
 precision: [0.05347594 0.86821366 0.71100244 0.7887913  0.45571245] 
 recall: [0.33333333 0.79399399 0.70788705 0.79343711 0.69066148] 
 f1: [0.0921659  0.82944683 0.70944133 0.79110738 0.5491106 ] 
 f1_avg: 0.7789116805179883

--- 382.12846064567566 seconds ---

Train Epoch: 108 accuracy: 0.84 
 precision: [0.2180627  0.95979617 0.79061006 0.84969383 0.60170406] 
 recall: [0.504329   0.84448152 0.80440503 0.8806019  0.8281134 ] 
 f1: [0.30447566 0.89845386 0.79744789 0.86487181 0.69698295] 
 f1_avg: 0.8453362361665963


Validation Epoch: 108 accuracy: 0.77 
 precision: [0.05376344 0.85968295 0.71663347 0.79399142 0.47043702] 
 recall: [0.33333333 0.8034034  0.70058423 0.77829196 0.71206226] 
 f1: [0.09259259 0.83059091 0.70851797 0.78606331 0.56656347] 
 f1_avg: 0.7789931209229283

--- 385.4357273578644 seconds ---

Train Epoch: 109 accuracy: 0.83 
 precision: [0.1922545  0.95918064 0.78656171 0.8500063  0.60178035] 
 recall: [0.4512987  0.84101455 0.80028604 0.88276088 0.83286329] 
 f1: [0.26964113 0.89621934 0.79336453 0.86607401 0.69871116] 
 f1_avg: 0.8433147804622384


Validation Epoch: 109 accuracy: 0.77 
 precision: [0.05347594 0.86621856 0.71561429 0.79821201 0.46084724] 
 recall: [0.33333333 0.7997998  0.71178189 0.78880942 0.69844358] 
 f1: [0.0921659  0.83168523 0.71369295 0.79348286 0.55529776] 
 f1_avg: 0.78179436477862

New best val score, save model ...
--- 389.133828163147 seconds ---

Train Epoch: 110 accuracy: 0.84 
 precision: [0.22026022 0.95904457 0.79241979 0.84546768 0.60103571] 
 recall: [0.51298701 0.84359522 0.80257437 0.88053647 0.82692593] 
 f1: [0.30819246 0.89762294 0.79746476 0.86264581 0.69611396] 
 f1_avg: 0.844472840569028


Validation Epoch: 110 accuracy: 0.77 
 precision: [0.04694836 0.86461067 0.71224791 0.78683652 0.45796738] 
 recall: [0.33333333 0.79139139 0.70496592 0.77955406 0.71011673] 
 f1: [0.08230453 0.82638236 0.70858821 0.78317836 0.55682685] 
 f1_avg: 0.7756783493472389

Early stopping!

Test Epoch: accuracy: 0.77 
 precision: [0.05851064 0.88436078 0.58878994 0.83951271 0.45855615] 
 recall: [0.91666667 0.80629951 0.62618384 0.81827568 0.65834933] 
 f1: [0.11       0.84352802 0.60691145 0.82875817 0.54058314] 
 f1_avg: 0.7787247823914402

--- 392.9973473548889 seconds ---

Test Epoch: accuracy: 0.77 
 precision: [0.05347594 0.86621856 0.71561429 0.79821201 0.46084724] 
 recall: [0.33333333 0.7997998  0.71178189 0.78880942 0.69844358] 
 f1: [0.0921659  0.83168523 0.71369295 0.79348286 0.55529776] 
 f1_avg: 0.78179436477862

--- 393.0898449420929 seconds ---
