Requirement already satisfied: scikit-learn in /net/cephfs/data/zifjia/condaenvs/audio_clf/lib/python3.8/site-packages (1.1.2)
Requirement already satisfied: scipy>=1.3.2 in /net/cephfs/data/zifjia/condaenvs/audio_clf/lib/python3.8/site-packages (from scikit-learn) (1.9.1)
Requirement already satisfied: threadpoolctl>=2.0.0 in /net/cephfs/data/zifjia/condaenvs/audio_clf/lib/python3.8/site-packages (from scikit-learn) (3.1.0)
Requirement already satisfied: numpy>=1.17.3 in /net/cephfs/data/zifjia/condaenvs/audio_clf/lib/python3.8/site-packages (from scikit-learn) (1.22.3)
Requirement already satisfied: joblib>=1.0.0 in /net/cephfs/data/zifjia/condaenvs/audio_clf/lib/python3.8/site-packages (from scikit-learn) (1.1.0)
Requirement already satisfied: tensorboard in /net/cephfs/data/zifjia/condaenvs/audio_clf/lib/python3.8/site-packages (2.10.1)
Requirement already satisfied: google-auth<3,>=1.6.3 in /net/cephfs/home/zifjia/.local/lib/python3.8/site-packages (from tensorboard) (2.9.1)
Requirement already satisfied: protobuf<3.20,>=3.9.2 in /net/cephfs/home/zifjia/.local/lib/python3.8/site-packages (from tensorboard) (3.19.4)
Requirement already satisfied: absl-py>=0.4 in /net/cephfs/home/zifjia/.local/lib/python3.8/site-packages (from tensorboard) (1.2.0)
Requirement already satisfied: setuptools>=41.0.0 in /net/cephfs/data/zifjia/condaenvs/audio_clf/lib/python3.8/site-packages (from tensorboard) (60.8.1)
Requirement already satisfied: tensorboard-plugin-wit>=1.6.0 in /net/cephfs/home/zifjia/.local/lib/python3.8/site-packages (from tensorboard) (1.8.1)
Requirement already satisfied: google-auth-oauthlib<0.5,>=0.4.1 in /net/cephfs/home/zifjia/.local/lib/python3.8/site-packages (from tensorboard) (0.4.6)
Requirement already satisfied: tensorboard-data-server<0.7.0,>=0.6.0 in /net/cephfs/home/zifjia/.local/lib/python3.8/site-packages (from tensorboard) (0.6.1)
Requirement already satisfied: wheel>=0.26 in /net/cephfs/data/zifjia/condaenvs/audio_clf/lib/python3.8/site-packages (from tensorboard) (0.37.1)
Requirement already satisfied: markdown>=2.6.8 in /net/cephfs/home/zifjia/.local/lib/python3.8/site-packages (from tensorboard) (3.4.1)
Requirement already satisfied: grpcio>=1.24.3 in /net/cephfs/home/zifjia/.local/lib/python3.8/site-packages (from tensorboard) (1.47.0)
Requirement already satisfied: werkzeug>=1.0.1 in /net/cephfs/data/zifjia/condaenvs/audio_clf/lib/python3.8/site-packages (from tensorboard) (2.1.2)
Requirement already satisfied: requests<3,>=2.21.0 in /net/cephfs/data/zifjia/condaenvs/audio_clf/lib/python3.8/site-packages (from tensorboard) (2.28.1)
Requirement already satisfied: numpy>=1.12.0 in /net/cephfs/data/zifjia/condaenvs/audio_clf/lib/python3.8/site-packages (from tensorboard) (1.22.3)
Requirement already satisfied: cachetools<6.0,>=2.0.0 in /net/cephfs/home/zifjia/.local/lib/python3.8/site-packages (from google-auth<3,>=1.6.3->tensorboard) (5.2.0)
Requirement already satisfied: six>=1.9.0 in /net/cephfs/data/zifjia/condaenvs/audio_clf/lib/python3.8/site-packages (from google-auth<3,>=1.6.3->tensorboard) (1.16.0)
Requirement already satisfied: pyasn1-modules>=0.2.1 in /net/cephfs/home/zifjia/.local/lib/python3.8/site-packages (from google-auth<3,>=1.6.3->tensorboard) (0.2.8)
Requirement already satisfied: rsa<5,>=3.1.4 in /net/cephfs/home/zifjia/.local/lib/python3.8/site-packages (from google-auth<3,>=1.6.3->tensorboard) (4.9)
Requirement already satisfied: requests-oauthlib>=0.7.0 in /net/cephfs/home/zifjia/.local/lib/python3.8/site-packages (from google-auth-oauthlib<0.5,>=0.4.1->tensorboard) (1.3.1)
Requirement already satisfied: importlib-metadata>=4.4 in /net/cephfs/home/zifjia/.local/lib/python3.8/site-packages (from markdown>=2.6.8->tensorboard) (4.12.0)
Requirement already satisfied: charset-normalizer<3,>=2 in /net/cephfs/data/zifjia/condaenvs/audio_clf/lib/python3.8/site-packages (from requests<3,>=2.21.0->tensorboard) (2.1.1)
Requirement already satisfied: idna<4,>=2.5 in /net/cephfs/data/zifjia/condaenvs/audio_clf/lib/python3.8/site-packages (from requests<3,>=2.21.0->tensorboard) (3.4)
Requirement already satisfied: urllib3<1.27,>=1.21.1 in /net/cephfs/data/zifjia/condaenvs/audio_clf/lib/python3.8/site-packages (from requests<3,>=2.21.0->tensorboard) (1.26.12)
Requirement already satisfied: certifi>=2017.4.17 in /net/cephfs/data/zifjia/condaenvs/audio_clf/lib/python3.8/site-packages (from requests<3,>=2.21.0->tensorboard) (2022.9.14)
Requirement already satisfied: zipp>=0.5 in /net/cephfs/data/zifjia/condaenvs/audio_clf/lib/python3.8/site-packages (from importlib-metadata>=4.4->markdown>=2.6.8->tensorboard) (3.8.0)
Requirement already satisfied: pyasn1<0.5.0,>=0.4.6 in /net/cephfs/home/zifjia/.local/lib/python3.8/site-packages (from pyasn1-modules>=0.2.1->google-auth<3,>=1.6.3->tensorboard) (0.4.8)
Requirement already satisfied: oauthlib>=3.0.0 in /net/cephfs/home/zifjia/.local/lib/python3.8/site-packages (from requests-oauthlib>=0.7.0->google-auth-oauthlib<0.5,>=0.4.1->tensorboard) (3.2.0)
Requirement already satisfied: torch in /net/cephfs/data/zifjia/condaenvs/audio_clf/lib/python3.8/site-packages (1.12.1)
Requirement already satisfied: torchvision in /net/cephfs/data/zifjia/condaenvs/audio_clf/lib/python3.8/site-packages (0.13.1)
Requirement already satisfied: torchaudio in /net/cephfs/data/zifjia/condaenvs/audio_clf/lib/python3.8/site-packages (0.12.1)
Requirement already satisfied: typing-extensions in /net/cephfs/data/zifjia/condaenvs/audio_clf/lib/python3.8/site-packages (from torch) (4.0.1)
Requirement already satisfied: numpy in /net/cephfs/data/zifjia/condaenvs/audio_clf/lib/python3.8/site-packages (from torchvision) (1.22.3)
Requirement already satisfied: requests in /net/cephfs/data/zifjia/condaenvs/audio_clf/lib/python3.8/site-packages (from torchvision) (2.28.1)
Requirement already satisfied: pillow!=8.3.*,>=5.3.0 in /net/cephfs/data/zifjia/condaenvs/audio_clf/lib/python3.8/site-packages (from torchvision) (9.0.1)
Requirement already satisfied: charset-normalizer<3,>=2 in /net/cephfs/data/zifjia/condaenvs/audio_clf/lib/python3.8/site-packages (from requests->torchvision) (2.1.1)
Requirement already satisfied: certifi>=2017.4.17 in /net/cephfs/data/zifjia/condaenvs/audio_clf/lib/python3.8/site-packages (from requests->torchvision) (2022.9.14)
Requirement already satisfied: idna<4,>=2.5 in /net/cephfs/data/zifjia/condaenvs/audio_clf/lib/python3.8/site-packages (from requests->torchvision) (3.4)
Requirement already satisfied: urllib3<1.27,>=1.21.1 in /net/cephfs/data/zifjia/condaenvs/audio_clf/lib/python3.8/site-packages (from requests->torchvision) (1.26.12)
{'name': 'chimp_wav2vec2_lstm_0', 'data_path': '/home/cluster/zifjia/data/data_chimp/wav2vec2_split_0', 'test_only': False, 'balance_weights': True, 'model_type': 'lstm', 'n_embedding': 768, 'd_hid': 1024, 'nlayers': 2, 'batch_size': 1, 'n_epoch': 200, 'lr': 0.0001, 'dropout': 0.4, 'patience': 10, 'step_factor': 0.7, 'seed': 0}
cuda
Reading data ...
train, dev, test number of files: 188, 23, 24.
dev files:  ['ASO0485 Sonso MS single ph feeding_01', 'ASO2186 ZL single ph start_01', 'ASO0120 Sonso KZ single ph fg feeding_01', 'ASO4619 ZL unk group ph, PS single ph intro_01', 'ASO3700 HW single ph drum Travel_01', 'ASO0087 Sonso HW single ph feeding_01', 'ASO2860 PS single ph, PS ZL group ph fg, ZL single ph feeding, FK single ph, group fg, HW MS group ph drum, 7_15 FK single ph, 10_30 PS single ph start_01', 'ASO0907 Sonso PS single ph drum traveling_01', 'ASO3888 unk group ph resting, unk group pg, HW display drum, OK pg to HW, DL pg to HW, 1_35 unk single ph start, 3_30 KT single ph intro feeding_01', 'ASO3150 KT single ph_01', 'ASO3089 ZL single ph drum traveling_01', 'ASO0480 Sonso KZ KT group ph, KZ KT group ph, KT single ph feeding_01', 'ASO2860 MS comes back after long time, SM FK group scream, unk_m bark, FK SM fg, 3_30 PS single ph, PS ZL group ph fg, ZL single ph feeding, FK single ph, group fg, HW MS group ph drum, 7_15 FK single ph, 10_30 PS single ph start_01', 'ASO2038 HW single ph drum, IN DL JS group ph _01', 'ASO3192 FK single ph drum_01', 'ASO1579 HW single ph drum_01', 'ASO3106 ZD group ph drum, unk group ph other party, ZD single ph drum traveling-resting_02', 'ASO0651 Sonso FK single ph_01', 'ASO4567 KC display drum (not visible), FK SM group ph drum, 1_50 ZL single ph drum travel_01', 'ASO0782 Sonso ZL single ph drum_01', 'ASO4445 KT MS group ph drum traveling, 2_20 KT whimper, MS single ph drum, KT bark_01', 'ASO2554 PS single ph start nest_01', 'ASO1095 Sonso SQ single ph feeding_01']
test files:  ['ASO0778 Sonso ZL single ph start, ZL single ph drum_01', 'ASO0083 Sonso HW single ph slap_01', 'ASO3079 HW single ph drum traveling_01', 'ASO3654 HW single ph_01', 'ASO3041 MS single ph drum traveling_01', 'ASO2546 FK single fg ph feeding, HW single ph drum, FK fg, FK single ph, FK fg_01', 'ASO3457 KT single ph_01', 'ASO0020 Sonso SQ single ph, PS single ph other party 2_01', 'ASO0809 Sonso PS single ph_01', 'ASO3174 PS single ph feeding_01', 'ASO0089 Sonso HW single ph drum_01', 'ASO3799 KT single ph_01', 'ASO1472 MS single ph, SM KA group ph-pg_01', 'ASO1514 MS single ph intro, KC group ph_01', 'ASO3512 PS single ph_01', 'ASO2125 KL OK KC JS group ph, FK single ph, OK KL KC KO group ph, PS single ph, PS single ph feeding_01', 'ASO2860 PS single ph, PS ZL group ph fg, ZL single ph feeding, FK single ph, group fg, HW MS group ph drum, 7_15 FK single ph, 10_30 PS single ph start_02', 'ASO3995 PS MB group ph feeding, 1_40 PS single ph feeding, MB fg, 2_50 ML MB group ph-bark_01', 'ASO3737 HW single ph drum resting-traveling, 1_15 JN single ph feeding, HW single ph_01', 'ASO2125 KL OK KC JS group ph, FK single ph, OK KL KC KO group ph, PS single ph, PS single ph feeding_02', 'ASO1474 MS single ph intro_01', 'ASO3829 PS IN IS group ph resting, 1_30 HW single ph_01', 'ASO3128 KT single ph, ZL display drum, FK single ph drum display to KT, KT pg, ZL single ph drum 50m, FK single ph drum, KT single ph, ZL single ph drum 50m_01', 'ASO1624_02 HW single ph_01']
train_data_all: (78788, 769)
Labels in train_data_all:  {0: 924, 1: 38362, 2: 17480, 3: 15285, 4: 6737}
--- 5.775992393493652 seconds ---
LSTM(
  (lstm): LSTM(768, 1024, num_layers=2, dropout=0.4, bidirectional=True)
  (hidden2tag): Linear(in_features=2048, out_features=5, bias=True)
)
Number of parameters: 39888901

Train Epoch: 1 accuracy: 0.45 
 precision: [0.12851406 0.7114153  0.37192557 0.58164193 0.15386848] 
 recall: [0.03463203 0.44301653 0.29845538 0.62806673 0.55083865] 
 f1: [0.05456095 0.54601533 0.3311645  0.60396351 0.24054448] 
 f1_avg: 0.4777065057139086


Validation Epoch: 1 accuracy: 0.72 
 precision: [0.52631579 0.69480421 0.64712578 0.88466258 0.        ] 
 recall: [0.33333333 0.91291291 0.55355404 0.60664703 0.        ] 
 f1: [0.40816327 0.78906385 0.59669378 0.71974045 0.        ] 
 f1_avg: 0.6910783274057255

New best val score, save model ...
--- 25.514562845230103 seconds ---

Train Epoch: 2 accuracy: 0.65 
 precision: [0.32880435 0.79996824 0.53081118 0.70339377 0.27476677] 
 recall: [0.13095238 0.65656118 0.62929062 0.79188747 0.36722577] 
 f1: [0.1873065  0.72120492 0.575871   0.745022   0.31433835] 
 f1_avg: 0.6525298054076073


Validation Epoch: 2 accuracy: 0.75 
 precision: [0.38461538 0.72300898 0.70924765 0.86453202 0.67605634] 
 recall: [0.33333333 0.95055055 0.4406037  0.73832562 0.09338521] 
 f1: [0.35714286 0.82131119 0.54354354 0.79646018 0.16410256] 
 f1_avg: 0.7228823155493322

New best val score, save model ...
--- 42.004643201828 seconds ---

Train Epoch: 3 accuracy: 0.69 
 precision: [0.32662192 0.82983339 0.58131558 0.7335377  0.32488342] 
 recall: [0.15800866 0.71797612 0.65926773 0.81406608 0.40329524] 
 f1: [0.21298322 0.7698629  0.61784259 0.77170677 0.35986755] 
 f1_avg: 0.6949044423975855


Validation Epoch: 3 accuracy: 0.75 
 precision: [0.41666667 0.72750643 0.72814685 0.86653772 0.63636364] 
 recall: [0.33333333 0.96316316 0.40555015 0.75389146 0.14980545] 
 f1: [0.37037037 0.8289111  0.52095059 0.80629921 0.24251969] 
 f1_avg: 0.7284636811829529

New best val score, save model ...
--- 58.518781661987305 seconds ---

Train Epoch: 4 accuracy: 0.72 
 precision: [0.34416826 0.84803517 0.61754863 0.75339955 0.36922338] 
 recall: [0.19480519 0.74930921 0.67562929 0.83369316 0.45658305] 
 f1: [0.2487906  0.79562125 0.64528467 0.79151526 0.40828245] 
 f1_avg: 0.7219372298173895


Validation Epoch: 4 accuracy: 0.76 
 precision: [0.41666667 0.73465677 0.7486535  0.86457831 0.62025316] 
 recall: [0.33333333 0.97057057 0.406037   0.75473286 0.19066148] 
 f1: [0.37037037 0.83629464 0.52651515 0.80592992 0.29166667] 
 f1_avg: 0.735754966838962

New best val score, save model ...
--- 75.07624673843384 seconds ---

Train Epoch: 5 accuracy: 0.74 
 precision: [0.34414669 0.86048481 0.64908306 0.76481405 0.40627962] 
 recall: [0.26406926 0.76802565 0.68844394 0.84357213 0.50898026] 
 f1: [0.2988365  0.81163053 0.66818434 0.80226481 0.45186796] 
 f1_avg: 0.7412119838226067


Validation Epoch: 5 accuracy: 0.77 
 precision: [0.43478261 0.74093264 0.76135352 0.86801541 0.61827957] 
 recall: [0.33333333 0.97337337 0.41626095 0.75809844 0.22373541] 
 f1: [0.37735849 0.84139483 0.53824363 0.80934202 0.32857143] 
 f1_avg: 0.743463591227829

New best val score, save model ...
--- 91.62580418586731 seconds ---

Train Epoch: 6 accuracy: 0.75 
 precision: [0.36605081 0.87139451 0.66945584 0.77673276 0.43896165] 
 recall: [0.34307359 0.78121579 0.70028604 0.84828263 0.55722132] 
 f1: [0.35418994 0.82384474 0.68452398 0.81093252 0.49107201] 
 f1_avg: 0.7564672039953609


Validation Epoch: 6 accuracy: 0.77 
 precision: [0.43478261 0.7485802  0.7622739  0.8716707  0.66504854] 
 recall: [0.33333333 0.97637638 0.4308666  0.75725705 0.26653696] 
 f1: [0.37735849 0.84743701 0.55054432 0.81044575 0.38055556] 
 f1_avg: 0.7519680800771404

New best val score, save model ...
--- 108.1694028377533 seconds ---

Train Epoch: 7 accuracy: 0.77 
 precision: [0.4001996  0.88064581 0.68826766 0.7879848  0.4724373 ] 
 recall: [0.43398268 0.79338929 0.70846682 0.85469414 0.60679828] 
 f1: [0.41640706 0.8347435  0.69822118 0.81998494 0.53125406] 
 f1_avg: 0.7707344362400264


Validation Epoch: 7 accuracy: 0.78 
 precision: [0.45454545 0.75761816 0.76583333 0.86743516 0.65384615] 
 recall: [0.33333333 0.97557558 0.44741967 0.75978124 0.29766537] 
 f1: [0.38461538 0.85289227 0.56484327 0.8100471  0.40909091] 
 f1_avg: 0.7590449462110248

New best val score, save model ...
--- 124.7571473121643 seconds ---

Train Epoch: 8 accuracy: 0.78 
 precision: [0.4403183  0.88636167 0.70636666 0.79805825 0.50637125] 
 recall: [0.53896104 0.8025129  0.71659039 0.86045142 0.65474247] 
 f1: [0.48467153 0.84235584 0.7114418  0.82808122 0.57107716] 
 f1_avg: 0.7831505062800223


Validation Epoch: 8 accuracy: 0.79 
 precision: [0.47619048 0.76728074 0.77004049 0.86402266 0.66530612] 
 recall: [0.33333333 0.97557558 0.46299903 0.769878   0.31712062] 
 f1: [0.39215686 0.85898114 0.57829127 0.81423804 0.42951252] 
 f1_avg: 0.7669407252200631

New best val score, save model ...
--- 141.29926562309265 seconds ---

Train Epoch: 9 accuracy: 0.79 
 precision: [0.47179068 0.89234258 0.72123241 0.80662106 0.53477713] 
 recall: [0.62445887 0.81046348 0.72717391 0.8639843  0.69274158] 
 f1: [0.53749418 0.84943446 0.72419098 0.83431784 0.60359545] 
 f1_avg: 0.7940356183180898


Validation Epoch: 9 accuracy: 0.79 
 precision: [0.45454545 0.77377361 0.77470356 0.8620366  0.6798419 ] 
 recall: [0.33333333 0.97577578 0.47711782 0.77282289 0.33463035] 
 f1: [0.38461538 0.86311316 0.59053932 0.81499556 0.44850065] 
 f1_avg: 0.7726710364738225

New best val score, save model ...
--- 157.85352754592896 seconds ---

Train Epoch: 10 accuracy: 0.80 
 precision: [0.4984544  0.89684494 0.73198339 0.81306748 0.55774324] 
 recall: [0.69805195 0.81656327 0.73621281 0.86705921 0.7190144 ] 
 f1: [0.58160505 0.8548233  0.73409201 0.83919582 0.62819349] 
 f1_avg: 0.8024230935581675


Validation Epoch: 10 accuracy: 0.79 
 precision: [0.5        0.78068766 0.77838258 0.85727525 0.65957447] 
 recall: [0.33333333 0.97277277 0.48734177 0.77829196 0.3618677 ] 
 f1: [0.4        0.86620911 0.5994012  0.81587652 0.46733668] 
 f1_avg: 0.7772752352899667

New best val score, save model ...
--- 174.4027349948883 seconds ---

Train Epoch: 11 accuracy: 0.81 
 precision: [0.52205882 0.9011218  0.74205714 0.81905347 0.57797101] 
 recall: [0.76839827 0.82292373 0.74290618 0.87183513 0.7399436 ] 
 f1: [0.62171629 0.86024934 0.74248142 0.8446205  0.64900404] 
 f1_avg: 0.8102285963159425


Validation Epoch: 11 accuracy: 0.80 
 precision: [0.55555556 0.78831169 0.78013647 0.8585209  0.6722973 ] 
 recall: [0.33333333 0.97217217 0.50097371 0.78628523 0.38715953] 
 f1: [0.41666667 0.87064097 0.61013934 0.82081686 0.49135802] 
 f1_avg: 0.7841742783632752

New best val score, save model ...
--- 190.89844727516174 seconds ---

Train Epoch: 12 accuracy: 0.81 
 precision: [0.53954802 0.90479717 0.75032912 0.82434515 0.59577695] 
 recall: [0.82683983 0.82795475 0.74994279 0.87504089 0.75805255] 
 f1: [0.65299145 0.86467209 0.7501359  0.84893685 0.66718924] 
 f1_avg: 0.8168394186097351


Validation Epoch: 12 accuracy: 0.80 
 precision: [0.5        0.79032258 0.78746177 0.85910339 0.66352201] 
 recall: [0.33333333 0.97117117 0.50146056 0.79007152 0.41050584] 
 f1: [0.4        0.87146322 0.61273052 0.82314267 0.50721154] 
 f1_avg: 0.7864417362039667

New best val score, save model ...
--- 207.4610731601715 seconds ---

Train Epoch: 13 accuracy: 0.82 
 precision: [0.56574271 0.90778351 0.75765745 0.82894574 0.61485137] 
 recall: [0.86147186 0.83423701 0.75566362 0.87759241 0.77675523] 
 f1: [0.68296868 0.86945773 0.75665922 0.85257571 0.6863851 ] 
 f1_avg: 0.8233157300727013


Validation Epoch: 13 accuracy: 0.80 
 precision: [0.47619048 0.7954023  0.78907436 0.8561086  0.65861027] 
 recall: [0.33333333 0.96976977 0.50632911 0.7959613  0.42412451] 
 f1: [0.39215686 0.87397384 0.6168446  0.82494005 0.51597633] 
 f1_avg: 0.7894039289244803

New best val score, save model ...
--- 223.93544912338257 seconds ---

Train Epoch: 14 accuracy: 0.83 
 precision: [0.57965861 0.91104069 0.76380931 0.83325087 0.62743468] 
 recall: [0.88203463 0.83932016 0.76258581 0.88138698 0.78417693] 
 f1: [0.69957082 0.87371106 0.76319707 0.85664325 0.69710365] 
 f1_avg: 0.8287375130813671


Validation Epoch: 14 accuracy: 0.80 
 precision: [0.47619048 0.79825284 0.78851964 0.85527502 0.66764706] 
 recall: [0.33333333 0.96956957 0.50827653 0.79806479 0.44163424] 
 f1: [0.39215686 0.8756102  0.61811723 0.82568009 0.53161593] 
 f1_avg: 0.7914686641208881

New best val score, save model ...
--- 240.4267179965973 seconds ---

Train Epoch: 15 accuracy: 0.83 
 precision: [0.6029304  0.91407575 0.76777143 0.83725113 0.6388361 ] 
 recall: [0.89069264 0.84302174 0.76864989 0.88315342 0.7984266 ] 
 f1: [0.71909131 0.87711209 0.76821041 0.85958991 0.70977106] 
 f1_avg: 0.833389499304729


Validation Epoch: 15 accuracy: 0.81 
 precision: [0.52631579 0.80278884 0.78518519 0.85304659 0.68115942] 
 recall: [0.33333333 0.96816817 0.51606621 0.80100968 0.45719844] 
 f1: [0.40816327 0.8777566  0.62279671 0.82620959 0.54714785] 
 f1_avg: 0.7944832252987917

New best val score, save model ...
--- 256.92580699920654 seconds ---

Train Epoch: 16 accuracy: 0.84 
 precision: [0.6028777  0.91778812 0.77263134 0.84142093 0.65273119] 
 recall: [0.90692641 0.84800063 0.77488558 0.88485443 0.80881698] 
 f1: [0.72428695 0.8815153  0.77375682 0.86259128 0.72243951] 
 f1_avg: 0.8384904189290654


Validation Epoch: 16 accuracy: 0.81 
 precision: [0.52631579 0.80595278 0.78419898 0.8568865  0.68328446] 
 recall: [0.33333333 0.97037037 0.52190847 0.80353387 0.45330739] 
 f1: [0.40816327 0.88055228 0.62671733 0.82935302 0.54502924] 
 f1_avg: 0.797331802453581

New best val score, save model ...
--- 273.3550832271576 seconds ---

Train Epoch: 17 accuracy: 0.84 
 precision: [0.62043796 0.91891435 0.77676538 0.8466912  0.66305525] 
 recall: [0.91991342 0.85078984 0.78032037 0.88812561 0.81757459] 
 f1: [0.74106364 0.88354088 0.77853881 0.8669136  0.73225206] 
 f1_avg: 0.8424119514335602


Validation Epoch: 17 accuracy: 0.81 
 precision: [0.47619048 0.81070649 0.78488372 0.8476734  0.68452381] 
 recall: [0.33333333 0.96716717 0.52580331 0.81236853 0.44747082] 
 f1: [0.39215686 0.88205222 0.62973761 0.82964554 0.54117647] 
 f1_avg: 0.7985284600224984

New best val score, save model ...
--- 289.77595806121826 seconds ---

Train Epoch: 18 accuracy: 0.84 
 precision: [0.62066474 0.92131552 0.78103438 0.84996559 0.67580019] 
 recall: [0.92965368 0.85584693 0.78358124 0.88877985 0.82737123] 
 f1: [0.74436742 0.88737533 0.78230574 0.86893949 0.74394394] 
 f1_avg: 0.8465462104552305


Validation Epoch: 18 accuracy: 0.81 
 precision: [0.45454545 0.81303689 0.78658976 0.8419214  0.69461078] 
 recall: [0.33333333 0.96636637 0.53115871 0.81110644 0.45136187] 
 f1: [0.38461538 0.8830955  0.63411799 0.8262267  0.54716981] 
 f1_avg: 0.7994247718154404

New best val score, save model ...
--- 306.14372396469116 seconds ---

Train Epoch: 19 accuracy: 0.85 
 precision: [0.63061074 0.92383327 0.78549866 0.85383846 0.68928833] 
 recall: [0.92748918 0.85967885 0.78895881 0.89355577 0.83672258] 
 f1: [0.75076654 0.89060221 0.78722493 0.87324574 0.75588334] 
 f1_avg: 0.8511401414162252


Validation Epoch: 19 accuracy: 0.81 
 precision: [0.45454545 0.81466464 0.78792236 0.83592401 0.69565217] 
 recall: [0.33333333 0.96536537 0.53359299 0.81447202 0.43579767] 
 f1: [0.38461538 0.8836357  0.63628447 0.8250586  0.53588517] 
 f1_avg: 0.7992814778936389

--- 322.105176448822 seconds ---

Train Epoch: 20 accuracy: 0.85 
 precision: [0.63991163 0.92577677 0.78848994 0.85843317 0.70140256] 
 recall: [0.94047619 0.86291121 0.79399314 0.89538763 0.84622235] 
 f1: [0.76161262 0.89323925 0.79123197 0.87652107 0.76703666] 
 f1_avg: 0.8550294410714525


Validation Epoch: 20 accuracy: 0.81 
 precision: [0.47619048 0.817673   0.78667612 0.8329746  0.69905956] 
 recall: [0.33333333 0.96516517 0.54040896 0.81405133 0.43385214] 
 f1: [0.39215686 0.88531815 0.64069264 0.82340426 0.53541417] 
 f1_avg: 0.8006365454527014

New best val score, save model ...
--- 338.4615819454193 seconds ---

Train Epoch: 21 accuracy: 0.86 
 precision: [0.63909224 0.92867532 0.79323458 0.86119834 0.70795916] 
 recall: [0.94480519 0.86549189 0.79954233 0.89708865 0.85423779] 
 f1: [0.76244541 0.89597107 0.79637597 0.8787772  0.77424997] 
 f1_avg: 0.8585650754962713


Validation Epoch: 21 accuracy: 0.81 
 precision: [0.45454545 0.82097187 0.78406709 0.83076264 0.70440252] 
 recall: [0.33333333 0.96396396 0.54625122 0.81573412 0.43579767] 
 f1: [0.38461538 0.88674033 0.64390244 0.82317979 0.53846154] 
 f1_avg: 0.8020912360473805

New best val score, save model ...
--- 354.8122570514679 seconds ---

Train Epoch: 22 accuracy: 0.86 
 precision: [0.65447761 0.9302676  0.7961264  0.86480025 0.72114669] 
 recall: [0.9491342  0.86903707 0.80423341 0.89931305 0.8625501 ] 
 f1: [0.77473498 0.89861049 0.80015937 0.88171905 0.78553565] 
 f1_avg: 0.8623694734939448


Validation Epoch: 22 accuracy: 0.81 
 precision: [0.45454545 0.82239316 0.78116343 0.82835184 0.71153846] 
 recall: [0.33333333 0.96316316 0.54917235 0.81615482 0.43190661] 
 f1: [0.38461538 0.88722914 0.64493997 0.82220809 0.53753027] 
 f1_avg: 0.802270199920351

New best val score, save model ...
--- 371.1753079891205 seconds ---

Train Epoch: 23 accuracy: 0.86 
 precision: [0.65204461 0.93175041 0.80099587 0.86809449 0.72940589] 
 recall: [0.9491342  0.87153954 0.80983982 0.90160288 0.86744842] 
 f1: [0.77302777 0.90063977 0.80539357 0.88453145 0.79246051] 
 f1_avg: 0.8656365160363081


Validation Epoch: 23 accuracy: 0.82 
 precision: [0.45454545 0.82637098 0.78302533 0.82494715 0.7147541 ] 
 recall: [0.33333333 0.96236236 0.55696203 0.8207825  0.42412451] 
 f1: [0.38461538 0.88919719 0.65092461 0.82285955 0.53235653] 
 f1_avg: 0.8043777310538742

New best val score, save model ...
--- 387.5707859992981 seconds ---

Train Epoch: 24 accuracy: 0.87 
 precision: [0.66641566 0.93469046 0.8012272  0.87030975 0.73905936] 
 recall: [0.95779221 0.87372921 0.81424485 0.90441609 0.87234674] 
 f1: [0.78596803 0.90318234 0.80768358 0.8870352  0.80019062] 
 f1_avg: 0.8686810385056475


Validation Epoch: 24 accuracy: 0.82 
 precision: [0.45454545 0.82761593 0.78517502 0.82039446 0.72312704] 
 recall: [0.33333333 0.96116116 0.55696203 0.82246529 0.43190661] 
 f1: [0.38461538 0.88940348 0.65166619 0.82142857 0.5408039 ] 
 f1_avg: 0.8047281979920016

New best val score, save model ...
--- 403.92303943634033 seconds ---

Train Epoch: 25 accuracy: 0.87 
 precision: [0.67602428 0.93613464 0.80618673 0.874795   0.74735783] 
 recall: [0.96428571 0.87576247 0.82002288 0.90736016 0.88169809] 
 f1: [0.79482605 0.90494276 0.81304594 0.89078005 0.80898876] 
 f1_avg: 0.8723105923626658


Validation Epoch: 25 accuracy: 0.82 
 precision: [0.45454545 0.8301952  0.78437917 0.82470289 0.72459016] 
 recall: [0.33333333 0.96216216 0.57205453 0.81741691 0.42996109] 
 f1: [0.38461538 0.89132047 0.6615991  0.82104374 0.53968254] 
 f1_avg: 0.80758541296095

New best val score, save model ...
--- 420.2826268672943 seconds ---

Train Epoch: 26 accuracy: 0.88 
 precision: [0.67221802 0.93918844 0.81177927 0.87873217 0.7557656 ] 
 recall: [0.96103896 0.8808717  0.82557208 0.90690219 0.89015882] 
 f1: [0.79109131 0.9090958  0.81861758 0.89259498 0.81747546] 
 f1_avg: 0.8766028226366753


Validation Epoch: 26 accuracy: 0.82 
 precision: [0.45454545 0.83408774 0.7823219  0.81578947 0.73129252] 
 recall: [0.33333333 0.95915916 0.57740993 0.8216239  0.41828794] 
 f1: [0.38461538 0.89226185 0.66442577 0.81869629 0.53217822] 
 f1_avg: 0.807692840187598

New best val score, save model ...
--- 436.6398603916168 seconds ---

Train Epoch: 27 accuracy: 0.88 
 precision: [0.67987805 0.93966667 0.81253859 0.88285315 0.76116947] 
 recall: [0.96536797 0.88181012 0.82820366 0.91017337 0.8926822 ] 
 f1: [0.79785331 0.90981953 0.82029634 0.89630513 0.82169695] 
 f1_avg: 0.8784877088149434


Validation Epoch: 27 accuracy: 0.82 
 precision: [0.45454545 0.83692415 0.78348505 0.81255195 0.73220339] 
 recall: [0.33333333 0.95655656 0.58666018 0.82246529 0.42023346] 
 f1: [0.38461538 0.89275037 0.67093541 0.81747857 0.53399258] 
 f1_avg: 0.8090819120416757

New best val score, save model ...
--- 453.0048279762268 seconds ---

Train Epoch: 28 accuracy: 0.88 
 precision: [0.68425076 0.9421022  0.81511993 0.88504507 0.77218897] 
 recall: [0.96861472 0.88480788 0.83209382 0.9122015  0.9001039 ] 
 f1: [0.80197133 0.91255663 0.82351942 0.89841812 0.83125428] 
 f1_avg: 0.8818109272529161


Validation Epoch: 28 accuracy: 0.82 
 precision: [0.45454545 0.83962761 0.78387097 0.81100083 0.7456446 ] 
 recall: [0.33333333 0.95695696 0.59152872 0.82498948 0.41634241] 
 f1: [0.38461538 0.89446108 0.67425083 0.81793535 0.53433208] 
 f1_avg: 0.8107484224786433

New best val score, save model ...
--- 469.3777735233307 seconds ---

Train Epoch: 29 accuracy: 0.88 
 precision: [0.68859985 0.94467719 0.81868898 0.88939712 0.78371076] 
 recall: [0.97402597 0.88757103 0.83953089 0.91593065 0.90411162] 
 f1: [0.80681309 0.91523419 0.82897896 0.9024689  0.83961679] 
 f1_avg: 0.8858835980492612


Validation Epoch: 29 accuracy: 0.82 
 precision: [0.45454545 0.83808358 0.78336557 0.81696615 0.74385965] 
 recall: [0.33333333 0.95955956 0.59152872 0.82246529 0.41245136] 
 f1: [0.38461538 0.89471719 0.6740638  0.8197065  0.53066333] 
 f1_avg: 0.8110713322804046

New best val score, save model ...
--- 485.7379894256592 seconds ---

Train Epoch: 30 accuracy: 0.89 
 precision: [0.69906687 0.94555866 0.82397631 0.89304813 0.7924845 ] 
 recall: [0.97294372 0.89101194 0.84382151 0.91776251 0.91093959] 
 f1: [0.81357466 0.91747527 0.83378084 0.90523667 0.8475934 ] 
 f1_avg: 0.889338448452162


Validation Epoch: 30 accuracy: 0.82 
 precision: [0.45454545 0.84037888 0.78067387 0.81578947 0.74642857] 
 recall: [0.33333333 0.95915916 0.59785784 0.8216239  0.40661479] 
 f1: [0.38461538 0.89584892 0.67714364 0.81869629 0.52644836] 
 f1_avg: 0.811814682140492

New best val score, save model ...
--- 502.15431690216064 seconds ---

Train Epoch: 31 accuracy: 0.89 
 precision: [0.7        0.9464661  0.82585178 0.89601939 0.7976699 ] 
 recall: [0.97727273 0.89223711 0.847254   0.91894014 0.91465044] 
 f1: [0.81571816 0.91855191 0.83641601 0.90733503 0.85216429] 
 f1_avg: 0.8912703805979876


Validation Epoch: 31 accuracy: 0.82 
 precision: [0.45454545 0.8464     0.77566073 0.80558981 0.74524715] 
 recall: [0.33333333 0.95315315 0.61441091 0.82456878 0.38132296] 
 f1: [0.38461538 0.89661017 0.68568324 0.81496881 0.5045045 ] 
 f1_avg: 0.8119353879650247

New best val score, save model ...
--- 518.5298717021942 seconds ---

Train Epoch: 32 accuracy: 0.89 
 precision: [0.69745958 0.94897056 0.82768597 0.89862016 0.79886099] 
 recall: [0.98051948 0.89390543 0.85102975 0.92031403 0.91613478] 
 f1: [0.81511471 0.92061532 0.83919555 0.90933773 0.85348821] 
 f1_avg: 0.8933863837855878


Validation Epoch: 32 accuracy: 0.82 
 precision: [0.45454545 0.85133189 0.77507599 0.7935743  0.77042802] 
 recall: [0.33333333 0.94694695 0.62074002 0.83129996 0.38521401] 
 f1: [0.38461538 0.89659748 0.68937551 0.81199918 0.51361868] 
 f1_avg: 0.8124515753559287

New best val score, save model ...
--- 534.8743903636932 seconds ---

Train Epoch: 33 accuracy: 0.90 
 precision: [0.71259843 0.94985503 0.83223904 0.90179541 0.81067708] 
 recall: [0.97943723 0.89669465 0.85566362 0.92338894 0.92415022] 
 f1: [0.82497721 0.92250962 0.84378878 0.91246444 0.86370257] 
 f1_avg: 0.8969234429508962


Validation Epoch: 33 accuracy: 0.82 
 precision: [0.45454545 0.8457579  0.77819083 0.80973999 0.7400722 ] 
 recall: [0.33333333 0.95395395 0.61148978 0.82541018 0.39883268] 
 f1: [0.38461538 0.89660363 0.68484188 0.8175     0.51833123] 
 f1_avg: 0.813075081666657

New best val score, save model ...
--- 551.2445170879364 seconds ---

Train Epoch: 34 accuracy: 0.90 
 precision: [0.71147799 0.95146758 0.83389755 0.90354909 0.81657733] 
 recall: [0.97943723 0.89739847 0.85961098 0.92607131 0.9271189 ] 
 f1: [0.82422587 0.92364241 0.84655906 0.91467158 0.86834422] 
 f1_avg: 0.8989058912715482


Validation Epoch: 34 accuracy: 0.82 
 precision: [0.47619048 0.85179211 0.77163462 0.80667766 0.73476703] 
 recall: [0.33333333 0.95155155 0.62512171 0.82330669 0.39883268] 
 f1: [0.39215686 0.89891253 0.69069392 0.81490735 0.51702396] 
 f1_avg: 0.8147746430158496

New best val score, save model ...
--- 567.587867975235 seconds ---

Train Epoch: 35 accuracy: 0.90 
 precision: [0.71272443 0.95265962 0.83684211 0.90753556 0.82017314] 
 recall: [0.98809524 0.89964027 0.86413043 0.9265947  0.92815793] 
 f1: [0.82811791 0.92539114 0.85026738 0.91696611 0.87083072] 
 f1_avg: 0.9012834861839243


Validation Epoch: 35 accuracy: 0.82 
 precision: [0.43478261 0.85487651 0.76932084 0.80393765 0.74409449] 
 recall: [0.33333333 0.94934935 0.63972736 0.82456878 0.36770428] 
 f1: [0.37735849 0.89963954 0.69856459 0.81412253 0.4921875 ] 
 f1_avg: 0.8152483003853587

New best val score, save model ...
--- 583.9882051944733 seconds ---

Train Epoch: 36 accuracy: 0.90 
 precision: [0.71641791 0.95451913 0.8386277  0.91157381 0.8280674 ] 
 recall: [0.98701299 0.90214275 0.86842105 0.92803402 0.93364999] 
 f1: [0.83022303 0.92759217 0.85326438 0.91973027 0.87769483] 
 f1_avg: 0.9041679639036586


Validation Epoch: 36 accuracy: 0.82 
 precision: [0.43478261 0.8540842  0.7727003  0.80417007 0.75968992] 
 recall: [0.33333333 0.95035035 0.6338851  0.82751367 0.38132296] 
 f1: [0.37735849 0.89964939 0.6964429  0.81567489 0.50777202] 
 f1_avg: 0.8159896892252032

New best val score, save model ...
--- 600.3670604228973 seconds ---

Train Epoch: 37 accuracy: 0.90 
 precision: [0.70897833 0.95503017 0.84070063 0.91359136 0.8313253 ] 
 recall: [0.99134199 0.90347219 0.87042334 0.92966961 0.93201722] 
 f1: [0.8267148  0.92853603 0.85530384 0.92156036 0.87879636] 
 f1_avg: 0.9054880928793262


Validation Epoch: 37 accuracy: 0.82 
 precision: [0.43478261 0.83563078 0.77813923 0.80685101 0.765625  ] 
 recall: [0.33333333 0.95875876 0.58227848 0.82246529 0.38132296] 
 f1: [0.37735849 0.89297035 0.66610972 0.81458333 0.50909091] 
 f1_avg: 0.806202039912644

--- 616.3305497169495 seconds ---

Train Epoch: 38 accuracy: 0.91 
 precision: [0.72222222 0.95508151 0.84575207 0.91386824 0.83748344] 
 recall: [0.98484848 0.90566185 0.87076659 0.93294079 0.93854832] 
 f1: [0.83333333 0.92971541 0.85807706 0.92330603 0.88514034] 
 f1_avg: 0.9076363502548233


Validation Epoch: 38 accuracy: 0.83 
 precision: [0.43478261 0.86029546 0.76074661 0.80113867 0.77637131] 
 recall: [0.33333333 0.94434434 0.65481986 0.82877577 0.35797665] 
 f1: [0.37735849 0.90036266 0.70381999 0.81472291 0.49001332] 
 f1_avg: 0.816724345826163

New best val score, save model ...
--- 632.6914250850677 seconds ---

Train Epoch: 39 accuracy: 0.91 
 precision: [0.72836538 0.95763387 0.84982293 0.91853138 0.84293124] 
 recall: [0.98376623 0.90858141 0.87860412 0.93457638 0.94077483] 
 f1: [0.83701657 0.93246298 0.8639739  0.92648442 0.88916947] 
 f1_avg: 0.9112867566965323


Validation Epoch: 39 accuracy: 0.83 
 precision: [0.45454545 0.85745336 0.76299258 0.80617284 0.76422764] 
 recall: [0.33333333 0.94774775 0.65043817 0.82414809 0.36575875] 
 f1: [0.38461538 0.90034234 0.7022339  0.81506137 0.49473684] 
 f1_avg: 0.8167334477573625

New best val score, save model ...
--- 649.048011302948 seconds ---

Train Epoch: 40 accuracy: 0.91 
 precision: [0.72147915 0.95869243 0.85304382 0.91922632 0.84908945] 
 recall: [0.99242424 0.9105104  0.88100686 0.93588485 0.94122013] 
 f1: [0.83553531 0.93398043 0.86679988 0.92748079 0.89278423] 
 f1_avg: 0.913137595381165


Validation Epoch: 40 accuracy: 0.82 
 precision: [0.5        0.84707139 0.76264128 0.81007913 0.75298805] 
 recall: [0.33333333 0.95255255 0.624148   0.81825831 0.36770428] 
 f1: [0.4        0.89672069 0.68647925 0.81414818 0.49411765] 
 f1_avg: 0.8114699034032457

--- 665.0416922569275 seconds ---

Train Epoch: 41 accuracy: 0.91 
 precision: [0.7314741  0.9594602  0.8538747  0.92319568 0.85165864] 
 recall: [0.99350649 0.91183984 0.88186499 0.93895976 0.94507941] 
 f1: [0.84258834 0.93504411 0.86764416 0.931011   0.89594034] 
 f1_avg: 0.914880269539075


Validation Epoch: 41 accuracy: 0.83 
 precision: [0.5        0.85475463 0.76359473 0.81190179 0.78059072] 
 recall: [0.33333333 0.95195195 0.64946446 0.8207825  0.35992218] 
 f1: [0.4        0.90073878 0.70192055 0.81631799 0.49267643] 
 f1_avg: 0.8171071758671596

New best val score, save model ...
--- 681.392655134201 seconds ---

Train Epoch: 42 accuracy: 0.92 
 precision: [0.7425343  0.96032768 0.85795832 0.92355624 0.85508805] 
 recall: [0.995671   0.91369063 0.88564073 0.94059535 0.94418881] 
 f1: [0.85067037 0.93642885 0.87157978 0.93199793 0.89743228] 
 f1_avg: 0.9168414854372079


Validation Epoch: 42 accuracy: 0.82 
 precision: [0.45454545 0.84756641 0.76397881 0.81029473 0.78787879] 
 recall: [0.33333333 0.95175175 0.63193768 0.8212032  0.3540856 ] 
 f1: [0.38461538 0.89664278 0.6917133  0.81571249 0.4885906 ] 
 f1_avg: 0.812550893661957

--- 697.3748137950897 seconds ---

Train Epoch: 43 accuracy: 0.92 
 precision: [0.73790323 0.96090777 0.85941395 0.92555448 0.86263662] 
 recall: [0.99025974 0.914994   0.88758581 0.94190383 0.9489387 ] 
 f1: [0.84565619 0.93738901 0.87327273 0.93365759 0.90373198] 
 f1_avg: 0.9184864352044559


Validation Epoch: 43 accuracy: 0.83 
 precision: [0.5        0.86897952 0.74933617 0.80661157 0.78070175] 
 recall: [0.33333333 0.94274274 0.68695229 0.8212032  0.3463035 ] 
 f1: [0.4        0.90435952 0.71678943 0.81384198 0.47978437] 
 f1_avg: 0.8207294725098786

New best val score, save model ...
--- 713.7258796691895 seconds ---

Train Epoch: 44 accuracy: 0.92 
 precision: [0.75163934 0.96296398 0.8601914  0.92753623 0.86509549] 
 recall: [0.99242424 0.91567176 0.89473684 0.9421001  0.94804809] 
 f1: [0.85541045 0.93872261 0.87712411 0.93476144 0.90467422] 
 f1_avg: 0.9203993532248487


Validation Epoch: 44 accuracy: 0.83 
 precision: [0.47619048 0.86176632 0.76457399 0.79975679 0.7860262 ] 
 recall: [0.33333333 0.94354354 0.66407011 0.83003786 0.35019455] 
 f1: [0.39215686 0.90080275 0.71078687 0.81461602 0.48452221] 
 f1_avg: 0.81811608570053

--- 729.7052190303802 seconds ---

Train Epoch: 45 accuracy: 0.92 
 precision: [0.73874598 0.96385938 0.86454249 0.92894805 0.86913983] 
 recall: [0.99458874 0.91767895 0.89565217 0.94517501 0.949384  ] 
 f1: [0.84778598 0.94020244 0.87982242 0.93699128 0.90749149] 
 f1_avg: 0.9223026088848716


Validation Epoch: 45 accuracy: 0.83 
 precision: [0.5        0.86658102 0.76707048 0.80662306 0.78242678] 
 recall: [0.33333333 0.94534535 0.6781889  0.83003786 0.36381323] 
 f1: [0.4        0.90425124 0.71989664 0.81816297 0.49667995] 
 f1_avg: 0.8232166036073756

New best val score, save model ...
--- 746.0377058982849 seconds ---

Train Epoch: 46 accuracy: 0.92 
 precision: [0.74493927 0.96476928 0.86853317 0.93240288 0.87223654] 
 recall: [0.995671   0.91942547 0.89799771 0.94844619 0.95457919] 
 f1: [0.85224641 0.94155177 0.88301972 0.94035611 0.91155209] 
 f1_avg: 0.9247212629111197


Validation Epoch: 46 accuracy: 0.82 
 precision: [0.5        0.83521054 0.7811104  0.82688218 0.74712644] 
 recall: [0.33333333 0.96496496 0.59591042 0.81783761 0.37937743] 
 f1: [0.4        0.89541148 0.67605634 0.82233503 0.50322581] 
 f1_avg: 0.8110881127069377

--- 762.0085196495056 seconds ---

Train Epoch: 47 accuracy: 0.92 
 precision: [0.7447496  0.96479278 0.8654154  0.93110109 0.87387755] 
 recall: [0.9978355  0.91934727 0.89685355 0.94602552 0.95339172] 
 f1: [0.85291397 0.94152195 0.88085405 0.93850398 0.91190459] 
 f1_avg: 0.9239049212221518


Validation Epoch: 47 accuracy: 0.83 
 precision: [0.47619048 0.86933185 0.74491393 0.81473684 0.7519685 ] 
 recall: [0.33333333 0.94034034 0.69522882 0.81405133 0.37159533] 
 f1: [0.39215686 0.90344297 0.7192143  0.81439394 0.49739583] 
 f1_avg: 0.8217857945956943

--- 777.9666137695312 seconds ---

Train Epoch: 48 accuracy: 0.93 
 precision: [0.75533662 0.96505024 0.86996012 0.93371127 0.87498303] 
 recall: [0.995671   0.9213284  0.898627   0.94824992 0.9568057 ] 
 f1: [0.85901027 0.94268263 0.88406123 0.94092444 0.91406693] 
 f1_avg: 0.9259075744117322


Validation Epoch: 48 accuracy: 0.83 
 precision: [0.5        0.88807972 0.72101791 0.80314309 0.82291667] 
 recall: [0.33333333 0.92772773 0.74488802 0.81699621 0.307393  ] 
 f1: [0.4        0.90747087 0.73275862 0.81001043 0.44759207] 
 f1_avg: 0.8230050465418443

--- 793.9562747478485 seconds ---

Train Epoch: 49 accuracy: 0.93 
 precision: [0.75930521 0.96705008 0.86948883 0.93781175 0.88004913] 
 recall: [0.99350649 0.92265784 0.90594966 0.94713772 0.957251  ] 
 f1: [0.86075949 0.94433254 0.88734486 0.94245166 0.91702808] 
 f1_avg: 0.92800942473258


Validation Epoch: 49 accuracy: 0.83 
 precision: [0.52631579 0.84889283 0.79402803 0.81818182 0.7734375 ] 
 recall: [0.33333333 0.95935936 0.63437196 0.82919647 0.38521401] 
 f1: [0.40816327 0.90075188 0.7052774  0.82365232 0.51428571] 
 f1_avg: 0.8206925517134159

--- 809.9183330535889 seconds ---

Train Epoch: 50 accuracy: 0.93 
 precision: [0.73621103 0.96724939 0.87119037 0.93732249 0.87969411] 
 recall: [0.99675325 0.92307492 0.90268879 0.95001636 0.95621196] 
 f1: [0.84689655 0.944646   0.88665992 0.94362673 0.91635846] 
 f1_avg: 0.9280182182325195


Validation Epoch: 50 accuracy: 0.82 
 precision: [0.5        0.82404742 0.79100529 0.84238179 0.77108434] 
 recall: [0.33333333 0.97417417 0.58227848 0.80942364 0.37354086] 
 f1: [0.4        0.89284404 0.67077958 0.82557391 0.50327654] 
 f1_avg: 0.8094895244980632

--- 825.8588998317719 seconds ---

Train Epoch: 51 accuracy: 0.93 
 precision: [0.7615894  0.96534734 0.87230146 0.93988753 0.881969  ] 
 recall: [0.995671   0.92443043 0.89919908 0.95132483 0.96274306] 
 f1: [0.8630394  0.94444592 0.88554607 0.9455716  0.92058761] 
 f1_avg: 0.9286019297267535


Validation Epoch: 51 accuracy: 0.80 
 precision: [0.43478261 0.79265905 0.75319149 0.86019508 0.73622047] 
 recall: [0.33333333 0.97277277 0.51703992 0.77913336 0.36381323] 
 f1: [0.37735849 0.87352809 0.61316397 0.81766004 0.48697917] 
 f1_avg: 0.7851471995379576

--- 841.8467726707458 seconds ---

Train Epoch: 52 accuracy: 0.93 
 precision: [0.74878049 0.96336102 0.87394209 0.94036905 0.88682086] 
 recall: [0.99675325 0.92529065 0.8979405  0.95021263 0.96185246] 
 f1: [0.8551532  0.94394213 0.88577878 0.94526521 0.92281401] 
 f1_avg: 0.9284467124319165


Validation Epoch: 52 accuracy: 0.83 
 precision: [0.52631579 0.88510557 0.71816479 0.82036957 0.78354978] 
 recall: [0.33333333 0.93153153 0.74683544 0.80311317 0.35214008] 
 f1: [0.40816327 0.90772532 0.73221957 0.81164966 0.48590604] 
 f1_avg: 0.8254121188164245

New best val score, save model ...
--- 858.2295634746552 seconds ---

Train Epoch: 53 accuracy: 0.93 
 precision: [0.75993377 0.96926765 0.87979709 0.94294586 0.89136108] 
 recall: [0.99350649 0.92737605 0.91281465 0.95368008 0.9633368 ] 
 f1: [0.86116323 0.94785922 0.8960018  0.94828259 0.92595235] 
 f1_avg: 0.93354624942356


Validation Epoch: 53 accuracy: 0.82 
 precision: [0.45       0.8228213  0.81124498 0.8487134  0.73026316] 
 recall: [0.3        0.97157157 0.59006816 0.80479596 0.43190661] 
 f1: [0.36       0.89103094 0.6832018  0.82617145 0.54278729] 
 f1_avg: 0.8131994228981184

--- 874.1634275913239 seconds ---

Train Epoch: 54 accuracy: 0.93 
 precision: [0.76009893 0.9686379  0.88257471 0.94569931 0.89054999] 
 recall: [0.9978355  0.9290965  0.91069794 0.95596991 0.9637821 ] 
 f1: [0.8628919  0.94845525 0.8964158  0.95080687 0.92571999] 
 f1_avg: 0.9344184314383958


Validation Epoch: 54 accuracy: 0.81 
 precision: [0.43478261 0.80623756 0.78156028 0.86065574 0.69648562] 
 recall: [0.33333333 0.97297297 0.53651412 0.7951199  0.42412451] 
 f1: [0.37735849 0.88179262 0.63625866 0.82659086 0.52720677] 
 f1_avg: 0.7982488375960504

--- 890.1629586219788 seconds ---

Train Epoch: 55 accuracy: 0.93 
 precision: [0.71528861 0.96479827 0.88049681 0.94456691 0.8926903 ] 
 recall: [0.99242424 0.92878369 0.90034325 0.95315669 0.96437583] 
 f1: [0.83136899 0.94644849 0.89030944 0.94884236 0.92714948] 
 f1_avg: 0.9314579965568828


Validation Epoch: 55 accuracy: 0.82 
 precision: [0.52631579 0.91576365 0.62545061 0.8495404  0.78538813] 
 recall: [0.33333333 0.8966967  0.84469328 0.73874632 0.33463035] 
 f1: [0.40816327 0.90612988 0.71872411 0.79027903 0.46930423] 
 f1_avg: 0.8158815040635201

--- 906.1355035305023 seconds ---

Train Epoch: 56 accuracy: 0.93 
 precision: [0.71497976 0.96894342 0.87193953 0.94503488 0.88426689] 
 recall: [0.95562771 0.92633335 0.91069794 0.94824992 0.95606353] 
 f1: [0.81797128 0.9471594  0.89089739 0.94663967 0.91876471] 
 f1_avg: 0.9306331675530126


Validation Epoch: 56 accuracy: 0.84 
 precision: [0.52941176 0.89830838 0.73446328 0.81481481 0.76451613] 
 recall: [0.3        0.92492492 0.75949367 0.81447202 0.46108949] 
 f1: [0.38297872 0.91142237 0.74676879 0.81464338 0.57524272] 
 f1_avg: 0.8355054440912232

New best val score, save model ...
--- 922.4633593559265 seconds ---

Train Epoch: 57 accuracy: 0.94 
 precision: [0.77162049 0.97195548 0.88117022 0.94706872 0.89535527] 
 recall: [0.99458874 0.92873156 0.9201373  0.95754007 0.96140715] 
 f1: [0.86903073 0.94985204 0.90023228 0.95227561 0.92720636] 
 f1_avg: 0.9364292828770053


Validation Epoch: 57 accuracy: 0.82 
 precision: [0.52631579 0.81950067 0.81279461 0.84772023 0.76702509] 
 recall: [0.33333333 0.97257257 0.58763389 0.80563736 0.41634241] 
 f1: [0.40816327 0.88949922 0.68211359 0.82614323 0.53972257] 
 f1_avg: 0.8121880321355927

--- 938.4503653049469 seconds ---

Train Epoch: 58 accuracy: 0.94 
 precision: [0.76475478 0.96870852 0.8835     0.94950347 0.8947296 ] 
 recall: [0.995671   0.93206819 0.90978261 0.95708211 0.96511801] 
 f1: [0.86506817 0.95003521 0.8964487  0.95327773 0.92859183] 
 f1_avg: 0.9359454497136404


Validation Epoch: 58 accuracy: 0.82 
 precision: [0.45454545 0.82400137 0.79518856 0.8359375  0.75806452] 
 recall: [0.33333333 0.96636637 0.59542356 0.81026504 0.36575875] 
 f1: [0.38461538 0.88952363 0.68095768 0.82290109 0.49343832] 
 f1_avg: 0.8087321245957878

--- 954.4026274681091 seconds ---

Train Epoch: 59 accuracy: 0.94 
 precision: [0.76344086 0.96881592 0.88769994 0.94843093 0.90509227] 
 recall: [0.99891775 0.93376258 0.91121281 0.95897939 0.96823512] 
 f1: [0.86544773 0.95096634 0.89930271 0.95367599 0.93559954] 
 f1_avg: 0.9377129436932539


Validation Epoch: 59 accuracy: 0.83 
 precision: [0.55555556 0.89497272 0.67672956 0.84312818 0.75547445] 
 recall: [0.33333333 0.91951952 0.78578384 0.76651241 0.40272374] 
 f1: [0.41666667 0.90708008 0.72719081 0.80299691 0.52538071] 
 f1_avg: 0.8240505804979272

--- 970.3697764873505 seconds ---

Train Epoch: 60 accuracy: 0.94 
 precision: [0.78268251 0.97149069 0.88608915 0.9497076  0.901512  ] 
 recall: [0.9978355  0.93180752 0.92339817 0.9562316  0.9646727 ] 
 f1: [0.87725975 0.95123541 0.90435903 0.95295844 0.93202352] 
 f1_avg: 0.9386593004781257


Validation Epoch: 60 accuracy: 0.84 
 precision: [0.5        0.8960539  0.72065514 0.8156682  0.79651163] 
 recall: [0.3        0.93193193 0.77117819 0.81909971 0.26653696] 
 f1: [0.375      0.91364082 0.74506115 0.81738035 0.39941691] 
 f1_avg: 0.827828977403626

--- 986.36860704422 seconds ---

Train Epoch: 61 accuracy: 0.94 
 precision: [0.77142857 0.97536678 0.88580196 0.95325401 0.8974962 ] 
 recall: [0.99350649 0.93410145 0.92477117 0.95924109 0.96303993] 
 f1: [0.86849574 0.95428823 0.90486719 0.95623818 0.92911356] 
 f1_avg: 0.9405431303735563


Validation Epoch: 61 accuracy: 0.79 
 precision: [0.47368421 0.77171177 0.81935484 0.84863412 0.69314079] 
 recall: [0.3        0.98198198 0.43281402 0.79722339 0.37354086] 
 f1: [0.36734694 0.86424104 0.56642243 0.82212581 0.48546144] 
 f1_avg: 0.7718210921395489

--- 1002.3095443248749 seconds ---

Train Epoch: 62 accuracy: 0.94 
 precision: [0.7721943  0.96683935 0.8871591  0.94911204 0.90180807] 
 recall: [0.9978355  0.93407539 0.90629291 0.96153091 0.96244619] 
 f1: [0.87063267 0.95017501 0.89662394 0.95528112 0.93114095] 
 f1_avg: 0.9367242879313534


Validation Epoch: 62 accuracy: 0.84 
 precision: [0.52631579 0.88291019 0.72858518 0.844098   0.75428571] 
 recall: [0.33333333 0.93293293 0.73709834 0.79722339 0.51361868] 
 f1: [0.40816327 0.90723255 0.73281704 0.81999135 0.61111111] 
 f1_avg: 0.8337320187984122

--- 1018.2910392284393 seconds ---

Train Epoch: 63 accuracy: 0.94 
 precision: [0.7746005  0.97255677 0.89204294 0.95670009 0.90540166] 
 recall: [0.99675325 0.93673427 0.922254   0.96126922 0.9703132 ] 
 f1: [0.87174633 0.95430946 0.90689694 0.95897921 0.93673426] 
 f1_avg: 0.942225309550442


Validation Epoch: 63 accuracy: 0.82 
 precision: [0.52941176 0.9470852  0.61218375 0.82864793 0.79435484] 
 recall: [0.3        0.84564565 0.89532619 0.78123685 0.38326848] 
 f1: [0.38297872 0.89349551 0.72716489 0.80424426 0.51706037] 
 f1_avg: 0.8170063918238951

--- 1034.2726292610168 seconds ---

Train Epoch: 64 accuracy: 0.94 
 precision: [0.79173838 0.97227463 0.87597656 0.9541207  0.90639301] 
 recall: [0.995671   0.9269329  0.92368421 0.96192345 0.97016476] 
 f1: [0.88207095 0.94906252 0.89919804 0.95800619 0.9371953 ] 
 f1_avg: 0.9379342164143979


Validation Epoch: 64 accuracy: 0.83 
 precision: [0.47368421 0.80785022 0.81690141 0.9098778  0.75297619] 
 recall: [0.3        0.98478478 0.62122687 0.75178797 0.4922179 ] 
 f1: [0.36734694 0.88758571 0.70575221 0.8233126  0.59529412] 
 f1_avg: 0.8181666296939936

--- 1050.2285072803497 seconds ---

Train Epoch: 65 accuracy: 0.94 
 precision: [0.77432886 0.97045798 0.89235648 0.95485503 0.91242505] 
 recall: [0.99891775 0.93681247 0.91767735 0.96310108 0.9712038 ] 
 f1: [0.87240076 0.95333846 0.9048398  0.95896033 0.94089733] 
 f1_avg: 0.9416561151934089


Validation Epoch: 65 accuracy: 0.81 
 precision: [0.5625     0.80513919 0.78169935 0.87464115 0.74904943] 
 recall: [0.3        0.97857858 0.58227848 0.7690366  0.38326848] 
 f1: [0.39130435 0.88342671 0.66741071 0.81844638 0.50707851] 
 f1_avg: 0.8025479012142781

--- 1066.1947963237762 seconds ---

Train Epoch: 66 accuracy: 0.94 
 precision: [0.77805907 0.97117093 0.89769179 0.95689262 0.91550279] 
 recall: [0.9978355  0.94048798 0.92110984 0.96140007 0.97298501] 
 f1: [0.87434803 0.95558322 0.90925006 0.95914105 0.94336907] 
 f1_avg: 0.9439968061481805


Validation Epoch: 66 accuracy: 0.83 
 precision: [0.5        0.90744102 0.65770265 0.85660019 0.78873239] 
 recall: [0.3        0.9009009  0.83349562 0.75893984 0.43579767] 
 f1: [0.375      0.90415913 0.73523728 0.8048182  0.56140351] 
 f1_avg: 0.8264108828157399

--- 1082.2272069454193 seconds ---

Train Epoch: 67 accuracy: 0.95 
 precision: [0.79238754 0.97553168 0.89352841 0.9590228  0.91449296] 
 recall: [0.99134199 0.93743809 0.93283753 0.96310108 0.97313344] 
 f1: [0.88076923 0.9561056  0.91275994 0.96105761 0.94290234] 
 f1_avg: 0.945437076561169


Validation Epoch: 67 accuracy: 0.83 
 precision: [0.47368421 0.83968668 0.82283219 0.84388552 0.72727273] 
 recall: [0.3        0.96576577 0.64216164 0.81867901 0.42023346] 
 f1: [0.36734694 0.89832402 0.7213563  0.83109118 0.53267571] 
 f1_avg: 0.8253875423724082

--- 1098.1955389976501 seconds ---

Train Epoch: 68 accuracy: 0.94 
 precision: [0.78401361 0.97291745 0.89283734 0.95757222 0.91790417] 
 recall: [0.9978355  0.93832438 0.92133867 0.96715734 0.97253971] 
 f1: [0.87809524 0.95530786 0.90686413 0.96234092 0.94443243] 
 f1_avg: 0.9440890374641657


Validation Epoch: 68 accuracy: 0.83 
 precision: [0.52631579 0.82599795 0.81885027 0.86361556 0.71568627] 
 recall: [0.33333333 0.96936937 0.59639727 0.7938578  0.56809339] 
 f1: [0.40816327 0.8919591  0.69014085 0.82726874 0.63340564] 
 f1_avg: 0.8201723390132187

--- 1114.191782951355 seconds ---

Train Epoch: 69 accuracy: 0.94 
 precision: [0.78069433 0.97188766 0.8967509  0.95775745 0.91691105] 
 recall: [0.9978355  0.93814191 0.92368421 0.9656526  0.97461778] 
 f1: [0.8760095  0.95471668 0.91001832 0.96168882 0.94488416] 
 f1_avg: 0.9443886434921328


Validation Epoch: 69 accuracy: 0.83 
 precision: [0.4        0.82786325 0.81413113 0.87599812 0.74177215] 
 recall: [0.33333333 0.96956957 0.62268744 0.78460244 0.57003891] 
 f1: [0.36363636 0.89313047 0.70565517 0.82778518 0.64466447] 
 f1_avg: 0.8245250185087463

--- 1130.1598539352417 seconds ---

Train Epoch: 70 accuracy: 0.94 
 precision: [0.78736123 0.97225902 0.89515326 0.95885254 0.9179021 ] 
 recall: [0.9978355  0.93735989 0.92557208 0.96656853 0.97417248] 
 f1: [0.88019093 0.95449056 0.91010857 0.96269508 0.94520055] 
 f1_avg: 0.9445698743950071


Validation Epoch: 70 accuracy: 0.83 
 precision: [0.5        0.81206265 0.83111423 0.88313539 0.72596154] 
 recall: [0.33333333 0.97577578 0.57740993 0.78207825 0.58754864] 
 f1: [0.4        0.88642357 0.68141339 0.82954038 0.64946237] 
 f1_avg: 0.8169458352446056

--- 1146.105370759964 seconds ---

Train Epoch: 71 accuracy: 0.94 
 precision: [0.79551337 0.97247359 0.89325439 0.96050666 0.91993281] 
 recall: [0.9978355  0.93842865 0.92345538 0.96741904 0.97550839] 
 f1: [0.88526164 0.95514785 0.90810385 0.96395046 0.94690584] 
 f1_avg: 0.9448939716158865


Validation Epoch: 71 accuracy: 0.82 
 precision: [0.52631579 0.80676168 0.83145222 0.86605505 0.71078431] 
 recall: [0.33333333 0.97457457 0.53797468 0.7942785  0.56420233] 
 f1: [0.40816327 0.88276362 0.65326633 0.82861532 0.62906725] 
 f1_avg: 0.8080659391846443

--- 1162.0678520202637 seconds ---

Train Epoch: 72 accuracy: 0.94 
 precision: [0.80034722 0.97071276 0.89262304 0.96083771 0.92230014] 
 recall: [0.9978355  0.93829832 0.91927918 0.96951259 0.97610212] 
 f1: [0.88824663 0.95423035 0.90575503 0.96515566 0.94843874] 
 f1_avg: 0.9443260192569811


Validation Epoch: 72 accuracy: 0.81 
 precision: [0.5        0.80473965 0.8432304  0.83714903 0.71465969] 
 recall: [0.3        0.96536537 0.51850049 0.81531342 0.5311284 ] 
 f1: [0.375      0.87776463 0.64214652 0.82608696 0.609375  ] 
 f1_avg: 0.8015527306899973

--- 1178.041603088379 seconds ---

Train Epoch: 73 accuracy: 0.94 
 precision: [0.79533679 0.96872567 0.89538013 0.96101453 0.9218465 ] 
 recall: [0.99675325 0.94067046 0.91361556 0.9692509  0.97521152] 
 f1: [0.88472622 0.95449195 0.90440593 0.96511514 0.94777842] 
 f1_avg: 0.9440484746574115


Validation Epoch: 73 accuracy: 0.83 
 precision: [0.47368421 0.83628707 0.80912596 0.82736297 0.73087071] 
 recall: [0.3        0.95415415 0.61295034 0.80647875 0.53891051] 
 f1: [0.36734694 0.89134094 0.69750693 0.81678739 0.62038074] 
 f1_avg: 0.8180869552256275

--- 1194.0090758800507 seconds ---

Train Epoch: 74 accuracy: 0.95 
 precision: [0.80383609 0.97128737 0.89875398 0.96046481 0.92418062] 
 recall: [0.9978355  0.94265158 0.92019451 0.96794243 0.97521152] 
 f1: [0.89039112 0.95675526 0.90934788 0.96418912 0.94901054] 
 f1_avg: 0.9462390496016571


Validation Epoch: 74 accuracy: 0.83 
 precision: [0.5        0.86419981 0.8088411  0.79208317 0.72702703] 
 recall: [0.33333333 0.93513514 0.65920156 0.83340345 0.5233463 ] 
 f1: [0.4        0.89826923 0.72639485 0.81221812 0.60859729] 
 f1_avg: 0.8259108636009214

--- 1209.968816280365 seconds ---

Train Epoch: 75 accuracy: 0.95 
 precision: [0.80594406 0.97364745 0.90399016 0.96135391 0.9245283 ] 
 recall: [0.9978355  0.94481518 0.92540046 0.96997056 0.97461778] 
 f1: [0.89168279 0.95901466 0.91457002 0.96564301 0.94891249] 
 f1_avg: 0.9487865683645996


Validation Epoch: 75 accuracy: 0.84 
 precision: [0.47368421 0.88129155 0.7870519  0.79334145 0.75423729] 
 recall: [0.3        0.92892893 0.71616358 0.82204459 0.51945525] 
 f1: [0.36734694 0.90448343 0.74993627 0.80743802 0.61520737] 
 f1_avg: 0.8329770316382098

--- 1225.9427959918976 seconds ---

Train Epoch: 76 accuracy: 0.95 
 precision: [0.80789474 0.97515946 0.90327951 0.96178592 0.92785543] 
 recall: [0.99675325 0.94452844 0.9312357  0.96820412 0.97550839] 
 f1: [0.89244186 0.95959957 0.91704459 0.96498435 0.95108538] 
 f1_avg: 0.949687293568569


Validation Epoch: 76 accuracy: 0.83 
 precision: [0.45       0.86354379 0.8152439  0.78588235 0.74930362] 
 recall: [0.3        0.93373373 0.65092502 0.84307951 0.5233463 ] 
 f1: [0.36       0.89726818 0.72387656 0.81347676 0.61626575] 
 f1_avg: 0.8254655829993714

--- 1241.9396667480469 seconds ---

Train Epoch: 77 accuracy: 0.95 
 precision: [0.78938356 0.97400927 0.90887169 0.96359618 0.92885375] 
 recall: [0.9978355  0.94757833 0.92717391 0.96977429 0.97669586] 
 f1: [0.88145315 0.96061203 0.91793158 0.96667536 0.95217423] 
 f1_avg: 0.9506693404496241


Validation Epoch: 77 accuracy: 0.84 
 precision: [0.45454545 0.9008443  0.79733333 0.77178423 0.77203647] 
 recall: [0.33333333 0.91851852 0.7278481  0.86074884 0.49416342] 
 f1: [0.38461538 0.90959556 0.76100789 0.81384248 0.60260973] 
 f1_avg: 0.8387485922786244

New best val score, save model ...
--- 1258.2940034866333 seconds ---

Train Epoch: 78 accuracy: 0.95 
 precision: [0.79896014 0.97709575 0.91149701 0.96516314 0.92785684] 
 recall: [0.9978355  0.9485689  0.93386728 0.97154073 0.97743803] 
 f1: [0.88739172 0.96262103 0.92254655 0.96834143 0.95200231] 
 f1_avg: 0.9530495739408464


Validation Epoch: 78 accuracy: 0.84 
 precision: [0.39130435 0.91319235 0.79697286 0.76914456 0.7377892 ] 
 recall: [0.3        0.90770771 0.74342746 0.86621792 0.55836576] 
 f1: [0.33962264 0.91044177 0.76926952 0.81480016 0.63565891] 
 f1_avg: 0.8426713702262396

New best val score, save model ...
--- 1274.6777381896973 seconds ---

Train Epoch: 79 accuracy: 0.95 
 precision: [0.79465056 0.9775139  0.91239328 0.96508453 0.92568614] 
 recall: [0.99675325 0.94849069 0.9354119  0.97108276 0.97625056] 
 f1: [0.88430149 0.96278362 0.92375922 0.96807435 0.9502962 ] 
 f1_avg: 0.9531638435769499


Validation Epoch: 79 accuracy: 0.84 
 precision: [0.40909091 0.90848485 0.81487696 0.73779637 0.77192982] 
 recall: [0.3        0.9003003  0.70934761 0.89019773 0.51361868] 
 f1: [0.34615385 0.90437406 0.75845914 0.80686368 0.61682243] 
 f1_avg: 0.83456066121879

--- 1290.6502585411072 seconds ---

Train Epoch: 80 accuracy: 0.95 
 precision: [0.80752406 0.97757511 0.91374392 0.96500682 0.92900494] 
 recall: [0.99891775 0.95000261 0.93449657 0.97245666 0.97699273] 
 f1: [0.89308176 0.96359166 0.92400373 0.96871741 0.95239473] 
 f1_avg: 0.9540186942264706


Validation Epoch: 80 accuracy: 0.84 
 precision: [0.4        0.94282001 0.72975314 0.7693475  0.75195822] 
 recall: [0.33333333 0.87147147 0.82035054 0.85317627 0.56031128] 
 f1: [0.36363636 0.90574282 0.77240431 0.80909635 0.64214047] 
 f1_avg: 0.8400095444518223

--- 1306.6119484901428 seconds ---

Train Epoch: 81 accuracy: 0.95 
 precision: [0.80034874 0.97912183 0.91223301 0.96729519 0.93067346] 
 recall: [0.99350649 0.9486471  0.94067506 0.97330716 0.97639899] 
 f1: [0.88652825 0.96364359 0.92623574 0.97029186 0.95298805] 
 f1_avg: 0.9548184964194485


Validation Epoch: 81 accuracy: 0.84 
 precision: [0.39130435 0.93052632 0.77820823 0.74042553 0.78846154] 
 recall: [0.3        0.88488488 0.78237585 0.87841817 0.47859922] 
 f1: [0.33962264 0.90713186 0.78028648 0.8035405  0.59564165] 
 f1_avg: 0.8385352398600451

--- 1322.6712837219238 seconds ---

Train Epoch: 82 accuracy: 0.96 
 precision: [0.79982669 0.97966475 0.91639225 0.96584416 0.92835989] 
 recall: [0.99891775 0.95065429 0.93930206 0.97311089 0.97714116] 
 f1: [0.88835419 0.96494153 0.92770574 0.96946391 0.95212612] 
 f1_avg: 0.955563688036327


Validation Epoch: 82 accuracy: 0.84 
 precision: [0.38461538 0.88663347 0.82102273 0.77347643 0.75070822] 
 recall: [0.33333333 0.92692693 0.70350536 0.84896929 0.5155642 ] 
 f1: [0.35714286 0.90633258 0.75773466 0.80946651 0.61130334] 
 f1_avg: 0.8357617188937423

--- 1338.650084733963 seconds ---

Train Epoch: 83 accuracy: 0.95 
 precision: [0.79073756 0.97734697 0.91755244 0.96318859 0.93106865] 
 recall: [0.9978355  0.95146238 0.9333524  0.97232581 0.97639899] 
 f1: [0.88229665 0.96423099 0.92538499 0.96773563 0.95319519] 
 f1_avg: 0.95438792918559


Validation Epoch: 83 accuracy: 0.83 
 precision: [0.5        0.93989189 0.72539751 0.75138325 0.80622837] 
 recall: [0.3        0.87027027 0.8218111  0.85696256 0.45330739] 
 f1: [0.375      0.9037422  0.77060032 0.80070755 0.58032379] 
 f1_avg: 0.8334828113939455

--- 1354.640673160553 seconds ---

Train Epoch: 84 accuracy: 0.95 
 precision: [0.80386983 0.98047559 0.9107449  0.96521173 0.92829922] 
 recall: [0.98917749 0.94906418 0.94216247 0.96931632 0.97625056] 
 f1: [0.88694808 0.96451421 0.92618733 0.96725967 0.95167125] 
 f1_avg: 0.9545357388489155


Validation Epoch: 84 accuracy: 0.85 
 precision: [0.47368421 0.92845327 0.77018634 0.77267595 0.77260274] 
 recall: [0.3        0.8988989  0.78481013 0.86369373 0.54863813] 
 f1: [0.36734694 0.91343709 0.77742947 0.81565356 0.64163823] 
 f1_avg: 0.8464482780260533

New best val score, save model ...
--- 1371.1015329360962 seconds ---

Train Epoch: 85 accuracy: 0.96 
 precision: [0.80611354 0.98105246 0.9189913  0.96228987 0.92581644] 
 recall: [0.99891775 0.95154059 0.9423341  0.96997056 0.97625056] 
 f1: [0.89221846 0.96607119 0.93051633 0.96611495 0.95036486] 
 f1_avg: 0.9559822987019859


Validation Epoch: 85 accuracy: 0.84 
 precision: [0.40909091 0.9166157  0.78254438 0.7452321  0.80508475] 
 recall: [0.3        0.9001001  0.77263875 0.8712663  0.36964981] 
 f1: [0.34615385 0.90828283 0.77756002 0.80333592 0.50666667] 
 f1_avg: 0.8339339789163499

--- 1387.093347787857 seconds ---

Train Epoch: 86 accuracy: 0.96 
 precision: [0.80543383 0.98176733 0.91561041 0.96618232 0.9198709 ] 
 recall: [0.99458874 0.95167092 0.94221968 0.97010141 0.97298501] 
 f1: [0.89007264 0.96648488 0.92872448 0.9681379  0.94568275] 
 f1_avg: 0.9557531177492199


Validation Epoch: 86 accuracy: 0.82 
 precision: [0.45       0.85514449 0.86383602 0.75551537 0.72797927] 
 recall: [0.3        0.93013013 0.5744888  0.87883887 0.54669261] 
 f1: [0.36       0.89106252 0.69005848 0.81252431 0.62444444] 
 f1_avg: 0.8155839671604245

--- 1403.132675409317 seconds ---

Train Epoch: 87 accuracy: 0.96 
 precision: [0.7982684  0.97791604 0.92217021 0.96871341 0.93036723] 
 recall: [0.9978355  0.95461655 0.9354119  0.97435394 0.9777349 ] 
 f1: [0.88696489 0.96612584 0.92874386 0.97152549 0.95346313] 
 f1_avg: 0.9568686335527038


Validation Epoch: 87 accuracy: 0.84 
 precision: [0.375      0.93890328 0.71750212 0.76446281 0.81543624] 
 recall: [0.3        0.87067067 0.82229796 0.85612116 0.47276265] 
 f1: [0.33333333 0.90350057 0.76633394 0.80769994 0.59852217] 
 f1_avg: 0.8349627297413373

--- 1419.1344828605652 seconds ---

Train Epoch: 88 accuracy: 0.96 
 precision: [0.80123131 0.981475   0.91586512 0.97040031 0.92843027] 
 recall: [0.98593074 0.95018508 0.94782609 0.97376513 0.97625056] 
 f1: [0.88403688 0.96557661 0.93157155 0.97207981 0.95174011] 
 f1_avg: 0.9571544375671667


Validation Epoch: 88 accuracy: 0.85 
 precision: [0.36       0.90382728 0.81629393 0.78779635 0.7593985 ] 
 recall: [0.3        0.92192192 0.74634859 0.85275557 0.58949416] 
 f1: [0.32727273 0.91278494 0.77975585 0.8189899  0.66374589] 
 f1_avg: 0.8484154291391158

New best val score, save model ...
--- 1435.5046119689941 seconds ---

Train Epoch: 89 accuracy: 0.96 
 precision: [0.78601876 0.98193223 0.92370557 0.96903058 0.93075184] 
 recall: [0.9978355  0.95485115 0.94405034 0.97441937 0.97758646] 
 f1: [0.87935145 0.96820236 0.93376715 0.9717175  0.95359444] 
 f1_avg: 0.9589533604830904


Validation Epoch: 89 accuracy: 0.83 
 precision: [0.39130435 0.85533088 0.83214977 0.77662037 0.7568306 ] 
 recall: [0.3        0.93153153 0.62755599 0.8468658  0.53891051] 
 f1: [0.33962264 0.89180642 0.71551485 0.81022338 0.62954545] 
 f1_avg: 0.820854222637516

--- 1451.487363576889 seconds ---

Train Epoch: 90 accuracy: 0.96 
 precision: [0.77181208 0.979254   0.92498733 0.97120094 0.93439842] 
 recall: [0.995671   0.95605026 0.93964531 0.97298005 0.98100045] 
 f1: [0.86956522 0.96751303 0.93225871 0.97208968 0.95713251] 
 f1_avg: 0.9585430215574029


Validation Epoch: 90 accuracy: 0.85 
 precision: [0.43478261 0.91577675 0.76108727 0.79281437 0.78534031] 
 recall: [0.33333333 0.90990991 0.77702045 0.83550694 0.58365759] 
 f1: [0.37735849 0.9128339  0.76897133 0.81360098 0.66964286] 
 f1_avg: 0.8453880821623996

--- 1467.493012189865 seconds ---

Train Epoch: 91 accuracy: 0.96 
 precision: [0.7960242  0.98152802 0.92639239 0.9716975  0.93370166] 
 recall: [0.99675325 0.95711902 0.94679634 0.9725875  0.97832863] 
 f1: [0.88515137 0.96916986 0.93648324 0.9721423  0.95549435] 
 f1_avg: 0.9603399156972996


Validation Epoch: 91 accuracy: 0.83 
 precision: [0.47368421 0.95130162 0.73124205 0.73738087 0.79867987] 
 recall: [0.3        0.84864865 0.83982473 0.87883887 0.47081712] 
 f1: [0.36734694 0.89704793 0.7817811  0.80191939 0.59241126] 
 f1_avg: 0.8333214619640451

--- 1483.4645190238953 seconds ---

Train Epoch: 92 accuracy: 0.96 
 precision: [0.79217391 0.98368129 0.92001552 0.97049074 0.92476884] 
 recall: [0.98593074 0.95065429 0.94954233 0.97684004 0.97981297] 
 f1: [0.87849566 0.96688584 0.93454576 0.97365504 0.9514955 ] 
 f1_avg: 0.9586714573858647


Validation Epoch: 92 accuracy: 0.83 
 precision: [0.39130435 0.85488271 0.86209239 0.78151585 0.73076923] 
 recall: [0.3        0.94114114 0.61781889 0.85023138 0.55447471] 
 f1: [0.33962264 0.89594054 0.7197958  0.81442676 0.63053097] 
 f1_avg: 0.8248603376639095

--- 1499.4366297721863 seconds ---

Train Epoch: 93 accuracy: 0.96 
 precision: [0.78316327 0.98005234 0.92760487 0.96914983 0.93926895] 
 recall: [0.99675325 0.95670194 0.94118993 0.97625123 0.98025828] 
 f1: [0.87714286 0.96823638 0.93434802 0.97268757 0.95932597] 
 f1_avg: 0.959751181104745


Validation Epoch: 93 accuracy: 0.84 
 precision: [0.40909091 0.90579274 0.77990914 0.76750381 0.78      ] 
 recall: [0.3        0.9047047  0.75219085 0.84854859 0.5311284 ] 
 f1: [0.34615385 0.9052484  0.76579926 0.80599401 0.63194444] 
 f1_avg: 0.8370831725307496

--- 1515.4449694156647 seconds ---

Train Epoch: 94 accuracy: 0.96 
 precision: [0.78834619 0.98248621 0.92155115 0.97125123 0.94321093] 
 recall: [0.995671   0.95636307 0.94622426 0.97252208 0.98367226] 
 f1: [0.87996174 0.96924865 0.93372474 0.97188624 0.96301678] 
 f1_avg: 0.9602989679277208


Validation Epoch: 94 accuracy: 0.85 
 precision: [0.40909091 0.90665874 0.82910695 0.76965875 0.75255102] 
 recall: [0.3        0.91591592 0.7322298  0.8729491  0.57392996] 
 f1: [0.34615385 0.91126382 0.77766287 0.81805638 0.65121413] 
 f1_avg: 0.846410331263425

--- 1531.4399635791779 seconds ---

Train Epoch: 95 accuracy: 0.96 
 precision: [0.80470793 0.98258986 0.92869555 0.97036603 0.93594104] 
 recall: [0.99891775 0.95774464 0.94776888 0.97474648 0.98025828] 
 f1: [0.89135683 0.97000818 0.93813528 0.97255132 0.95758718] 
 f1_avg: 0.9614457052272378


Validation Epoch: 95 accuracy: 0.84 
 precision: [0.52941176 0.90883534 0.81779435 0.73735955 0.79032258] 
 recall: [0.3        0.90610611 0.7473223  0.88346655 0.38132296] 
 f1: [0.38297872 0.90746867 0.78097176 0.80382775 0.5144357 ] 
 f1_avg: 0.834857561670726

--- 1547.4710121154785 seconds ---

Train Epoch: 96 accuracy: 0.96 
 precision: [0.80931459 0.98304812 0.92769937 0.97179689 0.91535351] 
 recall: [0.99675325 0.95688442 0.94765446 0.97160615 0.97432091] 
 f1: [0.89330747 0.96978984 0.93757075 0.97170151 0.94391717] 
 f1_avg: 0.9599032598612894


Validation Epoch: 96 accuracy: 0.83 
 precision: [0.42857143 0.86717444 0.85838343 0.76888889 0.73712737] 
 recall: [0.3        0.93453453 0.62560857 0.87336979 0.52918288] 
 f1: [0.35294118 0.8995953  0.72373979 0.81780579 0.61608154] 
 f1_avg: 0.827604669602959

--- 1563.489530801773 seconds ---

Train Epoch: 97 accuracy: 0.96 
 precision: [0.80506993 0.98187061 0.93147908 0.97151405 0.93549759] 
 recall: [0.99675325 0.95860487 0.94645309 0.977298   0.97951611] 
 f1: [0.89071567 0.97009827 0.93890639 0.97439744 0.95700094] 
 f1_avg: 0.961961147100703


Validation Epoch: 97 accuracy: 0.84 
 precision: [0.5        0.91935484 0.77454366 0.76542298 0.76439791] 
 recall: [0.3        0.89009009 0.76436222 0.871687   0.56809339] 
 f1: [0.375      0.90448581 0.76941926 0.81510622 0.65178571] 
 f1_avg: 0.8407290986451881

Early stopping!

Test Epoch: accuracy: 0.82 
 precision: [0.47826087 0.87219281 0.68612717 0.81921209 0.74586777] 
 recall: [0.91666667 0.90098076 0.66128134 0.78368611 0.69289827] 
 f1: [0.62857143 0.88635309 0.67347518 0.80105541 0.71840796] 
 f1_avg: 0.8196728106117451

--- 1580.5050573349 seconds ---

Test Epoch: accuracy: 0.85 
 precision: [0.36       0.90382728 0.81629393 0.78779635 0.7593985 ] 
 recall: [0.3        0.92192192 0.74634859 0.85275557 0.58949416] 
 f1: [0.32727273 0.91278494 0.77975585 0.8189899  0.66374589] 
 f1_avg: 0.8484154291391158

--- 1581.0032348632812 seconds ---
