{'name': 'chimp_wav2vec2_lstm_ar_bi_3407', 'data_path': '/data/zifjia/data_chimp/wav2vec2_split_3407', 'test_only': False, 'balance_weights': True, 'model_type': 'lstm', 'model_autoregressive': True, 'n_embedding': 768, 'd_hid': 1024, 'nlayers': 2, 'batch_size': 1, 'n_epoch': 200, 'lr': 0.0001, 'dropout': 0.4, 'patience': 10, 'step_factor': 0.7, 'seed': 3407}
cuda
Reading data ...
train, dev, test number of files: 188, 23, 24.
dev files:  ['ASO4445 KT MS group ph drum traveling, 2_20 KT whimper, MS single ph drum, KT bark_01', 'ASO0481 Sonso KT single ph, KZ single ph feeding_02', 'ASO2186 ZL single ph start_01', 'ASO0662 Sonso KT single ph feeding_01', 'ASO2904 PS single ph_01', 'ASO1433 Sonso FK single ph, inf voc_01', 'ASO4255 PS display drum, SM single ph B-U_01', 'ASO2877 FK single ph, KO pg-whimper, unk MB group ph_01', 'ASO1581 HW single ph drum, MS NB unk group ph other party, HW single ph B-U, KT HW group ph_01', 'ASO3737 HW single ph drum resting-traveling, 1_15 JN single ph feeding, HW single ph_01', 'ASO3150 KT single ph_01', 'ASO3574 KT single ph feeding_01', 'ASO3484 Thermal Camera HW ZL groom, 3_40 HW single ph, 4_10 FK single ph 50m, 15_30 HW ZL KT group ph, 16_50 HW ZL group ph _01', 'ASO0107 Sonso Thermal Camera KZ single ph 2_50 with reply ZD, KZ SQ group ph 3_34_01', 'ASO1051 Sonso ZD single ph_01', 'ASO3015 PS single ph feeding_01', 'ASO4271 SM PS IN group ph drum, 1_50 SM PS group ph drum, 4_00 PS group ph, 6_40 FK MB PS KT unk group ph, 9_00 SM display drum, 11_00 PS single ph feeding, FK single ph feeding, 17_05 unk single ph_01', 'ASO1487 ZL single ph start, DL unk group ph, PS single ph start_01', 'ASO1231 Sonso KZ single ph drum traveling_01', 'ASO3870 FK scream, MS FK group ph drum, FK MS group fg, FK MS group ph drum, MS FK fg, MS single ph intro, FK MS group ph. FK fg, 3_19 MS FK group ph feeding, 4_24 FK single ph_01', 'ASO1731 ZL single ph, unk fg, JN stranger F MB group ph_01', 'ASO0412 Sonso PS single ph, SQ single ph, PS single ph 1_25_01', 'ASO1265 Sonso HW single ph start_01']
test files:  ['ASO2103 DL single ph, KL KO group ph, DL single ph, KT single ph, KT DL MS group ph_01', 'ASO3799 KT single ph_01', 'ASO3006 ZL single ph drum traveling_01', 'ASO2392 group ph, 1_30 pg to ph, 1_45 NB group ph, 2_30 SM PS MB group ph, MB fg, 3_40 PS unk group ph, SM single ph, unk display to DL, 5_46 DL single ph intro_01', 'ASO0376 Sonso MS single ph _01', 'ASO3995 PS MB group ph feeding, 1_40 PS single ph feeding, MB fg, 2_50 ML MB group ph-bark_01', 'ASO1920 SM single ph feeding_01', 'ASO3819 KT single ph feeding_01', 'ASO3149 KT single ph rest_01', 'ASO1577 HW single ph_01', 'ASO4443 MS single ph display drum to KT, 1_30 MS display (ph), KT single ph_01', 'ASO3080 HW single ph drum traveling, 2_00 HW single ph drum traveling-resting, 5_20 HW single ph drum traveling-resting_03', 'ASO2585 MS single ph drum_01', 'ASO2544 HW single ph drum traveling_01', 'ASO3174 PS single ph feeding_01', 'ASO1624_02 HW single ph_01', 'ASO3856 MS single ph feeding_01', 'ASO3152 KT single ph resting_01', 'ASO3512 PS single ph_01', 'ASO0020 Sonso SQ single ph, PS single ph other party 2_01', 'ASO0480 Sonso KZ KT group ph, KZ KT group ph, KT single ph feeding_01', 'ASO3901 Thermal Camera MS KT HW groom, 4_30 unk pg 30m, 7_00 rest hoo, 10_25 HW single ph groom, 12_50 JS single ph drum 50m, HW single ph B-U, 20_15 KT HW group ph_01', 'ASO2125 KL OK KC JS group ph, FK single ph, OK KL KC KO group ph, PS single ph, PS single ph feeding_02', 'ASO3885 unk KJ group ph-pg, group ph,KC pg-ph start, KC scream, KL pg pant to HW, 1_30 infant single ph, group ph, group ph (video), 4_00 group bark, 4_20 KT single ph feeding, 5_30 unk group ph, KC single ph, 6_40 unk group pg-ph start, ,,,_01']
data_all: (98325, 769)
train_data_all: (80197, 769)
Labels in train_data_all:  {0: 650, 1: 39659, 2: 17778, 3: 15670, 4: 6440}
--- 1.8447048664093018 seconds ---
LSTM(
  (lstm_forward): LSTM(773, 1024, num_layers=2, dropout=0.4)
  (hidden2tag_forward): Linear(in_features=1024, out_features=5, bias=True)
  (lstm_backward): LSTM(773, 1024, num_layers=2, dropout=0.4)
  (hidden2tag_backward): Linear(in_features=1024, out_features=5, bias=True)
)
Number of parameters: 31541258

Train Epoch: 1 accuracy: 0.58 
 precision: [0.16091954 0.79910462 0.43158969 0.70007293 0.22251959] 
 recall: [0.02153846 0.57159787 0.4757003  0.73509892 0.54223602] 
 f1: [0.03799186 0.66647067 0.45257271 0.71715851 0.31554692] 
 f1_avg: 0.5956842347982707


Validation Epoch: 1 accuracy: 0.68 
 precision: [0.41666667 0.64477948 0.71003135 0.97820163 0.55555556] 
 recall: [0.03267974 0.97798675 0.52039058 0.40473506 0.01540832] 
 f1: [0.06060606 0.77717391 0.60059662 0.57256778 0.02998501] 
 f1_avg: 0.6269293283095582

New best val score, save model ...
--- 230.35355424880981 seconds ---

Train Epoch: 2 accuracy: 0.72 
 precision: [0.17511521 0.86479142 0.62380376 0.75382173 0.3637411 ] 
 recall: [0.23384615 0.75428024 0.63797953 0.81818762 0.53928571] 
 f1: [0.2002635  0.80576431 0.63081201 0.78468695 0.43445084] 
 f1_avg: 0.7281377338722873


Validation Epoch: 2 accuracy: 0.70 
 precision: [0.46341463 0.67197263 0.69555717 0.91875627 1.        ] 
 recall: [0.0620915  0.96537722 0.54853532 0.51634724 0.02465331] 
 f1: [0.10951009 0.79238663 0.61335902 0.66113316 0.0481203 ] 
 f1_avg: 0.6572330868108535

New best val score, save model ...
--- 454.9085850715637 seconds ---

Train Epoch: 3 accuracy: 0.77 
 precision: [0.23255814 0.8794049  0.69090314 0.79660912 0.48046683] 
 recall: [0.27692308 0.8167629  0.71301609 0.81857052 0.60729814] 
 f1: [0.25280899 0.84692717 0.70178547 0.80744051 0.53648834] 
 f1_avg: 0.7772925454136248


Validation Epoch: 3 accuracy: 0.68 
 precision: [0.17948718 0.66738794 0.7439846  0.77134792 0.6119403 ] 
 recall: [0.09150327 0.92284676 0.4439977  0.61612176 0.06317411] 
 f1: [0.12121212 0.77459862 0.55611511 0.68505171 0.11452514] 
 f1_avg: 0.6469824892798479

--- 679.2816348075867 seconds ---

Train Epoch: 4 accuracy: 0.80 
 precision: [0.24254743 0.89180568 0.73140921 0.80555388 0.50901067] 
 recall: [0.27538462 0.86003177 0.6799415  0.84971283 0.6447205 ] 
 f1: [0.25792507 0.87563058 0.70473692 0.82704432 0.56888402] 
 f1_avg: 0.7986145962793827


Validation Epoch: 4 accuracy: 0.77 
 precision: [0.29310345 0.75021474 0.80408163 0.82342657 0.93617021] 
 recall: [0.05555556 0.93331909 0.5657668  0.79650507 0.47457627] 
 f1: [0.09340659 0.83180952 0.6641942  0.80974212 0.62985685] 
 f1_avg: 0.756611750020246

New best val score, save model ...
--- 903.6156752109528 seconds ---

Train Epoch: 5 accuracy: 0.82 
 precision: [0.31610942 0.91822847 0.76279657 0.81536951 0.61435551] 
 recall: [0.32       0.84376812 0.78124648 0.84773452 0.82003106] 
 f1: [0.31804281 0.87942498 0.7719113  0.83123709 0.70244746] 
 f1_avg: 0.82741410742865


Validation Epoch: 5 accuracy: 0.77 
 precision: [0.4        0.77161267 0.83032787 0.73659454 0.99415205] 
 recall: [0.05882353 0.92135072 0.58184951 0.88275085 0.26194145] 
 f1: [0.1025641  0.83985973 0.6842283  0.80307692 0.41463415] 
 f1_avg: 0.7482878776294106

--- 1128.0270924568176 seconds ---

Train Epoch: 6 accuracy: 0.87 
 precision: [0.45513866 0.93338963 0.80377157 0.86240358 0.71018898] 
 recall: [0.42923077 0.91971558 0.76240297 0.88474793 0.83447205] 
 f1: [0.44180523 0.92650215 0.78254092 0.87343287 0.76733062] 
 f1_avg: 0.8675092218525823


Validation Epoch: 6 accuracy: 0.78 
 precision: [0.43243243 0.76523664 0.89547739 0.74914425 1.        ] 
 recall: [0.05228758 0.96067536 0.51177484 0.86358512 0.30508475] 
 f1: [0.09329446 0.85189046 0.65131579 0.80230427 0.46753247] 
 f1_avg: 0.7514701813375091

--- 1352.7299609184265 seconds ---

Train Epoch: 7 accuracy: 0.89 
 precision: [0.40059791 0.95045895 0.83830262 0.8747571  0.81001431] 
 recall: [0.41230769 0.92687662 0.84452694 0.8905552  0.87919255] 
 f1: [0.40636846 0.93851967 0.84140327 0.88258546 0.8431869 ] 
 f1_avg: 0.8940932494184778


Validation Epoch: 7 accuracy: 0.79 
 precision: [0.37037037 0.74477255 0.95285088 0.82060391 0.9921875 ] 
 recall: [0.03267974 0.99722163 0.49913843 0.78128523 0.39137134] 
 f1: [0.06006006 0.85270468 0.65510743 0.80046203 0.56132597] 
 f1_avg: 0.7577927407333721

New best val score, save model ...
--- 1577.874320268631 seconds ---

Train Epoch: 8 accuracy: 0.91 
 precision: [0.41720779 0.95584689 0.84472597 0.9011691  0.85798381] 
 recall: [0.39538462 0.93943367 0.86263922 0.90019145 0.9052795 ] 
 f1: [0.40600316 0.94756921 0.85358862 0.90068001 0.88099736] 
 f1_avg: 0.9078385309160166


Validation Epoch: 8 accuracy: 0.81 
 precision: [0.5483871  0.84516129 0.81830887 0.69749682 0.97837838] 
 recall: [0.05555556 0.89591793 0.67260195 0.92671928 0.5577812 ] 
 f1: [0.10089021 0.86979977 0.73833544 0.79593319 0.71050049] 
 f1_avg: 0.7934427611961395

New best val score, save model ...
--- 1803.0346252918243 seconds ---

Train Epoch: 9 accuracy: 0.91 
 precision: [0.55311973 0.9581344  0.83570397 0.8907787  0.84893339] 
 recall: [0.50461538 0.94119872 0.84604567 0.89572431 0.90838509] 
 f1: [0.52775543 0.94959106 0.84084302 0.89324466 0.87765359] 
 f1_avg: 0.9052784135928242


Validation Epoch: 9 accuracy: 0.83 
 precision: [0.55555556 0.83681287 0.85754784 0.7768514  0.99778271] 
 recall: [0.04901961 0.93374653 0.69500287 0.89289741 0.69337442] 
 f1: [0.09009009 0.88262626 0.7677665  0.83084186 0.81818182] 
 f1_avg: 0.8196492268499637

New best val score, save model ...
--- 2028.757247686386 seconds ---

Train Epoch: 10 accuracy: 0.92 
 precision: [0.63622527 0.96709295 0.86895906 0.90310275 0.9107734 ] 
 recall: [0.64307692 0.95148642 0.88699516 0.90644544 0.93990683] 
 f1: [0.63963275 0.95922621 0.87788448 0.904771   0.92511081] 
 f1_avg: 0.9252243751594508


Validation Epoch: 10 accuracy: 0.84 
 precision: [0.60714286 0.84945621 0.78476085 0.84176471 1.        ] 
 recall: [0.05555556 0.95148536 0.81045376 0.80665163 0.58859784] 
 f1: [0.10179641 0.89758065 0.7974004  0.8238342  0.74102813] 
 f1_avg: 0.8264960922954668

New best val score, save model ...
--- 2257.5875737667084 seconds ---

Train Epoch: 11 accuracy: 0.91 
 precision: [0.51870968 0.96229817 0.85789757 0.87933863 0.89158768] 
 recall: [0.61846154 0.9286921  0.89515131 0.88921506 0.93478261] 
 f1: [0.56421053 0.94519651 0.87612861 0.88424927 0.91267435] 
 f1_avg: 0.9122773751225352


Validation Epoch: 11 accuracy: 0.71 
 precision: [0.33333333 0.67836953 0.72665535 0.98817568 0.90909091] 
 recall: [0.02614379 0.97456722 0.73750718 0.32976325 0.06163328] 
 f1: [0.04848485 0.79992983 0.73204105 0.49450549 0.11544012] 
 f1_avg: 0.6541004361236566

--- 2486.752433538437 seconds ---

Train Epoch: 12 accuracy: 0.91 
 precision: [0.55439056 0.95780928 0.86542066 0.87160605 0.87659884] 
 recall: [0.65076923 0.93706347 0.88294521 0.86860243 0.93649068] 
 f1: [0.59872611 0.94732281 0.87409511 0.87010164 0.90555556] 
 f1_avg: 0.9098218202886917


Validation Epoch: 12 accuracy: 0.80 
 precision: [0.57142857 0.83578337 0.65714286 0.89630682 0.99065421] 
 recall: [0.02614379 0.92348792 0.92475589 0.7113867  0.1633282 ] 
 f1: [0.05       0.87744949 0.76831305 0.79321182 0.28042328] 
 f1_avg: 0.7703215264434782

--- 2729.2699480056763 seconds ---

Train Epoch: 13 accuracy: 0.90 
 precision: [0.59937238 0.95896283 0.84209961 0.86257438 0.83299359] 
 recall: [0.88153846 0.91389092 0.88165148 0.87881302 0.88835404] 
 f1: [0.7135741  0.93588453 0.86142178 0.87061799 0.85978359] 
 f1_avg: 0.8987120977872942


Validation Epoch: 13 accuracy: 0.83 
 precision: [0.6875     0.8834369  0.69667135 0.82646421 0.96114519] 
 recall: [0.03594771 0.88117119 0.85353245 0.85907554 0.72419106] 
 f1: [0.06832298 0.88230259 0.76716572 0.84245439 0.82601054] 
 f1_avg: 0.8214483666464906

--- 2972.171882867813 seconds ---

Train Epoch: 14 accuracy: 0.93 
 precision: [0.59455587 0.97178031 0.8875502  0.91472428 0.93147979] 
 recall: [0.63846154 0.95340276 0.90746991 0.92412253 0.95201863] 
 f1: [0.615727   0.96250382 0.89739953 0.91939938 0.94163723] 
 f1_avg: 0.9351629410630234


Validation Epoch: 14 accuracy: 0.84 
 precision: [0.6        0.88112318 0.77716186 0.7605973  0.9972973 ] 
 recall: [0.03921569 0.91878607 0.80528432 0.89007892 0.56856703] 
 f1: [0.07361963 0.89956058 0.7909732  0.82025974 0.72423945] 
 f1_avg: 0.8234591842073851

--- 3215.2676265239716 seconds ---

Train Epoch: 15 accuracy: 0.95 
 precision: [0.83464567 0.98403573 0.91396131 0.93287435 0.93331326] 
 recall: [0.97846154 0.96674147 0.93272584 0.93388641 0.96273292] 
 f1: [0.90084986 0.97531194 0.92324824 0.93338011 0.94779485] 
 f1_avg: 0.9527640797936346


Validation Epoch: 15 accuracy: 0.85 
 precision: [0.55       0.90573598 0.89437925 0.68707483 0.98317308] 
 recall: [0.03594771 0.91793118 0.83170592 0.91093574 0.63020031] 
 f1: [0.06748466 0.9117928  0.86190476 0.78332525 0.76807512] 
 f1_avg: 0.8389555991417902

New best val score, save model ...
--- 3460.2955350875854 seconds ---

Train Epoch: 16 accuracy: 0.96 
 precision: [0.78175092 0.98218251 0.92345268 0.94365479 0.94651913] 
 recall: [0.97538462 0.97019592 0.9357633  0.94479898 0.95636646] 
 f1: [0.8678987  0.97615242 0.92956723 0.94422654 0.95141732] 
 f1_avg: 0.9567236516487434


Validation Epoch: 16 accuracy: 0.83 
 precision: [0.63157895 0.89268611 0.75039494 0.75034998 0.98987854] 
 recall: [0.03921569 0.87646933 0.81849512 0.90642616 0.75346687] 
 f1: [0.07384615 0.8845034  0.78296703 0.82103651 0.85564304] 
 f1_avg: 0.8237146160412905

--- 3703.8819711208344 seconds ---

Train Epoch: 17 accuracy: 0.95 
 precision: [0.79583875 0.98168195 0.90257413 0.9381862  0.9453602 ] 
 recall: [0.94153846 0.95806753 0.93486331 0.94339502 0.96180124] 
 f1: [0.86257928 0.969731   0.91843501 0.9407834  0.95350985] 
 f1_avg: 0.9505325043990989


Validation Epoch: 17 accuracy: 0.88 
 precision: [0.58823529 0.89871873 0.7893388  0.89902081 0.97301587] 
 recall: [0.03267974 0.94443257 0.88454911 0.82807215 0.94453005] 
 f1: [0.0619195  0.92100875 0.83423619 0.8620892  0.95856138] 
 f1_avg: 0.8670024160426882

New best val score, save model ...
--- 3947.810934782028 seconds ---

Train Epoch: 18 accuracy: 0.96 
 precision: [0.79361179 0.98420367 0.9217291  0.95995622 0.95138782] 
 recall: [0.99384615 0.97090194 0.94391945 0.9515635  0.96335404] 
 f1: [0.88251366 0.97750755 0.93269231 0.95574144 0.95733354] 
 f1_avg: 0.9609300351630935


Validation Epoch: 18 accuracy: 0.86 
 precision: [0.64705882 0.89436027 0.76084711 0.84189944 0.9204893 ] 
 recall: [0.03594771 0.90831374 0.84606548 0.84949267 0.92758089] 
 f1: [0.06811146 0.901283   0.80119663 0.84567901 0.92402149] 
 f1_avg: 0.845202002255806

--- 4191.462854623795 seconds ---

Train Epoch: 19 accuracy: 0.95 
 precision: [0.82687339 0.97659722 0.90045028 0.95311195 0.9644287 ] 
 recall: [0.98461538 0.95857182 0.93362583 0.94696873 0.97251553] 
 f1: [0.8988764  0.96750057 0.91673801 0.95003041 0.96845523] 
 f1_avg: 0.9523544698600395


Validation Epoch: 19 accuracy: 0.82 
 precision: [0.6875     0.87605219 0.8265242  0.69135292 0.99463807] 
 recall: [0.03594771 0.88972003 0.75531304 0.94193912 0.57164869] 
 f1: [0.06832298 0.88283321 0.78931573 0.79742305 0.7260274 ] 
 f1_avg: 0.8101106536300189

--- 4434.5820207595825 seconds ---

Train Epoch: 20 accuracy: 0.96 
 precision: [0.84575163 0.97814544 0.92909131 0.93804135 0.96612257] 
 recall: [0.99538462 0.96152197 0.94780065 0.9468411  0.9742236 ] 
 f1: [0.91448763 0.96976247 0.93835273 0.94242068 0.97015618] 
 f1_avg: 0.9570407825606473


Validation Epoch: 20 accuracy: 0.83 
 precision: [0.75       0.93639053 0.68130922 0.73731477 0.99242424] 
 recall: [0.03921569 0.8117119  0.90867318 0.92559188 0.80739599] 
 f1: [0.07453416 0.86960504 0.77873492 0.8207948  0.89039932] 
 f1_avg: 0.8177315622688062

--- 4677.880801200867 seconds ---

Train Epoch: 21 accuracy: 0.97 
 precision: [0.86764706 0.98885264 0.93682429 0.95583095 0.96799134] 
 recall: [0.99846154 0.97075065 0.96506919 0.95979579 0.97204969] 
 f1: [0.92846924 0.97971804 0.95073701 0.95780927 0.97001627] 
 f1_avg: 0.9678182614873477


Validation Epoch: 21 accuracy: 0.85 
 precision: [0.5        0.91171513 0.72051624 0.82608696 1.        ] 
 recall: [0.03921569 0.92477025 0.92992533 0.79255919 0.66255778] 
 f1: [0.07272727 0.91819629 0.81193581 0.80897583 0.79703429] 
 f1_avg: 0.8399249749131089

--- 4921.438448905945 seconds ---

Train Epoch: 22 accuracy: 0.98 
 precision: [0.85224274 0.99303536 0.94853628 0.96921893 0.97391304] 
 recall: [0.99384615 0.98149222 0.97142536 0.96451819 0.97391304] 
 f1: [0.91761364 0.98723005 0.95984438 0.96686285 0.97391304] 
 f1_avg: 0.975545962551081


Validation Epoch: 22 accuracy: 0.87 
 precision: [0.80645161 0.93468221 0.69134253 0.91309987 0.95611285] 
 recall: [0.08169935 0.90831374 0.94945434 0.79368658 0.93990755] 
 f1: [0.14836795 0.92130934 0.80009681 0.84921592 0.94794095] 
 f1_avg: 0.860301483289634

--- 5160.777600765228 seconds ---

Train Epoch: 23 accuracy: 0.97 
 precision: [0.86074271 0.99143069 0.94074804 0.97462744 0.96932986] 
 recall: [0.99846154 0.97728132 0.96630667 0.96828334 0.98152174] 
 f1: [0.92450142 0.98430516 0.95335609 0.97144503 0.9753877 ] 
 f1_avg: 0.9737308039743893


Validation Epoch: 23 accuracy: 0.87 
 precision: [0.72727273 0.91737468 0.72907596 0.87522176 0.93948563] 
 recall: [0.05228758 0.92306048 0.86559449 0.83427283 0.9568567 ] 
 f1: [0.09756098 0.9202088  0.7914916  0.85425685 0.9480916 ] 
 f1_avg: 0.8573899454067628

--- 5400.6353805065155 seconds ---

Train Epoch: 24 accuracy: 0.98 
 precision: [0.86092715 0.99422744 0.96165797 0.97700634 0.97547432] 
 recall: [1.         0.98582919 0.97485656 0.97345246 0.98198758] 
 f1: [0.9252669  0.99001051 0.96821229 0.97522616 0.97872011] 
 f1_avg: 0.9808581344874467


Validation Epoch: 24 accuracy: 0.87 
 precision: [0.68181818 0.88083416 0.77296727 0.92597488 0.90364964] 
 recall: [0.04901961 0.94785211 0.84089604 0.7897407  0.95377504] 
 f1: [0.09146341 0.91311509 0.80550206 0.85244904 0.92803598] 
 f1_avg: 0.8544510179246015

--- 5641.155744314194 seconds ---

Train Epoch: 25 accuracy: 0.99 
 precision: [0.92067989 0.99496037 0.97021656 0.98374767 0.97991968] 
 recall: [1.         0.99064525 0.98031275 0.97728143 0.98509317] 
 f1: [0.95870206 0.99279812 0.97523852 0.98050389 0.98249961] 
 f1_avg: 0.9853999635166845


Validation Epoch: 25 accuracy: 0.86 
 precision: [0.73913043 0.8654657  0.77555682 0.95202193 0.9025788 ] 
 recall: [0.05555556 0.9651635  0.78001149 0.78297632 0.97072419] 
 f1: [0.10334347 0.91259978 0.77777778 0.85926384 0.93541203] 
 f1_avg: 0.851153681465137

--- 5883.27969789505 seconds ---

Train Epoch: 26 accuracy: 0.98 
 precision: [0.89256198 0.99040463 0.96122608 0.98273878 0.9815761 ] 
 recall: [0.99692308 0.98378678 0.9719316  0.98098277 0.98447205] 
 f1: [0.94186047 0.98708461 0.9665492  0.98185999 0.98302194] 
 f1_avg: 0.9808186961431772


Validation Epoch: 26 accuracy: 0.86 
 precision: [0.73913043 0.88727496 0.78378378 0.81785158 1.        ] 
 recall: [0.05555556 0.92690746 0.79954049 0.88838782 0.82434515] 
 f1: [0.10334347 0.9066583  0.79158374 0.85166171 0.90371622] 
 f1_avg: 0.8470198158670853

--- 6127.098350524902 seconds ---

Train Epoch: 27 accuracy: 0.95 
 precision: [0.71445358 0.98438065 0.90803088 0.93688488 0.91752577] 
 recall: [0.93538462 0.96142112 0.93300709 0.94160817 0.93975155] 
 f1: [0.81012658 0.97276543 0.92034956 0.93924059 0.92850568] 
 f1_avg: 0.9497230242234262


Validation Epoch: 27 accuracy: 0.82 
 precision: [0.6        0.87690783 0.64865997 0.90780578 1.        ] 
 recall: [0.03921569 0.94550118 0.88971855 0.83258174 0.10631741] 
 f1: [0.07361963 0.90991362 0.75030274 0.86856807 0.19220056] 
 f1_avg: 0.7926405503234863

--- 6371.68213391304 seconds ---

Train Epoch: 28 accuracy: 0.93 
 precision: [0.29382304 0.97791782 0.88248795 0.93123209 0.85152771] 
 recall: [0.54153846 0.97037242 0.86511419 0.93331206 0.86118012] 
 f1: [0.38095238 0.97413051 0.87371471 0.93227092 0.85632672] 
 f1_avg: 0.9294236744949883


Validation Epoch: 28 accuracy: 0.87 
 precision: [0.66666667 0.85980597 0.82011708 0.94873596 0.97197898] 
 recall: [0.03921569 0.96601838 0.88512349 0.76155581 0.85516179] 
 f1: [0.07407407 0.90982287 0.85138122 0.84490306 0.90983607] 
 f1_avg: 0.8581620064767429

--- 6616.13929605484 seconds ---

Train Epoch: 29 accuracy: 0.97 
 precision: [0.73288815 0.9900562  0.93750344 0.96985346 0.93766116] 
 recall: [0.67538462 0.9816183  0.95938801 0.95877473 0.95993789] 
 f1: [0.70296237 0.98581919 0.94831948 0.96428228 0.94866876] 
 f1_avg: 0.968022280080119


Validation Epoch: 29 accuracy: 0.87 
 precision: [0.61111111 0.88655132 0.78622987 0.87006297 0.98390342] 
 recall: [0.03594771 0.96366745 0.81332567 0.85682074 0.75346687] 
 f1: [0.06790123 0.9235023  0.79954828 0.86339108 0.85340314] 
 f1_avg: 0.8546696938355027

--- 6859.944009304047 seconds ---

Train Epoch: 30 accuracy: 0.98 
 precision: [0.85810811 0.99477701 0.9665834  0.98066547 0.97699363] 
 recall: [0.97692308 0.98930886 0.97946901 0.97428207 0.97593168] 
 f1: [0.91366906 0.9920354  0.97298354 0.97746335 0.97646236] 
 f1_avg: 0.98307899858362


Validation Epoch: 30 accuracy: 0.88 
 precision: [0.625      0.8990083  0.80679887 0.88291855 0.95295903] 
 recall: [0.03267974 0.94934815 0.81792074 0.87993236 0.96764253] 
 f1: [0.0621118  0.92349272 0.81232173 0.88142292 0.96024465] 
 f1_avg: 0.8679772487840912

New best val score, save model ...
--- 7104.449095010757 seconds ---

Train Epoch: 31 accuracy: 0.99 
 precision: [0.87804878 0.99577269 0.97584838 0.98443306 0.98296422] 
 recall: [0.99692308 0.991906   0.98183148 0.98066369 0.98555901] 
 f1: [0.93371758 0.99383558 0.97883079 0.98254476 0.98425991] 
 f1_avg: 0.9870469671180405


Validation Epoch: 31 accuracy: 0.89 
 precision: [0.64705882 0.90953347 0.81243124 0.88259109 0.95419847] 
 recall: [0.03594771 0.95832443 0.84836301 0.86020293 0.96302003] 
 f1: [0.06811146 0.93329171 0.83000843 0.87125321 0.95858896] 
 f1_avg: 0.874465635813499

New best val score, save model ...
--- 7348.92666888237 seconds ---

Train Epoch: 32 accuracy: 0.99 
 precision: [0.8890411  0.99653647 0.98089636 0.987629   0.98591549] 
 recall: [0.99846154 0.9939232  0.98486894 0.98328015 0.98913043] 
 f1: [0.94057971 0.99522812 0.98287863 0.98544978 0.98752035] 
 f1_avg: 0.9895179881600658


Validation Epoch: 32 accuracy: 0.89 
 precision: [0.6        0.9346543  0.81584582 0.85590934 0.9503012 ] 
 recall: [0.03921569 0.94763838 0.87535899 0.8940248  0.97226502] 
 f1: [0.07361963 0.94110156 0.84455528 0.87455197 0.96115765] 
 f1_avg: 0.8822340213361666

New best val score, save model ...
--- 7593.440763235092 seconds ---

Train Epoch: 33 accuracy: 0.99 
 precision: [0.89517241 0.9968652  0.982287   0.98860581 0.9872947 ] 
 recall: [0.99846154 0.9942762  0.98571268 0.98557754 0.98944099] 
 f1: [0.944      0.99556902 0.98399686 0.98708935 0.98836668] 
 f1_avg: 0.9903505053771572


Validation Epoch: 33 accuracy: 0.89 
 precision: [0.6        0.92575695 0.81823114 0.86711334 0.94650817] 
 recall: [0.03921569 0.95405001 0.86616887 0.87542277 0.98151002] 
 f1: [0.07361963 0.93969056 0.84151786 0.87124825 0.96369138] 
 f1_avg: 0.8804735397386104

--- 7838.034378767014 seconds ---

Train Epoch: 34 accuracy: 0.99 
 precision: [0.91549296 0.99754945 0.98464039 0.9902011  0.98883894] 
 recall: [1.         0.99563781 0.9880189  0.98666241 0.99052795] 
 f1: [0.95588235 0.99659272 0.98632675 0.98842859 0.98968272] 
 f1_avg: 0.9918368995367298


Validation Epoch: 34 accuracy: 0.89 
 precision: [0.66666667 0.92463466 0.8077132  0.8583196  0.94230769] 
 recall: [0.04575163 0.94656978 0.85410684 0.88105975 0.98151002] 
 f1: [0.08562691 0.93547365 0.83026242 0.86954103 0.96150943] 
 f1_avg: 0.876090866163886

--- 8081.7060983181 seconds ---

Train Epoch: 35 accuracy: 0.99 
 precision: [0.89408528 0.99777665 0.9864698  0.9921935  0.99069767] 
 recall: [1.         0.9957891  0.9883564  0.98953414 0.99223602] 
 f1: [0.94408134 0.99678189 0.98741219 0.99086204 0.99146625] 
 f1_avg: 0.9926941221903991


Validation Epoch: 35 accuracy: 0.89 
 precision: [0.61111111 0.93441227 0.79536082 0.85753575 0.94091581] 
 recall: [0.03594771 0.93780722 0.88627226 0.87880496 0.98151002] 
 f1: [0.06790123 0.93610667 0.83835914 0.86804009 0.96078431] 
 f1_avg: 0.877020032153902

--- 8322.838464021683 seconds ---

Train Epoch: 36 accuracy: 0.99 
 precision: [0.91420534 0.99757557 0.98647511 0.99225005 0.99024315] 
 recall: [1.         0.99601604 0.98875014 0.98864071 0.99285714] 
 f1: [0.95518001 0.9967952  0.98761132 0.99044209 0.99154842] 
 f1_avg: 0.9927593434505584


Validation Epoch: 36 accuracy: 0.89 
 precision: [0.57894737 0.93590568 0.8121372  0.82655687 0.95215311] 
 recall: [0.03594771 0.93310536 0.88397473 0.90529876 0.91987673] 
 f1: [0.06769231 0.93450342 0.84653465 0.86413775 0.93573668] 
 f1_avg: 0.8752153968481449

--- 8564.728714704514 seconds ---

Train Epoch: 37 accuracy: 0.99 
 precision: [0.9167842  0.99527619 0.9708927  0.98096026 0.98928738] 
 recall: [1.         0.98814897 0.98126898 0.9830887  0.98944099] 
 f1: [0.95658572 0.99169977 0.97605326 0.98202333 0.98936418] 
 f1_avg: 0.9858683984471567


Validation Epoch: 37 accuracy: 0.86 
 precision: [0.65       0.85081184 0.85173089 0.87235294 0.94419306] 
 recall: [0.04248366 0.9519128  0.74899483 0.83596392 0.96456086] 
 f1: [0.0797546  0.89852734 0.79706601 0.85377087 0.95426829] 
 f1_avg: 0.8471107098567013

--- 8806.106778383255 seconds ---

Train Epoch: 38 accuracy: 0.97 
 precision: [0.90544413 0.98469232 0.93731114 0.97996404 0.97427259] 
 recall: [0.97230769 0.9731965  0.959613   0.97383535 0.9878882 ] 
 f1: [0.93768546 0.97891066 0.94833097 0.97689008 0.98103315] 
 f1_avg: 0.9715732818976505


Validation Epoch: 38 accuracy: 0.80 
 precision: [0.65625    0.77190254 0.75900277 0.8781407  0.92671756] 
 recall: [0.06862745 0.95469117 0.47214245 0.78804961 0.93528505] 
 f1: [0.12426036 0.85362125 0.58215297 0.83065954 0.9309816 ] 
 f1_avg: 0.7786034427722506

--- 9047.830441236496 seconds ---

Train Epoch: 39 accuracy: 0.97 
 precision: [0.87978142 0.97215609 0.94321408 0.9762458  0.97802538] 
 recall: [0.99076923 0.9780882  0.93430082 0.96515635 0.98136646] 
 f1: [0.93198263 0.97511312 0.93873629 0.97066941 0.97969307] 
 f1_avg: 0.9661990701180941


Validation Epoch: 39 accuracy: 0.87 
 precision: [0.6875     0.92433267 0.71876399 0.91022592 0.90072993] 
 recall: [0.03594771 0.89549049 0.92188397 0.86302142 0.95069337] 
 f1: [0.06832298 0.90968302 0.80775038 0.88599537 0.92503748] 
 f1_avg: 0.8586416233944195

--- 9280.985315561295 seconds ---

Train Epoch: 40 accuracy: 0.98 
 precision: [0.84883721 0.99390772 0.96282835 0.98353936 0.9714154 ] 
 recall: [0.89846154 0.98315641 0.98346271 0.97996171 0.98152174] 
 f1: [0.87294469 0.98850283 0.97303615 0.98174727 0.97644242] 
 f1_avg: 0.9818491152897232


Validation Epoch: 40 accuracy: 0.88 
 precision: [0.72222222 0.89285714 0.8193658  0.86872146 0.97774245] 
 recall: [0.04248366 0.95105792 0.83113153 0.85794814 0.94761171] 
 f1: [0.08024691 0.92103901 0.82520673 0.86330119 0.96244131] 
 f1_avg: 0.8664228601955927

--- 9511.641895771027 seconds ---

Train Epoch: 41 accuracy: 0.99 
 precision: [0.85676393 0.9956034  0.98269545 0.98634595 0.98713777] 
 recall: [0.99384615 0.99351976 0.98065024 0.98653478 0.98913043] 
 f1: [0.92022792 0.99456048 0.98167178 0.98644035 0.9881331 ] 
 f1_avg: 0.9889981023051192


Validation Epoch: 41 accuracy: 0.89 
 precision: [0.68181818 0.92302839 0.77721002 0.88723526 0.9505988 ] 
 recall: [0.04901961 0.93802094 0.87363584 0.87373168 0.97842835] 
 f1: [0.09146341 0.93046428 0.82260681 0.8804317  0.96431283] 
 f1_avg: 0.874577930082762

--- 9742.124831676483 seconds ---

Train Epoch: 42 accuracy: 0.99 
 precision: [0.85243742 0.99772624 0.98707793 0.99161493 0.98865403] 
 recall: [0.99538462 0.9957891  0.9882439  0.98864071 0.98773292] 
 f1: [0.91838183 0.99675673 0.98766057 0.99012559 0.98819326] 
 f1_avg: 0.9921217180119809


Validation Epoch: 42 accuracy: 0.89 
 precision: [0.65217391 0.93024744 0.77727728 0.88494078 0.94152924] 
 recall: [0.04901961 0.93203676 0.89201608 0.88444194 0.96764253] 
 f1: [0.09118541 0.93114124 0.8307034  0.88469129 0.95440729] 
 f1_avg: 0.8765788494375

--- 9972.62964129448 seconds ---

Train Epoch: 43 accuracy: 0.99 
 precision: [0.8878249  0.99805487 0.9891103  0.99328516 0.99051027] 
 recall: [0.99846154 0.99621776 0.99116886 0.99119336 0.9886646 ] 
 f1: [0.93989862 0.99713547 0.99013851 0.99223816 0.98958657] 
 f1_avg: 0.9935573829047775


Validation Epoch: 43 accuracy: 0.89 
 precision: [0.70833333 0.93974607 0.77699648 0.87445652 0.95517774] 
 recall: [0.05555556 0.93331909 0.88856979 0.90698985 0.95223421] 
 f1: [0.1030303  0.93652155 0.82904609 0.89042612 0.9537037 ] 
 f1_avg: 0.8804733302334792

--- 10202.96687912941 seconds ---

Train Epoch: 44 accuracy: 0.99 
 precision: [0.90782123 0.99810582 0.98933483 0.99462709 0.99223241] 
 recall: [1.         0.99649512 0.99139386 0.99234205 0.99177019] 
 f1: [0.95168375 0.99729982 0.99036327 0.99348326 0.99200124] 
 f1_avg: 0.9942211929445531


Validation Epoch: 44 accuracy: 0.89 
 precision: [0.68181818 0.9375     0.78059701 0.87940529 0.94704992] 
 recall: [0.04901961 0.92968583 0.9012062  0.90022548 0.96456086] 
 f1: [0.09146341 0.93357656 0.83657691 0.88969359 0.95572519] 
 f1_avg: 0.8800147597001692

--- 10431.282730340958 seconds ---

Train Epoch: 45 accuracy: 1.00 
 precision: [0.92857143 0.99876191 0.99019333 0.9953274  0.99225046] 
 recall: [1.         0.99669684 0.99392508 0.99234205 0.99409938] 
 f1: [0.96296296 0.99772831 0.99205569 0.99383249 0.99317406] 
 f1_avg: 0.9950620963346148


Validation Epoch: 45 accuracy: 0.89 
 precision: [0.66666667 0.93286143 0.78304743 0.87178082 0.94385432] 
 recall: [0.04575163 0.92947211 0.8914417  0.89684329 0.95839753] 
 f1: [0.08562691 0.93116369 0.83373623 0.88413448 0.95107034] 
 f1_avg: 0.8766368705880747

--- 10658.282541751862 seconds ---

Train Epoch: 46 accuracy: 1.00 
 precision: [0.93930636 0.99891373 0.99047245 0.99551943 0.99302758] 
 recall: [1.         0.99704985 0.99409382 0.9925335  0.99518634] 
 f1: [0.96870343 0.99798092 0.99227983 0.99402422 0.99410579] 
 f1_avg: 0.9953955167418301


Validation Epoch: 46 accuracy: 0.89 
 precision: [0.66666667 0.93650452 0.78184554 0.8643516  0.9503876 ] 
 recall: [0.04575163 0.92989955 0.89546238 0.89797069 0.94453005] 
 f1: [0.08562691 0.93319035 0.83480589 0.88084048 0.94744977] 
 f1_avg: 0.8769813568291318

--- 10885.216253519058 seconds ---

Train Epoch: 47 accuracy: 1.00 
 precision: [0.94202899 0.99904033 0.99175454 0.99539406 0.99379845] 
 recall: [1.         0.9974785  0.99454382 0.99298022 0.99534161] 
 f1: [0.97014925 0.99825881 0.99314722 0.99418568 0.99456943] 
 f1_avg: 0.995805716398834


Validation Epoch: 47 accuracy: 0.89 
 precision: [0.63636364 0.9526536  0.78157504 0.85157895 0.93553223] 
 recall: [0.04575163 0.92455653 0.90637565 0.91206313 0.9614792 ] 
 f1: [0.08536585 0.93839479 0.8393617  0.88078389 0.94832827] 
 f1_avg: 0.8805525823730193

--- 11113.0618288517 seconds ---

Train Epoch: 48 accuracy: 0.99 
 precision: [0.96296296 0.99901438 0.98969188 0.99353972 0.990725  ] 
 recall: [1.         0.99674727 0.99370008 0.99125718 0.99518634] 
 f1: [0.98113208 0.99787954 0.99169193 0.99239714 0.99295065] 
 f1_avg: 0.9949051072089564


Validation Epoch: 48 accuracy: 0.88 
 precision: [0.6        0.91870428 0.74829932 0.87724378 0.98555957] 
 recall: [0.04901961 0.93951699 0.88454911 0.85400225 0.8412943 ] 
 f1: [0.09063444 0.92899408 0.81073967 0.86546701 0.90773067] 
 f1_avg: 0.8646246471587525

--- 11339.933399438858 seconds ---

Train Epoch: 49 accuracy: 0.99 
 precision: [0.91420534 0.9978493  0.9875049  0.98339744 0.97284026] 
 recall: [1.         0.99440228 0.99133761 0.97900447 0.98447205] 
 f1: [0.95518001 0.99612281 0.98941754 0.98119603 0.97862159] 
 f1_avg: 0.9899825610235409


Validation Epoch: 49 accuracy: 0.85 
 precision: [0.63636364 0.91454754 0.81405645 0.73156475 0.86183311] 
 recall: [0.04575163 0.85317376 0.84491671 0.91713641 0.97072419] 
 f1: [0.08536585 0.88279522 0.82919955 0.81390695 0.91304348] 
 f1_avg: 0.8347134516369565

--- 11566.426882266998 seconds ---

Train Epoch: 50 accuracy: 0.99 
 precision: [0.92285714 0.99453704 0.979874   0.98681915 0.97539731] 
 recall: [0.99384615 0.99152777 0.98863764 0.97466496 0.99114907] 
 f1: [0.95703704 0.99303013 0.98423632 0.9807044  0.9832101 ] 
 f1_avg: 0.9875920563605789


Validation Epoch: 50 accuracy: 0.88 
 precision: [0.64       0.92338624 0.7755     0.86343115 0.97926635] 
 recall: [0.05228758 0.9324642  0.89086732 0.86245772 0.94607088] 
 f1: [0.09667674 0.92790302 0.82919006 0.86294416 0.96238245] 
 f1_avg: 0.8711673790469707

--- 11793.950232505798 seconds ---

Train Epoch: 51 accuracy: 0.99 
 precision: [0.89041096 0.99835668 0.98761905 0.99199488 0.99069479] 
 recall: [1.         0.99571346 0.99161885 0.98851308 0.99192547] 
 f1: [0.94202899 0.99703332 0.98961491 0.99025092 0.99130975] 
 f1_avg: 0.9931581432494117


Validation Epoch: 51 accuracy: 0.88 
 precision: [0.62962963 0.89453284 0.82603939 0.87443182 0.97943038] 
 recall: [0.05555556 0.93716606 0.86731763 0.867531   0.95377504] 
 f1: [0.1021021  0.9153533  0.8461754  0.87096774 0.96643247] 
 f1_avg: 0.8700059208954289

--- 12021.517807245255 seconds ---

Train Epoch: 52 accuracy: 0.99 
 precision: [0.93659942 0.99840672 0.98984914 0.99061902 0.99102306] 
 recall: [1.         0.99543609 0.99280009 0.99061902 0.99425466] 
 f1: [0.9672619  0.99691919 0.99132242 0.99061902 0.99263623] 
 f1_avg: 0.9938631837340064


Validation Epoch: 52 accuracy: 0.87 
 precision: [0.61904762 0.87298149 0.83026467 0.87308146 0.97249191] 
 recall: [0.04248366 0.94742466 0.828834   0.83370913 0.92604006] 
 f1: [0.0795107  0.90868095 0.82954872 0.85294118 0.94869771] 
 f1_avg: 0.8579205608222807

--- 12248.475998163223 seconds ---

Train Epoch: 53 accuracy: 0.99 
 precision: [0.96005917 0.99700872 0.9863052  0.98620646 0.99302434] 
 recall: [0.99846154 0.99170428 0.99251884 0.99010849 0.9947205 ] 
 f1: [0.97888386 0.99434943 0.98940227 0.98815362 0.99387169] 
 f1_avg: 0.9918784093017571


Validation Epoch: 53 accuracy: 0.89 
 precision: [0.63636364 0.93049375 0.81934113 0.8396533  0.93382353] 
 recall: [0.04575163 0.93844839 0.88569787 0.87373168 0.97842835] 
 f1: [0.08536585 0.93445414 0.85122826 0.85635359 0.95560572] 
 f1_avg: 0.8765745609261432

--- 12475.415133714676 seconds ---

Train Epoch: 54 accuracy: 0.99 
 precision: [0.97155689 0.99850942 0.98996524 0.99354591 0.99226006] 
 recall: [0.99846154 0.99657077 0.99330633 0.99221442 0.99534161] 
 f1: [0.98482549 0.99753915 0.99163297 0.99287972 0.99379845] 
 f1_avg: 0.9949160204409508


Validation Epoch: 54 accuracy: 0.89 
 precision: [0.67857143 0.93547696 0.81045082 0.85582656 0.95447648] 
 recall: [0.0620915  0.93267792 0.90867318 0.89007892 0.96918336] 
 f1: [0.11377246 0.93407534 0.85675602 0.87261674 0.9617737 ] 
 f1_avg: 0.8819738086216002

--- 12702.059183120728 seconds ---

Train Epoch: 55 accuracy: 1.00 
 precision: [0.93921852 0.99886263 0.98992048 0.99552401 0.99425822] 
 recall: [0.99846154 0.99649512 0.99437507 0.99355456 0.99487578] 
 f1: [0.96793438 0.99767747 0.99214278 0.99453831 0.9945669 ] 
 f1_avg: 0.9953463182583733


Validation Epoch: 55 accuracy: 0.89 
 precision: [0.60869565 0.93437366 0.80979092 0.85910088 0.94570136] 
 recall: [0.04575163 0.93417397 0.91211947 0.88331454 0.96610169] 
 f1: [0.08510638 0.93427381 0.85791464 0.87103947 0.95579268] 
 f1_avg: 0.8806069017568892

--- 12929.465432167053 seconds ---

Train Epoch: 56 accuracy: 1.00 
 precision: [0.97010463 0.99936816 0.99082158 0.99558824 0.99519603] 
 recall: [0.99846154 0.99704985 0.99583755 0.9936822  0.99720497] 
 f1: [0.98407885 0.99820766 0.99332323 0.9946343  0.99619949] 
 f1_avg: 0.9961508968614138


Validation Epoch: 56 accuracy: 0.89 
 precision: [0.6        0.9321817  0.80531426 0.86924804 0.92241379] 
 recall: [0.04901961 0.93417397 0.90522688 0.87316798 0.98921418] 
 f1: [0.09063444 0.93317677 0.85235262 0.8712036  0.95464684] 
 f1_avg: 0.879122872082512

--- 13155.987592220306 seconds ---

Train Epoch: 57 accuracy: 1.00 
 precision: [0.94890511 0.99941885 0.9920417  0.99622327 0.99242658] 
 recall: [1.         0.99735243 0.9956688  0.99317167 0.99704969] 
 f1: [0.97378277 0.99838457 0.99385194 0.99469513 0.99473277] 
 f1_avg: 0.9961662415367242


Validation Epoch: 57 accuracy: 0.89 
 precision: [0.6        0.93118875 0.80957283 0.85032538 0.96423017] 
 recall: [0.04901961 0.93417397 0.90350373 0.88387824 0.95531587] 
 f1: [0.09063444 0.93267897 0.85396308 0.86677722 0.95975232] 
 f1_avg: 0.8786786347506614

--- 13382.919109106064 seconds ---

Train Epoch: 58 accuracy: 1.00 
 precision: [0.98187311 0.99939389 0.99299681 0.99660974 0.99442379] 
 recall: [1.         0.99783151 0.99696254 0.99425654 0.99689441] 
 f1: [0.99085366 0.99861209 0.99497572 0.99543175 0.99565757] 
 f1_avg: 0.9968844276172316


Validation Epoch: 58 accuracy: 0.89 
 precision: [0.58333333 0.92968251 0.80795044 0.86049107 0.90896159] 
 recall: [0.04575163 0.9324642  0.89890867 0.8692221  0.98459168] 
 f1: [0.08484848 0.93107128 0.85100598 0.86483455 0.94526627] 
 f1_avg: 0.8756959067610409

--- 13609.663845062256 seconds ---

Train Epoch: 59 accuracy: 1.00 
 precision: [0.95870206 0.99944463 0.99421608 0.99673579 0.99258573] 
 recall: [1.         0.99828538 0.9958938  0.99380983 0.99782609] 
 f1: [0.97891566 0.99886467 0.99505423 0.99527066 0.99519901] 
 f1_avg: 0.9968616793219289


Validation Epoch: 59 accuracy: 0.88 
 precision: [0.57692308 0.93485764 0.7950279  0.82902375 0.96457327] 
 recall: [0.04901961 0.9262663  0.90005744 0.88556933 0.9229584 ] 
 f1: [0.09036145 0.93054214 0.84428879 0.85636413 0.94330709] 
 f1_avg: 0.8725500400443451

--- 13837.533054351807 seconds ---

Train Epoch: 60 accuracy: 1.00 
 precision: [0.93650794 0.99949489 0.9929289  0.9964827  0.99473113] 
 recall: [0.99846154 0.99788194 0.99521881 0.99438417 0.99673913] 
 f1: [0.96649293 0.99868776 0.99407253 0.99543233 0.99573412] 
 f1_avg: 0.9965304473391213


Validation Epoch: 60 accuracy: 0.89 
 precision: [0.61538462 0.94108729 0.80090498 0.84319045 0.92878338] 
 recall: [0.05228758 0.92861723 0.91499138 0.87598647 0.96456086] 
 f1: [0.09638554 0.93481067 0.8541555  0.85927564 0.94633409] 
 f1_avg: 0.8775913913454811

--- 14065.354573488235 seconds ---

Train Epoch: 61 accuracy: 1.00 
 precision: [0.98330804 0.99924225 0.99260297 0.99603758 0.99426801] 
 recall: [0.99692308 0.99752893 0.9963438  0.99457562 0.99658385] 
 f1: [0.99006875 0.99838486 0.99446986 0.99530606 0.99542458] 
 f1_avg: 0.9966102892958622


Validation Epoch: 61 accuracy: 0.89 
 precision: [0.61538462 0.93115245 0.8002065  0.8518316  0.93529412] 
 recall: [0.05228758 0.93075443 0.89029294 0.87824126 0.97996918] 
 f1: [0.09638554 0.9309534  0.84284937 0.86483486 0.95711061] 
 f1_avg: 0.8753095985892756

--- 14293.183225870132 seconds ---

Train Epoch: 62 accuracy: 0.98 
 precision: [0.94057971 0.99251725 0.96403719 0.99346866 0.9770875 ] 
 recall: [0.99846154 0.98663607 0.97406907 0.99010849 0.98664596] 
 f1: [0.96865672 0.98956792 0.96902717 0.99178573 0.98184347] 
 f1_avg: 0.9846580337922516


Validation Epoch: 62 accuracy: 0.87 
 precision: [0.60526316 0.89935937 0.88099808 0.7741784  0.97582038] 
 recall: [0.0751634  0.93011327 0.79092476 0.92953777 0.87057011] 
 f1: [0.13372093 0.91447783 0.83353511 0.84477459 0.92019544] 
 f1_avg: 0.8598515647799785

--- 14520.980990409851 seconds ---

Train Epoch: 63 accuracy: 0.98 
 precision: [0.81226533 0.98761571 0.9559464  0.98559133 0.98302207] 
 recall: [0.99846154 0.9792733  0.96304421 0.98653478 0.98897516] 
 f1: [0.8957902  0.98342681 0.95948218 0.98606283 0.98598963] 
 f1_avg: 0.978129350581263


Validation Epoch: 63 accuracy: 0.88 
 precision: [0.60869565 0.91333882 0.8090011  0.86236559 0.95392491] 
 recall: [0.04575163 0.94827955 0.84663986 0.90417136 0.86132512] 
 f1: [0.08510638 0.93048128 0.82739265 0.8827738  0.90526316] 
 f1_avg: 0.8715500701805557

Early stopping!

Test Epoch: accuracy: 0.85 
 precision: [0.45       0.84281346 0.84891165 0.85069289 0.90196078] 
 recall: [0.9        0.95672298 0.73259669 0.88306265 0.33674963] 
 f1: [0.6        0.89616302 0.78647687 0.86657559 0.49040512] 
 f1_avg: 0.8357568355462629

--- 14754.235548734665 seconds ---

Test Epoch: accuracy: 0.89 
 precision: [0.6        0.9346543  0.81584582 0.85590934 0.9503012 ] 
 recall: [0.03921569 0.94763838 0.87535899 0.8940248  0.97226502] 
 f1: [0.07361963 0.94110156 0.84455528 0.87455197 0.96115765] 
 f1_avg: 0.8822340213361666

--- 14759.950773000717 seconds ---
