Requirement already satisfied: scikit-learn in /net/cephfs/data/zifjia/condaenvs/audio_clf/lib/python3.8/site-packages (1.1.2)
Requirement already satisfied: threadpoolctl>=2.0.0 in /net/cephfs/data/zifjia/condaenvs/audio_clf/lib/python3.8/site-packages (from scikit-learn) (3.1.0)
Requirement already satisfied: numpy>=1.17.3 in /net/cephfs/data/zifjia/condaenvs/audio_clf/lib/python3.8/site-packages (from scikit-learn) (1.22.3)
Requirement already satisfied: scipy>=1.3.2 in /net/cephfs/data/zifjia/condaenvs/audio_clf/lib/python3.8/site-packages (from scikit-learn) (1.9.1)
Requirement already satisfied: joblib>=1.0.0 in /net/cephfs/data/zifjia/condaenvs/audio_clf/lib/python3.8/site-packages (from scikit-learn) (1.1.0)
Requirement already satisfied: tensorboard in /net/cephfs/data/zifjia/condaenvs/audio_clf/lib/python3.8/site-packages (2.10.1)
Requirement already satisfied: werkzeug>=1.0.1 in /net/cephfs/data/zifjia/condaenvs/audio_clf/lib/python3.8/site-packages (from tensorboard) (2.1.2)
Requirement already satisfied: setuptools>=41.0.0 in /net/cephfs/data/zifjia/condaenvs/audio_clf/lib/python3.8/site-packages (from tensorboard) (60.8.1)
Requirement already satisfied: google-auth-oauthlib<0.5,>=0.4.1 in /net/cephfs/home/zifjia/.local/lib/python3.8/site-packages (from tensorboard) (0.4.6)
Requirement already satisfied: markdown>=2.6.8 in /net/cephfs/home/zifjia/.local/lib/python3.8/site-packages (from tensorboard) (3.4.1)
Requirement already satisfied: wheel>=0.26 in /net/cephfs/data/zifjia/condaenvs/audio_clf/lib/python3.8/site-packages (from tensorboard) (0.37.1)
Requirement already satisfied: google-auth<3,>=1.6.3 in /net/cephfs/home/zifjia/.local/lib/python3.8/site-packages (from tensorboard) (2.9.1)
Requirement already satisfied: tensorboard-data-server<0.7.0,>=0.6.0 in /net/cephfs/home/zifjia/.local/lib/python3.8/site-packages (from tensorboard) (0.6.1)
Requirement already satisfied: requests<3,>=2.21.0 in /net/cephfs/data/zifjia/condaenvs/audio_clf/lib/python3.8/site-packages (from tensorboard) (2.28.1)
Requirement already satisfied: absl-py>=0.4 in /net/cephfs/home/zifjia/.local/lib/python3.8/site-packages (from tensorboard) (1.2.0)
Requirement already satisfied: grpcio>=1.24.3 in /net/cephfs/home/zifjia/.local/lib/python3.8/site-packages (from tensorboard) (1.47.0)
Requirement already satisfied: protobuf<3.20,>=3.9.2 in /net/cephfs/home/zifjia/.local/lib/python3.8/site-packages (from tensorboard) (3.19.4)
Requirement already satisfied: tensorboard-plugin-wit>=1.6.0 in /net/cephfs/home/zifjia/.local/lib/python3.8/site-packages (from tensorboard) (1.8.1)
Requirement already satisfied: numpy>=1.12.0 in /net/cephfs/data/zifjia/condaenvs/audio_clf/lib/python3.8/site-packages (from tensorboard) (1.22.3)
Requirement already satisfied: rsa<5,>=3.1.4 in /net/cephfs/home/zifjia/.local/lib/python3.8/site-packages (from google-auth<3,>=1.6.3->tensorboard) (4.9)
Requirement already satisfied: pyasn1-modules>=0.2.1 in /net/cephfs/home/zifjia/.local/lib/python3.8/site-packages (from google-auth<3,>=1.6.3->tensorboard) (0.2.8)
Requirement already satisfied: six>=1.9.0 in /net/cephfs/data/zifjia/condaenvs/audio_clf/lib/python3.8/site-packages (from google-auth<3,>=1.6.3->tensorboard) (1.16.0)
Requirement already satisfied: cachetools<6.0,>=2.0.0 in /net/cephfs/home/zifjia/.local/lib/python3.8/site-packages (from google-auth<3,>=1.6.3->tensorboard) (5.2.0)
Requirement already satisfied: requests-oauthlib>=0.7.0 in /net/cephfs/home/zifjia/.local/lib/python3.8/site-packages (from google-auth-oauthlib<0.5,>=0.4.1->tensorboard) (1.3.1)
Requirement already satisfied: importlib-metadata>=4.4 in /net/cephfs/home/zifjia/.local/lib/python3.8/site-packages (from markdown>=2.6.8->tensorboard) (4.12.0)
Requirement already satisfied: urllib3<1.27,>=1.21.1 in /net/cephfs/data/zifjia/condaenvs/audio_clf/lib/python3.8/site-packages (from requests<3,>=2.21.0->tensorboard) (1.26.12)
Requirement already satisfied: idna<4,>=2.5 in /net/cephfs/data/zifjia/condaenvs/audio_clf/lib/python3.8/site-packages (from requests<3,>=2.21.0->tensorboard) (3.4)
Requirement already satisfied: charset-normalizer<3,>=2 in /net/cephfs/data/zifjia/condaenvs/audio_clf/lib/python3.8/site-packages (from requests<3,>=2.21.0->tensorboard) (2.1.1)
Requirement already satisfied: certifi>=2017.4.17 in /net/cephfs/data/zifjia/condaenvs/audio_clf/lib/python3.8/site-packages (from requests<3,>=2.21.0->tensorboard) (2022.9.14)
Requirement already satisfied: zipp>=0.5 in /net/cephfs/data/zifjia/condaenvs/audio_clf/lib/python3.8/site-packages (from importlib-metadata>=4.4->markdown>=2.6.8->tensorboard) (3.8.0)
Requirement already satisfied: pyasn1<0.5.0,>=0.4.6 in /net/cephfs/home/zifjia/.local/lib/python3.8/site-packages (from pyasn1-modules>=0.2.1->google-auth<3,>=1.6.3->tensorboard) (0.4.8)
Requirement already satisfied: oauthlib>=3.0.0 in /net/cephfs/home/zifjia/.local/lib/python3.8/site-packages (from requests-oauthlib>=0.7.0->google-auth-oauthlib<0.5,>=0.4.1->tensorboard) (3.2.0)
Requirement already satisfied: torch in /net/cephfs/data/zifjia/condaenvs/audio_clf/lib/python3.8/site-packages (1.12.1)
Requirement already satisfied: torchvision in /net/cephfs/data/zifjia/condaenvs/audio_clf/lib/python3.8/site-packages (0.13.1)
Requirement already satisfied: torchaudio in /net/cephfs/data/zifjia/condaenvs/audio_clf/lib/python3.8/site-packages (0.12.1)
Requirement already satisfied: typing-extensions in /net/cephfs/data/zifjia/condaenvs/audio_clf/lib/python3.8/site-packages (from torch) (4.0.1)
Requirement already satisfied: numpy in /net/cephfs/data/zifjia/condaenvs/audio_clf/lib/python3.8/site-packages (from torchvision) (1.22.3)
Requirement already satisfied: requests in /net/cephfs/data/zifjia/condaenvs/audio_clf/lib/python3.8/site-packages (from torchvision) (2.28.1)
Requirement already satisfied: pillow!=8.3.*,>=5.3.0 in /net/cephfs/data/zifjia/condaenvs/audio_clf/lib/python3.8/site-packages (from torchvision) (9.0.1)
Requirement already satisfied: certifi>=2017.4.17 in /net/cephfs/data/zifjia/condaenvs/audio_clf/lib/python3.8/site-packages (from requests->torchvision) (2022.9.14)
Requirement already satisfied: charset-normalizer<3,>=2 in /net/cephfs/data/zifjia/condaenvs/audio_clf/lib/python3.8/site-packages (from requests->torchvision) (2.1.1)
Requirement already satisfied: idna<4,>=2.5 in /net/cephfs/data/zifjia/condaenvs/audio_clf/lib/python3.8/site-packages (from requests->torchvision) (3.4)
Requirement already satisfied: urllib3<1.27,>=1.21.1 in /net/cephfs/data/zifjia/condaenvs/audio_clf/lib/python3.8/site-packages (from requests->torchvision) (1.26.12)
{'name': 'longcall_wav2vec2_lstm_ar_0', 'data_path': '/home/cluster/zifjia/data/data_greatarc_longcall/wav2vec2_split_0', 'test_only': False, 'balance_weights': True, 'model_type': 'lstm', 'model_autoregressive': True, 'n_embedding': 768, 'd_hid': 1024, 'nlayers': 2, 'batch_size': 1, 'n_epoch': 200, 'lr': 0.0005, 'dropout': 0.2, 'patience': 10, 'step_factor': 0.7, 'seed': 0}
cuda
Reading data ...
train, dev, test number of files: 50, 6, 7.
dev files:  ['134dat LC Fugit', '93dat LC Sultan', '148dat LC Fugit', '12T6lcZeke', '20T5lcNiko', '24T5lcNico']
test files:  ['21T5lcNiko', '77datA LC Fugit', '1T7lcNico', '13T4lcDayak', '91dat LC Sultan', '13T2lcNiko', '2T6lcZeke']
train_data_all: (176058, 769)
Labels in train_data_all:  {0: 105991, 1: 0, 2: 28283, 3: 3331, 4: 21523, 5: 15041, 6: 1613, 7: 139, 8: 137}
--- 2.3577001094818115 seconds ---
LSTM(
  (lstm): LSTM(777, 1024, num_layers=2, dropout=0.2, bidirectional=True)
  (hidden2tag): Linear(in_features=2048, out_features=9, bias=True)
)
Number of parameters: 39970825

Train Epoch: 1 accuracy: 0.39 
 precision: [8.80183820e-01 0.00000000e+00 4.44702625e-01 9.16273585e-02
 4.94351597e-01 2.62948358e-01 1.04611758e-02 5.58659218e-04
 9.12492016e-05] 
 recall: [0.37406006 1.         0.31803557 0.46652657 0.54286113 0.46107307
 0.13205208 0.02877698 0.00729927] 
 f1: [5.25004138e-01 0.00000000e+00 3.70851371e-01 1.53171357e-01
 5.17471987e-01 3.34902813e-01 1.93865477e-02 1.09604055e-03
 1.80245133e-04] 
 f1_avg: 0.47058916408423573


Validation Epoch: 1 accuracy: 0.42 
 precision: [0.8880349  0.         0.45753634 0.12594458 0.58978328 0.16967126
 0.0035461  0.         0.        ] 
 recall: [0.45171175 1.         0.21721758 0.68493151 0.5295344  0.45627376
 0.00858369 1.         1.        ] 
 f1: [0.59882336 0.         0.29458128 0.21276596 0.55803735 0.24735893
 0.00501882 0.         0.        ] 
 f1_avg: 0.5043064249149934

New best val score, save model ...
--- 457.8500382900238 seconds ---

Train Epoch: 2 accuracy: 0.48 
 precision: [0.92441739 0.         0.52436661 0.16649513 0.54300756 0.3621187
 0.03821488 0.00593678 0.00295019] 
 recall: [0.50299554 1.         0.25831772 0.63134194 0.59424801 0.50907519
 0.26968382 0.79856115 0.18978102] 
 f1: [0.65149728 0.         0.34612469 0.26350081 0.56747343 0.42320234
 0.06694367 0.01178594 0.00581006] 
 f1_avg: 0.5589609450238935


Validation Epoch: 2 accuracy: 0.40 
 precision: [0.92730347 0.         0.49840256 0.15362527 0.58274916 0.20966454
 0.05177373 0.         0.        ] 
 recall: [0.3477388  1.         0.22666182 0.73287671 0.66435024 0.49904943
 0.23175966 1.         1.        ] 
 f1: [0.50580189 0.         0.31161049 0.25400593 0.62088001 0.29527559
 0.0846395  0.         0.        ] 
 f1_avg: 0.4700207591192473

--- 908.9925873279572 seconds ---

Train Epoch: 3 accuracy: 0.45 
 precision: [0.93741864 0.         0.53571184 0.1704579  0.58076161 0.41021923
 0.04189383 0.0044603  0.01003778] 
 recall: [0.45520846 1.         0.2771276  0.69288502 0.61292571 0.47024799
 0.27154371 0.82733813 0.67883212] 
 f1: [0.61282865 0.         0.36528872 0.2736056  0.59641033 0.43818728
 0.07258866 0.00887277 0.01978302] 
 f1_avg: 0.5438293427695639


Validation Epoch: 3 accuracy: 0.49 
 precision: [0.90995179 0.         0.4543131  0.19326923 0.60155945 0.26094183
 0.01882353 0.         0.        ] 
 recall: [0.55843195 1.         0.25826371 0.68835616 0.53613621 0.44771863
 0.06866953 1.         1.        ] 
 f1: [0.69211629 0.         0.32931913 0.3018018  0.56696675 0.32971649
 0.02954755 0.         0.        ] 
 f1_avg: 0.5716414880065919

New best val score, save model ...
--- 1360.8439762592316 seconds ---

Train Epoch: 4 accuracy: 0.50 
 precision: [0.95227215 0.         0.57277028 0.19104205 0.62243751 0.39841535
 0.03422491 0.00584485 0.01038507] 
 recall: [0.53480012 1.         0.28678004 0.69018313 0.66868002 0.36440396
 0.29510229 0.8705036  0.82481752] 
 f1: [0.6849368  0.         0.38219772 0.29925155 0.64473065 0.38065143
 0.06133625 0.01161173 0.02051189] 
 f1_avg: 0.5913330683967152


Validation Epoch: 4 accuracy: 0.53 
 precision: [0.90005879 0.         0.44951384 0.18642447 0.62038074 0.17835366
 0.0293578  0.         0.        ] 
 recall: [0.64708369 1.         0.2183073  0.66780822 0.57748436 0.22243346
 0.13733906 1.         1.        ] 
 f1: [0.75288911 0.         0.29388753 0.29147982 0.59816448 0.19796954
 0.04837491 0.         0.        ] 
 f1_avg: 0.5974435982504628

New best val score, save model ...
--- 1812.5534536838531 seconds ---

Train Epoch: 5 accuracy: 0.54 
 precision: [0.95039972 0.         0.54284038 0.20111402 0.61869269 0.37582492
 0.04333286 0.00745135 0.00828194] 
 recall: [0.60905171 1.         0.29434643 0.71540078 0.5862101  0.44298916
 0.37755735 0.74100719 0.68613139] 
 f1: [0.74236692 0.         0.38171439 0.31396574 0.60201355 0.40665243
 0.07774303 0.01475433 0.01636633] 
 f1_avg: 0.6232568201186177


Validation Epoch: 5 accuracy: 0.50 
 precision: [0.92192192 0.         0.5490026  0.20941884 0.64856478 0.26977196
 0.03726708 0.         0.        ] 
 recall: [0.55145816 1.         0.22993098 0.71575342 0.580959   0.52851711
 0.2832618  1.         1.        ] 
 f1: [0.6901157  0.         0.32411674 0.32403101 0.61290323 0.35721169
 0.06586826 0.         0.        ] 
 f1_avg: 0.580208430152175

--- 2264.211126089096 seconds ---

Train Epoch: 6 accuracy: 0.54 
 precision: [0.94781443 0.         0.56302963 0.21974225 0.59487965 0.41876892
 0.05053931 0.00902245 0.01425261] 
 recall: [0.60043777 1.         0.30304423 0.70639448 0.63155694 0.41386876
 0.46187229 0.95683453 0.89781022] 
 f1: [0.73515618 0.         0.39401462 0.33520906 0.61266987 0.41630442
 0.09110921 0.01787634 0.02805977] 
 f1_avg: 0.623555031683851


Validation Epoch: 6 accuracy: 0.50 
 precision: [0.92465875 0.         0.49077181 0.15221987 0.62805088 0.28220491
 0.0335249  0.         0.        ] 
 recall: [0.55114117 1.         0.21249546 0.73972603 0.63481584 0.44771863
 0.15021459 1.         1.        ] 
 f1: [0.69063224 0.         0.29657795 0.25248393 0.63141524 0.34619625
 0.05481597 0.         0.        ] 
 f1_avg: 0.5770472388014779

--- 2714.6051473617554 seconds ---

Train Epoch: 7 accuracy: 0.55 
 precision: [0.96067924 0.         0.5774493  0.20785683 0.59957173 0.45419456
 0.06177148 0.00745166 0.01336329] 
 recall: [0.61061788 1.         0.29696284 0.71480036 0.62444826 0.50069809
 0.54866708 0.8705036  0.82481752] 
 f1: [0.74665436 0.         0.39222004 0.32206141 0.61175721 0.47631396
 0.11104141 0.01477682 0.02630048] 
 f1_avg: 0.6351341261457856


Validation Epoch: 7 accuracy: 0.51 
 precision: [0.93442048 0.         0.5379985  0.19449715 0.61388509 0.19114517
 0.0282167  0.         0.        ] 
 recall: [0.56308115 1.         0.25971667 0.70205479 0.62369701 0.42680608
 0.21459227 1.         1.        ] 
 f1: [0.70270983 0.         0.35031847 0.30460624 0.61875215 0.26403999
 0.04987531 0.         0.        ] 
 f1_avg: 0.5862510392239729

--- 3165.1388504505157 seconds ---

Train Epoch: 8 accuracy: 0.50 
 precision: [0.94351866 0.         0.5114516  0.2062291  0.60085916 0.39376287
 0.07354436 0.0068855  0.01264679] 
 recall: [0.52404449 1.         0.34108829 0.70369258 0.60437671 0.44491723
 0.67265964 0.83453237 0.81751825] 
 f1: [0.67383234 0.         0.40924806 0.31897666 0.6026128  0.41778
 0.13259196 0.01365831 0.02490826] 
 f1_avg: 0.5880475990551736


Validation Epoch: 8 accuracy: 0.46 
 precision: [0.90594369 0.         0.57965451 0.2134715  0.63543385 0.25267908
 0.10410959 0.         0.        ] 
 recall: [0.45900254 1.         0.21939702 0.70547945 0.66921473 0.42585551
 0.48927039 1.         1.        ] 
 f1: [0.60929939 0.         0.31831357 0.32776452 0.65188695 0.31716814
 0.17168675 0.         0.        ] 
 f1_avg: 0.5391211894076748

--- 3615.7216618061066 seconds ---

Train Epoch: 9 accuracy: 0.54 
 precision: [0.95697637 0.         0.60910481 0.2223788  0.62488544 0.49246613
 0.07006268 0.00727232 0.01522615] 
 recall: [0.55780208 1.         0.36615635 0.71059742 0.66524183 0.47370521
 0.54742715 0.9352518  0.74452555] 
 f1: [0.70479403 0.         0.45736999 0.33874776 0.64443244 0.48290352
 0.12422622 0.01443242 0.02984201] 
 f1_avg: 0.6253957868288882


Validation Epoch: 9 accuracy: 0.54 
 precision: [0.94549443 0.         0.58061224 0.19262673 0.62453416 0.25096525
 0.07072243 0.         0.        ] 
 recall: [0.59203297 1.         0.20668362 0.71575342 0.69874913 0.49429658
 0.39914163 1.         1.        ] 
 f1: [0.72813515 0.         0.30484865 0.30355846 0.65956051 0.33290653
 0.12015504 0.         0.        ] 
 f1_avg: 0.6055294762176635

New best val score, save model ...
--- 4067.0233714580536 seconds ---

Train Epoch: 10 accuracy: 0.58 
 precision: [0.96442899 0.         0.60088956 0.23010397 0.59930019 0.44471966
 0.0784418  0.00866767 0.02112417] 
 recall: [0.63055354 1.         0.33914366 0.71089763 0.69232914 0.52523104
 0.64042157 0.94964029 0.83941606] 
 f1: [0.76254642 0.         0.43357592 0.34767288 0.64246448 0.4816339
 0.13976458 0.01717855 0.04121125] 
 f1_avg: 0.6563148310562211


Validation Epoch: 10 accuracy: 0.53 
 precision: [0.89326119 0.         0.53096729 0.18880455 0.6469352  0.30981595
 0.03271984 0.         0.        ] 
 recall: [0.57565511 1.         0.2771522  0.68150685 0.64176511 0.48003802
 0.20600858 1.         1.        ] 
 f1: [0.70012208 0.         0.36420048 0.29569094 0.64433979 0.37658464
 0.05647059 0.         0.        ] 
 f1_avg: 0.5985290108333681

--- 4517.613055467606 seconds ---

Train Epoch: 11 accuracy: 0.58 
 precision: [0.96271905 0.         0.61337693 0.23184251 0.6346679  0.45868754
 0.07950703 0.00560712 0.01750243] 
 recall: [0.63028936 1.         0.39136584 0.72830982 0.63708591 0.49863706
 0.65592064 0.62589928 0.91970803] 
 f1: [0.76181842 0.         0.47784325 0.35172164 0.63587461 0.47782875
 0.14182306 0.01111466 0.03435115] 
 f1_avg: 0.661942567723999


Validation Epoch: 11 accuracy: 0.44 
 precision: [0.93413883 0.         0.38738019 0.15367808 0.60970232 0.22019704
 0.04329775 0.         0.        ] 
 recall: [0.41663145 1.         0.17617145 0.72260274 0.7685893  0.42490494
 0.31330472 1.         1.        ] 
 f1: [0.57625137 0.         0.24219725 0.25345345 0.6799877  0.29007138
 0.07608129 0.         0.        ] 
 f1_avg: 0.5082957689659338

--- 4968.403017282486 seconds ---

Train Epoch: 12 accuracy: 0.49 
 precision: [0.95325435 0.         0.61404189 0.22295301 0.62988101 0.42851597
 0.09616146 0.00687438 0.01241117] 
 recall: [0.45848232 1.         0.39179012 0.70219153 0.6812712  0.51372914
 0.7532548  0.89208633 0.90510949] 
 f1: [0.61916684 0.         0.47836129 0.33844596 0.65456899 0.46726937
 0.17055025 0.01364362 0.02448657] 
 f1_avg: 0.5775358359800953


Validation Epoch: 12 accuracy: 0.51 
 precision: [0.93854539 0.         0.56095737 0.18092692 0.64865795 0.20419227
 0.10987903 0.         0.        ] 
 recall: [0.52768385 1.         0.27243008 0.69520548 0.65496873 0.53707224
 0.46781116 1.         1.        ] 
 f1: [0.67554954 0.         0.36674817 0.28712871 0.65179806 0.29588898
 0.17795918 0.         0.        ] 
 f1_avg: 0.582744402889715

--- 5419.596373319626 seconds ---

Train Epoch: 13 accuracy: 0.58 
 precision: [0.95656463 0.         0.63457697 0.2567652  0.64348931 0.47897783
 0.12608469 0.00580552 0.01223608] 
 recall: [0.58552141 1.         0.41554998 0.74061843 0.7060354  0.62183365
 0.90080595 0.57553957 0.74452555] 
 f1: [0.72640444 0.         0.50222203 0.38132777 0.67331295 0.54113631
 0.22120728 0.01149508 0.02407648] 
 f1_avg: 0.6558039448130039


Validation Epoch: 13 accuracy: 0.52 
 precision: [0.93657588 0.         0.59664804 0.19507576 0.63417569 0.25773847
 0.07229833 0.         0.        ] 
 recall: [0.50866441 1.         0.38794043 0.70547945 0.73245309 0.3878327
 0.40772532 1.         1.        ] 
 f1: [0.65927143 0.         0.47017389 0.30563798 0.67978072 0.30967742
 0.12281836 0.         0.        ] 
 f1_avg: 0.5958364971630586

--- 5870.8624703884125 seconds ---

Train Epoch: 14 accuracy: 0.60 
 precision: [0.966944   0.         0.63372739 0.23202772 0.65429438 0.51042847
 0.11824388 0.00677048 0.02212158] 
 recall: [0.6096461  1.         0.44351731 0.72380666 0.69126051 0.59876338
 0.77309361 0.9352518  0.9270073 ] 
 f1: [0.74780838 0.         0.52182957 0.3514065  0.67226967 0.55107848
 0.20511555 0.01344364 0.04321198] 
 f1_avg: 0.6718642132150463


Validation Epoch: 14 accuracy: 0.52 
 precision: [0.93868532 0.         0.58992806 0.16582492 0.64645202 0.25499034
 0.0862069  0.         0.        ] 
 recall: [0.53867287 1.         0.2680712  0.67465753 0.71855455 0.37642586
 0.42918455 1.         1.        ] 
 f1: [0.68452501 0.         0.36863137 0.26621622 0.68059898 0.30403071
 0.14357502 0.         0.        ] 
 f1_avg: 0.5927890548483582

--- 6321.791443109512 seconds ---

Train Epoch: 15 accuracy: 0.59 
 precision: [0.96718774 0.         0.64375898 0.24953609 0.65638317 0.48186331
 0.12827202 0.00707994 0.02096902] 
 recall: [0.6012586  1.         0.44348195 0.76703693 0.68703248 0.58732797
 0.91444513 0.91366906 0.96350365] 
 f1: [0.7415363  0.         0.52517428 0.37656595 0.6713582  0.52939414
 0.22498475 0.014051   0.04104478] 
 f1_avg: 0.6673184707250351


Validation Epoch: 15 accuracy: 0.60 
 precision: [0.92512315 0.         0.59200508 0.2342233  0.67020498 0.3255132
 0.12059765 0.         0.        ] 
 recall: [0.69452663 1.         0.33890301 0.6609589  0.6362057  0.31653992
 0.48497854 1.         1.        ] 
 f1: [0.79340938 0.         0.43104643 0.34587814 0.65276292 0.32096386
 0.19316239 0.         0.        ] 
 f1_avg: 0.6632561246305589

New best val score, save model ...
--- 6773.8192846775055 seconds ---

Train Epoch: 16 accuracy: 0.64 
 precision: [0.97713459 0.         0.66418709 0.27446969 0.64535281 0.50347759
 0.14221986 0.00926712 0.023801  ] 
 recall: [0.66888698 1.         0.46091292 0.76523566 0.70199322 0.60640915
 0.83013019 0.94244604 0.97080292] 
 f1: [0.79414829 0.         0.54418702 0.40402599 0.67248247 0.5501704
 0.24283642 0.01835377 0.04646288] 
 f1_avg: 0.7046495364862078


Validation Epoch: 16 accuracy: 0.58 
 precision: [0.9156303  0.         0.55916473 0.24168798 0.65539452 0.35143139
 0.13541667 0.         0.        ] 
 recall: [0.68459425 1.         0.35016346 0.64726027 0.5656706  0.33840304
 0.55793991 1.         1.        ] 
 f1: [0.7834341  0.         0.43064552 0.35195531 0.60723611 0.34479419
 0.21793797 0.         0.        ] 
 f1_avg: 0.651624696008914

--- 7224.463618516922 seconds ---

Train Epoch: 17 accuracy: 0.65 
 precision: [0.97977594 0.         0.70869437 0.30263772 0.71115467 0.5508774
 0.15942797 0.00830845 0.01960215] 
 recall: [0.66504703 1.         0.50896298 0.77844491 0.74171816 0.62196662
 0.93304402 0.92086331 0.98540146] 
 f1: [0.79230056 0.         0.59244778 0.43583494 0.72611494 0.58426756
 0.27232426 0.01646832 0.03843964] 
 f1_avg: 0.7216238394899271


Validation Epoch: 17 accuracy: 0.63 
 precision: [0.92238243 0.         0.63543092 0.29225908 0.69191748 0.32537577
 0.14192708 0.         0.        ] 
 recall: [0.72326712 1.         0.33745005 0.63356164 0.71091035 0.34980989
 0.46781116 1.         1.        ] 
 f1: [0.8107788  0.         0.44080664 0.4        0.70128535 0.33715071
 0.21778222 0.         0.        ] 
 f1_avg: 0.6854172422270177

New best val score, save model ...
--- 7675.408100605011 seconds ---

Train Epoch: 18 accuracy: 0.68 
 precision: [0.98119507 0.         0.7272411  0.30144667 0.71878289 0.55048718
 0.15332352 0.00884815 0.02343612] 
 recall: [0.74580861 1.         0.44344659 0.80696488 0.72987037 0.58972143
 0.83942963 0.79856115 0.97080292] 
 f1: [0.84746053 0.         0.55094555 0.4389288  0.7242842  0.56942929
 0.25928763 0.01750237 0.04576738] 
 f1_avg: 0.7466184042068342


Validation Epoch: 18 accuracy: 0.58 
 precision: [0.93224373 0.         0.60384216 0.24856322 0.71639586 0.38349955
 0.0950455  0.         0.        ] 
 recall: [0.62077346 1.         0.42244824 0.59246575 0.67407922 0.40209125
 0.40343348 1.         1.        ] 
 f1: [0.74527464 0.         0.49711477 0.35020243 0.69459363 0.39257541
 0.15384615 0.         0.        ] 
 f1_avg: 0.6581076783607542

--- 8126.105813503265 seconds ---

Train Epoch: 19 accuracy: 0.63 
 precision: [0.97612048 0.         0.73301083 0.32252209 0.75713563 0.56846076
 0.16950703 0.00691857 0.02010125] 
 recall: [0.61397666 1.         0.56252873 0.80006004 0.76536728 0.63127452
 0.91878487 0.9352518  0.98540146] 
 f1: [0.75380953 0.         0.63655277 0.45972055 0.76122921 0.59822329
 0.28621089 0.01373554 0.0393988 ] 
 f1_avg: 0.7115993308866553


Validation Epoch: 19 accuracy: 0.63 
 precision: [0.94411974 0.         0.69166667 0.25892857 0.68887492 0.41409266
 0.1025641  0.         0.        ] 
 recall: [0.69980981 1.         0.36178714 0.69520548 0.76164003 0.40779468
 0.44635193 1.         1.        ] 
 f1: [0.80381091 0.         0.47507751 0.37732342 0.72343234 0.41091954
 0.16680032 0.         0.        ] 
 f1_avg: 0.6944891674243653

New best val score, save model ...
--- 8578.499188184738 seconds ---

Train Epoch: 20 accuracy: 0.69 
 precision: [0.98260147 0.         0.75060036 0.29253501 0.7358393  0.58456647
 0.19266649 0.0100639  0.0242352 ] 
 recall: [0.71400402 1.         0.53045999 0.79645752 0.79310505 0.63559604
 0.92188469 0.90647482 0.89051095] 
 f1: [0.82704129 0.         0.62161546 0.42790323 0.76339975 0.60901417
 0.31872254 0.01990679 0.04718623] 
 f1_avg: 0.7541809823290169


Validation Epoch: 20 accuracy: 0.64 
 precision: [0.94447683 0.         0.62308831 0.2891933  0.67446941 0.42034943
 0.11038251 0.         0.        ] 
 recall: [0.68480558 1.         0.45877225 0.65068493 0.75086866 0.38878327
 0.43347639 1.         1.        ] 
 f1: [0.7939483  0.         0.52845188 0.4004215  0.71062151 0.40395062
 0.17595819 0.         0.        ] 
 f1_avg: 0.6955854639362906

New best val score, save model ...
--- 9030.865572690964 seconds ---

Train Epoch: 21 accuracy: 0.69 
 precision: [0.98183907 0.         0.75451955 0.3509522  0.76197605 0.5900055
 0.19370817 0.00926296 0.01917672] 
 recall: [0.71767414 1.         0.54304706 0.81326929 0.78042095 0.64131374
 0.89708617 0.83453237 0.84671533] 
 f1: [0.82922628 0.         0.63155081 0.49031674 0.77108821 0.61459063
 0.3186172  0.01832254 0.03750404] 
 f1_avg: 0.759679897212434


Validation Epoch: 21 accuracy: 0.60 
 precision: [0.93379029 0.         0.66602067 0.2433121  0.75109868 0.34568966
 0.07679034 0.         0.        ] 
 recall: [0.67656382 1.         0.37450054 0.65410959 0.65323141 0.38117871
 0.38197425 1.         1.        ] 
 f1: [0.78463329 0.         0.47942339 0.35468895 0.69875488 0.36256781
 0.12787356 0.         0.        ] 
 f1_avg: 0.6760690789065974

--- 9481.285851240158 seconds ---

Train Epoch: 22 accuracy: 0.71 
 precision: [0.98369364 0.         0.77982022 0.35934526 0.78796457 0.61854065
 0.1945918  0.01070764 0.01575828] 
 recall: [0.72852412 1.         0.54598169 0.85019514 0.80183989 0.66052789
 0.93242405 0.99280576 0.79562044] 
 f1: [0.8370951  0.         0.6422793  0.50517303 0.79484168 0.63884513
 0.32198673 0.02118677 0.03090445] 
 f1_avg: 0.7714256297478101


Validation Epoch: 22 accuracy: 0.61 
 precision: [0.92624357 0.         0.61326781 0.26483357 0.79372792 0.36685824
 0.11941964 0.         0.        ] 
 recall: [0.68469992 1.         0.45332365 0.62671233 0.62439194 0.36406844
 0.45922747 1.         1.        ] 
 f1: [0.7873633  0.         0.52130326 0.3723296  0.69894982 0.36545802
 0.18954827 0.         0.        ] 
 f1_avg: 0.6859212216928734

--- 9932.077721595764 seconds ---

Train Epoch: 23 accuracy: 0.68 
 precision: [0.9824896  0.         0.74984093 0.35825267 0.77576764 0.61208554
 0.187566   0.00927821 0.0213141 ] 
 recall: [0.699833   1.         0.50001768 0.84449114 0.80290852 0.67748155
 0.88096714 0.97841727 0.97080292] 
 f1: [0.81741593 0.         0.59996182 0.50308504 0.78910477 0.64312537
 0.30928284 0.0183821  0.0417124 ] 
 f1_avg: 0.752294823970195


Validation Epoch: 23 accuracy: 0.62 
 precision: [0.9168585  0.         0.62992126 0.2444795  0.78598485 0.37819026
 0.13842746 0.         0.        ] 
 recall: [0.71544801 1.         0.40682891 0.53082192 0.57678944 0.4648289
 0.53648069 1.         1.        ] 
 f1: [0.80372722 0.         0.4943721  0.33477322 0.66533066 0.41705757
 0.22007042 0.         0.        ] 
 f1_avg: 0.6879844796191241

--- 10383.201295375824 seconds ---

Train Epoch: 24 accuracy: 0.68 
 precision: [0.9825656  0.         0.77851089 0.36178108 0.77537543 0.59484031
 0.19898358 0.00896646 0.02101438] 
 recall: [0.67901048 1.         0.54233992 0.8195737  0.79645031 0.66990227
 0.9466832  0.94244604 0.97080292] 
 f1: [0.80305964 0.         0.63931147 0.50197665 0.78577158 0.63014384
 0.32884678 0.01776392 0.04113826] 
 f1_avg: 0.7486141758805624


Validation Epoch: 24 accuracy: 0.62 
 precision: [0.91231142 0.         0.7536     0.25892857 0.7171911  0.35121107
 0.12210916 0.         0.        ] 
 recall: [0.71565934 1.         0.34217218 0.59589041 0.64940931 0.38593156
 0.56652361 1.         1.        ] 
 f1: [0.80210801 0.         0.47064701 0.36099585 0.68161926 0.36775362
 0.20091324 0.         0.        ] 
 f1_avg: 0.683039947310279

--- 10834.289927244186 seconds ---

Train Epoch: 25 accuracy: 0.70 
 precision: [0.98485845 0.         0.79399794 0.36043467 0.80704127 0.60778811
 0.19382748 0.0115794  0.02015575] 
 recall: [0.72044796 1.         0.51730722 0.82647853 0.80411653 0.69111096
 0.93056417 0.97841727 0.96350365] 
 f1: [0.83215457 0.         0.62646114 0.50196007 0.80557624 0.646777
 0.32082933 0.02288792 0.03948549] 
 f1_avg: 0.7678367570598451


Validation Epoch: 25 accuracy: 0.60 
 precision: [0.93006778 0.         0.65250965 0.21789883 0.77014582 0.4036036
 0.09294606 0.         0.        ] 
 recall: [0.63799662 1.         0.42971304 0.57534247 0.69735928 0.42585551
 0.4806867  1.         1.        ] 
 f1: [0.75683129 0.         0.51817784 0.31608655 0.73194748 0.41443108
 0.15577191 0.         0.        ] 
 f1_avg: 0.6754026725210864

--- 11286.108788490295 seconds ---

Train Epoch: 26 accuracy: 0.70 
 precision: [0.98305708 0.         0.76445545 0.3855554  0.78576901 0.61429004
 0.18841709 0.00940666 0.0211986 ] 
 recall: [0.70617317 1.         0.54598169 0.84299009 0.81015658 0.67448973
 0.89956603 0.9352518  0.97080292] 
 f1: [0.82192292 0.         0.63700679 0.52911249 0.79777646 0.6429839
 0.31157397 0.01862598 0.04149119] 
 f1_avg: 0.762520730658872


Validation Epoch: 26 accuracy: 0.67 
 precision: [0.90760095 0.         0.77017679 0.24111283 0.79038076 0.41284404
 0.14077025 0.         0.        ] 
 recall: [0.80748098 1.         0.36396658 0.53424658 0.68519805 0.34220532
 0.45493562 1.         1.        ] 
 f1: [0.85461865 0.         0.49432659 0.33226837 0.73404057 0.37422037
 0.21501014 0.         0.        ] 
 f1_avg: 0.7259093313931728

New best val score, save model ...
--- 11736.901798009872 seconds ---

Train Epoch: 27 accuracy: 0.71 
 precision: [0.98389252 0.         0.77926802 0.35945946 0.82511759 0.64343949
 0.19131975 0.01145456 0.02568124] 
 recall: [0.75034673 1.         0.4848142  0.87841489 0.81503508 0.67163088
 0.93738376 0.97841727 0.95620438] 
 f1: [0.8513941  0.         0.59774625 0.51015605 0.82004535 0.65723301
 0.31778058 0.02264402 0.05001909] 
 f1_avg: 0.7776037262264769


Validation Epoch: 27 accuracy: 0.56 
 precision: [0.89574337 0.         0.60223308 0.27852349 0.75928984 0.2918597
 0.09806538 0.         0.        ] 
 recall: [0.613694   1.         0.31347621 0.56849315 0.63898541 0.41920152
 0.63090129 1.         1.        ] 
 f1: [0.72836719 0.         0.4123268  0.37387387 0.69396226 0.34412798
 0.16974596 0.         0.        ] 
 f1_avg: 0.6319800152335024

--- 12187.342231750488 seconds ---

Train Epoch: 28 accuracy: 0.66 
 precision: [0.97841716 0.         0.80755016 0.40289403 0.82376021 0.62920349
 0.15142915 0.00875017 0.02105263] 
 recall: [0.64198847 1.         0.54078422 0.85259682 0.83891651 0.70533874
 0.92622443 0.91366906 0.99270073] 
 f1: [0.77527815 0.         0.64777757 0.54720617 0.83126928 0.66509937
 0.26030142 0.01733433 0.04123086] 
 f1_avg: 0.7420249872887373


Validation Epoch: 28 accuracy: 0.63 
 precision: [0.92242424 0.         0.69355888 0.28308208 0.76936027 0.4152154
 0.0895645  0.         0.        ] 
 recall: [0.72368977 1.         0.38721395 0.57876712 0.63516331 0.43060837
 0.46781116 1.         1.        ] 
 f1: [0.81106045 0.         0.4969697  0.38020247 0.69585078 0.42277182
 0.15034483 0.         0.        ] 
 f1_avg: 0.6980264917863408

--- 12637.518656730652 seconds ---

Train Epoch: 29 accuracy: 0.73 
 precision: [0.9840111  0.         0.80265477 0.39525198 0.80960541 0.64840625
 0.20249139 0.01230992 0.02262605] 
 recall: [0.76297044 1.         0.51525651 0.85469829 0.8122009  0.71138887
 0.94730316 0.97841727 0.9270073 ] 
 f1: [0.85950694 0.         0.62761903 0.54053541 0.81090108 0.67843896
 0.33366088 0.02431394 0.04417391] 
 f1_avg: 0.788697608250368


Validation Epoch: 29 accuracy: 0.65 
 precision: [0.89629451 0.         0.70690909 0.26117647 0.82172319 0.3550652
 0.12258065 0.         0.        ] 
 recall: [0.78719358 1.         0.35306938 0.38013699 0.62300208 0.3365019
 0.40772532 1.         1.        ] 
 f1: [0.83820882 0.         0.47093023 0.30962343 0.70869565 0.34553441
 0.18849206 0.         0.        ] 
 f1_avg: 0.7057783221476177

--- 13088.200412273407 seconds ---

Train Epoch: 30 accuracy: 0.70 
 precision: [0.98262338 0.         0.79432957 0.41706444 0.82912018 0.62263922
 0.17092069 0.00938967 0.02010942] 
 recall: [0.70798464 1.         0.53788495 0.83938757 0.81833388 0.6816701
 0.9299442  0.9352518  0.99270073] 
 f1: [0.82299652 0.         0.64142511 0.55724963 0.82369172 0.65081884
 0.28876697 0.01859268 0.03942029] 
 f1_avg: 0.768036092786209


Validation Epoch: 30 accuracy: 0.65 
 precision: [0.90829317 0.         0.68947671 0.29166667 0.80854059 0.39274611
 0.12567714 0.         0.        ] 
 recall: [0.77652156 1.         0.43552488 0.52739726 0.59867964 0.36026616
 0.49785408 1.         1.        ] 
 f1: [0.83725434 0.         0.53383793 0.37560976 0.68796167 0.37580565
 0.20069204 0.         0.        ] 
 f1_avg: 0.7152813977377521

--- 13539.184119224548 seconds ---

Train Epoch: 31 accuracy: 0.72 
 precision: [0.98672807 0.         0.79718339 0.36758137 0.84754028 0.66084882
 0.18636912 0.01039485 0.02294793] 
 recall: [0.73581719 1.         0.54838596 0.86460522 0.823677   0.69982049
 0.95784253 1.         0.94890511] 
 f1: [0.84299843 0.         0.6497832  0.51585169 0.83543827 0.67977655
 0.31202666 0.02057583 0.04481213] 
 f1_avg: 0.7847659419057929


Validation Epoch: 31 accuracy: 0.67 
 precision: [0.9072808  0.         0.79600276 0.30693069 0.85085227 0.39155629
 0.1558642  0.         0.        ] 
 recall: [0.79923922 1.         0.41954232 0.53082192 0.62439194 0.44961977
 0.43347639 1.         1.        ] 
 f1: [0.8498399  0.         0.54947669 0.38895859 0.72024048 0.41858407
 0.2292849  0.         0.        ] 
 f1_avg: 0.7339129045749834

New best val score, save model ...
--- 13990.35338139534 seconds ---

Train Epoch: 32 accuracy: 0.73 
 precision: [0.98675314 0.         0.80835217 0.43756574 0.84260497 0.67170599
 0.19405235 0.0106939  0.02098454] 
 recall: [0.7435537  1.         0.55641198 0.87421195 0.8494169  0.70600359
 0.87786733 0.95683453 0.97080292] 
 f1: [0.84806224 0.         0.65912756 0.5832165  0.84599722 0.68842788
 0.31784512 0.0211514  0.04108108] 
 f1_avg: 0.7926709272147369


Validation Epoch: 32 accuracy: 0.66 
 precision: [0.91919192 0.         0.71279517 0.27380952 0.8606989  0.37650602
 0.13613861 0.         0.        ] 
 recall: [0.76923077 1.         0.47148565 0.55136986 0.6247394  0.35646388
 0.472103   1.         1.        ] 
 f1: [0.83755177 0.         0.56755575 0.36590909 0.72397826 0.36621094
 0.21133525 0.         0.        ] 
 f1_avg: 0.7266087358763542

--- 14440.823025465012 seconds ---

Train Epoch: 33 accuracy: 0.71 
 precision: [0.98777133 0.         0.82190447 0.41669044 0.83845039 0.67371868
 0.16238938 0.01112186 0.0266535 ] 
 recall: [0.71484371 1.         0.56701906 0.87691384 0.83361985 0.71138887
 0.91010539 0.99280576 0.98540146] 
 f1: [0.8294325  0.         0.67107438 0.56493569 0.83602814 0.69204152
 0.27560312 0.02199729 0.05190311] 
 f1_avg: 0.7817408129405085


Validation Epoch: 33 accuracy: 0.63 
 precision: [0.91561014 0.         0.67567568 0.32696897 0.85685686 0.45760743
 0.12967033 0.         0.        ] 
 recall: [0.73256551 1.         0.46313113 0.46917808 0.59485754 0.37452471
 0.50643777 1.         1.        ] 
 f1: [0.81392346 0.         0.54956897 0.38537271 0.70221493 0.41191845
 0.20647419 0.         0.        ] 
 f1_avg: 0.7096260228085705

--- 14891.021998405457 seconds ---

Train Epoch: 34 accuracy: 0.70 
 precision: [0.98619706 0.         0.84220552 0.46926813 0.85167686 0.6419775
 0.19598568 0.00952733 0.01847073] 
 recall: [0.69162476 1.         0.57840399 0.84118883 0.85424894 0.72089622
 0.95040298 0.92805755 0.99270073] 
 f1: [0.81305213 0.         0.68581131 0.60245109 0.85296096 0.67915192
 0.32496025 0.01886103 0.03626667] 
 f1_avg: 0.7763630646247284


Validation Epoch: 34 accuracy: 0.66 
 precision: [0.90742358 0.         0.67043011 0.32026144 0.83809078 0.44719101
 0.17391304 0.         0.        ] 
 recall: [0.76849112 1.         0.45296041 0.50342466 0.62230716 0.378327
 0.51502146 1.         1.        ] 
 f1: [0.83219864 0.         0.540646   0.39147803 0.71425723 0.40988671
 0.26002167 0.         0.        ] 
 f1_avg: 0.7213325403659663

--- 15340.697408914566 seconds ---

Train Epoch: 35 accuracy: 0.72 
 precision: [0.98788484 0.         0.81502393 0.44083384 0.84541196 0.66316727
 0.18199382 0.01049685 0.02130847] 
 recall: [0.74624261 1.         0.53590496 0.86340438 0.85527111 0.69297254
 0.87600744 0.97122302 0.93430657] 
 f1: [0.85022789 0.         0.64662969 0.58366312 0.85031295 0.67774238
 0.30137571 0.02076923 0.04166667] 
 f1_avg: 0.7914393928602389


Validation Epoch: 35 accuracy: 0.62 
 precision: [0.91606247 0.         0.67867868 0.28721174 0.87307692 0.51193317
 0.0677686  0.         0.        ] 
 recall: [0.69420964 1.         0.49255358 0.46917808 0.63099375 0.40779468
 0.35193133 1.         1.        ] 
 f1: [0.78985333 0.         0.57082719 0.35630689 0.73255345 0.45396825
 0.11365211 0.         0.        ] 
 f1_avg: 0.7055569317684546

--- 15791.193323850632 seconds ---

Train Epoch: 36 accuracy: 0.71 
 precision: [0.98193302 0.         0.83805135 0.45970434 0.87534079 0.63688273
 0.14208431 0.00972304 0.02431994] 
 recall: [0.70404091 1.         0.5851218  0.86820775 0.86521396 0.67482215
 0.86298822 0.94964029 0.98540146] 
 f1: [0.82008506 0.         0.68911097 0.60112243 0.87024791 0.65530376
 0.24399649 0.019249   0.04746835] 
 f1_avg: 0.7804451663005331


Validation Epoch: 36 accuracy: 0.64 
 precision: [0.9310297  0.         0.65280464 0.29166667 0.86059744 0.49439348
 0.15577889 0.         0.        ] 
 recall: [0.70889687 1.         0.49037414 0.47945205 0.63064628 0.46102662
 0.39914163 1.         1.        ] 
 f1: [0.80491902 0.         0.56004978 0.3626943  0.72789252 0.4771274
 0.22409639 0.         0.        ] 
 f1_avg: 0.7146415852958673

--- 16242.521833181381 seconds ---

Train Epoch: 37 accuracy: 0.72 
 precision: [0.98728592 0.         0.83479893 0.45666719 0.86782054 0.63592965
 0.17534178 0.00999416 0.02203182] 
 recall: [0.71139059 1.         0.59746137 0.88111678 0.88523905 0.67309354
 0.866708   0.98561151 0.91970803] 
 f1: [0.82693309 0.         0.69646574 0.6015577  0.87644326 0.65398404
 0.29167536 0.01978768 0.04303279] 
 f1_avg: 0.7868360169069786


Validation Epoch: 37 accuracy: 0.63 
 precision: [0.90781424 0.         0.67704485 0.27198364 0.82921725 0.39076035
 0.13941019 0.         0.        ] 
 recall: [0.68987743 1.         0.46603705 0.45547945 0.68832523 0.38593156
 0.44635193 1.         1.        ] 
 f1: [0.78398175 0.         0.5520654  0.34058899 0.75223087 0.38833094
 0.2124617  0.         0.        ] 
 f1_avg: 0.6994865333204506

--- 16693.359790086746 seconds ---

Train Epoch: 38 accuracy: 0.69 
 precision: [0.9884701  0.         0.81433519 0.43377088 0.84661151 0.67037243
 0.19935815 0.00790867 0.01850101] 
 recall: [0.67053806 1.         0.5736308  0.87301111 0.84625749 0.72162755
 0.96280223 0.89208633 1.        ] 
 f1: [0.79903986 0.         0.67311123 0.5795715  0.84643446 0.69505635
 0.33032011 0.01567834 0.03632989] 
 f1_avg: 0.7660617861428003


Validation Epoch: 38 accuracy: 0.64 
 precision: [0.92411423 0.         0.7076659  0.28809524 0.86956522 0.38501292
 0.09633028 0.         0.        ] 
 recall: [0.73858833 1.         0.44932801 0.41438356 0.61848506 0.42490494
 0.36051502 1.         1.        ] 
 f1: [0.8210007  0.         0.54965563 0.33988764 0.72284264 0.4039765
 0.1520362  0.         0.        ] 
 f1_avg: 0.7151600676207314

--- 17143.79093694687 seconds ---

Train Epoch: 39 accuracy: 0.73 
 precision: [0.98930149 0.         0.84735035 0.48454313 0.84503887 0.68021576
 0.21210867 0.01176048 0.021875  ] 
 recall: [0.75204498 1.         0.55856875 0.85169619 0.85866283 0.70427498
 0.95350279 0.94244604 0.97080292] 
 f1: [0.85451027 0.         0.67330108 0.61767908 0.85179637 0.69203632
 0.34702166 0.02323107 0.04278591] 
 f1_avg: 0.8007692367700936


Validation Epoch: 39 accuracy: 0.63 
 precision: [0.92613484 0.         0.61915493 0.27756654 0.79166667 0.39981361
 0.15512048 0.         0.        ] 
 recall: [0.72865596 1.         0.39920087 0.5        0.65357887 0.40779468
 0.44206009 1.         1.        ] 
 f1: [0.81561206 0.         0.48542403 0.35696822 0.71602589 0.40376471
 0.2296544  0.         0.        ] 
 f1_avg: 0.701688584744275

--- 17594.352138757706 seconds ---

Train Epoch: 40 accuracy: 0.71 
 precision: [0.98887576 0.         0.84141352 0.488146   0.88038541 0.69551015
 0.21147161 0.0091623  0.01956835] 
 recall: [0.70282382 1.         0.58172754 0.85920144 0.89151141 0.72195998
 0.90514569 0.95683453 0.99270073] 
 f1: [0.82166532 0.         0.68787758 0.62257994 0.88591348 0.70848829
 0.34284372 0.0181508  0.03838013] 
 f1_avg: 0.7889608027978218


Validation Epoch: 40 accuracy: 0.64 
 precision: [0.92471443 0.         0.67026444 0.23956443 0.84270242 0.34424981
 0.12690355 0.         0.        ] 
 recall: [0.75274725 1.         0.45114421 0.45205479 0.56775539 0.42965779
 0.42918455 1.         1.        ] 
 f1: [0.82991612 0.         0.53929657 0.31316726 0.67843056 0.38224101
 0.19588639 0.         0.        ] 
 f1_avg: 0.709617124948759

--- 18044.62949347496 seconds ---

Train Epoch: 41 accuracy: 0.73 
 precision: [0.98947894 0.         0.85085166 0.46855951 0.88136536 0.71830185
 0.20559742 0.01182727 0.01982379] 
 recall: [0.72937325 1.         0.55810911 0.87691384 0.88296241 0.75593378
 0.94730316 0.92805755 0.98540146] 
 f1: [0.83974582 0.         0.67406854 0.61076843 0.88216317 0.73663751
 0.33786622 0.02335687 0.0388657 ] 
 f1_avg: 0.7993090978926999


Validation Epoch: 41 accuracy: 0.65 
 precision: [0.90720607 0.         0.7157661  0.28368794 0.81795196 0.37619461
 0.15372671 0.         0.        ] 
 recall: [0.75824176 1.         0.35125318 0.54794521 0.67442669 0.41159696
 0.4248927  1.         1.        ] 
 f1: [0.82606193 0.         0.47124756 0.37383178 0.73928775 0.39310032
 0.22576967 0.         0.        ] 
 f1_avg: 0.7088633377264334

--- 18494.906923294067 seconds ---

Train Epoch: 42 accuracy: 0.73 
 precision: [0.98659428 0.         0.86249538 0.51364031 0.89465223 0.69659482
 0.20485584 0.00936647 0.01965886] 
 recall: [0.72698625 1.         0.57706042 0.88742119 0.87910607 0.7262815
 0.92064476 0.91366906 0.99270073] 
 f1: [0.83712492 0.         0.6914799  0.65067136 0.88681102 0.71112847
 0.33513879 0.01854285 0.03855422] 
 f1_avg: 0.7996431540893548


Validation Epoch: 42 accuracy: 0.64 
 precision: [0.94189226 0.         0.74229508 0.23695976 0.80566968 0.42202643
 0.09668246 0.         0.        ] 
 recall: [0.72791631 1.         0.4111878  0.54452055 0.68137596 0.45532319
 0.43776824 1.         1.        ] 
 f1: [0.82119442 0.         0.52921926 0.33021807 0.73832831 0.43804298
 0.15838509 0.         0.        ] 
 f1_avg: 0.7166376039984742

--- 18945.26132583618 seconds ---

Train Epoch: 43 accuracy: 0.71 
 precision: [0.98889415 0.         0.83874716 0.46571697 0.86812832 0.6843358
 0.19527657 0.0102865  0.01801325] 
 recall: [0.70904133 1.         0.56146802 0.89312519 0.87385588 0.7072668
 0.97396156 0.97122302 0.99270073] 
 f1: [0.82590515 0.         0.67265334 0.6122029  0.87098268 0.69561237
 0.32532615 0.02035739 0.03538442] 
 f1_avg: 0.7857848493297959


Validation Epoch: 43 accuracy: 0.65 
 precision: [0.94707443 0.         0.71300448 0.24707412 0.81642695 0.42314335
 0.13242009 0.         0.        ] 
 recall: [0.71661031 1.         0.40428623 0.65068493 0.7494788  0.46577947
 0.37339056 1.         1.        ] 
 f1: [0.8158797  0.         0.51599444 0.35815269 0.78152174 0.44343891
 0.19550562 0.         0.        ] 
 f1_avg: 0.7202416539158492

--- 19395.2529566288 seconds ---

Train Epoch: 44 accuracy: 0.73 
 precision: [0.99062633 0.         0.84733315 0.4704322  0.87854289 0.71407745
 0.20651589 0.01070223 0.01872504] 
 recall: [0.72687304 1.         0.55888696 0.90513359 0.87850207 0.74901935
 0.95102294 0.9352518  0.99270073] 
 f1: [0.83849762 0.         0.67352678 0.61909651 0.87852248 0.73113116
 0.33934299 0.0211623  0.03675676] 
 f1_avg: 0.7977228544851016


Validation Epoch: 44 accuracy: 0.66 
 precision: [0.94105495 0.         0.71530444 0.28775835 0.79339806 0.51433858
 0.12020033 0.         0.        ] 
 recall: [0.72199915 1.         0.47366509 0.61986301 0.70986796 0.52851711
 0.30901288 1.         1.        ] 
 f1: [0.81710015 0.         0.56993007 0.39305103 0.74931231 0.52133146
 0.17307692 0.         0.        ] 
 f1_avg: 0.7294933199092253

--- 19845.21233010292 seconds ---

Train Epoch: 45 accuracy: 0.74 
 precision: [0.98970629 0.         0.85918917 0.54950495 0.86719632 0.71630749
 0.21547341 0.01136267 0.01986852] 
 recall: [0.74202527 1.         0.57472687 0.89972981 0.89258003 0.74030982
 0.97210167 0.95683453 0.99270073] 
 f1: [0.84815348 0.         0.688742   0.68229937 0.8797051  0.7281109
 0.35275591 0.02245863 0.03895732] 
 f1_avg: 0.8071881307679147


Validation Epoch: 45 accuracy: 0.66 
 precision: [0.95218003 0.         0.77452891 0.26595745 0.79503961 0.48301194
 0.12478336 0.         0.        ] 
 recall: [0.71534235 1.         0.4329822  0.68493151 0.8019458  0.5
 0.30901288 1.         1.        ] 
 f1: [0.8169422  0.         0.555452   0.38314176 0.79847777 0.49135918
 0.17777778 0.         0.        ] 
 f1_avg: 0.7335010097144682

--- 20295.6369304657 seconds ---

Train Epoch: 46 accuracy: 0.73 
 precision: [0.99157181 0.         0.86378564 0.52478984 0.87078423 0.72508926
 0.22206566 0.01017419 0.01967308] 
 recall: [0.72815616 1.         0.5858643  0.91834284 0.89611114 0.74263679
 0.97706138 0.94964029 0.99270073] 
 f1: [0.83968992 0.         0.69818396 0.66790393 0.88326617 0.73375813
 0.36188289 0.02013269 0.03858156] 
 f1_avg: 0.8043366080104641


Validation Epoch: 46 accuracy: 0.66 
 precision: [0.95013307 0.         0.73898964 0.26728723 0.75213675 0.45367717
 0.12519562 0.         0.        ] 
 recall: [0.71671598 1.         0.41445696 0.68835616 0.79499653 0.45152091
 0.34334764 1.         1.        ] 
 f1: [0.81708125 0.         0.53106819 0.38505747 0.77297297 0.45259647
 0.18348624 0.         0.        ] 
 f1_avg: 0.7228181655025573

--- 20746.912569761276 seconds ---

Train Epoch: 47 accuracy: 0.73 
 precision: [0.9919071  0.         0.8643342  0.54306723 0.86376669 0.73097652
 0.21963085 0.01087312 0.01896528] 
 recall: [0.72851469 1.         0.58522788 0.93125188 0.89583237 0.75746293
 0.9516429  0.95683453 0.99270073] 
 f1: [0.84004852 0.         0.69791074 0.68605551 0.87950736 0.74398407
 0.35689375 0.0215019  0.03721949] 
 f1_avg: 0.8052204484196394


Validation Epoch: 47 accuracy: 0.67 
 precision: [0.9367022  0.         0.75473126 0.29742033 0.7410828  0.51193317
 0.12066365 0.         0.        ] 
 recall: [0.75211327 1.         0.36215038 0.67123288 0.8085476  0.40779468
 0.34334764 1.         1.        ] 
 f1: [0.83431987 0.         0.48944526 0.41219769 0.77334663 0.45396825
 0.17857143 0.         0.        ] 
 f1_avg: 0.726288456839577

--- 21197.587928771973 seconds ---

Train Epoch: 48 accuracy: 0.73 
 precision: [0.99117119 0.         0.86990401 0.5225271  0.86223257 0.74894116
 0.22583883 0.00980017 0.01955428] 
 recall: [0.71813645 1.         0.59601174 0.9261483  0.91190819 0.76417791
 0.97644141 0.92086331 0.99270073] 
 f1: [0.83284733 0.         0.70737081 0.66811045 0.88637493 0.75648282
 0.36683359 0.01939394 0.03835307] 
 f1_avg: 0.8040630054178447


Validation Epoch: 48 accuracy: 0.67 
 precision: [0.94568133 0.         0.73625609 0.27382753 0.7511977  0.44512195
 0.12374582 0.         0.        ] 
 recall: [0.74503381 1.         0.38430803 0.61986301 0.81723419 0.41634981
 0.31759657 1.         1.        ] 
 f1: [0.83345154 0.         0.50501193 0.3798531  0.78282576 0.4302554
 0.17809868 0.         0.        ] 
 f1_avg: 0.7279329723583772

--- 21648.40364432335 seconds ---

Train Epoch: 49 accuracy: 0.76 
 precision: [0.99229206 0.         0.87478587 0.57790158 0.87870139 0.76627316
 0.22494497 0.01248747 0.01940492] 
 recall: [0.76033814 1.         0.57776756 0.93425398 0.91548576 0.77248853
 0.95040298 0.98561151 0.98540146] 
 f1: [0.86096599 0.         0.69590955 0.71408903 0.8967165  0.7693683
 0.36378738 0.02466247 0.03806033] 
 f1_avg: 0.822360904512719


Validation Epoch: 49 accuracy: 0.66 
 precision: [0.94770162 0.         0.71517672 0.29984051 0.7398524  0.44078947
 0.10335196 0.         0.        ] 
 recall: [0.72759932 1.         0.37486378 0.64383562 0.83599722 0.44581749
 0.31759657 1.         1.        ] 
 f1: [0.82319187 0.         0.49189704 0.40914037 0.78499184 0.44328922
 0.15595364 0.         0.        ] 
 f1_avg: 0.7213431745124486

--- 22098.14769411087 seconds ---

Train Epoch: 50 accuracy: 0.73 
 precision: [0.99263749 0.         0.86212137 0.51740139 0.88088385 0.76228594
 0.22254461 0.01055128 0.01810437] 
 recall: [0.71233407 1.         0.60177492 0.93725608 0.92426706 0.77242205
 0.95102294 0.92805755 0.99270073] 
 f1: [0.82944433 0.         0.7087975  0.66673785 0.90205414 0.76732052
 0.36068657 0.02086535 0.0355602 ] 
 f1_avg: 0.8050028781128284


Validation Epoch: 50 accuracy: 0.68 
 precision: [0.94198175 0.         0.72818121 0.29565217 0.73650386 0.49035533
 0.10761589 0.         0.        ] 
 recall: [0.76341927 1.         0.39702143 0.58219178 0.79638638 0.45912548
 0.27896996 1.         1.        ] 
 f1: [0.8433524  0.         0.5138693  0.39215686 0.76527546 0.4742268
 0.15531661 0.         0.        ] 
 f1_avg: 0.734657943000553

New best val score, save model ...
--- 22548.564023017883 seconds ---

Train Epoch: 51 accuracy: 0.74 
 precision: [0.991652   0.         0.85517241 0.58211474 0.8826788  0.75117754
 0.21992182 0.01133022 0.02097027] 
 recall: [0.74417639 1.         0.55680091 0.93215251 0.91060726 0.79522638
 0.9417235  0.94244604 0.97810219] 
 f1: [0.850273   0.         0.67446143 0.71667628 0.89642555 0.7725746
 0.35657277 0.02239125 0.04106021] 
 f1_avg: 0.8126996682199954


Validation Epoch: 51 accuracy: 0.66 
 precision: [0.94087404 0.         0.73323924 0.29333333 0.73886768 0.49141631
 0.0964467  0.         0.        ] 
 recall: [0.73478445 1.         0.37740647 0.60273973 0.80715775 0.43536122
 0.32618026 1.         1.        ] 
 f1: [0.82515574 0.         0.49832134 0.39461883 0.77150448 0.46169355
 0.14887365 0.         0.        ] 
 f1_avg: 0.7219985819986536

--- 22998.62019443512 seconds ---

Train Epoch: 52 accuracy: 0.75 
 precision: [0.99316738 0.         0.86346902 0.57436274 0.88357377 0.7722312
 0.23053006 0.0106562  0.02045113] 
 recall: [0.74193092 1.         0.58049005 0.94025818 0.92770525 0.76211688
 0.96528208 0.95683453 0.99270073] 
 f1: [0.84936005 0.         0.69425122 0.71311475 0.90510188 0.76714071
 0.37217641 0.02107765 0.04007662] 
 f1_avg: 0.8159994164531231


Validation Epoch: 52 accuracy: 0.62 
 precision: [0.90765577 0.         0.71755212 0.24826389 0.78162162 0.4485684
 0.13213213 0.         0.        ] 
 recall: [0.6864962  1.         0.38757719 0.48972603 0.75364837 0.40209125
 0.3776824  1.         1.        ] 
 f1: [0.78173505 0.         0.50330189 0.32949309 0.76738015 0.42406015
 0.19577308 0.         0.        ] 
 f1_avg: 0.6946010720027783

--- 23448.9338657856 seconds ---

Train Epoch: 53 accuracy: 0.72 
 precision: [0.98962564 0.         0.86663789 0.5588182  0.86881265 0.76043593
 0.21951914 0.01000693 0.01960215] 
 recall: [0.70109726 1.         0.56797369 0.92554788 0.91418483 0.76544113
 0.9566026  0.9352518  0.98540146] 
 f1: [0.82074221 0.         0.68621713 0.69688065 0.89092144 0.76293032
 0.35709327 0.01980198 0.03843964] 
 f1_avg: 0.7949393031432118


Validation Epoch: 53 accuracy: 0.64 
 precision: [0.95604238 0.         0.73856613 0.26598837 0.73886433 0.444334
 0.10655738 0.         0.        ] 
 recall: [0.70551564 1.         0.43407192 0.62671233 0.75503822 0.42490494
 0.33476395 1.         1.        ] 
 f1: [0.81189202 0.         0.54678563 0.37346939 0.74686372 0.43440233
 0.16165803 0.         0.        ] 
 f1_avg: 0.7163046655648907

--- 23899.438274383545 seconds ---

Train Epoch: 54 accuracy: 0.74 
 precision: [0.99314614 0.         0.87175738 0.5394782  0.87008811 0.7607277
 0.21601104 0.0101752  0.02010645] 
 recall: [0.73414724 1.         0.56914047 0.94356049 0.91766947 0.76730271
 0.97024179 0.95683453 0.99270073] 
 f1: [0.8442289  0.         0.68867117 0.68646937 0.8932456  0.76400106
 0.3533529  0.02013626 0.03941458] 
 f1_avg: 0.8096184419670603


Validation Epoch: 54 accuracy: 0.67 
 precision: [0.94558579 0.         0.74716079 0.23237179 0.77248851 0.44580584
 0.11010558 0.         0.        ] 
 recall: [0.71978022 1.         0.45405013 0.49657534 0.81758165 0.44961977
 0.31330472 1.         1.        ] 
 f1: [0.81737461 0.         0.5648441  0.31659389 0.79439568 0.44770469
 0.16294643 0.         0.        ] 
 f1_avg: 0.7304652800856916

--- 24350.12342095375 seconds ---

Train Epoch: 55 accuracy: 0.75 
 precision: [0.99116909 0.         0.87708696 0.59569606 0.88428394 0.73982815
 0.22683182 0.01052548 0.02198868] 
 recall: [0.74126105 1.         0.60552275 0.93905734 0.92491753 0.77853866
 0.94234346 0.94964029 0.99270073] 
 f1: [0.84819009 0.         0.71643414 0.72896761 0.90414443 0.75868995
 0.3656483  0.02082019 0.04302436] 
 f1_avg: 0.8182618747534193


Validation Epoch: 55 accuracy: 0.65 
 precision: [0.94910011 0.         0.70655849 0.28486647 0.7588157  0.49592668
 0.12191358 0.         0.        ] 
 recall: [0.71322908 1.         0.37958591 0.65753425 0.79256428 0.46292776
 0.33905579 1.         1.        ] 
 f1: [0.8144305  0.         0.49385633 0.39751553 0.77532291 0.47885939
 0.17934166 0.         0.        ] 
 f1_avg: 0.7173918730171773

--- 24800.01615667343 seconds ---

Train Epoch: 56 accuracy: 0.75 
 precision: [0.99373989 0.         0.88391594 0.56587746 0.86356906 0.72618971
 0.23463268 0.01127914 0.02195319] 
 recall: [0.75333755 1.         0.59632995 0.93995797 0.92138642 0.75380626
 0.97024179 0.97122302 0.99270073] 
 f1: [0.85699873 0.         0.71218647 0.70645307 0.89154135 0.73974033
 0.37788241 0.02229931 0.04295641] 
 f1_avg: 0.8194101091721286


Validation Epoch: 56 accuracy: 0.69 
 precision: [0.94146851 0.         0.79433962 0.3074266  0.79208274 0.5308255
 0.11094891 0.         0.        ] 
 recall: [0.76141167 1.         0.45877225 0.60958904 0.77171647 0.48288973
 0.32618026 1.         1.        ] 
 f1: [0.84192079 0.         0.5816256  0.4087256  0.78176698 0.50572424
 0.16557734 0.         0.        ] 
 f1_avg: 0.7503016000512364

New best val score, save model ...
--- 25251.27596259117 seconds ---

Train Epoch: 57 accuracy: 0.76 
 precision: [0.99273277 0.         0.88150948 0.60576923 0.88956452 0.777186
 0.23604634 0.0105917  0.01876639] 
 recall: [0.76169675 1.         0.56079624 0.94566196 0.92440645 0.7664384
 0.97272164 0.95683453 0.99270073] 
 f1: [0.86200251 0.         0.68549572 0.73848318 0.90665087 0.77177479
 0.37990315 0.02095148 0.0368364 ] 
 f1_avg: 0.823337336325211


Validation Epoch: 57 accuracy: 0.67 
 precision: [0.93687622 0.         0.7709571  0.28038898 0.79710697 0.45668449
 0.10194903 0.         0.        ] 
 recall: [0.76373626 1.         0.42426444 0.59246575 0.7275886  0.40589354
 0.29184549 1.         1.        ] 
 f1: [0.84149252 0.         0.54732896 0.38063806 0.76076294 0.42979366
 0.15111111 0.         0.        ] 
 f1_avg: 0.7352840521003651

--- 25702.117326021194 seconds ---

Train Epoch: 58 accuracy: 0.77 
 precision: [0.99415979 0.         0.8930299  0.61305271 0.91115646 0.78231112
 0.23488301 0.0115917  0.01958763] 
 recall: [0.77250899 1.         0.57440866 0.95316722 0.93346652 0.78272721
 0.95846249 0.96402878 0.97080292] 
 f1: [0.86942995 0.         0.69912856 0.74618096 0.92217658 0.78251911
 0.37730323 0.02290794 0.03840046] 
 f1_avg: 0.8329393897383762


Validation Epoch: 58 accuracy: 0.67 
 precision: [0.93209388 0.         0.75180288 0.30345912 0.81081081 0.47357294
 0.11081081 0.         0.        ] 
 recall: [0.74693576 1.         0.45441337 0.6609589  0.7505212  0.42585551
 0.35193133 1.         1.        ] 
 f1: [0.82930549 0.         0.56644782 0.41594828 0.77950198 0.44844845
 0.16855087 0.         0.        ] 
 f1_avg: 0.7367971285154375

--- 26152.37191939354 seconds ---

Train Epoch: 59 accuracy: 0.76 
 precision: [0.99294825 0.         0.89635439 0.64056143 0.92241022 0.78627787
 0.2400607  0.01168427 0.02075129] 
 recall: [0.76388561 1.         0.5980978  0.94536175 0.92961018 0.76191743
 0.98078115 0.97122302 1.        ] 
 f1: [0.8634839  0.         0.71746368 0.76367164 0.9259962  0.773906
 0.38571254 0.02309074 0.04065885] 
 f1_avg: 0.8324461750289562


Validation Epoch: 59 accuracy: 0.65 
 precision: [0.93041723 0.         0.68112245 0.26701571 0.78756674 0.45283019
 0.08928571 0.         0.        ] 
 recall: [0.73045224 1.         0.38794043 0.69863014 0.71751216 0.45627376
 0.25751073 1.         1.        ] 
 f1: [0.81839706 0.         0.49433002 0.38636364 0.75090909 0.45454545
 0.13259669 0.         0.        ] 
 f1_avg: 0.7131245045582019

--- 26602.5950217247 seconds ---

Train Epoch: 60 accuracy: 0.76 
 precision: [0.99472909 0.         0.89034361 0.58908207 0.91916099 0.77364471
 0.25226412 0.01155563 0.01910112] 
 recall: [0.7585078  1.         0.58908178 0.94596217 0.93453515 0.79509341
 0.94978301 0.94964029 0.99270073] 
 f1: [0.86070488 0.         0.70903907 0.72603687 0.92678432 0.78422243
 0.39864689 0.02283342 0.03748105] 
 f1_avg: 0.8298012375456264


Validation Epoch: 60 accuracy: 0.69 
 precision: [0.93835972 0.         0.746614   0.30228471 0.79586207 0.51370679
 0.09411765 0.         0.        ] 
 recall: [0.76405325 1.         0.48056665 0.5890411  0.8019458  0.40969582
 0.27467811 1.         1.        ] 
 f1: [0.84228305 0.         0.58475138 0.39953542 0.79889235 0.45584347
 0.14019715 0.         0.        ] 
 f1_avg: 0.7503165276457735

New best val score, save model ...
--- 27053.49179172516 seconds ---

Train Epoch: 61 accuracy: 0.78 
 precision: [0.99399506 0.         0.89828964 0.64436763 0.91989392 0.76705589
 0.22897059 0.01154774 0.020697  ] 
 recall: [0.79023691 1.         0.59236997 0.95136596 0.93476746 0.77740842
 0.96528208 0.96402878 0.99270073] 
 f1: [0.88048146 0.         0.71393872 0.76833556 0.92727105 0.77219746
 0.37014145 0.02282211 0.0405486 ] 
 f1_avg: 0.8420679965462365


Validation Epoch: 61 accuracy: 0.68 
 precision: [0.93983402 0.         0.72697368 0.27767695 0.80546875 0.51655629
 0.10677966 0.         0.        ] 
 recall: [0.76584954 1.         0.48165637 0.5239726  0.71646977 0.51901141
 0.27038627 1.         1.        ] 
 f1: [0.84396833 0.         0.57941883 0.36298932 0.75836705 0.51778094
 0.15309842 0.         0.        ] 
 f1_avg: 0.7468454310163367

--- 27503.788210630417 seconds ---

Train Epoch: 62 accuracy: 0.77 
 precision: [0.99466798 0.         0.89450297 0.57478868 0.91525967 0.78214629
 0.23482726 0.01142461 0.02176697] 
 recall: [0.76032871 1.         0.63345473 0.93905734 0.92937787 0.75786184
 0.93552387 0.94964029 0.99270073] 
 f1: [0.86185305 0.         0.74167909 0.713097   0.92226474 0.76981259
 0.37541983 0.02257761 0.04259984] 
 f1_avg: 0.8334985280525793


Validation Epoch: 62 accuracy: 0.67 
 precision: [0.93634385 0.         0.71181414 0.27044025 0.82972867 0.48269231
 0.11472868 0.         0.        ] 
 recall: [0.727388   1.         0.52306575 0.44178082 0.73314802 0.47718631
 0.31759657 1.         1.        ] 
 f1: [0.81874405 0.         0.60301508 0.33550065 0.77845416 0.47992352
 0.16856492 0.         0.        ] 
 f1_avg: 0.7372364834408943

--- 27953.91116952896 seconds ---

Train Epoch: 63 accuracy: 0.76 
 precision: [0.99281501 0.         0.90101408 0.6430484  0.91638233 0.8038198
 0.23331854 0.01170428 0.0215736 ] 
 recall: [0.74310083 1.         0.63143938 0.93725608 0.93588254 0.77228908
 0.97768134 1.         0.99270073] 
 f1: [0.84999703 0.         0.74251621 0.7627657  0.92602979 0.78773905
 0.37673196 0.02313774 0.04222947] 
 f1_avg: 0.8294390855428232


Validation Epoch: 63 accuracy: 0.67 
 precision: [0.9410724  0.         0.73479189 0.27675277 0.82983683 0.46227316
 0.1035461  0.         0.        ] 
 recall: [0.73066357 1.         0.50018162 0.51369863 0.74218207 0.46007605
 0.31330472 1.         1.        ] 
 f1: [0.8226267  0.         0.59520207 0.35971223 0.78356566 0.46117199
 0.15565032 0.         0.        ] 
 f1_avg: 0.7380930759380894

--- 28403.959309577942 seconds ---

Train Epoch: 64 accuracy: 0.74 
 precision: [0.99380041 0.         0.88410433 0.63705788 0.91057575 0.77757425
 0.25412488 0.01191336 0.02067498] 
 recall: [0.71839118 1.         0.63518721 0.95166617 0.93249082 0.79024001
 0.97396156 0.94964029 0.99270073] 
 f1: [0.83394575 0.         0.73925478 0.76321175 0.92140299 0.78385597
 0.4030789  0.02353151 0.04050633] 
 f1_avg: 0.818603337044272


Validation Epoch: 64 accuracy: 0.62 
 precision: [0.9283287  0.         0.68878601 0.29280822 0.82333333 0.47095436
 0.08175474 0.         0.        ] 
 recall: [0.63503804 1.         0.4863785  0.58561644 0.7724114  0.43155894
 0.35193133 1.         1.        ] 
 f1: [0.75417242 0.         0.57015116 0.39041096 0.79705988 0.45039683
 0.13268608 0.         0.        ] 
 f1_avg: 0.6969641048770424

Early stopping!

Test Epoch: accuracy: 0.65 
 precision: [0.92996462 0.         0.74355495 0.17666126 0.77841179 0.45576708
 0.06660413 0.         0.        ] 
 recall: [0.71073979 1.         0.56378601 0.39781022 0.65141265 0.43320915
 0.62831858 1.         1.        ] 
 f1: [0.8057062  0.         0.64131071 0.24466891 0.7092721  0.44420191
 0.12044105 0.         0.        ] 
 f1_avg: 0.7280996909638009

--- 28864.532012701035 seconds ---

Test Epoch: accuracy: 0.69 
 precision: [0.93835972 0.         0.746614   0.30228471 0.79586207 0.51370679
 0.09411765 0.         0.        ] 
 recall: [0.76405325 1.         0.48056665 0.5890411  0.8019458  0.40969582
 0.27467811 1.         1.        ] 
 f1: [0.84228305 0.         0.58475138 0.39953542 0.79889235 0.45584347
 0.14019715 0.         0.        ] 
 f1_avg: 0.7503165276457735

--- 28872.324864387512 seconds ---
