{'name': 'chimp_wav2vec2_lstm_ar_bi_0', 'data_path': '/data/zifjia/data_chimp/wav2vec2_split_0', 'test_only': False, 'balance_weights': True, 'model_type': 'lstm', 'model_autoregressive': True, 'n_embedding': 768, 'd_hid': 1024, 'nlayers': 2, 'batch_size': 1, 'n_epoch': 200, 'lr': 0.0001, 'dropout': 0.4, 'patience': 10, 'step_factor': 0.7, 'seed': 0}
cuda
Reading data ...
train, dev, test number of files: 188, 23, 24.
dev files:  ['ASO0485 Sonso MS single ph feeding_01', 'ASO2186 ZL single ph start_01', 'ASO0120 Sonso KZ single ph fg feeding_01', 'ASO4619 ZL unk group ph, PS single ph intro_01', 'ASO3700 HW single ph drum Travel_01', 'ASO0087 Sonso HW single ph feeding_01', 'ASO2860 PS single ph, PS ZL group ph fg, ZL single ph feeding, FK single ph, group fg, HW MS group ph drum, 7_15 FK single ph, 10_30 PS single ph start_01', 'ASO0907 Sonso PS single ph drum traveling_01', 'ASO3888 unk group ph resting, unk group pg, HW display drum, OK pg to HW, DL pg to HW, 1_35 unk single ph start, 3_30 KT single ph intro feeding_01', 'ASO3150 KT single ph_01', 'ASO3089 ZL single ph drum traveling_01', 'ASO0480 Sonso KZ KT group ph, KZ KT group ph, KT single ph feeding_01', 'ASO2860 MS comes back after long time, SM FK group scream, unk_m bark, FK SM fg, 3_30 PS single ph, PS ZL group ph fg, ZL single ph feeding, FK single ph, group fg, HW MS group ph drum, 7_15 FK single ph, 10_30 PS single ph start_01', 'ASO2038 HW single ph drum, IN DL JS group ph _01', 'ASO3192 FK single ph drum_01', 'ASO1579 HW single ph drum_01', 'ASO3106 ZD group ph drum, unk group ph other party, ZD single ph drum traveling-resting_02', 'ASO0651 Sonso FK single ph_01', 'ASO4567 KC display drum (not visible), FK SM group ph drum, 1_50 ZL single ph drum travel_01', 'ASO0782 Sonso ZL single ph drum_01', 'ASO4445 KT MS group ph drum traveling, 2_20 KT whimper, MS single ph drum, KT bark_01', 'ASO2554 PS single ph start nest_01', 'ASO1095 Sonso SQ single ph feeding_01']
test files:  ['ASO0778 Sonso ZL single ph start, ZL single ph drum_01', 'ASO0083 Sonso HW single ph slap_01', 'ASO3079 HW single ph drum traveling_01', 'ASO3654 HW single ph_01', 'ASO3041 MS single ph drum traveling_01', 'ASO2546 FK single fg ph feeding, HW single ph drum, FK fg, FK single ph, FK fg_01', 'ASO3457 KT single ph_01', 'ASO0020 Sonso SQ single ph, PS single ph other party 2_01', 'ASO0809 Sonso PS single ph_01', 'ASO3174 PS single ph feeding_01', 'ASO0089 Sonso HW single ph drum_01', 'ASO3799 KT single ph_01', 'ASO1472 MS single ph, SM KA group ph-pg_01', 'ASO1514 MS single ph intro, KC group ph_01', 'ASO3512 PS single ph_01', 'ASO2125 KL OK KC JS group ph, FK single ph, OK KL KC KO group ph, PS single ph, PS single ph feeding_01', 'ASO2860 PS single ph, PS ZL group ph fg, ZL single ph feeding, FK single ph, group fg, HW MS group ph drum, 7_15 FK single ph, 10_30 PS single ph start_02', 'ASO3995 PS MB group ph feeding, 1_40 PS single ph feeding, MB fg, 2_50 ML MB group ph-bark_01', 'ASO3737 HW single ph drum resting-traveling, 1_15 JN single ph feeding, HW single ph_01', 'ASO2125 KL OK KC JS group ph, FK single ph, OK KL KC KO group ph, PS single ph, PS single ph feeding_02', 'ASO1474 MS single ph intro_01', 'ASO3829 PS IN IS group ph resting, 1_30 HW single ph_01', 'ASO3128 KT single ph, ZL display drum, FK single ph drum display to KT, KT pg, ZL single ph drum 50m, FK single ph drum, KT single ph, ZL single ph drum 50m_01', 'ASO1624_02 HW single ph_01']
data_all: (98325, 769)
train_data_all: (78788, 769)
Labels in train_data_all:  {0: 924, 1: 38362, 2: 17480, 3: 15285, 4: 6737}
--- 1.4796335697174072 seconds ---
LSTM(
  (lstm_forward): LSTM(773, 1024, num_layers=2, dropout=0.4)
  (hidden2tag_forward): Linear(in_features=1024, out_features=5, bias=True)
  (lstm_backward): LSTM(773, 1024, num_layers=2, dropout=0.4)
  (hidden2tag_backward): Linear(in_features=1024, out_features=5, bias=True)
)
Number of parameters: 31541258

Train Epoch: 1 accuracy: 0.56 
 precision: [0.11111111 0.77462023 0.4256326  0.67489512 0.23084486] 
 recall: [0.0021645  0.54499244 0.48884439 0.72620216 0.52278462] 
 f1: [0.00424628 0.6398274  0.45505379 0.69960923 0.32026916] 
 f1_avg: 0.5756524182142168


Validation Epoch: 1 accuracy: 0.76 
 precision: [0.61538462 0.80237581 0.60902527 0.90799492 0.43636364] 
 recall: [0.26666667 0.89249249 0.82132425 0.60201935 0.04669261] 
 f1: [0.37209302 0.84503838 0.69941957 0.72400708 0.08435852] 
 f1_avg: 0.7455428722264948

New best val score, save model ...
--- 226.05605101585388 seconds ---

Train Epoch: 2 accuracy: 0.70 
 precision: [0.24105012 0.87527764 0.53827763 0.76035184 0.38651244] 
 recall: [0.10930736 0.73961212 0.61824943 0.83133791 0.5257533 ] 
 f1: [0.15040953 0.80174631 0.57549858 0.79426196 0.44550657] 
 f1_avg: 0.7119987452038912


Validation Epoch: 2 accuracy: 0.61 
 precision: [0.04347826 0.57383666 0.89073306 0.97339593 1.        ] 
 recall: [0.26666667 0.96776777 0.31353457 0.26167438 0.        ] 
 f1: [0.07476636 0.72047097 0.46380987 0.41246684 0.        ] 
 f1_avg: 0.5550746899777306

--- 446.9516758918762 seconds ---

Train Epoch: 3 accuracy: 0.74 
 precision: [0.15282181 0.86008696 0.64682499 0.77072515 0.48034997] 
 recall: [0.26082251 0.77349982 0.71676201 0.82538436 0.49710554] 
 f1: [0.19272291 0.81449864 0.68       0.79711885 0.48858414] 
 f1_avg: 0.7461266410350642


Validation Epoch: 3 accuracy: 0.81 
 precision: [0.08490566 0.80223758 0.77902844 0.87787056 0.93406593] 
 recall: [0.3        0.97617618 0.64021422 0.70761464 0.3307393 ] 
 f1: [0.13235294 0.8807008  0.70283271 0.78360121 0.48850575] 
 f1_avg: 0.7984354585870134

New best val score, save model ...
--- 668.3523395061493 seconds ---

Train Epoch: 4 accuracy: 0.77 
 precision: [0.2945571  0.9007882  0.66720041 0.73841355 0.6079489 ] 
 recall: [0.2987013  0.78648141 0.73895881 0.86725548 0.63574291] 
 f1: [0.29661472 0.83976286 0.70124864 0.79766525 0.62153534] 
 f1_avg: 0.7758348736224575


Validation Epoch: 4 accuracy: 0.78 
 precision: [0.1375     0.77146115 0.82240763 0.8153998  1.        ] 
 recall: [0.36666667 0.94814815 0.67185979 0.69499369 0.09143969] 
 f1: [0.2        0.8507275  0.73954984 0.75039746 0.16755793] 
 f1_avg: 0.766724049123873

--- 889.2697637081146 seconds ---

Train Epoch: 5 accuracy: 0.79 
 precision: [0.3828125  0.88518446 0.71639586 0.78132487 0.57977299] 
 recall: [0.37121212 0.82498306 0.72139588 0.8534511  0.67478106] 
 f1: [0.37692308 0.85402415 0.71888718 0.81579688 0.62367952] 
 f1_avg: 0.7913347656898778


Validation Epoch: 5 accuracy: 0.83 
 precision: [0.16393443 0.81815115 0.82217715 0.87286965 0.90030211] 
 recall: [0.33333333 0.97097097 0.59201558 0.79722339 0.57976654] 
 f1: [0.21978022 0.88803442 0.68836683 0.83333333 0.70532544] 
 f1_avg: 0.8224274245322963

New best val score, save model ...
--- 1111.5807855129242 seconds ---

Train Epoch: 6 accuracy: 0.83 
 precision: [0.41768579 0.90453048 0.7608999  0.80488679 0.69676806] 
 recall: [0.48051948 0.85874042 0.74879863 0.8814524  0.76161496] 
 f1: [0.44690488 0.88104089 0.75480076 0.84143143 0.7277498 ] 
 f1_avg: 0.8271497932676418


Validation Epoch: 6 accuracy: 0.83 
 precision: [0.16393443 0.83884588 0.83257329 0.83426604 0.86376022] 
 recall: [0.33333333 0.95455455 0.62220058 0.81531342 0.61673152] 
 f1: [0.21978022 0.89296751 0.71217609 0.82468085 0.71963678] 
 f1_avg: 0.8284789852561223

New best val score, save model ...
--- 1333.1153104305267 seconds ---

Train Epoch: 7 accuracy: 0.86 
 precision: [0.42261905 0.92035279 0.81208171 0.83797406 0.75369993] 
 recall: [0.46103896 0.88678901 0.79828375 0.89192018 0.82395725] 
 f1: [0.44099379 0.90325921 0.80512362 0.86410598 0.78726422] 
 f1_avg: 0.8585511477713899


Validation Epoch: 7 accuracy: 0.88 
 precision: [0.11363636 0.91405365 0.82014028 0.89400279 0.80206186] 
 recall: [0.16666667 0.96876877 0.7969815  0.80900294 0.75680934] 
 f1: [0.13513514 0.94061619 0.80839506 0.84938163 0.77877878] 
 f1_avg: 0.8808573526679979

New best val score, save model ...
--- 1553.5843586921692 seconds ---

Train Epoch: 8 accuracy: 0.87 
 precision: [0.50721421 0.92967516 0.81659567 0.85116929 0.73126548] 
 recall: [0.49458874 0.90493196 0.80057208 0.87628394 0.83286329] 
 f1: [0.50082192 0.91713671 0.80850449 0.86354405 0.77876475] 
 f1_avg: 0.8659240642682638


Validation Epoch: 8 accuracy: 0.83 
 precision: [0.18367347 0.81304277 0.83988764 0.897817   0.82157676] 
 recall: [0.3        0.99339339 0.58227848 0.81320993 0.38521401] 
 f1: [0.2278481  0.89421517 0.68775158 0.85342163 0.52450331] 
 f1_avg: 0.8208886569478849

--- 1775.0688045024872 seconds ---

Train Epoch: 9 accuracy: 0.88 
 precision: [0.48591549 0.93869896 0.81966651 0.87152116 0.76900254] 
 recall: [0.5974026  0.91329962 0.82116705 0.89735034 0.80792638] 
 f1: [0.53592233 0.92582512 0.8204161  0.88424717 0.78798408] 
 f1_avg: 0.8780136003373207


Validation Epoch: 9 accuracy: 0.85 
 precision: [0.18518519 0.84228591 0.85544431 0.89212963 0.82779456] 
 recall: [0.33333333 0.98258258 0.66553067 0.81068574 0.53307393] 
 f1: [0.23809524 0.90704121 0.74863089 0.84946    0.64852071] 
 f1_avg: 0.845336771271572

--- 1994.3260734081268 seconds ---

Train Epoch: 10 accuracy: 0.89 
 precision: [0.57155716 0.94601584 0.84116165 0.87382697 0.82923077] 
 recall: [0.68722944 0.92502998 0.84010297 0.88943409 0.88006531] 
 f1: [0.62407862 0.93540522 0.84063198 0.88156146 0.85389213] 
 f1_avg: 0.8933117816996731


Validation Epoch: 10 accuracy: 0.85 
 precision: [0.25       0.83619956 0.9253012  0.85672269 0.91743119] 
 recall: [0.3        0.98318318 0.56085686 0.85780395 0.77821012] 
 f1: [0.27272727 0.90375414 0.69839345 0.85726298 0.84210526] 
 f1_avg: 0.8452848658789367

--- 2216.95720744133 seconds ---

Train Epoch: 11 accuracy: 0.91 
 precision: [0.62287105 0.952908   0.84986892 0.88756313 0.89847789] 
 recall: [0.83116883 0.93363224 0.83455378 0.91979064 0.92875167] 
 f1: [0.71210014 0.94317164 0.84214172 0.90338956 0.91336399] 
 f1_avg: 0.9077805126750392


Validation Epoch: 11 accuracy: 0.88 
 precision: [0.25       0.90164234 0.86573263 0.84453608 0.94620253] 
 recall: [0.3        0.98918919 0.72200584 0.86159024 0.58171206] 
 f1: [0.27272727 0.94338902 0.78736395 0.85297793 0.72048193] 
 f1_avg: 0.8761797166084715

--- 2439.3503749370575 seconds ---

Train Epoch: 12 accuracy: 0.92 
 precision: [0.6653605  0.96552921 0.87069211 0.91238961 0.89998546] 
 recall: [0.91883117 0.94262551 0.87442792 0.93274452 0.91895502] 
 f1: [0.77181818 0.95393991 0.87255602 0.92245479 0.90937133] 
 f1_avg: 0.9238289828470609


Validation Epoch: 12 accuracy: 0.89 
 precision: [0.30434783 0.89929104 0.86581839 0.89054945 0.89819005] 
 recall: [0.23333333 0.99039039 0.72882181 0.85233488 0.77237354] 
 f1: [0.26415094 0.94264482 0.79143537 0.87102322 0.83054393] 
 f1_avg: 0.886596329247933

New best val score, save model ...
--- 2663.1398870944977 seconds ---

Train Epoch: 13 accuracy: 0.94 
 precision: [0.76170213 0.97429048 0.89899106 0.92266615 0.93180818] 
 recall: [0.96861472 0.96019498 0.89713959 0.9382401  0.94314977] 
 f1: [0.85278704 0.96719138 0.89806437 0.93038796 0.93744467] 
 f1_avg: 0.9408295770132841


Validation Epoch: 13 accuracy: 0.89 
 precision: [0.3        0.91146696 0.86361157 0.88820423 0.89552239] 
 recall: [0.3        0.99139139 0.77069133 0.84896929 0.70038911] 
 f1: [0.3        0.94975067 0.8145099  0.86814369 0.7860262 ] 
 f1_avg: 0.8920364050431507

New best val score, save model ...
--- 2888.401883840561 seconds ---

Train Epoch: 14 accuracy: 0.95 
 precision: [0.71028037 0.98096605 0.90429231 0.92724109 0.94170207] 
 recall: [0.98701299 0.96191544 0.90755149 0.94131501 0.95428232] 
 f1: [0.82608696 0.97134735 0.90591897 0.93422505 0.94795046] 
 f1_avg: 0.9459253555150374


Validation Epoch: 14 accuracy: 0.88 
 precision: [0.35       0.88092711 0.86876485 0.90913393 0.83233533] 
 recall: [0.23333333 0.9967968  0.71226874 0.80816155 0.81128405] 
 f1: [0.28       0.93528694 0.78277154 0.85567929 0.82167488] 
 f1_avg: 0.8770573248209049

--- 3112.07723903656 seconds ---

Train Epoch: 15 accuracy: 0.93 
 precision: [0.75975716 0.96974025 0.89522714 0.9134171  0.89954789] 
 recall: [0.94805195 0.95568531 0.89061785 0.91795878 0.94507941] 
 f1: [0.84352431 0.96266149 0.89291655 0.91568231 0.92175172] 
 f1_avg: 0.9331784409776023


Validation Epoch: 15 accuracy: 0.89 
 precision: [0.25641026 0.96499897 0.77202505 0.86818758 0.90384615] 
 recall: [0.33333333 0.93833834 0.90019474 0.86453513 0.54863813] 
 f1: [0.28985507 0.95148193 0.83119802 0.8663575  0.68280872] 
 f1_avg: 0.8905641033777633

--- 3334.5701117515564 seconds ---

Train Epoch: 16 accuracy: 0.91 
 precision: [0.48771267 0.96306105 0.83196272 0.9065172  0.88986286] 
 recall: [0.55844156 0.91952974 0.86813501 0.93640824 0.93424373] 
 f1: [0.52068618 0.94079211 0.84966405 0.92122031 0.9115134 ] 
 f1_avg: 0.909346939534052


Validation Epoch: 16 accuracy: 0.84 
 precision: [0.40909091 0.83223406 0.82459971 0.8816777  0.88131313] 
 recall: [0.3        0.98518519 0.55160662 0.84013462 0.67898833] 
 f1: [0.34615385 0.90227356 0.66102684 0.860405   0.76703297] 
 f1_avg: 0.8339446139234334

--- 3557.2063388824463 seconds ---

Train Epoch: 17 accuracy: 0.92 
 precision: [0.57959962 0.96025382 0.86593194 0.92222294 0.93046886] 
 recall: [0.65800866 0.94278192 0.87202517 0.94020281 0.95146208] 
 f1: [0.61632032 0.95143767 0.86896788 0.93112609 0.94084838] 
 f1_avg: 0.9243647247976399


Validation Epoch: 17 accuracy: 0.90 
 precision: [0.36363636 0.92125237 0.88053333 0.86184495 0.87246964] 
 recall: [0.26666667 0.97197197 0.80379747 0.83718973 0.8385214 ] 
 f1: [0.30769231 0.94593278 0.84041741 0.84933845 0.85515873] 
 f1_avg: 0.8945648409909374

New best val score, save model ...
--- 3782.3762423992157 seconds ---

Train Epoch: 18 accuracy: 0.94 
 precision: [0.64384921 0.97012307 0.90055217 0.92684339 0.94409667] 
 recall: [0.70238095 0.95138418 0.91435927 0.94242722 0.96259463] 
 f1: [0.67184265 0.96066225 0.9074032  0.93457034 0.95325592] 
 f1_avg: 0.9397637808396667


Validation Epoch: 18 accuracy: 0.88 
 precision: [0.2962963  0.89745984 0.8998829  0.83107831 0.86425339] 
 recall: [0.26666667 0.96196196 0.74829601 0.85275557 0.74319066] 
 f1: [0.28070175 0.92859213 0.81711855 0.84177741 0.79916318] 
 f1_avg: 0.8763064241857778

--- 4006.087462425232 seconds ---

Train Epoch: 19 accuracy: 0.95 
 precision: [0.71888599 0.97976871 0.90548798 0.94532112 0.95638078] 
 recall: [0.89393939 0.96069027 0.92408467 0.95237161 0.9633368 ] 
 f1: [0.79691269 0.9701357  0.91469181 0.94883327 0.95984619] 
 f1_avg: 0.9507908069590257


Validation Epoch: 19 accuracy: 0.86 
 precision: [0.34782609 0.85788624 0.91562729 0.82639715 0.84016393] 
 recall: [0.26666667 0.95715716 0.60759494 0.87715608 0.79766537] 
 f1: [0.30188679 0.90480696 0.73046532 0.85102041 0.81836327] 
 f1_avg: 0.8497951245769965

--- 4229.417948484421 seconds ---

Train Epoch: 20 accuracy: 0.96 
 precision: [0.80697051 0.97608069 0.92837783 0.94803078 0.9467898 ] 
 recall: [0.97727273 0.97119545 0.92099542 0.95119398 0.95873534] 
 f1: [0.88399413 0.97363194 0.92467189 0.94960974 0.95272513] 
 f1_avg: 0.9552703212364423


Validation Epoch: 20 accuracy: 0.90 
 precision: [0.42105263 0.96166462 0.81295581 0.88119696 0.83499006] 
 recall: [0.26666667 0.93913914 0.92259007 0.83003786 0.81712062] 
 f1: [0.32653061 0.95026841 0.86431015 0.85485269 0.8259587 ] 
 f1_avg: 0.9015253032064277

New best val score, save model ...
--- 4452.977451086044 seconds ---

Train Epoch: 21 accuracy: 0.95 
 precision: [0.8        0.98408185 0.91354983 0.95216401 0.92459683] 
 recall: [0.90909091 0.96530421 0.93340961 0.95714753 0.94463411] 
 f1: [0.85106383 0.97460259 0.92337295 0.95464927 0.93450808] 
 f1_avg: 0.9544885211725785


Validation Epoch: 21 accuracy: 0.91 
 precision: [0.42105263 0.95912586 0.86496695 0.84490839 0.84926471] 
 recall: [0.26666667 0.94894895 0.89191821 0.83424485 0.89883268] 
 f1: [0.32653061 0.95401026 0.87823586 0.83954276 0.87334594] 
 f1_avg: 0.9050618450643383

New best val score, save model ...
--- 4676.178442955017 seconds ---

Train Epoch: 22 accuracy: 0.96 
 precision: [0.78609626 0.98681103 0.92591353 0.96080869 0.96087983] 
 recall: [0.95454545 0.96934466 0.94948513 0.96074583 0.96615704] 
 f1: [0.86217009 0.97799987 0.93755119 0.96077726 0.96351121] 
 f1_avg: 0.9630873534969254


Validation Epoch: 22 accuracy: 0.89 
 precision: [0.42105263 0.93113316 0.7960199  0.92736573 0.79373849] 
 recall: [0.26666667 0.97717718 0.85686465 0.76272613 0.8385214 ] 
 f1: [0.32653061 0.95359969 0.82532239 0.83702678 0.81551561] 
 f1_avg: 0.890373743523874

--- 4899.895789384842 seconds ---

Train Epoch: 23 accuracy: 0.97 
 precision: [0.80163785 0.98852511 0.94706116 0.96564537 0.97481371] 
 recall: [0.9534632  0.9790939  0.95589245 0.96912005 0.97090693] 
 f1: [0.87098369 0.9837869  0.95145631 0.96737959 0.9728564 ] 
 f1_avg: 0.9711733876106106


Validation Epoch: 23 accuracy: 0.88 
 precision: [0.42105263 0.89734121 0.85217871 0.91020794 0.78712871] 
 recall: [0.26666667 0.97297297 0.75219085 0.81026504 0.92801556] 
 f1: [0.32653061 0.93362789 0.79906905 0.85733363 0.85178571] 
 f1_avg: 0.8816705077888946

--- 5121.817189455032 seconds ---

Train Epoch: 24 accuracy: 0.97 
 precision: [0.79600694 0.98879596 0.95228855 0.96820018 0.97435517] 
 recall: [0.99242424 0.98003232 0.95457666 0.97206412 0.97565682] 
 f1: [0.88342967 0.98439464 0.95343123 0.9701283  0.97500556] 
 f1_avg: 0.9727704423469303


Validation Epoch: 24 accuracy: 0.89 
 precision: [0.44444444 0.89668826 0.8564542  0.96555324 0.77977162] 
 recall: [0.26666667 0.9973974  0.77848101 0.77829196 0.92996109] 
 f1: [0.33333333 0.94436546 0.81560826 0.86186816 0.84826974] 
 f1_avg: 0.8913777450625595

--- 5342.899288654327 seconds ---

Train Epoch: 25 accuracy: 0.97 
 precision: [0.89577188 0.98645043 0.95303238 0.97402854 0.96979965] 
 recall: [0.98593074 0.98305615 0.95652174 0.96918548 0.97714116] 
 f1: [0.9386914  0.98475037 0.95477387 0.97160097 0.97345656] 
 f1_avg: 0.9740428657275594


Validation Epoch: 25 accuracy: 0.90 
 precision: [0.38095238 0.95103093 0.82058166 0.88145232 0.90885417] 
 recall: [0.26666667 0.96036036 0.89289192 0.84770719 0.67898833] 
 f1: [0.31372549 0.95567288 0.855211   0.86425048 0.77728285] 
 f1_avg: 0.9020509494043601

--- 5564.755959510803 seconds ---

Train Epoch: 26 accuracy: 0.90 
 precision: [0.67141726 0.97066984 0.82899725 0.91713222 0.77850822] 
 recall: [0.91774892 0.89374902 0.91327231 0.90219169 0.9140567 ] 
 f1: [0.77549154 0.93062266 0.86909655 0.90960061 0.84085478] 
 f1_avg: 0.9033988968530057


Validation Epoch: 26 accuracy: 0.88 
 precision: [0.47058824 0.9091922  0.86853448 0.81655844 0.97580645] 
 recall: [0.26666667 0.98018018 0.78481013 0.8464451  0.47081712] 
 f1: [0.34042553 0.9433526  0.82455243 0.83123322 0.6351706 ] 
 f1_avg: 0.874444207086232

--- 5787.18612074852 seconds ---

Train Epoch: 27 accuracy: 0.94 
 precision: [0.7394958  0.96881848 0.91751419 0.93941788 0.8611276 ] 
 recall: [0.95238095 0.95651947 0.93415332 0.93333333 0.86151106] 
 f1: [0.83254494 0.96262969 0.92575899 0.93636572 0.86131928] 
 f1_avg: 0.9391658270011765


Validation Epoch: 27 accuracy: 0.89 
 precision: [0.22857143 0.9397734  0.84471744 0.85150144 0.84474886] 
 recall: [0.26666667 0.94654655 0.8369036  0.8708456  0.71984436] 
 f1: [0.24615385 0.94314782 0.84079237 0.86106489 0.77731092] 
 f1_avg: 0.891843986485598

--- 6010.495660543442 seconds ---

Train Epoch: 28 accuracy: 0.97 
 precision: [0.82955576 0.99113358 0.94230231 0.96415206 0.9575125 ] 
 recall: [0.99025974 0.97617434 0.96327231 0.96074583 0.96675078] 
 f1: [0.90281204 0.98359708 0.95267193 0.96244593 0.96210946] 
 f1_avg: 0.969847850829177


Validation Epoch: 28 accuracy: 0.91 
 precision: [0.29411765 0.91754483 0.88036481 0.91103203 0.95180723] 
 recall: [0.33333333 0.99359359 0.79892892 0.86159024 0.76848249] 
 f1: [0.3125     0.95405613 0.83767228 0.88562162 0.85037675] 
 f1_avg: 0.906487511642049

New best val score, save model ...
--- 6235.678901910782 seconds ---

Train Epoch: 29 accuracy: 0.98 
 precision: [0.84297521 0.99387213 0.96212421 0.96993021 0.9766537 ] 
 recall: [0.99350649 0.98508941 0.9721968  0.9728492  0.96868042] 
 f1: [0.91207154 0.98946128 0.96713428 0.97138751 0.97265072] 
 f1_avg: 0.9786564068264065


Validation Epoch: 29 accuracy: 0.90 
 precision: [0.33333333 0.91421112 0.84307692 0.94817374 0.75328947] 
 recall: [0.26666667 0.98138138 0.80038948 0.80816155 0.89105058] 
 f1: [0.2962963  0.94660616 0.82117882 0.87258687 0.81639929] 
 f1_avg: 0.8944489655832677

--- 6458.660978555679 seconds ---

Train Epoch: 30 accuracy: 0.98 
 precision: [0.89244186 0.99488766 0.96592264 0.97184951 0.97118495] 
 recall: [0.99675325 0.98920807 0.9729405  0.96669938 0.98055514] 
 f1: [0.94171779 0.99203974 0.96941887 0.9692676  0.97584755] 
 f1_avg: 0.9806284939899144


Validation Epoch: 30 accuracy: 0.89 
 precision: [0.38095238 0.89159452 0.84851752 0.94238477 0.81407942] 
 recall: [0.26666667 0.98958959 0.76630964 0.79133361 0.87743191] 
 f1: [0.31372549 0.93803966 0.80532105 0.86027898 0.84456929] 
 f1_avg: 0.8854604897807787

--- 6683.442321538925 seconds ---

Train Epoch: 31 accuracy: 0.99 
 precision: [0.89157793 0.99599183 0.9741502  0.97851294 0.98031088] 
 recall: [0.99675325 0.99105886 0.97877574 0.97723258 0.98293009] 
 f1: [0.94123659 0.99351922 0.9764575  0.97787234 0.98161874] 
 f1_avg: 0.9850676257891483


Validation Epoch: 31 accuracy: 0.88 
 precision: [0.34782609 0.86419539 0.86703097 0.9434629  0.82234432] 
 recall: [0.26666667 0.9987988  0.69522882 0.78628523 0.87354086] 
 f1: [0.30188679 0.92663447 0.77168333 0.85773291 0.84716981] 
 f1_avg: 0.8723078986552645

--- 6907.635523557663 seconds ---

Train Epoch: 32 accuracy: 0.99 
 precision: [0.91650099 0.99614992 0.97413744 0.98136605 0.98064135] 
 recall: [0.9978355  0.99144987 0.98043478 0.97854105 0.98500816] 
 f1: [0.95544041 0.99379434 0.97727597 0.97995152 0.98281991] 
 f1_avg: 0.986055819074194


Validation Epoch: 32 accuracy: 0.88 
 precision: [0.36363636 0.88189964 0.83940043 0.94069944 0.83681214] 
 recall: [0.26666667 0.98518519 0.76338851 0.78081615 0.85797665] 
 f1: [0.30769231 0.93068558 0.79959204 0.85333333 0.84726225] 
 f1_avg: 0.8790605241937453

--- 7131.4349410533905 seconds ---

Train Epoch: 33 accuracy: 0.99 
 precision: [0.923      0.99634083 0.98003081 0.98353559 0.98312611] 
 recall: [0.99891775 0.99369167 0.9826659  0.98096173 0.98589877] 
 f1: [0.95945946 0.99501449 0.98134659 0.98224697 0.98451049] 
 f1_avg: 0.9881900381317779


Validation Epoch: 33 accuracy: 0.90 
 precision: [0.38095238 0.90317257 0.84826884 0.95104895 0.83773585] 
 recall: [0.26666667 0.98598599 0.81110029 0.80100968 0.86381323] 
 f1: [0.31372549 0.94276417 0.82926829 0.86960493 0.85057471] 
 f1_avg: 0.8952940994152186

--- 7354.419794797897 seconds ---

Train Epoch: 34 accuracy: 0.99 
 precision: [0.93997965 0.99636677 0.980535   0.98738253 0.98505917] 
 recall: [1.         0.99366561 0.98558352 0.98298986 0.98842215] 
 f1: [0.96906135 0.99501436 0.98305278 0.9851813  0.98673779] 
 f1_avg: 0.9894408379577085


Validation Epoch: 34 accuracy: 0.90 
 precision: [0.42105263 0.92181303 0.84752285 0.94682499 0.7265625 ] 
 recall: [0.26666667 0.97717718 0.85783836 0.77156079 0.90466926] 
 f1: [0.32653061 0.94868805 0.85264941 0.85025498 0.80589255] 
 f1_avg: 0.896200547613617

--- 7577.327745676041 seconds ---

Train Epoch: 35 accuracy: 0.98 
 precision: [0.92763819 0.98934933 0.94743905 0.97975312 0.98550296] 
 recall: [0.99891775 0.97583546 0.96933638 0.98141969 0.98886745] 
 f1: [0.96195935 0.98254593 0.95826264 0.9805857  0.98718234] 
 f1_avg: 0.9769331397274289


Validation Epoch: 35 accuracy: 0.81 
 precision: [0.25925926 0.82227241 0.68732655 0.95672437 0.83365201] 
 recall: [0.23333333 0.94754755 0.72346641 0.60454354 0.84824903] 
 f1: [0.24561404 0.88047623 0.70493359 0.74091261 0.84088717] 
 f1_avg: 0.8070858648996949

--- 7802.452637910843 seconds ---

Train Epoch: 36 accuracy: 0.93 
 precision: [0.76241722 0.973918   0.86176611 0.94375839 0.91687835] 
 recall: [0.99675325 0.93444033 0.92620137 0.91998692 0.96437583] 
 f1: [0.86397749 0.95377084 0.89282268 0.93172105 0.94002749] 
 f1_avg: 0.9337428784722279


Validation Epoch: 36 accuracy: 0.87 
 precision: [0.34615385 0.87344734 0.85225421 0.88227017 0.86057692] 
 recall: [0.3        0.97137137 0.76387537 0.79133361 0.69649805] 
 f1: [0.32142857 0.91981043 0.80564827 0.83433134 0.76989247] 
 f1_avg: 0.8663819255920947

--- 8027.389510393143 seconds ---

Train Epoch: 37 accuracy: 0.96 
 precision: [0.82342342 0.98635166 0.92293527 0.96480399 0.93503313] 
 recall: [0.98917749 0.96642511 0.94616705 0.96126922 0.96348523] 
 f1: [0.89872173 0.97628672 0.93440678 0.96303336 0.94904598] 
 f1_avg: 0.9611850562511589


Validation Epoch: 37 accuracy: 0.90 
 precision: [0.4        0.91565153 0.87564499 0.92675635 0.77342419] 
 recall: [0.26666667 0.99319319 0.82619279 0.78249895 0.88326848] 
 f1: [0.32       0.9528474  0.8502004  0.84854015 0.82470481] 
 f1_avg: 0.8983212235673501

--- 8250.340566396713 seconds ---

Train Epoch: 38 accuracy: 0.97 
 precision: [0.81244364 0.99116464 0.95171094 0.97329102 0.97572528] 
 recall: [0.97510823 0.98256087 0.9673913  0.9631665  0.97847707] 
 f1: [0.88637482 0.986844   0.95948706 0.9682023  0.97709924] 
 f1_avg: 0.9751465116285447


Validation Epoch: 38 accuracy: 0.91 
 precision: [0.27586207 0.93333333 0.88366081 0.90532544 0.83119266] 
 recall: [0.26666667 0.98378378 0.83203505 0.83676904 0.88132296] 
 f1: [0.27118644 0.95789474 0.85707121 0.86969829 0.85552408] 
 f1_avg: 0.9087518856428765

New best val score, save model ...
--- 8475.160342693329 seconds ---

Train Epoch: 39 accuracy: 0.98 
 precision: [0.87038789 0.99360509 0.95752722 0.9734374  0.98016578] 
 recall: [0.995671   0.98420312 0.97116705 0.97101734 0.98293009] 
 f1: [0.92882383 0.98888176 0.9642989  0.97222586 0.98154599] 
 f1_avg: 0.9788648987935296


Validation Epoch: 39 accuracy: 0.91 
 precision: [0.28571429 0.91628335 0.87697161 0.9292543  0.86354776] 
 recall: [0.26666667 0.996997   0.812074   0.81783761 0.8618677 ] 
 f1: [0.27586207 0.95493768 0.84327604 0.86999329 0.86270691] 
 f1_avg: 0.9048830439471262

--- 8698.798550128937 seconds ---

Train Epoch: 40 accuracy: 0.99 
 precision: [0.93794507 0.9958921  0.97596318 0.98303197 0.98616895] 
 recall: [0.9978355  0.99217976 0.98255149 0.98168139 0.98426599] 
 f1: [0.96696382 0.99403246 0.97924625 0.98235621 0.98521655] 
 f1_avg: 0.9874154821477741


Validation Epoch: 40 accuracy: 0.89 
 precision: [0.44444444 0.88902788 0.87034949 0.94571284 0.77250409] 
 recall: [0.26666667 0.995996   0.75170399 0.78418174 0.91828794] 
 f1: [0.33333333 0.93947691 0.80668757 0.8574057  0.83911111] 
 f1_avg: 0.8855546555019453

--- 8922.025171279907 seconds ---

Train Epoch: 41 accuracy: 0.99 
 precision: [0.9305136  0.99634436 0.98174662 0.9870531  0.9875574 ] 
 recall: [1.         0.99465617 0.98461098 0.98259732 0.98960962] 
 f1: [0.96400626 0.99549955 0.98317672 0.98482017 0.98858244] 
 f1_avg: 0.9897329635465996


Validation Epoch: 41 accuracy: 0.89 
 precision: [0.38095238 0.89091559 0.86932447 0.95383054 0.80862069] 
 recall: [0.26666667 0.9973974  0.76436222 0.79091292 0.91245136] 
 f1: [0.31372549 0.94115425 0.8134715  0.86476541 0.85740402] 
 f1_avg: 0.8904313675069988

--- 9143.990663766861 seconds ---

Train Epoch: 42 accuracy: 0.99 
 precision: [0.9322548  0.99697041 0.98356821 0.98857893 0.98962656] 
 recall: [0.9978355  0.99507325 0.98621281 0.98534511 0.99124239] 
 f1: [0.963931   0.99602093 0.98488874 0.98695937 0.99043382] 
 f1_avg: 0.9909390861467489


Validation Epoch: 42 accuracy: 0.91 
 precision: [0.42105263 0.91583426 0.86597938 0.94137597 0.85027726] 
 recall: [0.26666667 0.99119119 0.81791626 0.81741691 0.89494163] 
 f1: [0.32653061 0.95202384 0.84126189 0.87502815 0.87203791] 
 f1_avg: 0.9048421604286591

--- 9366.495162963867 seconds ---

Train Epoch: 43 accuracy: 0.99 
 precision: [0.95449845 0.99744105 0.98681055 0.98782085 0.99124369] 
 recall: [0.99891775 0.995751   0.98872998 0.9869807  0.99139083] 
 f1: [0.97620307 0.99659531 0.98776933 0.9874006  0.99131725] 
 f1_avg: 0.9921629099391885


Validation Epoch: 43 accuracy: 0.90 
 precision: [0.47058824 0.89418084 0.86830835 0.96628631 0.81293706] 
 recall: [0.26666667 0.9997998  0.78967868 0.78376104 0.90466926] 
 f1: [0.34042553 0.94404537 0.82712902 0.86550523 0.85635359] 
 f1_avg: 0.8948960932684058

--- 9589.428886651993 seconds ---

Train Epoch: 44 accuracy: 0.99 
 precision: [0.94268168 0.99662242 0.98453165 0.98329636 0.97732924] 
 recall: [0.99675325 0.9922319  0.98312357 0.98593392 0.99183613] 
 f1: [0.9689637  0.99442231 0.98382711 0.98461337 0.98452925] 
 f1_avg: 0.9890241908594902


Validation Epoch: 44 accuracy: 0.81 
 precision: [0.53333333 0.90446214 0.56865244 0.994257   0.54545455] 
 recall: [0.26666667 0.97797798 0.86903603 0.58266723 0.0233463 ] 
 f1: [0.35555556 0.93978453 0.68746389 0.73474801 0.04477612] 
 f1_avg: 0.7910182739043141

--- 9814.388637542725 seconds ---

Train Epoch: 45 accuracy: 0.90 
 precision: [0.53073593 0.96881491 0.84218379 0.91179692 0.7080921 ] 
 recall: [0.66341991 0.92401335 0.87191076 0.92587504 0.78061452] 
 f1: [0.58970659 0.94588392 0.8567895  0.91878206 0.74258684] 
 f1_avg: 0.8992988732492109


Validation Epoch: 45 accuracy: 0.87 
 precision: [0.57142857 0.89918668 0.87330807 0.79372549 0.89705882] 
 recall: [0.26666667 0.95175175 0.78529698 0.85149348 0.47470817] 
 f1: [0.36363636 0.92472282 0.82696744 0.82159529 0.62086514] 
 f1_avg: 0.8626426659387532

--- 10036.76781630516 seconds ---

Train Epoch: 46 accuracy: 0.97 
 precision: [0.88078818 0.98932026 0.94366749 0.95470588 0.93762751] 
 recall: [0.96753247 0.97315051 0.96504577 0.95564279 0.95502449] 
 f1: [0.92212481 0.98116877 0.9542369  0.9551741  0.94624605] 
 f1_avg: 0.9664720089388315


Validation Epoch: 46 accuracy: 0.89 
 precision: [0.5        0.90379606 0.89520624 0.90077028 0.79965458] 
 recall: [0.26666667 0.97237237 0.781889   0.83634834 0.90077821] 
 f1: [0.34782609 0.93683094 0.83471933 0.86736475 0.84720952] 
 f1_avg: 0.8928395714694198

--- 10261.167377233505 seconds ---

Train Epoch: 47 accuracy: 0.98 
 precision: [0.89823875 0.99273366 0.96776582 0.97403696 0.98347723] 
 recall: [0.99350649 0.98649705 0.97213959 0.97932614 0.98070358] 
 f1: [0.94347379 0.98960553 0.96994777 0.97667439 0.98208844] 
 f1_avg: 0.9815517866558847


Validation Epoch: 47 accuracy: 0.91 
 precision: [0.53333333 0.90819672 0.86961094 0.95162883 0.86405959] 
 recall: [0.26666667 0.9981982  0.80525803 0.81110644 0.90272374] 
 f1: [0.35555556 0.95107296 0.83619818 0.87576652 0.8829686 ] 
 f1_avg: 0.9041494539865341

--- 10486.086336374283 seconds ---

Train Epoch: 48 accuracy: 0.99 
 precision: [0.92477432 0.99596943 0.97896117 0.98275074 0.98575456] 
 recall: [0.9978355  0.99197122 0.98226545 0.98403664 0.9860472 ] 
 f1: [0.95991671 0.99396631 0.98061053 0.98339327 0.98590086] 
 f1_avg: 0.9878630070768072


Validation Epoch: 48 accuracy: 0.90 
 precision: [0.53333333 0.89848733 0.86736842 0.93866536 0.84528302] 
 recall: [0.26666667 0.98698699 0.8023369  0.80479596 0.87159533] 
 f1: [0.35555556 0.94066018 0.83358624 0.86659117 0.85823755] 
 f1_avg: 0.8949319664490749

--- 10710.131063461304 seconds ---

Train Epoch: 49 accuracy: 0.99 
 precision: [0.93865031 0.99673493 0.98409441 0.98917252 0.98769641] 
 recall: [0.99350649 0.99470831 0.9875286  0.98619562 0.98901588] 
 f1: [0.96529968 0.99572059 0.98580851 0.98768182 0.98835571] 
 f1_avg: 0.9909754268787434


Validation Epoch: 49 accuracy: 0.92 
 precision: [0.36363636 0.92404828 0.87609756 0.94965449 0.862423  ] 
 recall: [0.26666667 0.9961962  0.87439143 0.80942364 0.81712062] 
 f1: [0.30769231 0.95876686 0.87524366 0.87394958 0.83916084] 
 f1_avg: 0.9132124916326102

New best val score, save model ...
--- 10935.260934591293 seconds ---

Train Epoch: 50 accuracy: 0.99 
 precision: [0.94262295 0.99720386 0.98496326 0.99088465 0.99094821] 
 recall: [0.995671   0.99473437 0.98930206 0.98855087 0.99124239] 
 f1: [0.96842105 0.99596758 0.98712789 0.98971638 0.99109528] 
 f1_avg: 0.9920539788872816


Validation Epoch: 50 accuracy: 0.91 
 precision: [0.5        0.92505678 0.88335847 0.90352505 0.83809524] 
 recall: [0.26666667 0.97857858 0.85540409 0.8195204  0.85603113] 
 f1: [0.34782609 0.95106528 0.86915657 0.85947496 0.84696824] 
 f1_avg: 0.9051722262967736

--- 11158.688907384872 seconds ---

Train Epoch: 51 accuracy: 0.99 
 precision: [0.93896236 0.99796254 0.98674437 0.98919804 0.99199407] 
 recall: [0.99891775 0.99590741 0.98798627 0.98855087 0.99317204] 
 f1: [0.96801259 0.99693392 0.98736493 0.98887435 0.9925827 ] 
 f1_avg: 0.992536116478434


Validation Epoch: 51 accuracy: 0.91 
 precision: [0.53333333 0.91286839 0.87093547 0.96865204 0.79447323] 
 recall: [0.26666667 0.9983984  0.84761441 0.77997476 0.89494163] 
 f1: [0.35555556 0.95371964 0.8591167  0.86413423 0.84172004] 
 f1_avg: 0.9052972070444351

--- 11382.917713165283 seconds ---

Train Epoch: 52 accuracy: 0.99 
 precision: [0.96548117 0.9984041  0.98395328 0.99302998 0.99083518] 
 recall: [0.99891775 0.99478651 0.99273455 0.98802748 0.99495324] 
 f1: [0.98191489 0.99659202 0.98832441 0.99052241 0.99288994] 
 f1_avg: 0.9930915603517193


Validation Epoch: 52 accuracy: 0.92 
 precision: [0.38095238 0.94791868 0.85637823 0.9364468  0.90322581] 
 recall: [0.26666667 0.98018018 0.93476144 0.81825831 0.81712062] 
 f1: [0.31372549 0.96377953 0.89385475 0.87337225 0.85801839] 
 f1_avg: 0.9204107769712923

New best val score, save model ...
--- 11606.79159116745 seconds ---

Train Epoch: 53 accuracy: 0.96 
 precision: [0.94183673 0.97805048 0.90353557 0.97766895 0.98698417] 
 recall: [0.99891775 0.95362598 0.94736842 0.97958783 0.99050022] 
 f1: [0.96953782 0.96568382 0.92493298 0.97862745 0.98873907] 
 f1_avg: 0.9611704780755639


Validation Epoch: 53 accuracy: 0.84 
 precision: [0.32       0.8249916  0.96779964 0.85755814 0.73333333] 
 recall: [0.26666667 0.98338338 0.52677702 0.86874211 0.66342412] 
 f1: [0.29090909 0.89725089 0.68221942 0.8631139  0.69662921] 
 f1_avg: 0.8326442637490875

--- 11830.717624425888 seconds ---

Train Epoch: 54 accuracy: 0.95 
 precision: [0.82012467 0.97226474 0.9138978  0.94988536 0.93021277] 
 recall: [0.99675325 0.96040352 0.91264302 0.94864246 0.97343031] 
 f1: [0.89985344 0.96629773 0.91326998 0.9492635  0.95133096] 
 f1_avg: 0.9491692495174192


Validation Epoch: 54 accuracy: 0.88 
 precision: [0.33333333 0.94277982 0.79351162 0.83968804 0.92571429] 
 recall: [0.36666667 0.97637638 0.8812074  0.81531342 0.3151751 ] 
 f1: [0.34920635 0.95928403 0.83506344 0.82732124 0.47024673] 
 f1_avg: 0.8751825091305101

--- 12054.664587020874 seconds ---

Train Epoch: 55 accuracy: 0.97 
 precision: [0.89244186 0.98583644 0.93849251 0.9629435  0.93952609] 
 recall: [0.99675325 0.97070017 0.96018307 0.95884854 0.95932908] 
 f1: [0.94171779 0.97820976 0.94921389 0.96089166 0.94932432] 
 f1_avg: 0.965519060762636


Validation Epoch: 55 accuracy: 0.89 
 precision: [0.25714286 0.92770853 0.78020202 0.97470489 0.84763948] 
 recall: [0.3        0.96856857 0.94011685 0.72949095 0.76848249] 
 f1: [0.27692308 0.94769833 0.85272687 0.83445621 0.80612245] 
 f1_avg: 0.8918165711126943

--- 12279.043588876724 seconds ---

Train Epoch: 56 accuracy: 0.96 
 precision: [0.5802099  0.98368933 0.94034286 0.94557823 0.95349517] 
 recall: [0.83766234 0.96999635 0.94141876 0.94576382 0.96778982] 
 f1: [0.68556244 0.97679485 0.9408805  0.94567102 0.96058932] 
 f1_avg: 0.9579875977684268


Validation Epoch: 56 accuracy: 0.92 
 precision: [0.47368421 0.94949298 0.86741363 0.91670611 0.8221831 ] 
 recall: [0.3        0.97477477 0.90457644 0.81489272 0.90856031] 
 f1: [0.36734694 0.9619678  0.88560534 0.86280624 0.86321627] 
 f1_avg: 0.9157137912545249

--- 12504.15599656105 seconds ---

Train Epoch: 57 accuracy: 0.94 
 precision: [0.66449814 0.97061935 0.91520108 0.92622352 0.92125984] 
 recall: [0.77380952 0.95675408 0.93478261 0.91252862 0.95517293] 
 f1: [0.715      0.96363684 0.92488821 0.91932507 0.93790993] 
 f1_avg: 0.9413276806320535


Validation Epoch: 57 accuracy: 0.86 
 precision: [0.44444444 0.85801394 0.81743227 0.90114068 0.82195122] 
 recall: [0.26666667 0.98598599 0.67575463 0.79764409 0.65564202] 
 f1: [0.33333333 0.91755939 0.73987207 0.84623968 0.72943723] 
 f1_avg: 0.8524923579967654

--- 12729.563223361969 seconds ---

Train Epoch: 58 accuracy: 0.96 
 precision: [0.72056515 0.98289645 0.92398545 0.9529643  0.94443619] 
 recall: [0.99350649 0.96473072 0.94433638 0.95171737 0.94359507] 
 f1: [0.83530482 0.97372887 0.93405008 0.95234043 0.94401544] 
 f1_avg: 0.9566121662033374


Validation Epoch: 58 accuracy: 0.90 
 precision: [0.42105263 0.91059299 0.87787056 0.93956044 0.77303754] 
 recall: [0.26666667 0.99299299 0.81888997 0.79133361 0.88132296] 
 f1: [0.32653061 0.95000958 0.84735516 0.85910025 0.82363636] 
 f1_avg: 0.8987955514881772

--- 12955.423551559448 seconds ---

Train Epoch: 59 accuracy: 0.98 
 precision: [0.82780847 0.98990058 0.96824669 0.98319769 0.97808501] 
 recall: [0.97294372 0.98623638 0.96641876 0.9800458  0.98708624] 
 f1: [0.89452736 0.98806508 0.96733186 0.98161921 0.98256501] 
 f1_avg: 0.9806473959918247


Validation Epoch: 59 accuracy: 0.89 
 precision: [0.4        0.93073593 0.81955598 0.88843352 0.8036036 ] 
 recall: [0.26666667 0.94694695 0.84469328 0.8207825  0.86770428] 
 f1: [0.32       0.93877146 0.83193479 0.85326919 0.8344247 ] 
 f1_avg: 0.8891346691068593

--- 13180.105108499527 seconds ---

Train Epoch: 60 accuracy: 0.98 
 precision: [0.81875    0.99288519 0.95647516 0.9874639  0.98799288] 
 recall: [0.99242424 0.98219592 0.97053776 0.98429833 0.98931275] 
 f1: [0.89726027 0.98751163 0.96345515 0.98587858 0.98865238] 
 f1_avg: 0.9808967196456785


Validation Epoch: 60 accuracy: 0.85 
 precision: [0.2962963  0.83313649 0.94055944 0.89439374 0.75656743] 
 recall: [0.26666667 0.98858859 0.52385589 0.86579722 0.84046693] 
 f1: [0.28070175 0.90422999 0.67292058 0.87986319 0.79631336] 
 f1_avg: 0.8433268412539303

--- 13406.22193813324 seconds ---

Train Epoch: 61 accuracy: 0.97 
 precision: [0.84095064 0.97573118 0.95238654 0.98003796 0.98042102] 
 recall: [0.995671   0.98097075 0.9291762  0.97965325 0.98857058] 
 f1: [0.91179386 0.97834395 0.94063821 0.97984557 0.98447894] 
 f1_avg: 0.9700139381775466


Validation Epoch: 61 accuracy: 0.90 
 precision: [0.42857143 0.94779442 0.80823738 0.89940558 0.8113879 ] 
 recall: [0.3        0.93773774 0.88851022 0.82751367 0.88715953] 
 f1: [0.35294118 0.94273926 0.84647495 0.86196319 0.84758364] 
 f1_avg: 0.896968392775993

--- 13632.705967187881 seconds ---

Train Epoch: 62 accuracy: 0.98 
 precision: [0.85634847 0.99233193 0.96304483 0.98060487 0.96856553] 
 recall: [1.         0.98503728 0.97202517 0.97579326 0.97417248] 
 f1: [0.92261608 0.98867115 0.96751416 0.97819315 0.97136091] 
 f1_avg: 0.9796896505430344


Validation Epoch: 62 accuracy: 0.91 
 precision: [0.47058824 0.94570582 0.84018913 0.88562925 0.90498812] 
 recall: [0.26666667 0.95895896 0.86514119 0.87631468 0.74124514] 
 f1: [0.34042553 0.95228628 0.85248261 0.88094735 0.81497326] 
 f1_avg: 0.905796401704235

--- 13858.204534769058 seconds ---

Train Epoch: 63 accuracy: 0.98 
 precision: [0.9322548  0.9952673  0.95928739 0.9799018  0.97410241] 
 recall: [0.9978355  0.98125749 0.9826659  0.97926071 0.98263322] 
 f1: [0.963931   0.98821275 0.97083592 0.97958115 0.97834922] 
 f1_avg: 0.9815547829176816


Validation Epoch: 63 accuracy: 0.89 
 precision: [0.5        0.88681592 0.88358556 0.94931102 0.82465278] 
 recall: [0.26666667 0.9991992  0.73904576 0.81152714 0.92412451] 
 f1: [0.34782609 0.93965923 0.80487805 0.87502835 0.87155963] 
 f1_avg: 0.8911911926237069

--- 14083.223284244537 seconds ---

Train Epoch: 64 accuracy: 0.99 
 precision: [0.93692777 0.99421046 0.98186914 0.98967173 0.98583026] 
 recall: [0.99675325 0.99376988 0.98209382 0.98423291 0.99139083] 
 f1: [0.96591505 0.99399012 0.98198147 0.98694483 0.98860272] 
 f1_avg: 0.9891691461909833


Validation Epoch: 64 accuracy: 0.91 
 precision: [0.5        0.91266935 0.88671255 0.92068646 0.88814318] 
 recall: [0.26666667 0.997998   0.81548199 0.83508624 0.77237354] 
 f1: [0.34782609 0.95342833 0.8496069  0.87579969 0.82622268] 
 f1_avg: 0.9051510695605629

--- 14307.58901810646 seconds ---

Train Epoch: 65 accuracy: 0.99 
 precision: [0.91304348 0.9967651  0.98712594 0.99126092 0.98844102] 
 recall: [1.         0.99598561 0.98695652 0.9869807  0.99005492] 
 f1: [0.95454545 0.99637521 0.98704122 0.98911618 0.98924731] 
 f1_avg: 0.9917960370067456


Validation Epoch: 65 accuracy: 0.90 
 precision: [0.53333333 0.9205186  0.86776012 0.89575972 0.89952153] 
 recall: [0.26666667 0.98078078 0.82424537 0.85317627 0.73151751] 
 f1: [0.35555556 0.94969468 0.8454432  0.87394958 0.80686695] 
 f1_avg: 0.9010069885948073

Early stopping!

Test Epoch: accuracy: 0.91 
 precision: [0.45       0.95143613 0.79030558 0.94271686 0.88740458] 
 recall: [0.75       0.94964164 0.8356546  0.89210119 0.8925144 ] 
 f1: [0.5625     0.95053804 0.81234768 0.91671088 0.88995215] 
 f1_avg: 0.9139752087093038

--- 14541.288653373718 seconds ---

Test Epoch: accuracy: 0.92 
 precision: [0.38095238 0.94791868 0.85637823 0.9364468  0.90322581] 
 recall: [0.26666667 0.98018018 0.93476144 0.81825831 0.81712062] 
 f1: [0.31372549 0.96377953 0.89385475 0.87337225 0.85801839] 
 f1_avg: 0.9204107769712923

--- 14548.291063308716 seconds ---
