Requirement already satisfied: scikit-learn in /net/cephfs/data/zifjia/condaenvs/audio_clf/lib/python3.8/site-packages (1.1.2)
Requirement already satisfied: threadpoolctl>=2.0.0 in /net/cephfs/data/zifjia/condaenvs/audio_clf/lib/python3.8/site-packages (from scikit-learn) (3.1.0)
Requirement already satisfied: joblib>=1.0.0 in /net/cephfs/data/zifjia/condaenvs/audio_clf/lib/python3.8/site-packages (from scikit-learn) (1.1.0)
Requirement already satisfied: scipy>=1.3.2 in /net/cephfs/data/zifjia/condaenvs/audio_clf/lib/python3.8/site-packages (from scikit-learn) (1.9.1)
Requirement already satisfied: numpy>=1.17.3 in /net/cephfs/data/zifjia/condaenvs/audio_clf/lib/python3.8/site-packages (from scikit-learn) (1.22.3)
Requirement already satisfied: tensorboard in /net/cephfs/data/zifjia/condaenvs/audio_clf/lib/python3.8/site-packages (2.10.1)
Requirement already satisfied: werkzeug>=1.0.1 in /net/cephfs/data/zifjia/condaenvs/audio_clf/lib/python3.8/site-packages (from tensorboard) (2.1.2)
Requirement already satisfied: numpy>=1.12.0 in /net/cephfs/data/zifjia/condaenvs/audio_clf/lib/python3.8/site-packages (from tensorboard) (1.22.3)
Requirement already satisfied: setuptools>=41.0.0 in /net/cephfs/data/zifjia/condaenvs/audio_clf/lib/python3.8/site-packages (from tensorboard) (60.8.1)
Requirement already satisfied: requests<3,>=2.21.0 in /net/cephfs/data/zifjia/condaenvs/audio_clf/lib/python3.8/site-packages (from tensorboard) (2.28.1)
Requirement already satisfied: google-auth<3,>=1.6.3 in /net/cephfs/home/zifjia/.local/lib/python3.8/site-packages (from tensorboard) (2.9.1)
Requirement already satisfied: google-auth-oauthlib<0.5,>=0.4.1 in /net/cephfs/home/zifjia/.local/lib/python3.8/site-packages (from tensorboard) (0.4.6)
Requirement already satisfied: tensorboard-data-server<0.7.0,>=0.6.0 in /net/cephfs/home/zifjia/.local/lib/python3.8/site-packages (from tensorboard) (0.6.1)
Requirement already satisfied: wheel>=0.26 in /net/cephfs/data/zifjia/condaenvs/audio_clf/lib/python3.8/site-packages (from tensorboard) (0.37.1)
Requirement already satisfied: grpcio>=1.24.3 in /net/cephfs/home/zifjia/.local/lib/python3.8/site-packages (from tensorboard) (1.47.0)
Requirement already satisfied: tensorboard-plugin-wit>=1.6.0 in /net/cephfs/home/zifjia/.local/lib/python3.8/site-packages (from tensorboard) (1.8.1)
Requirement already satisfied: protobuf<3.20,>=3.9.2 in /net/cephfs/home/zifjia/.local/lib/python3.8/site-packages (from tensorboard) (3.19.4)
Requirement already satisfied: absl-py>=0.4 in /net/cephfs/home/zifjia/.local/lib/python3.8/site-packages (from tensorboard) (1.2.0)
Requirement already satisfied: markdown>=2.6.8 in /net/cephfs/home/zifjia/.local/lib/python3.8/site-packages (from tensorboard) (3.4.1)
Requirement already satisfied: pyasn1-modules>=0.2.1 in /net/cephfs/home/zifjia/.local/lib/python3.8/site-packages (from google-auth<3,>=1.6.3->tensorboard) (0.2.8)
Requirement already satisfied: six>=1.9.0 in /net/cephfs/data/zifjia/condaenvs/audio_clf/lib/python3.8/site-packages (from google-auth<3,>=1.6.3->tensorboard) (1.16.0)
Requirement already satisfied: rsa<5,>=3.1.4 in /net/cephfs/home/zifjia/.local/lib/python3.8/site-packages (from google-auth<3,>=1.6.3->tensorboard) (4.9)
Requirement already satisfied: cachetools<6.0,>=2.0.0 in /net/cephfs/home/zifjia/.local/lib/python3.8/site-packages (from google-auth<3,>=1.6.3->tensorboard) (5.2.0)
Requirement already satisfied: requests-oauthlib>=0.7.0 in /net/cephfs/home/zifjia/.local/lib/python3.8/site-packages (from google-auth-oauthlib<0.5,>=0.4.1->tensorboard) (1.3.1)
Requirement already satisfied: importlib-metadata>=4.4 in /net/cephfs/home/zifjia/.local/lib/python3.8/site-packages (from markdown>=2.6.8->tensorboard) (4.12.0)
Requirement already satisfied: certifi>=2017.4.17 in /net/cephfs/data/zifjia/condaenvs/audio_clf/lib/python3.8/site-packages (from requests<3,>=2.21.0->tensorboard) (2022.9.14)
Requirement already satisfied: urllib3<1.27,>=1.21.1 in /net/cephfs/data/zifjia/condaenvs/audio_clf/lib/python3.8/site-packages (from requests<3,>=2.21.0->tensorboard) (1.26.12)
Requirement already satisfied: idna<4,>=2.5 in /net/cephfs/data/zifjia/condaenvs/audio_clf/lib/python3.8/site-packages (from requests<3,>=2.21.0->tensorboard) (3.4)
Requirement already satisfied: charset-normalizer<3,>=2 in /net/cephfs/data/zifjia/condaenvs/audio_clf/lib/python3.8/site-packages (from requests<3,>=2.21.0->tensorboard) (2.1.1)
Requirement already satisfied: zipp>=0.5 in /net/cephfs/data/zifjia/condaenvs/audio_clf/lib/python3.8/site-packages (from importlib-metadata>=4.4->markdown>=2.6.8->tensorboard) (3.8.0)
Requirement already satisfied: pyasn1<0.5.0,>=0.4.6 in /net/cephfs/home/zifjia/.local/lib/python3.8/site-packages (from pyasn1-modules>=0.2.1->google-auth<3,>=1.6.3->tensorboard) (0.4.8)
Requirement already satisfied: oauthlib>=3.0.0 in /net/cephfs/home/zifjia/.local/lib/python3.8/site-packages (from requests-oauthlib>=0.7.0->google-auth-oauthlib<0.5,>=0.4.1->tensorboard) (3.2.0)
Requirement already satisfied: torch in /net/cephfs/data/zifjia/condaenvs/audio_clf/lib/python3.8/site-packages (1.12.1)
Requirement already satisfied: torchvision in /net/cephfs/data/zifjia/condaenvs/audio_clf/lib/python3.8/site-packages (0.13.1)
Requirement already satisfied: torchaudio in /net/cephfs/data/zifjia/condaenvs/audio_clf/lib/python3.8/site-packages (0.12.1)
Requirement already satisfied: typing-extensions in /net/cephfs/data/zifjia/condaenvs/audio_clf/lib/python3.8/site-packages (from torch) (4.0.1)
Requirement already satisfied: numpy in /net/cephfs/data/zifjia/condaenvs/audio_clf/lib/python3.8/site-packages (from torchvision) (1.22.3)
Requirement already satisfied: pillow!=8.3.*,>=5.3.0 in /net/cephfs/data/zifjia/condaenvs/audio_clf/lib/python3.8/site-packages (from torchvision) (9.0.1)
Requirement already satisfied: requests in /net/cephfs/data/zifjia/condaenvs/audio_clf/lib/python3.8/site-packages (from torchvision) (2.28.1)
Requirement already satisfied: certifi>=2017.4.17 in /net/cephfs/data/zifjia/condaenvs/audio_clf/lib/python3.8/site-packages (from requests->torchvision) (2022.9.14)
Requirement already satisfied: charset-normalizer<3,>=2 in /net/cephfs/data/zifjia/condaenvs/audio_clf/lib/python3.8/site-packages (from requests->torchvision) (2.1.1)
Requirement already satisfied: idna<4,>=2.5 in /net/cephfs/data/zifjia/condaenvs/audio_clf/lib/python3.8/site-packages (from requests->torchvision) (3.4)
Requirement already satisfied: urllib3<1.27,>=1.21.1 in /net/cephfs/data/zifjia/condaenvs/audio_clf/lib/python3.8/site-packages (from requests->torchvision) (1.26.12)
{'name': 'longcall_wav2vec2_lstm_ar_3407', 'data_path': '/home/cluster/zifjia/data/data_greatarc_longcall/wav2vec2_split_3407', 'test_only': False, 'balance_weights': True, 'model_type': 'lstm', 'model_autoregressive': True, 'n_embedding': 768, 'd_hid': 1024, 'nlayers': 2, 'batch_size': 1, 'n_epoch': 200, 'lr': 0.0005, 'dropout': 0.2, 'patience': 10, 'step_factor': 0.7, 'seed': 3407}
cuda
Reading data ...
train, dev, test number of files: 50, 6, 7.
dev files:  ['134dat LC Fugit', '132dat LC Fugit', '23datA LC Fugit', '32T5lcZeke', '2T6lcZeke', '130dat LC Kay']
test files:  ['93dat LC Sultan', '12T6lcZeke', '6T10lcFugit', '131dat LC Kay', '137dat LC Fugit', '1T7lcNico', '33datA LC Fugit']
train_data_all: (167528, 769)
Labels in train_data_all:  {0: 99971, 1: 0, 2: 27948, 3: 3303, 4: 20638, 5: 13824, 6: 1568, 7: 139, 8: 137}
--- 2.3429720401763916 seconds ---
LSTM(
  (lstm): LSTM(777, 1024, num_layers=2, dropout=0.2, bidirectional=True)
  (hidden2tag): Linear(in_features=2048, out_features=9, bias=True)
)
Number of parameters: 39970825

Train Epoch: 1 accuracy: 0.34 
 precision: [8.74687772e-01 0.00000000e+00 4.59181005e-01 9.25731608e-02
 4.98225400e-01 2.32581595e-01 1.12606272e-02 2.68369921e-04
 0.00000000e+00] 
 recall: [0.31175041 1.         0.31415486 0.48077505 0.46932842 0.41702836
 0.12755102 0.03597122 0.        ] 
 f1: [0.45966874 0.         0.37306932 0.15525248 0.48334539 0.29861956
 0.02069429 0.00053277 0.        ] 
 f1_avg: 0.4239816952285406


Validation Epoch: 1 accuracy: 0.49 
 precision: [0.92315831 0.         0.56022945 0.09596733 0.56195529 0.35054618
 0.01626016 0.         0.        ] 
 recall: [0.51973194 1.         0.20034188 0.74900398 0.50050624 0.70635318
 0.26086957 1.         1.        ] 
 f1: [0.66504692 0.         0.29513976 0.17013575 0.52945377 0.46855815
 0.03061224 0.         0.        ] 
 f1_avg: 0.5705550486619405

New best val score, save model ...
--- 437.9068465232849 seconds ---

Train Epoch: 2 accuracy: 0.47 
 precision: [0.91377602 0.         0.51525062 0.18010776 0.54331565 0.35311803
 0.01957672 0.00540793 0.00111682] 
 recall: [0.49802443 1.         0.25930299 0.63760218 0.60533966 0.4927662
 0.14158163 0.83453237 0.0729927 ] 
 f1: [0.64468428 0.         0.34498846 0.2808749  0.5726531  0.41141477
 0.03439727 0.01074621 0.00219998] 
 f1_avg: 0.5526284672016272


Validation Epoch: 2 accuracy: 0.49 
 precision: [0.95574987 0.         0.48370497 0.12507817 0.60972763 0.33951932
 0.01571709 0.         0.        ] 
 recall: [0.53715562 1.         0.19282051 0.79681275 0.52885589 0.55827914
 0.34782609 1.         1.        ] 
 f1: [0.68776814 0.         0.27572721 0.21621622 0.56641966 0.42224745
 0.03007519 0.         0.        ] 
 f1_avg: 0.5833501751000859

New best val score, save model ...
--- 870.1028192043304 seconds ---

Train Epoch: 3 accuracy: 0.47 
 precision: [0.92224031 0.         0.56563298 0.1881073  0.57567359 0.36374906
 0.03781743 0.00474834 0.00639432] 
 recall: [0.48177972 1.         0.27737226 0.68574024 0.61391608 0.48820891
 0.35140306 0.79136691 0.39416058] 
 f1: [0.63292071 0.         0.37221809 0.29522941 0.59418013 0.41688801
 0.06828603 0.00944003 0.01258448] 
 f1_avg: 0.55386244688668


Validation Epoch: 3 accuracy: 0.41 
 precision: [0.9428956  0.         0.56009812 0.15609349 0.60985915 0.36535258
 0.01553166 0.         0.        ] 
 recall: [0.36515264 1.         0.23418803 0.74501992 0.58454269 0.65832916
 0.37681159 1.         1.        ] 
 f1: [0.52643444 0.         0.33027965 0.25810904 0.59693262 0.46991609
 0.02983362 0.         0.        ] 
 f1_avg: 0.499653370545601

--- 1301.8825767040253 seconds ---

Train Epoch: 4 accuracy: 0.44 
 precision: [0.93411235 0.         0.57496442 0.19896706 0.58097481 0.37361222
 0.03539884 0.00747979 0.01131903] 
 recall: [0.43579638 1.         0.26016173 0.71147442 0.63358853 0.44061053
 0.32716837 0.89208633 0.90510949] 
 f1: [0.59432103 0.         0.35823028 0.31096996 0.60614208 0.4043549
 0.06388543 0.0148352  0.02235846] 
 f1_avg: 0.5292158974831865


Validation Epoch: 4 accuracy: 0.55 
 precision: [0.95295029 0.         0.60422671 0.13858696 0.73638344 0.37252436
 0.01251117 0.         0.        ] 
 recall: [0.64095309 1.         0.21504274 0.812749   0.4562943  0.5927964
 0.4057971  1.         1.        ] 
 f1: [0.76641588 0.         0.31719617 0.23679629 0.56345072 0.45752896
 0.02427395 0.         0.        ] 
 f1_avg: 0.6408457617417408

New best val score, save model ...
--- 1733.9758019447327 seconds ---

Train Epoch: 5 accuracy: 0.50 
 precision: [0.94299317 0.         0.55565111 0.20769162 0.61434303 0.37958386
 0.04308869 0.00657282 0.00909187] 
 recall: [0.53693571 1.         0.27740804 0.70632758 0.59356527 0.47771991
 0.4815051  0.81294964 0.62773723] 
 f1: [0.68425816 0.         0.37006277 0.32099615 0.60377544 0.42303504
 0.079099   0.01304022 0.01792414] 
 f1_avg: 0.5864439771715225


Validation Epoch: 5 accuracy: 0.54 
 precision: [0.95722242 0.         0.57714959 0.15846016 0.64844037 0.44498949
 0.00305227 0.         0.        ] 
 recall: [0.6014892  1.         0.16752137 0.70517928 0.59635505 0.63531766
 0.11594203 1.         1.        ] 
 f1: [0.73876263 0.         0.25967144 0.25877193 0.62130802 0.5233876
 0.00594796 0.         0.        ] 
 f1_avg: 0.6301091056655999

--- 2166.0913038253784 seconds ---

Train Epoch: 6 accuracy: 0.51 
 precision: [0.93632695 0.         0.57652328 0.20536104 0.60808411 0.38770925
 0.04632079 0.01177228 0.01663485] 
 recall: [0.54542817 1.         0.24409618 0.71207993 0.6305359  0.49927662
 0.54719388 0.92086331 0.89051095] 
 f1: [0.68931646 0.         0.3429778  0.31878558 0.61910652 0.43647632
 0.08541138 0.02324737 0.03265962] 
 f1_avg: 0.5879778194416787


Validation Epoch: 6 accuracy: 0.41 
 precision: [0.93491019 0.         0.59014085 0.16823899 0.70665083 0.42831477
 0.02644711 0.         0.        ] 
 recall: [0.39143708 1.         0.14324786 0.85258964 0.60242997 0.59629815
 0.76811594 1.         1.        ] 
 f1: [0.55182911 0.         0.23053645 0.28102429 0.65039169 0.49853618
 0.05113362 0.         0.        ] 
 f1_avg: 0.5122306126045685

--- 2598.2949781417847 seconds ---

Train Epoch: 7 accuracy: 0.48 
 precision: [0.93926359 0.         0.5544169  0.2400122  0.59184034 0.42483394
 0.06841536 0.0097554  0.0153466 ] 
 recall: [0.49145252 1.         0.24971375 0.71480472 0.64948154 0.52741609
 0.64540816 0.97841727 0.86131387] 
 f1: [0.64527611 0.         0.3443359  0.35936073 0.61932264 0.47059963
 0.12371638 0.01931818 0.03015589] 
 f1_avg: 0.5659192465240332


Validation Epoch: 7 accuracy: 0.56 
 precision: [0.95879759 0.         0.43824701 0.12239089 0.67897727 0.40544723
 0.00761421 0.         0.        ] 
 recall: [0.61511541 1.         0.18803419 0.51394422 0.64529193 0.65532766
 0.30434783 1.         1.        ] 
 f1: [0.749433   0.         0.26315789 0.19770115 0.66170618 0.50095602
 0.01485674 0.         0.        ] 
 f1_avg: 0.639983208367241

--- 3030.4627981185913 seconds ---

Train Epoch: 8 accuracy: 0.51 
 precision: [0.94276408 0.         0.60759767 0.23100394 0.62373206 0.45165985
 0.05872215 0.00511172 0.01092482] 
 recall: [0.54717868 1.         0.30216831 0.71056615 0.63165035 0.4714265
 0.60841837 0.69784173 0.73722628] 
 f1: [0.69245668 0.         0.40361316 0.34865929 0.62766623 0.46133154
 0.10710677 0.0101491  0.02153059] 
 f1_avg: 0.603844822146138


Validation Epoch: 8 accuracy: 0.43 
 precision: [0.97207707 0.         0.36331979 0.13903743 0.6920449  0.48492569
 0.02100221 0.         0.        ] 
 recall: [0.44326136 1.         0.21401709 0.62151394 0.47856902 0.57128564
 0.82608696 1.         1.        ] 
 f1: [0.60887798 0.         0.26936317 0.22723962 0.56584198 0.5245751
 0.04096299 0.         0.        ] 
 f1_avg: 0.5430603839585084

--- 3462.51535320282 seconds ---

Train Epoch: 9 accuracy: 0.52 
 precision: [0.94830501 0.         0.62973561 0.2282406  0.63859004 0.45123203
 0.07316296 0.00988228 0.00986538] 
 recall: [0.55544108 1.         0.36220839 0.7042083  0.57234228 0.44509549
 0.73214286 0.97841727 0.70072993] 
 f1: [0.70055385 0.         0.45989596 0.34474581 0.60365402 0.44814275
 0.13303204 0.01956694 0.01945683] 
 f1_avg: 0.6141913808920374


Validation Epoch: 9 accuracy: 0.50 
 precision: [0.98264528 0.         0.36811406 0.15364583 0.64206464 0.35921717
 0.01932367 0.         0.        ] 
 recall: [0.55651526 1.         0.19418803 0.70517928 0.44920688 0.56928464
 0.8115942  1.         1.        ] 
 f1: [0.71059137 0.         0.25425246 0.25231646 0.52859412 0.44048771
 0.03774857 0.         0.        ] 
 f1_avg: 0.5915619500811707

--- 3894.5802693367004 seconds ---

Train Epoch: 10 accuracy: 0.50 
 precision: [0.93958373 0.         0.66072097 0.22117023 0.67087694 0.47400569
 0.08274215 0.00552958 0.00957956] 
 recall: [0.49671405 1.         0.37906111 0.70723585 0.6305359  0.49399595
 0.75127551 0.79136691 0.78832117] 
 f1: [0.64987142 0.         0.48174253 0.33696358 0.65008118 0.48379441
 0.14906675 0.01098243 0.0189291 ] 
 f1_avg: 0.5962420151436135


Validation Epoch: 10 accuracy: 0.46 
 precision: [0.97731801 0.         0.30967373 0.13304348 0.62665657 0.33936022
 0.03136704 0.         0.        ] 
 recall: [0.47483246 1.         0.18495726 0.60956175 0.55855552 0.61030515
 0.97101449 1.         1.        ] 
 f1: [0.63913806 0.         0.23159247 0.21841542 0.59064954 0.43618162
 0.06077098 0.         0.        ] 
 f1_avg: 0.5519281427082213

--- 4326.467803239822 seconds ---

Train Epoch: 11 accuracy: 0.54 
 precision: [0.95190555 0.         0.5976927  0.23522482 0.65469481 0.40642829
 0.09134036 0.00711674 0.014537  ] 
 recall: [0.55890208 1.         0.3781666  0.72540115 0.66421165 0.52047164
 0.77359694 0.78417266 0.72992701] 
 f1: [0.7042882  0.         0.46323771 0.35525243 0.6594189  0.45643417
 0.16338901 0.01410547 0.02850627] 
 f1_avg: 0.6250253985759985


Validation Epoch: 11 accuracy: 0.48 
 precision: [0.98018096 0.         0.43379907 0.13621533 0.65147553 0.31568938
 0.02207331 0.         0.        ] 
 recall: [0.50819062 1.         0.22290598 0.66533865 0.58859264 0.49824912
 0.8115942  1.         1.        ] 
 f1: [0.66934733 0.         0.29448961 0.22613406 0.61843972 0.38649593
 0.04297774 0.         0.        ] 
 f1_avg: 0.5784297285277802

--- 4758.46803021431 seconds ---

Train Epoch: 12 accuracy: 0.54 
 precision: [0.95668426 0.         0.66493824 0.25888    0.70063036 0.43920753
 0.09891465 0.00713691 0.01533666] 
 recall: [0.54016665 1.         0.40836554 0.73478656 0.65704041 0.55005787
 0.76721939 0.86330935 0.89781022] 
 f1: [0.69047482 0.         0.5059851  0.38286796 0.67813563 0.48842213
 0.17523671 0.01415679 0.03015815] 
 f1_avg: 0.6295158069693267


Validation Epoch: 12 accuracy: 0.39 
 precision: [0.96553139 0.         0.40553306 0.13328632 0.67357695 0.56386293
 0.04422442 0.         0.        ] 
 recall: [0.35040953 1.         0.20547009 0.75298805 0.64697941 0.45272636
 0.97101449 1.         1.        ] 
 f1: [0.51420455 0.         0.2727479  0.22648292 0.66001033 0.50221976
 0.08459596 0.         0.        ] 
 f1_avg: 0.4957150661976879

--- 5190.190306186676 seconds ---

Train Epoch: 13 accuracy: 0.51 
 precision: [0.95653816 0.         0.68215037 0.27367829 0.70866221 0.52337869
 0.12511518 0.00623371 0.01461217] 
 recall: [0.48124956 1.         0.44085444 0.73660309 0.68301192 0.54817708
 0.77933673 0.87769784 0.97080292] 
 f1: [0.64033593 0.         0.53557922 0.39908144 0.69560068 0.53549094
 0.21561535 0.0123795  0.02879099] 
 f1_avg: 0.611263437881404


Validation Epoch: 13 accuracy: 0.42 
 precision: [0.98394802 0.         0.45164458 0.13704206 0.64573042 0.34411433
 0.03789127 0.         0.        ] 
 recall: [0.38339538 1.         0.31452991 0.80478088 0.61761728 0.45772886
 1.         1.         1.        ] 
 f1: [0.55178696 0.         0.37081822 0.2342029  0.63136105 0.39287248
 0.07301587 0.         0.        ] 
 f1_avg: 0.5183269413433607

--- 5621.997156381607 seconds ---

Train Epoch: 14 accuracy: 0.53 
 precision: [0.96130762 0.         0.66342551 0.28158348 0.71497112 0.49318988
 0.12794306 0.00717954 0.01517651] 
 recall: [0.48063939 1.         0.50046515 0.74296094 0.70762671 0.62340856
 0.89413265 0.9352518  0.67153285] 
 f1: [0.64085892 0.         0.57053701 0.40838742 0.71127995 0.55070612
 0.22385438 0.0142497  0.02968221] 
 f1_avg: 0.6208573331297315


Validation Epoch: 14 accuracy: 0.46 
 precision: [0.9468599  0.         0.52546167 0.18571429 0.66035088 0.34024896
 0.00849377 0.         0.        ] 
 recall: [0.43782576 1.         0.32102564 0.7250996  0.63516706 0.49224612
 0.2173913  1.         1.        ] 
 f1: [0.598778   0.         0.39855688 0.29569456 0.64751419 0.4023717
 0.01634877 0.         0.        ] 
 f1_avg: 0.5548662218825726

--- 6053.344187259674 seconds ---

Train Epoch: 15 accuracy: 0.63 
 precision: [0.96561268 0.         0.68946435 0.27996233 0.6931378  0.47886495
 0.12411314 0.01159731 0.02399423] 
 recall: [0.64912825 1.         0.45917418 0.71995156 0.72826824 0.58839699
 0.83673469 0.85611511 0.97080292] 
 f1: [0.77635546 0.         0.55123387 0.40315334 0.71026889 0.52801039
 0.21616278 0.02288462 0.04683099] 
 f1_avg: 0.6963421996454517


Validation Epoch: 15 accuracy: 0.58 
 precision: [0.98230855 0.         0.5280543  0.17522124 0.68062317 0.50950907
 0.00145349 0.         0.        ] 
 recall: [0.5912137  1.         0.39897436 0.78884462 0.70772865 0.57628814
 0.02898551 1.         1.        ] 
 f1: [0.73815832 0.         0.45452775 0.28674873 0.69391132 0.54084507
 0.00276817 0.         0.        ] 
 f1_avg: 0.6679453441122101

New best val score, save model ...
--- 6484.7535927295685 seconds ---

Train Epoch: 16 accuracy: 0.62 
 precision: [0.96840082 0.         0.6640656  0.28826387 0.74479486 0.4856607
 0.14835851 0.00743093 0.01838981] 
 recall: [0.61984976 1.         0.53896522 0.77263094 0.70719062 0.58065683
 0.83290816 0.89208633 0.9270073 ] 
 f1: [0.75587948 0.         0.59501096 0.41987496 0.72550579 0.52892725
 0.25185614 0.01473909 0.03606418] 
 f1_avg: 0.6940273861135198


Validation Epoch: 16 accuracy: 0.64 
 precision: [0.96399236 0.         0.52745098 0.2166065  0.6511713  0.54021677
 0.0053681  0.         0.        ] 
 recall: [0.75152643 1.         0.27589744 0.71713147 0.60040499 0.47373687
 0.10144928 1.         1.        ] 
 f1: [0.84460251 0.         0.36228956 0.33271719 0.62475856 0.50479744
 0.01019665 0.         0.        ] 
 f1_avg: 0.7093023047454373

New best val score, save model ...
--- 6916.316545248032 seconds ---

Train Epoch: 17 accuracy: 0.63 
 precision: [0.97497983 0.         0.68450595 0.29251859 0.72014516 0.49675078
 0.13562643 0.00857449 0.01844757] 
 recall: [0.66498285 1.         0.44071132 0.76233727 0.73078787 0.61378762
 0.79464286 0.86330935 0.94890511] 
 f1: [0.79068246 0.         0.53619781 0.42280245 0.72542748 0.54910209
 0.23170618 0.01698033 0.03619154] 
 f1_avg: 0.7065104504577709


Validation Epoch: 17 accuracy: 0.62 
 precision: [0.97099387 0.         0.51273262 0.18463074 0.73546726 0.56562354
 0.00388802 0.         0.        ] 
 recall: [0.66053611 1.         0.35794872 0.73705179 0.67465407 0.6058029
 0.07246377 1.         1.        ] 
 f1: [0.78622707 0.         0.42158244 0.2952913  0.70374934 0.58502415
 0.00738007 0.         0.        ] 
 f1_avg: 0.698870364805026

--- 7347.499336004257 seconds ---

Train Epoch: 18 accuracy: 0.64 
 precision: [0.97242704 0.         0.71358001 0.3194649  0.76407892 0.50772063
 0.13699087 0.00903571 0.01917808] 
 recall: [0.63323364 1.         0.53753399 0.78807145 0.74682624 0.61841725
 0.78507653 0.89928058 0.97080292] 
 f1: [0.76700329 0.         0.61317116 0.45463278 0.75535408 0.55762833
 0.23327648 0.01789165 0.03761312] 
 f1_avg: 0.710255686047473


Validation Epoch: 18 accuracy: 0.62 
 precision: [9.71585299e-01 0.00000000e+00 6.30151278e-01 1.53496821e-01
 6.05382436e-01 4.91374804e-01 8.60585198e-04 0.00000000e+00
 0.00000000e+00] 
 recall: [0.65941921 1.         0.41299145 0.67330677 0.72122848 0.47023512
 0.01449275 1.         1.        ] 
 f1: [0.78562874 0.         0.49896737 0.25       0.65824734 0.4805726
 0.0016247  0.         0.        ] 
 f1_avg: 0.6925353408380683

--- 7778.728323459625 seconds ---

Train Epoch: 19 accuracy: 0.62 
 precision: [0.97711663 0.         0.72744958 0.30760408 0.75016495 0.50777725
 0.17978723 0.00820872 0.01946086] 
 recall: [0.60480539 1.         0.54855446 0.8119891  0.77124721 0.6187066
 0.8622449  0.92805755 0.98540146] 
 f1: [0.74714859 0.         0.62546152 0.446182   0.76056002 0.5577801
 0.29753521 0.0162735  0.03816794] 
 f1_avg: 0.7015456858845022


Validation Epoch: 19 accuracy: 0.60 
 precision: [0.980284   0.         0.62470196 0.18522267 0.70542361 0.44528875
 0.         0.         0.        ] 
 recall: [0.62196575 1.         0.44786325 0.72908367 0.6716166  0.58629315
 0.         1.         1.        ] 
 f1: [0.76105872 0.         0.5217045  0.29539952 0.68810512 0.50615418
 0.         0.         0.        ] 
 f1_avg: 0.6873322198011071

--- 8209.840539216995 seconds ---

Train Epoch: 20 accuracy: 0.68 
 precision: [0.97893711 0.         0.74667505 0.34651939 0.80263158 0.55268078
 0.1439222  0.01053124 0.02144153] 
 recall: [0.69317102 1.         0.55241878 0.81683318 0.78030817 0.66290509
 0.8494898  0.97122302 0.94890511] 
 f1: [0.81163511 0.         0.63502314 0.48660835 0.79131247 0.60279559
 0.24614247 0.02083655 0.04193548] 
 f1_avg: 0.7494485310959226


Validation Epoch: 20 accuracy: 0.61 
 precision: [0.98237312 0.         0.58220211 0.17428268 0.68930777 0.5275378
 0.         0.         0.        ] 
 recall: [0.6183172  1.         0.52786325 0.65338645 0.71582855 0.48874437
 0.         1.         1.        ] 
 f1: [0.7589453  0.         0.55370271 0.27516779 0.70231788 0.50740068
 0.         0.         0.        ] 
 f1_avg: 0.6921728864054133

--- 8642.262925863266 seconds ---

Train Epoch: 21 accuracy: 0.64 
 precision: [0.97844672 0.         0.73407487 0.34332223 0.77304756 0.52593152
 0.15651685 0.008979   0.01514353] 
 recall: [0.62166028 1.         0.58798483 0.84287012 0.76548115 0.60445602
 0.88839286 0.89208633 0.83941606] 
 f1: [0.76027598 0.         0.65295824 0.48790747 0.76924575 0.56246634
 0.26614444 0.01777905 0.02975036] 
 f1_avg: 0.7159464429711868


Validation Epoch: 21 accuracy: 0.61 
 precision: [0.98620534 0.         0.60691318 0.18933333 0.72362205 0.5726257
 0.03093923 0.         0.        ] 
 recall: [0.64944155 1.         0.51623932 0.56573705 0.62031725 0.51275638
 0.8115942  1.         1.        ] 
 f1: [0.78315525 0.         0.55791613 0.28371628 0.66799927 0.54103985
 0.05960617 0.         0.        ] 
 f1_avg: 0.7064669677970491

--- 9073.422760725021 seconds ---

Train Epoch: 22 accuracy: 0.66 
 precision: [0.98082386 0.         0.75132023 0.33210874 0.81057199 0.54606272
 0.11990856 0.01014154 0.01519797] 
 recall: [0.6768863  1.         0.56504938 0.82107175 0.74227154 0.56684028
 0.73596939 1.         0.83211679] 
 f1: [0.80099193 0.         0.64500582 0.47292702 0.7749197  0.55625754
 0.20621873 0.02007945 0.02985075] 
 f1_avg: 0.7382490906858648


Validation Epoch: 22 accuracy: 0.63 
 precision: [0.97907501 0.         0.56259905 0.23203593 0.70204082 0.61541702
 0.         0.         0.        ] 
 recall: [0.67937453 1.         0.48547009 0.61752988 0.52244347 0.73086543
 0.         1.         1.        ] 
 f1: [0.80214515 0.         0.52119655 0.33732318 0.59907121 0.66819117
 0.         0.         0.        ] 
 f1_avg: 0.7160299266383888

New best val score, save model ...
--- 9504.96299648285 seconds ---

Train Epoch: 23 accuracy: 0.68 
 precision: [0.98253808 0.         0.76384868 0.37690303 0.78997542 0.57448403
 0.14388644 0.01070767 0.01783207] 
 recall: [0.69229076 1.         0.55703449 0.83197094 0.76291307 0.61009838
 0.85331633 0.95683453 0.9270073 ] 
 f1: [0.81226454 0.         0.64425086 0.51878422 0.77620844 0.59175583
 0.24625012 0.02117834 0.03499105] 
 f1_avg: 0.7492218950852155


Validation Epoch: 23 accuracy: 0.63 
 precision: [9.69865603e-01 0.00000000e+00 5.58637084e-01 2.31788079e-01
 7.45300405e-01 6.85446009e-01 7.41289844e-04 0.00000000e+00
 0.00000000e+00] 
 recall: [0.68778853 1.         0.48205128 0.69721116 0.68241647 0.36518259
 0.01449275 1.         1.        ] 
 f1: [0.80482705 0.         0.51752615 0.34791252 0.71247357 0.47650131
 0.00141044 0.         0.        ] 
 f1_avg: 0.7151453474712172

--- 9936.637885332108 seconds ---

Train Epoch: 24 accuracy: 0.66 
 precision: [0.97911909 0.         0.72691746 0.40219115 0.80074423 0.57145681
 0.16848221 0.01028616 0.01729032] 
 recall: [0.66041152 1.         0.55241878 0.84468665 0.78200407 0.62738715
 0.8877551  0.95683453 0.97810219] 
 f1: [0.7887886  0.         0.6277675  0.54492188 0.79126321 0.59811731
 0.28321465 0.02035351 0.03397997] 
 f1_avg: 0.7357023099097778


Validation Epoch: 24 accuracy: 0.67 
 precision: [0.96760403 0.         0.58892276 0.23433243 0.7064387  0.70864947
 0.04158416 0.         0.        ] 
 recall: [0.75837677 1.         0.39623932 0.68525896 0.65541681 0.46723362
 0.91304348 1.         1.        ] 
 f1: [0.8503089  0.         0.47373799 0.34923858 0.67997199 0.56315948
 0.07954545 0.         0.        ] 
 f1_avg: 0.7412761694234986

New best val score, save model ...
--- 10368.916617631912 seconds ---

Train Epoch: 25 accuracy: 0.70 
 precision: [0.98427236 0.         0.75187357 0.37816606 0.7994897  0.62248996
 0.18204334 0.01185002 0.01702243] 
 recall: [0.7224095  1.         0.52769429 0.84529216 0.80468069 0.66153067
 0.9375     0.96402878 0.91970803] 
 f1: [0.83325161 0.         0.62014591 0.52255287 0.80207679 0.6414168
 0.30488437 0.02341225 0.03342618] 
 f1_avg: 0.7656327637664269


Validation Epoch: 25 accuracy: 0.65 
 precision: [0.96789865 0.         0.62060041 0.19027027 0.77624046 0.70387597
 0.05076551 0.         0.        ] 
 recall: [0.75658972 1.         0.40991453 0.70119522 0.54910564 0.45422711
 0.91304348 1.         1.        ] 
 f1: [0.84929789 0.         0.4937204  0.29931973 0.64321012 0.55214351
 0.09618321 0.         0.        ] 
 f1_avg: 0.7367719760830407

--- 10800.363760232925 seconds ---

Train Epoch: 26 accuracy: 0.70 
 precision: [0.98439774 0.         0.78657609 0.39771532 0.85521384 0.64933802
 0.16071429 0.01119878 0.01847766] 
 recall: [0.73083194 1.         0.55517389 0.80108992 0.8071034  0.62796586
 0.80931122 0.94964029 0.97810219] 
 f1: [0.83887227 0.         0.65092084 0.53153877 0.83046242 0.63847314
 0.26817413 0.02213651 0.03627013] 
 f1_avg: 0.7772097032289554


Validation Epoch: 26 accuracy: 0.66 
 precision: [0.970569   0.         0.56800518 0.22324967 0.68480814 0.61226921
 0.02798054 0.         0.        ] 
 recall: [0.77349218 1.         0.29982906 0.67330677 0.59028012 0.51425713
 0.66666667 1.         1.        ] 
 f1: [0.86089587 0.         0.39248154 0.33531746 0.63404024 0.55899946
 0.05370695 0.         0.        ] 
 f1_avg: 0.7299446144950711

--- 11231.950368642807 seconds ---

Train Epoch: 27 accuracy: 0.70 
 precision: [0.9864294  0.         0.77677841 0.37798462 0.82389033 0.64407699
 0.17303683 0.01099713 0.01848166] 
 recall: [0.71473727 1.         0.50987548 0.84831971 0.83283264 0.6875
 0.95280612 0.96402878 0.94890511] 
 f1: [0.82888746 0.         0.61564383 0.52295633 0.82833735 0.66508048
 0.29288375 0.02174619 0.03625715] 
 f1_avg: 0.7673617370109345


Validation Epoch: 27 accuracy: 0.61 
 precision: [9.67297243e-01 0.00000000e+00 5.39772727e-01 2.31075697e-01
 6.32962963e-01 5.39663462e-01 7.51879699e-04 0.00000000e+00
 0.00000000e+00] 
 recall: [0.71578555 1.         0.25982906 0.69322709 0.57678029 0.44922461
 0.01449275 1.         1.        ] 
 f1: [0.82274906 0.         0.35079622 0.34661355 0.60356701 0.49030849
 0.00142959 0.         0.        ] 
 f1_avg: 0.690076866557758

--- 11663.310606479645 seconds ---

Train Epoch: 28 accuracy: 0.68 
 precision: [0.98820522 0.         0.78432268 0.41967842 0.8321706  0.63693088
 0.17793952 0.00983227 0.01946543] 
 recall: [0.68051735 1.         0.55313439 0.86133818 0.814953   0.67194734
 0.90433673 0.97841727 0.97810219] 
 f1: [0.80599473 0.         0.64874732 0.56437215 0.82347181 0.65397071
 0.29736815 0.0194689  0.0381712 ] 
 f1_avg: 0.7585652644873956


Validation Epoch: 28 accuracy: 0.65 
 precision: [0.98257943 0.         0.62720403 0.24462366 0.77502296 0.58147957
 0.03626943 0.         0.        ] 
 recall: [0.73916605 1.         0.34051282 0.7250996  0.56969288 0.56228114
 0.91304348 1.         1.        ] 
 f1: [0.84366634 0.         0.44139154 0.36582915 0.65668158 0.57171923
 0.06976744 0.         0.        ] 
 f1_avg: 0.7305430754297576

--- 12097.484777212143 seconds ---

Train Epoch: 29 accuracy: 0.68 
 precision: [0.98460859 0.         0.78185046 0.40169987 0.84779806 0.61500438
 0.15336579 0.01148847 0.01705447] 
 recall: [0.66869392 1.         0.53578074 0.87284287 0.82832639 0.71100984
 0.92410714 0.98561151 0.94160584] 
 f1: [0.79646861 0.         0.63583864 0.55019084 0.83794912 0.65953164
 0.2630719  0.0227122  0.03350214] 
 f1_avg: 0.7523677541088543


Validation Epoch: 29 accuracy: 0.60 
 precision: [0.97074995 0.         0.59412405 0.2        0.72416632 0.57494759
 0.02749141 0.         0.        ] 
 recall: [0.65733433 1.         0.37333333 0.65737052 0.59365508 0.54877439
 0.57971014 1.         1.        ] 
 f1: [0.78387498 0.         0.45853454 0.30669145 0.65244807 0.56155618
 0.05249344 0.         0.        ] 
 f1_avg: 0.693488492636282

--- 12531.847497463226 seconds ---

Train Epoch: 30 accuracy: 0.66 
 precision: [0.98559357 0.         0.76325853 0.42189098 0.82572138 0.59702454
 0.18195432 0.00958583 0.01736973] 
 recall: [0.64053576 1.         0.54275798 0.87405389 0.83748425 0.67057292
 0.92984694 0.94244604 0.97080292] 
 f1: [0.77645475 0.         0.63439421 0.56909127 0.83156122 0.63166502
 0.30435236 0.01897863 0.03412882] 
 f1_avg: 0.7378536841696529


Validation Epoch: 30 accuracy: 0.65 
 precision: [0.95712257 0.         0.7048951  0.19948849 0.81061344 0.65453495
 0.04227642 0.         0.        ] 
 recall: [0.75294118 1.         0.34461538 0.62151394 0.56193048 0.56678339
 0.75362319 1.         1.        ] 
 f1: [0.84284226 0.         0.46291619 0.30203291 0.66374327 0.6075067
 0.08006159 0.         0.        ] 
 f1_avg: 0.7365075155023296

--- 12963.732523918152 seconds ---

Train Epoch: 31 accuracy: 0.67 
 precision: [0.98701508 0.         0.76908808 0.44339768 0.85821587 0.61800298
 0.16807697 0.01006584 0.01490877] 
 recall: [0.67290514 1.         0.4598898  0.86920981 0.852602   0.69082755
 0.9247449  0.95683453 0.97810219] 
 f1: [0.80024029 0.         0.57559337 0.58723665 0.85539972 0.65238925
 0.28445316 0.01992211 0.02936986] 
 f1_avg: 0.7470532243025423


Validation Epoch: 31 accuracy: 0.51 
 precision: [0.95624718 0.         0.63557951 0.23020528 0.7374477  0.66708385
 0.05290102 0.         0.        ] 
 recall: [0.47356664 1.         0.40307692 0.62549801 0.71380358 0.53326663
 0.89855072 1.         1.        ] 
 f1: [0.63343459 0.         0.49330544 0.33654877 0.72543303 0.59271615
 0.09991942 0.         0.        ] 
 f1_avg: 0.6181823168933769

--- 13395.048962116241 seconds ---

Train Epoch: 32 accuracy: 0.62 
 precision: [0.98715531 0.         0.76016466 0.43750963 0.85533522 0.65145146
 0.18821174 0.00702356 0.0144055 ] 
 recall: [0.58117854 1.         0.48232432 0.85952165 0.87779824 0.71752025
 0.95918367 0.91366906 0.97810219] 
 f1: [0.73162163 0.         0.59017972 0.57986111 0.86642116 0.68289157
 0.31467727 0.01393996 0.02839284] 
 f1_avg: 0.7125453913125914


Validation Epoch: 32 accuracy: 0.65 
 precision: [0.95087178 0.         0.64597544 0.22042341 0.73573466 0.74429224
 0.04632427 0.         0.        ] 
 recall: [0.73499628 1.         0.32376068 0.70517928 0.6962538  0.48924462
 0.66666667 1.         1.        ] 
 f1: [0.8291126  0.         0.43133683 0.33586338 0.71544997 0.59040145
 0.086629   0.         0.        ] 
 f1_avg: 0.7296303666520261

--- 13826.374050617218 seconds ---

Train Epoch: 33 accuracy: 0.66 
 precision: [0.98666427 0.         0.77112811 0.43346988 0.84669731 0.62799012
 0.16055512 0.00985577 0.01572877] 
 recall: [0.66015144 1.         0.43291112 0.86497124 0.84780502 0.69885706
 0.90752551 0.88489209 0.98540146] 
 f1: [0.79103914 0.         0.55451671 0.57752173 0.84725081 0.66153109
 0.27284057 0.01949441 0.0309633 ] 
 f1_avg: 0.7374975806429613


Validation Epoch: 33 accuracy: 0.61 
 precision: [0.96641138 0.         0.65867945 0.25483871 0.79558499 0.68765281
 0.03628367 0.         0.        ] 
 recall: [0.65770663 1.         0.42290598 0.62948207 0.6081674  0.56278139
 0.95652174 1.         1.        ] 
 f1: [0.78272043 0.         0.51509473 0.36280138 0.68936496 0.61898212
 0.06991525 0.         0.        ] 
 f1_avg: 0.7114853412182683

--- 14257.420405387878 seconds ---

Train Epoch: 34 accuracy: 0.65 
 precision: [0.98323429 0.         0.775056   0.454943   0.8326089  0.67980192
 0.18720103 0.00835299 0.01871464] 
 recall: [0.6106771  1.         0.5819021  0.88192552 0.87246826 0.70507812
 0.92346939 0.94244604 0.94160584] 
 f1: [0.75341536 0.         0.66473197 0.60024727 0.85207269 0.69220936
 0.31129743 0.01655922 0.03669986] 
 f1_avg: 0.7373684100403498


Validation Epoch: 34 accuracy: 0.59 
 precision: [0.97001289 0.         0.66421929 0.20383037 0.77171315 0.64054213
 0.         0.         0.        ] 
 recall: [0.61660462 1.         0.46393162 0.5936255  0.65372933 0.54377189
 0.         1.         1.        ] 
 f1: [0.75394911 0.         0.5462963  0.30346232 0.70783848 0.58820346
 0.         0.         0.        ] 
 f1_avg: 0.6966199720203915

--- 14688.537194490433 seconds ---

Train Epoch: 35 accuracy: 0.67 
 precision: [0.98642909 0.         0.79402045 0.46274635 0.86612241 0.65822355
 0.15421788 0.01138406 0.01875521] 
 recall: [0.65509998 1.         0.55020037 0.87435665 0.83792034 0.70117188
 0.93622449 0.95683453 0.98540146] 
 f1: [0.78732651 0.         0.64999789 0.60519698 0.851788   0.67901926
 0.26481465 0.02250042 0.03680982] 
 f1_avg: 0.753690654316039


Validation Epoch: 35 accuracy: 0.66 
 precision: [0.9551495  0.         0.6454112  0.26879699 0.77706715 0.65119278
 0.04241948 0.         0.        ] 
 recall: [0.7706627  1.         0.37025641 0.56972112 0.57408032 0.50525263
 0.7826087  1.         1.        ] 
 f1: [0.85304541 0.         0.47056268 0.36526181 0.66032609 0.56901408
 0.0804769  0.         0.        ] 
 f1_avg: 0.740584863973447

--- 15119.481601953506 seconds ---

Train Epoch: 36 accuracy: 0.69 
 precision: [0.98642632 0.         0.80662705 0.47237164 0.84275862 0.67644438
 0.19863106 0.01001242 0.01912646] 
 recall: [0.68040732 1.         0.57313582 0.8773842  0.85856188 0.71397569
 0.94387755 0.92805755 0.97810219] 
 f1: [0.80532535 0.         0.67012509 0.61411316 0.85058685 0.6947035
 0.32819603 0.0198111  0.03751925] 
 f1_avg: 0.7697026753405214


Validation Epoch: 36 accuracy: 0.64 
 precision: [0.97423674 0.         0.62001992 0.17577197 0.78544244 0.60859978
 0.03225806 0.         0.        ] 
 recall: [0.71518987 1.         0.42564103 0.58964143 0.55720553 0.55227614
 0.79710145 1.         1.        ] 
 f1: [0.82485293 0.         0.50476384 0.27081427 0.65192498 0.5790716
 0.06200676 0.         0.        ] 
 f1_avg: 0.726333586334215

--- 15551.113009929657 seconds ---

Train Epoch: 37 accuracy: 0.71 
 precision: [0.98914913 0.         0.81147716 0.4831281  0.88280826 0.69076389
 0.18033963 0.01146959 0.0174207 ] 
 recall: [0.7075952  1.         0.5429011  0.91462307 0.86762283 0.71954572
 0.96173469 1.         0.97810219] 
 f1: [0.82501195 0.         0.65055953 0.63227292 0.87514968 0.70486111
 0.30372608 0.02267907 0.0342317 ] 
 f1_avg: 0.7821792719680999


Validation Epoch: 37 accuracy: 0.68 
 precision: [0.96657754 0.         0.67030568 0.22153209 0.82635723 0.63229879
 0.03075823 0.         0.        ] 
 recall: [0.75368578 1.         0.41982906 0.42629482 0.67296659 0.60130065
 0.62318841 1.         1.        ] 
 f1: [0.84695841 0.         0.51629178 0.29155313 0.74181548 0.61641026
 0.05862304 0.         0.        ] 
 f1_avg: 0.7576019381829489

New best val score, save model ...
--- 15982.813306331635 seconds ---

Train Epoch: 38 accuracy: 0.73 
 precision: [0.98933249 0.         0.81851552 0.55515198 0.89195955 0.69054774
 0.19843169 0.01176471 0.01770724] 
 recall: [0.74957738 1.         0.54254329 0.87920073 0.88046322 0.73140914
 0.95216837 1.         0.98540146] 
 f1: [0.85292661 0.         0.65255094 0.68057183 0.8861741  0.71039134
 0.32842059 0.02325581 0.03478933] 
 f1_avg: 0.8021681291681353


Validation Epoch: 38 accuracy: 0.66 
 precision: [0.97926221 0.         0.61089708 0.192      0.76209202 0.70384615
 0.04593929 0.         0.        ] 
 recall: [0.73134773 1.         0.37948718 0.66932271 0.65406682 0.54927464
 0.8115942  1.         1.        ] 
 f1: [0.83734015 0.         0.4681569  0.29840142 0.70395932 0.61702725
 0.08695652 0.         0.        ] 
 f1_avg: 0.7401675313975508

--- 16414.68004798889 seconds ---

Train Epoch: 39 accuracy: 0.71 
 precision: [0.99014884 0.         0.81517798 0.48343498 0.89542388 0.70592315
 0.18806306 0.00991626 0.01746052] 
 recall: [0.69071031 1.         0.5711321  0.88798062 0.88744064 0.73625579
 0.95854592 0.97122302 0.99270073] 
 f1: [0.81375767 0.         0.67167414 0.62604055 0.89141439 0.72077048
 0.31443515 0.01963208 0.03431744] 
 f1_avg: 0.7822771980144675


Validation Epoch: 39 accuracy: 0.64 
 precision: [0.97689561 0.         0.64492754 0.18835192 0.78545455 0.71838006
 0.04703161 0.         0.        ] 
 recall: [0.69262844 1.         0.42598291 0.60557769 0.6560918  0.57678839
 0.88405797 1.         1.        ] 
 f1: [0.81056117 0.         0.51307391 0.28733459 0.71496874 0.63984462
 0.08931186 0.         0.        ] 
 f1_avg: 0.7331128617520374

--- 16846.22756242752 seconds ---

Train Epoch: 40 accuracy: 0.70 
 precision: [0.99034295 0.         0.82983545 0.53404179 0.90231914 0.69879603
 0.17848117 0.01095586 0.01696193] 
 recall: [0.69037021 1.         0.5503435  0.89766879 0.9162225  0.71795428
 0.94579082 0.99280576 0.98540146] 
 f1: [0.81358709 0.         0.66179033 0.66967815 0.90921768 0.70824562
 0.30029361 0.02167256 0.0333498 ] 
 f1_avg: 0.7824151315368859


Validation Epoch: 40 accuracy: 0.68 
 precision: [0.97637568 0.         0.64765458 0.18932656 0.75410448 0.65953545
 0.04033613 0.         0.        ] 
 recall: [0.75703649 1.         0.41538462 0.5936255  0.68207897 0.53976988
 0.69565217 1.         1.        ] 
 f1: [0.85282892 0.         0.50614455 0.28709056 0.71628566 0.59367263
 0.07625099 0.         0.        ] 
 f1_avg: 0.7542816610349994

--- 17277.75306391716 seconds ---

Train Epoch: 41 accuracy: 0.72 
 precision: [0.99020803 0.         0.83202828 0.51412819 0.89846707 0.70873921
 0.22075087 0.01028358 0.01561962] 
 recall: [0.70706505 1.         0.54748104 0.90342113 0.9201473  0.74211516
 0.96747449 0.94964029 0.99270073] 
 f1: [0.82501926 0.         0.6604083  0.65532008 0.90917796 0.72504329
 0.35947867 0.02034682 0.03075531] 
 f1_avg: 0.7906554792153344


Validation Epoch: 41 accuracy: 0.66 
 precision: [0.97576247 0.         0.66480447 0.23034735 0.80398282 0.67228464
 0.04101562 0.         0.        ] 
 recall: [0.7194341  1.         0.40683761 0.50199203 0.69490381 0.53876938
 0.91304348 1.         1.        ] 
 f1: [0.82821876 0.         0.504772   0.31578947 0.74547429 0.59816718
 0.07850467 0.         0.        ] 
 f1_avg: 0.743573161467282

--- 17708.747004508972 seconds ---

Train Epoch: 42 accuracy: 0.74 
 precision: [0.98869436 0.         0.84321431 0.60380798 0.91408885 0.72535609
 0.20068701 0.01196867 0.0161042 ] 
 recall: [0.7479269  1.         0.52976957 0.90251287 0.91922667 0.74414062
 0.96875    0.97841727 0.99270073] 
 f1: [0.85162047 0.         0.65071308 0.72354369 0.91665056 0.73462829
 0.33249425 0.02364806 0.03169424] 
 f1_avg: 0.8077196651546993


Validation Epoch: 42 accuracy: 0.67 
 precision: [0.97418004 0.         0.62872928 0.17960603 0.73773266 0.70873786
 0.04012589 0.         0.        ] 
 recall: [0.72762472 1.         0.38905983 0.61752988 0.7357408  0.58429215
 0.73913043 1.         1.        ] 
 f1: [0.83304207 0.         0.48067582 0.27827648 0.73673538 0.64052646
 0.0761194  0.         0.        ] 
 f1_avg: 0.7455835253157113

--- 18139.997828722 seconds ---

Train Epoch: 43 accuracy: 0.71 
 precision: [0.99176724 0.         0.83386673 0.58380821 0.89390392 0.72952327
 0.19056798 0.00979621 0.01489921] 
 recall: [0.70854548 1.         0.52207671 0.89948532 0.92508964 0.74609375
 0.94579082 0.98561151 0.99270073] 
 f1: [0.82656818 0.         0.64212472 0.70805529 0.90922945 0.73771547
 0.31721925 0.0193996  0.0293578 ] 
 f1_avg: 0.790223903955689


Validation Epoch: 43 accuracy: 0.65 
 precision: [0.97315436 0.         0.63023783 0.17809868 0.81288981 0.62901701
 0.04963899 0.         0.        ] 
 recall: [0.70178704 1.         0.38051282 0.58964143 0.65980425 0.66583292
 0.79710145 1.         1.        ] 
 f1: [0.81548778 0.         0.47452569 0.27356747 0.72839046 0.64690158
 0.09345794 0.         0.        ] 
 f1_avg: 0.7333031256708651

--- 18571.601905584335 seconds ---

Train Epoch: 44 accuracy: 0.70 
 precision: [0.98965635 0.         0.8257935  0.55172414 0.91510389 0.71963347
 0.21455386 0.01128408 0.01581395] 
 recall: [0.6948215  1.         0.52969801 0.88646685 0.91975967 0.7328559
 0.94770408 0.98561151 0.99270073] 
 f1: [0.81643639 0.         0.64540599 0.68013937 0.91742587 0.7261845
 0.34989404 0.0223127  0.03113197] 
 f1_avg: 0.784542761375372


Validation Epoch: 44 accuracy: 0.66 
 precision: [0.97730496 0.         0.6316047  0.20685279 0.82405822 0.67443286
 0.0437276  0.         0.        ] 
 recall: [0.71824274 1.         0.44136752 0.64940239 0.64967938 0.55027514
 0.88405797 1.         1.        ] 
 f1: [0.82798283 0.         0.51962165 0.31376323 0.72655218 0.60606061
 0.08333333 0.         0.        ] 
 f1_avg: 0.7435641083468625

--- 19003.143617630005 seconds ---

Train Epoch: 45 accuracy: 0.69 
 precision: [0.99198569 0.         0.83316902 0.57949593 0.89436882 0.7210763
 0.20939933 0.01147433 0.01532872] 
 recall: [0.67106461 1.         0.54429655 0.92582501 0.92964435 0.73083044
 0.96045918 1.         0.98540146] 
 f1: [0.80056086 0.         0.65844263 0.71282051 0.91166548 0.7259206
 0.34383562 0.02268832 0.03018784] 
 f1_avg: 0.7770997836992672


Validation Epoch: 45 accuracy: 0.66 
 precision: [0.97973995 0.         0.64127499 0.23252496 0.82876712 0.70242424
 0.04258675 0.         0.        ] 
 recall: [0.72375279 1.         0.40581197 0.64940239 0.65339183 0.57978989
 0.7826087  1.         1.        ] 
 f1: [0.83251253 0.         0.49706868 0.34243697 0.73070391 0.63524253
 0.08077786 0.         0.        ] 
 f1_avg: 0.7469159290227635

--- 19434.589154958725 seconds ---

Train Epoch: 46 accuracy: 0.73 
 precision: [0.99194432 0.         0.83551974 0.58020611 0.90024819 0.72771034
 0.19814199 0.01094747 0.01469476] 
 recall: [0.74272539 1.         0.50819379 0.90342113 0.91394515 0.75455729
 0.91135204 1.         0.99270073] 
 f1: [0.84943229 0.         0.63198879 0.70660668 0.90704496 0.74089069
 0.32551253 0.02165784 0.02896082] 
 f1_avg: 0.8022204551361213


Validation Epoch: 46 accuracy: 0.68 
 precision: [0.97098257 0.         0.66367476 0.21359223 0.72895501 0.7176148
 0.04909091 0.         0.        ] 
 recall: [0.7549516  1.         0.42974359 0.70119522 0.67802902 0.52376188
 0.7826087  1.         1.        ] 
 f1: [0.84944705 0.         0.521685   0.32744186 0.70257038 0.60555234
 0.09238666 0.         0.        ] 
 f1_avg: 0.7540222888064548

--- 19866.253733873367 seconds ---

Train Epoch: 47 accuracy: 0.73 
 precision: [0.99155507 0.         0.836881   0.56927655 0.89983321 0.70028439
 0.22105876 0.01079708 0.01548799] 
 recall: [0.72583049 1.         0.54300844 0.92673327 0.91496269 0.73032407
 0.96938776 0.97841727 0.99270073] 
 f1: [0.8381355  0.         0.65865197 0.70529954 0.90733489 0.71498885
 0.36001895 0.02135846 0.03050011] 
 f1_avg: 0.7981238595102598


Validation Epoch: 47 accuracy: 0.69 
 precision: [0.96792256 0.         0.65639013 0.21198157 0.79808795 0.7037702
 0.07249712 0.         0.        ] 
 recall: [0.75941921 1.         0.40034188 0.73306773 0.7043537  0.58829415
 0.91304348 1.         1.        ] 
 f1: [0.85108691 0.         0.49734551 0.32886506 0.74829688 0.64087193
 0.13432836 0.         0.        ] 
 f1_avg: 0.761425025209583

New best val score, save model ...
--- 20298.38671207428 seconds ---

Train Epoch: 48 accuracy: 0.73 
 precision: [0.99142521 0.         0.84339868 0.56671609 0.917386   0.71436672
 0.2118451  0.01060014 0.01466858] 
 recall: [0.74134499 1.         0.5341706  0.92582501 0.91147398 0.72909433
 0.94897959 0.95683453 0.97080292] 
 f1: [0.84833882 0.         0.65407785 0.70306932 0.91442044 0.72165539
 0.34636872 0.020968   0.02890048] 
 f1_avg: 0.8046991485894458


Validation Epoch: 48 accuracy: 0.69 
 precision: [0.97691441 0.         0.66666667 0.24928367 0.795671   0.70430809
 0.04471545 0.         0.        ] 
 recall: [0.77513031 1.         0.45333333 0.69322709 0.62031725 0.53976988
 0.79710145 1.         1.        ] 
 f1: [0.86440256 0.         0.53968254 0.36670179 0.69713636 0.61115831
 0.08468052 0.         0.        ] 
 f1_avg: 0.7659427539568717

New best val score, save model ...
--- 20729.93596124649 seconds ---

Train Epoch: 49 accuracy: 0.73 
 precision: [0.99275585 0.         0.8460447  0.60647223 0.89951362 0.7378592
 0.22098149 0.0113899  0.01440615] 
 recall: [0.74298547 1.         0.51202233 0.9191644  0.92300611 0.74298322
 0.95918367 0.99280576 0.98540146] 
 f1: [0.84989988 0.         0.6379564  0.73077386 0.91110845 0.74041234
 0.35920707 0.02252142 0.02839714] 
 f1_avg: 0.8047482597177059


Validation Epoch: 49 accuracy: 0.69 
 precision: [0.98770059 0.         0.61812779 0.22033898 0.80564972 0.71262003
 0.0547025  0.         0.        ] 
 recall: [0.76537602 1.         0.42666667 0.67330677 0.72190348 0.51975988
 0.82608696 1.         1.        ] 
 f1: [0.86244074 0.         0.50485437 0.33202358 0.76148095 0.60109922
 0.10261026 0.         0.        ] 
 f1_avg: 0.7675538033879521

New best val score, save model ...
--- 21161.909237623215 seconds ---

Train Epoch: 50 accuracy: 0.72 
 precision: [0.989861   0.         0.81939462 0.58674352 0.9085527  0.72229852
 0.19545638 0.01140025 0.01465044] 
 recall: [0.72657071 1.         0.52304279 0.92461399 0.89974804 0.72287326
 0.92729592 0.99280576 0.99270073] 
 f1: [0.83802228 0.         0.63850791 0.71791255 0.90412893 0.72258578
 0.32286    0.02254165 0.02887473] 
 f1_avg: 0.794828217368111


Validation Epoch: 50 accuracy: 0.66 
 precision: [0.97521254 0.         0.63040163 0.19915254 0.81118104 0.73645485
 0.04827031 0.         0.        ] 
 recall: [0.70893522 1.         0.42393162 0.56175299 0.73945326 0.55077539
 0.86956522 1.         1.        ] 
 f1: [0.82102358 0.         0.50695012 0.29405631 0.77365819 0.63022324
 0.09146341 0.         0.        ] 
 f1_avg: 0.7460119443539394

--- 21593.274618387222 seconds ---

Train Epoch: 51 accuracy: 0.70 
 precision: [0.9910533  0.         0.8306249  0.56578701 0.91439519 0.73669546
 0.20998232 0.01087128 0.01487112] 
 recall: [0.67369537 1.         0.53220266 0.91522858 0.91350906 0.7650463
 0.98469388 0.99280576 0.98540146] 
 f1: [0.80212471 0.         0.6487406  0.69928291 0.91395191 0.75060326
 0.34614953 0.02150705 0.02930005] 
 f1_avg: 0.7784859118145538


Validation Epoch: 51 accuracy: 0.63 
 precision: [0.98242084 0.         0.65715768 0.23156533 0.83544304 0.56010363
 0.04356436 0.         0.        ] 
 recall: [0.69076694 1.         0.43316239 0.71314741 0.6236922  0.54077039
 0.95652174 1.         1.        ] 
 f1: [0.81117475 0.         0.52215125 0.34960938 0.7142029  0.55026724
 0.08333333 0.         0.        ] 
 f1_avg: 0.7270434264024045

--- 22024.52073788643 seconds ---

Train Epoch: 52 accuracy: 0.72 
 precision: [0.99178737 0.         0.83912407 0.61340827 0.92175066 0.70644942
 0.20091817 0.01159274 0.01618084] 
 recall: [0.70546458 1.         0.55392157 0.9252195  0.90924508 0.75274884
 0.94897959 0.99280576 0.99270073] 
 f1: [0.82447496 0.         0.66732763 0.73771877 0.91545517 0.72886461
 0.33162469 0.02291788 0.03184266] 
 f1_avg: 0.7939405181772925


Validation Epoch: 52 accuracy: 0.63 
 precision: [0.96897023 0.         0.59966869 0.22107675 0.74195829 0.66256477
 0.03285968 0.         0.        ] 
 recall: [0.68592703 1.         0.37128205 0.7689243  0.70840364 0.51175588
 0.53623188 1.         1.        ] 
 f1: [0.80324367 0.         0.45861486 0.34341637 0.72479282 0.57747671
 0.06192469 0.         0.        ] 
 f1_avg: 0.7173553781493904

--- 22456.091023921967 seconds ---

Train Epoch: 53 accuracy: 0.71 
 precision: [0.99146571 0.         0.84185917 0.6185567  0.93122603 0.73532296
 0.21269932 0.01188644 0.01453147] 
 recall: [0.69957288 1.         0.54114785 0.94459582 0.91786995 0.75925926
 0.95280612 1.         0.99270073] 
 f1: [0.82032725 0.         0.65881123 0.74757398 0.92449976 0.74709944
 0.34776536 0.02349362 0.02864364] 
 f1_avg: 0.7930068014916416


Validation Epoch: 53 accuracy: 0.69 
 precision: [0.96297001 0.         0.6725902  0.23921085 0.77015724 0.74923077
 0.04233871 0.         0.        ] 
 recall: [0.75323902 1.         0.42700855 0.77290837 0.77691529 0.48724362
 0.60869565 1.         1.        ] 
 f1: [0.84528933 0.         0.52237558 0.3653484  0.77352151 0.59048196
 0.07917059 0.         0.        ] 
 f1_avg: 0.7602563701708459

--- 22887.13503551483 seconds ---

Train Epoch: 54 accuracy: 0.72 
 precision: [0.99194824 0.         0.84380198 0.63206785 0.91631381 0.7519084
 0.21030043 0.01228132 0.01511447] 
 recall: [0.70858549 1.         0.52633462 0.94762337 0.93322996 0.75528067
 0.96875    1.         0.99270073] 
 f1: [0.82665826 0.         0.64828893 0.75832829 0.92469453 0.75359076
 0.34558071 0.02426464 0.02977559] 
 f1_avg: 0.7957821839511519


Validation Epoch: 54 accuracy: 0.64 
 precision: [0.9601675  0.         0.55107252 0.2414966  0.78468055 0.73323508
 0.04175589 0.         0.        ] 
 recall: [0.7        1.         0.36888889 0.56573705 0.75025312 0.49774887
 0.56521739 1.         1.        ] 
 f1: [0.80969812 0.         0.44194143 0.33849821 0.76708075 0.59296782
 0.0777667  0.         0.        ] 
 f1_avg: 0.7263232554802936

--- 23318.436937093735 seconds ---

Train Epoch: 55 accuracy: 0.70 
 precision: [0.99183115 0.         0.83243944 0.6478433  0.91311731 0.76534322
 0.22048965 0.01221888 0.01343608] 
 recall: [0.6886297  1.         0.50536711 0.94126552 0.93802694 0.77669271
 0.96492347 0.99280576 0.99270073] 
 f1: [0.81287748 0.         0.6289213  0.76746482 0.92540453 0.7709762
 0.35895611 0.02414065 0.02651331] 
 f1_avg: 0.7861522109569493


Validation Epoch: 55 accuracy: 0.68 
 precision: [0.98020101 0.         0.64755011 0.25252525 0.81026786 0.68006263
 0.0508647  0.         0.        ] 
 recall: [0.72620998 1.         0.39760684 0.69721116 0.73506581 0.65182591
 0.72463768 1.         1.        ] 
 f1: [0.83430282 0.         0.49269223 0.37076271 0.77083702 0.66564496
 0.09505703 0.         0.        ] 
 f1_avg: 0.7561143599171412

--- 23749.707448720932 seconds ---

Train Epoch: 56 accuracy: 0.70 
 precision: [0.98988534 0.         0.82510668 0.59137931 0.91039127 0.73795735
 0.22379392 0.01157718 0.01409911] 
 recall: [0.68134759 1.         0.51198655 0.9346049  0.89742223 0.78349248
 0.95854592 0.99280576 0.99270073] 
 f1: [0.80713583 0.         0.63188342 0.72439282 0.90386023 0.76004351
 0.36286818 0.02288747 0.02780333] 
 f1_avg: 0.7788512972734174


Validation Epoch: 56 accuracy: 0.64 
 precision: [0.97082484 0.         0.67322835 0.23776224 0.77314815 0.69670477
 0.042086   0.         0.        ] 
 recall: [0.67393894 1.         0.40923077 0.67729084 0.78906514 0.51825913
 0.66666667 1.         1.        ] 
 f1: [0.7955874  0.         0.50903679 0.35196687 0.78102556 0.59437751
 0.07917384 0.         0.        ] 
 f1_avg: 0.7288356683115551

--- 24181.390326976776 seconds ---

Train Epoch: 57 accuracy: 0.71 
 precision: [0.99026256 0.         0.83091281 0.6425761  0.9089022  0.74226804
 0.2068016  0.01063994 0.01566279] 
 recall: [0.69682208 1.         0.53839273 0.93944899 0.93352069 0.75
 0.95790816 0.99280576 0.99270073] 
 f1: [0.81802276 0.         0.65340773 0.76315789 0.92104697 0.74611399
 0.34016533 0.02105424 0.030839  ] 
 f1_avg: 0.7904593908804026


Validation Epoch: 57 accuracy: 0.66 
 precision: [0.98720235 0.         0.61132812 0.1799117  0.77227723 0.69339914
 0.04410646 0.         0.        ] 
 recall: [0.7007446  1.         0.42803419 0.64940239 0.76341546 0.56228114
 0.84057971 1.         1.        ] 
 f1: [0.81966642 0.         0.503519   0.28176318 0.76782077 0.62099448
 0.08381503 0.         0.        ] 
 f1_avg: 0.7428867128576158

--- 24612.991174697876 seconds ---

Train Epoch: 58 accuracy: 0.69 
 precision: [0.98761062 0.         0.82559037 0.65186125 0.87708545 0.76271308
 0.19591252 0.01127601 0.01638357] 
 recall: [0.65304938 1.         0.57417347 0.93309113 0.92213393 0.77032697
 0.95982143 0.97841727 0.99270073] 
 f1: [0.78621836 0.         0.67730294 0.76752584 0.89904573 0.76650112
 0.32540541 0.02229508 0.03223513] 
 f1_avg: 0.7743887831494081


Validation Epoch: 58 accuracy: 0.62 
 precision: [0.96337776 0.         0.6296496  0.20438799 0.73231358 0.70616114
 0.04667864 0.         0.        ] 
 recall: [0.64050633 1.         0.39931624 0.70517928 0.77556531 0.52176088
 0.75362319 1.         1.        ] 
 f1: [0.76944407 0.         0.48870293 0.31692032 0.75331913 0.60011507
 0.08791209 0.         0.        ] 
 f1_avg: 0.7062170123480882

--- 25044.54913187027 seconds ---

Train Epoch: 59 accuracy: 0.71 
 precision: [0.99259151 0.         0.85265129 0.65707734 0.93112257 0.76910546
 0.18034423 0.00849529 0.01547037] 
 recall: [0.67947705 1.         0.55406469 0.95428398 0.93604031 0.78551794
 0.92219388 1.         0.99270073] 
 f1: [0.8067171  0.         0.67166931 0.7782716  0.93357497 0.77722507
 0.30168996 0.01684746 0.03046595] 
 f1_avg: 0.7908039555126917


Validation Epoch: 59 accuracy: 0.66 
 precision: [0.97091932 0.         0.64726027 0.22781065 0.72301934 0.73539288
 0.03769046 0.         0.        ] 
 recall: [0.69359643 1.         0.45230769 0.61354582 0.78231522 0.54777389
 0.68115942 1.         1.        ] 
 f1: [0.80915566 0.         0.53250151 0.33225458 0.75149943 0.62786697
 0.07142857 0.         0.        ] 
 f1_avg: 0.7392268265869497

--- 25475.99531531334 seconds ---

Train Epoch: 60 accuracy: 0.74 
 precision: [0.99440666 0.         0.87170862 0.64907598 0.92835234 0.78934048
 0.2225112  0.0097846  0.0164034 ] 
 recall: [0.71667784 1.         0.59345928 0.95700878 0.93860839 0.76707176
 0.98214286 1.         0.98540146] 
 f1: [0.83300295 0.         0.70616285 0.77352257 0.9334522  0.77804681
 0.36282248 0.01937957 0.03226963] 
 f1_avg: 0.8127790460917415


Validation Epoch: 60 accuracy: 0.67 
 precision: [0.9739388  0.         0.65683905 0.25047438 0.77125429 0.69536856
 0.04775023 0.         0.        ] 
 recall: [0.73462398 1.         0.46461538 0.52589641 0.68275397 0.53326663
 0.75362319 1.         1.        ] 
 f1: [0.83752122 0.         0.5442531  0.33933162 0.72431078 0.60362401
 0.08981002 0.         0.        ] 
 f1_avg: 0.752599560903025

--- 25907.77740240097 seconds ---

Train Epoch: 61 accuracy: 0.74 
 precision: [0.99243214 0.         0.87018637 0.69184222 0.91702087 0.78806334
 0.20947203 0.00993743 0.01636386] 
 recall: [0.72408999 1.         0.57971948 0.9346049  0.94083729 0.79564525
 0.93367347 0.97122302 0.99270073] 
 f1: [0.83728623 0.         0.69585758 0.79510625 0.92877643 0.79183615
 0.342176   0.01967356 0.03219697] 
 f1_avg: 0.8144102126252699


Validation Epoch: 61 accuracy: 0.64 
 precision: [0.96765499 0.         0.62678804 0.15609137 0.68928809 0.71298108
 0.04253612 0.         0.        ] 
 recall: [0.66827997 1.         0.49435897 0.49003984 0.69929126 0.54677339
 0.76811594 1.         1.        ] 
 f1: [0.79057476 0.         0.55275229 0.23676612 0.69425364 0.6189128
 0.08060837 0.         0.        ] 
 f1_avg: 0.7206863258055415

--- 26339.747060775757 seconds ---

Train Epoch: 62 accuracy: 0.73 
 precision: [0.99518122 0.         0.86526493 0.69161545 0.89642263 0.7954627
 0.22478344 0.00980946 0.01578763] 
 recall: [0.72096908 1.         0.55216831 0.95398123 0.9397713  0.80150463
 0.97640306 1.         0.98540146] 
 f1: [0.83616789 0.         0.67413669 0.80188319 0.91758528 0.79847224
 0.3654374  0.01942833 0.03107735] 
 f1_avg: 0.8096383999443362


Validation Epoch: 62 accuracy: 0.68 
 precision: [0.97452166 0.         0.64950079 0.23470839 0.74059663 0.75728863
 0.0472103  0.         0.        ] 
 recall: [0.73194341 1.         0.4225641  0.65737052 0.77084036 0.51975988
 0.79710145 1.         1.        ] 
 f1: [0.83599099 0.         0.51201326 0.34591195 0.75541591 0.61643429
 0.089141   0.         0.        ] 
 f1_avg: 0.7528086991071938

Early stopping!

Test Epoch: accuracy: 0.66 
 precision: [0.97413076 0.         0.66579145 0.23212435 0.80897739 0.68736842
 0.1731641  0.         0.        ] 
 recall: [0.71074832 1.         0.43816342 0.65306122 0.72351343 0.60772452
 0.5931677  1.         1.        ] 
 f1: [0.8218534  0.         0.52850975 0.34250765 0.76386233 0.64509755
 0.26807018 0.         0.        ] 
 f1_avg: 0.742954819745453

--- 26783.36275267601 seconds ---

Test Epoch: accuracy: 0.69 
 precision: [0.98770059 0.         0.61812779 0.22033898 0.80564972 0.71262003
 0.0547025  0.         0.        ] 
 recall: [0.76537602 1.         0.42666667 0.67330677 0.72190348 0.51975988
 0.82608696 1.         1.        ] 
 f1: [0.86244074 0.         0.50485437 0.33202358 0.76148095 0.60109922
 0.10261026 0.         0.        ] 
 f1_avg: 0.7675538033879521

--- 26792.8545691967 seconds ---
