Requirement already satisfied: scikit-learn in /net/cephfs/data/zifjia/condaenvs/audio_clf/lib/python3.8/site-packages (1.1.2)
Requirement already satisfied: joblib>=1.0.0 in /net/cephfs/data/zifjia/condaenvs/audio_clf/lib/python3.8/site-packages (from scikit-learn) (1.1.0)
Requirement already satisfied: threadpoolctl>=2.0.0 in /net/cephfs/data/zifjia/condaenvs/audio_clf/lib/python3.8/site-packages (from scikit-learn) (3.1.0)
Requirement already satisfied: numpy>=1.17.3 in /net/cephfs/data/zifjia/condaenvs/audio_clf/lib/python3.8/site-packages (from scikit-learn) (1.22.3)
Requirement already satisfied: scipy>=1.3.2 in /net/cephfs/data/zifjia/condaenvs/audio_clf/lib/python3.8/site-packages (from scikit-learn) (1.9.1)
Requirement already satisfied: tensorboard in /net/cephfs/data/zifjia/condaenvs/audio_clf/lib/python3.8/site-packages (2.10.1)
Requirement already satisfied: protobuf<3.20,>=3.9.2 in /net/cephfs/home/zifjia/.local/lib/python3.8/site-packages (from tensorboard) (3.19.4)
Requirement already satisfied: wheel>=0.26 in /net/cephfs/data/zifjia/condaenvs/audio_clf/lib/python3.8/site-packages (from tensorboard) (0.37.1)
Requirement already satisfied: werkzeug>=1.0.1 in /net/cephfs/data/zifjia/condaenvs/audio_clf/lib/python3.8/site-packages (from tensorboard) (2.1.2)
Requirement already satisfied: setuptools>=41.0.0 in /net/cephfs/data/zifjia/condaenvs/audio_clf/lib/python3.8/site-packages (from tensorboard) (60.8.1)
Requirement already satisfied: google-auth-oauthlib<0.5,>=0.4.1 in /net/cephfs/home/zifjia/.local/lib/python3.8/site-packages (from tensorboard) (0.4.6)
Requirement already satisfied: grpcio>=1.24.3 in /net/cephfs/home/zifjia/.local/lib/python3.8/site-packages (from tensorboard) (1.47.0)
Requirement already satisfied: tensorboard-plugin-wit>=1.6.0 in /net/cephfs/home/zifjia/.local/lib/python3.8/site-packages (from tensorboard) (1.8.1)
Requirement already satisfied: absl-py>=0.4 in /net/cephfs/home/zifjia/.local/lib/python3.8/site-packages (from tensorboard) (1.2.0)
Requirement already satisfied: google-auth<3,>=1.6.3 in /net/cephfs/home/zifjia/.local/lib/python3.8/site-packages (from tensorboard) (2.9.1)
Requirement already satisfied: numpy>=1.12.0 in /net/cephfs/data/zifjia/condaenvs/audio_clf/lib/python3.8/site-packages (from tensorboard) (1.22.3)
Requirement already satisfied: markdown>=2.6.8 in /net/cephfs/home/zifjia/.local/lib/python3.8/site-packages (from tensorboard) (3.4.1)
Requirement already satisfied: requests<3,>=2.21.0 in /net/cephfs/data/zifjia/condaenvs/audio_clf/lib/python3.8/site-packages (from tensorboard) (2.28.1)
Requirement already satisfied: tensorboard-data-server<0.7.0,>=0.6.0 in /net/cephfs/home/zifjia/.local/lib/python3.8/site-packages (from tensorboard) (0.6.1)
Requirement already satisfied: rsa<5,>=3.1.4 in /net/cephfs/home/zifjia/.local/lib/python3.8/site-packages (from google-auth<3,>=1.6.3->tensorboard) (4.9)
Requirement already satisfied: pyasn1-modules>=0.2.1 in /net/cephfs/home/zifjia/.local/lib/python3.8/site-packages (from google-auth<3,>=1.6.3->tensorboard) (0.2.8)
Requirement already satisfied: cachetools<6.0,>=2.0.0 in /net/cephfs/home/zifjia/.local/lib/python3.8/site-packages (from google-auth<3,>=1.6.3->tensorboard) (5.2.0)
Requirement already satisfied: six>=1.9.0 in /net/cephfs/data/zifjia/condaenvs/audio_clf/lib/python3.8/site-packages (from google-auth<3,>=1.6.3->tensorboard) (1.16.0)
Requirement already satisfied: requests-oauthlib>=0.7.0 in /net/cephfs/home/zifjia/.local/lib/python3.8/site-packages (from google-auth-oauthlib<0.5,>=0.4.1->tensorboard) (1.3.1)
Requirement already satisfied: importlib-metadata>=4.4 in /net/cephfs/home/zifjia/.local/lib/python3.8/site-packages (from markdown>=2.6.8->tensorboard) (4.12.0)
Requirement already satisfied: idna<4,>=2.5 in /net/cephfs/data/zifjia/condaenvs/audio_clf/lib/python3.8/site-packages (from requests<3,>=2.21.0->tensorboard) (3.4)
Requirement already satisfied: certifi>=2017.4.17 in /net/cephfs/data/zifjia/condaenvs/audio_clf/lib/python3.8/site-packages (from requests<3,>=2.21.0->tensorboard) (2022.9.14)
Requirement already satisfied: charset-normalizer<3,>=2 in /net/cephfs/data/zifjia/condaenvs/audio_clf/lib/python3.8/site-packages (from requests<3,>=2.21.0->tensorboard) (2.1.1)
Requirement already satisfied: urllib3<1.27,>=1.21.1 in /net/cephfs/data/zifjia/condaenvs/audio_clf/lib/python3.8/site-packages (from requests<3,>=2.21.0->tensorboard) (1.26.12)
Requirement already satisfied: zipp>=0.5 in /net/cephfs/data/zifjia/condaenvs/audio_clf/lib/python3.8/site-packages (from importlib-metadata>=4.4->markdown>=2.6.8->tensorboard) (3.8.0)
Requirement already satisfied: pyasn1<0.5.0,>=0.4.6 in /net/cephfs/home/zifjia/.local/lib/python3.8/site-packages (from pyasn1-modules>=0.2.1->google-auth<3,>=1.6.3->tensorboard) (0.4.8)
Requirement already satisfied: oauthlib>=3.0.0 in /net/cephfs/home/zifjia/.local/lib/python3.8/site-packages (from requests-oauthlib>=0.7.0->google-auth-oauthlib<0.5,>=0.4.1->tensorboard) (3.2.0)
Requirement already satisfied: torch in /net/cephfs/data/zifjia/condaenvs/audio_clf/lib/python3.8/site-packages (1.12.1)
Requirement already satisfied: torchvision in /net/cephfs/data/zifjia/condaenvs/audio_clf/lib/python3.8/site-packages (0.13.1)
Requirement already satisfied: torchaudio in /net/cephfs/data/zifjia/condaenvs/audio_clf/lib/python3.8/site-packages (0.12.1)
Requirement already satisfied: typing-extensions in /net/cephfs/data/zifjia/condaenvs/audio_clf/lib/python3.8/site-packages (from torch) (4.0.1)
Requirement already satisfied: numpy in /net/cephfs/data/zifjia/condaenvs/audio_clf/lib/python3.8/site-packages (from torchvision) (1.22.3)
Requirement already satisfied: requests in /net/cephfs/data/zifjia/condaenvs/audio_clf/lib/python3.8/site-packages (from torchvision) (2.28.1)
Requirement already satisfied: pillow!=8.3.*,>=5.3.0 in /net/cephfs/data/zifjia/condaenvs/audio_clf/lib/python3.8/site-packages (from torchvision) (9.0.1)
Requirement already satisfied: idna<4,>=2.5 in /net/cephfs/data/zifjia/condaenvs/audio_clf/lib/python3.8/site-packages (from requests->torchvision) (3.4)
Requirement already satisfied: certifi>=2017.4.17 in /net/cephfs/data/zifjia/condaenvs/audio_clf/lib/python3.8/site-packages (from requests->torchvision) (2022.9.14)
Requirement already satisfied: charset-normalizer<3,>=2 in /net/cephfs/data/zifjia/condaenvs/audio_clf/lib/python3.8/site-packages (from requests->torchvision) (2.1.1)
Requirement already satisfied: urllib3<1.27,>=1.21.1 in /net/cephfs/data/zifjia/condaenvs/audio_clf/lib/python3.8/site-packages (from requests->torchvision) (1.26.12)
{'name': 'longcall_wav2vec2_lstm_0', 'data_path': '/home/cluster/zifjia/data/data_greatarc_longcall/wav2vec2_split_0', 'test_only': False, 'balance_weights': True, 'model_type': 'lstm', 'n_embedding': 768, 'd_hid': 1024, 'nlayers': 2, 'batch_size': 1, 'n_epoch': 200, 'lr': 0.0005, 'dropout': 0.2, 'patience': 10, 'step_factor': 0.7, 'seed': 0}
cuda
Reading data ...
train, dev, test number of files: 50, 6, 7.
dev files:  ['134dat LC Fugit', '93dat LC Sultan', '148dat LC Fugit', '12T6lcZeke', '20T5lcNiko', '24T5lcNico']
test files:  ['21T5lcNiko', '77datA LC Fugit', '1T7lcNico', '13T4lcDayak', '91dat LC Sultan', '13T2lcNiko', '2T6lcZeke']
train_data_all: (176058, 769)
Labels in train_data_all:  {0: 105991, 1: 0, 2: 28283, 3: 3331, 4: 21523, 5: 15041, 6: 1613, 7: 139, 8: 137}
--- 2.166921615600586 seconds ---
LSTM(
  (lstm): LSTM(768, 1024, num_layers=2, dropout=0.2, bidirectional=True)
  (hidden2tag): Linear(in_features=2048, out_features=9, bias=True)
)
Number of parameters: 39897097

Train Epoch: 1 accuracy: 0.48 
 precision: [8.69129943e-01 0.00000000e+00 3.77145560e-01 8.91058895e-02
 4.94643498e-01 2.54369164e-01 3.81233953e-03 1.13967329e-03
 3.95726157e-04] 
 recall: [0.52175185 1.         0.39465403 0.35064545 0.44835757 0.4238415
 0.03037818 0.0647482  0.00729927] 
 f1: [0.65206138 0.         0.3857012  0.1421011  0.47036459 0.31793133
 0.00677451 0.00223992 0.00075075] 
 f1_avg: 0.5419337255771426


Validation Epoch: 1 accuracy: 0.50 
 precision: [0.91672767 0.         0.4600863  0.1306332  0.55692211 0.18251089
 0.02131439 0.         0.        ] 
 recall: [0.52926881 1.         0.30984381 0.78424658 0.61362057 0.47813688
 0.05150215 1.         1.        ] 
 f1: [0.67108789 0.         0.37030606 0.22396088 0.58389816 0.26418067
 0.03015075 0.         0.        ] 
 f1_avg: 0.5639051726210247

New best val score, save model ...
--- 11.037282466888428 seconds ---

Train Epoch: 2 accuracy: 0.52 
 precision: [0.92425849 0.         0.51408382 0.15751929 0.52435085 0.36467293
 0.02668878 0.00451622 0.002477  ] 
 recall: [0.55918899 1.         0.37298024 0.64965476 0.58077406 0.48480819
 0.21946683 0.47482014 0.05109489] 
 f1: [0.69680279 0.         0.43230949 0.25355908 0.55112208 0.41624568
 0.04759024 0.00894733 0.00472494] 
 f1_avg: 0.5971193865841575


Validation Epoch: 2 accuracy: 0.48 
 precision: [0.91446069 0.         0.54973118 0.15217391 0.5442853  0.17141839
 0.02233677 0.         0.        ] 
 recall: [0.48911665 1.         0.2971304  0.74315068 0.64697707 0.45722433
 0.11158798 1.         1.        ] 
 f1: [0.63733994 0.         0.38575808 0.25261932 0.59120495 0.249352
 0.03722262 0.         0.        ] 
 f1_avg: 0.5482258315663557

--- 15.505152225494385 seconds ---

Train Epoch: 3 accuracy: 0.49 
 precision: [0.93242698 0.         0.54199385 0.18402862 0.54628194 0.36138118
 0.04081496 0.0049001  0.00461538] 
 recall: [0.50148598 1.         0.33677474 0.67937556 0.62189286 0.47942291
 0.37755735 0.83453237 0.10948905] 
 f1: [0.65220005 0.         0.41542185 0.2896084  0.58164041 0.41211602
 0.07366638 0.00974299 0.0088574 ] 
 f1_avg: 0.571857416508362


Validation Epoch: 3 accuracy: 0.49 
 precision: [0.91332352 0.         0.54166667 0.15308989 0.58786346 0.18131652
 0.02207912 0.         0.        ] 
 recall: [0.52440828 1.         0.25971667 0.74657534 0.64628214 0.43726236
 0.10300429 1.         1.        ] 
 f1: [0.66626393 0.         0.35109256 0.25407925 0.61569017 0.25633881
 0.03636364 0.         0.        ] 
 f1_avg: 0.5636017419288838

--- 19.917158126831055 seconds ---

Train Epoch: 4 accuracy: 0.50 
 precision: [0.93363056 0.         0.56233824 0.1954262  0.56952862 0.37216622
 0.04665373 0.00543982 0.00682594] 
 recall: [0.52159146 1.         0.31495952 0.70549385 0.62872276 0.50315803
 0.40235586 0.92805755 0.23357664] 
 f1: [0.66927756 0.         0.40377119 0.30606929 0.59766358 0.4278607
 0.08361247 0.01081625 0.01326425] 
 f1_avg: 0.5839776055795967


Validation Epoch: 4 accuracy: 0.51 
 precision: [0.91626794 0.         0.53284672 0.16029963 0.60783622 0.1958585
 0.02700422 0.         0.        ] 
 recall: [0.56656805 1.         0.23864875 0.73287671 0.59833218 0.43155894
 0.13733906 1.         1.        ] 
 f1: [0.70018282 0.         0.32965379 0.26306085 0.60304675 0.2694362
 0.04513399 0.         0.        ] 
 f1_avg: 0.5782397113423527

New best val score, save model ...
--- 24.745834350585938 seconds ---

Train Epoch: 5 accuracy: 0.51 
 precision: [0.93800526 0.         0.58559429 0.20446898 0.59106845 0.38827875
 0.0511155  0.005885   0.01083452] 
 recall: [0.54845223 1.         0.27854188 0.71149805 0.62663198 0.51711987
 0.44885307 0.94244604 0.61313869] 
 f1: [0.69218404 0.         0.37751581 0.31765179 0.60833089 0.44353206
 0.09177917 0.01169695 0.02129278] 
 f1_avg: 0.5964938297179483


Validation Epoch: 5 accuracy: 0.51 
 precision: [0.92081967 0.         0.55668016 0.15946583 0.6122975  0.22652194
 0.02566225 0.         0.        ] 
 recall: [0.59351226 1.         0.19978206 0.69520548 0.57783183 0.45627376
 0.13304721 1.         1.        ] 
 f1: [0.72179388 0.         0.29403903 0.25942492 0.59456561 0.30274361
 0.04302568 0.         0.        ] 
 f1_avg: 0.5851709398042025

New best val score, save model ...
--- 29.66720461845398 seconds ---

Train Epoch: 6 accuracy: 0.53 
 precision: [0.94213955 0.         0.59674169 0.21021367 0.59994691 0.39819775
 0.0561401  0.00686799 0.00960452] 
 recall: [0.57440726 1.         0.25124633 0.71179826 0.6300237  0.52882122
 0.49287043 0.94244604 0.74452555] 
 f1: [0.71368954 0.         0.35361151 0.32457221 0.61461756 0.4543066
 0.10079878 0.0136366  0.0189644 ] 
 f1_avg: 0.6075028335720303


Validation Epoch: 6 accuracy: 0.51 
 precision: [0.92302566 0.         0.56390977 0.16666667 0.60637129 0.25507548
 0.02550232 0.         0.        ] 
 recall: [0.58537616 1.         0.21794406 0.68150685 0.57539958 0.46577947
 0.1416309  1.         1.        ] 
 f1: [0.71641019 0.         0.31438302 0.26783311 0.59047959 0.32963337
 0.043222   0.         0.        ] 
 f1_avg: 0.5866155859311231

New best val score, save model ...
--- 34.505728006362915 seconds ---

Train Epoch: 7 accuracy: 0.53 
 precision: [0.94603119 0.         0.59980598 0.22322703 0.60860755 0.41055779
 0.05766957 0.00689871 0.00908258] 
 recall: [0.56032116 1.         0.28419899 0.70399279 0.64191795 0.52948607
 0.51394916 0.94964029 0.79562044] 
 f1: [0.70379456 0.         0.38566356 0.3389708  0.6248191  0.46249891
 0.10370278 0.01369792 0.01796013] 
 f1_avg: 0.6089401682067334


Validation Epoch: 7 accuracy: 0.52 
 precision: [0.91993106 0.         0.51692589 0.17486819 0.62255286 0.22323462
 0.02384738 0.         0.        ] 
 recall: [0.6203508  1.         0.20523066 0.68150685 0.55246699 0.46577947
 0.12875536 1.         1.        ] 
 f1: [0.74100719 0.         0.29381175 0.27832168 0.58541973 0.30181706
 0.04024145 0.         0.        ] 
 f1_avg: 0.5946947921468976

New best val score, save model ...
--- 39.33408784866333 seconds ---

Train Epoch: 8 accuracy: 0.54 
 precision: [0.94720929 0.         0.56651819 0.22395931 0.61523271 0.41395008
 0.05913942 0.0065167  0.00861645] 
 recall: [0.59114453 1.         0.26980872 0.71389973 0.63690006 0.52596237
 0.54618723 0.74820144 0.76642336] 
 f1: [0.72796984 0.         0.36553062 0.34095634 0.62587892 0.4632818
 0.1067232  0.01292086 0.0170413 ] 
 f1_avg: 0.6205203276989206


Validation Epoch: 8 accuracy: 0.50 
 precision: [0.92864826 0.         0.55628595 0.1734779  0.61319723 0.23972603
 0.02474916 0.         0.        ] 
 recall: [0.54733728 1.         0.24591355 0.71232877 0.58443363 0.46577947
 0.15879828 1.         1.        ] 
 f1: [0.6887382  0.         0.34105793 0.27900738 0.59847002 0.31653747
 0.04282407 0.         0.        ] 
 f1_avg: 0.5760552496301791

--- 43.806217193603516 seconds ---

Train Epoch: 9 accuracy: 0.55 
 precision: [0.94520074 0.         0.60474902 0.22562412 0.62333153 0.41377556
 0.06242021 0.00795447 0.0088077 ] 
 recall: [0.59284279 1.         0.28455256 0.7190033  0.64224318 0.54078851
 0.57594544 0.88489209 0.78832117] 
 f1: [0.72866006 0.         0.3870068  0.34346766 0.63264606 0.46883195
 0.11263337 0.01576721 0.01742076] 
 f1_avg: 0.625791561354465


Validation Epoch: 9 accuracy: 0.49 
 precision: [0.92559084 0.         0.51805054 0.15360253 0.56384547 0.27997602
 0.01775568 0.         0.        ] 
 recall: [0.52969146 1.         0.20849982 0.66438356 0.66435024 0.44391635
 0.10729614 1.         1.        ] 
 f1: [0.67379032 0.         0.2973323  0.24951768 0.60998564 0.34338235
 0.03046923 0.         0.        ] 
 f1_avg: 0.5633423007931148

--- 48.343663692474365 seconds ---

Train Epoch: 10 accuracy: 0.52 
 precision: [0.95164988 0.         0.55949792 0.24116553 0.59284997 0.42085973
 0.06902857 0.00606629 0.00933865] 
 recall: [0.5286864  1.         0.31835378 0.70069048 0.68573154 0.53440596
 0.5616863  0.88489209 0.80291971] 
 f1: [0.67974332 0.         0.40580494 0.3588285  0.6359171  0.47088459
 0.12294748 0.01204996 0.01846257] 
 f1_avg: 0.6003206359605662


Validation Epoch: 10 accuracy: 0.52 
 precision: [0.92343387 0.         0.52204176 0.17706577 0.60687023 0.23163313
 0.02142857 0.         0.        ] 
 recall: [0.5887574  1.         0.24518707 0.71917808 0.60771369 0.47053232
 0.11587983 1.         1.        ] 
 f1: [0.71906052 0.         0.33366288 0.28416779 0.60729167 0.31044214
 0.03616879 0.         0.        ] 
 f1_avg: 0.5931824361351329

--- 52.71816968917847 seconds ---

Train Epoch: 11 accuracy: 0.56 
 precision: [0.94611397 0.         0.60950737 0.23338143 0.61341292 0.40658899
 0.07132603 0.00890045 0.00976417] 
 recall: [0.61308036 1.         0.27472333 0.72830982 0.64935186 0.53826208
 0.58524489 0.9352518  0.86131387] 
 f1: [0.74403027 0.         0.37873803 0.35348973 0.63087097 0.46325065
 0.12715517 0.0176331  0.01930944] 
 f1_avg: 0.6333482217900285


Validation Epoch: 11 accuracy: 0.47 
 precision: [0.92837786 0.         0.48488121 0.16394716 0.57732891 0.26537217
 0.01894866 0.         0.        ] 
 recall: [0.50676247 1.         0.16309481 0.72260274 0.66539263 0.46768061
 0.13304721 1.         1.        ] 
 f1: [0.6556391  0.         0.24408807 0.26725776 0.61824052 0.33860977
 0.03317282 0.         0.        ] 
 f1_avg: 0.5457188753999951

--- 57.173707008361816 seconds ---

Train Epoch: 12 accuracy: 0.51 
 precision: [0.95048145 0.         0.58000673 0.22616736 0.60532461 0.42044682
 0.0701601  0.00751492 0.0078029 ] 
 recall: [0.51594003 1.         0.30463529 0.73431402 0.6623612  0.53427299
 0.6466212  0.94244604 0.78832117] 
 f1: [0.6688274  0.         0.39946219 0.34582214 0.63255979 0.47057446
 0.12658535 0.01491093 0.01545285] 
 f1_avg: 0.5920803024320699


Validation Epoch: 12 accuracy: 0.52 
 precision: [0.9250086  0.         0.51743265 0.18738404 0.57068215 0.28167354
 0.02156334 0.         0.        ] 
 recall: [0.56825866 1.         0.23719579 0.69178082 0.68311327 0.45437262
 0.10300429 1.         1.        ] 
 f1: [0.70401885 0.         0.3252802  0.29489051 0.62185671 0.34776282
 0.03566122 0.         0.        ] 
 f1_avg: 0.5883096206437685

--- 61.65003442764282 seconds ---

Train Epoch: 13 accuracy: 0.54 
 precision: [0.95137681 0.         0.56302521 0.22763697 0.590625   0.40319769
 0.07912396 0.00892857 0.01010805] 
 recall: [0.58316272 1.         0.28190079 0.73341339 0.65859778 0.5381956
 0.66522009 0.96402878 0.84671533] 
 f1: [0.72309312 0.         0.37569503 0.34743654 0.62276212 0.46101714
 0.14142612 0.01769327 0.01997761] 
 f1_avg: 0.6190893985233791


Validation Epoch: 13 accuracy: 0.52 
 precision: [0.93051464 0.         0.51261261 0.19633774 0.54648706 0.33358434
 0.02312673 0.         0.        ] 
 recall: [0.56741336 1.         0.20668362 0.6609589  0.71890202 0.42110266
 0.10729614 1.         1.        ] 
 f1: [0.70495569 0.         0.2945897  0.3027451  0.62094838 0.37226891
 0.03805175 0.         0.        ] 
 f1_avg: 0.585334097792029

--- 66.15179538726807 seconds ---

Train Epoch: 14 accuracy: 0.50 
 precision: [0.95165267 0.         0.56234097 0.22935089 0.53577095 0.43663398
 0.08437247 0.00726712 0.00963956] 
 recall: [0.50253323 1.         0.32036913 0.73191234 0.6746736  0.54471112
 0.64600124 0.94964029 0.83941606] 
 f1: [0.65773859 0.         0.40818993 0.34925865 0.5972525  0.4847212
 0.14925159 0.01442386 0.01906025] 
 f1_avg: 0.5839740501507097


Validation Epoch: 14 accuracy: 0.52 
 precision: [0.91923521 0.         0.51821561 0.2090708  0.62409812 0.29791155
 0.02430243 0.         0.        ] 
 recall: [0.58928571 1.         0.25317835 0.64726027 0.60111188 0.46102662
 0.11587983 1.         1.        ] 
 f1: [0.71817655 0.         0.34016593 0.31605351 0.61238938 0.3619403
 0.04017857 0.         0.        ] 
 f1_avg: 0.5984984856110331

New best val score, save model ...
--- 70.91194200515747 seconds ---

Train Epoch: 15 accuracy: 0.54 
 precision: [0.94908305 0.         0.58945795 0.22302425 0.60801476 0.39263097
 0.09102957 0.00894024 0.00916836] 
 recall: [0.56785954 1.         0.30682742 0.72350645 0.65841193 0.54411276
 0.68133912 0.9352518  0.82481752] 
 f1: [0.71056857 0.         0.40358098 0.34094928 0.63221057 0.45612373
 0.16060208 0.01771117 0.01813513] 
 f1_avg: 0.6168176321463144


Validation Epoch: 15 accuracy: 0.47 
 precision: [0.9042654  0.         0.53079848 0.21420256 0.59390329 0.34251012
 0.02020958 0.         0.        ] 
 recall: [0.50401522 1.         0.25354159 0.63013699 0.58895066 0.40209125
 0.11587983 1.         1.        ] 
 f1: [0.64726237 0.         0.34316618 0.31972198 0.59141661 0.36991692
 0.03441683 0.         0.        ] 
 f1_avg: 0.5556055088470747

--- 75.36625671386719 seconds ---

Train Epoch: 16 accuracy: 0.53 
 precision: [0.95243197 0.         0.58853113 0.24447514 0.60289157 0.42222559
 0.0915343  0.00740867 0.00942158] 
 recall: [0.52837505 1.         0.35996889 0.74392074 0.69748641 0.55548168
 0.69311841 0.9352518  0.89051095] 
 f1: [0.67968518 0.         0.44671142 0.36801069 0.64674838 0.4797726
 0.16171259 0.01470089 0.01864588] 
 f1_avg: 0.6094716499338356


Validation Epoch: 16 accuracy: 0.57 
 precision: [0.90985236 0.         0.52064997 0.21538462 0.61930984 0.33824805
 0.02739726 0.         0.        ] 
 recall: [0.6771978  1.         0.27933164 0.52739726 0.58617095 0.37072243
 0.13733906 1.         1.        ] 
 f1: [0.77647201 0.         0.36359338 0.30585899 0.6022849  0.3537415
 0.04568166 0.         0.        ] 
 f1_avg: 0.6330956306925982

New best val score, save model ...
--- 80.20548248291016 seconds ---

Train Epoch: 17 accuracy: 0.56 
 precision: [0.95113556 0.         0.58753803 0.24909201 0.62467397 0.40587342
 0.09297521 0.00887164 0.00871066] 
 recall: [0.59703182 1.         0.32772337 0.74121885 0.66765785 0.53294329
 0.66955983 0.92086331 0.81021898] 
 f1: [0.7335876  0.         0.42075399 0.37287624 0.64545107 0.46080883
 0.16327765 0.01757397 0.01723602] 
 f1_avg: 0.6360810597760019


Validation Epoch: 17 accuracy: 0.53 
 precision: [0.9140856  0.         0.53668478 0.22181818 0.59084406 0.37648328
 0.0246696  0.         0.        ] 
 recall: [0.62056213 1.         0.28695968 0.62671233 0.57400973 0.33174905
 0.12017167 1.         1.        ] 
 f1: [0.73925357 0.         0.3739645  0.32766338 0.58230525 0.35270339
 0.04093567 0.         0.        ] 
 f1_avg: 0.6104819013468619

--- 84.63509726524353 seconds ---

Train Epoch: 18 accuracy: 0.54 
 precision: [0.9517764  0.         0.59786616 0.26389469 0.61155639 0.43052675
 0.09965404 0.0068125  0.00942492] 
 recall: [0.5403855  1.         0.3784252  0.75833083 0.69483808 0.55209095
 0.73217607 0.92086331 0.86131387] 
 f1: [0.68937046 0.         0.46348382 0.39153685 0.65054266 0.48378922
 0.17543078 0.01352494 0.01864581] 
 f1_avg: 0.6193736953578086


Validation Epoch: 18 accuracy: 0.58 
 precision: [0.901361   0.         0.51403061 0.24859551 0.62835703 0.36315229
 0.03455285 0.         0.        ] 
 recall: [0.7067836  1.         0.29277152 0.60616438 0.55281445 0.32414449
 0.14592275 1.         1.        ] 
 f1: [0.79230086 0.         0.37306179 0.35258964 0.58817006 0.34254144
 0.0558751  0.         0.        ] 
 f1_avg: 0.6414621235313399

New best val score, save model ...
--- 89.58707642555237 seconds ---

Train Epoch: 19 accuracy: 0.56 
 precision: [0.95182811 0.         0.59888422 0.26557274 0.6160516  0.42901708
 0.09820109 0.00828919 0.00888889] 
 recall: [0.58554972 1.         0.33780009 0.76283398 0.67012034 0.53945881
 0.70055797 0.95683453 0.84671533] 
 f1: [0.72505622 0.         0.43195587 0.39398403 0.64194948 0.47794074
 0.1722561  0.01643599 0.01759308] 
 f1_avg: 0.6342610515129007


Validation Epoch: 19 accuracy: 0.54 
 precision: [0.91602937 0.         0.52664797 0.23345818 0.59543058 0.3875803
 0.03911205 0.         0.        ] 
 recall: [0.6328191  1.         0.27279332 0.64041096 0.5886032  0.34410646
 0.15879828 1.         1.        ] 
 f1: [0.74853143 0.         0.35941613 0.34217749 0.5919972  0.36455186
 0.06276506 0.         0.        ] 
 f1_avg: 0.6163262168933892

--- 94.07046151161194 seconds ---

Train Epoch: 20 accuracy: 0.56 
 precision: [0.95160882 0.         0.60724344 0.27226655 0.61485785 0.45218262
 0.1136554  0.00727473 0.00988386] 
 recall: [0.56810484 1.         0.38118304 0.75803062 0.68833341 0.57024134
 0.75697458 0.94964029 0.87591241] 
 f1: [0.71146768 0.         0.4683624  0.40063467 0.64952431 0.5043959
 0.19763678 0.01443885 0.01954716] 
 f1_avg: 0.6354734373736767


Validation Epoch: 20 accuracy: 0.58 
 precision: [0.90799562 0.         0.50122399 0.2433936  0.63000818 0.36186047
 0.03801478 0.         0.        ] 
 recall: [0.70076078 1.         0.29749364 0.59931507 0.53544128 0.36977186
 0.15450644 1.         1.        ] 
 f1: [0.79103053 0.         0.37337588 0.34619189 0.57888805 0.36577339
 0.06101695 0.         0.        ] 
 f1_avg: 0.6406163141979091

--- 98.51026511192322 seconds ---

Train Epoch: 21 accuracy: 0.58 
 precision: [0.95436259 0.         0.59498165 0.28224833 0.62527916 0.46174072
 0.11219374 0.00904341 0.0089832 ] 
 recall: [0.61774113 1.         0.34960931 0.77184029 0.67643916 0.57210292
 0.73527588 0.97122302 0.84671533] 
 f1: [0.75001289 0.         0.44042582 0.41334405 0.64985382 0.51103127
 0.19468155 0.01791996 0.01777778] 
 f1_avg: 0.6550125587118986


Validation Epoch: 21 accuracy: 0.55 
 precision: [0.91052863 0.         0.52439024 0.23294723 0.59401709 0.37219251
 0.04318489 0.         0.        ] 
 recall: [0.65701606 1.         0.28114784 0.61986301 0.57956915 0.33079848
 0.13733906 1.         1.        ] 
 f1: [0.76327257 0.         0.36604398 0.33863424 0.58670419 0.3502768
 0.06570842 0.         0.        ] 
 f1_avg: 0.6239532025617636

--- 102.89270162582397 seconds ---

Train Epoch: 22 accuracy: 0.56 
 precision: [0.9554851  0.         0.61241958 0.2759554  0.62104082 0.46000651
 0.10470046 0.0067406  0.01026498] 
 recall: [0.56865206 1.         0.39716437 0.76523566 0.69418761 0.56359285
 0.70427774 0.89208633 0.94160584] 
 f1: [0.71297857 0.         0.4818445  0.40563335 0.65558018 0.50655831
 0.18229961 0.01338009 0.02030856] 
 f1_avg: 0.6394277542001979


Validation Epoch: 22 accuracy: 0.57 
 precision: [0.91844022 0.         0.51033668 0.23673997 0.61467181 0.34504294
 0.03474903 0.         0.        ] 
 recall: [0.67941674 1.         0.31383945 0.62671233 0.55316192 0.42015209
 0.15450644 1.         1.        ] 
 f1: [0.78105071 0.         0.38866397 0.34366197 0.582297   0.37891127
 0.05673759 0.         0.        ] 
 f1_avg: 0.6387890137924989

--- 107.34051609039307 seconds ---

Train Epoch: 23 accuracy: 0.57 
 precision: [0.95240948 0.         0.59862497 0.27563278 0.62982563 0.43260847
 0.10310966 0.0088595  0.00790337] 
 recall: [0.60005095 1.         0.34787682 0.77154008 0.67462714 0.56080048
 0.70303782 0.96402878 0.77372263] 
 f1: [0.73624319 0.         0.44003667 0.40616357 0.65145703 0.48843337
 0.17984299 0.01755765 0.01564691] 
 f1_avg: 0.6446520295125255


Validation Epoch: 23 accuracy: 0.55 
 precision: [0.91567142 0.         0.51031322 0.21251241 0.6283293  0.31757755
 0.03833145 0.         0.        ] 
 recall: [0.66430685 1.         0.24264439 0.73287671 0.54100069 0.40874525
 0.14592275 1.         1.        ] 
 f1: [0.76999388 0.         0.32890202 0.32948422 0.58140403 0.35743973
 0.06071429 0.         0.        ] 
 f1_avg: 0.6209424502143481

--- 111.79945921897888 seconds ---

Train Epoch: 24 accuracy: 0.57 
 precision: [0.95453856 0.         0.6185022  0.27654793 0.64986588 0.4869812
 0.09119497 0.00826647 0.00942457] 
 recall: [0.59389948 1.         0.37230845 0.73881717 0.69790457 0.58194269
 0.70117793 0.97841727 0.89781022] 
 f1: [0.73222169 0.         0.46481858 0.40245298 0.6730291  0.53024383
 0.1613985  0.01639443 0.01865332] 
 f1_avg: 0.6521834636570977


Validation Epoch: 24 accuracy: 0.56 
 precision: [0.9136998  0.         0.49053146 0.22035928 0.62271805 0.33389121
 0.04373522 0.         0.        ] 
 recall: [0.67793745 1.         0.2916818  0.63013699 0.5333565  0.37927757
 0.15879828 1.         1.        ] 
 f1: [0.77835739 0.         0.36583144 0.32653061 0.57458357 0.35514019
 0.06858202 0.         0.        ] 
 f1_avg: 0.6305238634741336

--- 116.24011993408203 seconds ---

Train Epoch: 25 accuracy: 0.57 
 precision: [0.95842671 0.         0.61168643 0.27870853 0.65507584 0.46543827
 0.10274882 0.00770452 0.00848133] 
 recall: [0.58509685 1.         0.3738288  0.75412789 0.70636064 0.59450834
 0.67203968 0.94244604 0.8540146 ] 
 f1: [0.72661339 0.         0.46405372 0.40699935 0.6797523  0.52211485
 0.1782455  0.0152841  0.01679587] 
 f1_avg: 0.6490497463453122


Validation Epoch: 25 accuracy: 0.54 
 precision: [0.92628802 0.         0.47330257 0.2123431  0.62702489 0.31540342
 0.0267335  0.         0.        ] 
 recall: [0.63070583 1.         0.26080639 0.69520548 0.5514246  0.4904943
 0.13733906 1.         1.        ] 
 f1: [0.75044003 0.         0.33629977 0.32532051 0.58679978 0.38392857
 0.04475524 0.         0.        ] 
 f1_avg: 0.6133710341443329

--- 120.66923952102661 seconds ---

Train Epoch: 26 accuracy: 0.58 
 precision: [0.95622213 0.         0.61362714 0.26356101 0.66079373 0.46677845
 0.10054691 0.00911731 0.00953318] 
 recall: [0.60484381 1.         0.37414701 0.75412789 0.69702179 0.59224786
 0.74085555 0.97122302 0.91970803] 
 f1: [0.74098732 0.         0.46485679 0.39060799 0.67842446 0.52208059
 0.17706327 0.01806503 0.01887075] 
 f1_avg: 0.6573497937249033


Validation Epoch: 26 accuracy: 0.55 
 precision: [0.91344551 0.         0.50120192 0.22458101 0.61836658 0.3255627
 0.03822314 0.         0.        ] 
 recall: [0.63672866 1.         0.30294224 0.68835616 0.57088256 0.38498099
 0.15879828 1.         1.        ] 
 f1: [0.75038914 0.         0.37763188 0.33866891 0.5936766  0.35278746
 0.06161532 0.         0.        ] 
 f1_avg: 0.6198587303471884

--- 125.18031787872314 seconds ---

Train Epoch: 27 accuracy: 0.58 
 precision: [0.95857096 0.         0.61643396 0.28399387 0.65063441 0.5009714
 0.12863028 0.00752901 0.00891979] 
 recall: [0.57565265 1.         0.40741788 0.77874512 0.7171398  0.61717971
 0.77433354 0.95683453 0.9270073 ] 
 f1: [0.71932658 0.         0.49059094 0.41620538 0.68227026 0.55303685
 0.22061291 0.01494046 0.01766957] 
 f1_avg: 0.652438306806237


Validation Epoch: 27 accuracy: 0.56 
 precision: [0.90949071 0.         0.45625    0.23728814 0.63459801 0.34660422
 0.04171364 0.         0.        ] 
 recall: [0.67740913 1.         0.2916818  0.62328767 0.48818624 0.42205323
 0.15879828 1.         1.        ] 
 f1: [0.77647914 0.         0.35586085 0.34372049 0.55184603 0.3806258
 0.06607143 0.         0.        ] 
 f1_avg: 0.6257603001223512

--- 129.57809329032898 seconds ---

Train Epoch: 28 accuracy: 0.60 
 precision: [0.95880682 0.         0.60095052 0.28343007 0.66785746 0.47254455
 0.12194167 0.00921499 0.00936516] 
 recall: [0.62410959 1.         0.38001626 0.77694386 0.69488454 0.60647563
 0.77247365 0.95683453 0.89051095] 
 f1: [0.75607345 0.         0.46560388 0.41534264 0.68110299 0.53119814
 0.21063308 0.01825419 0.0185354 ] 
 f1_avg: 0.6684338133913516


Validation Epoch: 28 accuracy: 0.54 
 precision: [0.91826997 0.         0.5036452  0.22401848 0.61152416 0.33144246
 0.03239289 0.         0.        ] 
 recall: [0.63038884 1.         0.30112604 0.66438356 0.57157748 0.38878327
 0.13304721 1.         1.        ] 
 f1: [0.74757221 0.         0.37690384 0.33506045 0.59087644 0.35783027
 0.05210084 0.         0.        ] 
 f1_avg: 0.6177781083965498

--- 133.9700026512146 seconds ---

Train Epoch: 29 accuracy: 0.57 
 precision: [0.95863411 0.         0.62546031 0.28890847 0.65022645 0.49774912
 0.13178787 0.00654907 0.0088949 ] 
 recall: [0.56257607 1.         0.43237987 0.78745122 0.72708266 0.59543913
 0.77185369 0.89208633 0.91240876] 
 f1: [0.7090468  0.         0.51129926 0.42272361 0.6865102  0.54222922
 0.22513562 0.01300267 0.01761804] 
 f1_avg: 0.6493345518262607


Validation Epoch: 29 accuracy: 0.55 
 precision: [0.91263603 0.         0.47988506 0.24509804 0.63933054 0.31754161
 0.03105096 0.         0.        ] 
 recall: [0.63799662 1.         0.30330548 0.59931507 0.53092425 0.47148289
 0.16738197 1.         1.        ] 
 f1: [0.75099502 0.         0.37168929 0.34791252 0.5801063  0.37949503
 0.05238415 0.         0.        ] 
 f1_avg: 0.6185969417755955

--- 138.38499188423157 seconds ---

Train Epoch: 30 accuracy: 0.60 
 precision: [0.95839876 0.         0.61310218 0.30239591 0.65116879 0.47597278
 0.13236953 0.00951714 0.00878809] 
 recall: [0.61620326 1.         0.39012835 0.78054638 0.704084   0.60913503
 0.80037198 0.97841727 0.90510949] 
 f1: [0.75011772 0.         0.47683665 0.43591248 0.67659337 0.5343832
 0.22716875 0.01885093 0.01740717] 
 f1_avg: 0.6669139033430079


Validation Epoch: 30 accuracy: 0.54 
 precision: [0.91666667 0.         0.44436906 0.22690058 0.62884615 0.32915129
 0.02745793 0.         0.        ] 
 recall: [0.64275148 1.         0.23792227 0.66438356 0.56810285 0.42395437
 0.13304721 1.         1.        ] 
 f1: [0.75565217 0.         0.30991247 0.33827376 0.59693319 0.37058579
 0.04552129 0.         0.        ] 
 f1_avg: 0.6131174160751857

--- 142.7688114643097 seconds ---

Train Epoch: 31 accuracy: 0.59 
 precision: [0.96052234 0.         0.6076961  0.30274914 0.6569177  0.49354101
 0.13790925 0.00844806 0.00885264] 
 recall: [0.59959808 1.         0.39253262 0.79345542 0.72424848 0.61724619
 0.81215127 0.97122302 0.9270073 ] 
 f1: [0.73831141 0.         0.47697199 0.43827212 0.68894193 0.54850526
 0.23578114 0.01675042 0.0175378 ] 
 f1_avg: 0.6626660415601308


Validation Epoch: 31 accuracy: 0.56 
 precision: [0.91017285 0.         0.49097938 0.22515723 0.64675548 0.32704403
 0.03441683 0.         0.        ] 
 recall: [0.67878276 1.         0.27678896 0.6130137  0.52293259 0.39543726
 0.15450644 1.         1.        ] 
 f1: [0.77762983 0.         0.35400697 0.32934683 0.57829011 0.35800344
 0.05629398 0.         0.        ] 
 f1_avg: 0.6288564168889843

--- 147.1929738521576 seconds ---

Train Epoch: 32 accuracy: 0.60 
 precision: [0.9600696  0.         0.61307977 0.30253438 0.66570988 0.48105394
 0.14268893 0.00893566 0.00928108] 
 recall: [0.61429744 1.         0.39210833 0.79915941 0.72197184 0.61784456
 0.82641042 0.97122302 0.91970803] 
 f1: [0.74921322 0.         0.47830587 0.43891179 0.69270032 0.54093542
 0.2433592  0.0177084  0.01837672] 
 f1_avg: 0.6693391632420282


Validation Epoch: 32 accuracy: 0.57 
 precision: [0.90976616 0.         0.48250825 0.22405063 0.64488392 0.33942559
 0.03201708 0.         0.        ] 
 recall: [0.69885883 1.         0.26552851 0.60616438 0.52119527 0.37072243
 0.12875536 1.         1.        ] 
 f1: [0.79048643 0.         0.3425492  0.3271719  0.57647963 0.35438437
 0.05128205 0.         0.        ] 
 f1_avg: 0.6336135572180716

--- 151.70587611198425 seconds ---

Train Epoch: 33 accuracy: 0.59 
 precision: [0.9594259  0.         0.61695131 0.31139944 0.6626964  0.48450099
 0.1419181  0.00819021 0.00954156] 
 recall: [0.59410705 1.         0.41127179 0.80696488 0.72898759 0.61518516
 0.81649101 0.96402878 0.93430657] 
 f1: [0.73381345 0.         0.49354011 0.44938561 0.69426315 0.54207798
 0.24180666 0.01624242 0.0188902 ] 
 f1_avg: 0.6629873127002454


Validation Epoch: 33 accuracy: 0.57 
 precision: [0.90346303 0.         0.50126263 0.2375     0.66542578 0.35081374
 0.03854626 0.         0.        ] 
 recall: [0.71396872 1.         0.28841264 0.58561644 0.49687283 0.36882129
 0.15021459 1.         1.        ] 
 f1: [0.79761553 0.         0.36615172 0.33794466 0.56892779 0.35959222
 0.06134969 0.         0.        ] 
 f1_avg: 0.6409122245094804

--- 156.07288026809692 seconds ---

Train Epoch: 34 accuracy: 0.60 
 precision: [0.9577849  0.         0.61433979 0.31408749 0.66656573 0.48047234
 0.14332425 0.00919995 0.00952604] 
 recall: [0.6261192  1.         0.39019906 0.8018613  0.71593179 0.62489196
 0.81525108 0.97122302 0.89051095] 
 f1: [0.75722705 0.         0.47726339 0.45137305 0.69036738 0.5432477
 0.2437894  0.01822723 0.01885043] 
 f1_avg: 0.6741490329621053


Validation Epoch: 34 accuracy: 0.57 
 precision: [0.90079576 0.         0.48978247 0.23439667 0.65789474 0.3570658
 0.03870162 0.         0.        ] 
 recall: [0.71766695 1.         0.2698874  0.57876712 0.5038221  0.31463878
 0.13304721 1.         1.        ] 
 f1: [0.79887085 0.         0.34800937 0.33366239 0.57064148 0.33451238
 0.05996132 0.         0.        ] 
 f1_avg: 0.6372479100975382

--- 160.5405707359314 seconds ---

Train Epoch: 35 accuracy: 0.58 
 precision: [0.95724521 0.         0.61903022 0.31228152 0.65925138 0.48642206
 0.13501715 0.00769005 0.01004315] 
 recall: [0.58237964 1.         0.41933317 0.80456319 0.72011337 0.62402766
 0.80533168 0.94244604 0.93430657] 
 f1: [0.72417657 0.         0.49997892 0.44992865 0.68833966 0.5466989
 0.23126224 0.01525562 0.01987269] 
 f1_avg: 0.6578043386237266


Validation Epoch: 35 accuracy: 0.56 
 precision: [0.90304632 0.         0.49876084 0.25801749 0.67235495 0.36902655
 0.03766707 0.         0.        ] 
 recall: [0.68596788 1.         0.29240828 0.60616438 0.47915219 0.39638783
 0.13304721 1.         1.        ] 
 f1: [0.77967934 0.         0.36867415 0.36196319 0.55954555 0.38221815
 0.05871212 0.         0.        ] 
 f1_avg: 0.6313390069695821

--- 164.95103335380554 seconds ---

Train Epoch: 36 accuracy: 0.60 
 precision: [0.95599686 0.         0.61249929 0.32588857 0.66776316 0.49530022
 0.13865863 0.00907345 0.0091086 ] 
 recall: [0.62087347 1.         0.38220839 0.81477034 0.7073828  0.64111429
 0.79851209 0.98561151 0.8540146 ] 
 f1: [0.75282422 0.         0.47069581 0.46556308 0.68700223 0.55885251
 0.23628692 0.01798136 0.01802496] 
 f1_avg: 0.6715640384036808


Validation Epoch: 36 accuracy: 0.57 
 precision: [0.89361427 0.         0.49565217 0.24347826 0.66666667 0.3786295
 0.04132231 0.         0.        ] 
 recall: [0.73045224 1.         0.26916092 0.57534247 0.48644892 0.30988593
 0.12875536 1.         1.        ] 
 f1: [0.80383721 0.         0.34887006 0.34215886 0.56247489 0.34082593
 0.06256517 0.         0.        ] 
 f1_avg: 0.6393830550959488

--- 169.30727219581604 seconds ---

Train Epoch: 37 accuracy: 0.58 
 precision: [0.95689392 0.         0.62057124 0.29704181 0.66678316 0.49203502
 0.11823817 0.00808251 0.00982395] 
 recall: [0.59061618 1.         0.40253863 0.8018613  0.70919481 0.62017153
 0.78053317 0.96402878 0.91240876] 
 f1: [0.7304082  0.         0.48832272 0.43349834 0.68733536 0.54872202
 0.20536661 0.01603063 0.01943861] 
 f1_avg: 0.6591856347437408


Validation Epoch: 37 accuracy: 0.55 
 precision: [0.90676417 0.         0.47536058 0.2461964  0.65715741 0.34920635
 0.03293085 0.         0.        ] 
 recall: [0.68131868 1.         0.28732292 0.60958904 0.44822794 0.3973384
 0.12875536 1.         1.        ] 
 f1: [0.77803922 0.         0.35816165 0.35073892 0.53294774 0.37172076
 0.05244755 0.         0.        ] 
 f1_avg: 0.6231341190424114

--- 173.68708848953247 seconds ---

Train Epoch: 38 accuracy: 0.60 
 precision: [0.95359814 0.         0.61416638 0.32839266 0.68018721 0.50358255
 0.12819249 0.00946133 0.00953932] 
 recall: [0.61948656 1.         0.3743238  0.81146803 0.70900897 0.64483744
 0.80595164 0.98561151 0.89781022] 
 f1: [0.75106093 0.         0.46514795 0.46756617 0.6942991  0.56552287
 0.22120129 0.01874273 0.01887806] 
 f1_avg: 0.6709741120400288


Validation Epoch: 38 accuracy: 0.56 
 precision: [0.90594059 0.         0.49125081 0.23233696 0.65082922 0.34482759
 0.03121748 0.         0.        ] 
 recall: [0.69611158 1.         0.275336   0.58561644 0.50451703 0.37072243
 0.12875536 1.         1.        ] 
 f1: [0.78728489 0.         0.35288641 0.33268482 0.56840869 0.35730646
 0.05025126 0.         0.        ] 
 f1_avg: 0.6323764178378936

--- 178.1502206325531 seconds ---

Train Epoch: 39 accuracy: 0.61 
 precision: [0.95928011 0.         0.64130087 0.32439024 0.68444214 0.51145833
 0.14331551 0.0082421  0.00984496] 
 recall: [0.62056212 1.         0.42460135 0.79855899 0.73707197 0.62023802
 0.83075015 0.96402878 0.9270073 ] 
 f1: [0.75361057 0.         0.51092344 0.46136502 0.70978278 0.56062017
 0.24445863 0.01634445 0.01948301] 
 f1_avg: 0.6814310505620066


Validation Epoch: 39 accuracy: 0.54 
 precision: [0.91843393 0.         0.46795314 0.22747253 0.64971252 0.28512397
 0.02962298 0.         0.        ] 
 recall: [0.65437447 1.         0.24664003 0.70890411 0.51042391 0.45912548
 0.1416309  1.         1.        ] 
 f1: [0.76423768 0.         0.32302569 0.34442596 0.57170656 0.35178441
 0.04899777 0.         0.        ] 
 f1_avg: 0.6147716301408048

--- 182.57222199440002 seconds ---

Train Epoch: 40 accuracy: 0.61 
 precision: [0.95790105 0.         0.6204681  0.32171582 0.67168779 0.50201143
 0.13053075 0.00998979 0.00942008] 
 recall: [0.63243106 1.         0.38242054 0.79255479 0.71890536 0.63054318
 0.80657161 0.98561151 0.93430657] 
 f1: [0.76186146 0.         0.47319261 0.45765797 0.69449494 0.55898388
 0.22469775 0.01977911 0.01865209] 
 f1_avg: 0.678079137947402


Validation Epoch: 40 accuracy: 0.54 
 precision: [0.91712454 0.         0.4704142  0.20979766 0.62850557 0.31093007
 0.02166934 0.         0.        ] 
 recall: [0.63493238 1.         0.2310207  0.67465753 0.56845031 0.43536122
 0.11587983 1.         1.        ] 
 f1: [0.75037463 0.         0.30986602 0.32006499 0.59697136 0.36277228
 0.03651116 0.         0.        ] 
 f1_avg: 0.6091826219026818

--- 187.02730011940002 seconds ---

Train Epoch: 41 accuracy: 0.60 
 precision: [0.96272307 0.         0.63033714 0.31317794 0.66469461 0.51290654
 0.14961594 0.00802732 0.00917692] 
 recall: [0.60160768 1.         0.4118375  0.81477034 0.74125354 0.63014427
 0.83323001 0.96402878 0.94160584] 
 f1: [0.74048483 0.         0.49818228 0.45244644 0.70088962 0.56551313
 0.25368063 0.01592205 0.01817669] 
 f1_avg: 0.6707274697234552


Validation Epoch: 41 accuracy: 0.55 
 precision: [0.91674061 0.         0.51293103 0.23420479 0.65722616 0.30085023
 0.03268551 0.         0.        ] 
 recall: [0.65500845 1.         0.25935343 0.73630137 0.54829743 0.43726236
 0.15879828 1.         1.        ] 
 f1: [0.76408234 0.         0.34451146 0.3553719  0.5978405  0.35645099
 0.05421245 0.         0.        ] 
 f1_avg: 0.6233017503019683

--- 191.4565553665161 seconds ---

Train Epoch: 42 accuracy: 0.61 
 precision: [0.96200564 0.         0.63443685 0.32028264 0.67217373 0.49029424
 0.14200999 0.00951182 0.00909351] 
 recall: [0.62468511 1.         0.38418838 0.83008106 0.73344794 0.63812247
 0.84624923 0.97841727 0.9270073 ] 
 f1: [0.75748926 0.         0.478573   0.46221999 0.70147529 0.55452523
 0.24320713 0.01884048 0.01801035] 
 f1_avg: 0.6770383924018419


Validation Epoch: 42 accuracy: 0.56 
 precision: [0.91345196 0.         0.50699301 0.23970944 0.64439044 0.3445527
 0.03146509 0.         0.        ] 
 recall: [0.67804311 1.         0.26334907 0.67808219 0.55281445 0.36977186
 0.13733906 1.         1.        ] 
 f1: [0.77833707 0.         0.34664117 0.35420394 0.59510006 0.3567171
 0.0512     0.         0.        ] 
 f1_avg: 0.6312264092324643

--- 195.90506744384766 seconds ---

Train Epoch: 43 accuracy: 0.61 
 precision: [0.96248722 0.         0.63237119 0.33337341 0.66811189 0.5160595
 0.15193523 0.00857125 0.00933069] 
 recall: [0.6129294  1.         0.41441856 0.83248274 0.7445988  0.6366598
 0.84934904 0.97841727 0.9270073 ] 
 f1: [0.74892788 0.         0.50070486 0.47609237 0.70428477 0.5700509
 0.25776105 0.01699363 0.01847541] 
 f1_avg: 0.6775041894582577


Validation Epoch: 43 accuracy: 0.57 
 precision: [0.9098576  0.         0.50156937 0.24761905 0.65553677 0.34936709
 0.03682394 0.         0.        ] 
 recall: [0.69537194 1.         0.29022884 0.62328767 0.53891591 0.39353612
 0.13733906 1.         1.        ] 
 f1: [0.78828532 0.         0.36769443 0.35443038 0.59153318 0.37013858
 0.05807623 0.         0.        ] 
 f1_avg: 0.6406813073270311

--- 200.27092695236206 seconds ---

Train Epoch: 44 accuracy: 0.62 
 precision: [0.96210523 0.         0.63679403 0.33965728 0.68119365 0.51274172
 0.14858543 0.00961134 0.00965926] 
 recall: [0.64124312 1.         0.40423576 0.83308316 0.73711843 0.64344126
 0.82703038 0.98561151 0.9270073 ] 
 f1: [0.76956871 0.         0.49453901 0.48256673 0.70805347 0.57070409
 0.251912   0.01903703 0.01911931] 
 f1_avg: 0.6895274766158487


Validation Epoch: 44 accuracy: 0.57 
 precision: [0.91213448 0.         0.48872679 0.25373134 0.63763608 0.35416667
 0.03406593 0.         0.        ] 
 recall: [0.68226965 1.         0.26770795 0.64041096 0.56984017 0.371673
 0.13304721 1.         1.        ] 
 f1: [0.78063229 0.         0.34592819 0.36345967 0.60183486 0.36270872
 0.05424322 0.         0.        ] 
 f1_avg: 0.6341568800597207

--- 204.61943888664246 seconds ---

Train Epoch: 45 accuracy: 0.62 
 precision: [0.96243059 0.         0.63553944 0.35347892 0.67587338 0.52737472
 0.15604472 0.00883539 0.00989795] 
 recall: [0.62792124 1.         0.42134851 0.83578505 0.74696836 0.65002327
 0.83942963 0.99280576 0.94160584] 
 f1: [0.75999612 0.         0.50673981 0.49683234 0.70964467 0.5823109
 0.26316812 0.01751491 0.01958998] 
 f1_avg: 0.687282872500207


Validation Epoch: 45 accuracy: 0.57 
 precision: [0.90923142 0.         0.48232475 0.25       0.64528302 0.35139712
 0.03652968 0.         0.        ] 
 recall: [0.68374894 1.         0.29240828 0.61643836 0.53474635 0.39448669
 0.13733906 1.         1.        ] 
 f1: [0.78053193 0.         0.36408865 0.35573123 0.58483755 0.37169727
 0.05770965 0.         0.        ] 
 f1_avg: 0.6346448007840715

--- 209.03724908828735 seconds ---

Train Epoch: 46 accuracy: 0.63 
 precision: [0.9637252  0.         0.63944377 0.33840165 0.68479572 0.5215469
 0.15836945 0.00980182 0.00957046] 
 recall: [0.64945137 1.         0.40971608 0.83518463 0.73827998 0.65095406
 0.83818971 0.98561151 0.9270073 ] 
 f1: [0.77597538 0.         0.49942894 0.4816482  0.71053279 0.57910924
 0.26640394 0.0194106  0.01894533] 
 f1_avg: 0.6953067051048398


Validation Epoch: 46 accuracy: 0.55 
 precision: [0.91568047 0.         0.46164384 0.24723247 0.62042175 0.34456613
 0.03003876 0.         0.        ] 
 recall: [0.65405748 1.         0.24482383 0.68835616 0.58269632 0.38878327
 0.13304721 1.         1.        ] 
 f1: [0.76306706 0.         0.31996202 0.3638009  0.60096757 0.36534167
 0.04901186 0.         0.        ] 
 f1_avg: 0.6198473992734063

--- 213.47602605819702 seconds ---

Train Epoch: 47 accuracy: 0.62 
 precision: [0.96378214 0.         0.63655407 0.36101782 0.67359322 0.53742596
 0.15715601 0.00881057 0.00956335] 
 recall: [0.62038286 1.         0.42976346 0.83908736 0.75305487 0.66351971
 0.84686919 0.99280576 0.94160584] 
 f1: [0.75486319 0.         0.51310735 0.50483157 0.71111111 0.5938532
 0.26511402 0.01746614 0.01893439] 
 f1_avg: 0.686549628342717


Validation Epoch: 47 accuracy: 0.56 
 precision: [0.91047174 0.         0.47851336 0.24932249 0.64384678 0.34803922
 0.03219316 0.         0.        ] 
 recall: [0.65870668 1.         0.29930984 0.63013699 0.54899236 0.40494297
 0.13733906 1.         1.        ] 
 f1: [0.76439213 0.         0.36826816 0.35728155 0.59264816 0.37434095
 0.05215974 0.         0.        ] 
 f1_avg: 0.6276377672566055

--- 217.91627502441406 seconds ---

Train Epoch: 48 accuracy: 0.63 
 precision: [0.96422256 0.         0.63776451 0.3446433  0.68519235 0.52199851
 0.16288512 0.00960931 0.00924914] 
 recall: [0.6430546  1.         0.41558533 0.83248274 0.74064954 0.65155242
 0.84562926 0.98561151 0.9270073 ] 
 f1: [0.7715505  0.         0.50324321 0.48747473 0.71184246 0.57962443
 0.2731551  0.01903306 0.01831555] 
 f1_avg: 0.6936309950388884


Validation Epoch: 48 accuracy: 0.54 
 precision: [0.92090826 0.         0.45326774 0.23702032 0.61901253 0.33722741
 0.02575897 0.         0.        ] 
 recall: [0.63852494 1.         0.23428987 0.71917808 0.58373871 0.41159696
 0.12017167 1.         1.        ] 
 f1: [0.75414951 0.         0.30890805 0.3565365  0.60085837 0.37071918
 0.04242424 0.         0.        ] 
 f1_avg: 0.6130611356851497

--- 222.3948118686676 seconds ---

Train Epoch: 49 accuracy: 0.62 
 precision: [0.96451798 0.         0.64068651 0.35508268 0.67374005 0.5381935
 0.14925702 0.00902079 0.00957602] 
 recall: [0.61988282 1.         0.43160202 0.83158211 0.75528504 0.65720364
 0.84066956 0.99280576 0.95620438] 
 f1: [0.75471828 0.         0.51575968 0.49766439 0.71218593 0.59177443
 0.25350533 0.01787912 0.01896215] 
 f1_avg: 0.6866006681223639


Validation Epoch: 49 accuracy: 0.56 
 precision: [0.91227817 0.         0.47565982 0.24258065 0.6387987  0.34411997
 0.03121636 0.         0.        ] 
 recall: [0.66811074 1.         0.29458772 0.64383562 0.54690757 0.41444867
 0.12446352 1.         1.        ] 
 f1: [0.77133272 0.         0.36384029 0.35238988 0.5892924  0.37602415
 0.04991394 0.         0.        ] 
 f1_avg: 0.6302563536611774

--- 226.89965152740479 seconds ---

Train Epoch: 50 accuracy: 0.62 
 precision: [0.96499337 0.         0.63889946 0.33245065 0.68493857 0.52153772
 0.15557638 0.00980813 0.00891089] 
 recall: [0.63823343 1.         0.41544391 0.82918043 0.74078892 0.65122
 0.8233106  0.98561151 0.91970803] 
 f1: [0.76831429 0.         0.50349231 0.47461122 0.71176983 0.5792088
 0.26170066 0.01942298 0.01765077] 
 f1_avg: 0.6913298203431242


Validation Epoch: 50 accuracy: 0.55 
 precision: [0.92041268 0.         0.45298559 0.23950057 0.63507109 0.33383686
 0.0326087  0.         0.        ] 
 recall: [0.65986898 1.         0.23973847 0.72260274 0.55872133 0.42015209
 0.12875536 1.         1.        ] 
 f1: [0.76866269 0.         0.31353919 0.3597613  0.59445471 0.37205387
 0.05203816 0.         0.        ] 
 f1_avg: 0.6212340207909006

--- 231.3178746700287 seconds ---

Train Epoch: 51 accuracy: 0.62 
 precision: [0.96520246 0.         0.64330875 0.35494142 0.68166919 0.53373968
 0.14811208 0.00924747 0.00902437] 
 recall: [0.62048665 1.         0.43170809 0.83668568 0.75365888 0.65786849
 0.84872908 0.99280576 0.9270073 ] 
 f1: [0.75537536 0.         0.51668324 0.49843512 0.71585869 0.58933889
 0.25221076 0.01832426 0.01787474] 
 f1_avg: 0.687387756302974


Validation Epoch: 51 accuracy: 0.57 
 precision: [0.90574839 0.         0.49327878 0.24350205 0.6483705  0.34507042
 0.03891051 0.         0.        ] 
 recall: [0.69759087 1.         0.30657465 0.60958904 0.52536484 0.37262357
 0.12875536 1.         1.        ] 
 f1: [0.78815734 0.         0.3781362  0.34799609 0.58042226 0.3583181
 0.05976096 0.         0.        ] 
 f1_avg: 0.6395798435954637

--- 235.79251074790955 seconds ---

Train Epoch: 52 accuracy: 0.62 
 precision: [0.96434274 0.         0.64596956 0.33956084 0.68255804 0.51796188
 0.14649321 0.00953375 0.00892531] 
 recall: [0.63254427 1.         0.41565605 0.8402882  0.74037077 0.65760255
 0.80285183 0.98561151 0.89051095] 
 f1: [0.76397324 0.         0.50583021 0.4836703  0.71028996 0.57948853
 0.24777576 0.01888483 0.01767348] 
 f1_avg: 0.6889783826503735


Validation Epoch: 52 accuracy: 0.56 
 precision: [0.90907839 0.         0.4769905  0.23840206 0.65692784 0.32885375
 0.03863636 0.         0.        ] 
 recall: [0.69727388 1.         0.23719579 0.63356164 0.51563586 0.39543726
 0.14592275 1.         1.        ] 
 f1: [0.78921246 0.         0.31683649 0.34644195 0.57776913 0.35908502
 0.06109614 0.         0.        ] 
 f1_avg: 0.62963837729645

--- 240.1578984260559 seconds ---

Train Epoch: 53 accuracy: 0.62 
 precision: [0.96431135 0.         0.64987854 0.36165549 0.68719688 0.53647768
 0.1626222  0.00916639 0.00927857] 
 recall: [0.63375192 1.         0.42566206 0.84208946 0.74390187 0.66245595
 0.8766274  0.99280576 0.94160584] 
 f1: [0.76484352 0.         0.51439925 0.50599802 0.71442595 0.59284822
 0.27435002 0.01816507 0.01837607] 
 f1_avg: 0.6931917438203277


Validation Epoch: 53 accuracy: 0.56 
 precision: [0.90979454 0.         0.48127208 0.2240099  0.6610545  0.32082414
 0.03068783 0.         0.        ] 
 recall: [0.68311496 1.         0.24736651 0.61986301 0.51841557 0.41444867
 0.12446352 1.         1.        ] 
 f1: [0.78032589 0.         0.32677543 0.32909091 0.58111003 0.36167565
 0.04923599 0.         0.        ] 
 f1_avg: 0.6265055765106278

--- 244.5673201084137 seconds ---

Train Epoch: 54 accuracy: 0.63 
 precision: [0.9647077  0.         0.65190906 0.35958948 0.68905311 0.5363191
 0.16587965 0.00967446 0.0092354 ] 
 recall: [0.64706437 1.         0.42378814 0.84148904 0.74078892 0.66956984
 0.84934904 0.98561151 0.94160584] 
 f1: [0.77458593 0.         0.51366003 0.50386482 0.71398504 0.59558236
 0.27755267 0.01916084 0.01829139] 
 f1_avg: 0.699107531165564


Validation Epoch: 54 accuracy: 0.56 
 precision: [0.91108919 0.         0.47427293 0.2235434  0.66296625 0.31301939
 0.02874743 0.         0.        ] 
 recall: [0.68322063 1.         0.2310207  0.64383562 0.51876303 0.42965779
 0.12017167 1.         1.        ] 
 f1: [0.78087072 0.         0.31069858 0.33186231 0.58206628 0.36217949
 0.04639602 0.         0.        ] 
 f1_avg: 0.624365842799323

--- 248.96375346183777 seconds ---

Train Epoch: 55 accuracy: 0.63 
 precision: [0.96471543 0.         0.65031994 0.36261491 0.69215223 0.54101343
 0.16923807 0.00945659 0.00918616] 
 recall: [0.63921465 1.         0.42760669 0.85259682 0.74785114 0.67222924
 0.88406696 0.99280576 0.93430657] 
 f1: [0.76893656 0.         0.51595563 0.50882379 0.71892447 0.59952564
 0.28409204 0.01873473 0.01819345] 
 f1_avg: 0.6971693048195994


Validation Epoch: 55 accuracy: 0.56 
 precision: [0.91147956 0.         0.48093842 0.21352313 0.66607063 0.31100478
 0.0278607  0.         0.        ] 
 recall: [0.68543956 1.         0.23828551 0.61643836 0.51772064 0.43250951
 0.12017167 1.         1.        ] 
 f1: [0.78246185 0.         0.31867865 0.31718062 0.5826002  0.36182903
 0.04523425 0.         0.        ] 
 f1_avg: 0.6263834648253722

--- 253.40665483474731 seconds ---

Train Epoch: 56 accuracy: 0.63 
 precision: [0.96463247 0.         0.64948116 0.35143571 0.69248806 0.53534708
 0.16944006 0.00990027 0.00929462] 
 recall: [0.65052693 1.         0.42046459 0.84509156 0.74097477 0.66810717
 0.86484811 0.98561151 0.94160584] 
 f1: [0.77703712 0.         0.51046295 0.49642889 0.71591139 0.59440435
 0.2833638  0.01960363 0.01840753] 
 f1_avg: 0.7001174516135126


Validation Epoch: 56 accuracy: 0.56 
 precision: [0.91245934 0.         0.47485632 0.22853688 0.6621856  0.31601124
 0.02675917 0.         0.        ] 
 recall: [0.68174134 1.         0.24010171 0.64726027 0.53057679 0.42775665
 0.11587983 1.         1.        ] 
 f1: [0.7804052  0.         0.31893848 0.33780161 0.58912037 0.3634895
 0.04347826 0.         0.        ] 
 f1_avg: 0.626825836274715

--- 257.8496124744415 seconds ---

Train Epoch: 57 accuracy: 0.63 
 precision: [0.96489261 0.         0.65283341 0.3592381  0.69703892 0.53626117
 0.17254712 0.00964158 0.00926791] 
 recall: [0.64126199 1.         0.43216773 0.84929451 0.75138224 0.67056712
 0.88530688 0.99280576 0.94160584] 
 f1: [0.77047248 0.         0.52006127 0.50490808 0.72319113 0.5959408
 0.28880574 0.0190977  0.01835515] 
 f1_avg: 0.6989383670374792


Validation Epoch: 57 accuracy: 0.56 
 precision: [0.91380999 0.         0.47645429 0.22466422 0.66637129 0.31502086
 0.02804746 0.         0.        ] 
 recall: [0.69008876 1.         0.24990919 0.63013699 0.52258513 0.43060837
 0.11158798 1.         1.        ] 
 f1: [0.7863464  0.         0.32785323 0.33123312 0.58578384 0.36385542
 0.04482759 0.         0.        ] 
 f1_avg: 0.6310214085503364

--- 262.3221049308777 seconds ---

Train Epoch: 58 accuracy: 0.63 
 precision: [0.96485172 0.         0.65211977 0.35100412 0.69824409 0.53164557
 0.16955267 0.01007005 0.0094554 ] 
 recall: [0.65136663 1.         0.42583884 0.84479135 0.74826929 0.66458347
 0.87414755 0.99280576 0.94160584] 
 f1: [0.77770706 0.         0.5152293  0.49594642 0.72239167 0.59072777
 0.28401652 0.01993787 0.01872279] 
 f1_avg: 0.7017619430550432


Validation Epoch: 58 accuracy: 0.57 
 precision: [0.91262001 0.         0.47853624 0.24030038 0.65859873 0.31703704
 0.03075171 0.         0.        ] 
 recall: [0.69304734 1.         0.24700327 0.65753425 0.53891591 0.40684411
 0.11587983 1.         1.        ] 
 f1: [0.78782055 0.         0.32582655 0.35197067 0.59277661 0.35636969
 0.04860486 0.         0.        ] 
 f1_avg: 0.6326743368592881

--- 266.69455671310425 seconds ---

Train Epoch: 59 accuracy: 0.63 
 precision: [0.96515694 0.         0.65673713 0.36707222 0.69881738 0.53448184
 0.16767461 0.00969169 0.0093403 ] 
 recall: [0.64316782 1.         0.43496093 0.85139598 0.75774753 0.66830663
 0.8766274  0.99280576 0.9270073 ] 
 f1: [0.77193102 0.         0.52332234 0.5129782  0.72709035 0.59394942
 0.28150508 0.01919599 0.01849425] 
 f1_avg: 0.7007328551836922


Validation Epoch: 59 accuracy: 0.57 
 precision: [0.9114135  0.         0.46811308 0.23276983 0.65574468 0.31456456
 0.03183962 0.         0.        ] 
 recall: [0.69357566 1.         0.25862695 0.6130137  0.53544128 0.39828897
 0.11587983 1.         1.        ] 
 f1: [0.78771151 0.         0.33317735 0.33741753 0.58951798 0.35151007
 0.04995375 0.         0.        ] 
 f1_avg: 0.6327210558892896

Early stopping!

Test Epoch: accuracy: 0.51 
 precision: [0.90080092 0.         0.63661078 0.17588496 0.49883372 0.33668529
 0.02492877 0.         0.        ] 
 recall: [0.54586424 1.         0.36136831 0.58029197 0.59570235 0.48110697
 0.30973451 1.         1.        ] 
 f1: [0.67979105 0.         0.46103363 0.26994907 0.5429815  0.39614373
 0.0461437  0.         0.        ] 
 f1_avg: 0.5970191380953725

--- 271.67217803001404 seconds ---

Test Epoch: accuracy: 0.58 
 precision: [0.901361   0.         0.51403061 0.24859551 0.62835703 0.36315229
 0.03455285 0.         0.        ] 
 recall: [0.7067836  1.         0.29277152 0.60616438 0.55281445 0.32414449
 0.14592275 1.         1.        ] 
 f1: [0.79230086 0.         0.37306179 0.35258964 0.58817006 0.34254144
 0.0558751  0.         0.        ] 
 f1_avg: 0.6414621235313399

--- 271.81092643737793 seconds ---
