{'name': 'bonobo_wav2vec2_lstm_binary_ar_bi_42', 'data_path': '/data/zifjia/data_bonobo/wav2vec2_split_42', 'test_only': False, 'balance_weights': True, 'binary': True, 'model_type': 'lstm', 'model_autoregressive': True, 'n_embedding': 768, 'd_hid': 1024, 'nlayers': 2, 'batch_size': 1, 'n_epoch': 200, 'lr': 0.0001, 'dropout': 0.4, 'patience': 10, 'step_factor': 0.7, 'seed': 42}
cuda
Reading data ...
train, dev, test number of files: 22, 3, 3.
dev files:  ['1758', '861', '2100']
test files:  ['960', '1398', '852']
data_all: (33867, 769)
train_data_all: (29950, 769)
Labels in train_data_all:  {0: 27185, 1: 2765}
--- 1.1787941455841064 seconds ---
LSTM(
  (lstm_forward): LSTM(770, 1024, num_layers=2, dropout=0.4)
  (hidden2tag_forward): Linear(in_features=1024, out_features=2, bias=True)
  (lstm_backward): LSTM(770, 1024, num_layers=2, dropout=0.4)
  (hidden2tag_backward): Linear(in_features=1024, out_features=2, bias=True)
)
Number of parameters: 31510532

Train Epoch: 1 accuracy: 0.73 
 precision: [0.92839795 0.15202177] 
 recall: [0.7593158  0.42423146] 
 f1: [0.8353872 0.2238336] 
 f1_avg: 0.7789282446039045


Validation Epoch: 1 accuracy: 0.49 
 precision: [0.99362477 0.14826303] 
 recall: [0.44277597 0.97154472] 
 f1: [0.6125772  0.25726588] 
 f1_avg: 0.5803238509300553

New best val score, save model ...
--- 80.1263575553894 seconds ---

Train Epoch: 2 accuracy: 0.59 
 precision: [0.98760385 0.17431006] 
 recall: [0.55096561 0.93200723] 
 f1: [0.70732686 0.29369195] 
 f1_avg: 0.6691398672352207


Validation Epoch: 2 accuracy: 0.66 
 precision: [0.96795647 0.18276515] 
 recall: [0.64975649 0.78455285] 
 f1: [0.77756192 0.29646697] 
 f1_avg: 0.7338905736154405

New best val score, save model ...
--- 153.50706028938293 seconds ---

Train Epoch: 3 accuracy: 0.76 
 precision: [0.98955945 0.26986142] 
 recall: [0.74610999 0.92260398] 
 f1: [0.85076129 0.41758062] 
 f1_avg: 0.8107698222559918


Validation Epoch: 3 accuracy: 0.76 
 precision: [0.96459723 0.2325887 ] 
 recall: [0.76298701 0.7195122 ] 
 f1: [0.8520281  0.35153923] 
 f1_avg: 0.8065962674887699

New best val score, save model ...
--- 226.24202966690063 seconds ---

Train Epoch: 4 accuracy: 0.86 
 precision: [0.98588413 0.39515211] 
 recall: [0.8632334  0.87848101] 
 f1: [0.9204911  0.54510772] 
 f1_avg: 0.8858355021316523


Validation Epoch: 4 accuracy: 0.76 
 precision: [0.98306878 0.26097561] 
 recall: [0.75405844 0.8699187 ] 
 f1: [0.85346808 0.40150094] 
 f1_avg: 0.8124408001438412

New best val score, save model ...
--- 299.2365782260895 seconds ---

Train Epoch: 5 accuracy: 0.88 
 precision: [0.99205821 0.43627119] 
 recall: [0.87765312 0.93092224] 
 f1: [0.93135552 0.59411425] 
 f1_avg: 0.9002212248538458


Validation Epoch: 5 accuracy: 0.79 
 precision: [0.95471878 0.24673203] 
 recall: [0.81290584 0.61382114] 
 f1: [0.87812363 0.35198135] 
 f1_avg: 0.8303631132380094

New best val score, save model ...
--- 371.2937948703766 seconds ---

Train Epoch: 6 accuracy: 0.92 
 precision: [0.99015032 0.53875803] 
 recall: [0.92076513 0.90994575] 
 f1: [0.95419804 0.67679892] 
 f1_avg: 0.9285884025015488


Validation Epoch: 6 accuracy: 0.82 
 precision: [0.93688889 0.22608696] 
 recall: [0.85551948 0.42276423] 
 f1: [0.89435723 0.29461756] 
 f1_avg: 0.8399159205510933

New best val score, save model ...
--- 443.78454852104187 seconds ---

Train Epoch: 7 accuracy: 0.94 
 precision: [0.99170851 0.59892044] 
 recall: [0.93713445 0.92296564] 
 f1: [0.96364943 0.72644463] 
 f1_avg: 0.9417505571882047


Validation Epoch: 7 accuracy: 0.71 
 precision: [0.98165138 0.22153209] 
 recall: [0.69480519 0.8699187 ] 
 f1: [0.81368821 0.35313531] 
 f1_avg: 0.771881565971478

--- 515.226539850235 seconds ---

Train Epoch: 8 accuracy: 0.86 
 precision: [0.99327738 0.39539115] 
 recall: [0.85330145 0.94321881] 
 f1: [0.91798413 0.55720543] 
 f1_avg: 0.8846768483499117


Validation Epoch: 8 accuracy: 0.74 
 precision: [0.98031711 0.23836549] 
 recall: [0.72767857 0.85365854] 
 f1: [0.8353133  0.37267081] 
 f1_avg: 0.7933169710748371

--- 586.1337192058563 seconds ---

Train Epoch: 9 accuracy: 0.89 
 precision: [0.99131973 0.45267636] 
 recall: [0.88640795 0.92368897] 
 f1: [0.93593304 0.60758891] 
 f1_avg: 0.9056201343722318


Validation Epoch: 9 accuracy: 0.74 
 precision: [0.98125689 0.23660714] 
 recall: [0.7224026  0.86178862] 
 f1: [0.83216456 0.37127846] 
 f1_avg: 0.7903276693031764

--- 658.0231142044067 seconds ---

Train Epoch: 10 accuracy: 0.90 
 precision: [0.997169   0.48341402] 
 recall: [0.89402244 0.97504521] 
 f1: [0.94278289 0.64636778] 
 f1_avg: 0.9154176841917423


Validation Epoch: 10 accuracy: 0.81 
 precision: [0.98016857 0.2972583 ] 
 recall: [0.8023539  0.83739837] 
 f1: [0.88239232 0.43876464] 
 f1_avg: 0.8421220614238721

New best val score, save model ...
--- 730.0036957263947 seconds ---

Train Epoch: 11 accuracy: 0.92 
 precision: [0.99669296 0.55276175] 
 recall: [0.92017657 0.96998192] 
 f1: [0.9569076  0.70421426] 
 f1_avg: 0.9335788147512376


Validation Epoch: 11 accuracy: 0.85 
 precision: [0.94572297 0.2972973 ] 
 recall: [0.88392857 0.49186992] 
 f1: [0.91378225 0.37059724] 
 f1_avg: 0.8644746838614638

New best val score, save model ...
--- 801.982589006424 seconds ---

Train Epoch: 12 accuracy: 0.93 
 precision: [0.98920078 0.57860465] 
 recall: [0.93334559 0.89981917] 
 f1: [0.96046182 0.70431706] 
 f1_avg: 0.9368143940790328


Validation Epoch: 12 accuracy: 0.86 
 precision: [0.94342833 0.31476323] 
 recall: [0.90016234 0.45934959] 
 f1: [0.92128764 0.37355372] 
 f1_avg: 0.8715671463812807

New best val score, save model ...
--- 874.1577770709991 seconds ---

Train Epoch: 13 accuracy: 0.94 
 precision: [0.9891091 0.6259773] 
 recall: [0.94544786 0.89764919] 
 f1: [0.96678578 0.73759287] 
 f1_avg: 0.9456265692226924


Validation Epoch: 13 accuracy: 0.84 
 precision: [0.94480946 0.28103044] 
 recall: [0.87540584 0.48780488] 
 f1: [0.9087845  0.35661218] 
 f1_avg: 0.8586611048581246

--- 945.476601600647 seconds ---

Train Epoch: 14 accuracy: 0.94 
 precision: [0.99255056 0.63631865] 
 recall: [0.94592606 0.93019892] 
 f1: [0.9686776  0.75569267] 
 f1_avg: 0.9490147205491852


Validation Epoch: 14 accuracy: 0.76 
 precision: [0.97648903 0.25251256] 
 recall: [0.75852273 0.81707317] 
 f1: [0.85381453 0.38579655] 
 f1_avg: 0.8113302380335217

--- 1016.7990701198578 seconds ---

Train Epoch: 15 accuracy: 0.91 
 precision: [0.99348534 0.51209915] 
 recall: [0.90877322 0.94141049] 
 f1: [0.94924306 0.66335372] 
 f1_avg: 0.9228496076667813


Validation Epoch: 15 accuracy: 0.69 
 precision: [0.99392097 0.22159624] 
 recall: [0.66355519 0.95934959] 
 f1: [0.79581407 0.36003051] 
 f1_avg: 0.7562558546226819

--- 1087.994913816452 seconds ---

Train Epoch: 16 accuracy: 0.85 
 precision: [0.99708391 0.3868655 ] 
 recall: [0.84270738 0.97576854] 
 f1: [0.91341879 0.55406099] 
 f1_avg: 0.8802426874545827


Validation Epoch: 16 accuracy: 0.76 
 precision: [0.98510638 0.2626506 ] 
 recall: [0.75162338 0.88617886] 
 f1: [0.85267035 0.40520446] 
 f1_avg: 0.8120516751184066

--- 1158.7024447917938 seconds ---

Train Epoch: 17 accuracy: 0.92 
 precision: [0.99810507 0.52807461] 
 recall: [0.91064926 0.98300181] 
 f1: [0.95237362 0.68705763] 
 f1_avg: 0.9278795106822808


Validation Epoch: 17 accuracy: 0.80 
 precision: [0.97237296 0.27818448] 
 recall: [0.79991883 0.77235772] 
 f1: [0.87775551 0.40904198] 
 f1_avg: 0.8352080835394469

--- 1229.8781342506409 seconds ---

Train Epoch: 18 accuracy: 0.93 
 precision: [0.9970736  0.57709629] 
 recall: [0.92746    0.97323689] 
 f1: [0.96100778 0.72455574] 
 f1_avg: 0.9391783968765451


Validation Epoch: 18 accuracy: 0.81 
 precision: [0.98077871 0.30396476] 
 recall: [0.80762987 0.84146341] 
 f1: [0.88582239 0.44660194] 
 f1_avg: 0.8459521946784687

--- 1301.6509499549866 seconds ---

Train Epoch: 19 accuracy: 0.92 
 precision: [0.99731204 0.53702229] 
 recall: [0.91443811 0.97576854] 
 f1: [0.95407879 0.69277186] 
 f1_avg: 0.9299547974543128


Validation Epoch: 19 accuracy: 0.84 
 precision: [0.95732255 0.31198347] 
 recall: [0.8648539  0.61382114] 
 f1: [0.908742   0.41369863] 
 f1_avg: 0.8638044876461851

--- 1373.2122468948364 seconds ---

Train Epoch: 20 accuracy: 0.93 
 precision: [0.99476315 0.55501686] 
 recall: [0.92234688 0.9522604 ] 
 f1: [0.9571873  0.70129178] 
 f1_avg: 0.9335628920537422


Validation Epoch: 20 accuracy: 0.87 
 precision: [0.93819992 0.32441472] 
 recall: [0.91801948 0.39430894] 
 f1: [0.928     0.3559633] 
 f1_avg: 0.8760734215782526

New best val score, save model ...
--- 1444.5852818489075 seconds ---

Train Epoch: 21 accuracy: 0.94 
 precision: [0.98116981 0.65681159] 
 recall: [0.95644657 0.81952984] 
 f1: [0.96865046 0.72920354] 
 f1_avg: 0.9465445933392613


Validation Epoch: 21 accuracy: 0.80 
 precision: [0.97135802 0.27445255] 
 recall: [0.79829545 0.76422764] 
 f1: [0.87636445 0.40386681] 
 f1_avg: 0.8334735170557686

--- 1516.0988068580627 seconds ---

Train Epoch: 22 accuracy: 0.93 
 precision: [0.9980941  0.57019937] 
 recall: [0.92466434 0.98264014] 
 f1: [0.95997709 0.72164675] 
 f1_avg: 0.9379743018287167


Validation Epoch: 22 accuracy: 0.83 
 precision: [0.96198424 0.2965642 ] 
 recall: [0.84212662 0.66666667] 
 f1: [0.89807401 0.41051314] 
 f1_avg: 0.8538157170918866

--- 1587.0719876289368 seconds ---

Train Epoch: 23 accuracy: 0.94 
 precision: [0.99831465 0.61361587] 
 recall: [0.93695052 0.98444846] 
 f1: [0.96665971 0.75600611] 
 f1_avg: 0.9472120561493297


Validation Epoch: 23 accuracy: 0.85 
 precision: [0.94478261 0.2902439 ] 
 recall: [0.88189935 0.48373984] 
 f1: [0.91225861 0.36280488] 
 f1_avg: 0.8623819947267485

--- 1658.2592585086823 seconds ---

Train Epoch: 24 accuracy: 0.96 
 precision: [0.99669612 0.68341837] 
 recall: [0.95434983 0.96889693] 
 f1: [0.97506342 0.80149589] 
 f1_avg: 0.9590395743519424


Validation Epoch: 24 accuracy: 0.86 
 precision: [0.94185059 0.3079096 ] 
 recall: [0.90056818 0.44308943] 
 f1: [0.92074689 0.36333333] 
 f1_avg: 0.8701477239668663

--- 1729.487807750702 seconds ---

Train Epoch: 25 accuracy: 0.96 
 precision: [0.9956583  0.71784457] 
 recall: [0.96167004 0.95877034] 
 f1: [0.97836907 0.82099721] 
 f1_avg: 0.963840418803273


Validation Epoch: 25 accuracy: 0.85 
 precision: [0.95194004 0.30995475] 
 recall: [0.87621753 0.55691057] 
 f1: [0.91251057 0.39825581] 
 f1_avg: 0.8658291386477922

--- 1800.372938156128 seconds ---

Train Epoch: 26 accuracy: 0.96 
 precision: [0.99766149 0.6996119 ] 
 recall: [0.95729262 0.97793852] 
 f1: [0.97706026 0.81568627] 
 f1_avg: 0.9621621265943673


Validation Epoch: 26 accuracy: 0.81 
 precision: [0.97498774 0.29061103] 
 recall: [0.80681818 0.79268293] 
 f1: [0.88296691 0.42529989] 
 f1_avg: 0.8414222294280058

--- 1870.7716312408447 seconds ---

Train Epoch: 27 accuracy: 0.94 
 precision: [0.99877972 0.60140783] 
 recall: [0.93334559 0.98878843] 
 f1: [0.96495465 0.7479141 ] 
 f1_avg: 0.9449173491304049


Validation Epoch: 27 accuracy: 0.81 
 precision: [0.97714008 0.30428135] 
 recall: [0.81534091 0.80894309] 
 f1: [0.88893805 0.44222222] 
 f1_avg: 0.8483874647596035

--- 1940.579929113388 seconds ---

Train Epoch: 28 accuracy: 0.93 
 precision: [0.99865293 0.57983015] 
 recall: [0.9272025  0.98770344] 
 f1: [0.96160229 0.73070234] 
 f1_avg: 0.9402854824467894


Validation Epoch: 28 accuracy: 0.87 
 precision: [0.97069272 0.3930131 ] 
 recall: [0.88717532 0.73170732] 
 f1: [0.92705683 0.51136364] 
 f1_avg: 0.8893223167137987

New best val score, save model ...
--- 2010.815950870514 seconds ---

Train Epoch: 29 accuracy: 0.93 
 precision: [0.99631858 0.56996587] 
 recall: [0.92584146 0.96636528] 
 f1: [0.95978798 0.7170267 ] 
 f1_avg: 0.9373761257648924


Validation Epoch: 29 accuracy: 0.89 
 precision: [0.92988048 0.35      ] 
 recall: [0.94724026 0.28455285] 
 f1: [0.9384801  0.31390135] 
 f1_avg: 0.8817840179786578

--- 2080.9298791885376 seconds ---

Train Epoch: 30 accuracy: 0.94 
 precision: [0.97882326 0.6635514 ] 
 recall: [0.95894795 0.7960217 ] 
 f1: [0.96878368 0.72377507] 
 f1_avg: 0.9461643530816793


Validation Epoch: 30 accuracy: 0.81 
 precision: [0.97595682 0.29315476] 
 recall: [0.80722403 0.80081301] 
 f1: [0.88360729 0.4291939 ] 
 f1_avg: 0.842357952468646

--- 2150.927884578705 seconds ---

Train Epoch: 31 accuracy: 0.93 
 precision: [0.99766973 0.58432304] 
 recall: [0.92918889 0.97866184] 
 f1: [0.9622124  0.73174689] 
 f1_avg: 0.9409357036162211


Validation Epoch: 31 accuracy: 0.82 
 precision: [0.97051831 0.30313015] 
 recall: [0.82832792 0.74796748] 
 f1: [0.89380337 0.43141852] 
 f1_avg: 0.8518304299899204

--- 2221.0704267024994 seconds ---

Train Epoch: 32 accuracy: 0.94 
 precision: [0.99921142 0.59829991] 
 recall: [0.93220526 0.99276673] 
 f1: [0.96454603 0.74663403] 
 f1_avg: 0.9444282733443999


Validation Epoch: 32 accuracy: 0.87 
 precision: [0.94918873 0.3451087 ] 
 recall: [0.90219156 0.51626016] 
 f1: [0.92509363 0.41368078] 
 f1_avg: 0.878670178569443

--- 2290.8506968021393 seconds ---

Train Epoch: 33 accuracy: 0.96 
 precision: [0.996864   0.70568122] 
 recall: [0.95883759 0.97034358] 
 f1: [0.97748111 0.81711588] 
 f1_avg: 0.9626761058465201


Validation Epoch: 33 accuracy: 0.84 
 precision: [0.95980126 0.31653226] 
 recall: [0.86241883 0.63821138] 
 f1: [0.90850791 0.42318059] 
 f1_avg: 0.8644523669912851

--- 2361.367959022522 seconds ---

Train Epoch: 34 accuracy: 0.96 
 precision: [0.99838536 0.69146775] 
 recall: [0.95530624 0.98481013] 
 f1: [0.97637085 0.81247203] 
 f1_avg: 0.961239621310207


Validation Epoch: 34 accuracy: 0.85 
 precision: [0.96338156 0.3313253 ] 
 recall: [0.8648539  0.67073171] 
 f1: [0.91146279 0.44354839] 
 f1_avg: 0.8689879020675468

--- 2433.3712368011475 seconds ---

Train Epoch: 35 accuracy: 0.96 
 precision: [0.99922902 0.6847094 ] 
 recall: [0.95350377 0.99276673] 
 f1: [0.97583104 0.81045173] 
 f1_avg: 0.9605631363787859


Validation Epoch: 35 accuracy: 0.86 
 precision: [0.94249471 0.31884058] 
 recall: [0.90462662 0.44715447] 
 f1: [0.9231725  0.37225042] 
 f1_avg: 0.8731625988137591

--- 2505.362419128418 seconds ---

Train Epoch: 36 accuracy: 0.97 
 precision: [0.99727087 0.75476457] 
 recall: [0.96781313 0.97396022] 
 f1: [0.98232121 0.85046581] 
 f1_avg: 0.9701482450610556


Validation Epoch: 36 accuracy: 0.86 
 precision: [0.94931271 0.33507853] 
 recall: [0.89691558 0.5203252 ] 
 f1: [0.92237062 0.40764331] 
 f1_avg: 0.8756462940149111

--- 2577.41290140152 seconds ---

Train Epoch: 37 accuracy: 0.97 
 precision: [0.99814028 0.75402554] 
 recall: [0.9674085  0.98227848] 
 f1: [0.98253414 0.85314905] 
 f1_avg: 0.970589237373691


Validation Epoch: 37 accuracy: 0.85 
 precision: [0.95657953 0.32671082] 
 recall: [0.87621753 0.60162602] 
 f1: [0.91463673 0.42346209] 
 f1_avg: 0.8700503967983988

--- 2649.283609390259 seconds ---

Train Epoch: 38 accuracy: 0.96 
 precision: [0.99877409 0.71042371] 
 recall: [0.95902152 0.98842676] 
 f1: [0.97849422 0.82667877] 
 f1_avg: 0.9644785362512824


Validation Epoch: 38 accuracy: 0.86 
 precision: [0.95941773 0.3476298 ] 
 recall: [0.88271104 0.62601626] 
 f1: [0.91946734 0.44702467] 
 f1_avg: 0.8765814033052555

--- 2719.994874715805 seconds ---

Train Epoch: 39 accuracy: 0.96 
 precision: [0.99915647 0.70896873] 
 recall: [0.9585801 0.9920434] 
 f1: [0.97844779 0.82695207] 
 f1_avg: 0.9644616240507294


Validation Epoch: 39 accuracy: 0.87 
 precision: [0.94216262 0.33333333] 
 recall: [0.91233766 0.43902439] 
 f1: [0.92701031 0.37894737] 
 f1_avg: 0.8772599463813413

--- 2791.417564868927 seconds ---

Train Epoch: 40 accuracy: 0.97 
 precision: [0.99659658 0.76297775] 
 recall: [0.96943167 0.96745027] 
 f1: [0.98282646 0.85313347] 
 f1_avg: 0.9708531302398358


Validation Epoch: 40 accuracy: 0.87 
 precision: [0.95383952 0.35459184] 
 recall: [0.89732143 0.56504065] 
 f1: [0.92471769 0.43573668] 
 f1_avg: 0.8803304848850693

--- 2863.6150732040405 seconds ---

Train Epoch: 41 accuracy: 0.97 
 precision: [0.99867309 0.76406381] 
 recall: [0.96899025 0.98734177] 
 f1: [0.98360778 0.8614705 ] 
 f1_avg: 0.9723320021245266


Validation Epoch: 41 accuracy: 0.87 
 precision: [0.95562258 0.36760925] 
 recall: [0.90016234 0.58130081] 
 f1: [0.92706374 0.4503937 ] 
 f1_avg: 0.8837940619427915

--- 2934.9825479984283 seconds ---

Train Epoch: 42 accuracy: 0.97 
 precision: [0.99912458 0.74571662] 
 recall: [0.96560603 0.99168174] 
 f1: [0.98207939 0.85128842] 
 f1_avg: 0.9700046972345542


Validation Epoch: 42 accuracy: 0.87 
 precision: [0.93708609 0.31972789] 
 recall: [0.91883117 0.38211382] 
 f1: [0.92786885 0.34814815] 
 f1_avg: 0.8752447590049671

--- 3006.7151629924774 seconds ---

Train Epoch: 43 accuracy: 0.97 
 precision: [0.9966145  0.79471182] 
 recall: [0.97458157 0.96745027] 
 f1: [0.9854749  0.87261458] 
 f1_avg: 0.9750555768360059


Validation Epoch: 43 accuracy: 0.86 
 precision: [0.95209322 0.34351145] 
 recall: [0.89529221 0.54878049] 
 f1: [0.92281949 0.42253521] 
 f1_avg: 0.8774062342318513

--- 3077.604547739029 seconds ---

Train Epoch: 44 accuracy: 0.97 
 precision: [0.99920219 0.75633958] 
 recall: [0.96748207 0.99240506] 
 f1: [0.98308633 0.85843892] 
 f1_avg: 0.9715788098956282


Validation Epoch: 44 accuracy: 0.87 
 precision: [0.9470339  0.34571429] 
 recall: [0.90706169 0.49186992] 
 f1: [0.92661692 0.40604027] 
 f1_avg: 0.8793616183181767

--- 3149.4771885871887 seconds ---

Train Epoch: 45 accuracy: 0.97 
 precision: [0.99886471 0.77588652] 
 recall: [0.97093986 0.98915009] 
 f1: [0.98470435 0.86963434] 
 f1_avg: 0.9740810217787301


Validation Epoch: 45 accuracy: 0.87 
 precision: [0.94304858 0.34161491] 
 recall: [0.91396104 0.44715447] 
 f1: [0.928277   0.38732394] 
 f1_avg: 0.8791720354647666

--- 3220.900190114975 seconds ---

Train Epoch: 46 accuracy: 0.98 
 precision: [0.99860493 0.7957993 ] 
 recall: [0.97425051 0.98661844] 
 f1: [0.98627739 0.88099467] 
 f1_avg: 0.9765576368128068


Validation Epoch: 46 accuracy: 0.88 
 precision: [0.95157179 0.37078652] 
 recall: [0.90909091 0.53658537] 
 f1: [0.92984641 0.43853821] 
 f1_avg: 0.8852479524658715

--- 3293.497469186783 seconds ---

Train Epoch: 47 accuracy: 0.98 
 precision: [0.99932042 0.79324285] 
 recall: [0.97366195 0.99349005] 
 f1: [0.98632434 0.88214515] 
 f1_avg: 0.9767064620079439


Validation Epoch: 47 accuracy: 0.87 
 precision: [0.95586326 0.36090226] 
 recall: [0.89650974 0.58536585] 
 f1: [0.9252356  0.44651163] 
 f1_avg: 0.8817794775001203

--- 3365.135321855545 seconds ---

Train Epoch: 48 accuracy: 0.97 
 precision: [0.99904983 0.75295411] 
 recall: [0.96693029 0.99095841] 
 f1: [0.98272768 0.85571518] 
 f1_avg: 0.9710018184847727


Validation Epoch: 48 accuracy: 0.87 
 precision: [0.94510135 0.33918129] 
 recall: [0.90827922 0.47154472] 
 f1: [0.9263245  0.39455782] 
 f1_avg: 0.8780534319737034

--- 3437.067673921585 seconds ---

Train Epoch: 49 accuracy: 0.97 
 precision: [0.99815129 0.78838897] 
 recall: [0.97318374 0.98227848] 
 f1: [0.98550941 0.8747182 ] 
 f1_avg: 0.9752811022101155


Validation Epoch: 49 accuracy: 0.87 
 precision: [0.94093004 0.3250774 ] 
 recall: [0.91152597 0.42682927] 
 f1: [0.92599464 0.36906854] 
 f1_avg: 0.875439725022407

--- 3507.956286430359 seconds ---

Train Epoch: 50 accuracy: 0.97 
 precision: [0.99879218 0.79079861] 
 recall: [0.97340445 0.98842676] 
 f1: [0.98593491 0.87863688] 
 f1_avg: 0.9760290975238619


Validation Epoch: 50 accuracy: 0.86 
 precision: [0.95246327 0.34343434] 
 recall: [0.89448052 0.55284553] 
 f1: [0.92256174 0.42367601] 
 f1_avg: 0.8772754353003679

--- 3578.4581155776978 seconds ---

Train Epoch: 51 accuracy: 0.97 
 precision: [0.99973368 0.7523186 ] 
 recall: [0.96659923 0.99746835] 
 f1: [0.98288728 0.85772042] 
 f1_avg: 0.9713318087518813


Validation Epoch: 51 accuracy: 0.87 
 precision: [0.93909053 0.31948882] 
 recall: [0.91355519 0.40650407] 
 f1: [0.92614688 0.35778175] 
 f1_avg: 0.8745535910932087

--- 3649.6733705997467 seconds ---

Train Epoch: 52 accuracy: 0.98 
 precision: [0.99867974 0.79360465] 
 recall: [0.97388266 0.98734177] 
 f1: [0.98612534 0.87993554] 
 f1_avg: 0.9763218383329741


Validation Epoch: 52 accuracy: 0.87 
 precision: [0.94221106 0.33540373] 
 recall: [0.91314935 0.43902439] 
 f1: [0.9274526  0.38028169] 
 f1_avg: 0.8777832082862007

--- 3720.9616990089417 seconds ---

Train Epoch: 53 accuracy: 0.98 
 precision: [0.9985717  0.81524664] 
 recall: [0.97726688 0.98625678] 
 f1: [0.98780442 0.89263502] 
 f1_avg: 0.9790183347585528


Validation Epoch: 53 accuracy: 0.87 
 precision: [0.94672304 0.34782609] 
 recall: [0.90868506 0.48780488] 
 f1: [0.92731414 0.40609137] 
 f1_avg: 0.880000194565039

--- 3793.3603653907776 seconds ---

Train Epoch: 54 accuracy: 0.98 
 precision: [0.99947132 0.79302393] 
 recall: [0.97358838 0.99493671] 
 f1: [0.98636008 0.8825794 ] 
 f1_avg: 0.9767789915812572


Validation Epoch: 54 accuracy: 0.87 
 precision: [0.939734   0.33223684] 
 recall: [0.91761364 0.41056911] 
 f1: [0.92854209 0.36727273] 
 f1_avg: 0.8775929194274209

--- 3864.963940382004 seconds ---

Train Epoch: 55 accuracy: 0.98 
 precision: [0.99905951 0.81353919] 
 recall: [0.97689903 0.99095841] 
 f1: [0.987855   0.89352682] 
 f1_avg: 0.9791465758544068


Validation Epoch: 55 accuracy: 0.87 
 precision: [0.93843594 0.32026144] 
 recall: [0.91558442 0.39837398] 
 f1: [0.92686935 0.35507246] 
 f1_avg: 0.8749645411855498

--- 3936.3381612300873 seconds ---

Train Epoch: 56 accuracy: 0.98 
 precision: [0.99894796 0.82068966] 
 recall: [0.97800257 0.98987342] 
 f1: [0.98836431 0.89737705] 
 f1_avg: 0.9799643195318829


Validation Epoch: 56 accuracy: 0.87 
 precision: [0.94456111 0.34650456] 
 recall: [0.91274351 0.46341463] 
 f1: [0.92837977 0.39652174] 
 f1_avg: 0.8801004090051667

--- 4007.690418958664 seconds ---

Train Epoch: 57 accuracy: 0.98 
 precision: [0.99902123 0.80891908] 
 recall: [0.97620011 0.99059675] 
 f1: [0.98747884 0.8905869 ] 
 f1_avg: 0.978533721118088


Validation Epoch: 57 accuracy: 0.87 
 precision: [0.94107814 0.33123028] 
 recall: [0.91396104 0.42682927] 
 f1: [0.92732139 0.37300178] 
 f1_avg: 0.8770030798354383

--- 4078.910685777664 seconds ---

Train Epoch: 58 accuracy: 0.98 
 precision: [0.99939702 0.80497804] 
 recall: [0.9755012  0.99421338] 
 f1: [0.98730454 0.88964401] 
 f1_avg: 0.978288469848602


Validation Epoch: 58 accuracy: 0.87 
 precision: [0.93869097 0.33108108] 
 recall: [0.91964286 0.39837398] 
 f1: [0.92906929 0.36162362] 
 f1_avg: 0.8775594619414828

--- 4149.853002548218 seconds ---

Train Epoch: 59 accuracy: 0.98 
 precision: [0.99898698 0.83045193] 
 recall: [0.97943719 0.99023508] 
 f1: [0.98911549 0.90333223] 
 f1_avg: 0.9811959381448472


Validation Epoch: 59 accuracy: 0.87 
 precision: [0.93913043 0.33559322] 
 recall: [0.92045455 0.40243902] 
 f1: [0.92969871 0.36598891] 
 f1_avg: 0.8785280037208333

--- 4221.604457616806 seconds ---

Train Epoch: 60 accuracy: 0.98 
 precision: [0.99891149 0.82708585] 
 recall: [0.97895898 0.98951175] 
 f1: [0.9888346  0.90103738] 
 f1_avg: 0.9807291133739269


Validation Epoch: 60 accuracy: 0.87 
 precision: [0.95221843 0.36612022] 
 recall: [0.90584416 0.54471545] 
 f1: [0.92845258 0.4379085 ] 
 f1_avg: 0.8839234852170387

--- 4293.247308969498 seconds ---

Train Epoch: 61 accuracy: 0.98 
 precision: [0.99958451 0.79251799] 
 recall: [0.97347802 0.9960217 ] 
 f1: [0.98635855 0.88269231] 
 f1_avg: 0.9767880306306739


Validation Epoch: 61 accuracy: 0.88 
 precision: [0.94379684 0.36038961] 
 recall: [0.9200487  0.45121951] 
 f1: [0.93177148 0.40072202] 
 f1_avg: 0.8835655103580821

--- 4364.193942308426 seconds ---

Train Epoch: 62 accuracy: 0.98 
 precision: [0.99887489 0.83231893] 
 recall: [0.97973147 0.98915009] 
 f1: [0.98921057 0.90398281] 
 f1_avg: 0.9813422981916269


Validation Epoch: 62 accuracy: 0.87 
 precision: [0.94393305 0.35      ] 
 recall: [0.91558442 0.45528455] 
 f1: [0.92954265 0.39575972] 
 f1_avg: 0.8810885492004731

Early stopping!

Test Epoch: accuracy: 0.80 
 precision: [0.96149218 0.43351064] 
 recall: [0.78952569 0.83589744] 
 f1: [0.86706457 0.5709282 ] 
 f1_avg: 0.8192214927178407

--- 4436.927835702896 seconds ---

Test Epoch: accuracy: 0.87 
 precision: [0.97069272 0.3930131 ] 
 recall: [0.88717532 0.73170732] 
 f1: [0.92705683 0.51136364] 
 f1_avg: 0.8893223167137987

--- 4438.465429782867 seconds ---
