Requirement already satisfied: scikit-learn in /net/cephfs/data/zifjia/condaenvs/audio_clf/lib/python3.8/site-packages (1.1.2)
Requirement already satisfied: scipy>=1.3.2 in /net/cephfs/data/zifjia/condaenvs/audio_clf/lib/python3.8/site-packages (from scikit-learn) (1.9.1)
Requirement already satisfied: threadpoolctl>=2.0.0 in /net/cephfs/data/zifjia/condaenvs/audio_clf/lib/python3.8/site-packages (from scikit-learn) (3.1.0)
Requirement already satisfied: joblib>=1.0.0 in /net/cephfs/data/zifjia/condaenvs/audio_clf/lib/python3.8/site-packages (from scikit-learn) (1.1.0)
Requirement already satisfied: numpy>=1.17.3 in /net/cephfs/data/zifjia/condaenvs/audio_clf/lib/python3.8/site-packages (from scikit-learn) (1.22.3)
Requirement already satisfied: tensorboard in /net/cephfs/data/zifjia/condaenvs/audio_clf/lib/python3.8/site-packages (2.10.1)
Requirement already satisfied: tensorboard-plugin-wit>=1.6.0 in /net/cephfs/home/zifjia/.local/lib/python3.8/site-packages (from tensorboard) (1.8.1)
Requirement already satisfied: requests<3,>=2.21.0 in /net/cephfs/data/zifjia/condaenvs/audio_clf/lib/python3.8/site-packages (from tensorboard) (2.28.1)
Requirement already satisfied: protobuf<3.20,>=3.9.2 in /net/cephfs/home/zifjia/.local/lib/python3.8/site-packages (from tensorboard) (3.19.4)
Requirement already satisfied: setuptools>=41.0.0 in /net/cephfs/data/zifjia/condaenvs/audio_clf/lib/python3.8/site-packages (from tensorboard) (60.8.1)
Requirement already satisfied: wheel>=0.26 in /net/cephfs/data/zifjia/condaenvs/audio_clf/lib/python3.8/site-packages (from tensorboard) (0.37.1)
Requirement already satisfied: google-auth<3,>=1.6.3 in /net/cephfs/home/zifjia/.local/lib/python3.8/site-packages (from tensorboard) (2.9.1)
Requirement already satisfied: werkzeug>=1.0.1 in /net/cephfs/data/zifjia/condaenvs/audio_clf/lib/python3.8/site-packages (from tensorboard) (2.1.2)
Requirement already satisfied: tensorboard-data-server<0.7.0,>=0.6.0 in /net/cephfs/home/zifjia/.local/lib/python3.8/site-packages (from tensorboard) (0.6.1)
Requirement already satisfied: grpcio>=1.24.3 in /net/cephfs/home/zifjia/.local/lib/python3.8/site-packages (from tensorboard) (1.47.0)
Requirement already satisfied: numpy>=1.12.0 in /net/cephfs/data/zifjia/condaenvs/audio_clf/lib/python3.8/site-packages (from tensorboard) (1.22.3)
Requirement already satisfied: absl-py>=0.4 in /net/cephfs/home/zifjia/.local/lib/python3.8/site-packages (from tensorboard) (1.2.0)
Requirement already satisfied: google-auth-oauthlib<0.5,>=0.4.1 in /net/cephfs/home/zifjia/.local/lib/python3.8/site-packages (from tensorboard) (0.4.6)
Requirement already satisfied: markdown>=2.6.8 in /net/cephfs/home/zifjia/.local/lib/python3.8/site-packages (from tensorboard) (3.4.1)
Requirement already satisfied: cachetools<6.0,>=2.0.0 in /net/cephfs/home/zifjia/.local/lib/python3.8/site-packages (from google-auth<3,>=1.6.3->tensorboard) (5.2.0)
Requirement already satisfied: six>=1.9.0 in /net/cephfs/data/zifjia/condaenvs/audio_clf/lib/python3.8/site-packages (from google-auth<3,>=1.6.3->tensorboard) (1.16.0)
Requirement already satisfied: pyasn1-modules>=0.2.1 in /net/cephfs/home/zifjia/.local/lib/python3.8/site-packages (from google-auth<3,>=1.6.3->tensorboard) (0.2.8)
Requirement already satisfied: rsa<5,>=3.1.4 in /net/cephfs/home/zifjia/.local/lib/python3.8/site-packages (from google-auth<3,>=1.6.3->tensorboard) (4.9)
Requirement already satisfied: requests-oauthlib>=0.7.0 in /net/cephfs/home/zifjia/.local/lib/python3.8/site-packages (from google-auth-oauthlib<0.5,>=0.4.1->tensorboard) (1.3.1)
Requirement already satisfied: importlib-metadata>=4.4 in /net/cephfs/home/zifjia/.local/lib/python3.8/site-packages (from markdown>=2.6.8->tensorboard) (4.12.0)
Requirement already satisfied: urllib3<1.27,>=1.21.1 in /net/cephfs/data/zifjia/condaenvs/audio_clf/lib/python3.8/site-packages (from requests<3,>=2.21.0->tensorboard) (1.26.12)
Requirement already satisfied: idna<4,>=2.5 in /net/cephfs/data/zifjia/condaenvs/audio_clf/lib/python3.8/site-packages (from requests<3,>=2.21.0->tensorboard) (3.4)
Requirement already satisfied: charset-normalizer<3,>=2 in /net/cephfs/data/zifjia/condaenvs/audio_clf/lib/python3.8/site-packages (from requests<3,>=2.21.0->tensorboard) (2.1.1)
Requirement already satisfied: certifi>=2017.4.17 in /net/cephfs/data/zifjia/condaenvs/audio_clf/lib/python3.8/site-packages (from requests<3,>=2.21.0->tensorboard) (2022.9.14)
Requirement already satisfied: zipp>=0.5 in /net/cephfs/data/zifjia/condaenvs/audio_clf/lib/python3.8/site-packages (from importlib-metadata>=4.4->markdown>=2.6.8->tensorboard) (3.8.0)
Requirement already satisfied: pyasn1<0.5.0,>=0.4.6 in /net/cephfs/home/zifjia/.local/lib/python3.8/site-packages (from pyasn1-modules>=0.2.1->google-auth<3,>=1.6.3->tensorboard) (0.4.8)
Requirement already satisfied: oauthlib>=3.0.0 in /net/cephfs/home/zifjia/.local/lib/python3.8/site-packages (from requests-oauthlib>=0.7.0->google-auth-oauthlib<0.5,>=0.4.1->tensorboard) (3.2.0)
Requirement already satisfied: torch in /net/cephfs/data/zifjia/condaenvs/audio_clf/lib/python3.8/site-packages (1.12.1)
Requirement already satisfied: torchvision in /net/cephfs/data/zifjia/condaenvs/audio_clf/lib/python3.8/site-packages (0.13.1)
Requirement already satisfied: torchaudio in /net/cephfs/data/zifjia/condaenvs/audio_clf/lib/python3.8/site-packages (0.12.1)
Requirement already satisfied: typing-extensions in /net/cephfs/data/zifjia/condaenvs/audio_clf/lib/python3.8/site-packages (from torch) (4.0.1)
Requirement already satisfied: requests in /net/cephfs/data/zifjia/condaenvs/audio_clf/lib/python3.8/site-packages (from torchvision) (2.28.1)
Requirement already satisfied: pillow!=8.3.*,>=5.3.0 in /net/cephfs/data/zifjia/condaenvs/audio_clf/lib/python3.8/site-packages (from torchvision) (9.0.1)
Requirement already satisfied: numpy in /net/cephfs/data/zifjia/condaenvs/audio_clf/lib/python3.8/site-packages (from torchvision) (1.22.3)
Requirement already satisfied: idna<4,>=2.5 in /net/cephfs/data/zifjia/condaenvs/audio_clf/lib/python3.8/site-packages (from requests->torchvision) (3.4)
Requirement already satisfied: charset-normalizer<3,>=2 in /net/cephfs/data/zifjia/condaenvs/audio_clf/lib/python3.8/site-packages (from requests->torchvision) (2.1.1)
Requirement already satisfied: urllib3<1.27,>=1.21.1 in /net/cephfs/data/zifjia/condaenvs/audio_clf/lib/python3.8/site-packages (from requests->torchvision) (1.26.12)
Requirement already satisfied: certifi>=2017.4.17 in /net/cephfs/data/zifjia/condaenvs/audio_clf/lib/python3.8/site-packages (from requests->torchvision) (2022.9.14)
{'name': 'chimp_waveform_lstm_42', 'data_path': '/home/cluster/zifjia/data/data_chimp/waveform_split_42', 'test_only': False, 'balance_weights': True, 'model_type': 'lstm', 'n_embedding': 320, 'd_hid': 1024, 'nlayers': 2, 'batch_size': 1, 'n_epoch': 200, 'lr': 0.0001, 'dropout': 0.4, 'patience': 10, 'step_factor': 0.7, 'seed': 42}
cuda
Reading data ...
train, dev, test number of files: 188, 23, 24.
dev files:  ['ASO1624_02 HW single ph_01', 'ASO1138 Sonso PS single ph_01', 'ASO1331 Sonso FK single ph feeding_01', 'ASO3453 KT pg pant ph intro, 1_20 unk hoo, 16_20 KT single ph_01', 'ASO0471 Sonso KT single ph feeding, group ph_01', 'ASO1514 MS single ph intro, KC group ph_01', 'ASO0481 Sonso KT single ph, KZ single ph feeding_01', 'ASO3132 KT single ph rest_01', 'ASO3129 KT single ph resting_01', 'ASO1614 HW single ph feeding_01', 'ASO3829 PS IN IS group ph resting, 1_30 HW single ph_01', 'ASO3462 PS single ph drum traveling_01', 'ASO3574 KT single ph feeding_01', 'ASO3856 MS single ph feeding_01', 'ASO3455 KT single ph_01', 'ASO3015 PS single ph feeding_01', 'ASO2125 KL OK KC JS group ph, FK single ph, OK KL KC KO group ph, PS single ph, PS single ph feeding_02', 'ASO3403 ZL single ph, KC fg_01', 'ASO3954 FK single ph drum traveling_01', 'ASO3404 ZL KC group ph, inf single ph other party, 3_50 KS PS ZL KC group ph, PS display, KS fg. 6_10 PS single ph_01', 'ASO3179 FK single ph resting looking at monkeys_01', 'ASO0780 Sonso ZL single ph drum_01', 'ASO3150 KT single ph_01']
test files:  ['ASO3080 HW single ph drum traveling, 2_00 HW single ph drum traveling-resting, 5_20 HW single ph drum traveling-resting_02', 'ASO4567 KC display drum (not visible), FK SM group ph drum, 1_50 ZL single ph drum travel_01', 'ASO3457 KT single ph_01', 'ASO0334 Sonso PS single ph_01', 'ASO0020 Sonso SQ single ph, PS single ph other party 2_01', 'ASO3737 HW single ph drum resting-traveling, 1_15 JN single ph feeding, HW single ph_02', 'ASO0107 Sonso Thermal Camera KZ single ph 2_50 with reply ZD, KZ SQ group ph 3_34_01', 'ASO3016 ZL single ph feeding_01', 'ASO3770 MS single ph drum traveling-resting_01', 'ASO1487 ZL single ph start, DL unk group ph, PS single ph start_01', 'ASO0910 Sonso Thermal Camera HW resting, 2_05 HW single ph, 13_45 HW PS group ph drum traveling_01', 'ASO1487 ZL single ph start, DL unk group ph, PS single ph start_02', 'ASO1035 Sonso unk group ph 100m, 0_30 ZD single ph drum, FK unk single ph drum 100m_01', 'ASO1093 Sonso SQ single ph_01', 'ASO0094 Sonso ZL single ph_01', 'ASO2877 FK single ph, KO pg-whimper, unk MB group ph_01', 'ASO2546 FK single fg ph feeding, HW single ph drum, FK fg, FK single ph, FK fg_01', 'ASO2392 group ph, 1_30 pg to ph, 1_45 NB group ph, 2_30 SM PS MB group ph, MB fg, 3_40 PS unk group ph, SM single ph, unk display to DL, 5_46 DL single ph intro_01', 'ASO2544 HW single ph drum traveling_01', 'ASO0088 Sonso HW single ph drum,  group ph, unk F ph_01', 'ASO3874 unk pg-ph start, unk group ph, 1_50 HW single ph feeding_01', 'ASO1581 HW single ph drum, MS NB unk group ph other party, HW single ph B-U, KT HW group ph_01', 'ASO3870 FK scream, MS FK group ph drum, FK MS group fg, FK MS group ph drum, MS FK fg, MS single ph intro, FK MS group ph. FK fg, 3_19 MS FK group ph feeding, 4_24 FK single ph_01', 'ASO4619 ZL unk group ph, PS single ph intro_01']
train_data_all: (78704, 321)
Labels in train_data_all:  {0.0: 866, 1.0: 38429, 2.0: 17370, 3.0: 15944, 4.0: 6095}
--- 0.5887613296508789 seconds ---
LSTM(
  (lstm): LSTM(320, 1024, num_layers=2, dropout=0.4, bidirectional=True)
  (hidden2tag): Linear(in_features=2048, out_features=5, bias=True)
)
Number of parameters: 36218885

Train Epoch: 1 accuracy: 0.19 
 precision: [0.01079988 0.48296209 0.22357237 0.22656154 0.07789233] 
 recall: [0.21593533 0.17039215 0.20443293 0.23068239 0.20082034] 
 f1: [0.02057093 0.25190913 0.21357472 0.22860339 0.11224724] 
 f1_avg: 0.22536621572223117


Validation Epoch: 1 accuracy: 0.19 
 precision: [0.00054915 0.50319635 0.23974082 0.20264734 0.12958046] 
 recall: [0.14285714 0.10339651 0.26210153 0.35781859 0.2447342 ] 
 f1: [0.00109409 0.17154421 0.25042301 0.25875252 0.16944444] 
 f1_avg: 0.20076320361823413

New best val score, save model ...
--- 8.184137105941772 seconds ---

Train Epoch: 2 accuracy: 0.16 
 precision: [0.01133992 0.48405737 0.22632387 0.21550388 0.07580471] 
 recall: [0.33256351 0.12206927 0.16977547 0.2005143  0.19589828] 
 f1: [0.021932   0.19497091 0.19401316 0.20773904 0.10931063] 
 f1_avg: 0.18880842387681837


Validation Epoch: 2 accuracy: 0.18 
 precision: [0.00076249 0.54274736 0.23103688 0.20493906 0.14579439] 
 recall: [0.28571429 0.10602364 0.19598583 0.35559265 0.23470411] 
 f1: [0.00152091 0.17739403 0.21207282 0.26002035 0.17986164] 
 f1_avg: 0.19861293112061287

--- 11.176421403884888 seconds ---

Train Epoch: 3 accuracy: 0.13 
 precision: [0.01114716 0.479224   0.22104997 0.20689415 0.07579387] 
 recall: [0.37297921 0.09063468 0.1507772  0.18596337 0.20246103] 
 f1: [0.02164734 0.15243889 0.17927305 0.19587118 0.11029675] 
 f1_avg: 0.16245708490118113


Validation Epoch: 3 accuracy: 0.17 
 precision: [5.29380625e-04 5.71836346e-01 2.87211740e-01 2.20925993e-01
 1.33281972e-01] 
 recall: [0.28571429 0.11277913 0.16174734 0.33722871 0.17352056] 
 f1: [0.0010568  0.18840125 0.20694864 0.26696035 0.15076253] 
 f1_avg: 0.20201615123046487

New best val score, save model ...
--- 14.551794290542603 seconds ---

Train Epoch: 4 accuracy: 0.13 
 precision: [0.0112265  0.47807456 0.22242315 0.20844648 0.07574498] 
 recall: [0.40069284 0.08709568 0.12746114 0.18295283 0.20935193] 
 f1: [0.02184107 0.14734757 0.16205534 0.1948694  0.11124188] 
 f1_avg: 0.15604355762968822


Validation Epoch: 4 accuracy: 0.16 
 precision: [0.00071361 0.61827957 0.24433249 0.21470704 0.16334072] 
 recall: [0.42857143 0.10790017 0.11452184 0.30383973 0.22166499] 
 f1: [0.00142484 0.18373542 0.15594855 0.2516129  0.18808511] 
 f1_avg: 0.19167163267395515

--- 17.597460508346558 seconds ---

Train Epoch: 5 accuracy: 0.12 
 precision: [0.01042154 0.48555682 0.22815481 0.20314592 0.07431341] 
 recall: [0.38568129 0.06648625 0.11980426 0.19035374 0.21132075] 
 f1: [0.0202947  0.11695773 0.15710996 0.1965419  0.10995859] 
 f1_avg: 0.14033601038796506


Validation Epoch: 5 accuracy: 0.13 
 precision: [0.00065617 0.43002346 0.13322091 0.28342575 0.10738832] 
 recall: [0.42857143 0.10320886 0.09327037 0.25598219 0.12537613] 
 f1: [0.00131033 0.16646489 0.10972222 0.26900585 0.11568718] 
 f1_avg: 0.17016629175465808

--- 20.59737515449524 seconds ---

Train Epoch: 6 accuracy: 0.11 
 precision: [0.01078422 0.49677132 0.22672157 0.20331018 0.07559814] 
 recall: [0.40762125 0.05805511 0.11410478 0.18721776 0.22395406] 
 f1: [0.02101253 0.10396086 0.1518076  0.19493241 0.1130388 ] 
 f1_avg: 0.13274014586955904


Validation Epoch: 6 accuracy: 0.20 
 precision: [0.0008261  0.5394633  0.17811159 0.34897611 0.16419753] 
 recall: [0.57142857 0.25652092 0.04899646 0.22760156 0.1334002 ] 
 f1: [0.00164982 0.34770444 0.07685185 0.27551364 0.14720531] 
 f1_avg: 0.2672004527850991

New best val score, save model ...
--- 23.981268882751465 seconds ---

Train Epoch: 7 accuracy: 0.11 
 precision: [0.01031995 0.49258499 0.22570457 0.20308379 0.07441089] 
 recall: [0.40300231 0.05618153 0.10696603 0.18834671 0.21345365] 
 f1: [0.02012455 0.10085957 0.14514491 0.19543783 0.11035243] 
 f1_avg: 0.12963999688653763


Validation Epoch: 7 accuracy: 0.18 
 precision: [0.00084104 0.51197836 0.14399206 0.29727187 0.06097561] 
 recall: [0.57142857 0.24863952 0.08559622 0.17584864 0.02507523] 
 f1: [0.00167961 0.33472275 0.10736764 0.22097902 0.0355366 ] 
 f1_avg: 0.24411231297060873

--- 26.975971221923828 seconds ---

Train Epoch: 8 accuracy: 0.10 
 precision: [0.01053675 0.49503194 0.22494455 0.19940041 0.07382116] 
 recall: [0.4295612  0.03630071 0.12843984 0.17103613 0.20574241] 
 f1: [0.02056896 0.06764128 0.1635151  0.18413234 0.1086561 ] 
 f1_avg: 0.11505796177261408


Validation Epoch: 8 accuracy: 0.20 
 precision: [0.00108155 0.52167414 0.07344633 0.24710983 0.32622222] 
 recall: [0.71428571 0.26196284 0.03069658 0.0951586  0.36810431] 
 f1: [0.00215983 0.34878201 0.04329725 0.13740458 0.34590009] 
 f1_avg: 0.25690130563777047

--- 29.959381341934204 seconds ---

Train Epoch: 9 accuracy: 0.10 
 precision: [0.01100734 0.49323817 0.22310024 0.2073047  0.0782896 ] 
 recall: [0.45727483 0.03416691 0.11865285 0.19223532 0.20607055] 
 f1: [0.0214972  0.06390694 0.15491581 0.19948583 0.11347005] 
 f1_avg: 0.11483007233726628


Validation Epoch: 9 accuracy: 0.18 
 precision: [0.00121803 0.52753304 0.21301775 0.22222222 0.        ] 
 recall: [1.         0.2696566  0.04250295 0.1246522  0.        ] 
 f1: [0.00243309 0.35688563 0.07086614 0.1597148  0.        ] 
 f1_avg: 0.23502802309913445

--- 32.96077251434326 seconds ---

Train Epoch: 10 accuracy: 0.11 
 precision: [0.0101571  0.50184023 0.22138572 0.19969743 0.07528918] 
 recall: [0.4330254  0.06031903 0.10834773 0.1738585  0.1826087 ] 
 f1: [0.01984862 0.10769374 0.14549109 0.18588433 0.10661941] 
 f1_avg: 0.1308258379155046


Validation Epoch: 10 accuracy: 0.10 
 precision: [9.20205074e-04 5.66377585e-01 1.00000000e+00 1.43067847e-01
 1.00000000e+00] 
 recall: [1.         0.15931695 0.02361275 0.05397885 0.        ] 
 f1: [0.00183872 0.2486819  0.0461361  0.07838384 0.        ] 
 f1_avg: 0.15719147183842902

--- 35.93785047531128 seconds ---

Train Epoch: 11 accuracy: 0.11 
 precision: [0.01104564 0.49089236 0.22732947 0.19836188 0.07455442] 
 recall: [0.48267898 0.06942674 0.11531376 0.1670848  0.16127974] 
 f1: [0.02159704 0.12164873 0.15301173 0.1813849  0.10197095] 
 f1_avg: 0.13804723578630773


Validation Epoch: 11 accuracy: 0.06 
 precision: [6.80117887e-04 5.67864271e-01 1.00000000e+00 1.00000000e+00
 1.00000000e+00] 
 recall: [0.85714286 0.10677425 0.         0.         0.        ] 
 f1: [0.00135916 0.17975043 0.         0.         0.        ] 
 f1_avg: 0.0975060646235707

--- 38.90627717971802 seconds ---

Train Epoch: 12 accuracy: 0.13 
 precision: [0.01068338 0.47393175 0.22151523 0.20995618 0.07974204] 
 recall: [0.48036952 0.12324026 0.15031664 0.10819117 0.12780968] 
 f1: [0.0209019  0.19561356 0.17909936 0.14279801 0.09820978] 
 f1_avg: 0.1718038563209341


Validation Epoch: 12 accuracy: 0.06 
 precision: [8.00457404e-04 5.30120482e-01 1.00000000e+00 1.00000000e+00
 1.00000000e+00] 
 recall: [1.         0.10733721 0.         0.         0.        ] 
 f1: [0.00159963 0.17852684 0.         0.         0.        ] 
 f1_avg: 0.09684250157959977

--- 41.90075087547302 seconds ---

Train Epoch: 13 accuracy: 0.18 
 precision: [0.01097277 0.49888743 0.27086882 0.19560629 0.0493043 ] 
 recall: [0.50577367 0.25670717 0.08238342 0.1278851  0.02674323] 
 f1: [0.02147954 0.33898596 0.12634088 0.15465716 0.03467716] 
 f1_avg: 0.22765355044267307


Validation Epoch: 13 accuracy: 0.00 
 precision: [7.12758375e-04 0.00000000e+00 1.00000000e+00 1.00000000e+00
 1.00000000e+00] 
 recall: [1. 0. 0. 0. 0.] 
 f1: [0.0014245 0.        0.        0.        0.       ] 
 f1_avg: 1.015015265829598e-06

--- 44.87600541114807 seconds ---

Train Epoch: 14 accuracy: 0.17 
 precision: [0.01180004 0.50582445 1.         0.20236638 0.05707196] 
 recall: [0.57159353 0.29152463 0.         0.09332664 0.06792453] 
 f1: [0.02312274 0.36987636 0.         0.12774177 0.06202712] 
 f1_avg: 0.21153655239139899


Validation Epoch: 14 accuracy: 0.00 
 precision: [7.12540717e-04 1.00000000e+00 1.00000000e+00 1.00000000e+00
 1.00000000e+00] 
 recall: [1. 0. 0. 0. 0.] 
 f1: [0.00142407 0.         0.         0.         0.        ] 
 f1_avg: 1.0147055266578466e-06

--- 47.86105251312256 seconds ---

Train Epoch: 15 accuracy: 0.15 
 precision: [0.01058787 0.4678045  1.         1.         1.        ] 
 recall: [0.66281755 0.29813422 0.         0.         0.        ] 
 f1: [0.02084279 0.36417673 0.         0.         0.        ] 
 f1_avg: 0.1780468273971921


Validation Epoch: 15 accuracy: 0.00 
 precision: [7.12540717e-04 1.00000000e+00 1.00000000e+00 1.00000000e+00
 1.00000000e+00] 
 recall: [1. 0. 0. 0. 0.] 
 f1: [0.00142407 0.         0.         0.         0.        ] 
 f1_avg: 1.0147055266578466e-06

--- 50.87944269180298 seconds ---

Train Epoch: 16 accuracy: 0.10 
 precision: [0.01117257 0.49037568 1.         1.         1.        ] 
 recall: [0.82101617 0.19225064 0.         0.         0.        ] 
 f1: [0.02204514 0.27621273 0.         0.         0.        ] 
 f1_avg: 0.13510965265437272


Validation Epoch: 16 accuracy: 0.00 
 precision: [7.12540717e-04 1.00000000e+00 1.00000000e+00 1.00000000e+00
 1.00000000e+00] 
 recall: [1. 0. 0. 0. 0.] 
 f1: [0.00142407 0.         0.         0.         0.        ] 
 f1_avg: 1.0147055266578466e-06

--- 53.846660137176514 seconds ---

Train Epoch: 17 accuracy: 0.04 
 precision: [0.00859216 0.39912847 1.         1.         1.        ] 
 recall: [0.71939954 0.06435244 0.         0.         0.        ] 
 f1: [0.01698149 0.11083473 0.         0.         0.        ] 
 f1_avg: 0.054304405887099


Validation Epoch: 17 accuracy: 0.00 
 precision: [7.12540717e-04 1.00000000e+00 1.00000000e+00 1.00000000e+00
 1.00000000e+00] 
 recall: [1. 0. 0. 0. 0.] 
 f1: [0.00142407 0.         0.         0.         0.        ] 
 f1_avg: 1.0147055266578466e-06

--- 56.83692932128906 seconds ---

Train Epoch: 18 accuracy: 0.01 
 precision: [0.01100437 0.5        1.         1.         1.        ] 
 recall: [1.00000000e+00 1.04088058e-04 0.00000000e+00 0.00000000e+00
 0.00000000e+00] 
 f1: [0.02176919 0.00020813 0.         0.         0.        ] 
 f1_avg: 0.00034115737788587464


Validation Epoch: 18 accuracy: 0.00 
 precision: [7.12540717e-04 1.00000000e+00 1.00000000e+00 1.00000000e+00
 1.00000000e+00] 
 recall: [1. 0. 0. 0. 0.] 
 f1: [0.00142407 0.         0.         0.         0.        ] 
 f1_avg: 1.0147055266578466e-06

--- 59.8096706867218 seconds ---

Train Epoch: 19 accuracy: 0.01 
 precision: [0.01100325 1.         1.         1.         1.        ] 
 recall: [1. 0. 0. 0. 0.] 
 f1: [0.021767 0.       0.       0.       0.      ] 
 f1_avg: 0.00023950777510844715


Validation Epoch: 19 accuracy: 0.00 
 precision: [7.12540717e-04 1.00000000e+00 1.00000000e+00 1.00000000e+00
 1.00000000e+00] 
 recall: [1. 0. 0. 0. 0.] 
 f1: [0.00142407 0.         0.         0.         0.        ] 
 f1_avg: 1.0147055266578466e-06

--- 62.73349046707153 seconds ---

Train Epoch: 20 accuracy: 0.01 
 precision: [0.01100325 1.         1.         1.         1.        ] 
 recall: [1. 0. 0. 0. 0.] 
 f1: [0.021767 0.       0.       0.       0.      ] 
 f1_avg: 0.00023950777510844715


Validation Epoch: 20 accuracy: 0.00 
 precision: [7.12540717e-04 1.00000000e+00 1.00000000e+00 1.00000000e+00
 1.00000000e+00] 
 recall: [1. 0. 0. 0. 0.] 
 f1: [0.00142407 0.         0.         0.         0.        ] 
 f1_avg: 1.0147055266578466e-06

--- 65.69909429550171 seconds ---

Train Epoch: 21 accuracy: 0.01 
 precision: [0.01100325 1.         1.         1.         1.        ] 
 recall: [1. 0. 0. 0. 0.] 
 f1: [0.021767 0.       0.       0.       0.      ] 
 f1_avg: 0.00023950777510844715


Validation Epoch: 21 accuracy: 0.00 
 precision: [7.12540717e-04 1.00000000e+00 1.00000000e+00 1.00000000e+00
 1.00000000e+00] 
 recall: [1. 0. 0. 0. 0.] 
 f1: [0.00142407 0.         0.         0.         0.        ] 
 f1_avg: 1.0147055266578466e-06

--- 68.6445243358612 seconds ---

Train Epoch: 22 accuracy: 0.01 
 precision: [0.01100325 1.         1.         1.         1.        ] 
 recall: [1. 0. 0. 0. 0.] 
 f1: [0.021767 0.       0.       0.       0.      ] 
 f1_avg: 0.00023950777510844715


Validation Epoch: 22 accuracy: 0.00 
 precision: [7.12540717e-04 1.00000000e+00 1.00000000e+00 1.00000000e+00
 1.00000000e+00] 
 recall: [1. 0. 0. 0. 0.] 
 f1: [0.00142407 0.         0.         0.         0.        ] 
 f1_avg: 1.0147055266578466e-06

--- 71.59974145889282 seconds ---

Train Epoch: 23 accuracy: 0.01 
 precision: [0.01100325 1.         1.         1.         1.        ] 
 recall: [1. 0. 0. 0. 0.] 
 f1: [0.021767 0.       0.       0.       0.      ] 
 f1_avg: 0.00023950777510844715


Validation Epoch: 23 accuracy: 0.00 
 precision: [7.12540717e-04 1.00000000e+00 1.00000000e+00 1.00000000e+00
 1.00000000e+00] 
 recall: [1. 0. 0. 0. 0.] 
 f1: [0.00142407 0.         0.         0.         0.        ] 
 f1_avg: 1.0147055266578466e-06

--- 74.54991698265076 seconds ---

Train Epoch: 24 accuracy: 0.01 
 precision: [0.01100325 1.         1.         1.         1.        ] 
 recall: [1. 0. 0. 0. 0.] 
 f1: [0.021767 0.       0.       0.       0.      ] 
 f1_avg: 0.00023950777510844715


Validation Epoch: 24 accuracy: 0.00 
 precision: [7.12540717e-04 1.00000000e+00 1.00000000e+00 1.00000000e+00
 1.00000000e+00] 
 recall: [1. 0. 0. 0. 0.] 
 f1: [0.00142407 0.         0.         0.         0.        ] 
 f1_avg: 1.0147055266578466e-06

--- 77.52651953697205 seconds ---

Train Epoch: 25 accuracy: 0.01 
 precision: [0.01100325 1.         1.         1.         1.        ] 
 recall: [1. 0. 0. 0. 0.] 
 f1: [0.021767 0.       0.       0.       0.      ] 
 f1_avg: 0.00023950777510844715


Validation Epoch: 25 accuracy: 0.00 
 precision: [7.12540717e-04 1.00000000e+00 1.00000000e+00 1.00000000e+00
 1.00000000e+00] 
 recall: [1. 0. 0. 0. 0.] 
 f1: [0.00142407 0.         0.         0.         0.        ] 
 f1_avg: 1.0147055266578466e-06

--- 80.52022075653076 seconds ---

Train Epoch: 26 accuracy: 0.01 
 precision: [0.01100325 1.         1.         1.         1.        ] 
 recall: [1. 0. 0. 0. 0.] 
 f1: [0.021767 0.       0.       0.       0.      ] 
 f1_avg: 0.00023950777510844715


Validation Epoch: 26 accuracy: 0.00 
 precision: [7.12540717e-04 1.00000000e+00 1.00000000e+00 1.00000000e+00
 1.00000000e+00] 
 recall: [1. 0. 0. 0. 0.] 
 f1: [0.00142407 0.         0.         0.         0.        ] 
 f1_avg: 1.0147055266578466e-06

--- 83.49950337409973 seconds ---

Train Epoch: 27 accuracy: 0.01 
 precision: [0.01100325 1.         1.         1.         1.        ] 
 recall: [1. 0. 0. 0. 0.] 
 f1: [0.021767 0.       0.       0.       0.      ] 
 f1_avg: 0.00023950777510844715


Validation Epoch: 27 accuracy: 0.00 
 precision: [7.12540717e-04 1.00000000e+00 1.00000000e+00 1.00000000e+00
 1.00000000e+00] 
 recall: [1. 0. 0. 0. 0.] 
 f1: [0.00142407 0.         0.         0.         0.        ] 
 f1_avg: 1.0147055266578466e-06

--- 86.49206495285034 seconds ---

Train Epoch: 28 accuracy: 0.01 
 precision: [0.01100325 1.         1.         1.         1.        ] 
 recall: [1. 0. 0. 0. 0.] 
 f1: [0.021767 0.       0.       0.       0.      ] 
 f1_avg: 0.00023950777510844715


Validation Epoch: 28 accuracy: 0.00 
 precision: [7.12540717e-04 1.00000000e+00 1.00000000e+00 1.00000000e+00
 1.00000000e+00] 
 recall: [1. 0. 0. 0. 0.] 
 f1: [0.00142407 0.         0.         0.         0.        ] 
 f1_avg: 1.0147055266578466e-06

--- 89.49519181251526 seconds ---

Train Epoch: 29 accuracy: 0.01 
 precision: [0.01100325 1.         1.         1.         1.        ] 
 recall: [1. 0. 0. 0. 0.] 
 f1: [0.021767 0.       0.       0.       0.      ] 
 f1_avg: 0.00023950777510844715


Validation Epoch: 29 accuracy: 0.00 
 precision: [7.12540717e-04 1.00000000e+00 1.00000000e+00 1.00000000e+00
 1.00000000e+00] 
 recall: [1. 0. 0. 0. 0.] 
 f1: [0.00142407 0.         0.         0.         0.        ] 
 f1_avg: 1.0147055266578466e-06

--- 92.46455454826355 seconds ---

Train Epoch: 30 accuracy: 0.01 
 precision: [0.01100325 1.         1.         1.         1.        ] 
 recall: [1. 0. 0. 0. 0.] 
 f1: [0.021767 0.       0.       0.       0.      ] 
 f1_avg: 0.00023950777510844715


Validation Epoch: 30 accuracy: 0.00 
 precision: [7.12540717e-04 1.00000000e+00 1.00000000e+00 1.00000000e+00
 1.00000000e+00] 
 recall: [1. 0. 0. 0. 0.] 
 f1: [0.00142407 0.         0.         0.         0.        ] 
 f1_avg: 1.0147055266578466e-06

--- 95.44549369812012 seconds ---

Train Epoch: 31 accuracy: 0.01 
 precision: [0.01100325 1.         1.         1.         1.        ] 
 recall: [1. 0. 0. 0. 0.] 
 f1: [0.021767 0.       0.       0.       0.      ] 
 f1_avg: 0.00023950777510844715


Validation Epoch: 31 accuracy: 0.00 
 precision: [7.12540717e-04 1.00000000e+00 1.00000000e+00 1.00000000e+00
 1.00000000e+00] 
 recall: [1. 0. 0. 0. 0.] 
 f1: [0.00142407 0.         0.         0.         0.        ] 
 f1_avg: 1.0147055266578466e-06

--- 98.44935035705566 seconds ---

Train Epoch: 32 accuracy: 0.01 
 precision: [0.01100325 1.         1.         1.         1.        ] 
 recall: [1. 0. 0. 0. 0.] 
 f1: [0.021767 0.       0.       0.       0.      ] 
 f1_avg: 0.00023950777510844715


Validation Epoch: 32 accuracy: 0.00 
 precision: [7.12540717e-04 1.00000000e+00 1.00000000e+00 1.00000000e+00
 1.00000000e+00] 
 recall: [1. 0. 0. 0. 0.] 
 f1: [0.00142407 0.         0.         0.         0.        ] 
 f1_avg: 1.0147055266578466e-06

--- 101.39971041679382 seconds ---

Train Epoch: 33 accuracy: 0.01 
 precision: [0.01100325 1.         1.         1.         1.        ] 
 recall: [1. 0. 0. 0. 0.] 
 f1: [0.021767 0.       0.       0.       0.      ] 
 f1_avg: 0.00023950777510844715


Validation Epoch: 33 accuracy: 0.00 
 precision: [7.12540717e-04 1.00000000e+00 1.00000000e+00 1.00000000e+00
 1.00000000e+00] 
 recall: [1. 0. 0. 0. 0.] 
 f1: [0.00142407 0.         0.         0.         0.        ] 
 f1_avg: 1.0147055266578466e-06

--- 104.37652087211609 seconds ---

Train Epoch: 34 accuracy: 0.01 
 precision: [0.01100325 1.         1.         1.         1.        ] 
 recall: [1. 0. 0. 0. 0.] 
 f1: [0.021767 0.       0.       0.       0.      ] 
 f1_avg: 0.00023950777510844715


Validation Epoch: 34 accuracy: 0.00 
 precision: [7.12540717e-04 1.00000000e+00 1.00000000e+00 1.00000000e+00
 1.00000000e+00] 
 recall: [1. 0. 0. 0. 0.] 
 f1: [0.00142407 0.         0.         0.         0.        ] 
 f1_avg: 1.0147055266578466e-06

--- 107.31505966186523 seconds ---

Train Epoch: 35 accuracy: 0.01 
 precision: [0.01100325 1.         1.         1.         1.        ] 
 recall: [1. 0. 0. 0. 0.] 
 f1: [0.021767 0.       0.       0.       0.      ] 
 f1_avg: 0.00023950777510844715


Validation Epoch: 35 accuracy: 0.00 
 precision: [7.12540717e-04 1.00000000e+00 1.00000000e+00 1.00000000e+00
 1.00000000e+00] 
 recall: [1. 0. 0. 0. 0.] 
 f1: [0.00142407 0.         0.         0.         0.        ] 
 f1_avg: 1.0147055266578466e-06

--- 110.28472995758057 seconds ---

Train Epoch: 36 accuracy: 0.01 
 precision: [0.01100325 1.         1.         1.         1.        ] 
 recall: [1. 0. 0. 0. 0.] 
 f1: [0.021767 0.       0.       0.       0.      ] 
 f1_avg: 0.00023950777510844715


Validation Epoch: 36 accuracy: 0.00 
 precision: [7.12540717e-04 1.00000000e+00 1.00000000e+00 1.00000000e+00
 1.00000000e+00] 
 recall: [1. 0. 0. 0. 0.] 
 f1: [0.00142407 0.         0.         0.         0.        ] 
 f1_avg: 1.0147055266578466e-06

--- 113.2279646396637 seconds ---

Train Epoch: 37 accuracy: 0.01 
 precision: [0.01100325 1.         1.         1.         1.        ] 
 recall: [1. 0. 0. 0. 0.] 
 f1: [0.021767 0.       0.       0.       0.      ] 
 f1_avg: 0.00023950777510844715


Validation Epoch: 37 accuracy: 0.00 
 precision: [7.12540717e-04 1.00000000e+00 1.00000000e+00 1.00000000e+00
 1.00000000e+00] 
 recall: [1. 0. 0. 0. 0.] 
 f1: [0.00142407 0.         0.         0.         0.        ] 
 f1_avg: 1.0147055266578466e-06

--- 116.14822030067444 seconds ---

Train Epoch: 38 accuracy: 0.01 
 precision: [0.01100325 1.         1.         1.         1.        ] 
 recall: [1. 0. 0. 0. 0.] 
 f1: [0.021767 0.       0.       0.       0.      ] 
 f1_avg: 0.00023950777510844715


Validation Epoch: 38 accuracy: 0.00 
 precision: [7.12540717e-04 1.00000000e+00 1.00000000e+00 1.00000000e+00
 1.00000000e+00] 
 recall: [1. 0. 0. 0. 0.] 
 f1: [0.00142407 0.         0.         0.         0.        ] 
 f1_avg: 1.0147055266578466e-06

--- 119.10255932807922 seconds ---

Train Epoch: 39 accuracy: 0.01 
 precision: [0.01100325 1.         1.         1.         1.        ] 
 recall: [1. 0. 0. 0. 0.] 
 f1: [0.021767 0.       0.       0.       0.      ] 
 f1_avg: 0.00023950777510844715


Validation Epoch: 39 accuracy: 0.00 
 precision: [7.12540717e-04 1.00000000e+00 1.00000000e+00 1.00000000e+00
 1.00000000e+00] 
 recall: [1. 0. 0. 0. 0.] 
 f1: [0.00142407 0.         0.         0.         0.        ] 
 f1_avg: 1.0147055266578466e-06

--- 122.05842471122742 seconds ---

Train Epoch: 40 accuracy: 0.01 
 precision: [0.01100325 1.         1.         1.         1.        ] 
 recall: [1. 0. 0. 0. 0.] 
 f1: [0.021767 0.       0.       0.       0.      ] 
 f1_avg: 0.00023950777510844715


Validation Epoch: 40 accuracy: 0.00 
 precision: [7.12540717e-04 1.00000000e+00 1.00000000e+00 1.00000000e+00
 1.00000000e+00] 
 recall: [1. 0. 0. 0. 0.] 
 f1: [0.00142407 0.         0.         0.         0.        ] 
 f1_avg: 1.0147055266578466e-06

--- 125.01845598220825 seconds ---

Train Epoch: 41 accuracy: 0.01 
 precision: [0.01100325 1.         1.         1.         1.        ] 
 recall: [1. 0. 0. 0. 0.] 
 f1: [0.021767 0.       0.       0.       0.      ] 
 f1_avg: 0.00023950777510844715


Validation Epoch: 41 accuracy: 0.00 
 precision: [7.12540717e-04 1.00000000e+00 1.00000000e+00 1.00000000e+00
 1.00000000e+00] 
 recall: [1. 0. 0. 0. 0.] 
 f1: [0.00142407 0.         0.         0.         0.        ] 
 f1_avg: 1.0147055266578466e-06

--- 127.98697781562805 seconds ---

Train Epoch: 42 accuracy: 0.01 
 precision: [0.01100325 1.         1.         1.         1.        ] 
 recall: [1. 0. 0. 0. 0.] 
 f1: [0.021767 0.       0.       0.       0.      ] 
 f1_avg: 0.00023950777510844715


Validation Epoch: 42 accuracy: 0.00 
 precision: [7.12540717e-04 1.00000000e+00 1.00000000e+00 1.00000000e+00
 1.00000000e+00] 
 recall: [1. 0. 0. 0. 0.] 
 f1: [0.00142407 0.         0.         0.         0.        ] 
 f1_avg: 1.0147055266578466e-06

--- 130.93363046646118 seconds ---

Train Epoch: 43 accuracy: 0.01 
 precision: [0.01100325 1.         1.         1.         1.        ] 
 recall: [1. 0. 0. 0. 0.] 
 f1: [0.021767 0.       0.       0.       0.      ] 
 f1_avg: 0.00023950777510844715


Validation Epoch: 43 accuracy: 0.00 
 precision: [7.12540717e-04 1.00000000e+00 1.00000000e+00 1.00000000e+00
 1.00000000e+00] 
 recall: [1. 0. 0. 0. 0.] 
 f1: [0.00142407 0.         0.         0.         0.        ] 
 f1_avg: 1.0147055266578466e-06

--- 133.89000868797302 seconds ---

Train Epoch: 44 accuracy: 0.01 
 precision: [0.01100325 1.         1.         1.         1.        ] 
 recall: [1. 0. 0. 0. 0.] 
 f1: [0.021767 0.       0.       0.       0.      ] 
 f1_avg: 0.00023950777510844715


Validation Epoch: 44 accuracy: 0.00 
 precision: [7.12540717e-04 1.00000000e+00 1.00000000e+00 1.00000000e+00
 1.00000000e+00] 
 recall: [1. 0. 0. 0. 0.] 
 f1: [0.00142407 0.         0.         0.         0.        ] 
 f1_avg: 1.0147055266578466e-06

--- 136.8746247291565 seconds ---

Train Epoch: 45 accuracy: 0.01 
 precision: [0.01100325 1.         1.         1.         1.        ] 
 recall: [1. 0. 0. 0. 0.] 
 f1: [0.021767 0.       0.       0.       0.      ] 
 f1_avg: 0.00023950777510844715


Validation Epoch: 45 accuracy: 0.00 
 precision: [7.12540717e-04 1.00000000e+00 1.00000000e+00 1.00000000e+00
 1.00000000e+00] 
 recall: [1. 0. 0. 0. 0.] 
 f1: [0.00142407 0.         0.         0.         0.        ] 
 f1_avg: 1.0147055266578466e-06

--- 139.83793258666992 seconds ---

Train Epoch: 46 accuracy: 0.01 
 precision: [0.01100325 1.         1.         1.         1.        ] 
 recall: [1. 0. 0. 0. 0.] 
 f1: [0.021767 0.       0.       0.       0.      ] 
 f1_avg: 0.00023950777510844715


Validation Epoch: 46 accuracy: 0.00 
 precision: [7.12540717e-04 1.00000000e+00 1.00000000e+00 1.00000000e+00
 1.00000000e+00] 
 recall: [1. 0. 0. 0. 0.] 
 f1: [0.00142407 0.         0.         0.         0.        ] 
 f1_avg: 1.0147055266578466e-06

--- 142.79913544654846 seconds ---

Train Epoch: 47 accuracy: 0.01 
 precision: [0.01100325 1.         1.         1.         1.        ] 
 recall: [1. 0. 0. 0. 0.] 
 f1: [0.021767 0.       0.       0.       0.      ] 
 f1_avg: 0.00023950777510844715


Validation Epoch: 47 accuracy: 0.00 
 precision: [7.12540717e-04 1.00000000e+00 1.00000000e+00 1.00000000e+00
 1.00000000e+00] 
 recall: [1. 0. 0. 0. 0.] 
 f1: [0.00142407 0.         0.         0.         0.        ] 
 f1_avg: 1.0147055266578466e-06

--- 145.82281279563904 seconds ---

Train Epoch: 48 accuracy: 0.01 
 precision: [0.01100325 1.         1.         1.         1.        ] 
 recall: [1. 0. 0. 0. 0.] 
 f1: [0.021767 0.       0.       0.       0.      ] 
 f1_avg: 0.00023950777510844715


Validation Epoch: 48 accuracy: 0.00 
 precision: [7.12540717e-04 1.00000000e+00 1.00000000e+00 1.00000000e+00
 1.00000000e+00] 
 recall: [1. 0. 0. 0. 0.] 
 f1: [0.00142407 0.         0.         0.         0.        ] 
 f1_avg: 1.0147055266578466e-06

--- 148.7692527770996 seconds ---

Train Epoch: 49 accuracy: 0.01 
 precision: [0.01100325 1.         1.         1.         1.        ] 
 recall: [1. 0. 0. 0. 0.] 
 f1: [0.021767 0.       0.       0.       0.      ] 
 f1_avg: 0.00023950777510844715


Validation Epoch: 49 accuracy: 0.00 
 precision: [7.12540717e-04 1.00000000e+00 1.00000000e+00 1.00000000e+00
 1.00000000e+00] 
 recall: [1. 0. 0. 0. 0.] 
 f1: [0.00142407 0.         0.         0.         0.        ] 
 f1_avg: 1.0147055266578466e-06

--- 151.73803114891052 seconds ---

Train Epoch: 50 accuracy: 0.01 
 precision: [0.01100325 1.         1.         1.         1.        ] 
 recall: [1. 0. 0. 0. 0.] 
 f1: [0.021767 0.       0.       0.       0.      ] 
 f1_avg: 0.00023950777510844715


Validation Epoch: 50 accuracy: 0.00 
 precision: [7.12540717e-04 1.00000000e+00 1.00000000e+00 1.00000000e+00
 1.00000000e+00] 
 recall: [1. 0. 0. 0. 0.] 
 f1: [0.00142407 0.         0.         0.         0.        ] 
 f1_avg: 1.0147055266578466e-06

--- 154.68998408317566 seconds ---

Train Epoch: 51 accuracy: 0.01 
 precision: [0.01100325 1.         1.         1.         1.        ] 
 recall: [1. 0. 0. 0. 0.] 
 f1: [0.021767 0.       0.       0.       0.      ] 
 f1_avg: 0.00023950777510844715


Validation Epoch: 51 accuracy: 0.00 
 precision: [7.12540717e-04 1.00000000e+00 1.00000000e+00 1.00000000e+00
 1.00000000e+00] 
 recall: [1. 0. 0. 0. 0.] 
 f1: [0.00142407 0.         0.         0.         0.        ] 
 f1_avg: 1.0147055266578466e-06

--- 157.60616278648376 seconds ---

Train Epoch: 52 accuracy: 0.01 
 precision: [0.01100325 1.         1.         1.         1.        ] 
 recall: [1. 0. 0. 0. 0.] 
 f1: [0.021767 0.       0.       0.       0.      ] 
 f1_avg: 0.00023950777510844715


Validation Epoch: 52 accuracy: 0.00 
 precision: [7.12540717e-04 1.00000000e+00 1.00000000e+00 1.00000000e+00
 1.00000000e+00] 
 recall: [1. 0. 0. 0. 0.] 
 f1: [0.00142407 0.         0.         0.         0.        ] 
 f1_avg: 1.0147055266578466e-06

--- 160.57248425483704 seconds ---

Train Epoch: 53 accuracy: 0.01 
 precision: [0.01100325 1.         1.         1.         1.        ] 
 recall: [1. 0. 0. 0. 0.] 
 f1: [0.021767 0.       0.       0.       0.      ] 
 f1_avg: 0.00023950777510844715


Validation Epoch: 53 accuracy: 0.00 
 precision: [7.12540717e-04 1.00000000e+00 1.00000000e+00 1.00000000e+00
 1.00000000e+00] 
 recall: [1. 0. 0. 0. 0.] 
 f1: [0.00142407 0.         0.         0.         0.        ] 
 f1_avg: 1.0147055266578466e-06

--- 163.50064945220947 seconds ---

Train Epoch: 54 accuracy: 0.01 
 precision: [0.01100325 1.         1.         1.         1.        ] 
 recall: [1. 0. 0. 0. 0.] 
 f1: [0.021767 0.       0.       0.       0.      ] 
 f1_avg: 0.00023950777510844715


Validation Epoch: 54 accuracy: 0.00 
 precision: [7.12540717e-04 1.00000000e+00 1.00000000e+00 1.00000000e+00
 1.00000000e+00] 
 recall: [1. 0. 0. 0. 0.] 
 f1: [0.00142407 0.         0.         0.         0.        ] 
 f1_avg: 1.0147055266578466e-06

Early stopping!

Test Epoch: accuracy: 0.18 
 precision: [0.00954793 0.52333664 0.29178082 0.35036496 0.06545455] 
 recall: [0.52688172 0.21505815 0.09403974 0.20667384 0.07941176] 
 f1: [0.01875598 0.30484454 0.14223706 0.25998646 0.0717608 ] 
 f1_avg: 0.2398495997689385

--- 166.97059082984924 seconds ---

Test Epoch: accuracy: 0.20 
 precision: [0.0008261  0.5394633  0.17811159 0.34897611 0.16419753] 
 recall: [0.57142857 0.25652092 0.04899646 0.22760156 0.1334002 ] 
 f1: [0.00164982 0.34770444 0.07685185 0.27551364 0.14720531] 
 f1_avg: 0.2672004527850991

--- 167.05421137809753 seconds ---
