cpu
Reading data ...
--- 0.00017309188842773438 seconds ---
M5(
  (conv1): Conv1d(1, 32, kernel_size=(80,), stride=(16,))
  (bn1): BatchNorm1d(32, eps=1e-05, momentum=0.1, affine=True, track_running_stats=True)
  (pool1): MaxPool1d(kernel_size=4, stride=4, padding=0, dilation=1, ceil_mode=False)
  (conv2): Conv1d(32, 32, kernel_size=(3,), stride=(1,))
  (bn2): BatchNorm1d(32, eps=1e-05, momentum=0.1, affine=True, track_running_stats=True)
  (pool2): MaxPool1d(kernel_size=4, stride=4, padding=0, dilation=1, ceil_mode=False)
  (conv3): Conv1d(32, 64, kernel_size=(3,), stride=(1,))
  (bn3): BatchNorm1d(64, eps=1e-05, momentum=0.1, affine=True, track_running_stats=True)
  (pool3): MaxPool1d(kernel_size=4, stride=4, padding=0, dilation=1, ceil_mode=False)
  (conv4): Conv1d(64, 64, kernel_size=(3,), stride=(1,))
  (bn4): BatchNorm1d(64, eps=1e-05, momentum=0.1, affine=True, track_running_stats=True)
  (pool4): MaxPool1d(kernel_size=4, stride=4, padding=0, dilation=1, ceil_mode=False)
  (fc1): Linear(in_features=64, out_features=2, bias=True)
)
Number of parameters: 24770
Train Epoch: 1 loss: 0.723479
Train Epoch: 1 loss: 0.631583
Train Epoch: 1 loss: 0.559744
Train Epoch: 1 loss: 0.583594
Train Epoch: 1 loss: 0.476817
Train Epoch: 1 loss: 0.747720
Train Epoch: 1 loss: 0.629155
Train Epoch: 1 loss: 0.629229
Train Epoch: 1 loss: 0.760406

Train Epoch: 1 accuracy: 0.94 precision: 0.03 recall: 0.05 f1: 0.03


Validate Epoch: 1 accuracy: 0.93 precision: 0.06 recall: 0.09 f1: 0.08

New best val score, save model ...
--- 171.08407497406006 seconds ---
Train Epoch: 2 loss: 0.559647
Train Epoch: 2 loss: 0.616798
Train Epoch: 2 loss: 0.533724
Train Epoch: 2 loss: 0.563457
Train Epoch: 2 loss: 0.481608
Train Epoch: 2 loss: 0.730498
Train Epoch: 2 loss: 0.637967
Train Epoch: 2 loss: 0.570103
Train Epoch: 2 loss: 0.776585

Train Epoch: 2 accuracy: 0.94 precision: 0.04 recall: 0.09 f1: 0.06


Validate Epoch: 2 accuracy: 0.89 precision: 0.14 recall: 0.09 f1: 0.11

New best val score, save model ...
--- 333.4168932437897 seconds ---
Train Epoch: 3 loss: 0.545967
Train Epoch: 3 loss: 0.635662
Train Epoch: 3 loss: 0.559563
Train Epoch: 3 loss: 0.568245
Train Epoch: 3 loss: 0.488832
Train Epoch: 3 loss: 0.782086
Train Epoch: 3 loss: 0.633539
Train Epoch: 3 loss: 0.548695
Train Epoch: 3 loss: 0.751420

Train Epoch: 3 accuracy: 0.93 precision: 0.06 recall: 0.10 f1: 0.08


Validate Epoch: 3 accuracy: 0.92 precision: 0.06 recall: 0.08 f1: 0.07

--- 496.7057111263275 seconds ---
Train Epoch: 4 loss: 0.541869
Train Epoch: 4 loss: 0.673519
Train Epoch: 4 loss: 0.530154
Train Epoch: 4 loss: 0.565058
Train Epoch: 4 loss: 0.485177
Train Epoch: 4 loss: 0.661171
Train Epoch: 4 loss: 0.642586
Train Epoch: 4 loss: 0.521980
Train Epoch: 4 loss: 0.742290

Train Epoch: 4 accuracy: 0.93 precision: 0.13 recall: 0.14 f1: 0.14


Validate Epoch: 4 accuracy: 0.92 precision: 0.13 recall: 0.12 f1: 0.12

New best val score, save model ...
--- 657.0397129058838 seconds ---
Train Epoch: 5 loss: 0.518168
Train Epoch: 5 loss: 0.665813
Train Epoch: 5 loss: 0.535395
Train Epoch: 5 loss: 0.518717
Train Epoch: 5 loss: 0.485781
Train Epoch: 5 loss: 0.637620
Train Epoch: 5 loss: 0.600449
Train Epoch: 5 loss: 0.461214
Train Epoch: 5 loss: 0.698080

Train Epoch: 5 accuracy: 0.92 precision: 0.18 recall: 0.17 f1: 0.17


Validate Epoch: 5 accuracy: 0.95 precision: 0.00 recall: 0.08 f1: 0.01

--- 818.0017509460449 seconds ---
Train Epoch: 6 loss: 0.506062
Train Epoch: 6 loss: 0.636540
Train Epoch: 6 loss: 0.492232
Train Epoch: 6 loss: 0.507932
Train Epoch: 6 loss: 0.500773
Train Epoch: 6 loss: 0.686531
Train Epoch: 6 loss: 0.589845
Train Epoch: 6 loss: 0.412225
Train Epoch: 6 loss: 0.712591

Train Epoch: 6 accuracy: 0.92 precision: 0.23 recall: 0.19 f1: 0.21


Validate Epoch: 6 accuracy: 0.93 precision: 0.07 recall: 0.13 f1: 0.09

--- 985.9442050457001 seconds ---
Train Epoch: 7 loss: 0.493269
Train Epoch: 7 loss: 0.562276
Train Epoch: 7 loss: 0.498055
Train Epoch: 7 loss: 0.506676
Train Epoch: 7 loss: 0.502165
Train Epoch: 7 loss: 0.697025
Train Epoch: 7 loss: 0.598726
Train Epoch: 7 loss: 0.423521
Train Epoch: 7 loss: 0.696111

Train Epoch: 7 accuracy: 0.92 precision: 0.27 recall: 0.20 f1: 0.23


Validate Epoch: 7 accuracy: 0.94 precision: 0.04 recall: 0.11 f1: 0.06

--- 1151.535301208496 seconds ---
Train Epoch: 8 loss: 0.490711
Train Epoch: 8 loss: 0.584954
Train Epoch: 8 loss: 0.454082
Train Epoch: 8 loss: 0.531490
Train Epoch: 8 loss: 0.434905
Train Epoch: 8 loss: 0.548563
Train Epoch: 8 loss: 0.592743
Train Epoch: 8 loss: 0.390866
Train Epoch: 8 loss: 0.592191

Train Epoch: 8 accuracy: 0.93 precision: 0.30 recall: 0.24 f1: 0.26


Validate Epoch: 8 accuracy: 0.81 precision: 0.33 recall: 0.09 f1: 0.14

New best val score, save model ...
--- 1313.1132950782776 seconds ---
Train Epoch: 9 loss: 0.492482
Train Epoch: 9 loss: 0.583431
Train Epoch: 9 loss: 0.416090
Train Epoch: 9 loss: 0.486770
Train Epoch: 9 loss: 0.414026
Train Epoch: 9 loss: 0.604046
Train Epoch: 9 loss: 0.594662
Train Epoch: 9 loss: 0.370700
Train Epoch: 9 loss: 0.597284

Train Epoch: 9 accuracy: 0.93 precision: 0.35 recall: 0.25 f1: 0.29


Validate Epoch: 9 accuracy: 0.54 precision: 0.74 recall: 0.07 f1: 0.13

--- 1484.799301147461 seconds ---
Train Epoch: 10 loss: 0.491710
Train Epoch: 10 loss: 0.555040
Train Epoch: 10 loss: 0.430611
Train Epoch: 10 loss: 0.463565
Train Epoch: 10 loss: 0.420819
Train Epoch: 10 loss: 0.481302
Train Epoch: 10 loss: 0.597980
Train Epoch: 10 loss: 0.339233
Train Epoch: 10 loss: 0.472636

Train Epoch: 10 accuracy: 0.93 precision: 0.40 recall: 0.29 f1: 0.33


Validate Epoch: 10 accuracy: 0.67 precision: 0.64 recall: 0.09 f1: 0.15

New best val score, save model ...
--- 1649.8310272693634 seconds ---
Train Epoch: 11 loss: 0.424729
Train Epoch: 11 loss: 0.555095
Train Epoch: 11 loss: 0.361202
Train Epoch: 11 loss: 0.424932
Train Epoch: 11 loss: 0.413448
Train Epoch: 11 loss: 0.490979
Train Epoch: 11 loss: 0.573349
Train Epoch: 11 loss: 0.336058
Train Epoch: 11 loss: 0.433243

Train Epoch: 11 accuracy: 0.93 precision: 0.42 recall: 0.29 f1: 0.34


Validate Epoch: 11 accuracy: 0.60 precision: 0.68 recall: 0.08 f1: 0.14

--- 1813.6135952472687 seconds ---
Train Epoch: 12 loss: 0.423988
Train Epoch: 12 loss: 0.595618
Train Epoch: 12 loss: 0.378584
Train Epoch: 12 loss: 0.406906
Train Epoch: 12 loss: 0.364740
Train Epoch: 12 loss: 0.465602
Train Epoch: 12 loss: 0.576378
Train Epoch: 12 loss: 0.328986
Train Epoch: 12 loss: 0.460744

Train Epoch: 12 accuracy: 0.93 precision: 0.44 recall: 0.30 f1: 0.36


Validate Epoch: 12 accuracy: 0.95 precision: 0.03 recall: 0.22 f1: 0.06

--- 1978.1622190475464 seconds ---
Train Epoch: 13 loss: 0.354033
Train Epoch: 13 loss: 0.485615
Train Epoch: 13 loss: 0.362129
Train Epoch: 13 loss: 0.442644
Train Epoch: 13 loss: 0.339786
Train Epoch: 13 loss: 0.407119
Train Epoch: 13 loss: 0.586987
Train Epoch: 13 loss: 0.310172
Train Epoch: 13 loss: 0.376376

Train Epoch: 13 accuracy: 0.93 precision: 0.47 recall: 0.32 f1: 0.38


Validate Epoch: 13 accuracy: 0.95 precision: 0.05 recall: 0.25 f1: 0.09

--- 2139.916980981827 seconds ---
Train Epoch: 14 loss: 0.354340
Train Epoch: 14 loss: 0.400661
Train Epoch: 14 loss: 0.321694
Train Epoch: 14 loss: 0.397690
Train Epoch: 14 loss: 0.298003
Train Epoch: 14 loss: 0.482462
Train Epoch: 14 loss: 0.597111
Train Epoch: 14 loss: 0.305651
Train Epoch: 14 loss: 0.373161

Train Epoch: 14 accuracy: 0.94 precision: 0.50 recall: 0.34 f1: 0.40


Validate Epoch: 14 accuracy: 0.93 precision: 0.15 recall: 0.17 f1: 0.16

New best val score, save model ...
--- 2302.7984869480133 seconds ---
Train Epoch: 15 loss: 0.319292
Train Epoch: 15 loss: 0.450829
Train Epoch: 15 loss: 0.283972
Train Epoch: 15 loss: 0.373150
Train Epoch: 15 loss: 0.303059
Train Epoch: 15 loss: 0.541689
Train Epoch: 15 loss: 0.541107
Train Epoch: 15 loss: 0.307705
Train Epoch: 15 loss: 0.356847

Train Epoch: 15 accuracy: 0.94 precision: 0.53 recall: 0.36 f1: 0.43


Validate Epoch: 15 accuracy: 0.93 precision: 0.10 recall: 0.14 f1: 0.12

--- 2471.9518201351166 seconds ---
Train Epoch: 16 loss: 0.291912
Train Epoch: 16 loss: 0.462051
Train Epoch: 16 loss: 0.285164
Train Epoch: 16 loss: 0.348146
Train Epoch: 16 loss: 0.296497
Train Epoch: 16 loss: 0.586686
Train Epoch: 16 loss: 0.640456
Train Epoch: 16 loss: 0.408482
Train Epoch: 16 loss: 0.550372

Train Epoch: 16 accuracy: 0.93 precision: 0.51 recall: 0.31 f1: 0.39


Validate Epoch: 16 accuracy: 0.95 precision: 0.04 recall: 0.25 f1: 0.08

--- 2626.1296861171722 seconds ---
Train Epoch: 17 loss: 0.373319
Train Epoch: 17 loss: 0.507081
Train Epoch: 17 loss: 0.317055
Train Epoch: 17 loss: 0.382528
Train Epoch: 17 loss: 0.276941
Train Epoch: 17 loss: 0.408847
Train Epoch: 17 loss: 0.548324
Train Epoch: 17 loss: 0.282506
Train Epoch: 17 loss: 0.322767

Train Epoch: 17 accuracy: 0.94 precision: 0.56 recall: 0.37 f1: 0.44


Validate Epoch: 17 accuracy: 0.94 precision: 0.06 recall: 0.18 f1: 0.09

--- 2792.908186197281 seconds ---
Train Epoch: 18 loss: 0.289590
Train Epoch: 18 loss: 0.461502
Train Epoch: 18 loss: 0.226771
Train Epoch: 18 loss: 0.370016
Train Epoch: 18 loss: 0.265238
Train Epoch: 18 loss: 0.380771
Train Epoch: 18 loss: 0.514237
Train Epoch: 18 loss: 0.287259
Train Epoch: 18 loss: 0.283751

Train Epoch: 18 accuracy: 0.94 precision: 0.59 recall: 0.39 f1: 0.47


Validate Epoch: 18 accuracy: 0.89 precision: 0.21 recall: 0.11 f1: 0.15

--- 2961.8071348667145 seconds ---
Train Epoch: 19 loss: 0.261116
Train Epoch: 19 loss: 0.347565
Train Epoch: 19 loss: 0.242381
Train Epoch: 19 loss: 0.449125
Train Epoch: 19 loss: 0.288200
Train Epoch: 19 loss: 0.292884
Train Epoch: 19 loss: 0.505543
Train Epoch: 19 loss: 0.302955
Train Epoch: 19 loss: 0.340725

Train Epoch: 19 accuracy: 0.94 precision: 0.59 recall: 0.39 f1: 0.47


Validate Epoch: 19 accuracy: 0.93 precision: 0.12 recall: 0.16 f1: 0.14

--- 3127.7343821525574 seconds ---
Train Epoch: 20 loss: 0.259736
Train Epoch: 20 loss: 0.410608
Train Epoch: 20 loss: 0.341972
Train Epoch: 20 loss: 0.337461
Train Epoch: 20 loss: 0.205829
Train Epoch: 20 loss: 0.369704
Train Epoch: 20 loss: 0.523911
Train Epoch: 20 loss: 0.306799
Train Epoch: 20 loss: 0.235270

Train Epoch: 20 accuracy: 0.94 precision: 0.61 recall: 0.40 f1: 0.48


Validate Epoch: 20 accuracy: 0.88 precision: 0.22 recall: 0.11 f1: 0.15

--- 3314.5642490386963 seconds ---
Train Epoch: 21 loss: 0.215101
Train Epoch: 21 loss: 0.436995
Train Epoch: 21 loss: 0.230290
Train Epoch: 21 loss: 0.356362
Train Epoch: 21 loss: 0.269499
Train Epoch: 21 loss: 0.286460
Train Epoch: 21 loss: 0.577403
Train Epoch: 21 loss: 0.295946
Train Epoch: 21 loss: 0.236130

Train Epoch: 21 accuracy: 0.95 precision: 0.63 recall: 0.42 f1: 0.50


Validate Epoch: 21 accuracy: 0.94 precision: 0.11 recall: 0.18 f1: 0.14

--- 3493.009884119034 seconds ---
Train Epoch: 22 loss: 0.271051
Train Epoch: 22 loss: 0.352029
Train Epoch: 22 loss: 0.201894
Train Epoch: 22 loss: 0.347038
Train Epoch: 22 loss: 0.199427
Train Epoch: 22 loss: 0.376877
Train Epoch: 22 loss: 0.543219
Train Epoch: 22 loss: 0.325381
Train Epoch: 22 loss: 0.267153

Train Epoch: 22 accuracy: 0.95 precision: 0.65 recall: 0.45 f1: 0.53


Validate Epoch: 22 accuracy: 0.94 precision: 0.09 recall: 0.22 f1: 0.13

--- 3652.1569273471832 seconds ---
Train Epoch: 23 loss: 0.243846
Train Epoch: 23 loss: 0.335924
Train Epoch: 23 loss: 0.169615
Train Epoch: 23 loss: 0.273525
Train Epoch: 23 loss: 0.180117
Train Epoch: 23 loss: 0.212276
Train Epoch: 23 loss: 0.424073
Train Epoch: 23 loss: 0.234602
Train Epoch: 23 loss: 0.204959

Train Epoch: 23 accuracy: 0.96 precision: 0.69 recall: 0.50 f1: 0.58


Validate Epoch: 23 accuracy: 0.94 precision: 0.09 recall: 0.19 f1: 0.12

--- 3817.282300233841 seconds ---
Train Epoch: 24 loss: 0.198933
Train Epoch: 24 loss: 0.282232
Train Epoch: 24 loss: 0.165300
Train Epoch: 24 loss: 0.250009
Train Epoch: 24 loss: 0.166836
Train Epoch: 24 loss: 0.203039
Train Epoch: 24 loss: 0.428515
Train Epoch: 24 loss: 0.226740
Train Epoch: 24 loss: 0.184719

Train Epoch: 24 accuracy: 0.96 precision: 0.73 recall: 0.54 f1: 0.62


Validate Epoch: 24 accuracy: 0.94 precision: 0.08 recall: 0.21 f1: 0.11

--- 3979.5869641304016 seconds ---
Train Epoch: 25 loss: 0.219195
Train Epoch: 25 loss: 0.248844
Train Epoch: 25 loss: 0.160554
Train Epoch: 25 loss: 0.246321
Train Epoch: 25 loss: 0.155289
Train Epoch: 25 loss: 0.180282
Train Epoch: 25 loss: 0.426788
Train Epoch: 25 loss: 0.225133
Train Epoch: 25 loss: 0.171848

Train Epoch: 25 accuracy: 0.96 precision: 0.75 recall: 0.57 f1: 0.64


Validate Epoch: 25 accuracy: 0.94 precision: 0.09 recall: 0.21 f1: 0.13

--- 4142.294426202774 seconds ---
Train Epoch: 26 loss: 0.192778
Train Epoch: 26 loss: 0.219700
Train Epoch: 26 loss: 0.144416
Train Epoch: 26 loss: 0.234875
Train Epoch: 26 loss: 0.148237
Train Epoch: 26 loss: 0.167650
Train Epoch: 26 loss: 0.424975
Train Epoch: 26 loss: 0.218378
Train Epoch: 26 loss: 0.166916

Train Epoch: 26 accuracy: 0.97 precision: 0.76 recall: 0.58 f1: 0.66


Validate Epoch: 26 accuracy: 0.93 precision: 0.13 recall: 0.17 f1: 0.15

--- 4302.177331209183 seconds ---
Train Epoch: 27 loss: 0.187967
Train Epoch: 27 loss: 0.204606
Train Epoch: 27 loss: 0.138934
Train Epoch: 27 loss: 0.226085
Train Epoch: 27 loss: 0.141145
Train Epoch: 27 loss: 0.154980
Train Epoch: 27 loss: 0.414576
Train Epoch: 27 loss: 0.211045
Train Epoch: 27 loss: 0.161936

Train Epoch: 27 accuracy: 0.97 precision: 0.77 recall: 0.60 f1: 0.67


Validate Epoch: 27 accuracy: 0.93 precision: 0.10 recall: 0.15 f1: 0.12

--- 4464.979958057404 seconds ---
Train Epoch: 28 loss: 0.167075
Train Epoch: 28 loss: 0.193313
Train Epoch: 28 loss: 0.132860
Train Epoch: 28 loss: 0.213831
Train Epoch: 28 loss: 0.135509
Train Epoch: 28 loss: 0.140877
Train Epoch: 28 loss: 0.405261
Train Epoch: 28 loss: 0.203963
Train Epoch: 28 loss: 0.157109

Train Epoch: 28 accuracy: 0.97 precision: 0.78 recall: 0.61 f1: 0.68


Validate Epoch: 28 accuracy: 0.93 precision: 0.13 recall: 0.16 f1: 0.14

--- 4619.171449184418 seconds ---
Train Epoch: 29 loss: 0.157620
Train Epoch: 29 loss: 0.183541
Train Epoch: 29 loss: 0.124366
Train Epoch: 29 loss: 0.199552
Train Epoch: 29 loss: 0.131231
Train Epoch: 29 loss: 0.131867
Train Epoch: 29 loss: 0.398806
Train Epoch: 29 loss: 0.197960
Train Epoch: 29 loss: 0.154280

Train Epoch: 29 accuracy: 0.97 precision: 0.79 recall: 0.62 f1: 0.70


Validate Epoch: 29 accuracy: 0.92 precision: 0.14 recall: 0.15 f1: 0.15

--- 4775.9709622859955 seconds ---
Train Epoch: 30 loss: 0.151802
Train Epoch: 30 loss: 0.174278
Train Epoch: 30 loss: 0.119148
Train Epoch: 30 loss: 0.189914
Train Epoch: 30 loss: 0.126688
Train Epoch: 30 loss: 0.121806
Train Epoch: 30 loss: 0.378772
Train Epoch: 30 loss: 0.191992
Train Epoch: 30 loss: 0.149125

Train Epoch: 30 accuracy: 0.97 precision: 0.80 recall: 0.63 f1: 0.71


Validate Epoch: 30 accuracy: 0.94 precision: 0.08 recall: 0.18 f1: 0.11

--- 4933.072597980499 seconds ---
Train Epoch: 31 loss: 0.143182
Train Epoch: 31 loss: 0.200301
Train Epoch: 31 loss: 0.090980
Train Epoch: 31 loss: 0.157137
Train Epoch: 31 loss: 0.121553
Train Epoch: 31 loss: 0.114419
Train Epoch: 31 loss: 0.356618
Train Epoch: 31 loss: 0.179337
Train Epoch: 31 loss: 0.155309

Train Epoch: 31 accuracy: 0.97 precision: 0.81 recall: 0.64 f1: 0.72


Validate Epoch: 31 accuracy: 0.95 precision: 0.06 recall: 0.24 f1: 0.10

--- 5096.021932125092 seconds ---
Train Epoch: 32 loss: 0.173390
Train Epoch: 32 loss: 0.199849
Train Epoch: 32 loss: 0.091316
Train Epoch: 32 loss: 0.161680
Train Epoch: 32 loss: 0.121374
Train Epoch: 32 loss: 0.112638
Train Epoch: 32 loss: 0.353110
Train Epoch: 32 loss: 0.178062
Train Epoch: 32 loss: 0.152421

Train Epoch: 32 accuracy: 0.97 precision: 0.81 recall: 0.65 f1: 0.72


Validate Epoch: 32 accuracy: 0.94 precision: 0.06 recall: 0.20 f1: 0.10

--- 5267.146799087524 seconds ---
Train Epoch: 33 loss: 0.145340
Train Epoch: 33 loss: 0.178673
Train Epoch: 33 loss: 0.089015
Train Epoch: 33 loss: 0.157631
Train Epoch: 33 loss: 0.120031
Train Epoch: 33 loss: 0.110117
Train Epoch: 33 loss: 0.349358
Train Epoch: 33 loss: 0.174978
Train Epoch: 33 loss: 0.144227

Train Epoch: 33 accuracy: 0.97 precision: 0.82 recall: 0.65 f1: 0.73


Validate Epoch: 33 accuracy: 0.94 precision: 0.06 recall: 0.18 f1: 0.09

--- 5424.078840970993 seconds ---
Train Epoch: 34 loss: 0.136855
Train Epoch: 34 loss: 0.162926
Train Epoch: 34 loss: 0.084140
Train Epoch: 34 loss: 0.152883
Train Epoch: 34 loss: 0.118386
Train Epoch: 34 loss: 0.108056
Train Epoch: 34 loss: 0.346384
Train Epoch: 34 loss: 0.171942
Train Epoch: 34 loss: 0.139495

Train Epoch: 34 accuracy: 0.97 precision: 0.82 recall: 0.66 f1: 0.73


Validate Epoch: 34 accuracy: 0.94 precision: 0.06 recall: 0.19 f1: 0.10

--- 5580.962162256241 seconds ---
Train Epoch: 35 loss: 0.135654
Train Epoch: 35 loss: 0.157859
Train Epoch: 35 loss: 0.080908
Train Epoch: 35 loss: 0.149541
Train Epoch: 35 loss: 0.117105
Train Epoch: 35 loss: 0.105011
Train Epoch: 35 loss: 0.342622
Train Epoch: 35 loss: 0.169173
Train Epoch: 35 loss: 0.135979

Train Epoch: 35 accuracy: 0.97 precision: 0.83 recall: 0.67 f1: 0.74


Validate Epoch: 35 accuracy: 0.94 precision: 0.06 recall: 0.18 f1: 0.10

--- 5735.258530139923 seconds ---
Train Epoch: 36 loss: 0.135846
Train Epoch: 36 loss: 0.152974
Train Epoch: 36 loss: 0.077853
Train Epoch: 36 loss: 0.146495
Train Epoch: 36 loss: 0.116282
Train Epoch: 36 loss: 0.102905
Train Epoch: 36 loss: 0.339799
Train Epoch: 36 loss: 0.167155
Train Epoch: 36 loss: 0.133929

Train Epoch: 36 accuracy: 0.98 precision: 0.83 recall: 0.67 f1: 0.75


Validate Epoch: 36 accuracy: 0.94 precision: 0.06 recall: 0.18 f1: 0.09

--- 5899.092125177383 seconds ---
Train Epoch: 37 loss: 0.133771
Train Epoch: 37 loss: 0.147688
Train Epoch: 37 loss: 0.075284
Train Epoch: 37 loss: 0.144189
Train Epoch: 37 loss: 0.114418
Train Epoch: 37 loss: 0.100351
Train Epoch: 37 loss: 0.335431
Train Epoch: 37 loss: 0.164092
Train Epoch: 37 loss: 0.131928

Train Epoch: 37 accuracy: 0.98 precision: 0.83 recall: 0.68 f1: 0.75


Validate Epoch: 37 accuracy: 0.94 precision: 0.06 recall: 0.17 f1: 0.09

--- 6063.7171330451965 seconds ---
Train Epoch: 38 loss: 0.132335
Train Epoch: 38 loss: 0.143155
Train Epoch: 38 loss: 0.072746
Train Epoch: 38 loss: 0.142163
Train Epoch: 38 loss: 0.114200
Train Epoch: 38 loss: 0.097824
Train Epoch: 38 loss: 0.331064
Train Epoch: 38 loss: 0.161326
Train Epoch: 38 loss: 0.128992

Train Epoch: 38 accuracy: 0.98 precision: 0.84 recall: 0.69 f1: 0.76


Validate Epoch: 38 accuracy: 0.94 precision: 0.07 recall: 0.17 f1: 0.10

--- 6226.90686416626 seconds ---
Train Epoch: 39 loss: 0.130413
Train Epoch: 39 loss: 0.122209
Train Epoch: 39 loss: 0.059940
Train Epoch: 39 loss: 0.189459
Train Epoch: 39 loss: 0.111810
Train Epoch: 39 loss: 0.091982
Train Epoch: 39 loss: 0.312710
Train Epoch: 39 loss: 0.156892
Train Epoch: 39 loss: 0.123149

Train Epoch: 39 accuracy: 0.98 precision: 0.84 recall: 0.68 f1: 0.75


Validate Epoch: 39 accuracy: 0.92 precision: 0.11 recall: 0.11 f1: 0.11

--- 6387.629181146622 seconds ---
Train Epoch: 40 loss: 0.101443
Train Epoch: 40 loss: 0.120135
Train Epoch: 40 loss: 0.058313
Train Epoch: 40 loss: 0.174635
Train Epoch: 40 loss: 0.112670
Train Epoch: 40 loss: 0.091087
Train Epoch: 40 loss: 0.308952
Train Epoch: 40 loss: 0.155624
Train Epoch: 40 loss: 0.121834

Train Epoch: 40 accuracy: 0.98 precision: 0.84 recall: 0.69 f1: 0.76


Validate Epoch: 40 accuracy: 0.92 precision: 0.11 recall: 0.12 f1: 0.12

--- 6546.029983043671 seconds ---
Train Epoch: 41 loss: 0.096417
Train Epoch: 41 loss: 0.118217
Train Epoch: 41 loss: 0.057417
Train Epoch: 41 loss: 0.173402
Train Epoch: 41 loss: 0.112194
Train Epoch: 41 loss: 0.090167
Train Epoch: 41 loss: 0.307411
Train Epoch: 41 loss: 0.154406
Train Epoch: 41 loss: 0.121585

Train Epoch: 41 accuracy: 0.98 precision: 0.84 recall: 0.70 f1: 0.76


Validate Epoch: 41 accuracy: 0.92 precision: 0.11 recall: 0.12 f1: 0.12

--- 6719.05233001709 seconds ---
Train Epoch: 42 loss: 0.094738
Train Epoch: 42 loss: 0.117290
Train Epoch: 42 loss: 0.056404
Train Epoch: 42 loss: 0.172128
Train Epoch: 42 loss: 0.111687
Train Epoch: 42 loss: 0.089185
Train Epoch: 42 loss: 0.306242
Train Epoch: 42 loss: 0.153238
Train Epoch: 42 loss: 0.121241

Train Epoch: 42 accuracy: 0.98 precision: 0.84 recall: 0.70 f1: 0.77

Validate Epoch: 42 accuracy: 0.92 precision: 0.10 recall: 0.11 f1: 0.11

--- 6893.993753194809 seconds ---
Train Epoch: 43 loss: 0.093207
Train Epoch: 43 loss: 0.115987
Train Epoch: 43 loss: 0.055626
Train Epoch: 43 loss: 0.170076
Train Epoch: 43 loss: 0.111032
Train Epoch: 43 loss: 0.088276
Train Epoch: 43 loss: 0.304339
Train Epoch: 43 loss: 0.152388
Train Epoch: 43 loss: 0.120962

Train Epoch: 43 accuracy: 0.98 precision: 0.85 recall: 0.70 f1: 0.77


Validate Epoch: 43 accuracy: 0.92 precision: 0.10 recall: 0.12 f1: 0.11

--- 7062.480278015137 seconds ---
Train Epoch: 44 loss: 0.091781
Train Epoch: 44 loss: 0.115089
Train Epoch: 44 loss: 0.054922
Train Epoch: 44 loss: 0.168494
Train Epoch: 44 loss: 0.110500
Train Epoch: 44 loss: 0.087504
Train Epoch: 44 loss: 0.302795
Train Epoch: 44 loss: 0.151667
Train Epoch: 44 loss: 0.120783

Train Epoch: 44 accuracy: 0.98 precision: 0.85 recall: 0.70 f1: 0.77


Validate Epoch: 44 accuracy: 0.92 precision: 0.11 recall: 0.12 f1: 0.12

--- 7233.5863971710205 seconds ---
Train Epoch: 45 loss: 0.090335
Train Epoch: 45 loss: 0.114168
Train Epoch: 45 loss: 0.054224
Train Epoch: 45 loss: 0.167720
Train Epoch: 45 loss: 0.110103
Train Epoch: 45 loss: 0.086769
Train Epoch: 45 loss: 0.300876
Train Epoch: 45 loss: 0.150764
Train Epoch: 45 loss: 0.120419

Train Epoch: 45 accuracy: 0.98 precision: 0.85 recall: 0.71 f1: 0.77


Validate Epoch: 45 accuracy: 0.92 precision: 0.10 recall: 0.12 f1: 0.11

--- 7411.838833093643 seconds ---
Train Epoch: 46 loss: 0.089199
Train Epoch: 46 loss: 0.113126
Train Epoch: 46 loss: 0.053599
Train Epoch: 46 loss: 0.166489
Train Epoch: 46 loss: 0.109685
Train Epoch: 46 loss: 0.085792
Train Epoch: 46 loss: 0.299274
Train Epoch: 46 loss: 0.150017
Train Epoch: 46 loss: 0.120006

Train Epoch: 46 accuracy: 0.98 precision: 0.85 recall: 0.71 f1: 0.77


Validate Epoch: 46 accuracy: 0.92 precision: 0.10 recall: 0.12 f1: 0.11

--- 7592.636872291565 seconds ---
Train Epoch: 47 loss: 0.088262
Train Epoch: 47 loss: 0.113300
Train Epoch: 47 loss: 0.051461
Train Epoch: 47 loss: 0.167233
Train Epoch: 47 loss: 0.109396
Train Epoch: 47 loss: 0.086877
Train Epoch: 47 loss: 0.301048
Train Epoch: 47 loss: 0.147060
Train Epoch: 47 loss: 0.119421

Train Epoch: 47 accuracy: 0.98 precision: 0.85 recall: 0.70 f1: 0.77


Validate Epoch: 47 accuracy: 0.91 precision: 0.13 recall: 0.12 f1: 0.12

--- 7765.4643449783325 seconds ---
Train Epoch: 48 loss: 0.087260
Train Epoch: 48 loss: 0.114196
Train Epoch: 48 loss: 0.051559
Train Epoch: 48 loss: 0.165929
Train Epoch: 48 loss: 0.109005
Train Epoch: 48 loss: 0.086089
Train Epoch: 48 loss: 0.301375
Train Epoch: 48 loss: 0.146643
Train Epoch: 48 loss: 0.119138

Train Epoch: 48 accuracy: 0.98 precision: 0.85 recall: 0.71 f1: 0.77


Validate Epoch: 48 accuracy: 0.91 precision: 0.13 recall: 0.12 f1: 0.12

--- 7940.156414270401 seconds ---
Train Epoch: 49 loss: 0.086723
Train Epoch: 49 loss: 0.113670
Train Epoch: 49 loss: 0.051361
Train Epoch: 49 loss: 0.164978
Train Epoch: 49 loss: 0.108756
Train Epoch: 49 loss: 0.085586
Train Epoch: 49 loss: 0.301073
Train Epoch: 49 loss: 0.146275
Train Epoch: 49 loss: 0.118892

Train Epoch: 49 accuracy: 0.98 precision: 0.85 recall: 0.71 f1: 0.77


Validate Epoch: 49 accuracy: 0.91 precision: 0.13 recall: 0.12 f1: 0.12

--- 8115.1654171943665 seconds ---
Train Epoch: 50 loss: 0.086329
Train Epoch: 50 loss: 0.113135
Train Epoch: 50 loss: 0.051147
Train Epoch: 50 loss: 0.164303
Train Epoch: 50 loss: 0.108512
Train Epoch: 50 loss: 0.085071
Train Epoch: 50 loss: 0.300325
Train Epoch: 50 loss: 0.145964
Train Epoch: 50 loss: 0.118708

Train Epoch: 50 accuracy: 0.98 precision: 0.85 recall: 0.71 f1: 0.78


Validate Epoch: 50 accuracy: 0.91 precision: 0.13 recall: 0.12 f1: 0.12

--- 8298.412646055222 seconds ---
Train Epoch: 51 loss: 0.085970
Train Epoch: 51 loss: 0.112674
Train Epoch: 51 loss: 0.050910
Train Epoch: 51 loss: 0.163558
Train Epoch: 51 loss: 0.108217
Train Epoch: 51 loss: 0.084672
Train Epoch: 51 loss: 0.299809
Train Epoch: 51 loss: 0.145654
Train Epoch: 51 loss: 0.118483

Train Epoch: 51 accuracy: 0.98 precision: 0.85 recall: 0.71 f1: 0.78


Validate Epoch: 51 accuracy: 0.91 precision: 0.13 recall: 0.12 f1: 0.12

--- 8476.724224090576 seconds ---
Train Epoch: 52 loss: 0.085642
Train Epoch: 52 loss: 0.112166
Train Epoch: 52 loss: 0.050642
Train Epoch: 52 loss: 0.163024
Train Epoch: 52 loss: 0.107991
Train Epoch: 52 loss: 0.084326
Train Epoch: 52 loss: 0.299315
Train Epoch: 52 loss: 0.145336
Train Epoch: 52 loss: 0.118270

Train Epoch: 52 accuracy: 0.98 precision: 0.85 recall: 0.71 f1: 0.78


Validate Epoch: 52 accuracy: 0.91 precision: 0.13 recall: 0.12 f1: 0.12

--- 8666.134676218033 seconds ---
Train Epoch: 53 loss: 0.085271
Train Epoch: 53 loss: 0.111653
Train Epoch: 53 loss: 0.050416
Train Epoch: 53 loss: 0.162448
Train Epoch: 53 loss: 0.107727
Train Epoch: 53 loss: 0.083942
Train Epoch: 53 loss: 0.298788
Train Epoch: 53 loss: 0.144981
Train Epoch: 53 loss: 0.118056

Train Epoch: 53 accuracy: 0.98 precision: 0.85 recall: 0.71 f1: 0.78


Validate Epoch: 53 accuracy: 0.91 precision: 0.13 recall: 0.12 f1: 0.12

--- 8834.668724298477 seconds ---
Train Epoch: 54 loss: 0.084896
Train Epoch: 54 loss: 0.111158
Train Epoch: 54 loss: 0.050175
Train Epoch: 54 loss: 0.161940
Train Epoch: 54 loss: 0.107498
Train Epoch: 54 loss: 0.083578
Train Epoch: 54 loss: 0.298194
Train Epoch: 54 loss: 0.144697
Train Epoch: 54 loss: 0.117875

Train Epoch: 54 accuracy: 0.98 precision: 0.85 recall: 0.71 f1: 0.78


Validate Epoch: 54 accuracy: 0.91 precision: 0.13 recall: 0.12 f1: 0.12

--- 9005.726587057114 seconds ---
Train Epoch: 55 loss: 0.084555
Train Epoch: 55 loss: 0.111519
Train Epoch: 55 loss: 0.050143
Train Epoch: 55 loss: 0.149892
Train Epoch: 55 loss: 0.108144
Train Epoch: 55 loss: 0.081706
Train Epoch: 55 loss: 0.297719
Train Epoch: 55 loss: 0.143965
Train Epoch: 55 loss: 0.118536

Train Epoch: 55 accuracy: 0.98 precision: 0.85 recall: 0.72 f1: 0.78


Validate Epoch: 55 accuracy: 0.91 precision: 0.13 recall: 0.12 f1: 0.12

--- 9177.07467007637 seconds ---
Train Epoch: 56 loss: 0.084478
Train Epoch: 56 loss: 0.110339
Train Epoch: 56 loss: 0.049878
Train Epoch: 56 loss: 0.150826
Train Epoch: 56 loss: 0.108090
Train Epoch: 56 loss: 0.081487
Train Epoch: 56 loss: 0.297477
Train Epoch: 56 loss: 0.143806
Train Epoch: 56 loss: 0.118521

Train Epoch: 56 accuracy: 0.98 precision: 0.85 recall: 0.72 f1: 0.78


Validate Epoch: 56 accuracy: 0.91 precision: 0.13 recall: 0.12 f1: 0.12

--- 9353.906532049179 seconds ---
Train Epoch: 57 loss: 0.084252
Train Epoch: 57 loss: 0.110172
Train Epoch: 57 loss: 0.049811
Train Epoch: 57 loss: 0.150746
Train Epoch: 57 loss: 0.107975
Train Epoch: 57 loss: 0.081383
Train Epoch: 57 loss: 0.297415
Train Epoch: 57 loss: 0.143664
Train Epoch: 57 loss: 0.118449

Train Epoch: 57 accuracy: 0.98 precision: 0.85 recall: 0.72 f1: 0.78


Validate Epoch: 57 accuracy: 0.91 precision: 0.13 recall: 0.12 f1: 0.12

--- 9530.121064186096 seconds ---
Train Epoch: 58 loss: 0.084068
Train Epoch: 58 loss: 0.110053
Train Epoch: 58 loss: 0.049744
Train Epoch: 58 loss: 0.150615
Train Epoch: 58 loss: 0.107847
Train Epoch: 58 loss: 0.081297
Train Epoch: 58 loss: 0.297347
Train Epoch: 58 loss: 0.143533
Train Epoch: 58 loss: 0.118378

Train Epoch: 58 accuracy: 0.98 precision: 0.85 recall: 0.72 f1: 0.78


Validate Epoch: 58 accuracy: 0.91 precision: 0.13 recall: 0.12 f1: 0.12

--- 9702.443847179413 seconds ---
Train Epoch: 59 loss: 0.083923
Train Epoch: 59 loss: 0.109916
Train Epoch: 59 loss: 0.049663
Train Epoch: 59 loss: 0.150496
Train Epoch: 59 loss: 0.107730
Train Epoch: 59 loss: 0.081225
Train Epoch: 59 loss: 0.297264
Train Epoch: 59 loss: 0.143424
Train Epoch: 59 loss: 0.118308

Train Epoch: 59 accuracy: 0.98 precision: 0.85 recall: 0.72 f1: 0.78


Validate Epoch: 59 accuracy: 0.91 precision: 0.13 recall: 0.12 f1: 0.12

--- 9886.056871175766 seconds ---
Train Epoch: 60 loss: 0.083791
Train Epoch: 60 loss: 0.109787
Train Epoch: 60 loss: 0.049583
Train Epoch: 60 loss: 0.150385
Train Epoch: 60 loss: 0.107636
Train Epoch: 60 loss: 0.081156
Train Epoch: 60 loss: 0.297147
Train Epoch: 60 loss: 0.143314
Train Epoch: 60 loss: 0.118239

Train Epoch: 60 accuracy: 0.98 precision: 0.86 recall: 0.72 f1: 0.78


Validate Epoch: 60 accuracy: 0.91 precision: 0.13 recall: 0.12 f1: 0.12

--- 10065.529492139816 seconds ---
Train Epoch: 61 loss: 0.083673
Train Epoch: 61 loss: 0.109672
Train Epoch: 61 loss: 0.049501
Train Epoch: 61 loss: 0.150282
Train Epoch: 61 loss: 0.107544
Train Epoch: 61 loss: 0.081081
Train Epoch: 61 loss: 0.297037
Train Epoch: 61 loss: 0.143210
Train Epoch: 61 loss: 0.118160

Train Epoch: 61 accuracy: 0.98 precision: 0.86 recall: 0.72 f1: 0.78


Validate Epoch: 61 accuracy: 0.91 precision: 0.13 recall: 0.12 f1: 0.12

--- 10243.414525270462 seconds ---
Train Epoch: 62 loss: 0.083554
Train Epoch: 62 loss: 0.109551
Train Epoch: 62 loss: 0.049422
Train Epoch: 62 loss: 0.150160
Train Epoch: 62 loss: 0.107473
Train Epoch: 62 loss: 0.080998
Train Epoch: 62 loss: 0.296843
Train Epoch: 62 loss: 0.143093
Train Epoch: 62 loss: 0.118095

Train Epoch: 62 accuracy: 0.98 precision: 0.86 recall: 0.72 f1: 0.78


Validate Epoch: 62 accuracy: 0.91 precision: 0.13 recall: 0.12 f1: 0.12

--- 10416.336346149445 seconds ---
Train Epoch: 63 loss: 0.083439
Train Epoch: 63 loss: 0.109495
Train Epoch: 63 loss: 0.049430
Train Epoch: 63 loss: 0.146006
Train Epoch: 63 loss: 0.107394
Train Epoch: 63 loss: 0.080772
Train Epoch: 63 loss: 0.296399
Train Epoch: 63 loss: 0.142957
Train Epoch: 63 loss: 0.118239

Train Epoch: 63 accuracy: 0.98 precision: 0.86 recall: 0.72 f1: 0.78


Validate Epoch: 63 accuracy: 0.91 precision: 0.13 recall: 0.12 f1: 0.12

--- 10606.066469192505 seconds ---
Train Epoch: 64 loss: 0.083456
Train Epoch: 64 loss: 0.109229
Train Epoch: 64 loss: 0.049339
Train Epoch: 64 loss: 0.146436
Train Epoch: 64 loss: 0.107404
Train Epoch: 64 loss: 0.080675
Train Epoch: 64 loss: 0.296057
Train Epoch: 64 loss: 0.142904
Train Epoch: 64 loss: 0.118327

Train Epoch: 64 accuracy: 0.98 precision: 0.86 recall: 0.72 f1: 0.78


Validate Epoch: 64 accuracy: 0.91 precision: 0.13 recall: 0.12 f1: 0.12

--- 10778.258156061172 seconds ---
Train Epoch: 65 loss: 0.083434
Train Epoch: 65 loss: 0.109107
Train Epoch: 65 loss: 0.049291
Train Epoch: 65 loss: 0.146602
Train Epoch: 65 loss: 0.107390
Train Epoch: 65 loss: 0.080619
Train Epoch: 65 loss: 0.295894
Train Epoch: 65 loss: 0.142865
Train Epoch: 65 loss: 0.118356

Train Epoch: 65 accuracy: 0.98 precision: 0.86 recall: 0.72 f1: 0.78


Validate Epoch: 65 accuracy: 0.91 precision: 0.13 recall: 0.12 f1: 0.12

--- 10944.188843011856 seconds ---
Train Epoch: 66 loss: 0.083398
Train Epoch: 66 loss: 0.109040
Train Epoch: 66 loss: 0.049259
Train Epoch: 66 loss: 0.146653
Train Epoch: 66 loss: 0.107364
Train Epoch: 66 loss: 0.080583
Train Epoch: 66 loss: 0.295824
Train Epoch: 66 loss: 0.142831
Train Epoch: 66 loss: 0.118358

Train Epoch: 66 accuracy: 0.98 precision: 0.86 recall: 0.72 f1: 0.78


Validate Epoch: 66 accuracy: 0.91 precision: 0.13 recall: 0.12 f1: 0.12

--- 11125.18336725235 seconds ---
Train Epoch: 67 loss: 0.083359
Train Epoch: 67 loss: 0.108995
Train Epoch: 67 loss: 0.049234
Train Epoch: 67 loss: 0.146667
Train Epoch: 67 loss: 0.107333
Train Epoch: 67 loss: 0.080552
Train Epoch: 67 loss: 0.295775
Train Epoch: 67 loss: 0.142798
Train Epoch: 67 loss: 0.118351

Train Epoch: 67 accuracy: 0.98 precision: 0.86 recall: 0.72 f1: 0.78


Validate Epoch: 67 accuracy: 0.91 precision: 0.13 recall: 0.12 f1: 0.12

--- 11294.447488069534 seconds ---
Train Epoch: 68 loss: 0.083320
Train Epoch: 68 loss: 0.108955
Train Epoch: 68 loss: 0.049209
Train Epoch: 68 loss: 0.146651
Train Epoch: 68 loss: 0.107301
Train Epoch: 68 loss: 0.080528
Train Epoch: 68 loss: 0.295746
Train Epoch: 68 loss: 0.142762
Train Epoch: 68 loss: 0.118334

Train Epoch: 68 accuracy: 0.98 precision: 0.86 recall: 0.72 f1: 0.78


Validate Epoch: 68 accuracy: 0.91 precision: 0.13 recall: 0.12 f1: 0.12

--- 11493.55028128624 seconds ---
Train Epoch: 69 loss: 0.083278
Train Epoch: 69 loss: 0.108921
Train Epoch: 69 loss: 0.049185
Train Epoch: 69 loss: 0.146626
Train Epoch: 69 loss: 0.107267
Train Epoch: 69 loss: 0.080508
Train Epoch: 69 loss: 0.295728
Train Epoch: 69 loss: 0.142729
Train Epoch: 69 loss: 0.118313

Train Epoch: 69 accuracy: 0.98 precision: 0.86 recall: 0.72 f1: 0.78


Validate Epoch: 69 accuracy: 0.91 precision: 0.13 recall: 0.12 f1: 0.12

--- 11697.053380012512 seconds ---
Train Epoch: 70 loss: 0.083237
Train Epoch: 70 loss: 0.108889
Train Epoch: 70 loss: 0.049164
Train Epoch: 70 loss: 0.146596
Train Epoch: 70 loss: 0.107233
Train Epoch: 70 loss: 0.080488
Train Epoch: 70 loss: 0.295703
Train Epoch: 70 loss: 0.142693
Train Epoch: 70 loss: 0.118292

Train Epoch: 70 accuracy: 0.98 precision: 0.86 recall: 0.72 f1: 0.78


Validate Epoch: 70 accuracy: 0.91 precision: 0.13 recall: 0.12 f1: 0.12

--- 11894.095483064651 seconds ---
Train Epoch: 71 loss: 0.083195
Train Epoch: 71 loss: 0.108856
Train Epoch: 71 loss: 0.049156
Train Epoch: 71 loss: 0.145410
Train Epoch: 71 loss: 0.107189
Train Epoch: 71 loss: 0.080458
Train Epoch: 71 loss: 0.295711
Train Epoch: 71 loss: 0.142664
Train Epoch: 71 loss: 0.118294

Train Epoch: 71 accuracy: 0.98 precision: 0.86 recall: 0.72 f1: 0.78


Validate Epoch: 71 accuracy: 0.91 precision: 0.13 recall: 0.12 f1: 0.12

--- 12093.915963172913 seconds ---
Train Epoch: 72 loss: 0.083191
Train Epoch: 72 loss: 0.108818
Train Epoch: 72 loss: 0.049142
Train Epoch: 72 loss: 0.145469
Train Epoch: 72 loss: 0.107184
Train Epoch: 72 loss: 0.080440
Train Epoch: 72 loss: 0.295644
Train Epoch: 72 loss: 0.142650
Train Epoch: 72 loss: 0.118311

Train Epoch: 72 accuracy: 0.98 precision: 0.86 recall: 0.72 f1: 0.78


Validate Epoch: 72 accuracy: 0.91 precision: 0.13 recall: 0.12 f1: 0.12

--- 12291.23959493637 seconds ---
Train Epoch: 73 loss: 0.083184
Train Epoch: 73 loss: 0.108788
Train Epoch: 73 loss: 0.049130
Train Epoch: 73 loss: 0.145513
Train Epoch: 73 loss: 0.107177
Train Epoch: 73 loss: 0.080423
Train Epoch: 73 loss: 0.295592
Train Epoch: 73 loss: 0.142638
Train Epoch: 73 loss: 0.118324

Train Epoch: 73 accuracy: 0.98 precision: 0.86 recall: 0.72 f1: 0.78


Validate Epoch: 73 accuracy: 0.91 precision: 0.13 recall: 0.12 f1: 0.12

--- 12507.794245004654 seconds ---
Train Epoch: 74 loss: 0.083177
Train Epoch: 74 loss: 0.108764
Train Epoch: 74 loss: 0.049119
Train Epoch: 74 loss: 0.145546
Train Epoch: 74 loss: 0.107170
Train Epoch: 74 loss: 0.080410
Train Epoch: 74 loss: 0.295552
Train Epoch: 74 loss: 0.142625
Train Epoch: 74 loss: 0.118332

Train Epoch: 74 accuracy: 0.98 precision: 0.86 recall: 0.72 f1: 0.78


Validate Epoch: 74 accuracy: 0.91 precision: 0.13 recall: 0.12 f1: 0.12

--- 12682.67984509468 seconds ---
Train Epoch: 75 loss: 0.083168
Train Epoch: 75 loss: 0.108743
Train Epoch: 75 loss: 0.049108
Train Epoch: 75 loss: 0.145568
Train Epoch: 75 loss: 0.107164
Train Epoch: 75 loss: 0.080397
Train Epoch: 75 loss: 0.295516
Train Epoch: 75 loss: 0.142612
Train Epoch: 75 loss: 0.118336

Train Epoch: 75 accuracy: 0.98 precision: 0.86 recall: 0.72 f1: 0.78


Validate Epoch: 75 accuracy: 0.91 precision: 0.13 recall: 0.12 f1: 0.12

--- 12859.246265172958 seconds ---

Test: accuracy: 0.94 precision: 0.19 recall: 0.16 f1: 0.17