Requirement already satisfied: scikit-learn in /net/cephfs/data/zifjia/condaenvs/audio_clf/lib/python3.8/site-packages (1.1.2)
Requirement already satisfied: joblib>=1.0.0 in /net/cephfs/data/zifjia/condaenvs/audio_clf/lib/python3.8/site-packages (from scikit-learn) (1.1.0)
Requirement already satisfied: scipy>=1.3.2 in /net/cephfs/data/zifjia/condaenvs/audio_clf/lib/python3.8/site-packages (from scikit-learn) (1.9.1)
Requirement already satisfied: numpy>=1.17.3 in /net/cephfs/data/zifjia/condaenvs/audio_clf/lib/python3.8/site-packages (from scikit-learn) (1.22.3)
Requirement already satisfied: threadpoolctl>=2.0.0 in /net/cephfs/data/zifjia/condaenvs/audio_clf/lib/python3.8/site-packages (from scikit-learn) (3.1.0)
Requirement already satisfied: tensorboard in /net/cephfs/data/zifjia/condaenvs/audio_clf/lib/python3.8/site-packages (2.10.1)
Requirement already satisfied: google-auth-oauthlib<0.5,>=0.4.1 in /net/cephfs/home/zifjia/.local/lib/python3.8/site-packages (from tensorboard) (0.4.6)
Requirement already satisfied: setuptools>=41.0.0 in /net/cephfs/data/zifjia/condaenvs/audio_clf/lib/python3.8/site-packages (from tensorboard) (60.8.1)
Requirement already satisfied: numpy>=1.12.0 in /net/cephfs/data/zifjia/condaenvs/audio_clf/lib/python3.8/site-packages (from tensorboard) (1.22.3)
Requirement already satisfied: requests<3,>=2.21.0 in /net/cephfs/data/zifjia/condaenvs/audio_clf/lib/python3.8/site-packages (from tensorboard) (2.28.1)
Requirement already satisfied: google-auth<3,>=1.6.3 in /net/cephfs/home/zifjia/.local/lib/python3.8/site-packages (from tensorboard) (2.9.1)
Requirement already satisfied: wheel>=0.26 in /net/cephfs/data/zifjia/condaenvs/audio_clf/lib/python3.8/site-packages (from tensorboard) (0.37.1)
Requirement already satisfied: markdown>=2.6.8 in /net/cephfs/home/zifjia/.local/lib/python3.8/site-packages (from tensorboard) (3.4.1)
Requirement already satisfied: werkzeug>=1.0.1 in /net/cephfs/data/zifjia/condaenvs/audio_clf/lib/python3.8/site-packages (from tensorboard) (2.1.2)
Requirement already satisfied: tensorboard-data-server<0.7.0,>=0.6.0 in /net/cephfs/home/zifjia/.local/lib/python3.8/site-packages (from tensorboard) (0.6.1)
Requirement already satisfied: tensorboard-plugin-wit>=1.6.0 in /net/cephfs/home/zifjia/.local/lib/python3.8/site-packages (from tensorboard) (1.8.1)
Requirement already satisfied: protobuf<3.20,>=3.9.2 in /net/cephfs/home/zifjia/.local/lib/python3.8/site-packages (from tensorboard) (3.19.4)
Requirement already satisfied: grpcio>=1.24.3 in /net/cephfs/home/zifjia/.local/lib/python3.8/site-packages (from tensorboard) (1.47.0)
Requirement already satisfied: absl-py>=0.4 in /net/cephfs/home/zifjia/.local/lib/python3.8/site-packages (from tensorboard) (1.2.0)
Requirement already satisfied: cachetools<6.0,>=2.0.0 in /net/cephfs/home/zifjia/.local/lib/python3.8/site-packages (from google-auth<3,>=1.6.3->tensorboard) (5.2.0)
Requirement already satisfied: six>=1.9.0 in /net/cephfs/data/zifjia/condaenvs/audio_clf/lib/python3.8/site-packages (from google-auth<3,>=1.6.3->tensorboard) (1.16.0)
Requirement already satisfied: rsa<5,>=3.1.4 in /net/cephfs/home/zifjia/.local/lib/python3.8/site-packages (from google-auth<3,>=1.6.3->tensorboard) (4.9)
Requirement already satisfied: pyasn1-modules>=0.2.1 in /net/cephfs/home/zifjia/.local/lib/python3.8/site-packages (from google-auth<3,>=1.6.3->tensorboard) (0.2.8)
Requirement already satisfied: requests-oauthlib>=0.7.0 in /net/cephfs/home/zifjia/.local/lib/python3.8/site-packages (from google-auth-oauthlib<0.5,>=0.4.1->tensorboard) (1.3.1)
Requirement already satisfied: importlib-metadata>=4.4 in /net/cephfs/home/zifjia/.local/lib/python3.8/site-packages (from markdown>=2.6.8->tensorboard) (4.12.0)
Requirement already satisfied: urllib3<1.27,>=1.21.1 in /net/cephfs/data/zifjia/condaenvs/audio_clf/lib/python3.8/site-packages (from requests<3,>=2.21.0->tensorboard) (1.26.12)
Requirement already satisfied: certifi>=2017.4.17 in /net/cephfs/data/zifjia/condaenvs/audio_clf/lib/python3.8/site-packages (from requests<3,>=2.21.0->tensorboard) (2022.9.14)
Requirement already satisfied: charset-normalizer<3,>=2 in /net/cephfs/data/zifjia/condaenvs/audio_clf/lib/python3.8/site-packages (from requests<3,>=2.21.0->tensorboard) (2.1.1)
Requirement already satisfied: idna<4,>=2.5 in /net/cephfs/data/zifjia/condaenvs/audio_clf/lib/python3.8/site-packages (from requests<3,>=2.21.0->tensorboard) (3.4)
Requirement already satisfied: zipp>=0.5 in /net/cephfs/data/zifjia/condaenvs/audio_clf/lib/python3.8/site-packages (from importlib-metadata>=4.4->markdown>=2.6.8->tensorboard) (3.8.0)
Requirement already satisfied: pyasn1<0.5.0,>=0.4.6 in /net/cephfs/home/zifjia/.local/lib/python3.8/site-packages (from pyasn1-modules>=0.2.1->google-auth<3,>=1.6.3->tensorboard) (0.4.8)
Requirement already satisfied: oauthlib>=3.0.0 in /net/cephfs/home/zifjia/.local/lib/python3.8/site-packages (from requests-oauthlib>=0.7.0->google-auth-oauthlib<0.5,>=0.4.1->tensorboard) (3.2.0)
Requirement already satisfied: torch in /net/cephfs/data/zifjia/condaenvs/audio_clf/lib/python3.8/site-packages (1.12.1)
Requirement already satisfied: torchvision in /net/cephfs/data/zifjia/condaenvs/audio_clf/lib/python3.8/site-packages (0.13.1)
Requirement already satisfied: torchaudio in /net/cephfs/data/zifjia/condaenvs/audio_clf/lib/python3.8/site-packages (0.12.1)
Requirement already satisfied: typing-extensions in /net/cephfs/data/zifjia/condaenvs/audio_clf/lib/python3.8/site-packages (from torch) (4.0.1)
Requirement already satisfied: pillow!=8.3.*,>=5.3.0 in /net/cephfs/data/zifjia/condaenvs/audio_clf/lib/python3.8/site-packages (from torchvision) (9.0.1)
Requirement already satisfied: requests in /net/cephfs/data/zifjia/condaenvs/audio_clf/lib/python3.8/site-packages (from torchvision) (2.28.1)
Requirement already satisfied: numpy in /net/cephfs/data/zifjia/condaenvs/audio_clf/lib/python3.8/site-packages (from torchvision) (1.22.3)
Requirement already satisfied: certifi>=2017.4.17 in /net/cephfs/data/zifjia/condaenvs/audio_clf/lib/python3.8/site-packages (from requests->torchvision) (2022.9.14)
Requirement already satisfied: urllib3<1.27,>=1.21.1 in /net/cephfs/data/zifjia/condaenvs/audio_clf/lib/python3.8/site-packages (from requests->torchvision) (1.26.12)
Requirement already satisfied: idna<4,>=2.5 in /net/cephfs/data/zifjia/condaenvs/audio_clf/lib/python3.8/site-packages (from requests->torchvision) (3.4)
Requirement already satisfied: charset-normalizer<3,>=2 in /net/cephfs/data/zifjia/condaenvs/audio_clf/lib/python3.8/site-packages (from requests->torchvision) (2.1.1)
{'name': 'chimp_wav2vec2_lstm_42', 'data_path': '/home/cluster/zifjia/data/data_chimp/wav2vec2_split_42', 'test_only': False, 'balance_weights': True, 'model_type': 'lstm', 'n_embedding': 768, 'd_hid': 1024, 'nlayers': 2, 'batch_size': 1, 'n_epoch': 200, 'lr': 0.0001, 'dropout': 0.4, 'patience': 10, 'step_factor': 0.7, 'seed': 42}
cuda
Reading data ...
train, dev, test number of files: 188, 23, 24.
dev files:  ['ASO1624_02 HW single ph_01', 'ASO1138 Sonso PS single ph_01', 'ASO1331 Sonso FK single ph feeding_01', 'ASO3453 KT pg pant ph intro, 1_20 unk hoo, 16_20 KT single ph_01', 'ASO0471 Sonso KT single ph feeding, group ph_01', 'ASO1514 MS single ph intro, KC group ph_01', 'ASO0481 Sonso KT single ph, KZ single ph feeding_01', 'ASO3132 KT single ph rest_01', 'ASO3129 KT single ph resting_01', 'ASO1614 HW single ph feeding_01', 'ASO3829 PS IN IS group ph resting, 1_30 HW single ph_01', 'ASO3462 PS single ph drum traveling_01', 'ASO3574 KT single ph feeding_01', 'ASO3856 MS single ph feeding_01', 'ASO3455 KT single ph_01', 'ASO3015 PS single ph feeding_01', 'ASO2125 KL OK KC JS group ph, FK single ph, OK KL KC KO group ph, PS single ph, PS single ph feeding_02', 'ASO3403 ZL single ph, KC fg_01', 'ASO3954 FK single ph drum traveling_01', 'ASO3404 ZL KC group ph, inf single ph other party, 3_50 KS PS ZL KC group ph, PS display, KS fg. 6_10 PS single ph_01', 'ASO3179 FK single ph resting looking at monkeys_01', 'ASO0780 Sonso ZL single ph drum_01', 'ASO3150 KT single ph_01']
test files:  ['ASO3080 HW single ph drum traveling, 2_00 HW single ph drum traveling-resting, 5_20 HW single ph drum traveling-resting_02', 'ASO4567 KC display drum (not visible), FK SM group ph drum, 1_50 ZL single ph drum travel_01', 'ASO3457 KT single ph_01', 'ASO0334 Sonso PS single ph_01', 'ASO0020 Sonso SQ single ph, PS single ph other party 2_01', 'ASO3737 HW single ph drum resting-traveling, 1_15 JN single ph feeding, HW single ph_02', 'ASO0107 Sonso Thermal Camera KZ single ph 2_50 with reply ZD, KZ SQ group ph 3_34_01', 'ASO3016 ZL single ph feeding_01', 'ASO3770 MS single ph drum traveling-resting_01', 'ASO1487 ZL single ph start, DL unk group ph, PS single ph start_01', 'ASO0910 Sonso Thermal Camera HW resting, 2_05 HW single ph, 13_45 HW PS group ph drum traveling_01', 'ASO1487 ZL single ph start, DL unk group ph, PS single ph start_02', 'ASO1035 Sonso unk group ph 100m, 0_30 ZD single ph drum, FK unk single ph drum 100m_01', 'ASO1093 Sonso SQ single ph_01', 'ASO0094 Sonso ZL single ph_01', 'ASO2877 FK single ph, KO pg-whimper, unk MB group ph_01', 'ASO2546 FK single fg ph feeding, HW single ph drum, FK fg, FK single ph, FK fg_01', 'ASO2392 group ph, 1_30 pg to ph, 1_45 NB group ph, 2_30 SM PS MB group ph, MB fg, 3_40 PS unk group ph, SM single ph, unk display to DL, 5_46 DL single ph intro_01', 'ASO2544 HW single ph drum traveling_01', 'ASO0088 Sonso HW single ph drum,  group ph, unk F ph_01', 'ASO3874 unk pg-ph start, unk group ph, 1_50 HW single ph feeding_01', 'ASO1581 HW single ph drum, MS NB unk group ph other party, HW single ph B-U, KT HW group ph_01', 'ASO3870 FK scream, MS FK group ph drum, FK MS group fg, FK MS group ph drum, MS FK fg, MS single ph intro, FK MS group ph. FK fg, 3_19 MS FK group ph feeding, 4_24 FK single ph_01', 'ASO4619 ZL unk group ph, PS single ph intro_01']
train_data_all: (78704, 769)
Labels in train_data_all:  {0: 866, 1: 38429, 2: 17370, 3: 15944, 4: 6095}
--- 5.9330735206604 seconds ---
LSTM(
  (lstm): LSTM(768, 1024, num_layers=2, dropout=0.4, bidirectional=True)
  (hidden2tag): Linear(in_features=2048, out_features=5, bias=True)
)
Number of parameters: 39888901

Train Epoch: 1 accuracy: 0.47 
 precision: [0.41772152 0.71438266 0.37747654 0.60627743 0.15150742] 
 recall: [0.03810624 0.46568997 0.29176742 0.6324009  0.58457752] 
 f1: [0.06984127 0.56383113 0.32913365 0.6190637  0.24064568] 
 f1_avg: 0.49275878715020144


Validation Epoch: 1 accuracy: 0.69 
 precision: [0.36842105 0.66051895 0.79538905 0.8324937  0.75      ] 
 recall: [1.         0.97447926 0.16292798 0.73567056 0.00601805] 
 f1: [0.53846154 0.78735501 0.27045566 0.78109306 0.0119403 ] 
 f1_avg: 0.6182069109333181

New best val score, save model ...
--- 25.361649751663208 seconds ---

Train Epoch: 2 accuracy: 0.66 
 precision: [0.32035928 0.79523972 0.54840381 0.72997118 0.27630327] 
 recall: [0.12355658 0.6677249  0.60921128 0.7943427  0.42871206] 
 f1: [0.17833333 0.72592509 0.57721049 0.76079774 0.33603395] 
 f1_avg: 0.6639490276516012


Validation Epoch: 2 accuracy: 0.71 
 precision: [0.29166667 0.69090909 0.67708333 0.80429733 0.69444444] 
 recall: [1.         0.95552637 0.26859504 0.77072899 0.02507523] 
 f1: [0.4516129  0.80195291 0.38461538 0.78715544 0.04840271] 
 f1_avg: 0.6505580862200337

New best val score, save model ...
--- 41.53099060058594 seconds ---

Train Epoch: 3 accuracy: 0.71 
 precision: [0.32596685 0.83549693 0.60271665 0.76231238 0.33597519] 
 recall: [0.13625866 0.73020375 0.65906736 0.81547918 0.47990156] 
 f1: [0.19218241 0.77930987 0.6296337  0.788      0.39524356] 
 f1_avg: 0.711833550606768


Validation Epoch: 3 accuracy: 0.72 
 precision: [0.25925926 0.70685315 0.6675063  0.80124224 0.67073171] 
 recall: [1.         0.94839557 0.31286895 0.78964942 0.0551655 ] 
 f1: [0.41176471 0.8100008  0.42604502 0.79540359 0.10194625] 
 f1_avg: 0.6689818337715684

New best val score, save model ...
--- 57.76894497871399 seconds ---

Train Epoch: 4 accuracy: 0.73 
 precision: [0.3427896  0.85699239 0.64246598 0.7764886  0.38460652] 
 recall: [0.16743649 0.76223685 0.68215314 0.82689413 0.54766202] 
 f1: [0.22498061 0.80684213 0.66171502 0.80089907 0.45187492] 
 f1_avg: 0.7397168064733048


Validation Epoch: 4 accuracy: 0.74 
 precision: [0.17073171 0.72843957 0.69593148 0.79722992 0.7       ] 
 recall: [1.         0.94783261 0.3837072  0.80077908 0.0772317 ] 
 f1: [0.29166667 0.82377885 0.49467275 0.79900056 0.13911472] 
 f1_avg: 0.6926339746503329

New best val score, save model ...
--- 73.99787092208862 seconds ---

Train Epoch: 5 accuracy: 0.76 
 precision: [0.35951134 0.87152526 0.66932227 0.78886133 0.43198804] 
 recall: [0.23787529 0.78076453 0.6964882  0.83774461 0.61640689] 
 f1: [0.28630994 0.82365214 0.68263507 0.81256844 0.50797729] 
 f1_avg: 0.759925241552258


Validation Epoch: 5 accuracy: 0.75 
 precision: [0.14       0.7443299  0.71631879 0.79800775 0.70731707] 
 recall: [1.         0.94839557 0.44569067 0.80244853 0.08726179] 
 f1: [0.24561404 0.83406222 0.54949054 0.80022198 0.15535714] 
 f1_avg: 0.7095036424158025

New best val score, save model ...
--- 90.25500059127808 seconds ---

Train Epoch: 6 accuracy: 0.77 
 precision: [0.39944134 0.88271069 0.68877352 0.7986609  0.47565759] 
 recall: [0.33025404 0.79315101 0.71030512 0.84539639 0.67645611] 
 f1: [0.36156764 0.83553777 0.69937364 0.82136437 0.55855856] 
 f1_avg: 0.7759499700707474


Validation Epoch: 6 accuracy: 0.75 
 precision: [0.13207547 0.75189535 0.71971067 0.79467259 0.71323529] 
 recall: [1.         0.94914618 0.46989374 0.7968837  0.09729188] 
 f1: [0.23333333 0.83908427 0.56857143 0.7957766  0.17122683] 
 f1_avg: 0.7163067116905889

New best val score, save model ...
--- 106.51203799247742 seconds ---

Train Epoch: 7 accuracy: 0.79 
 precision: [0.43713956 0.8928685  0.70652418 0.80657216 0.50761185] 
 recall: [0.43764434 0.80374197 0.72320092 0.85286001 0.71665299] 
 f1: [0.43739181 0.84596423 0.71476529 0.82907051 0.59428571] 
 f1_avg: 0.7896000899799263


Validation Epoch: 7 accuracy: 0.76 
 precision: [0.14285714 0.75672043 0.7292769  0.79522752 0.72027972] 
 recall: [1.         0.95083505 0.48819362 0.79744018 0.10330993] 
 f1: [0.25       0.84274428 0.58486563 0.79633231 0.18070175] 
 f1_avg: 0.7221768604762199

New best val score, save model ...
--- 122.7757453918457 seconds ---

Train Epoch: 8 accuracy: 0.80 
 precision: [0.46605876 0.89920539 0.72013112 0.81512154 0.53639036] 
 recall: [0.53117783 0.81274558 0.73356362 0.85806573 0.74848236] 
 f1: [0.49649217 0.85379222 0.72678531 0.83604253 0.62493151] 
 f1_avg: 0.8005110768951728


Validation Epoch: 8 accuracy: 0.76 
 precision: [0.1627907  0.76365008 0.73702128 0.79463308 0.72666667] 
 recall: [1.         0.95008444 0.51121606 0.80745687 0.10932798] 
 f1: [0.28       0.84672631 0.60369467 0.80099365 0.19006103] 
 f1_avg: 0.7294075464176809

New best val score, save model ...
--- 139.03583645820618 seconds ---

Train Epoch: 9 accuracy: 0.81 
 precision: [0.5        0.90477968 0.73420232 0.82172303 0.55886542] 
 recall: [0.61200924 0.82016186 0.74582614 0.86264425 0.77260049] 
 f1: [0.55036345 0.86039528 0.73996858 0.84168656 0.64857792] 
 f1_avg: 0.8102120890713026


Validation Epoch: 9 accuracy: 0.77 
 precision: [0.1627907  0.77070646 0.74354704 0.79252438 0.74096386] 
 recall: [1.         0.94989679 0.52715466 0.81413467 0.12337011] 
 f1: [0.28       0.85097083 0.61692573 0.80318419 0.21152193] 
 f1_avg: 0.7365701455671946

New best val score, save model ...
--- 155.29394459724426 seconds ---

Train Epoch: 10 accuracy: 0.82 
 precision: [0.52170139 0.90980673 0.74309642 0.82948533 0.58200168] 
 recall: [0.69399538 0.82684951 0.75601612 0.86527847 0.79474979] 
 f1: [0.59563925 0.86634676 0.7495006  0.84700393 0.67193786] 
 f1_avg: 0.8186061749405693


Validation Epoch: 10 accuracy: 0.77 
 precision: [0.175      0.77527574 0.74754098 0.79088472 0.73684211] 
 recall: [1.         0.94970914 0.53837072 0.82081247 0.12637914] 
 f1: [0.29787234 0.85367294 0.62594372 0.80557073 0.21575342] 
 f1_avg: 0.7404696256799628

New best val score, save model ...
--- 171.5330560207367 seconds ---

Train Epoch: 11 accuracy: 0.82 
 precision: [0.5504665  0.91346976 0.75271261 0.8352927  0.59910292] 
 recall: [0.74942263 0.83400557 0.76280944 0.86897893 0.81082855] 
 f1: [0.63471883 0.8719309  0.75772739 0.8518029  0.6890686 ] 
 f1_avg: 0.825877239355677


Validation Epoch: 11 accuracy: 0.77 
 precision: [0.18918919 0.77875289 0.75020342 0.78776596 0.72677596] 
 recall: [1.         0.94914618 0.54427391 0.82415136 0.1334002 ] 
 f1: [0.31818182 0.85554804 0.63085871 0.805548   0.22542373] 
 f1_avg: 0.7433260007688125

New best val score, save model ...
--- 187.7360978126526 seconds ---

Train Epoch: 12 accuracy: 0.83 
 precision: [0.56378601 0.91803185 0.7602763  0.84195228 0.61339384] 
 recall: [0.79099307 0.83993859 0.77305699 0.87205218 0.82050861] 
 f1: [0.65833734 0.87725068 0.76661338 0.85673794 0.70199326] 
 f1_avg: 0.8326964249791419


Validation Epoch: 12 accuracy: 0.78 
 precision: [0.20588235 0.78200371 0.75461107 0.78601695 0.73796791] 
 recall: [1.         0.94914618 0.55548996 0.82582081 0.13841525] 
 f1: [0.34146341 0.85750615 0.6399184  0.80542741 0.23310811] 
 f1_avg: 0.7467247650623685

New best val score, save model ...
--- 203.94556140899658 seconds ---

Train Epoch: 13 accuracy: 0.84 
 precision: [0.58862325 0.92099975 0.76948015 0.84664808 0.62979461] 
 recall: [0.82448037 0.84670431 0.77887162 0.87606623 0.83511075] 
 f1: [0.68686869 0.88229073 0.7741474  0.86110597 0.71806447] 
 f1_avg: 0.8392635176164778


Validation Epoch: 13 accuracy: 0.78 
 precision: [0.21212121 0.78339015 0.75401929 0.78443743 0.7382199 ] 
 recall: [1.         0.94877088 0.55371901 0.83027268 0.14142427] 
 f1: [0.35       0.85818552 0.63852961 0.80670451 0.23737374] 
 f1_avg: 0.747526408385806

New best val score, save model ...
--- 220.21241974830627 seconds ---

Train Epoch: 14 accuracy: 0.84 
 precision: [0.60987654 0.92139615 0.77217352 0.85094225 0.64230385] 
 recall: [0.8556582  0.85042546 0.78088659 0.87794782 0.84347826] 
 f1: [0.71215762 0.88448943 0.77650561 0.86423412 0.72927158] 
 f1_avg: 0.842637405343631


Validation Epoch: 14 accuracy: 0.78 
 precision: [0.17948718 0.78801627 0.75273865 0.78055122 0.74479167] 
 recall: [1.         0.94520548 0.56788666 0.83528102 0.14343029] 
 f1: [0.30434783 0.85948298 0.6473755  0.80698925 0.24053827] 
 f1_avg: 0.7500962608255425

New best val score, save model ...
--- 236.37038779258728 seconds ---

Train Epoch: 15 accuracy: 0.85 
 precision: [0.62788779 0.92420751 0.77707622 0.85715157 0.65606863] 
 recall: [0.87875289 0.85578599 0.78647093 0.88177371 0.85315833] 
 f1: [0.73243503 0.88868172 0.78174535 0.86928832 0.74174453] 
 f1_avg: 0.8480537340215142


Validation Epoch: 15 accuracy: 0.78 
 precision: [0.21212121 0.78917647 0.75370226 0.77754892 0.7486911 ] 
 recall: [1.         0.94407956 0.57083825 0.84028937 0.14343029] 
 f1: [0.35       0.85970608 0.6496473  0.80770259 0.24074074] 
 f1_avg: 0.7507925812433929

New best val score, save model ...
--- 252.5369098186493 seconds ---

Train Epoch: 16 accuracy: 0.85 
 precision: [0.64505403 0.92729159 0.78522611 0.86056725 0.66417248] 
 recall: [0.8960739  0.86054802 0.79372481 0.88490968 0.85922888] 
 f1: [0.75012083 0.89267397 0.78945259 0.87256873 0.74921316] 
 f1_avg: 0.8531415706185713


Validation Epoch: 16 accuracy: 0.78 
 precision: [0.175      0.7926078  0.74980754 0.77425945 0.76020408] 
 recall: [1.         0.94164008 0.57497048 0.84362827 0.14944835] 
 f1: [0.29787234 0.86072041 0.65085199 0.80745672 0.24979044] 
 f1_avg: 0.7523868337110833

New best val score, save model ...
--- 268.66832971572876 seconds ---

Train Epoch: 17 accuracy: 0.85 
 precision: [0.64946765 0.9293798  0.78685542 0.86364746 0.67703533] 
 recall: [0.91570439 0.86333238 0.79677605 0.88748118 0.86776046] 
 f1: [0.7599425  0.89513942 0.79178466 0.87540213 0.76062415] 
 f1_avg: 0.8564258280373462


Validation Epoch: 17 accuracy: 0.78 
 precision: [0.21212121 0.79440139 0.74923547 0.77443992 0.77040816] 
 recall: [1.         0.94257834 0.5785124  0.84641068 0.15145436] 
 f1: [0.35       0.86216958 0.65289807 0.80882744 0.25314334] 
 f1_avg: 0.7541538943891147

New best val score, save model ...
--- 284.7578101158142 seconds ---

Train Epoch: 18 accuracy: 0.86 
 precision: [0.65948633 0.93110192 0.79180654 0.8669596  0.68556302] 
 recall: [0.91916859 0.86720966 0.80115141 0.89099348 0.87104184] 
 f1: [0.76796913 0.89802078 0.79645157 0.87881225 0.76725197] 
 f1_avg: 0.8601551206507644


Validation Epoch: 18 accuracy: 0.78 
 precision: [0.20588235 0.79847182 0.75018755 0.77151485 0.78723404] 
 recall: [1.         0.94126478 0.59031877 0.85308848 0.14844534] 
 f1: [0.34146341 0.86400827 0.66072019 0.8102537  0.24978903] 
 f1_avg: 0.7564144807156186

New best val score, save model ...
--- 300.780800819397 seconds ---

Train Epoch: 19 accuracy: 0.86 
 precision: [0.66777133 0.93368345 0.7933458  0.87112172 0.6941024 ] 
 recall: [0.93071594 0.86975982 0.80581462 0.89281234 0.87858901] 
 f1: [0.77761698 0.90058873 0.7995316  0.88183367 0.77552498] 
 f1_avg: 0.8634476710564156


Validation Epoch: 19 accuracy: 0.78 
 precision: [0.17948718 0.79964851 0.74906925 0.768      0.78142077] 
 recall: [1.         0.9392006  0.59386068 0.85475793 0.14343029] 
 f1: [0.30434783 0.86382465 0.66249588 0.80905978 0.24237288] 
 f1_avg: 0.7556235949304693

--- 316.44639801979065 seconds ---

Train Epoch: 20 accuracy: 0.87 
 precision: [0.66748768 0.93600089 0.79833597 0.87483152 0.70141872] 
 recall: [0.93879908 0.87228395 0.81203224 0.895572   0.88416735] 
 f1: [0.78023033 0.90301985 0.80512586 0.88508027 0.78226158] 
 f1_avg: 0.8670775286541089


Validation Epoch: 20 accuracy: 0.79 
 precision: [0.30434783 0.80108644 0.75036711 0.76738369 0.78453039] 
 recall: [1.         0.94088947 0.60330579 0.85364496 0.14242728] 
 f1: [0.46666667 0.86537798 0.66884817 0.80821918 0.24108659] 
 f1_avg: 0.7573929044950759

New best val score, save model ...
--- 332.5194790363312 seconds ---

Train Epoch: 21 accuracy: 0.87 
 precision: [0.67712634 0.93768472 0.80116628 0.87640793 0.71080231] 
 recall: [0.94688222 0.87514637 0.81468048 0.89795534 0.88958162] 
 f1: [0.78960039 0.90533683 0.80786687 0.88705081 0.79020622] 
 f1_avg: 0.8699313320898452


Validation Epoch: 21 accuracy: 0.79 
 precision: [0.28       0.80547064 0.74799709 0.75923191 0.78333333] 
 recall: [1.         0.93938825 0.60625738 0.85809683 0.14142427] 
 f1: [0.4375     0.86729037 0.66970981 0.80564263 0.23959218] 
 f1_avg: 0.7579351090534034

New best val score, save model ...
--- 348.57614183425903 seconds ---

Train Epoch: 22 accuracy: 0.87 
 precision: [0.67933884 0.93956166 0.80660297 0.88178187 0.72069694] 
 recall: [0.94919169 0.87904968 0.82141623 0.90008781 0.89581624] 
 f1: [0.79190751 0.90829894 0.81394221 0.89084081 0.79877112] 
 f1_avg: 0.8741749325698612


Validation Epoch: 22 accuracy: 0.79 
 precision: [0.28       0.80488982 0.74549387 0.76063304 0.80346821] 
 recall: [1.         0.93901295 0.61038961 0.8558709  0.13941825] 
 f1: [0.4375     0.86679369 0.67121065 0.80544645 0.23760684] 
 f1_avg: 0.7576871157277377

--- 364.23234009742737 seconds ---

Train Epoch: 23 accuracy: 0.87 
 precision: [0.68308703 0.94138277 0.80823231 0.8848496  0.72548242] 
 recall: [0.96073903 0.88011658 0.82521589 0.90222027 0.90057424] 
 f1: [0.79846449 0.90971933 0.81663581 0.89345051 0.80360149] 
 f1_avg: 0.8764378472436024


Validation Epoch: 23 accuracy: 0.79 
 precision: [0.29166667 0.80861399 0.74458874 0.75218235 0.8125    ] 
 recall: [1.         0.93713642 0.60920897 0.86310518 0.14343029] 
 f1: [0.4516129  0.86814429 0.67012987 0.80383519 0.24381927] 
 f1_avg: 0.7585791766984636

New best val score, save model ...
--- 380.30249309539795 seconds ---

Train Epoch: 24 accuracy: 0.88 
 precision: [0.68074736 0.94330485 0.81166929 0.88705217 0.73439787] 
 recall: [0.96766744 0.88193812 0.82970639 0.90535625 0.90549631] 
 f1: [0.79923701 0.91158988 0.82058874 0.89611075 0.81102131] 
 f1_avg: 0.8793456192618665


Validation Epoch: 24 accuracy: 0.79 
 precision: [0.30434783 0.81138211 0.74159664 0.75377129 0.81547619] 
 recall: [1.         0.93638581 0.62514758 0.86199221 0.13741224] 
 f1: [0.46666667 0.86941371 0.67841127 0.80425753 0.23519313] 
 f1_avg: 0.759908323484143

New best val score, save model ...
--- 396.3313889503479 seconds ---

Train Epoch: 25 accuracy: 0.88 
 precision: [0.6797066  0.94426548 0.81518059 0.89044045 0.74195702] 
 recall: [0.9630485  0.88482656 0.83160622 0.90786503 0.911895  ] 
 f1: [0.79694219 0.91358025 0.82331148 0.89906832 0.8181952 ] 
 f1_avg: 0.882047835245844


Validation Epoch: 25 accuracy: 0.79 
 precision: [0.28       0.8136727  0.74193548 0.75       0.80952381] 
 recall: [1.         0.93582286 0.62455726 0.86644407 0.13640923] 
 f1: [0.4375     0.8704835  0.67820513 0.80402789 0.23347639] 
 f1_avg: 0.7602160688973025

New best val score, save model ...
--- 412.3767182826996 seconds ---

Train Epoch: 26 accuracy: 0.88 
 precision: [0.67935223 0.94561262 0.81801781 0.89231336 0.7495297 ] 
 recall: [0.96882217 0.88586744 0.8353483  0.91156548 0.91517637] 
 f1: [0.7986673  0.91476555 0.82659223 0.90183668 0.82411169] 
 f1_avg: 0.8843886353517033


Validation Epoch: 26 accuracy: 0.79 
 precision: [0.33333333 0.81433012 0.73922114 0.74771744 0.8128655 ] 
 recall: [1.         0.93413398 0.62750885 0.86588759 0.13941825] 
 f1: [0.5        0.8701276  0.67879949 0.8024755  0.2380137 ] 
 f1_avg: 0.7603465443316905

New best val score, save model ...
--- 428.41225004196167 seconds ---

Train Epoch: 27 accuracy: 0.89 
 precision: [0.69004894 0.94834665 0.82304921 0.8952422  0.75232448] 
 recall: [0.97690531 0.88958859 0.84162349 0.91225539 0.91599672] 
 f1: [0.80879541 0.91802838 0.83223272 0.90366873 0.82613199] 
 f1_avg: 0.8878656825779019


Validation Epoch: 27 accuracy: 0.79 
 precision: [0.30434783 0.81579379 0.73333333 0.75120773 0.81764706] 
 recall: [1.         0.93244511 0.63636364 0.86533111 0.13941825] 
 f1: [0.46666667 0.87022767 0.68141593 0.80424101 0.23821765] 
 f1_avg: 0.761171886090474

New best val score, save model ...
--- 444.47727704048157 seconds ---

Train Epoch: 28 accuracy: 0.89 
 precision: [0.68412571 0.94899232 0.82522907 0.89885355 0.76196286] 
 recall: [0.98036952 0.89081163 0.84513529 0.91463874 0.92223134] 
 f1: [0.80588514 0.91898204 0.83506357 0.90667744 0.8344715 ] 
 f1_avg: 0.8901794126155682


Validation Epoch: 28 accuracy: 0.79 
 precision: [0.29166667 0.81646402 0.73517241 0.74439676 0.82035928] 
 recall: [1.         0.93244511 0.62927981 0.86867001 0.13741224] 
 f1: [0.4516129  0.87060885 0.67811705 0.80174628 0.23539519] 
 f1_avg: 0.7600563093687084

--- 460.1517870426178 seconds ---

Train Epoch: 29 accuracy: 0.89 
 precision: [0.6953317  0.95094476 0.82658539 0.90216856 0.76924127] 
 recall: [0.98036952 0.89185251 0.85094991 0.91846463 0.92485644] 
 f1: [0.81360805 0.92045119 0.83859072 0.91024366 0.83990166] 
 f1_avg: 0.8929031511104688


Validation Epoch: 29 accuracy: 0.79 
 precision: [0.26923077 0.8196072  0.73489011 0.74351721 0.81481481] 
 recall: [1.         0.93188215 0.63164109 0.87757373 0.13239719] 
 f1: [0.42424242 0.87214612 0.67936508 0.80500255 0.22778257] 
 f1_avg: 0.7609089594944068

--- 475.80796456336975 seconds ---

Train Epoch: 30 accuracy: 0.89 
 precision: [0.68247588 0.95283097 0.83089595 0.90561964 0.77332969] 
 recall: [0.98036952 0.89466288 0.8537133  0.92078525 0.92863002] 
 f1: [0.80473934 0.92283122 0.8421501  0.91313948 0.84389444] 
 f1_avg: 0.8956490772147835


Validation Epoch: 30 accuracy: 0.79 
 precision: [0.35       0.81963961 0.73438572 0.73939394 0.82352941] 
 recall: [1.         0.93038093 0.63164109 0.88258208 0.12637914] 
 f1: [0.51851852 0.87150642 0.67914948 0.80466768 0.21913043] 
 f1_avg: 0.7596526261986487

--- 491.46954250335693 seconds ---

Train Epoch: 31 accuracy: 0.90 
 precision: [0.69983553 0.95361252 0.83350134 0.9063366  0.78069327] 
 recall: [0.98267898 0.89710895 0.85682211 0.92310587 0.92748154] 
 f1: [0.81748319 0.9244982  0.84500085 0.91464438 0.84778044] 
 f1_avg: 0.8978382063391384


Validation Epoch: 31 accuracy: 0.79 
 precision: [0.30434783 0.82192691 0.72696705 0.74169396 0.81528662] 
 recall: [1.         0.92850441 0.63813459 0.8820256  0.12838516] 
 f1: [0.46666667 0.8719711  0.67966048 0.80579563 0.22183709] 
 f1_avg: 0.7604368722041547

--- 507.1649384498596 seconds ---

Train Epoch: 32 accuracy: 0.90 
 precision: [0.70951586 0.95455803 0.8355935  0.90893407 0.79183447] 
 recall: [0.98152425 0.89809779 0.86200345 0.92523833 0.93552092] 
 f1: [0.82364341 0.92546759 0.84859305 0.91701374 0.85770156] 
 f1_avg: 0.9004204155576733


Validation Epoch: 32 accuracy: 0.79 
 precision: [0.35       0.8246699  0.72091503 0.74344569 0.82580645] 
 recall: [1.         0.92587728 0.65112161 0.88369505 0.12838516] 
 f1: [0.51851852 0.87234795 0.68424318 0.80752606 0.22222222] 
 f1_avg: 0.7618240715444858

New best val score, save model ...
--- 523.1865289211273 seconds ---

Train Epoch: 33 accuracy: 0.90 
 precision: [0.7075     0.95631269 0.83965681 0.91329337 0.79331942] 
 recall: [0.98036952 0.90056988 0.86764537 0.92686904 0.93519278] 
 f1: [0.82187803 0.9276046  0.85342167 0.92003113 0.85843373] 
 f1_avg: 0.903178083364577


Validation Epoch: 33 accuracy: 0.79 
 precision: [0.21875    0.82621798 0.72068511 0.74067164 0.82165605] 
 recall: [1.         0.92606493 0.64580874 0.88369505 0.12938816] 
 f1: [0.35897436 0.87329676 0.68119552 0.80588683 0.22357019] 
 f1_avg: 0.7615365007816917

--- 538.8839914798737 seconds ---

Train Epoch: 34 accuracy: 0.90 
 precision: [0.68654311 0.95755251 0.84319527 0.91621354 0.79893438] 
 recall: [0.98383372 0.9028338  0.86960276 0.93000502 0.93486464] 
 f1: [0.8087328  0.92938844 0.85619544 0.92305777 0.86157103] 
 f1_avg: 0.9053727185541003


Validation Epoch: 34 accuracy: 0.79 
 precision: [0.38888889 0.82518419 0.72445616 0.73076923 0.81203008] 
 recall: [1.         0.92475136 0.64876033 0.88814691 0.10832497] 
 f1: [0.56       0.87213521 0.68452196 0.80180859 0.19115044] 
 f1_avg: 0.7575871083198543

--- 554.5522537231445 seconds ---

Train Epoch: 35 accuracy: 0.91 
 precision: [0.72020287 0.95802421 0.84366667 0.91785736 0.805074  ] 
 recall: [0.98383372 0.90392672 0.87426598 0.93069493 0.93716161] 
 f1: [0.83162518 0.93018959 0.85869381 0.92423157 0.86611069] 
 f1_avg: 0.9071565282246687


Validation Epoch: 35 accuracy: 0.79 
 precision: [0.22580645 0.82457896 0.72696477 0.73737842 0.82608696] 
 recall: [1.         0.92794145 0.63341204 0.88592098 0.1334002 ] 
 f1: [0.36842105 0.87321208 0.67697161 0.80485339 0.22970639] 
 f1_avg: 0.761202649288223

--- 570.2026710510254 seconds ---

Train Epoch: 36 accuracy: 0.91 
 precision: [0.68619583 0.95884037 0.84959964 0.91962131 0.8049466 ] 
 recall: [0.98729792 0.9062687  0.87351756 0.93213748 0.93978671] 
 f1: [0.80965909 0.93181362 0.8613926  0.9258371  0.86715616] 
 f1_avg: 0.9087096384906906


Validation Epoch: 36 accuracy: 0.79 
 precision: [0.4375     0.82389204 0.73029891 0.72739664 0.82706767] 
 recall: [1.         0.92794145 0.63459268 0.89092933 0.11033099] 
 f1: [0.60869565 0.87282676 0.67909033 0.80090045 0.19469027] 
 f1_avg: 0.7572534605308537

--- 585.8799664974213 seconds ---

Train Epoch: 37 accuracy: 0.91 
 precision: [0.72968349 0.95927788 0.85335196 0.92079392 0.81072287] 
 recall: [0.98498845 0.90845455 0.87938975 0.93401907 0.94027892] 
 f1: [0.83832924 0.93317473 0.86617522 0.92735934 0.87070799] 
 f1_avg: 0.9113286634800041


Validation Epoch: 37 accuracy: 0.79 
 precision: [0.2        0.83082897 0.71928708 0.74659784 0.81707317] 
 recall: [1.         0.92343779 0.66706021 0.8853645  0.13440321] 
 f1: [0.33333333 0.87468894 0.69218989 0.81008147 0.23083549] 
 f1_avg: 0.7656738365857538

New best val score, save model ...
--- 601.9364540576935 seconds ---

Train Epoch: 38 accuracy: 0.91 
 precision: [0.68073248 0.96120536 0.85593268 0.92264886 0.81169657] 
 recall: [0.98729792 0.90972963 0.87835348 0.93590065 0.94273995] 
 f1: [0.80584354 0.93475936 0.86699815 0.92922751 0.87232428] 
 f1_avg: 0.9124301905282511


Validation Epoch: 38 accuracy: 0.79 
 precision: [0.5        0.8289718  0.70548367 0.73484498 0.81553398] 
 recall: [1.         0.92137362 0.67591499 0.88369505 0.08425276] 
 f1: [0.66666667 0.87273374 0.69038288 0.80242547 0.15272727] 
 f1_avg: 0.7552118276618597

--- 617.5935530662537 seconds ---

Train Epoch: 39 accuracy: 0.91 
 precision: [0.74112554 0.96298437 0.8555211  0.92362916 0.81920823] 
 recall: [0.98845266 0.91053631 0.88940702 0.93602609 0.94044299] 
 f1: [0.84710539 0.93602622 0.87213503 0.92978631 0.87564925] 
 f1_avg: 0.915007182686323


Validation Epoch: 39 accuracy: 0.79 
 precision: [0.25925926 0.83184197 0.72456254 0.7369146  0.83006536] 
 recall: [1.         0.92456371 0.65997639 0.89315526 0.12738215] 
 f1: [0.41176471 0.87575542 0.69076305 0.80754717 0.22086957] 
 f1_avg: 0.7645872174207927

--- 633.2931821346283 seconds ---

Train Epoch: 40 accuracy: 0.92 
 precision: [0.69124797 0.96280448 0.85882616 0.92954687 0.82149493] 
 recall: [0.98498845 0.91337271 0.88537709 0.93922479 0.94306809] 
 f1: [0.81238095 0.9374374  0.87189954 0.93436077 0.87809349] 
 f1_avg: 0.9163781608216623


Validation Epoch: 40 accuracy: 0.79 
 precision: [0.46153846 0.82080637 0.73388203 0.73151927 0.82644628] 
 recall: [0.85714286 0.92831676 0.63164109 0.89760712 0.1003009 ] 
 f1: [0.6        0.87125749 0.67893401 0.80609695 0.17889088] 
 f1_avg: 0.7557161824864795

--- 648.9496855735779 seconds ---

Train Epoch: 41 accuracy: 0.92 
 precision: [0.74713656 0.96267309 0.86327078 0.92915531 0.82523297] 
 recall: [0.97921478 0.91540243 0.88981002 0.94104365 0.94438064] 
 f1: [0.84757621 0.93844286 0.87633951 0.9350617  0.88079572] 
 f1_avg: 0.9185875277519786


Validation Epoch: 41 accuracy: 0.79 
 precision: [0.19444444 0.83438191 0.70851461 0.74953184 0.82716049] 
 recall: [1.         0.92081066 0.6729634  0.89092933 0.13440321] 
 f1: [0.3255814  0.87546833 0.69028156 0.81413679 0.23123382] 
 f1_avg: 0.766544249923483

New best val score, save model ...
--- 664.9887120723724 seconds ---

Train Epoch: 42 accuracy: 0.92 
 precision: [0.67427223 0.96608636 0.86702455 0.93322162 0.82892847] 
 recall: [0.98960739 0.91696375 0.89263097 0.9431134  0.94684167] 
 f1: [0.80205896 0.94088433 0.87964145 0.93814144 0.88397028] 
 f1_avg: 0.9208772737286368


Validation Epoch: 42 accuracy: 0.79 
 precision: [0.53846154 0.82188591 0.72138653 0.73715596 0.78651685] 
 recall: [1.         0.9273785  0.65112161 0.89426822 0.07021063] 
 f1: [0.7        0.87145124 0.68445548 0.80814684 0.12891344] 
 f1_avg: 0.7521475808666315

--- 680.6721065044403 seconds ---

Train Epoch: 43 accuracy: 0.92 
 precision: [0.74608696 0.9652983  0.86803813 0.93330856 0.8335739 ] 
 recall: [0.99076212 0.9178485  0.89637306 0.94530858 0.94749795] 
 f1: [0.85119048 0.9409756  0.88197808 0.93927025 0.88689242] 
 f1_avg: 0.9224331130685668


Validation Epoch: 43 accuracy: 0.79 
 precision: [0.41176471 0.82617416 0.73400673 0.74153705 0.83006536] 
 recall: [1.         0.92756615 0.64344746 0.90205899 0.12738215] 
 f1: [0.58333333 0.87393918 0.68575024 0.81395933 0.22086957] 
 f1_avg: 0.7640327757166641

--- 696.3241889476776 seconds ---

Train Epoch: 44 accuracy: 0.92 
 precision: [0.72579263 0.96548237 0.86909943 0.93548187 0.8371553 ] 
 recall: [0.97806005 0.91927971 0.89671848 0.94668841 0.94634947] 
 f1: [0.83325135 0.94181474 0.88269296 0.94105178 0.8884097 ] 
 f1_avg: 0.923281634551209


Validation Epoch: 44 accuracy: 0.79 
 precision: [0.4        0.82587565 0.72334859 0.74848626 0.8253012 ] 
 recall: [0.85714286 0.92475136 0.65289256 0.89426822 0.13741224] 
 f1: [0.54545455 0.87252125 0.6863171  0.81490872 0.23559759] 
 f1_avg: 0.7650027318703415

--- 711.9940254688263 seconds ---

Train Epoch: 45 accuracy: 0.93 
 precision: [0.76198934 0.96741861 0.87399688 0.93867047 0.84039466] 
 recall: [0.99076212 0.92177782 0.90287853 0.94938535 0.95028712] 
 f1: [0.86144578 0.94404691 0.88820298 0.94399751 0.89196889] 
 f1_avg: 0.9267702141737629


Validation Epoch: 45 accuracy: 0.80 
 precision: [0.23333333 0.8344416  0.70602266 0.76371511 0.83333333] 
 recall: [1.         0.91837118 0.69893743 0.88313856 0.14543631] 
 f1: [0.37837838 0.874397   0.70246218 0.81909677 0.24765158] 
 f1_avg: 0.7706745429478835

New best val score, save model ...
--- 728.0849008560181 seconds ---

Train Epoch: 46 accuracy: 0.93 
 precision: [0.69618197 0.97009448 0.87565372 0.93994162 0.8448351 ] 
 recall: [0.98960739 0.92177782 0.90610248 0.94919719 0.95406071] 
 f1: [0.81735813 0.94531917 0.89061793 0.94454673 0.89613192] 
 f1_avg: 0.9278729553954872


Validation Epoch: 46 accuracy: 0.79 
 precision: [0.5        0.81736825 0.71       0.76591577 0.81617647] 
 recall: [0.85714286 0.92550197 0.67060213 0.87033945 0.111334  ] 
 f1: [0.63157895 0.86808061 0.68973892 0.81479552 0.19593998] 
 f1_avg: 0.7591999264216666

--- 743.7214784622192 seconds ---

Train Epoch: 47 accuracy: 0.93 
 precision: [0.75687666 0.96887043 0.8739682  0.9402549  0.84894921] 
 recall: [0.98498845 0.92248042 0.90823258 0.94856999 0.95438884] 
 f1: [0.85599599 0.94510651 0.89077101 0.94439414 0.89858655] 
 f1_avg: 0.9283872253906524


Validation Epoch: 47 accuracy: 0.79 
 precision: [0.25925926 0.81238765 0.73288136 0.77109028 0.81818182] 
 recall: [1.         0.93282042 0.63813459 0.86978297 0.1444333 ] 
 f1: [0.41176471 0.86844864 0.68223414 0.81746862 0.2455243 ] 
 f1_avg: 0.7634699320501013

--- 759.3841602802277 seconds ---

Train Epoch: 48 accuracy: 0.93 
 precision: [0.71262458 0.96864425 0.87505568 0.94199464 0.84700568] 
 recall: [0.99076212 0.92365141 0.90477835 0.94725289 0.95373257] 
 f1: [0.82898551 0.94561294 0.88966884 0.94461644 0.89720636] 
 f1_avg: 0.9280321967742551


Validation Epoch: 48 accuracy: 0.78 
 precision: [0.45454545 0.81321934 0.71789883 0.74892806 0.8       ] 
 recall: [0.71428571 0.9281291  0.65348288 0.87479132 0.07221665] 
 f1: [0.55555556 0.86688283 0.684178   0.80698152 0.1324747 ] 
 f1_avg: 0.7496669480642079

--- 775.0199127197266 seconds ---

Train Epoch: 49 accuracy: 0.93 
 precision: [0.76038904 0.96996809 0.8791618  0.94348665 0.84753429] 
 recall: [0.99307159 0.92534284 0.91059298 0.95076518 0.95307629] 
 f1: [0.86129194 0.94713011 0.8946014  0.94711193 0.89721214] 
 f1_avg: 0.9307230726690927


Validation Epoch: 49 accuracy: 0.79 
 precision: [0.25       0.79910785 0.74653031 0.7786761  0.83040936] 
 recall: [1.         0.94126478 0.60330579 0.85754035 0.14242728] 
 f1: [0.4        0.86438049 0.66731962 0.81620763 0.24315068] 
 f1_avg: 0.7582114641345421

--- 790.6537499427795 seconds ---

Train Epoch: 50 accuracy: 0.93 
 precision: [0.71333333 0.96570172 0.87745236 0.94333872 0.85454279] 
 recall: [0.98845266 0.92536886 0.89861831 0.95126693 0.95520919] 
 f1: [0.8286544  0.94510518 0.88790921 0.94728624 0.90207623] 
 f1_avg: 0.9283102649782528


Validation Epoch: 50 accuracy: 0.79 
 precision: [0.5        0.80454545 0.7027512  0.81742508 0.82954545] 
 recall: [1.         0.93000563 0.69362456 0.8196995  0.14643932] 
 f1: [0.66666667 0.86273827 0.69815805 0.81856071 0.24893436] 
 f1_avg: 0.7638456641866972

--- 806.2877049446106 seconds ---

Train Epoch: 51 accuracy: 0.93 
 precision: [0.75886525 0.97193183 0.8816227  0.94710878 0.85779546] 
 recall: [0.98845266 0.92901194 0.91583189 0.95126693 0.95504512] 
 f1: [0.85857573 0.94998736 0.89840176 0.9491833  0.90381182] 
 f1_avg: 0.9338577589869715


Validation Epoch: 51 accuracy: 0.79 
 precision: [0.25       0.81218191 0.72261828 0.772      0.81481481] 
 recall: [1.         0.92831676 0.65820543 0.85920979 0.13239719] 
 f1: [0.4        0.86637478 0.68890948 0.81327364 0.22778257] 
 f1_avg: 0.7609197703338568

--- 821.9353511333466 seconds ---

Train Epoch: 52 accuracy: 0.93 
 precision: [0.69788274 0.97161304 0.88209437 0.94937894 0.86112751] 
 recall: [0.98960739 0.92807515 0.91266552 0.95396387 0.95734208] 
 f1: [0.81852913 0.94934519 0.89711957 0.95166588 0.90668946] 
 f1_avg: 0.9335463578105041


Validation Epoch: 52 accuracy: 0.78 
 precision: [0.46153846 0.81061224 0.73727648 0.74269557 0.80909091] 
 recall: [0.85714286 0.9316945  0.63282172 0.87701725 0.0892678 ] 
 f1: [0.6        0.86694605 0.68106734 0.80428681 0.16079494] 
 f1_avg: 0.7515777184012067

--- 837.5809907913208 seconds ---

Train Epoch: 53 accuracy: 0.93 
 precision: [0.76964286 0.97200686 0.88487647 0.94875622 0.86077071] 
 recall: [0.99538106 0.92976658 0.91554404 0.95684897 0.95652174] 
 f1: [0.86807654 0.95041762 0.89994907 0.95278541 0.90612372] 
 f1_avg: 0.9354226338491202


Validation Epoch: 53 accuracy: 0.78 
 precision: [0.35294118 0.79380629 0.75167286 0.77828513 0.82716049] 
 recall: [0.85714286 0.942766   0.59681228 0.85364496 0.13440321] 
 f1: [0.5        0.86189741 0.66535044 0.81422505 0.23123382] 
 f1_avg: 0.7550241743628997

--- 853.2483339309692 seconds ---

Train Epoch: 54 accuracy: 0.93 
 precision: [0.73014518 0.96806522 0.88510328 0.95080027 0.87049399] 
 recall: [0.98729792 0.9300268  0.90782959 0.95753889 0.96275636] 
 f1: [0.83946981 0.94866486 0.8963224  0.95415768 0.91430352] 
 f1_avg: 0.9343630944159641


Validation Epoch: 54 accuracy: 0.79 
 precision: [0.45454545 0.81296144 0.7357002  0.76769691 0.82722513] 
 recall: [0.71428571 0.92981798 0.66056671 0.85698386 0.15847543] 
 f1: [0.55555556 0.86747199 0.69611198 0.80988693 0.26599327] 
 f1_avg: 0.7661261100259487

--- 868.8746855258942 seconds ---

Train Epoch: 55 accuracy: 0.94 
 precision: [0.76978417 0.97482063 0.88418204 0.95256498 0.86177424] 
 recall: [0.98845266 0.92987067 0.92164652 0.95847968 0.95947498] 
 f1: [0.86552073 0.95181525 0.90252565 0.95551318 0.90800404] 
 f1_avg: 0.9373438011654788


Validation Epoch: 55 accuracy: 0.78 
 precision: [0.35       0.78310821 0.74449339 0.80076419 0.82840237] 
 recall: [1.         0.94651905 0.59858323 0.8163606  0.14042126] 
 f1: [0.51851852 0.85709431 0.66361257 0.80848719 0.24013722] 
 f1_avg: 0.751986274870732

--- 884.5187139511108 seconds ---

Train Epoch: 56 accuracy: 0.94 
 precision: [0.73253833 0.97132227 0.88478467 0.95275836 0.87095337] 
 recall: [0.99307159 0.9307294  0.91427749 0.95753889 0.96226415] 
 f1: [0.84313725 0.95059268 0.89928933 0.95514264 0.91433471] 
 f1_avg: 0.9362015002161592


Validation Epoch: 56 accuracy: 0.78 
 precision: [0.5        0.79059492 0.7353352  0.78888889 0.83225806] 
 recall: [0.71428571 0.94013886 0.62160567 0.82971619 0.12938816] 
 f1: [0.58823529 0.85890622 0.67370441 0.80878763 0.22395833] 
 f1_avg: 0.7531720299578153

--- 900.1729111671448 seconds ---

Train Epoch: 57 accuracy: 0.93 
 precision: [0.77576854 0.96864169 0.87389722 0.94964433 0.85827815] 
 recall: [0.99076212 0.92357334 0.91243523 0.95452835 0.95684988] 
 f1: [0.87018256 0.9455708  0.89275052 0.95208008 0.90488751] 
 f1_avg: 0.9312518935251125


Validation Epoch: 57 accuracy: 0.78 
 precision: [0.28571429 0.75582072 0.82514178 0.84467188 0.82075472] 
 recall: [0.85714286 0.97466692 0.51534829 0.78074569 0.17452357] 
 f1: [0.42857143 0.85140562 0.63444767 0.81145171 0.28784119] 
 f1_avg: 0.7491908902920125

--- 915.811644077301 seconds ---

Train Epoch: 58 accuracy: 0.93 
 precision: [0.75504829 0.96226158 0.86667408 0.94909114 0.85976236] 
 recall: [0.99307159 0.92029457 0.89740933 0.95296036 0.96160788] 
 f1: [0.85785536 0.9408103  0.88177396 0.95102181 0.90783767] 
 f1_avg: 0.9263833831614035


Validation Epoch: 58 accuracy: 0.78 
 precision: [0.35714286 0.77147536 0.88043478 0.78267555 0.78378378] 
 recall: [0.71428571 0.97241509 0.47815821 0.84974958 0.17452357] 
 f1: [0.47619048 0.86036859 0.61973986 0.81483458 0.2854799 ] 
 f1_avg: 0.7519297699424028

--- 931.4603350162506 seconds ---

Train Epoch: 59 accuracy: 0.92 
 precision: [0.77636364 0.95905687 0.86499578 0.9469076  0.85092176] 
 recall: [0.98614319 0.91980015 0.88416811 0.95640993 0.96177194] 
 f1: [0.86876907 0.9390184  0.87447687 0.95163505 0.90295749] 
 f1_avg: 0.9237643609526657


Validation Epoch: 59 accuracy: 0.79 
 precision: [0.38461538 0.79535963 0.87899322 0.75422501 0.7768595 ] 
 recall: [0.71428571 0.96490899 0.53600945 0.86922649 0.1885657 ] 
 f1: [0.5        0.8719688  0.66593326 0.80765253 0.30347054] 
 f1_avg: 0.7667166528266984

--- 947.1103825569153 seconds ---

Train Epoch: 60 accuracy: 0.93 
 precision: [0.76038904 0.95852982 0.87638905 0.94765242 0.84944049] 
 recall: [0.99307159 0.9256551  0.88082902 0.95829152 0.95898277] 
 f1: [0.86129194 0.94180567 0.87860342 0.95294228 0.90089396] 
 f1_avg: 0.9260587840785809


Validation Epoch: 60 accuracy: 0.80 
 precision: [0.38461538 0.82515887 0.83161239 0.73434622 0.77777778] 
 recall: [0.71428571 0.9502721  0.61806375 0.88759043 0.18956871] 
 f1: [0.5        0.88330717 0.70910938 0.8037289  0.30483871] 
 f1_avg: 0.7797333284732034

New best val score, save model ...
--- 963.1304547786713 seconds ---

Train Epoch: 61 accuracy: 0.93 
 precision: [0.77858439 0.96230533 0.88468325 0.95072482 0.85612036] 
 recall: [0.99076212 0.92937625 0.89481865 0.95841696 0.96160788] 
 f1: [0.87195122 0.94555419 0.88972209 0.95455539 0.90580326] 
 f1_avg: 0.9311672385080039


Validation Epoch: 61 accuracy: 0.80 
 precision: [0.35714286 0.85061813 0.80144928 0.69725159 0.76348548] 
 recall: [0.71428571 0.92963032 0.65289256 0.91764051 0.18455366] 
 f1: [0.47619048 0.88837084 0.7195836  0.7924075  0.29725363] 
 f1_avg: 0.7814285750066281

New best val score, save model ...
--- 979.1835162639618 seconds ---

Train Epoch: 62 accuracy: 0.93 
 precision: [0.77888087 0.96701694 0.88989579 0.95183044 0.86255855] 
 recall: [0.9965358  0.93153608 0.90454807 0.9604867  0.96685808] 
 f1: [0.87436677 0.94894497 0.89716211 0.95613898 0.91173513] 
 f1_avg: 0.9352716402178699


Validation Epoch: 62 accuracy: 0.80 
 precision: [0.26315789 0.86512866 0.78825996 0.67240689 0.75619835] 
 recall: [0.71428571 0.91480578 0.66587957 0.934335   0.18355065] 
 f1: [0.38461538 0.88927399 0.72192    0.78202143 0.29539952] 
 f1_avg: 0.780168127641068

--- 994.8233103752136 seconds ---

Train Epoch: 63 accuracy: 0.94 
 precision: [0.78110808 0.9708596  0.89337778 0.94971825 0.86626453] 
 recall: [0.99307159 0.93372193 0.91024755 0.96192925 0.96603774] 
 f1: [0.87442806 0.95192869 0.90173377 0.95578475 0.91343469] 
 f1_avg: 0.9377980082011524


Validation Epoch: 63 accuracy: 0.80 
 precision: [0.22727273 0.87070201 0.78748281 0.67104216 0.756     ] 
 recall: [0.71428571 0.9123663  0.67591499 0.93878687 0.18956871] 
 f1: [0.34482759 0.89104737 0.727446   0.78264904 0.30312751] 
 f1_avg: 0.7829537068539453

New best val score, save model ...
--- 1010.8550720214844 seconds ---

Train Epoch: 64 accuracy: 0.94 
 precision: [0.76392573 0.97203024 0.89672131 0.95383373 0.87242554] 
 recall: [0.99769053 0.93689661 0.91324122 0.96280733 0.96603774] 
 f1: [0.86529795 0.95414011 0.90490588 0.95829952 0.91684833] 
 f1_avg: 0.9402512136557233


Validation Epoch: 64 accuracy: 0.80 
 precision: [0.23809524 0.87203451 0.78522099 0.6632733  0.75105485] 
 recall: [0.71428571 0.91048977 0.67119244 0.94268225 0.17853561] 
 f1: [0.35714286 0.89084733 0.72374284 0.77867157 0.28849271] 
 f1_avg: 0.7800026309975271

--- 1026.5102705955505 seconds ---

Train Epoch: 65 accuracy: 0.94 
 precision: [0.78676471 0.97320585 0.89937426 0.95306882 0.87522308] 
 recall: [0.98845266 0.93759921 0.91848014 0.96418716 0.96554553] 
 f1: [0.87615148 0.95507077 0.9088268  0.95859575 0.91816834] 
 f1_avg: 0.9418526383208115


Validation Epoch: 65 accuracy: 0.80 
 precision: [0.17647059 0.87531807 0.75804376 0.67865804 0.73846154] 
 recall: [0.85714286 0.90373428 0.69539551 0.934335   0.19257773] 
 f1: [0.29268293 0.88929923 0.72536946 0.78623273 0.30548926] 
 f1_avg: 0.7825054225666832

--- 1042.144067287445 seconds ---

Train Epoch: 66 accuracy: 0.94 
 precision: [0.72742616 0.97443658 0.90126382 0.95651903 0.88172203] 
 recall: [0.99538106 0.93835385 0.91963155 0.96443803 0.97112387] 
 f1: [0.84056558 0.95605488 0.91035505 0.96046221 0.92426608] 
 f1_avg: 0.9431292090573347


Validation Epoch: 66 accuracy: 0.80 
 precision: [0.23809524 0.87384112 0.76734964 0.65825243 0.78037383] 
 recall: [0.71428571 0.90204541 0.68536009 0.94323873 0.16750251] 
 f1: [0.35714286 0.8877193  0.72404116 0.77538884 0.27580512] 
 f1_avg: 0.7764691888943963

--- 1057.815800189972 seconds ---

Train Epoch: 67 accuracy: 0.94 
 precision: [0.78986175 0.97586943 0.90291589 0.95494881 0.88085996] 
 recall: [0.98960739 0.93975904 0.92521589 0.96519067 0.96800656] 
 f1: [0.87852383 0.95747389 0.91392988 0.96004242 0.92237943] 
 f1_avg: 0.9447975527149988


Validation Epoch: 67 accuracy: 0.80 
 precision: [0.18421053 0.87070052 0.74309045 0.69482976 0.7519084 ] 
 recall: [1.         0.90729968 0.69834711 0.91986644 0.19759278] 
 f1: [0.31111111 0.88862341 0.72002435 0.79166667 0.31294678] 
 f1_avg: 0.7829810810017903

New best val score, save model ...
--- 1073.9222157001495 seconds ---

Train Epoch: 68 accuracy: 0.95 
 precision: [0.71487947 0.97576837 0.90742728 0.95622979 0.88832106] 
 recall: [0.99307159 0.94098207 0.92492804 0.96462619 0.96964725] 
 f1: [0.83131948 0.95805956 0.91609408 0.96040964 0.92720427] 
 f1_avg: 0.9454897977406392


Validation Epoch: 68 accuracy: 0.80 
 precision: [0.22727273 0.87162285 0.75158831 0.66470126 0.79289941] 
 recall: [0.71428571 0.90204541 0.69834711 0.9410128  0.13440321] 
 f1: [0.34482759 0.88657322 0.72399021 0.77908316 0.22984563] 
 f1_avg: 0.7718414520391021

--- 1089.5452408790588 seconds ---

Train Epoch: 69 accuracy: 0.95 
 precision: [0.7827681  0.97789519 0.90896838 0.95772196 0.8880169 ] 
 recall: [0.98614319 0.9439746  0.9318365  0.96613146 0.96538146] 
 f1: [0.87276444 0.96063555 0.9202604  0.96190833 0.92508451] 
 f1_avg: 0.9482625683520733


Validation Epoch: 69 accuracy: 0.80 
 precision: [0.15       0.87096192 0.72575848 0.71741992 0.76325088] 
 recall: [0.85714286 0.90561081 0.7201889  0.90984975 0.21664995] 
 f1: [0.25531915 0.88794848 0.72296296 0.80225711 0.3375    ] 
 f1_avg: 0.7875109415240362

New best val score, save model ...
--- 1105.633838891983 seconds ---

Train Epoch: 70 accuracy: 0.95 
 precision: [0.707137   0.97870103 0.90880432 0.960514   0.89801485] 
 recall: [0.99538106 0.94462515 0.92941854 0.96575514 0.97227235] 
 f1: [0.82685851 0.96136123 0.91899584 0.96312744 0.93366945] 
 f1_avg: 0.9487445010154197


Validation Epoch: 70 accuracy: 0.80 
 precision: [0.17857143 0.87913907 0.7343465  0.67386955 0.77777778] 
 recall: [0.71428571 0.89679114 0.71310508 0.93711742 0.16850552] 
 f1: [0.28571429 0.88787738 0.72356993 0.7839851  0.27699918] 
 f1_avg: 0.7781163915494886

--- 1121.2918779850006 seconds ---

Train Epoch: 71 accuracy: 0.95 
 precision: [0.77019749 0.97954337 0.90918259 0.96127988 0.89551563] 
 recall: [0.99076212 0.94449504 0.93425446 0.9685148  0.9730927 ] 
 f1: [0.86666667 0.96169999 0.92154803 0.96488378 0.93269382] 
 f1_avg: 0.9501914404023913


Validation Epoch: 71 accuracy: 0.80 
 precision: [0.29411765 0.86831276 0.75695364 0.68384458 0.74524715] 
 recall: [0.71428571 0.91067743 0.67473436 0.93043962 0.19658977] 
 f1: [0.41666667 0.88899066 0.71348315 0.7883074  0.31111111] 
 f1_avg: 0.7813268027369821

--- 1136.935476064682 seconds ---

Train Epoch: 72 accuracy: 0.95 
 precision: [0.76957696 0.97880581 0.91387479 0.96025585 0.90243161] 
 recall: [0.98729792 0.94699316 0.9328152  0.96983191 0.97424118] 
 f1: [0.86494689 0.96263672 0.92324786 0.96502013 0.93696252] 
 f1_avg: 0.9513632536082848


Validation Epoch: 72 accuracy: 0.80 
 precision: [0.18518519 0.87787383 0.73180998 0.67688584 0.77522936] 
 recall: [0.71428571 0.89566523 0.71841795 0.93377852 0.16950853] 
 f1: [0.29411765 0.88668029 0.72505213 0.78484565 0.2781893 ] 
 f1_avg: 0.7780067957762308

--- 1152.602331161499 seconds ---

Train Epoch: 73 accuracy: 0.95 
 precision: [0.78760255 0.98081276 0.91326788 0.96086118 0.89580494] 
 recall: [0.99769053 0.94709724 0.93719056 0.9685148  0.9704676 ] 
 f1: [0.88028528 0.96366019 0.92507458 0.96467281 0.93164278] 
 f1_avg: 0.9519525837420608


Validation Epoch: 73 accuracy: 0.80 
 precision: [0.17647059 0.85621489 0.74358974 0.7318612  0.75362319] 
 recall: [0.85714286 0.91518108 0.70188902 0.90372844 0.20862588] 
 f1: [0.29268293 0.88471655 0.72213787 0.80876494 0.32678712] 
 f1_avg: 0.7857453374393303

--- 1168.245267868042 seconds ---

Train Epoch: 74 accuracy: 0.95 
 precision: [0.74521739 0.9799554  0.91721612 0.96431023 0.9043412 ] 
 recall: [0.98960739 0.9490489  0.93701785 0.96933016 0.97407711] 
 f1: [0.85019841 0.96425455 0.92701125 0.96681367 0.93791469] 
 f1_avg: 0.9532585733371843


Validation Epoch: 74 accuracy: 0.80 
 precision: [0.18518519 0.8698556  0.73531193 0.68556061 0.78306878] 
 recall: [0.71428571 0.90429724 0.71664699 0.92209238 0.14844534] 
 f1: [0.29411765 0.88674211 0.72585949 0.7864262  0.24957841] 
 f1_avg: 0.7755650517132484

--- 1183.870617866516 seconds ---

Train Epoch: 75 accuracy: 0.95 
 precision: [0.78669098 0.98091398 0.91766888 0.96394486 0.89896688] 
 recall: [0.9965358  0.94954331 0.94006908 0.96920472 0.97079573] 
 f1: [0.87926643 0.96497375 0.92873393 0.96656763 0.93350162] 
 f1_avg: 0.9539181765802144


Validation Epoch: 75 accuracy: 0.81 
 precision: [0.23076923 0.86326312 0.7324356  0.73650794 0.74911661] 
 recall: [0.85714286 0.90748733 0.73848878 0.90372844 0.21263791] 
 f1: [0.36363636 0.88482298 0.73544974 0.8115942  0.33125   ] 
 f1_avg: 0.7891195034777916

New best val score, save model ...
--- 1199.9599664211273 seconds ---

Train Epoch: 76 accuracy: 0.95 
 precision: [0.76017699 0.98149841 0.9200944  0.96471982 0.90746679] 
 recall: [0.99191686 0.94975149 0.94265976 0.97070998 0.97506153] 
 f1: [0.86072144 0.96536402 0.9312404  0.96770563 0.94005062] 
 f1_avg: 0.9551955603324088


Validation Epoch: 76 accuracy: 0.80 
 precision: [0.20833333 0.87477047 0.72889417 0.67435275 0.75      ] 
 recall: [0.71428571 0.89397636 0.72373081 0.92765721 0.15045135] 
 f1: [0.32258065 0.88426914 0.72630332 0.78097915 0.25062657] 
 f1_avg: 0.7734304114973226

--- 1215.5805172920227 seconds ---

Train Epoch: 77 accuracy: 0.95 
 precision: [0.8        0.98225967 0.91768327 0.96464646 0.90142988] 
 recall: [0.99307159 0.94949127 0.94409902 0.97033367 0.97227235] 
 f1: [0.88614116 0.96559754 0.93070375 0.96748171 0.93551188] 
 f1_avg: 0.9550739937272097


Validation Epoch: 77 accuracy: 0.80 
 precision: [0.20689655 0.86270674 0.74099379 0.71910605 0.73928571] 
 recall: [0.85714286 0.91030212 0.7042503  0.91318865 0.20762287] 
 f1: [0.33333333 0.8858656  0.72215496 0.80460897 0.32419734] 
 f1_avg: 0.7853775110842253

--- 1231.2530660629272 seconds ---

Train Epoch: 78 accuracy: 0.96 
 precision: [0.73886986 0.98169864 0.92232516 0.96540116 0.91023284] 
 recall: [0.9965358  0.95196336 0.93995394 0.97127446 0.97489746] 
 f1: [0.84857424 0.96660237 0.93105611 0.9683289  0.94145607] 
 f1_avg: 0.9558609900984875


Validation Epoch: 78 accuracy: 0.80 
 precision: [0.2        0.86140916 0.73204904 0.71165644 0.77830189] 
 recall: [0.71428571 0.90392194 0.74025974 0.90372844 0.16549649] 
 f1: [0.3125     0.88215365 0.73613149 0.7962736  0.27295285] 
 f1_avg: 0.7790338654179307

--- 1246.9180166721344 seconds ---

Train Epoch: 79 accuracy: 0.96 
 precision: [0.78971534 0.98268853 0.91747681 0.96742386 0.90641221] 
 recall: [0.99307159 0.94980353 0.94536557 0.97227797 0.97407711] 
 f1: [0.8797954  0.96596623 0.93121243 0.96984484 0.93902728] 
 f1_avg: 0.9560474247471727


Validation Epoch: 79 accuracy: 0.80 
 precision: [0.3        0.83361316 0.78384125 0.73841212 0.7751938 ] 
 recall: [0.85714286 0.9316945  0.65289256 0.89538119 0.20060181] 
 f1: [0.44444444 0.87992911 0.71239936 0.80935614 0.3187251 ] 
 f1_avg: 0.7808672380221082

--- 1262.579216003418 seconds ---

Train Epoch: 80 accuracy: 0.95 
 precision: [0.77081468 0.9791136  0.91646953 0.96482913 0.91476923] 
 recall: [0.99422633 0.95027193 0.93672999 0.97039639 0.97555373] 
 f1: [0.86838124 0.96447719 0.92648901 0.96760475 0.9441842 ] 
 f1_avg: 0.9540978760549228


Validation Epoch: 80 accuracy: 0.80 
 precision: [0.2        0.87415771 0.74432863 0.68416735 0.76150628] 
 recall: [0.71428571 0.90073184 0.71664699 0.92821369 0.18254764] 
 f1: [0.3125     0.88724584 0.73022556 0.78772137 0.29449838] 
 f1_avg: 0.781399926703306

--- 1278.244582414627 seconds ---

Train Epoch: 81 accuracy: 0.96 
 precision: [0.79444444 0.9830718  0.9206029  0.96650031 0.91012096] 
 recall: [0.99076212 0.95204143 0.94588371 0.9717135  0.97522559] 
 f1: [0.88180884 0.96730782 0.9330721  0.96909989 0.94154918] 
 f1_avg: 0.9571794563718713


Validation Epoch: 81 accuracy: 0.81 
 precision: [0.24       0.84811434 0.75825627 0.74626866 0.76946108] 
 recall: [0.85714286 0.9241884  0.67768595 0.89037284 0.25777332] 
 f1: [0.375      0.88451868 0.71571072 0.81197666 0.38617581] 
 f1_avg: 0.791203006055405

New best val score, save model ...
--- 1294.329022884369 seconds ---

Train Epoch: 82 accuracy: 0.96 
 precision: [0.78331822 0.98018636 0.9214193  0.96967044 0.9144606 ] 
 recall: [0.99769053 0.95261391 0.94035694 0.97252885 0.9804758 ] 
 f1: [0.87760284 0.96620347 0.93079181 0.97109754 0.94631829] 
 f1_avg: 0.9568647067844184


Validation Epoch: 82 accuracy: 0.79 
 precision: [0.22727273 0.89346812 0.68912467 0.65963267 0.75700935] 
 recall: [0.71428571 0.86245074 0.76682409 0.93934335 0.16248746] 
 f1: [0.34482759 0.87768548 0.72590109 0.77502296 0.26754748] 
 f1_avg: 0.7704333507812154

--- 1310.0495703220367 seconds ---

Train Epoch: 83 accuracy: 0.95 
 precision: [0.78844362 0.98218547 0.90610847 0.96455933 0.90318665] 
 recall: [0.97690531 0.94259544 0.94450201 0.97127446 0.97653815] 
 f1: [0.87261475 0.9619833  0.92490698 0.96790525 0.93843122] 
 f1_avg: 0.9521929533400937


Validation Epoch: 83 accuracy: 0.80 
 precision: [0.18518519 0.84528302 0.77785564 0.72536781 0.73737374] 
 recall: [0.71428571 0.92475136 0.65525384 0.90539789 0.21965898] 
 f1: [0.29411765 0.88323326 0.71131048 0.80544554 0.33848532] 
 f1_avg: 0.7836547581366977

--- 1325.7537319660187 seconds ---

Train Epoch: 84 accuracy: 0.96 
 precision: [0.74718615 0.98002463 0.92009507 0.96846903 0.91421117] 
 recall: [0.9965358  0.95240574 0.93603915 0.97284245 0.97735849] 
 f1: [0.85403266 0.96601782 0.92799863 0.97065081 0.94473079] 
 f1_avg: 0.9556848174656303


Validation Epoch: 84 accuracy: 0.81 
 precision: [0.19230769 0.86146273 0.77165354 0.70387729 0.76987448] 
 recall: [0.71428571 0.91949709 0.69421488 0.91930996 0.18455366] 
 f1: [0.3030303  0.88953436 0.73088875 0.7972973  0.29773463] 
 f1_avg: 0.7848289908619256

--- 1341.4332823753357 seconds ---

Train Epoch: 85 accuracy: 0.96 
 precision: [0.80485528 0.98130166 0.92367188 0.96820737 0.91221082] 
 recall: [0.99538106 0.95459158 0.94191134 0.97221525 0.97686628] 
 f1: [0.89003614 0.96776236 0.93270245 0.97020717 0.9434321 ] 
 f1_avg: 0.9577804732802948


Validation Epoch: 85 accuracy: 0.81 
 precision: [0.22222222 0.84814244 0.78065395 0.73701149 0.77316294] 
 recall: [0.85714286 0.92963032 0.67650531 0.89204229 0.24272818] 
 f1: [0.35294118 0.8870188  0.72485769 0.80715005 0.36946565] 
 f1_avg: 0.791541997774987

New best val score, save model ...
--- 1357.5134637355804 seconds ---

Train Epoch: 86 accuracy: 0.96 
 precision: [0.78990826 0.9811583  0.92631996 0.97100906 0.91611716] 
 recall: [0.99422633 0.9553202  0.94237191 0.97472403 0.98014766] 
 f1: [0.8803681  0.96806687 0.93427699 0.972863   0.94705136] 
 f1_avg: 0.9589885858602009


Validation Epoch: 86 accuracy: 0.80 
 precision: [0.19230769 0.86453247 0.71013699 0.72307692 0.78632479] 
 recall: [0.71428571 0.8969788  0.76505313 0.88925988 0.18455366] 
 f1: [0.3030303  0.88045681 0.73657289 0.79760419 0.29894395] 
 f1_avg: 0.781063910586443

--- 1373.2144515514374 seconds ---

Train Epoch: 87 accuracy: 0.96 
 precision: [0.80979284 0.98336111 0.91896571 0.96855464 0.90792291] 
 recall: [0.99307159 0.95196336 0.94732297 0.9717135  0.97391304] 
 f1: [0.89211618 0.96740754 0.9329289  0.9701315  0.93976094] 
 f1_avg: 0.9573804600608111


Validation Epoch: 87 accuracy: 0.81 
 precision: [0.22727273 0.86347643 0.78819672 0.70565386 0.75      ] 
 recall: [0.71428571 0.92099831 0.70956316 0.90984975 0.20762287] 
 f1: [0.34482759 0.89131027 0.74681578 0.79484686 0.32521603] 
 f1_avg: 0.7909092371825891

--- 1388.9013574123383 seconds ---

Train Epoch: 88 accuracy: 0.96 
 precision: [0.78832117 0.98418188 0.92479093 0.97110875 0.91878173] 
 recall: [0.99769053 0.95524213 0.94858952 0.9739714  0.97998359] 
 f1: [0.88073394 0.96949609 0.93653906 0.97253797 0.94839632] 
 f1_avg: 0.9602280101765174


Validation Epoch: 88 accuracy: 0.80 
 precision: [0.18518519 0.85167131 0.7926915  0.6856786  0.74122807] 
 recall: [0.71428571 0.91799587 0.66587957 0.91652755 0.16950853] 
 f1: [0.29411765 0.88359072 0.72377286 0.78447249 0.27591837] 
 f1_avg: 0.7758115487817734

Early stopping!

Test Epoch: accuracy: 0.78 
 precision: [0.73684211 0.8063199  0.76940299 0.72685398 0.6955836 ] 
 recall: [0.15053763 0.92674964 0.45518764 0.84930032 0.64852941] 
 f1: [0.25       0.86235048 0.57198336 0.78332092 0.67123288] 
 f1_avg: 0.7611534813542085

--- 1405.582947731018 seconds ---

Test Epoch: accuracy: 0.81 
 precision: [0.22222222 0.84814244 0.78065395 0.73701149 0.77316294] 
 recall: [0.85714286 0.92963032 0.67650531 0.89204229 0.24272818] 
 f1: [0.35294118 0.8870188  0.72485769 0.80715005 0.36946565] 
 f1_avg: 0.791541997774987

--- 1406.062368631363 seconds ---
