{'name': 'chimp_wav2vec2_transformer_42', 'data_path': '/home/zifjia/data/data_chimp/wav2vec2_split_3407', 'test_only': False, 'balance_weights': True, 'model_type': 'transformer', 'n_embedding': 768, 'd_hid': 1024, 'nlayers': 6, 'nhead': 8, 'batch_size': 1, 'n_epoch': 200, 'lr': 0.0001, 'dropout': 0.4, 'patience': 10, 'step_factor': 0.7, 'seed': 42}
cuda
Reading data ...
train, dev, test number of files: 188, 23, 24.
dev files:  ['ASO4445 KT MS group ph drum traveling, 2_20 KT whimper, MS single ph drum, KT bark_01', 'ASO0481 Sonso KT single ph, KZ single ph feeding_02', 'ASO2186 ZL single ph start_01', 'ASO0662 Sonso KT single ph feeding_01', 'ASO2904 PS single ph_01', 'ASO1433 Sonso FK single ph, inf voc_01', 'ASO4255 PS display drum, SM single ph B-U_01', 'ASO2877 FK single ph, KO pg-whimper, unk MB group ph_01', 'ASO1581 HW single ph drum, MS NB unk group ph other party, HW single ph B-U, KT HW group ph_01', 'ASO3737 HW single ph drum resting-traveling, 1_15 JN single ph feeding, HW single ph_01', 'ASO3150 KT single ph_01', 'ASO3574 KT single ph feeding_01', 'ASO3484 Thermal Camera HW ZL groom, 3_40 HW single ph, 4_10 FK single ph 50m, 15_30 HW ZL KT group ph, 16_50 HW ZL group ph _01', 'ASO0107 Sonso Thermal Camera KZ single ph 2_50 with reply ZD, KZ SQ group ph 3_34_01', 'ASO1051 Sonso ZD single ph_01', 'ASO3015 PS single ph feeding_01', 'ASO4271 SM PS IN group ph drum, 1_50 SM PS group ph drum, 4_00 PS group ph, 6_40 FK MB PS KT unk group ph, 9_00 SM display drum, 11_00 PS single ph feeding, FK single ph feeding, 17_05 unk single ph_01', 'ASO1487 ZL single ph start, DL unk group ph, PS single ph start_01', 'ASO1231 Sonso KZ single ph drum traveling_01', 'ASO3870 FK scream, MS FK group ph drum, FK MS group fg, FK MS group ph drum, MS FK fg, MS single ph intro, FK MS group ph. FK fg, 3_19 MS FK group ph feeding, 4_24 FK single ph_01', 'ASO1731 ZL single ph, unk fg, JN stranger F MB group ph_01', 'ASO0412 Sonso PS single ph, SQ single ph, PS single ph 1_25_01', 'ASO1265 Sonso HW single ph start_01']
test files:  ['ASO2103 DL single ph, KL KO group ph, DL single ph, KT single ph, KT DL MS group ph_01', 'ASO3799 KT single ph_01', 'ASO3006 ZL single ph drum traveling_01', 'ASO2392 group ph, 1_30 pg to ph, 1_45 NB group ph, 2_30 SM PS MB group ph, MB fg, 3_40 PS unk group ph, SM single ph, unk display to DL, 5_46 DL single ph intro_01', 'ASO0376 Sonso MS single ph _01', 'ASO3995 PS MB group ph feeding, 1_40 PS single ph feeding, MB fg, 2_50 ML MB group ph-bark_01', 'ASO1920 SM single ph feeding_01', 'ASO3819 KT single ph feeding_01', 'ASO3149 KT single ph rest_01', 'ASO1577 HW single ph_01', 'ASO4443 MS single ph display drum to KT, 1_30 MS display (ph), KT single ph_01', 'ASO3080 HW single ph drum traveling, 2_00 HW single ph drum traveling-resting, 5_20 HW single ph drum traveling-resting_03', 'ASO2585 MS single ph drum_01', 'ASO2544 HW single ph drum traveling_01', 'ASO3174 PS single ph feeding_01', 'ASO1624_02 HW single ph_01', 'ASO3856 MS single ph feeding_01', 'ASO3152 KT single ph resting_01', 'ASO3512 PS single ph_01', 'ASO0020 Sonso SQ single ph, PS single ph other party 2_01', 'ASO0480 Sonso KZ KT group ph, KZ KT group ph, KT single ph feeding_01', 'ASO3901 Thermal Camera MS KT HW groom, 4_30 unk pg 30m, 7_00 rest hoo, 10_25 HW single ph groom, 12_50 JS single ph drum 50m, HW single ph B-U, 20_15 KT HW group ph_01', 'ASO2125 KL OK KC JS group ph, FK single ph, OK KL KC KO group ph, PS single ph, PS single ph feeding_02', 'ASO3885 unk KJ group ph-pg, group ph,KC pg-ph start, KC scream, KL pg pant to HW, 1_30 infant single ph, group ph, group ph (video), 4_00 group bark, 4_20 KT single ph feeding, 5_30 unk group ph, KC single ph, 6_40 unk group pg-ph start, ,,,_01']
data_all: (98325, 769)
train_data_all: (80197, 769)
Labels in train_data_all:  {0: 650, 1: 39659, 2: 17778, 3: 15670, 4: 6440}
--- 2.654273748397827 seconds ---
Transformer(
  (pos_encoder): PositionalEncoding(
    (dropout): Dropout(p=0.4, inplace=False)
  )
  (transformer_encoder): TransformerEncoder(
    (layers): ModuleList(
      (0): TransformerEncoderLayer(
        (self_attn): MultiheadAttention(
          (out_proj): NonDynamicallyQuantizableLinear(in_features=768, out_features=768, bias=True)
        )
        (linear1): Linear(in_features=768, out_features=1024, bias=True)
        (dropout): Dropout(p=0.4, inplace=False)
        (linear2): Linear(in_features=1024, out_features=768, bias=True)
        (norm1): LayerNorm((768,), eps=1e-05, elementwise_affine=True)
        (norm2): LayerNorm((768,), eps=1e-05, elementwise_affine=True)
        (dropout1): Dropout(p=0.4, inplace=False)
        (dropout2): Dropout(p=0.4, inplace=False)
      )
      (1): TransformerEncoderLayer(
        (self_attn): MultiheadAttention(
          (out_proj): NonDynamicallyQuantizableLinear(in_features=768, out_features=768, bias=True)
        )
        (linear1): Linear(in_features=768, out_features=1024, bias=True)
        (dropout): Dropout(p=0.4, inplace=False)
        (linear2): Linear(in_features=1024, out_features=768, bias=True)
        (norm1): LayerNorm((768,), eps=1e-05, elementwise_affine=True)
        (norm2): LayerNorm((768,), eps=1e-05, elementwise_affine=True)
        (dropout1): Dropout(p=0.4, inplace=False)
        (dropout2): Dropout(p=0.4, inplace=False)
      )
      (2): TransformerEncoderLayer(
        (self_attn): MultiheadAttention(
          (out_proj): NonDynamicallyQuantizableLinear(in_features=768, out_features=768, bias=True)
        )
        (linear1): Linear(in_features=768, out_features=1024, bias=True)
        (dropout): Dropout(p=0.4, inplace=False)
        (linear2): Linear(in_features=1024, out_features=768, bias=True)
        (norm1): LayerNorm((768,), eps=1e-05, elementwise_affine=True)
        (norm2): LayerNorm((768,), eps=1e-05, elementwise_affine=True)
        (dropout1): Dropout(p=0.4, inplace=False)
        (dropout2): Dropout(p=0.4, inplace=False)
      )
      (3): TransformerEncoderLayer(
        (self_attn): MultiheadAttention(
          (out_proj): NonDynamicallyQuantizableLinear(in_features=768, out_features=768, bias=True)
        )
        (linear1): Linear(in_features=768, out_features=1024, bias=True)
        (dropout): Dropout(p=0.4, inplace=False)
        (linear2): Linear(in_features=1024, out_features=768, bias=True)
        (norm1): LayerNorm((768,), eps=1e-05, elementwise_affine=True)
        (norm2): LayerNorm((768,), eps=1e-05, elementwise_affine=True)
        (dropout1): Dropout(p=0.4, inplace=False)
        (dropout2): Dropout(p=0.4, inplace=False)
      )
      (4): TransformerEncoderLayer(
        (self_attn): MultiheadAttention(
          (out_proj): NonDynamicallyQuantizableLinear(in_features=768, out_features=768, bias=True)
        )
        (linear1): Linear(in_features=768, out_features=1024, bias=True)
        (dropout): Dropout(p=0.4, inplace=False)
        (linear2): Linear(in_features=1024, out_features=768, bias=True)
        (norm1): LayerNorm((768,), eps=1e-05, elementwise_affine=True)
        (norm2): LayerNorm((768,), eps=1e-05, elementwise_affine=True)
        (dropout1): Dropout(p=0.4, inplace=False)
        (dropout2): Dropout(p=0.4, inplace=False)
      )
      (5): TransformerEncoderLayer(
        (self_attn): MultiheadAttention(
          (out_proj): NonDynamicallyQuantizableLinear(in_features=768, out_features=768, bias=True)
        )
        (linear1): Linear(in_features=768, out_features=1024, bias=True)
        (dropout): Dropout(p=0.4, inplace=False)
        (linear2): Linear(in_features=1024, out_features=768, bias=True)
        (norm1): LayerNorm((768,), eps=1e-05, elementwise_affine=True)
        (norm2): LayerNorm((768,), eps=1e-05, elementwise_affine=True)
        (dropout1): Dropout(p=0.4, inplace=False)
        (dropout2): Dropout(p=0.4, inplace=False)
      )
    )
  )
  (decoder): Linear(in_features=768, out_features=5, bias=True)
)
Number of parameters: 23644421

Train Epoch: 1 accuracy: 0.41 
 precision: [0.01630641 0.62505543 0.29165105 0.45545946 0.17385758] 
 recall: [0.06615385 0.42648579 0.30633367 0.53771538 0.35978261] 
 f1: [0.02616368 0.50702199 0.2988121  0.49318115 0.23443112] 
 f1_avg: 0.43237475319389673


Validation Epoch: 1 accuracy: 0.53 
 precision: [0.04530201 0.61585366 0.41400093 1.         1.        ] 
 recall: [0.08823529 0.84184655 0.51292361 0.         0.        ] 
 f1: [0.05986696 0.71133183 0.45818368 0.         0.        ] 
 f1_avg: 0.45298269859964796

New best val score, save model ...
--- 11.682615518569946 seconds ---

Train Epoch: 2 accuracy: 0.45 
 precision: [0.02684798 0.6603612  0.30838096 0.54976992 0.18604115] 
 recall: [0.11846154 0.46652714 0.34295196 0.57945118 0.37624224] 
 f1: [0.04377487 0.54677365 0.32474899 0.56422047 0.24897246] 
 f1_avg: 0.4729734864612805


Validation Epoch: 2 accuracy: 0.54 
 precision: [0.29787234 0.62478649 0.37963475 1.         1.        ] 
 recall: [0.04575163 0.70356914 0.78805284 0.12344983 0.        ] 
 f1: [0.07932011 0.66184158 0.5124183  0.21976919 0.        ] 
 f1_avg: 0.4812569131105524

New best val score, save model ...
--- 16.580366849899292 seconds ---

Train Epoch: 3 accuracy: 0.49 
 precision: [0.03996487 0.70429143 0.34174121 0.57422767 0.18253482] 
 recall: [0.14       0.51478857 0.36961413 0.60970006 0.37034161] 
 f1: [0.06217971 0.59481114 0.3551316  0.59143246 0.24454014] 
 f1_avg: 0.5085744655059303


Validation Epoch: 3 accuracy: 0.58 
 precision: [0.44       0.65508596 0.41212871 1.         1.        ] 
 recall: [0.03594771 0.78179098 0.76507754 0.17361894 0.        ] 
 f1: [0.06646526 0.71285199 0.53569274 0.29586936 0.        ] 
 f1_avg: 0.5260996985350049

New best val score, save model ...
--- 21.04077172279358 seconds ---

Train Epoch: 4 accuracy: 0.51 
 precision: [0.04897314 0.72849489 0.35864109 0.59694129 0.17391636] 
 recall: [0.14307692 0.55200585 0.38182023 0.61774091 0.35388199] 
 f1: [0.07296979 0.62808779 0.36986787 0.60716302 0.23321736] 
 f1_avg: 0.5305490142659185


Validation Epoch: 4 accuracy: 0.58 
 precision: [0.5        0.63999326 0.44029353 1.         1.        ] 
 recall: [0.03594771 0.81192563 0.75818495 0.10879369 0.        ] 
 f1: [0.06707317 0.71577956 0.55707955 0.19623793 0.        ] 
 f1_avg: 0.5123684031053218

--- 25.461207151412964 seconds ---

Train Epoch: 5 accuracy: 0.52 
 precision: [0.05706333 0.74071149 0.37645187 0.61691327 0.1731388 ] 
 recall: [0.12615385 0.56753826 0.39925751 0.63592853 0.35931677] 
 f1: [0.0785817  0.64266339 0.38751945 0.62627659 0.23367836] 
 f1_avg: 0.5454871034393356


Validation Epoch: 5 accuracy: 0.59 
 precision: [0.45833333 0.70453608 0.39221872 0.99575372 1.        ] 
 recall: [0.03594771 0.73028425 0.85697875 0.2643743  0.        ] 
 f1: [0.06666667 0.71717914 0.53814247 0.41781737 0.        ] 
 f1_avg: 0.5524314398350678

New best val score, save model ...
--- 31.331289291381836 seconds ---

Train Epoch: 6 accuracy: 0.54 
 precision: [0.06656694 0.75648657 0.39134144 0.63737292 0.17263126] 
 recall: [0.13692308 0.58960135 0.41286984 0.65213784 0.35279503] 
 f1: [0.08958228 0.66269892 0.40181749 0.64467085 0.23182491] 
 f1_avg: 0.5620990909393007


Validation Epoch: 6 accuracy: 0.61 
 precision: [0.13095238 0.69715447 0.43173432 0.99002494 1.        ] 
 recall: [0.03594771 0.80636888 0.80643308 0.22378805 0.        ] 
 f1: [0.05641026 0.74779506 0.56238734 0.36505747 0.        ] 
 f1_avg: 0.5621295184286076

New best val score, save model ...
--- 37.08767056465149 seconds ---

Train Epoch: 7 accuracy: 0.54 
 precision: [0.07544007 0.75214631 0.42099776 0.63942425 0.15386978] 
 recall: [0.13846154 0.57656522 0.45426932 0.66904914 0.31118012] 
 f1: [0.09766685 0.65275478 0.43700116 0.65390133 0.20591862] 
 f1_avg: 0.5647697761980333


Validation Epoch: 7 accuracy: 0.61 
 precision: [0.5        0.72300564 0.40859917 0.96057348 1.        ] 
 recall: [0.03594771 0.76704424 0.84606548 0.30214205 0.        ] 
 f1: [0.06707317 0.74437416 0.55106622 0.45969125 0.        ] 
 f1_avg: 0.5769318656889411

New best val score, save model ...
--- 41.775646924972534 seconds ---

Train Epoch: 8 accuracy: 0.56 
 precision: [0.10549451 0.76529257 0.4290429  0.65774135 0.14976259] 
 recall: [0.14769231 0.59590509 0.46068174 0.691321   0.29875776] 
 f1: [0.12307692 0.67005954 0.44429978 0.67411325 0.19951263] 
 f1_avg: 0.5785860920212537


Validation Epoch: 8 accuracy: 0.59 
 precision: [0.52380952 0.71761089 0.39139241 0.95032051 1.        ] 
 recall: [0.03594771 0.69843984 0.8879954  0.33427283 0.        ] 
 f1: [0.06727829 0.70789559 0.543314   0.49457882 0.        ] 
 f1_avg: 0.5635723173490846

--- 46.83748483657837 seconds ---

Train Epoch: 9 accuracy: 0.57 
 precision: [0.11591149 0.77575111 0.44312526 0.66192342 0.17054762] 
 recall: [0.16923077 0.60483119 0.48076274 0.70057435 0.32981366] 
 f1: [0.13758599 0.67971097 0.46117736 0.68070067 0.22483328] 
 f1_avg: 0.5905383614171771


Validation Epoch: 9 accuracy: 0.62 
 precision: [0.44       0.71973712 0.4169863  0.94980185 1.        ] 
 recall: [0.03594771 0.72558239 0.87421022 0.40529876 0.        ] 
 f1: [0.06646526 0.72264794 0.56464478 0.56815488 0.        ] 
 f1_avg: 0.5894153867212051

New best val score, save model ...
--- 53.37679314613342 seconds ---

Train Epoch: 10 accuracy: 0.58 
 precision: [0.11733046 0.7799614  0.4627776  0.66516327 0.17174739] 
 recall: [0.16769231 0.6114375  0.49932501 0.70587109 0.32981366] 
 f1: [0.13806206 0.68549379 0.48035714 0.68491285 0.22587335] 
 f1_avg: 0.5985602503146971


Validation Epoch: 10 accuracy: 0.62 
 precision: [0.5        0.70605642 0.43248702 0.98310811 1.        ] 
 recall: [0.03594771 0.76490703 0.86099943 0.32807215 0.        ] 
 f1: [0.06707317 0.73430447 0.5757634  0.49196957 0.        ] 
 f1_avg: 0.5827405295357784

--- 58.51502561569214 seconds ---

Train Epoch: 11 accuracy: 0.58 
 precision: [0.10677618 0.78253469 0.4575435  0.67440592 0.18093385] 
 recall: [0.16       0.61436244 0.49555631 0.70995533 0.34658385] 
 f1: [0.12807882 0.68832545 0.47579186 0.69172418 0.23775032] 
 f1_avg: 0.6011522601142576


Validation Epoch: 11 accuracy: 0.62 
 precision: [0.47826087 0.68712236 0.45010812 0.9915683  1.        ] 
 recall: [0.03594771 0.77773028 0.83687536 0.33145434 0.        ] 
 f1: [0.0668693  0.72962406 0.58537565 0.49683143 0.        ] 
 f1_avg: 0.58311191997854

--- 62.96120357513428 seconds ---

Train Epoch: 12 accuracy: 0.59 
 precision: [0.11734164 0.78767387 0.47736691 0.67948565 0.18110488] 
 recall: [0.17384615 0.61970801 0.50539993 0.72501595 0.35124224] 
 f1: [0.14011159 0.69366789 0.49098361 0.70151281 0.23898574] 
 f1_avg: 0.6092712653091156


Validation Epoch: 12 accuracy: 0.64 
 precision: [0.38709677 0.73276043 0.43735431 0.90928962 1.        ] 
 recall: [0.03921569 0.7471682  0.86214819 0.46899662 0.        ] 
 f1: [0.07121662 0.73989418 0.5803209  0.6188174  0.        ] 
 f1_avg: 0.6112009956638194

New best val score, save model ...
--- 68.49781489372253 seconds ---

Train Epoch: 13 accuracy: 0.59 
 precision: [0.09233449 0.79481253 0.48034866 0.67741358 0.19009092] 
 recall: [0.16307692 0.62432235 0.51766228 0.72405871 0.35388199] 
 f1: [0.11790879 0.69932638 0.49830793 0.6999599  0.24732758] 
 f1_avg: 0.6138796349621142


Validation Epoch: 13 accuracy: 0.63 
 precision: [0.5        0.72856249 0.43693824 0.90169492 1.        ] 
 recall: [0.03594771 0.74631331 0.86559449 0.44983089 0.        ] 
 f1: [0.06707317 0.73733108 0.58073218 0.60022565 0.        ] 
 f1_avg: 0.6062248923493101

--- 74.04580116271973 seconds ---

Train Epoch: 14 accuracy: 0.61 
 precision: [0.12755102 0.80301105 0.48503181 0.68495111 0.20445631] 
 recall: [0.15384615 0.63748456 0.52311846 0.73312061 0.38043478] 
 f1: [0.13947001 0.71073753 0.5033557  0.70821774 0.26597188] 
 f1_avg: 0.6239271272711198


Validation Epoch: 14 accuracy: 0.66 
 precision: [0.52380952 0.72215822 0.47343802 0.91370011 1.        ] 
 recall: [0.03594771 0.80380423 0.81390006 0.47745209 0.        ] 
 f1: [0.06727829 0.76079701 0.59864808 0.62717512 0.        ] 
 f1_avg: 0.6268675608948464

New best val score, save model ...
--- 78.60921835899353 seconds ---

Train Epoch: 15 accuracy: 0.61 
 precision: [0.12309257 0.80083105 0.49049754 0.6895951  0.20498799] 
 recall: [0.18615385 0.64146852 0.51681854 0.73254627 0.38416149] 
 f1: [0.14819351 0.71234564 0.50331416 0.71042208 0.26732941] 
 f1_avg: 0.6253235937292897


Validation Epoch: 15 accuracy: 0.66 
 precision: [0.47826087 0.70430987 0.49763378 0.93295455 1.        ] 
 recall: [0.03594771 0.82774097 0.78518093 0.46279594 0.        ] 
 f1: [0.0668693  0.76105325 0.60918004 0.61868877 0.        ] 
 f1_avg: 0.6273435889949852

New best val score, save model ...
--- 83.3470070362091 seconds ---

Train Epoch: 16 accuracy: 0.61 
 precision: [0.12231031 0.80190567 0.49101828 0.69143367 0.20330272] 
 recall: [0.16615385 0.63662725 0.52891214 0.7417358  0.37468944] 
 f1: [0.1409002  0.70977173 0.50926127 0.71570197 0.26358621] 
 f1_avg: 0.6260410496643757


Validation Epoch: 16 accuracy: 0.66 
 precision: [0.55       0.68651489 0.50446761 0.96589359 1.        ] 
 recall: [0.03594771 0.83778585 0.77828834 0.39909808 0.        ] 
 f1: [0.06748466 0.75464434 0.6121527  0.56481851 0.        ] 
 f1_avg: 0.6142066930745241

--- 89.85896277427673 seconds ---

Train Epoch: 17 accuracy: 0.61 
 precision: [0.14766558 0.8053878  0.49942001 0.69060741 0.21341463] 
 recall: [0.20923077 0.6422754  0.53279334 0.7437141  0.39130435] 
 f1: [0.17313813 0.71464243 0.51556717 0.7161776  0.27619465] 
 f1_avg: 0.6312143025473109


Validation Epoch: 17 accuracy: 0.66 
 precision: [0.47826087 0.70606618 0.49853265 0.89270833 1.        ] 
 recall: [0.03594771 0.8209019  0.78058587 0.48308906 0.        ] 
 f1: [0.0668693  0.75916593 0.60846206 0.62692026 0.        ] 
 f1_avg: 0.6278378354457009

New best val score, save model ...
--- 96.41738653182983 seconds ---

Train Epoch: 18 accuracy: 0.62 
 precision: [0.11800487 0.80865839 0.51511616 0.69402941 0.21880714] 
 recall: [0.14923077 0.65185708 0.54629317 0.755903   0.39021739] 
 f1: [0.13179348 0.72184062 0.53024678 0.72364603 0.28039052] 
 f1_avg: 0.6394892371873382


Validation Epoch: 18 accuracy: 0.66 
 precision: [0.52380952 0.66883539 0.55125177 0.90961761 1.        ] 
 recall: [0.03594771 0.87882026 0.67030442 0.44250282 0.        ] 
 f1: [0.06727829 0.75958253 0.60497667 0.59537353 0.        ] 
 f1_avg: 0.621284383000783

--- 101.22345519065857 seconds ---

Train Epoch: 19 accuracy: 0.62 
 precision: [0.10706861 0.80739764 0.50835335 0.69504425 0.21876602] 
 recall: [0.15846154 0.64837742 0.5357183  0.75181876 0.39751553] 
 f1: [0.12779156 0.71920232 0.52167721 0.7223176  0.28221806] 
 f1_avg: 0.6361396017819659


Validation Epoch: 19 accuracy: 0.67 
 precision: [0.47826087 0.68271372 0.53509496 0.92041522 1.        ] 
 recall: [0.03594771 0.85167771 0.74439977 0.44983089 0.        ] 
 f1: [0.0668693  0.75789273 0.62262791 0.60431655 0.        ] 
 f1_avg: 0.6254994930935093

--- 106.18396067619324 seconds ---

Train Epoch: 20 accuracy: 0.63 
 precision: [0.12896175 0.80881131 0.53501567 0.70098185 0.23150566] 
 recall: [0.18153846 0.66242215 0.55692429 0.75175495 0.41304348] 
 f1: [0.15079872 0.7283338  0.54575019 0.72548114 0.29670943] 
 f1_avg: 0.647960076370884


Validation Epoch: 20 accuracy: 0.67 
 precision: [0.47826087 0.69387403 0.52850603 0.92374728 0.7       ] 
 recall: [0.03594771 0.85937166 0.72946582 0.47801578 0.01078582] 
 f1: [0.0668693  0.767806   0.61293436 0.63001486 0.02124431] 
 f1_avg: 0.6352146576434798

New best val score, save model ...
--- 111.69253182411194 seconds ---

Train Epoch: 21 accuracy: 0.63 
 precision: [0.1206409  0.81231735 0.51809626 0.69868739 0.23080977] 
 recall: [0.19692308 0.65884162 0.54190573 0.7574984  0.40807453] 
 f1: [0.14962011 0.72757396 0.52973359 0.72690529 0.29485022] 
 f1_avg: 0.6441531992578061


Validation Epoch: 21 accuracy: 0.67 
 precision: [0.52380952 0.68689444 0.53879497 0.91122995 0.66666667] 
 recall: [0.03594771 0.86364608 0.7139575  0.48027057 0.00308166] 
 f1: [0.06727829 0.76519599 0.61413043 0.6290144  0.00613497] 
 f1_avg: 0.6328553277941589

--- 116.49737358093262 seconds ---

Train Epoch: 22 accuracy: 0.64 
 precision: [0.13824885 0.81681999 0.52898627 0.70257197 0.23514786] 
 recall: [0.18461538 0.66269951 0.56356171 0.76005105 0.41118012] 
 f1: [0.15810277 0.73173244 0.54572689 0.73018209 0.29919214] 
 f1_avg: 0.6508127117832656


Validation Epoch: 22 accuracy: 0.67 
 precision: [0.52380952 0.67374486 0.55908875 0.9015873  1.        ] 
 recall: [0.03594771 0.87475956 0.67662263 0.48027057 0.00154083] 
 f1: [0.06727829 0.76120513 0.61226611 0.62670099 0.00307692] 
 f1_avg: 0.6297940495445798

--- 120.95621967315674 seconds ---

Train Epoch: 23 accuracy: 0.64 
 precision: [0.1406423  0.81588716 0.53459353 0.69915427 0.24208227] 
 recall: [0.19538462 0.66506972 0.56631792 0.7649649  0.41304348] 
 f1: [0.16355441 0.73279898 0.54999863 0.73058053 0.30525591] 
 f1_avg: 0.6528960642118148


Validation Epoch: 23 accuracy: 0.67 
 precision: [0.61111111 0.66591056 0.56661857 0.91230068 1.        ] 
 recall: [0.03594771 0.87839282 0.67662263 0.45152198 0.00308166] 
 f1: [0.06790123 0.75753387 0.61675393 0.6040724  0.00614439] 
 f1_avg: 0.6246212129654193

--- 125.55564475059509 seconds ---

Train Epoch: 24 accuracy: 0.64 
 precision: [0.12389381 0.81067411 0.53801138 0.70410959 0.25326493] 
 recall: [0.17230769 0.66680955 0.56884914 0.77083599 0.42158385] 
 f1: [0.14414414 0.73173769 0.55300068 0.73596344 0.31643357] 
 f1_avg: 0.6548287850788748


Validation Epoch: 24 accuracy: 0.66 
 precision: [0.52380952 0.65628424 0.57487437 0.94758065 1.        ] 
 recall: [0.03594771 0.89613165 0.65709362 0.39740699 0.00770416] 
 f1: [0.06727829 0.7576798  0.61324042 0.55996823 0.01529052] 
 f1_avg: 0.6161033645376919

--- 132.0248384475708 seconds ---

Train Epoch: 25 accuracy: 0.64 
 precision: [0.1430131  0.81808356 0.53789988 0.70553371 0.25434381] 
 recall: [0.20153846 0.66799465 0.5759928  0.76726228 0.42732919] 
 f1: [0.16730524 0.73545987 0.55629499 0.7351044  0.3188876 ] 
 f1_avg: 0.6576166914603874


Validation Epoch: 25 accuracy: 0.68 
 precision: [0.35294118 0.72876765 0.50741163 0.83473604 0.875     ] 
 recall: [0.03921569 0.80508656 0.76680069 0.61499436 0.01078582] 
 f1: [0.07058824 0.76502843 0.61070448 0.70821162 0.02130898] 
 f1_avg: 0.6486612176725827

New best val score, save model ...
--- 137.54406023025513 seconds ---

Train Epoch: 26 accuracy: 0.64 
 precision: [0.08737864 0.8178159  0.54679539 0.70530783 0.25552963] 
 recall: [0.18       0.66600267 0.57346158 0.77421825 0.42515528] 
 f1: [0.11764706 0.73414309 0.55981111 0.73815825 0.31920723] 
 f1_avg: 0.6579648563303855


Validation Epoch: 26 accuracy: 0.67 
 precision: [0.52380952 0.65593405 0.59432387 0.90899001 1.        ] 
 recall: [0.03594771 0.90126095 0.61344055 0.46166855 0.00154083] 
 f1: [0.06727829 0.7592726  0.60373092 0.61233645 0.00307692] 
 f1_avg: 0.624396212839362

--- 142.20920872688293 seconds ---

Train Epoch: 27 accuracy: 0.65 
 precision: [0.11872587 0.81630215 0.54760132 0.70423605 0.26571051] 
 recall: [0.18923077 0.6719534  0.57914276 0.76917677 0.43726708] 
 f1: [0.14590747 0.73712745 0.56293056 0.73527528 0.33055523] 
 f1_avg: 0.6607092046940024


Validation Epoch: 27 accuracy: 0.67 
 precision: [0.52380952 0.67010143 0.57615894 0.91027027 0.89655172] 
 recall: [0.03594771 0.8895063  0.64962665 0.4746336  0.04006163] 
 f1: [0.06727829 0.76437098 0.61069114 0.62393479 0.07669617] 
 f1_avg: 0.635799365625882

--- 146.92731523513794 seconds ---

Train Epoch: 28 accuracy: 0.65 
 precision: [0.14223195 0.81852719 0.55509559 0.70740957 0.25723739] 
 recall: [0.2        0.67908924 0.57323658 0.77377154 0.43462733] 
 f1: [0.16624041 0.74231692 0.56402026 0.73910393 0.3231915 ] 
 f1_avg: 0.6638386323906397


Validation Epoch: 28 accuracy: 0.69 
 precision: [0.5        0.68977008 0.56914628 0.88160291 1.        ] 
 recall: [0.03594771 0.88480445 0.65479609 0.54565953 0.03697997] 
 f1: [0.06707317 0.77520831 0.60897436 0.67409471 0.07132244] 
 f1_avg: 0.6503531229946999

New best val score, save model ...
--- 152.40962028503418 seconds ---

Train Epoch: 29 accuracy: 0.65 
 precision: [0.12643678 0.82023708 0.55228426 0.70639401 0.26588709] 
 recall: [0.18615385 0.67697118 0.58139273 0.78257817 0.43074534] 
 f1: [0.15059116 0.74174967 0.5664648  0.74253709 0.32880934] 
 f1_avg: 0.6650951254372272


Validation Epoch: 29 accuracy: 0.67 
 precision: [0.5        0.65155241 0.60839563 0.911188   1.        ] 
 recall: [0.03594771 0.90596281 0.60769673 0.44532131 0.02311248] 
 f1: [0.06707317 0.75797944 0.60804598 0.59825824 0.04518072] 
 f1_avg: 0.6248060574617215

--- 157.96792602539062 seconds ---

Train Epoch: 30 accuracy: 0.66 
 precision: [0.12129895 0.81737153 0.56289821 0.71104733 0.27935062] 
 recall: [0.19538462 0.67982047 0.60130498 0.77466496 0.43819876] 
 f1: [0.1496759  0.74227741 0.58146808 0.74149411 0.34119212] 
 f1_avg: 0.6694651734593756


Validation Epoch: 30 accuracy: 0.68 
 precision: [0.45833333 0.67364886 0.59341885 0.89245283 0.94444444] 
 recall: [0.03594771 0.90040607 0.61114302 0.53325817 0.02619414] 
 f1: [0.06666667 0.77069423 0.60215054 0.66760762 0.05097451] 
 f1_avg: 0.6440311248029147

--- 162.62210488319397 seconds ---

Train Epoch: 31 accuracy: 0.66 
 precision: [0.15086207 0.82366943 0.56145057 0.71254943 0.25975244] 
 recall: [0.21538462 0.6805517  0.58870514 0.78194001 0.43012422] 
 f1: [0.1774398  0.74530217 0.57475494 0.74563379 0.32390084] 
 f1_avg: 0.6691181786219418


Validation Epoch: 31 accuracy: 0.67 
 precision: [0.5        0.66189877 0.59057768 0.89289392 1.        ] 
 recall: [0.03594771 0.89997863 0.60482481 0.48872604 0.01694915] 
 f1: [0.06707317 0.76279323 0.59761635 0.63169399 0.03333333] 
 f1_avg: 0.6309260485183023

--- 167.99582695960999 seconds ---

Train Epoch: 32 accuracy: 0.66 
 precision: [0.16125541 0.81946111 0.56471215 0.71423525 0.27336013] 
 recall: [0.22923077 0.6886457  0.59590505 0.77421825 0.43291925] 
 f1: [0.18932656 0.74837985 0.57988943 0.74301813 0.33511629] 
 f1_avg: 0.6722642487949223


Validation Epoch: 32 accuracy: 0.70 
 precision: [0.52380952 0.6943516  0.59314775 0.84923817 1.        ] 
 recall: [0.03594771 0.88801026 0.63641585 0.59695603 0.04468413] 
 f1: [0.06727829 0.77933039 0.6140205  0.70109235 0.08554572] 
 f1_avg: 0.659672180622325

New best val score, save model ...
--- 173.88285756111145 seconds ---

Train Epoch: 33 accuracy: 0.67 
 precision: [0.15853659 0.83091452 0.57383721 0.72222547 0.28659794] 
 recall: [0.2        0.69439471 0.61069862 0.78947033 0.45326087] 
 f1: [0.17687075 0.75654515 0.59169437 0.75435227 0.35115789] 
 f1_avg: 0.6823209030594591


Validation Epoch: 33 accuracy: 0.68 
 precision: [0.55       0.66287699 0.60196987 0.87145558 1.        ] 
 recall: [0.03594771 0.89720026 0.59678346 0.51972943 0.01848998] 
 f1: [0.06748466 0.76244097 0.59936545 0.65112994 0.03630862] 
 f1_avg: 0.6350722132270517

--- 178.60347151756287 seconds ---

Train Epoch: 34 accuracy: 0.67 
 precision: [0.16759156 0.82776449 0.572294   0.71843641 0.28338146] 
 recall: [0.23230769 0.69837868 0.60046124 0.7858328  0.44192547] 
 f1: [0.19471309 0.75758695 0.58603936 0.75062481 0.34532549] 
 f1_avg: 0.6805304304412735


Validation Epoch: 34 accuracy: 0.69 
 precision: [0.25490196 0.7124371  0.55430183 0.81118373 1.        ] 
 recall: [0.04248366 0.84718957 0.67719701 0.62965051 0.04622496] 
 f1: [0.07282913 0.77399199 0.60961737 0.70898128 0.08836524] 
 f1_avg: 0.6580194479842102

--- 183.24615383148193 seconds ---

Train Epoch: 35 accuracy: 0.67 
 precision: [0.11201445 0.82348478 0.57166903 0.71821764 0.2946718 ] 
 recall: [0.19076923 0.68415744 0.61131736 0.79100191 0.45170807] 
 f1: [0.14114969 0.74738321 0.59082878 0.75285471 0.35666994] 
 f1_avg: 0.677458754877019


Validation Epoch: 35 accuracy: 0.69 
 precision: [0.47826087 0.68586474 0.5867679  0.84817642 1.        ] 
 recall: [0.03594771 0.89078863 0.62148191 0.56369786 0.04006163] 
 f1: [0.0668693  0.7750093  0.60362622 0.67727735 0.07703704] 
 f1_avg: 0.6502492954670619

--- 188.95365381240845 seconds ---

Train Epoch: 36 accuracy: 0.67 
 precision: [0.15357968 0.82441069 0.58091911 0.7214319  0.29306353] 
 recall: [0.20461538 0.69931163 0.6079424  0.78966177 0.45201863] 
 f1: [0.17546174 0.75672578 0.59412363 0.75400646 0.35558542] 
 f1_avg: 0.6832252974945254


Validation Epoch: 36 accuracy: 0.68 
 precision: [0.55       0.66871552 0.59695372 0.8905804  1.        ] 
 recall: [0.03594771 0.9068177  0.58529581 0.5276212  0.04006163] 
 f1: [0.06748466 0.76977504 0.59106729 0.66265487 0.07703704] 
 f1_avg: 0.6423677578888756

--- 194.17237257957458 seconds ---

Train Epoch: 37 accuracy: 0.67 
 precision: [0.13360324 0.82788723 0.57315702 0.72047495 0.29044417] 
 recall: [0.20307692 0.6982526  0.60220497 0.79380983 0.44270186] 
 f1: [0.16117216 0.75756415 0.58732205 0.75536663 0.3507628 ] 
 f1_avg: 0.6818948031102421


Validation Epoch: 37 accuracy: 0.67 
 precision: [0.55       0.66190999 0.59490741 0.8892186  1.        ] 
 recall: [0.03594771 0.90211584 0.59046525 0.50676437 0.02003082] 
 f1: [0.06748466 0.76356729 0.59267801 0.64560144 0.03927492] 
 f1_avg: 0.6335140950139521

--- 199.15667819976807 seconds ---

Train Epoch: 38 accuracy: 0.68 
 precision: [0.15132275 0.83282975 0.57226224 0.72839434 0.2987013 ] 
 recall: [0.22       0.7019592  0.6122736  0.79495852 0.45      ] 
 f1: [0.17931034 0.76181485 0.59159216 0.76022214 0.35906331] 
 f1_avg: 0.6867057489134243


Validation Epoch: 38 accuracy: 0.69 
 precision: [0.5        0.67898864 0.6030445  0.87598945 1.        ] 
 recall: [0.03594771 0.9068177  0.59161401 0.56144307 0.05084746] 
 f1: [0.06707317 0.77653734 0.59727457 0.68430093 0.09677419] 
 f1_avg: 0.652590874359519

--- 203.98941826820374 seconds ---

Train Epoch: 39 accuracy: 0.68 
 precision: [0.1496388  0.83136669 0.58265481 0.72473218 0.29266324] 
 recall: [0.22307692 0.70173227 0.6118236  0.79438417 0.45031056] 
 f1: [0.17912292 0.76106872 0.59688306 0.7579614  0.35476176] 
 f1_avg: 0.6867209773842478


Validation Epoch: 39 accuracy: 0.67 
 precision: [0.08520179 0.69590537 0.56478239 0.81054131 1.        ] 
 recall: [0.0620915  0.81726865 0.64847789 0.64148816 0.0431433 ] 
 f1: [0.07183365 0.75172007 0.60374332 0.71617369 0.08271787] 
 f1_avg: 0.6464720136417418

--- 209.10725116729736 seconds ---

Train Epoch: 40 accuracy: 0.67 
 precision: [0.10618182 0.82923604 0.58670381 0.72585633 0.30428982] 
 recall: [0.22461538 0.69573111 0.6160423  0.79380983 0.46040373] 
 f1: [0.14419753 0.75663966 0.60101523 0.75831377 0.36641127] 
 f1_avg: 0.6861679944906509


Validation Epoch: 40 accuracy: 0.69 
 precision: [0.61111111 0.67600193 0.61352657 0.84690554 1.        ] 
 recall: [0.03594771 0.8976277  0.58357266 0.58624577 0.05238829] 
 f1: [0.06790123 0.77120823 0.59817486 0.69287142 0.09956076] 
 f1_avg: 0.6519239623280577

--- 214.7278232574463 seconds ---

Train Epoch: 41 accuracy: 0.68 
 precision: [0.13314176 0.83342354 0.57863596 0.72601946 0.3008658 ] 
 recall: [0.21384615 0.69890819 0.61609855 0.79987237 0.45326087] 
 f1: [0.16410862 0.76026167 0.59677991 0.76115868 0.36166522] 
 f1_avg: 0.6873564072014535


Validation Epoch: 41 accuracy: 0.68 
 precision: [0.61111111 0.67696039 0.59473684 0.83374486 1.        ] 
 recall: [0.03594771 0.89484933 0.58414704 0.57102593 0.03235747] 
 f1: [0.06790123 0.77080265 0.58939438 0.67781867 0.06268657] 
 f1_avg: 0.6445111918673493

--- 219.62718653678894 seconds ---

Train Epoch: 42 accuracy: 0.68 
 precision: [0.15475024 0.82715645 0.58956193 0.72774013 0.29919598] 
 recall: [0.24307692 0.70120275 0.61317359 0.7948947  0.46226708] 
 f1: [0.18910832 0.75898962 0.60113599 0.75983652 0.36327029] 
 f1_avg: 0.6877661755913393


Validation Epoch: 42 accuracy: 0.69 
 precision: [0.47826087 0.68532277 0.59988002 0.79796512 1.        ] 
 recall: [0.03594771 0.88715538 0.57438254 0.61894025 0.04006163] 
 f1: [0.0668693  0.77328614 0.58685446 0.69714286 0.07703704] 
 f1_avg: 0.6500284114317803

--- 224.4292073249817 seconds ---

Train Epoch: 43 accuracy: 0.68 
 precision: [0.17223382 0.83239927 0.58801069 0.72425115 0.3079635 ] 
 recall: [0.25384615 0.7115661  0.60636742 0.8023612  0.46118012] 
 f1: [0.20522388 0.76725439 0.59704799 0.7613079  0.36931112] 
 f1_avg: 0.6918502546654571


Validation Epoch: 43 accuracy: 0.69 
 precision: [0.40740741 0.69201074 0.61134581 0.78936743 0.95238095] 
 recall: [0.03594771 0.88117119 0.58184951 0.66121759 0.03081664] 
 f1: [0.06606607 0.77521858 0.59623308 0.7196319  0.05970149] 
 f1_avg: 0.6559054528634437

--- 229.42419719696045 seconds ---

Train Epoch: 44 accuracy: 0.68 
 precision: [0.13680154 0.83494066 0.59546425 0.73088244 0.30406852] 
 recall: [0.21846154 0.70074888 0.6276859  0.80816847 0.46304348] 
 f1: [0.16824645 0.76198179 0.61115067 0.76758493 0.36708315] 
 f1_avg: 0.6931170005388312


Validation Epoch: 44 accuracy: 0.69 
 precision: [0.52380952 0.68137176 0.64992614 0.77480418 0.96774194] 
 recall: [0.03594771 0.90446677 0.50545663 0.66910936 0.04622496] 
 f1: [0.06727829 0.77722681 0.56865913 0.71808832 0.08823529] 
 f1_avg: 0.6534506887163818

--- 234.72148370742798 seconds ---

Train Epoch: 45 accuracy: 0.69 
 precision: [0.14240506 0.83297436 0.59795306 0.73362648 0.31477152] 
 recall: [0.20769231 0.71186868 0.6276859  0.80918953 0.45993789] 
 f1: [0.1689612  0.76767457 0.61245884 0.76955757 0.37375394] 
 f1_avg: 0.6971490978583261


Validation Epoch: 45 accuracy: 0.69 
 precision: [0.28947368 0.67150521 0.64723926 0.79149233 1.        ] 
 recall: [0.03594771 0.90959607 0.48477886 0.63979707 0.05392912] 
 f1: [0.06395349 0.77262413 0.5543514  0.70760599 0.10233918] 
 f1_avg: 0.6472308427929686

--- 239.03576278686523 seconds ---

Train Epoch: 46 accuracy: 0.69 
 precision: [0.16533865 0.83502739 0.5975     0.73158443 0.32472735] 
 recall: [0.25538462 0.71880279 0.63184835 0.80619017 0.45310559] 
 f1: [0.20072551 0.77256836 0.61419432 0.76707754 0.37832231] 
 f1_avg: 0.7000936157907853


Validation Epoch: 46 accuracy: 0.69 
 precision: [0.52380952 0.66120637 0.66507177 0.82861515 0.97142857] 
 recall: [0.03594771 0.92306048 0.47903504 0.61048478 0.05238829] 
 f1: [0.06727829 0.77049327 0.55692821 0.7030185  0.0994152 ] 
 f1_avg: 0.6456456938650403

--- 243.84434485435486 seconds ---

Train Epoch: 47 accuracy: 0.69 
 precision: [0.16494845 0.83217313 0.60262946 0.73862045 0.32971416] 
 recall: [0.27076923 0.72041655 0.6316796  0.80772176 0.4621118 ] 
 f1: [0.20500874 0.77227268 0.61681268 0.77162714 0.38484417] 
 f1_avg: 0.7019752282047348


Validation Epoch: 47 accuracy: 0.69 
 precision: [0.35483871 0.67917656 0.64745011 0.79395218 0.96428571] 
 recall: [0.03594771 0.91664886 0.5031591  0.63641488 0.04160247] 
 f1: [0.0652819  0.78024377 0.56625727 0.70650814 0.07976366] 
 f1_avg: 0.6516234362041055

--- 249.68646597862244 seconds ---

Train Epoch: 48 accuracy: 0.69 
 precision: [0.16973812 0.83826939 0.59962577 0.73979058 0.3282982 ] 
 recall: [0.26923077 0.72011397 0.63089211 0.81155073 0.46909938] 
 f1: [0.2082094  0.77471246 0.61486172 0.77401096 0.38626774] 
 f1_avg: 0.7033552993746963


Validation Epoch: 48 accuracy: 0.69 
 precision: [0.47826087 0.6768517  0.65873016 0.76727964 1.        ] 
 recall: [0.03594771 0.90425305 0.47673751 0.68207441 0.05855162] 
 f1: [0.0668693  0.77419945 0.55314895 0.72217249 0.11062591] 
 f1_avg: 0.651317495397788

--- 255.44794249534607 seconds ---

Train Epoch: 49 accuracy: 0.69 
 precision: [0.1838488  0.83592881 0.59690952 0.73805227 0.33013544] 
 recall: [0.32923077 0.72006354 0.63229835 0.80912572 0.45419255] 
 f1: [0.23594267 0.77368229 0.61409451 0.77195653 0.38235294] 
 f1_avg: 0.702184775365473


Validation Epoch: 49 accuracy: 0.69 
 precision: [0.44       0.68082701 0.66363636 0.74718769 0.97058824] 
 recall: [0.03594771 0.90083351 0.46122918 0.7113867  0.05084746] 
 f1: [0.06646526 0.77552898 0.5442223  0.72884782 0.0966325 ] 
 f1_avg: 0.6505869502445133

--- 259.89049458503723 seconds ---

Train Epoch: 50 accuracy: 0.69 
 precision: [0.19807187 0.83492529 0.60182796 0.73819892 0.33098978] 
 recall: [0.34769231 0.71852543 0.62965463 0.81135929 0.46785714] 
 f1: [0.25237298 0.77236444 0.61542691 0.77305202 0.38769864] 
 f1_avg: 0.7026049334651462


Validation Epoch: 50 accuracy: 0.69 
 precision: [0.39285714 0.67263026 0.66291231 0.79277437 0.97435897] 
 recall: [0.03594771 0.91600769 0.47329121 0.65558061 0.05855162] 
 f1: [0.06586826 0.77567641 0.55227882 0.71767973 0.11046512] 
 f1_avg: 0.6509912267075241

--- 264.3399739265442 seconds ---

Train Epoch: 51 accuracy: 0.70 
 precision: [0.17777778 0.83669027 0.60398254 0.73884384 0.34760097] 
 recall: [0.30769231 0.72692201 0.63809202 0.80829611 0.46909938] 
 f1: [0.22535211 0.77795318 0.62056893 0.77201109 0.39931267] 
 f1_avg: 0.7070187898804458


Validation Epoch: 51 accuracy: 0.69 
 precision: [0.52380952 0.67916401 0.66250974 0.76928062 0.94117647] 
 recall: [0.03594771 0.90980979 0.48822516 0.66910936 0.04930663] 
 f1: [0.06727829 0.77774733 0.56216931 0.71570696 0.09370425] 
 f1_avg: 0.6524081196108261

--- 269.57782459259033 seconds ---

Train Epoch: 52 accuracy: 0.70 
 precision: [0.21505376 0.83932371 0.60844706 0.7390474  0.34106729] 
 recall: [0.33846154 0.72601427 0.63449207 0.81493299 0.47934783] 
 f1: [0.2630006  0.77856795 0.62119668 0.77513733 0.398554  ] 
 f1_avg: 0.7083170346376285


Validation Epoch: 52 accuracy: 0.69 
 precision: [0.57894737 0.68033833 0.66613546 0.76687898 0.92307692] 
 recall: [0.03594771 0.91109211 0.4801838  0.67869222 0.05546995] 
 f1: [0.06769231 0.77898584 0.55807744 0.72009569 0.10465116] 
 f1_avg: 0.6539042262523762

--- 275.0608916282654 seconds ---

Train Epoch: 53 accuracy: 0.70 
 precision: [0.21586716 0.84141585 0.61473351 0.74437187 0.33641544] 
 recall: [0.36       0.72886356 0.63319834 0.81448628 0.48586957] 
 f1: [0.26989619 0.78110602 0.62382932 0.77785227 0.39756051] 
 f1_avg: 0.7106623506861676


Validation Epoch: 53 accuracy: 0.69 
 precision: [0.32352941 0.6716231  0.65754496 0.79096045 0.96774194] 
 recall: [0.03594771 0.9170763  0.48305572 0.6313416  0.04622496] 
 f1: [0.06470588 0.77538851 0.55695364 0.70219436 0.08823529] 
 f1_avg: 0.6471151615922238

--- 279.48418045043945 seconds ---

Train Epoch: 54 accuracy: 0.70 
 precision: [0.19077196 0.84156283 0.61256459 0.74466589 0.34472351] 
 recall: [0.33076923 0.72886356 0.63347958 0.81072112 0.49658385] 
 f1: [0.24198087 0.78116935 0.62284656 0.77629086 0.40694789] 
 f1_avg: 0.7106982942678939


Validation Epoch: 54 accuracy: 0.69 
 precision: [0.44       0.66869254 0.6704645  0.77053455 0.9375    ] 
 recall: [0.03594771 0.9170763  0.43940264 0.66629087 0.04622496] 
 f1: [0.06646526 0.77343187 0.53088133 0.7146312  0.08810573] 
 f1_avg: 0.643614256856074

--- 284.03445529937744 seconds ---

Train Epoch: 55 accuracy: 0.71 
 precision: [0.21413502 0.83453955 0.62485906 0.74440594 0.34866486] 
 recall: [0.31230769 0.73852089 0.65462932 0.80887045 0.46024845] 
 f1: [0.25406758 0.78359976 0.63939785 0.77530049 0.39676059] 
 f1_avg: 0.7146556432367855


Validation Epoch: 55 accuracy: 0.71 
 precision: [0.5        0.71162148 0.67857143 0.71042281 0.95918367] 
 recall: [0.03594771 0.88074375 0.46927053 0.8145434  0.14483821] 
 f1: [0.06707317 0.78720153 0.55483871 0.75892857 0.25167336] 
 f1_avg: 0.6754278970980838

New best val score, save model ...
--- 289.27691555023193 seconds ---

Train Epoch: 56 accuracy: 0.71 
 precision: [0.20817844 0.84344118 0.63029844 0.74609854 0.36675372] 
 recall: [0.34461538 0.73816788 0.6557543  0.81461391 0.5015528 ] 
 f1: [0.25955968 0.78730099 0.64277444 0.77885231 0.42368991] 
 f1_avg: 0.7201354972260774


Validation Epoch: 56 accuracy: 0.71 
 precision: [0.47826087 0.71254505 0.67791165 0.71887755 0.96808511] 
 recall: [0.03594771 0.8873691  0.48477886 0.79425028 0.14021572] 
 f1: [0.0668693  0.79040548 0.56530476 0.75468666 0.24495289] 
 f1_avg: 0.6777520392146037

New best val score, save model ...
--- 294.73229598999023 seconds ---

Train Epoch: 57 accuracy: 0.71 
 precision: [0.22360248 0.84164853 0.63044537 0.74532669 0.38072009] 
 recall: [0.38769231 0.74099196 0.65530431 0.81167837 0.50900621] 
 f1: [0.28362409 0.78811934 0.64263453 0.77708874 0.43561462] 
 f1_avg: 0.7213172065969109


Validation Epoch: 57 accuracy: 0.71 
 precision: [0.47826087 0.71324675 0.68355482 0.70697221 0.95833333] 
 recall: [0.03594771 0.88031631 0.47271683 0.81736189 0.14175655] 
 f1: [0.0668693  0.78802372 0.55891341 0.75816993 0.24697987] 
 f1_avg: 0.676136917050962

--- 299.18656826019287 seconds ---

Train Epoch: 58 accuracy: 0.72 
 precision: [0.23057216 0.83893095 0.63278348 0.75004405 0.37968914] 
 recall: [0.41538462 0.74321087 0.6516481  0.81499681 0.50450311] 
 f1: [0.29654036 0.78817536 0.64207726 0.78117258 0.43328666] 
 f1_avg: 0.7219370799071443


Validation Epoch: 58 accuracy: 0.71 
 precision: [0.32352941 0.71940667 0.66793602 0.69635036 0.94047619] 
 recall: [0.03594771 0.87069887 0.50373349 0.80665163 0.12172573] 
 f1: [0.06470588 0.78785535 0.57432875 0.74745364 0.21555252] 
 f1_avg: 0.6746046423276656

--- 303.4863631725311 seconds ---

Train Epoch: 59 accuracy: 0.72 
 precision: [0.23193277 0.84522749 0.62783362 0.75173231 0.38144928] 
 recall: [0.42461538 0.74152147 0.66053549 0.81001914 0.51086957] 
 f1: [0.3        0.78998549 0.64376953 0.77978805 0.43677398] 
 f1_avg: 0.7232449169040783


Validation Epoch: 59 accuracy: 0.70 
 precision: [0.45833333 0.70858318 0.67741935 0.69734252 0.93589744] 
 recall: [0.03594771 0.88394956 0.45835727 0.79875986 0.11248074] 
 f1: [0.06666667 0.78661088 0.54676259 0.74461377 0.20082531] 
 f1_avg: 0.6671927445777507

--- 308.37093591690063 seconds ---

Train Epoch: 60 accuracy: 0.72 
 precision: [0.24294269 0.846434   0.63893284 0.74932409 0.38393465] 
 recall: [0.43692308 0.74424469 0.65873552 0.81359285 0.52546584] 
 f1: [0.31225948 0.79205689 0.64868308 0.78013707 0.4436869 ] 
 f1_avg: 0.7260811776756763


Validation Epoch: 60 accuracy: 0.71 
 precision: [0.45833333 0.71558034 0.67116759 0.70637255 0.95454545] 
 recall: [0.03594771 0.87753794 0.48535325 0.81228861 0.12942989] 
 f1: [0.06666667 0.78832677 0.56333333 0.75563713 0.22795115] 
 f1_avg: 0.6752852625906189

--- 313.3888289928436 seconds ---

Train Epoch: 61 accuracy: 0.72 
 precision: [0.27029361 0.84583952 0.63883907 0.75035244 0.38967517] 
 recall: [0.48153846 0.74638796 0.66115424 0.81518826 0.52158385] 
 f1: [0.34623894 0.79300784 0.64980512 0.78142778 0.44608234] 
 f1_avg: 0.727520134545691


Validation Epoch: 61 accuracy: 0.71 
 precision: [0.47826087 0.71389129 0.6764214  0.71076012 0.95412844] 
 recall: [0.03594771 0.88416328 0.46467547 0.81172492 0.16024653] 
 f1: [0.0668693  0.78995608 0.55090228 0.75789474 0.27440633] 
 f1_avg: 0.677492879771994

--- 318.0425341129303 seconds ---

Train Epoch: 62 accuracy: 0.72 
 precision: [0.24254967 0.8455686  0.64266886 0.74833158 0.3856305 ] 
 recall: [0.45076923 0.74263093 0.65828552 0.8157626  0.53090062] 
 f1: [0.3153929  0.79076386 0.65038346 0.78059355 0.44675291] 
 f1_avg: 0.7261794854018887


Validation Epoch: 62 accuracy: 0.70 
 precision: [0.55       0.70459184 0.66552316 0.71428571 0.95789474] 
 recall: [0.03594771 0.88544561 0.44572085 0.80045096 0.14021572] 
 f1: [0.06748466 0.7847334  0.53388373 0.7549176  0.24462366] 
 f1_avg: 0.668913984069364

--- 322.661545753479 seconds ---

Train Epoch: 63 accuracy: 0.72 
 precision: [0.24403816 0.8464839  0.6357166  0.75446429 0.39534884] 
 recall: [0.47230769 0.74119368 0.66317921 0.81965539 0.53059006] 
 f1: [0.32180294 0.79034752 0.64915758 0.78570992 0.45309289] 
 f1_avg: 0.7272626172810583


Validation Epoch: 63 accuracy: 0.71 
 precision: [0.52380952 0.71911299 0.66412795 0.70937653 0.94791667] 
 recall: [0.03594771 0.87326352 0.50086157 0.8145434  0.14021572] 
 f1: [0.06727829 0.78872696 0.57105435 0.75833115 0.2442953 ] 
 f1_avg: 0.678661419201616

New best val score, save model ...
--- 327.95668721199036 seconds ---

Train Epoch: 64 accuracy: 0.72 
 precision: [0.27249135 0.85239979 0.63549536 0.75312205 0.39168111] 
 recall: [0.48461538 0.74964069 0.66244797 0.81589024 0.52639752] 
 f1: [0.34883721 0.79772462 0.64869182 0.78325063 0.44915535] 
 f1_avg: 0.7302298822181923


Validation Epoch: 64 accuracy: 0.71 
 precision: [0.5        0.71820405 0.67701863 0.71293532 0.93333333] 
 recall: [0.03594771 0.87860654 0.50086157 0.80777903 0.15100154] 
 f1: [0.06707317 0.79034894 0.57576758 0.75739958 0.25994695] 
 f1_avg: 0.6813106183527802

New best val score, save model ...
--- 333.30129766464233 seconds ---

Train Epoch: 65 accuracy: 0.72 
 precision: [0.25685786 0.85175662 0.63649025 0.75263127 0.39462501] 
 recall: [0.47538462 0.74336216 0.66835415 0.81684748 0.53354037] 
 f1: [0.33351322 0.79387648 0.65203314 0.78342565 0.4536872 ] 
 f1_avg: 0.7293415171743394


Validation Epoch: 65 accuracy: 0.71 
 precision: [0.47826087 0.7190518  0.66908797 0.69666667 0.93478261] 
 recall: [0.03594771 0.87518701 0.47616312 0.82468997 0.13251156] 
 f1: [0.0668693  0.78947368 0.55637584 0.75529169 0.23211876] 
 f1_avg: 0.6747832811369138

--- 338.5718810558319 seconds ---

Train Epoch: 66 accuracy: 0.72 
 precision: [0.24462366 0.85210113 0.63671221 0.75303405 0.39295024] 
 recall: [0.42       0.74699312 0.66317921 0.81569879 0.53835404] 
 f1: [0.30917327 0.79609276 0.64967626 0.78311481 0.45430125] 
 f1_avg: 0.7297063399736571


Validation Epoch: 66 accuracy: 0.70 
 precision: [0.57894737 0.70877133 0.66159052 0.70166016 0.92783505] 
 recall: [0.03594771 0.87903398 0.44916715 0.81003382 0.13867488] 
 f1: [0.06769231 0.7847739  0.53506671 0.75196232 0.24128686] 
 f1_avg: 0.6683570223474053

--- 343.3625741004944 seconds ---

Train Epoch: 67 accuracy: 0.73 
 precision: [0.27255985 0.85354317 0.63890538 0.75807022 0.40176525] 
 recall: [0.45538462 0.75077536 0.66582293 0.8212508  0.54425466] 
 f1: [0.34101382 0.79886777 0.65208649 0.78839674 0.46227908] 
 f1_avg: 0.7335436937489469


Validation Epoch: 67 accuracy: 0.70 
 precision: [0.34375    0.71426056 0.66914806 0.68855535 0.91666667] 
 recall: [0.03594771 0.86706561 0.46467547 0.82750846 0.13559322] 
 f1: [0.06508876 0.78328024 0.54847458 0.75166411 0.23624161] 
 f1_avg: 0.6696417715088202

--- 348.2874701023102 seconds ---

Train Epoch: 68 accuracy: 0.72 
 precision: [0.25395504 0.85181249 0.64103261 0.75681912 0.39815336] 
 recall: [0.46923077 0.74774957 0.66346046 0.81627313 0.54906832] 
 f1: [0.32955159 0.79639601 0.65205373 0.78542262 0.46158867] 
 f1_avg: 0.7315846299326566


Validation Epoch: 68 accuracy: 0.71 
 precision: [0.52380952 0.71478443 0.68166384 0.6989603  0.93333333] 
 recall: [0.03594771 0.87518701 0.46122918 0.83370913 0.15100154] 
 f1: [0.06727829 0.7868947  0.55018842 0.76041131 0.25994695] 
 f1_avg: 0.6752673206783549

--- 353.7415871620178 seconds ---

Train Epoch: 69 accuracy: 0.73 
 precision: [0.29035167 0.85286719 0.6416338  0.76098543 0.40316841] 
 recall: [0.49538462 0.75228826 0.66801665 0.82003829 0.54534161] 
 f1: [0.36611711 0.79942659 0.65455948 0.78940902 0.46359976] 
 f1_avg: 0.734875562620521


Validation Epoch: 69 accuracy: 0.71 
 precision: [0.61111111 0.7175171  0.67032967 0.70428016 0.89795918] 
 recall: [0.03594771 0.87454584 0.49052269 0.8162345  0.13559322] 
 f1: [0.06790123 0.78828742 0.56650083 0.75613577 0.2356091 ] 
 f1_avg: 0.6765491011448206

--- 358.82173466682434 seconds ---

Train Epoch: 70 accuracy: 0.73 
 precision: [0.27826784 0.85596543 0.64689603 0.76185108 0.40978909] 
 recall: [0.53384615 0.75417938 0.67054787 0.81946394 0.55512422] 
 f1: [0.3658408  0.80185518 0.65850964 0.78960799 0.47151147] 
 f1_avg: 0.7376241824237072


Validation Epoch: 70 accuracy: 0.71 
 precision: [0.61111111 0.72588193 0.66865227 0.69103774 0.91071429] 
 recall: [0.03594771 0.86193631 0.51579552 0.82581736 0.15716487] 
 f1: [0.06790123 0.78808012 0.58236057 0.75243965 0.26806833] 
 f1_avg: 0.6810469654897662

Early stopping!

Test Epoch: accuracy: 0.75 
 precision: [0.5        0.73719579 0.73225806 0.80468384 0.57692308] 
 recall: [1.         0.93936589 0.50165746 0.79721578 0.0658858 ] 
 f1: [0.66666667 0.82609138 0.59540984 0.8009324  0.11826544] 
 f1_avg: 0.7195326814167856

--- 364.4962112903595 seconds ---

Test Epoch: accuracy: 0.71 
 precision: [0.5        0.71820405 0.67701863 0.71293532 0.93333333] 
 recall: [0.03594771 0.87860654 0.50086157 0.80777903 0.15100154] 
 f1: [0.06707317 0.79034894 0.57576758 0.75739958 0.25994695] 
 f1_avg: 0.6813106183527802

--- 364.66675877571106 seconds ---
