Requirement already satisfied: scikit-learn in /net/cephfs/data/zifjia/condaenvs/audio_clf/lib/python3.8/site-packages (1.1.2)
Requirement already satisfied: joblib>=1.0.0 in /net/cephfs/data/zifjia/condaenvs/audio_clf/lib/python3.8/site-packages (from scikit-learn) (1.1.0)
Requirement already satisfied: threadpoolctl>=2.0.0 in /net/cephfs/data/zifjia/condaenvs/audio_clf/lib/python3.8/site-packages (from scikit-learn) (3.1.0)
Requirement already satisfied: scipy>=1.3.2 in /net/cephfs/data/zifjia/condaenvs/audio_clf/lib/python3.8/site-packages (from scikit-learn) (1.9.1)
Requirement already satisfied: numpy>=1.17.3 in /net/cephfs/data/zifjia/condaenvs/audio_clf/lib/python3.8/site-packages (from scikit-learn) (1.22.3)
Requirement already satisfied: tensorboard in /net/cephfs/data/zifjia/condaenvs/audio_clf/lib/python3.8/site-packages (2.10.1)
Requirement already satisfied: werkzeug>=1.0.1 in /net/cephfs/data/zifjia/condaenvs/audio_clf/lib/python3.8/site-packages (from tensorboard) (2.1.2)
Requirement already satisfied: requests<3,>=2.21.0 in /net/cephfs/data/zifjia/condaenvs/audio_clf/lib/python3.8/site-packages (from tensorboard) (2.28.1)
Requirement already satisfied: google-auth<3,>=1.6.3 in /net/cephfs/home/zifjia/.local/lib/python3.8/site-packages (from tensorboard) (2.9.1)
Requirement already satisfied: grpcio>=1.24.3 in /net/cephfs/home/zifjia/.local/lib/python3.8/site-packages (from tensorboard) (1.47.0)
Requirement already satisfied: tensorboard-data-server<0.7.0,>=0.6.0 in /net/cephfs/home/zifjia/.local/lib/python3.8/site-packages (from tensorboard) (0.6.1)
Requirement already satisfied: protobuf<3.20,>=3.9.2 in /net/cephfs/home/zifjia/.local/lib/python3.8/site-packages (from tensorboard) (3.19.4)
Requirement already satisfied: wheel>=0.26 in /net/cephfs/data/zifjia/condaenvs/audio_clf/lib/python3.8/site-packages (from tensorboard) (0.37.1)
Requirement already satisfied: absl-py>=0.4 in /net/cephfs/home/zifjia/.local/lib/python3.8/site-packages (from tensorboard) (1.2.0)
Requirement already satisfied: tensorboard-plugin-wit>=1.6.0 in /net/cephfs/home/zifjia/.local/lib/python3.8/site-packages (from tensorboard) (1.8.1)
Requirement already satisfied: google-auth-oauthlib<0.5,>=0.4.1 in /net/cephfs/home/zifjia/.local/lib/python3.8/site-packages (from tensorboard) (0.4.6)
Requirement already satisfied: numpy>=1.12.0 in /net/cephfs/data/zifjia/condaenvs/audio_clf/lib/python3.8/site-packages (from tensorboard) (1.22.3)
Requirement already satisfied: setuptools>=41.0.0 in /net/cephfs/data/zifjia/condaenvs/audio_clf/lib/python3.8/site-packages (from tensorboard) (60.8.1)
Requirement already satisfied: markdown>=2.6.8 in /net/cephfs/home/zifjia/.local/lib/python3.8/site-packages (from tensorboard) (3.4.1)
Requirement already satisfied: rsa<5,>=3.1.4 in /net/cephfs/home/zifjia/.local/lib/python3.8/site-packages (from google-auth<3,>=1.6.3->tensorboard) (4.9)
Requirement already satisfied: six>=1.9.0 in /net/cephfs/data/zifjia/condaenvs/audio_clf/lib/python3.8/site-packages (from google-auth<3,>=1.6.3->tensorboard) (1.16.0)
Requirement already satisfied: pyasn1-modules>=0.2.1 in /net/cephfs/home/zifjia/.local/lib/python3.8/site-packages (from google-auth<3,>=1.6.3->tensorboard) (0.2.8)
Requirement already satisfied: cachetools<6.0,>=2.0.0 in /net/cephfs/home/zifjia/.local/lib/python3.8/site-packages (from google-auth<3,>=1.6.3->tensorboard) (5.2.0)
Requirement already satisfied: requests-oauthlib>=0.7.0 in /net/cephfs/home/zifjia/.local/lib/python3.8/site-packages (from google-auth-oauthlib<0.5,>=0.4.1->tensorboard) (1.3.1)
Requirement already satisfied: importlib-metadata>=4.4 in /net/cephfs/home/zifjia/.local/lib/python3.8/site-packages (from markdown>=2.6.8->tensorboard) (4.12.0)
Requirement already satisfied: charset-normalizer<3,>=2 in /net/cephfs/data/zifjia/condaenvs/audio_clf/lib/python3.8/site-packages (from requests<3,>=2.21.0->tensorboard) (2.1.1)
Requirement already satisfied: certifi>=2017.4.17 in /net/cephfs/data/zifjia/condaenvs/audio_clf/lib/python3.8/site-packages (from requests<3,>=2.21.0->tensorboard) (2022.9.14)
Requirement already satisfied: idna<4,>=2.5 in /net/cephfs/data/zifjia/condaenvs/audio_clf/lib/python3.8/site-packages (from requests<3,>=2.21.0->tensorboard) (3.4)
Requirement already satisfied: urllib3<1.27,>=1.21.1 in /net/cephfs/data/zifjia/condaenvs/audio_clf/lib/python3.8/site-packages (from requests<3,>=2.21.0->tensorboard) (1.26.12)
Requirement already satisfied: zipp>=0.5 in /net/cephfs/data/zifjia/condaenvs/audio_clf/lib/python3.8/site-packages (from importlib-metadata>=4.4->markdown>=2.6.8->tensorboard) (3.8.0)
Requirement already satisfied: pyasn1<0.5.0,>=0.4.6 in /net/cephfs/home/zifjia/.local/lib/python3.8/site-packages (from pyasn1-modules>=0.2.1->google-auth<3,>=1.6.3->tensorboard) (0.4.8)
Requirement already satisfied: oauthlib>=3.0.0 in /net/cephfs/home/zifjia/.local/lib/python3.8/site-packages (from requests-oauthlib>=0.7.0->google-auth-oauthlib<0.5,>=0.4.1->tensorboard) (3.2.0)
Requirement already satisfied: torch in /net/cephfs/data/zifjia/condaenvs/audio_clf/lib/python3.8/site-packages (1.12.1)
Requirement already satisfied: torchvision in /net/cephfs/data/zifjia/condaenvs/audio_clf/lib/python3.8/site-packages (0.13.1)
Requirement already satisfied: torchaudio in /net/cephfs/data/zifjia/condaenvs/audio_clf/lib/python3.8/site-packages (0.12.1)
Requirement already satisfied: typing-extensions in /net/cephfs/data/zifjia/condaenvs/audio_clf/lib/python3.8/site-packages (from torch) (4.0.1)
Requirement already satisfied: requests in /net/cephfs/data/zifjia/condaenvs/audio_clf/lib/python3.8/site-packages (from torchvision) (2.28.1)
Requirement already satisfied: numpy in /net/cephfs/data/zifjia/condaenvs/audio_clf/lib/python3.8/site-packages (from torchvision) (1.22.3)
Requirement already satisfied: pillow!=8.3.*,>=5.3.0 in /net/cephfs/data/zifjia/condaenvs/audio_clf/lib/python3.8/site-packages (from torchvision) (9.0.1)
Requirement already satisfied: urllib3<1.27,>=1.21.1 in /net/cephfs/data/zifjia/condaenvs/audio_clf/lib/python3.8/site-packages (from requests->torchvision) (1.26.12)
Requirement already satisfied: certifi>=2017.4.17 in /net/cephfs/data/zifjia/condaenvs/audio_clf/lib/python3.8/site-packages (from requests->torchvision) (2022.9.14)
Requirement already satisfied: charset-normalizer<3,>=2 in /net/cephfs/data/zifjia/condaenvs/audio_clf/lib/python3.8/site-packages (from requests->torchvision) (2.1.1)
Requirement already satisfied: idna<4,>=2.5 in /net/cephfs/data/zifjia/condaenvs/audio_clf/lib/python3.8/site-packages (from requests->torchvision) (3.4)
{'name': 'chimp_wav2vec2_lstm_batch_4_0', 'data_path': '/home/cluster/zifjia/data/data_chimp/wav2vec2_split_0', 'test_only': False, 'balance_weights': True, 'model_type': 'lstm', 'n_embedding': 768, 'd_hid': 1024, 'nlayers': 2, 'batch_size': 4, 'n_epoch': 200, 'lr': 0.0001, 'dropout': 0.4, 'patience': 10, 'step_factor': 0.7, 'seed': 0}
cuda
Reading data ...
train, dev, test number of files: 188, 23, 24.
dev files:  ['ASO0485 Sonso MS single ph feeding_01', 'ASO2186 ZL single ph start_01', 'ASO0120 Sonso KZ single ph fg feeding_01', 'ASO4619 ZL unk group ph, PS single ph intro_01', 'ASO3700 HW single ph drum Travel_01', 'ASO0087 Sonso HW single ph feeding_01', 'ASO2860 PS single ph, PS ZL group ph fg, ZL single ph feeding, FK single ph, group fg, HW MS group ph drum, 7_15 FK single ph, 10_30 PS single ph start_01', 'ASO0907 Sonso PS single ph drum traveling_01', 'ASO3888 unk group ph resting, unk group pg, HW display drum, OK pg to HW, DL pg to HW, 1_35 unk single ph start, 3_30 KT single ph intro feeding_01', 'ASO3150 KT single ph_01', 'ASO3089 ZL single ph drum traveling_01', 'ASO0480 Sonso KZ KT group ph, KZ KT group ph, KT single ph feeding_01', 'ASO2860 MS comes back after long time, SM FK group scream, unk_m bark, FK SM fg, 3_30 PS single ph, PS ZL group ph fg, ZL single ph feeding, FK single ph, group fg, HW MS group ph drum, 7_15 FK single ph, 10_30 PS single ph start_01', 'ASO2038 HW single ph drum, IN DL JS group ph _01', 'ASO3192 FK single ph drum_01', 'ASO1579 HW single ph drum_01', 'ASO3106 ZD group ph drum, unk group ph other party, ZD single ph drum traveling-resting_02', 'ASO0651 Sonso FK single ph_01', 'ASO4567 KC display drum (not visible), FK SM group ph drum, 1_50 ZL single ph drum travel_01', 'ASO0782 Sonso ZL single ph drum_01', 'ASO4445 KT MS group ph drum traveling, 2_20 KT whimper, MS single ph drum, KT bark_01', 'ASO2554 PS single ph start nest_01', 'ASO1095 Sonso SQ single ph feeding_01']
test files:  ['ASO0778 Sonso ZL single ph start, ZL single ph drum_01', 'ASO0083 Sonso HW single ph slap_01', 'ASO3079 HW single ph drum traveling_01', 'ASO3654 HW single ph_01', 'ASO3041 MS single ph drum traveling_01', 'ASO2546 FK single fg ph feeding, HW single ph drum, FK fg, FK single ph, FK fg_01', 'ASO3457 KT single ph_01', 'ASO0020 Sonso SQ single ph, PS single ph other party 2_01', 'ASO0809 Sonso PS single ph_01', 'ASO3174 PS single ph feeding_01', 'ASO0089 Sonso HW single ph drum_01', 'ASO3799 KT single ph_01', 'ASO1472 MS single ph, SM KA group ph-pg_01', 'ASO1514 MS single ph intro, KC group ph_01', 'ASO3512 PS single ph_01', 'ASO2125 KL OK KC JS group ph, FK single ph, OK KL KC KO group ph, PS single ph, PS single ph feeding_01', 'ASO2860 PS single ph, PS ZL group ph fg, ZL single ph feeding, FK single ph, group fg, HW MS group ph drum, 7_15 FK single ph, 10_30 PS single ph start_02', 'ASO3995 PS MB group ph feeding, 1_40 PS single ph feeding, MB fg, 2_50 ML MB group ph-bark_01', 'ASO3737 HW single ph drum resting-traveling, 1_15 JN single ph feeding, HW single ph_01', 'ASO2125 KL OK KC JS group ph, FK single ph, OK KL KC KO group ph, PS single ph, PS single ph feeding_02', 'ASO1474 MS single ph intro_01', 'ASO3829 PS IN IS group ph resting, 1_30 HW single ph_01', 'ASO3128 KT single ph, ZL display drum, FK single ph drum display to KT, KT pg, ZL single ph drum 50m, FK single ph drum, KT single ph, ZL single ph drum 50m_01', 'ASO1624_02 HW single ph_01']
train_data_all: (78788, 769)
Labels in train_data_all:  {0: 924, 1: 38362, 2: 17480, 3: 15285, 4: 6737}
--- 4.39080548286438 seconds ---
LSTM(
  (lstm): LSTM(768, 1024, num_layers=2, dropout=0.4, bidirectional=True)
  (hidden2tag): Linear(in_features=2048, out_features=5, bias=True)
)
Number of parameters: 39888901

Train Epoch: 1 accuracy: 0.36 
 precision: [0.00409836 0.7387953  0.3362391  0.57576027 0.12420642] 
 recall: [0.00108225 0.37727439 0.13901602 0.42361793 0.74632626] 
 f1: [0.00171233 0.49948233 0.19670539 0.48810825 0.21296963] 
 f1_avg: 0.3997644885186677


Validation Epoch: 1 accuracy: 0.64 
 precision: [0.66666667 0.64419236 0.67617108 0.6318408  0.        ] 
 recall: [0.06666667 0.80720721 0.16163583 0.85485907 0.        ] 
 f1: [0.12121212 0.71654523 0.26090373 0.72662256 0.        ] 
 f1_avg: 0.5863448225614103

New best val score, save model ...
--- 18.46327805519104 seconds ---

Train Epoch: 2 accuracy: 0.54 
 precision: [0.3649635  0.70414933 0.35995788 0.57726416 0.22090032] 
 recall: [0.05411255 0.53393984 0.50840961 0.82191691 0.10197417] 
 f1: [0.09425071 0.60734459 0.42149446 0.67820125 0.13953488] 
 f1_avg: 0.5338391216024317


Validation Epoch: 2 accuracy: 0.67 
 precision: [0.15625    0.70908435 0.59710392 0.68790731 0.31279621] 
 recall: [0.33333333 0.78758759 0.3412853  0.79932688 0.25680934] 
 f1: [0.21276596 0.74627715 0.43432466 0.73944347 0.28205128] 
 f1_avg: 0.6548416938138825

New best val score, save model ...
--- 29.265073537826538 seconds ---

Train Epoch: 3 accuracy: 0.62 
 precision: [0.32575758 0.73729333 0.46876175 0.64065859 0.31392508] 
 recall: [0.09307359 0.69047495 0.49919908 0.79934576 0.22888526] 
 f1: [0.14478114 0.71311652 0.48350187 0.71125859 0.26474375] 
 f1_avg: 0.6168088104682428


Validation Epoch: 3 accuracy: 0.68 
 precision: [0.09433962 0.78666078 0.59332638 0.67023851 0.31809524] 
 recall: [0.33333333 0.71311311 0.5540409  0.81573412 0.32490272] 
 f1: [0.14705882 0.74808359 0.57301108 0.73586338 0.32146295] 
 f1_avg: 0.6852992214590141

New best val score, save model ...
--- 40.172850608825684 seconds ---

Train Epoch: 4 accuracy: 0.66 
 precision: [0.21629213 0.79042379 0.52259978 0.68863042 0.38677265] 
 recall: [0.16666667 0.71907096 0.55429062 0.80955185 0.38281134] 
 f1: [0.18826406 0.75306097 0.5379789  0.74421122 0.3847818 ] 
 f1_avg: 0.665511191553823


Validation Epoch: 4 accuracy: 0.68 
 precision: [0.0330033  0.83734631 0.59564613 0.67075665 0.31641791] 
 recall: [0.33333333 0.65445445 0.62609542 0.82793437 0.41245136] 
 f1: [0.06006006 0.73468929 0.61049134 0.74110337 0.35810811] 
 f1_avg: 0.6891869903478924

New best val score, save model ...
--- 51.1501407623291 seconds ---

Train Epoch: 5 accuracy: 0.70 
 precision: [0.20186782 0.81938752 0.5681986  0.73409722 0.4647942 ] 
 recall: [0.30411255 0.75048225 0.5721968  0.81315015 0.53302657] 
 f1: [0.24265976 0.78342268 0.57019069 0.77160417 0.49657747] 
 f1_avg: 0.7029525292543811


Validation Epoch: 5 accuracy: 0.66 
 precision: [0.02439024 0.86604813 0.56722689 0.67772836 0.2946545 ] 
 recall: [0.36666667 0.597998   0.65725414 0.83340345 0.43968872] 
 f1: [0.04573805 0.7074846  0.60893099 0.74754717 0.35284934] 
 f1_avg: 0.6764579910911898

--- 61.75270485877991 seconds ---

Train Epoch: 6 accuracy: 0.73 
 precision: [0.26372998 0.84794027 0.61152677 0.75979973 0.51986556] 
 recall: [0.49891775 0.77855691 0.59851259 0.8141315  0.64286775] 
 f1: [0.34505988 0.8117687  0.60494969 0.78602786 0.57486063] 
 f1_avg: 0.7351588922768216


Validation Epoch: 6 accuracy: 0.66 
 precision: [0.02169625 0.88153619 0.57428693 0.69025321 0.27777778] 
 recall: [0.36666667 0.5973974  0.65676728 0.83718973 0.45719844] 
 f1: [0.04096834 0.71217184 0.61276402 0.75665399 0.34558824] 
 f1_avg: 0.681378493368313

--- 72.40080976486206 seconds ---

Train Epoch: 7 accuracy: 0.76 
 precision: [0.30809129 0.87079904 0.64555645 0.77732317 0.5683786 ] 
 recall: [0.64285714 0.79430165 0.63913043 0.82034675 0.71129583] 
 f1: [0.41654979 0.83079314 0.64232737 0.79825567 0.63185654] 
 f1_avg: 0.7607988055545731


Validation Epoch: 7 accuracy: 0.66 
 precision: [0.01964286 0.89299438 0.58934859 0.70825885 0.26200418] 
 recall: [0.36666667 0.6048048  0.65189873 0.83340345 0.48832685] 
 f1: [0.03728814 0.7211745  0.61904762 0.76575184 0.34103261] 
 f1_avg: 0.6891065175156856

--- 83.11119794845581 seconds ---

Train Epoch: 8 accuracy: 0.78 
 precision: [0.35276382 0.88815846 0.67397401 0.78778853 0.61938873] 
 recall: [0.75974026 0.80650123 0.673627   0.83061825 0.7700757 ] 
 f1: [0.48181194 0.84536251 0.67380046 0.80863667 0.68656124] 
 f1_avg: 0.7823323051896143


Validation Epoch: 8 accuracy: 0.67 
 precision: [0.01992754 0.90701129 0.59576308 0.72754269 0.25550239] 
 recall: [0.36666667 0.61121121 0.67088608 0.82456878 0.51945525] 
 f1: [0.03780069 0.73029542 0.63109686 0.77302307 0.34252726] 
 f1_avg: 0.6979706570755093

New best val score, save model ...
--- 94.19866394996643 seconds ---

Train Epoch: 9 accuracy: 0.80 
 precision: [0.4056701  0.90147897 0.69584369 0.79910185 0.64779121] 
 recall: [0.8517316  0.8166936  0.70491991 0.83820739 0.80317649] 
 f1: [0.54958101 0.85699437 0.70035239 0.81818762 0.71716368] 
 f1_avg: 0.7991511408164982


Validation Epoch: 9 accuracy: 0.67 
 precision: [0.01831502 0.91440378 0.59677419 0.74159021 0.25      ] 
 recall: [0.33333333 0.62022022 0.68451801 0.81615482 0.51750973] 
 f1: [0.03472222 0.73911488 0.63764172 0.77708792 0.33713561] 
 f1_avg: 0.7044194852482797

New best val score, save model ...
--- 105.28714179992676 seconds ---

Train Epoch: 10 accuracy: 0.81 
 precision: [0.46783947 0.91388649 0.71712145 0.81115074 0.67024065] 
 recall: [0.92099567 0.82688598 0.73369565 0.84808636 0.8350898 ] 
 f1: [0.62048852 0.86821217 0.72531388 0.82920745 0.74363889] 
 f1_avg: 0.8153843784171697


Validation Epoch: 10 accuracy: 0.68 
 precision: [0.0174216  0.91872997 0.60245036 0.75808998 0.25235405] 
 recall: [0.33333333 0.63143143 0.69425511 0.80816155 0.52140078] 
 f1: [0.03311258 0.74845752 0.64510292 0.78232539 0.34010152] 
 f1_avg: 0.7120340757684112

New best val score, save model ...
--- 116.41578936576843 seconds ---

Train Epoch: 11 accuracy: 0.82 
 precision: [0.51018034 0.92356927 0.73007527 0.82308902 0.68721055] 
 recall: [0.9491342  0.8350451  0.75463387 0.85593719 0.85898768] 
 f1: [0.6636398  0.87707914 0.74215146 0.83919179 0.7635572 ] 
 f1_avg: 0.8275835405653518


Validation Epoch: 11 accuracy: 0.69 
 precision: [0.0147929  0.91402968 0.62544803 0.77886978 0.26024786] 
 recall: [0.33333333 0.65345345 0.67964946 0.80016828 0.5311284 ] 
 f1: [0.02832861 0.76208265 0.65142324 0.78937539 0.34932821] 
 f1_avg: 0.7223045176484918

New best val score, save model ...
--- 127.60094285011292 seconds ---

Train Epoch: 12 accuracy: 0.83 
 precision: [0.53482738 0.92549436 0.72850157 0.83475222 0.70209455] 
 recall: [0.95562771 0.84059747 0.75846682 0.85960092 0.87071397] 
 f1: [0.68582524 0.8810054  0.74318226 0.84699436 0.77736549] 
 f1_avg: 0.8326785499663766


Validation Epoch: 12 accuracy: 0.67 
 precision: [0.01196953 0.90714688 0.67529039 0.7727639  0.23907226] 
 recall: [0.36666667 0.64544545 0.62268744 0.80689945 0.52140078] 
 f1: [0.0231823  0.75424026 0.647923   0.78946285 0.32782875] 
 f1_avg: 0.7165513132798775

--- 138.4193239212036 seconds ---

Train Epoch: 13 accuracy: 0.82 
 precision: [0.52888087 0.92220255 0.7164781  0.8463432  0.66262329] 
 recall: [0.9512987  0.84171837 0.73180778 0.85475957 0.86759685] 
 f1: [0.67981439 0.88012429 0.72406181 0.85053056 0.75138193] 
 f1_avg: 0.8264011868251532


Validation Epoch: 13 accuracy: 0.67 
 precision: [0.0099728  0.89599341 0.71813725 0.71216931 0.29232804] 
 recall: [0.36666667 0.65365365 0.57059396 0.84938999 0.42996109] 
 f1: [0.01941748 0.75587452 0.6359197  0.77475058 0.3480315 ] 
 f1_avg: 0.7124197720443818

--- 149.22506260871887 seconds ---

Train Epoch: 14 accuracy: 0.82 
 precision: [0.36486486 0.92279338 0.74722798 0.79859415 0.69893112] 
 recall: [0.96428571 0.83530577 0.70165904 0.87706902 0.87353421] 
 f1: [0.52941176 0.87687277 0.72372691 0.83599401 0.77653889] 
 f1_avg: 0.8223108476115036


Validation Epoch: 14 accuracy: 0.70 
 precision: [0.0135318  0.90942994 0.62238074 0.82963299 0.27653359] 
 recall: [0.33333333 0.68348348 0.67964946 0.7702987  0.55252918] 
 f1: [0.0260078  0.78043205 0.64975564 0.79886562 0.36859182] 
 f1_avg: 0.7344028272152959

New best val score, save model ...
--- 160.42355966567993 seconds ---

Train Epoch: 15 accuracy: 0.85 
 precision: [0.53305539 0.92747455 0.77523443 0.84601826 0.75138735] 
 recall: [0.96861472 0.86906314 0.76144165 0.879228   0.90440849] 
 f1: [0.68766808 0.89731927 0.76827614 0.8623035  0.82082716] 
 f1_avg: 0.8528970837494414


Validation Epoch: 15 accuracy: 0.70 
 precision: [0.01485884 0.9118896  0.60867716 0.84438176 0.27687916] 
 recall: [0.33333333 0.68788789 0.69668939 0.75557425 0.56614786] 
 f1: [0.0284495  0.78420632 0.64971623 0.79751332 0.37188498] 
 f1_avg: 0.7361403460604522

New best val score, save model ...
--- 171.67768788337708 seconds ---

Train Epoch: 16 accuracy: 0.86 
 precision: [0.60608108 0.93268965 0.78736914 0.8625677  0.77723516] 
 recall: [0.97077922 0.87881237 0.78741419 0.88570494 0.92132997] 
 f1: [0.74625624 0.9049498  0.78739166 0.87398321 0.84317055] 
 f1_avg: 0.8657169224402536


Validation Epoch: 16 accuracy: 0.68 
 precision: [0.01751313 0.92722063 0.60816498 0.83570445 0.22599705] 
 recall: [0.33333333 0.64784785 0.70350536 0.76609171 0.59533074] 
 f1: [0.03327787 0.76275781 0.6523702  0.79938543 0.32762313] 
 f1_avg: 0.7241203037044075

--- 182.50030755996704 seconds ---

Train Epoch: 17 accuracy: 0.88 
 precision: [0.61591221 0.94905993 0.79651228 0.87588878 0.780509  ] 
 recall: [0.97186147 0.88293103 0.81264302 0.90264966 0.93320469] 
 f1: [0.75398825 0.91480196 0.8044968  0.88906789 0.85005408] 
 f1_avg: 0.8779146447822445


Validation Epoch: 17 accuracy: 0.70 
 precision: [0.0210084  0.9159597  0.6073854  0.86235012 0.24199844] 
 recall: [0.33333333 0.69169169 0.69668939 0.75641565 0.60311284] 
 f1: [0.03952569 0.78818296 0.64897959 0.80591663 0.3454039 ] 
 f1_avg: 0.7386524738255283

New best val score, save model ...
--- 193.7265543937683 seconds ---

Train Epoch: 18 accuracy: 0.88 
 precision: [0.64985591 0.94363813 0.80094919 0.88724169 0.80045726] 
 recall: [0.97619048 0.886398   0.82065217 0.90448152 0.9354312 ] 
 f1: [0.78027682 0.91412288 0.81068098 0.89577866 0.86269678] 
 f1_avg: 0.8816472868363757


Validation Epoch: 18 accuracy: 0.71 
 precision: [0.01964637 0.91565014 0.6352477  0.85148976 0.25360475] 
 recall: [0.33333333 0.70630631 0.70545278 0.7694573  0.58171206] 
 f1: [0.03710575 0.79746835 0.66851211 0.80839779 0.35321914] 
 f1_avg: 0.7483157133455225

New best val score, save model ...
--- 204.91418313980103 seconds ---

Train Epoch: 19 accuracy: 0.88 
 precision: [0.64458689 0.9418487  0.81541033 0.89590312 0.780986  ] 
 recall: [0.97943723 0.89802409 0.80943936 0.90991168 0.91940033] 
 f1: [0.77749141 0.91941446 0.81241387 0.90285306 0.84455959] 
 f1_avg: 0.8843971282319604


Validation Epoch: 19 accuracy: 0.69 
 precision: [0.01901141 0.93021277 0.62526675 0.86002886 0.20841683] 
 recall: [0.33333333 0.65645646 0.71324245 0.75220867 0.60700389] 
 f1: [0.03597122 0.76971831 0.66636343 0.80251346 0.31029339] 
 f1_avg: 0.7303508410971618

--- 215.737642288208 seconds ---

Train Epoch: 20 accuracy: 0.89 
 precision: [0.64913545 0.95433625 0.81480434 0.90259362 0.75778674] 
 recall: [0.97510823 0.89726813 0.8243135  0.91298659 0.92088467] 
 f1: [0.77941176 0.92492275 0.81953134 0.90776036 0.83141249] 
 f1_avg: 0.8885085761424174


Validation Epoch: 20 accuracy: 0.71 
 precision: [0.01776199 0.92058824 0.63274336 0.83792325 0.2466443 ] 
 recall: [0.33333333 0.68928929 0.69620253 0.78081615 0.57198444] 
 f1: [0.03372681 0.78832284 0.66295781 0.80836237 0.34466589] 
 f1_avg: 0.7421299245941445

--- 226.59568810462952 seconds ---

Train Epoch: 21 accuracy: 0.89 
 precision: [0.65689778 0.94908434 0.82213506 0.90808966 0.8121447 ] 
 recall: [0.99458874 0.903785   0.82740275 0.92240759 0.93305626] 
 f1: [0.79121825 0.92588092 0.82476049 0.91519263 0.86841196] 
 f1_avg: 0.8948793439563633


Validation Epoch: 21 accuracy: 0.70 
 precision: [0.02132196 0.9359704  0.59601095 0.82629517 0.25154457] 
 recall: [0.33333333 0.65845846 0.74196689 0.79848549 0.55447471] 
 f1: [0.04008016 0.77306381 0.66102798 0.81215233 0.34608379] 
 f1_avg: 0.7350833284077606

--- 237.4339075088501 seconds ---

Train Epoch: 22 accuracy: 0.89 
 precision: [0.57650794 0.94888926 0.82177088 0.89800142 0.77890983] 
 recall: [0.98268398 0.89966634 0.82402746 0.90834151 0.90782247] 
 f1: [0.72669068 0.92362245 0.82289762 0.90314187 0.83843992] 
 f1_avg: 0.8877089180696349


Validation Epoch: 22 accuracy: 0.71 
 precision: [0.02881844 0.944078   0.56415621 0.82541777 0.27062374] 
 recall: [0.33333333 0.65905906 0.78773126 0.78965082 0.5233463 ] 
 f1: [0.0530504  0.77623202 0.65745632 0.80713825 0.35676393] 
 f1_avg: 0.7353289881259248

--- 248.28650879859924 seconds ---

Train Epoch: 23 accuracy: 0.88 
 precision: [0.62525738 0.94824932 0.80574586 0.88052569 0.80602711] 
 recall: [0.98593074 0.88316563 0.83432494 0.91612692 0.90915838] 
 f1: [0.7652247  0.91455103 0.8197864  0.89797358 0.85449219] 
 f1_avg: 0.883423621506475


Validation Epoch: 23 accuracy: 0.69 
 precision: [0.02469136 0.94202463 0.59668721 0.81135371 0.2237037 ] 
 recall: [0.33333333 0.62782783 0.75413827 0.78165755 0.58754864] 
 f1: [0.04597701 0.7534839  0.66623656 0.79622884 0.32403433] 
 f1_avg: 0.7214313837314416

--- 259.1143124103546 seconds ---

Train Epoch: 24 accuracy: 0.89 
 precision: [0.59222661 0.94588525 0.81351583 0.91446853 0.77176113] 
 recall: [0.97294372 0.90034409 0.81607551 0.91632319 0.90544753] 
 f1: [0.73628174 0.92255299 0.81479366 0.91539492 0.83327642] 
 f1_avg: 0.8874383125897515


Validation Epoch: 24 accuracy: 0.68 
 precision: [0.0243309  0.95059786 0.58014981 0.76552548 0.23019183] 
 recall: [0.33333333 0.6048048  0.75413827 0.80900294 0.53696498] 
 f1: [0.04535147 0.73926343 0.65580017 0.78666394 0.32224168] 
 f1_avg: 0.7097820787341963

--- 269.9661512374878 seconds ---

Train Epoch: 25 accuracy: 0.89 
 precision: [0.73595506 0.96110809 0.80751451 0.86373573 0.8397768 ] 
 recall: [0.99242424 0.87544966 0.85943936 0.93058554 0.93825145] 
 f1: [0.84516129 0.91628129 0.83266822 0.89591535 0.88628716] 
 f1_avg: 0.8903809590952934


Validation Epoch: 25 accuracy: 0.71 
 precision: [0.02590674 0.94204889 0.57984145 0.84619048 0.24623116] 
 recall: [0.33333333 0.68668669 0.74780915 0.74758098 0.57198444] 
 f1: [0.04807692 0.79434924 0.65320009 0.79383516 0.3442623 ] 
 f1_avg: 0.7396977636889605

--- 280.8090069293976 seconds ---

Train Epoch: 26 accuracy: 0.92 
 precision: [0.78044597 0.96356988 0.86413043 0.91902911 0.87399537] 
 recall: [0.98484848 0.92734998 0.87322654 0.94380111 0.95235268] 
 f1: [0.8708134  0.94511304 0.86865468 0.9312504  0.91149311] 
 f1_avg: 0.9217143898730614


Validation Epoch: 26 accuracy: 0.69 
 precision: [0.02604167 0.94733728 0.53448839 0.85656566 0.24592973] 
 recall: [0.33333333 0.64104104 0.79600779 0.71350442 0.55836576] 
 f1: [0.04830918 0.76465672 0.63954625 0.77851733 0.34146341] 
 f1_avg: 0.7182131861311288

--- 291.6703402996063 seconds ---

Train Epoch: 27 accuracy: 0.93 
 precision: [0.74412955 0.96789252 0.86504573 0.92800669 0.88557972] 
 recall: [0.99458874 0.92961785 0.88741419 0.94452077 0.9489387 ] 
 f1: [0.85132006 0.94836917 0.8760872  0.93619091 0.91616509] 
 f1_avg: 0.9260781373701774


Validation Epoch: 27 accuracy: 0.67 
 precision: [0.03184713 0.95586824 0.52059101 0.85929648 0.22533137] 
 recall: [0.33333333 0.5983984  0.80623174 0.71939419 0.59533074] 
 f1: [0.05813953 0.73602561 0.63266476 0.78314632 0.32692308] 
 f1_avg: 0.702834783389149

--- 302.5122194290161 seconds ---

Train Epoch: 28 accuracy: 0.93 
 precision: [0.72581934 0.97189779 0.8564661  0.93428774 0.8966764 ] 
 recall: [0.98268398 0.92406548 0.89982838 0.94785738 0.95710257] 
 f1: [0.83494253 0.94737827 0.87761194 0.94102364 0.92590465] 
 f1_avg: 0.9275122444625901


Validation Epoch: 28 accuracy: 0.68 
 precision: [0.02915452 0.95400184 0.52341085 0.85273632 0.25022104] 
 recall: [0.33333333 0.62282282 0.8218111  0.72107699 0.55058366] 
 f1: [0.0536193  0.75363372 0.63951506 0.78139959 0.34407295] 
 f1_avg: 0.7135218924621933

--- 313.3455467224121 seconds ---

Train Epoch: 29 accuracy: 0.93 
 precision: [0.77909941 0.97299294 0.86569033 0.92939435 0.89273743] 
 recall: [0.99242424 0.9269329  0.90966819 0.94471704 0.94879026] 
 f1: [0.87291766 0.9494046  0.88713457 0.93699306 0.91991077] 
 f1_avg: 0.9297624675584353


Validation Epoch: 29 accuracy: 0.68 
 precision: [0.02403846 0.95022901 0.56256535 0.85912698 0.21592539] 
 recall: [0.33333333 0.62302302 0.78578384 0.72864956 0.58560311] 
 f1: [0.04484305 0.75259976 0.65569775 0.7885272  0.31551363] 
 f1_avg: 0.716538356722053

--- 324.1910398006439 seconds ---

Train Epoch: 30 accuracy: 0.92 
 precision: [0.79947461 0.97577008 0.84722222 0.93562787 0.86237664] 
 recall: [0.98809524 0.92484751 0.89336384 0.94615636 0.94686062] 
 f1: [0.88383349 0.94962662 0.86968144 0.94086266 0.9026461 ] 
 f1_avg: 0.9254008557392199


Validation Epoch: 30 accuracy: 0.71 
 precision: [0.02061856 0.94462994 0.5930704  0.83586906 0.27353816] 
 recall: [0.33333333 0.67967968 0.78334956 0.76272613 0.53696498] 
 f1: [0.03883495 0.79054605 0.67505769 0.79762429 0.36244255] 
 f1_avg: 0.7441082689555769

--- 335.06301641464233 seconds ---

Train Epoch: 31 accuracy: 0.93 
 precision: [0.76431535 0.97245179 0.86375857 0.92817856 0.89715257] 
 recall: [0.99675325 0.92938324 0.90057208 0.94949297 0.94003266] 
 f1: [0.86519493 0.95042986 0.88178126 0.93871479 0.9180922 ] 
 f1_avg: 0.9291619214305149


Validation Epoch: 31 accuracy: 0.70 
 precision: [0.02325581 0.94667832 0.59384273 0.83895131 0.23354232] 
 recall: [0.33333333 0.65045045 0.77945472 0.75389146 0.57976654] 
 f1: [0.04347826 0.77109292 0.67410526 0.79415023 0.33296089] 
 f1_avg: 0.7318317627274789

--- 345.92268562316895 seconds ---

Train Epoch: 32 accuracy: 0.93 
 precision: [0.74897457 0.97066869 0.8742713  0.93241769 0.88207612] 
 recall: [0.98809524 0.93425786 0.89227689 0.95047432 0.94597002] 
 f1: [0.85207653 0.9521153  0.88318233 0.94135942 0.91290646] 
 f1_avg: 0.9302092003335599


Validation Epoch: 32 accuracy: 0.66 
 precision: [0.0265252  0.95970696 0.53664    0.8407767  0.21708185] 
 recall: [0.33333333 0.57697698 0.8164557  0.72864956 0.59338521] 
 f1: [0.04914005 0.72068017 0.64761537 0.78070769 0.31787389] 
 f1_avg: 0.6971517521849235

--- 356.7704677581787 seconds ---

Train Epoch: 33 accuracy: 0.93 
 precision: [0.75287356 0.97307839 0.87675101 0.9345284  0.88246602] 
 recall: [0.99242424 0.92995673 0.90589245 0.95158652 0.95398545] 
 f1: [0.85620915 0.951029   0.89108354 0.94298032 0.9168331 ] 
 f1_avg: 0.9321319357076112


Validation Epoch: 33 accuracy: 0.64 
 precision: [0.02770083 0.96597901 0.50442478 0.85010267 0.20557029] 
 recall: [0.33333333 0.53433433 0.83252191 0.69667648 0.60311284] 
 f1: [0.0511509  0.68806393 0.62821455 0.76578035 0.3066271 ] 
 f1_avg: 0.6726813213453224

--- 367.6522240638733 seconds ---

Train Epoch: 34 accuracy: 0.92 
 precision: [0.76549414 0.97246708 0.83474287 0.93872501 0.87282372] 
 recall: [0.98917749 0.90873781 0.90909611 0.94314688 0.95250111] 
 f1: [0.86307838 0.93952298 0.87033436 0.94093075 0.91092342] 
 f1_avg: 0.9211038107206743


Validation Epoch: 34 accuracy: 0.66 
 precision: [0.02398082 0.95926544 0.53307519 0.85129741 0.204811  ] 
 recall: [0.33333333 0.57517518 0.80428432 0.7177114  0.57976654] 
 f1: [0.04474273 0.71914894 0.6411799  0.77881762 0.30269172] 
 f1_avg: 0.6938122120530811

--- 378.51647210121155 seconds ---

Train Epoch: 35 accuracy: 0.92 
 precision: [0.79584775 0.97739298 0.8273681  0.93581125 0.86382748] 
 recall: [0.995671   0.90047443 0.92042334 0.94713772 0.94537628] 
 f1: [0.88461538 0.93735839 0.87141851 0.94144042 0.902764  ] 
 f1_avg: 0.9199441604653544


Validation Epoch: 35 accuracy: 0.68 
 precision: [0.0204918  0.94402552 0.59645745 0.86731063 0.20204082] 
 recall: [0.33333333 0.65165165 0.75413827 0.7177114  0.57782101] 
 f1: [0.03861004 0.77105294 0.66609331 0.7854512  0.29939516] 
 f1_avg: 0.7263420287384643

--- 389.32851362228394 seconds ---

Train Epoch: 36 accuracy: 0.93 
 precision: [0.76198347 0.97733101 0.86658347 0.9404358  0.88199972] 
 recall: [0.9978355  0.93391898 0.91372998 0.94308145 0.93750928] 
 f1: [0.86410497 0.95513196 0.88953246 0.94175677 0.90890776] 
 f1_avg: 0.932963097506065


Validation Epoch: 36 accuracy: 0.68 
 precision: [0.02881844 0.94659624 0.57651763 0.87777778 0.20266836] 
 recall: [0.33333333 0.64584585 0.7721519  0.69793858 0.62062257] 
 f1: [0.0530504  0.76782102 0.66014568 0.7775955  0.30555556] 
 f1_avg: 0.7219856347275089

--- 400.1776747703552 seconds ---

Train Epoch: 37 accuracy: 0.94 
 precision: [0.78668942 0.97569752 0.89648045 0.94145426 0.90525716] 
 recall: [0.9978355  0.94713519 0.91802059 0.95210991 0.94314977] 
 f1: [0.87977099 0.96120422 0.90712267 0.94675211 0.92381506] 
 f1_avg: 0.9422497946820169


Validation Epoch: 37 accuracy: 0.64 
 precision: [0.03344482 0.95409182 0.55066387 0.88540479 0.16886286] 
 recall: [0.33333333 0.57417417 0.76728335 0.65334455 0.67315175] 
 f1: [0.06079027 0.71691039 0.64117168 0.75187606 0.2699961 ] 
 f1_avg: 0.684628396566222

--- 411.0247595310211 seconds ---

Train Epoch: 38 accuracy: 0.94 
 precision: [0.81899642 0.97886792 0.89039591 0.94858494 0.90942232] 
 recall: [0.98917749 0.94666597 0.92763158 0.94510958 0.96274306] 
 f1: [0.89607843 0.96249768 0.90863243 0.94684407 0.93532338] 
 f1_avg: 0.9444076841721372


Validation Epoch: 38 accuracy: 0.62 
 precision: [0.02415459 0.95188647 0.57025411 0.87756233 0.15782251] 
 recall: [0.33333333 0.55055055 0.7429406  0.6663862  0.67120623] 
 f1: [0.04504505 0.69761542 0.64524313 0.75753228 0.25555556] 
 f1_avg: 0.6763570278154115

--- 421.8855450153351 seconds ---

Train Epoch: 39 accuracy: 0.94 
 precision: [0.81632653 0.97984045 0.88884603 0.9509616  0.89862637] 
 recall: [0.995671   0.94770867 0.92271167 0.94138044 0.97105537] 
 f1: [0.89712335 0.96350674 0.9054623  0.94614676 0.93343797] 
 f1_avg: 0.9439114289951789


Validation Epoch: 39 accuracy: 0.62 
 precision: [0.02150538 0.95169758 0.5793681  0.87473002 0.15767635] 
 recall: [0.33333333 0.54434434 0.74099318 0.68153134 0.66536965] 
 f1: [0.04040404 0.6925624  0.6502884  0.76613857 0.2549385 ] 
 f1_avg: 0.6768709597530791

--- 432.7190864086151 seconds ---

Train Epoch: 40 accuracy: 0.94 
 precision: [0.79809359 0.97826262 0.89273588 0.95183894 0.89532813] 
 recall: [0.99675325 0.94789114 0.91750572 0.94648348 0.97001633] 
 f1: [0.88642926 0.96283744 0.90495133 0.94915365 0.93117697] 
 f1_avg: 0.9437367683817836


Validation Epoch: 40 accuracy: 0.61 
 precision: [0.01996008 0.95825427 0.56697248 0.8729133  0.15008881] 
 recall: [0.33333333 0.50550551 0.75219085 0.68195204 0.65758755] 
 f1: [0.03766478 0.66186107 0.64657878 0.76570619 0.24439624] 
 f1_avg: 0.6600704219163864

--- 443.5749623775482 seconds ---

Train Epoch: 41 accuracy: 0.93 
 precision: [0.76387738 0.97807425 0.87664546 0.93969685 0.87300737] 
 recall: [0.9978355  0.93258954 0.91435927 0.9409879  0.96734452] 
 f1: [0.86532145 0.9547905  0.89510529 0.94034193 0.91775806] 
 f1_avg: 0.9345297891545683


Validation Epoch: 41 accuracy: 0.60 
 precision: [0.0228833  0.95760405 0.56275304 0.87602852 0.14327002] 
 recall: [0.33333333 0.49289289 0.74440117 0.67185528 0.67509728] 
 f1: [0.04282655 0.65080624 0.64095577 0.76047619 0.23637602] 
 f1_avg: 0.65172861567567

--- 454.4430215358734 seconds ---

Train Epoch: 42 accuracy: 0.93 
 precision: [0.80506993 0.98181563 0.84725286 0.93924563 0.84817576] 
 recall: [0.99675325 0.91202231 0.92276888 0.94164213 0.96274306] 
 f1: [0.89071567 0.94563293 0.88339997 0.94044235 0.90183537] 
 f1_avg: 0.9264297797032169


Validation Epoch: 42 accuracy: 0.63 
 precision: [0.02178649 0.94898649 0.59770115 0.8807947  0.15252708] 
 recall: [0.33333333 0.56236236 0.73417722 0.67143458 0.65758755] 
 f1: [0.0408998  0.7062225  0.65894691 0.7619957  0.24761905] 
 f1_avg: 0.684134936385532

--- 465.3430263996124 seconds ---

Train Epoch: 43 accuracy: 0.94 
 precision: [0.79465056 0.98086994 0.8890343  0.95052534 0.88160562] 
 recall: [0.99675325 0.94228664 0.93272311 0.93516519 0.96823512] 
 f1: [0.88430149 0.96119125 0.91035484 0.94278271 0.92289191] 
 f1_avg: 0.942164700384542


Validation Epoch: 43 accuracy: 0.62 
 precision: [0.02409639 0.95243166 0.60994657 0.86126582 0.15150215] 
 recall: [0.33333333 0.53713714 0.7224927  0.71560791 0.68677043] 
 f1: [0.04494382 0.68689196 0.66146646 0.78170956 0.24824191] 
 f1_avg: 0.6797137142241982

--- 476.2200810909271 seconds ---

Train Epoch: 44 accuracy: 0.94 
 precision: [0.82142857 0.98123695 0.90506364 0.94561381 0.87676714] 
 recall: [0.995671   0.9433554  0.93152174 0.94641806 0.97580525] 
 f1: [0.90019569 0.96192337 0.91810211 0.94601576 0.92363892] 
 f1_avg: 0.9451174833200766


Validation Epoch: 44 accuracy: 0.63 
 precision: [0.02457002 0.95211068 0.61665976 0.85026738 0.15479332] 
 recall: [0.33333333 0.53733734 0.72444012 0.73580143 0.6848249 ] 
 f1: [0.04576659 0.6869721  0.66621894 0.78890392 0.25251076] 
 f1_avg: 0.6826707626057865

--- 487.0670850276947 seconds ---

Train Epoch: 45 accuracy: 0.95 
 precision: [0.83197832 0.98160857 0.91170408 0.94109325 0.89924812] 
 recall: [0.99675325 0.94330327 0.93627002 0.95740922 0.97639899] 
 f1: [0.90694239 0.96207479 0.92382377 0.94918113 0.93623683] 
 f1_avg: 0.9482310543092989


Validation Epoch: 45 accuracy: 0.63 
 precision: [0.02375297 0.95491658 0.61547962 0.8477842  0.15401886] 
 recall: [0.33333333 0.53853854 0.7278481  0.74042911 0.66731518] 
 f1: [0.0443459  0.68868408 0.66696409 0.79047833 0.25027362] 
 f1_avg: 0.683937733188162

--- 497.9080457687378 seconds ---

Train Epoch: 46 accuracy: 0.95 
 precision: [0.83047791 0.98133441 0.91859488 0.94338292 0.91433324] 
 recall: [0.99675325 0.94700485 0.93798627 0.96257769 0.9790708 ] 
 f1: [0.90605017 0.96386405 0.92818931 0.95288365 0.9455953 ] 
 f1_avg: 0.9515788486206518


Validation Epoch: 46 accuracy: 0.62 
 precision: [0.0234192  0.95764618 0.59810501 0.84263715 0.15106007] 
 recall: [0.33333333 0.51151151 0.7375852  0.73664283 0.66536965] 
 f1: [0.04376368 0.66684066 0.66056246 0.78608305 0.2462203 ] 
 f1_avg: 0.6704166463837228

--- 508.7892003059387 seconds ---

Train Epoch: 47 accuracy: 0.95 
 precision: [0.83879781 0.98300689 0.91780058 0.94914601 0.92272283] 
 recall: [0.99675325 0.94849069 0.94153318 0.96709192 0.98189105] 
 f1: [0.91097923 0.96544039 0.92951542 0.95803493 0.95138789] 
 f1_avg: 0.9541930571994927


Validation Epoch: 47 accuracy: 0.61 
 precision: [0.02487562 0.96325254 0.58758568 0.83853916 0.14937039] 
 recall: [0.33333333 0.49329329 0.75121714 0.73411864 0.6692607 ] 
 f1: [0.0462963  0.65245598 0.65940171 0.78286227 0.24423145] 
 f1_avg: 0.6621079429432893

--- 519.6865849494934 seconds ---

Train Epoch: 48 accuracy: 0.95 
 precision: [0.84573003 0.98306506 0.91573159 0.94934766 0.93249718] 
 recall: [0.99675325 0.94726552 0.9430778  0.97114818 0.98218792] 
 f1: [0.91505216 0.96483333 0.92920354 0.96012419 0.95669775] 
 f1_avg: 0.9547354052671477


Validation Epoch: 48 accuracy: 0.60 
 precision: [0.02604167 0.9644588  0.57534247 0.83735521 0.14719726] 
 recall: [0.33333333 0.47807808 0.75657254 0.72991165 0.6692607 ] 
 f1: [0.04830918 0.63927185 0.65362776 0.77995055 0.24131884] 
 f1_avg: 0.6534748176407816

--- 530.4998149871826 seconds ---

Train Epoch: 49 accuracy: 0.95 
 precision: [0.8575419  0.98317386 0.9063066  0.95109321 0.93729653] 
 recall: [0.99675325 0.94283405 0.94462243 0.97330716 0.98293009] 
 f1: [0.92192192 0.9625815  0.92506793 0.96207198 0.95957108] 
 f1_avg: 0.9534255901300407


Validation Epoch: 49 accuracy: 0.60 
 precision: [0.02631579 0.96536448 0.57137628 0.84182174 0.147021  ] 
 recall: [0.33333333 0.47987988 0.75998053 0.72318048 0.66731518] 
 f1: [0.04878049 0.6410805  0.65231926 0.77800407 0.24095539] 
 f1_avg: 0.6536299948919442

--- 541.3620564937592 seconds ---

Train Epoch: 50 accuracy: 0.96 
 precision: [0.86397749 0.98492476 0.9052494  0.95518747 0.94326745] 
 recall: [0.99675325 0.94351181 0.95102975 0.97337259 0.9847113 ] 
 f1: [0.92562814 0.96377362 0.92757505 0.96419429 0.96354394] 
 f1_avg: 0.9553571721552894


Validation Epoch: 50 accuracy: 0.60 
 precision: [0.02645503 0.9671799  0.56768559 0.84334975 0.14535379] 
 recall: [0.33333333 0.47787788 0.75949367 0.72023559 0.66342412] 
 f1: [0.04901961 0.63968913 0.64972928 0.77694577 0.23846154] 
 f1_avg: 0.6520191644344016

--- 552.2361736297607 seconds ---

Train Epoch: 51 accuracy: 0.96 
 precision: [0.8705104  0.985484   0.90691214 0.95828252 0.94973583] 
 recall: [0.99675325 0.94502372 0.95251716 0.97684004 0.98723467] 
 f1: [0.92936428 0.96482987 0.92915539 0.9674723  0.96812227] 
 f1_avg: 0.957293320823242


Validation Epoch: 51 accuracy: 0.60 
 precision: [0.02645503 0.96495518 0.56245487 0.84588353 0.14393939] 
 recall: [0.33333333 0.47407407 0.75851996 0.70887674 0.66536965] 
 f1: [0.04901961 0.63579004 0.64593698 0.77134356 0.2366782 ] 
 f1_avg: 0.6478568328067246

--- 563.0582096576691 seconds ---

Train Epoch: 52 accuracy: 0.95 
 precision: [0.86397749 0.983211   0.88941303 0.95947511 0.94920816] 
 recall: [0.99675325 0.93579584 0.94919908 0.97585868 0.98753154] 
 f1: [0.92562814 0.95891765 0.91833403 0.96759755 0.96799069] 
 f1_avg: 0.9519830402257686


Validation Epoch: 52 accuracy: 0.60 
 precision: [0.02666667 0.96454768 0.55734767 0.84627093 0.14411765] 
 recall: [0.33333333 0.47387387 0.7570594  0.70172486 0.66731518] 
 f1: [0.04938272 0.63552155 0.64203138 0.76724931 0.23704216] 
 f1_avg: 0.6459614179602642

--- 573.8815021514893 seconds ---

Train Epoch: 53 accuracy: 0.95 
 precision: [0.86804901 0.98573636 0.88145528 0.96176907 0.9476678 ] 
 recall: [0.99675325 0.93136437 0.95497712 0.97598953 0.98916432] 
 f1: [0.9279597  0.95777933 0.91674447 0.96882712 0.96797153] 
 f1_avg: 0.9513403729817513


Validation Epoch: 53 accuracy: 0.62 
 precision: [0.02747253 0.96404494 0.57222844 0.84908537 0.15072084] 
 recall: [0.33333333 0.51531532 0.74634859 0.70298696 0.67120623] 
 f1: [0.05076142 0.67162427 0.6477921  0.76915995 0.24616482] 
 f1_avg: 0.6661657924988225

--- 584.7424693107605 seconds ---

Train Epoch: 54 accuracy: 0.95 
 precision: [0.87559354 0.98735781 0.88684837 0.96219732 0.95103498] 
 recall: [0.9978355  0.9344664  0.95863844 0.97749428 0.98886745] 
 f1: [0.93272635 0.96018428 0.92134708 0.96978548 0.9695823 ] 
 f1_avg: 0.9539120484730953


Validation Epoch: 54 accuracy: 0.63 
 precision: [0.02816901 0.95468484 0.59273875 0.85194672 0.15952598] 
 recall: [0.33333333 0.56096096 0.73125609 0.69962137 0.68093385] 
 f1: [0.05194805 0.70668348 0.65475153 0.76830677 0.25849335] 
 f1_avg: 0.6856000834478457

--- 595.6222429275513 seconds ---

Train Epoch: 55 accuracy: 0.96 
 precision: [0.87547529 0.98674755 0.89856629 0.96351447 0.95044981] 
 recall: [0.99675325 0.94134821 0.95732265 0.97788682 0.98797684] 
 f1: [0.93218623 0.96351339 0.92701438 0.97064744 0.96885007] 
 f1_avg: 0.9568886259492857


Validation Epoch: 55 accuracy: 0.65 
 precision: [0.02849003 0.94862795 0.60556465 0.85803432 0.16619452] 
 recall: [0.33333333 0.5951952  0.72054528 0.69415229 0.6848249 ] 
 f1: [0.05249344 0.73145528 0.65807025 0.76744186 0.2674772 ] 
 f1_avg: 0.6989531424346835

--- 606.4444768428802 seconds ---

Train Epoch: 56 accuracy: 0.96 
 precision: [0.88421053 0.98500378 0.91382051 0.96803003 0.95540579] 
 recall: [1.         0.95198373 0.95360412 0.97860648 0.98901588] 
 f1: [0.93854749 0.96821231 0.93328854 0.97328952 0.97192036] 
 f1_avg: 0.9614182345416279


Validation Epoch: 56 accuracy: 0.65 
 precision: [0.02832861 0.9453125  0.60920502 0.86439791 0.16769013] 
 recall: [0.33333333 0.60560561 0.70886076 0.69457299 0.69066148] 
 f1: [0.05221932 0.73825503 0.65526553 0.7702356  0.26985937] 
 f1_avg: 0.7025700693231384

--- 617.2676899433136 seconds ---

Train Epoch: 57 accuracy: 0.96 
 precision: [0.8900675  0.98428422 0.92345693 0.97117632 0.95587393] 
 recall: [0.99891775 0.95834419 0.95177346 0.97873732 0.99035179] 
 f1: [0.94135645 0.97114102 0.9374014  0.97494216 0.97280747] 
 f1_avg: 0.9641861248628815


Validation Epoch: 57 accuracy: 0.65 
 precision: [0.02785515 0.9448062  0.6080234  0.86970339 0.16769596] 
 recall: [0.33333333 0.61001001 0.7083739  0.69078671 0.68677043] 
 f1: [0.05141388 0.74136253 0.65437374 0.76998828 0.26956854] 
 f1_avg: 0.7038668274569747

--- 628.1114058494568 seconds ---

Train Epoch: 58 accuracy: 0.97 
 precision: [0.8900675  0.98532428 0.93289341 0.97445755 0.95642826] 
 recall: [0.99891775 0.96433971 0.95434783 0.97841021 0.99050022] 
 f1: [0.94135645 0.97471906 0.94349867 0.97642988 0.97316611] 
 f1_avg: 0.9676003148482462


Validation Epoch: 58 accuracy: 0.65 
 precision: [0.02816901 0.94557398 0.60221675 0.87134503 0.16801523] 
 recall: [0.33333333 0.60520521 0.71421616 0.68952461 0.68677043] 
 f1: [0.05194805 0.73803711 0.65345212 0.769845   0.26998088] 
 f1_avg: 0.7019996168774318

--- 638.9776763916016 seconds ---

Train Epoch: 59 accuracy: 0.97 
 precision: [0.89514563 0.98672472 0.94185785 0.97614858 0.95865039] 
 recall: [0.9978355  0.96877118 0.95823799 0.97998037 0.99109396] 
 f1: [0.94370522 0.97766554 0.94997731 0.97806072 0.97460225] 
 f1_avg: 0.9709390499250562


Validation Epoch: 59 accuracy: 0.65 
 precision: [0.0286533  0.94798605 0.59471366 0.87002653 0.16874401] 
 recall: [0.33333333 0.5983984  0.72297955 0.68994531 0.6848249 ] 
 f1: [0.05277045 0.73367698 0.65260382 0.76959174 0.27076923] 
 f1_avg: 0.6996231508852752

--- 649.8034987449646 seconds ---

Train Epoch: 60 accuracy: 0.97 
 precision: [0.90215264 0.98826086 0.94671023 0.97717491 0.96139997] 
 recall: [0.9978355  0.97215995 0.96144165 0.98030749 0.99079709] 
 f1: [0.94758479 0.98014429 0.95401907 0.97873869 0.97587719] 
 f1_avg: 0.9733287098515886


Validation Epoch: 60 accuracy: 0.65 
 precision: [0.02832861 0.94932649 0.59130435 0.87095061 0.16874401] 
 recall: [0.33333333 0.59259259 0.72833496 0.68994531 0.6848249 ] 
 f1: [0.05221932 0.72969309 0.65270506 0.76995305 0.27076923] 
 f1_avg: 0.6977325500403276

--- 660.6475656032562 seconds ---

Train Epoch: 61 accuracy: 0.98 
 precision: [0.90935961 0.99006254 0.95066382 0.97827789 0.96320877] 
 recall: [0.99891775 0.97390647 0.96676201 0.981158   0.99094552] 
 f1: [0.95203713 0.98191805 0.95864534 0.97971583 0.9768803 ] 
 f1_avg: 0.9755463034421583


Validation Epoch: 61 accuracy: 0.65 
 precision: [0.02857143 0.95084635 0.58658346 0.86892178 0.16873805] 
 recall: [0.33333333 0.58478478 0.7322298  0.6916281  0.68677043] 
 f1: [0.05263158 0.72418495 0.65136423 0.77020379 0.27091328] 
 f1_avg: 0.6947651699662583

--- 671.4901404380798 seconds ---

Train Epoch: 62 accuracy: 0.98 
 precision: [0.90649606 0.99154497 0.95337458 0.97797041 0.96560694] 
 recall: [0.99675325 0.97518378 0.96973684 0.98168139 0.99183613] 
 f1: [0.94948454 0.98329632 0.9614861  0.97982238 0.9785458 ] 
 f1_avg: 0.9769807875568446


Validation Epoch: 62 accuracy: 0.64 
 precision: [0.0280112  0.95332018 0.58240062 0.86949602 0.16754177] 
 recall: [0.33333333 0.58058058 0.73466407 0.68952461 0.68287938] 
 f1: [0.05167959 0.72166231 0.64973089 0.76912248 0.26906861] 
 f1_avg: 0.6928090556228103

--- 682.3294668197632 seconds ---

Train Epoch: 63 accuracy: 0.98 
 precision: [0.91386139 0.99176246 0.95484198 0.97978217 0.96772326] 
 recall: [0.99891775 0.976044   0.97133867 0.98285901 0.99242986] 
 f1: [0.95449845 0.98384045 0.96301968 0.98131818 0.97992086] 
 f1_avg: 0.9780525367182885


Validation Epoch: 63 accuracy: 0.64 
 precision: [0.02840909 0.95468177 0.57920982 0.87002653 0.16611765] 
 recall: [0.33333333 0.57357357 0.73515093 0.68994531 0.68677043] 
 f1: [0.05235602 0.7166083  0.64792963 0.76959174 0.26752558] 
 f1_avg: 0.6899402540419461

Early stopping!

Test Epoch: accuracy: 0.70 
 precision: [0.02912621 0.93021993 0.5223301  0.86883408 0.30188679] 
 recall: [1.         0.64617126 0.74930362 0.8002065  0.64491363] 
 f1: [0.05660377 0.76260434 0.61556064 0.83310938 0.41126071] 
 f1_avg: 0.7292712978426897

--- 694.1326885223389 seconds ---

Test Epoch: accuracy: 0.71 
 precision: [0.01964637 0.91565014 0.6352477  0.85148976 0.25360475] 
 recall: [0.33333333 0.70630631 0.70545278 0.7694573  0.58171206] 
 f1: [0.03710575 0.79746835 0.66851211 0.80839779 0.35321914] 
 f1_avg: 0.7483157133455225

--- 694.6004047393799 seconds ---
