{'name': 'longcall_wav2vec2_lstm_ar_bi_42', 'data_path': '/data/zifjia/data_longcall/wav2vec2_split_42', 'test_only': False, 'balance_weights': True, 'model_type': 'lstm', 'model_autoregressive': True, 'n_embedding': 768, 'd_hid': 1024, 'nlayers': 2, 'batch_size': 1, 'n_epoch': 200, 'lr': 0.0001, 'dropout': 0.4, 'patience': 10, 'step_factor': 0.7, 'seed': 42}
cuda
Reading data ...
train, dev, test number of files: 50, 6, 7.
dev files:  ['15T6lcZeke', '2T6lcZeke', '125dat LC Rambo', '75datA LC Kay', '52dat LC Sultan', '137dat LC Fugit']
test files:  ['24dat LC Male', '23datA LC Fugit', '48datA LC Niko', '7T6lcZeke', '2T7lcNico', '28T5lcNiko', '47dat LC Sultan']
data_all: (215820, 769)
train_data_all: (180390, 769)
Labels in train_data_all:  {0: 106395, 1: 0, 2: 30659, 3: 3407, 4: 23440, 5: 14653, 6: 1807, 7: 29, 8: 0}
--- 4.2231504917144775 seconds ---
LSTM(
  (lstm_forward): LSTM(777, 1024, num_layers=2, dropout=0.4)
  (hidden2tag_forward): Linear(in_features=1024, out_features=9, bias=True)
  (lstm_backward): LSTM(777, 1024, num_layers=2, dropout=0.4)
  (hidden2tag_backward): Linear(in_features=1024, out_features=9, bias=True)
)
Number of parameters: 31582226

Train Epoch: 1 accuracy: 0.50 
 precision: [0.81137057 0.         0.39259792 0.11540477 0.52380026 0.13777735
 0.         0.         0.        ] 
 recall: [0.5920767  1.         0.39166313 0.25858527 0.34458191 0.38817989
 0.         0.         1.        ] 
 f1: [0.68459089 0.         0.39212997 0.15958699 0.41569738 0.20337165
 0.         0.         0.        ] 
 f1_avg: 0.5439715323796758


Validation Epoch: 1 accuracy: 0.67 
 precision: [0.92838118 1.         0.17425228 0.13897281 0.43052392 0.3125325
 1.         1.         1.        ] 
 recall: [0.75209782 1.         0.11336717 0.56965944 0.82352941 0.40200669
 0.         0.         0.        ] 
 f1: [0.83099338 1.         0.13736545 0.22343655 0.56544503 0.35166764
 0.         0.         0.        ] 
 f1_avg: 0.6904419075794105

New best val score, save model ...
--- 522.0294814109802 seconds ---

Train Epoch: 2 accuracy: 0.62 
 precision: [0.89535517 1.         0.48241116 0.13211477 0.51342177 0.30270253
 1.         1.         1.        ] 
 recall: [0.74210254 1.         0.26390293 0.74464338 0.56139078 0.63215724
 0.         0.         1.        ] 
 f1: [0.81155726 1.         0.34116928 0.22441398 0.53633585 0.40937818
 0.         0.         1.        ] 
 f1_avg: 0.6438297721027925


Validation Epoch: 2 accuracy: 0.54 
 precision: [0.93878687 1.         0.17231638 0.18518519 0.46939988 0.15816427
 1.         1.         1.        ] 
 recall: [0.53927915 1.         0.15482234 0.55727554 0.86056645 0.53712375
 0.         0.         0.        ] 
 f1: [0.68504137 1.         0.1631016  0.27799228 0.60745867 0.24437005
 0.         0.         0.        ] 
 f1_avg: 0.5850624169322821

--- 1035.7672054767609 seconds ---

Train Epoch: 3 accuracy: 0.65 
 precision: [0.90059926 1.         0.52072193 0.17952553 0.55731432 0.33787541
 0.02702703 1.         1.        ] 
 recall: [0.75287373 1.         0.38112789 0.77516877 0.5903157  0.67180782
 0.00498063 0.         1.        ] 
 f1: [0.8201374  1.         0.44012128 0.29153328 0.57334052 0.4496209
 0.00841121 0.         1.        ] 
 f1_avg: 0.6751374637521171


Validation Epoch: 3 accuracy: 0.55 
 precision: [0.95752733 1.         0.1416589  0.20475698 0.49294892 0.17229666
 0.         1.         1.        ] 
 recall: [0.54591225 1.         0.1285956  0.6130031  0.85675381 0.61070234
 0.         0.         0.        ] 
 f1: [0.69537334 1.         0.13481153 0.30697674 0.62582057 0.26876656
 0.         0.         0.        ] 
 f1_avg: 0.5949912189657866

--- 1547.1656746864319 seconds ---

Train Epoch: 4 accuracy: 0.67 
 precision: [0.91721017 1.         0.53481783 0.19215292 0.56425261 0.39067338
 0.07612156 1.         1.        ] 
 recall: [0.76003572 1.         0.39404416 0.78485471 0.61292662 0.71466594
 0.1455451  0.         1.        ] 
 f1: [0.83125855 1.         0.45376352 0.30872251 0.58758333 0.50518597
 0.09996199 0.         1.        ] 
 f1_avg: 0.6916213808975571


Validation Epoch: 4 accuracy: 0.59 
 precision: [0.95285297 1.         0.15041572 0.22104019 0.56992876 0.19235462
 0.         1.         1.        ] 
 recall: [0.59921681 1.         0.16835871 0.57894737 0.82788671 0.63277592
 0.         0.         0.        ] 
 f1: [0.73574723 1.         0.15888224 0.31993157 0.67510549 0.29502573
 0.         0.         0.        ] 
 f1_avg: 0.6327822755192057

--- 2061.197460412979 seconds ---

Train Epoch: 5 accuracy: 0.65 
 precision: [0.92686334 1.         0.52943331 0.17454119 0.57664031 0.40619935
 0.07126277 0.048583   1.        ] 
 recall: [0.73588045 1.         0.37724649 0.78720282 0.6190273  0.68416024
 0.33978971 0.4137931  1.        ] 
 f1: [0.82040374 1.         0.44056756 0.28572951 0.59708248 0.50975008
 0.11781637 0.08695652 1.        ] 
 f1_avg: 0.68434000927979


Validation Epoch: 5 accuracy: 0.62 
 precision: [0.94469027 1.         0.2553681  0.31786942 0.66699411 0.21363923
 0.         1.         1.        ] 
 recall: [0.6483657  1.         0.28172589 0.57275542 0.73965142 0.67892977
 0.         0.         0.        ] 
 f1: [0.7689683  1.         0.26790024 0.40883978 0.70144628 0.32500801
 0.         0.         0.        ] 
 f1_avg: 0.6705098190242893

--- 2576.532763004303 seconds ---

Train Epoch: 6 accuracy: 0.66 
 precision: [0.93983792 1.         0.55841267 0.20132402 0.58227999 0.43736879
 0.09095908 0.03225806 1.        ] 
 recall: [0.7433902  1.         0.4094067  0.80334605 0.62495734 0.63980072
 0.64084117 0.93103448 1.        ] 
 f1: [0.83015046 1.         0.47243917 0.32196212 0.60286432 0.51956329
 0.15930664 0.06235566 1.        ] 
 f1_avg: 0.6981499597656988


Validation Epoch: 6 accuracy: 0.61 
 precision: [0.95050591 1.         0.23833333 0.28253425 0.73876404 0.20874395
 0.         0.         1.        ] 
 recall: [0.62311196 1.         0.24196277 0.51083591 0.71623094 0.77926421
 0.         0.         0.        ] 
 f1: [0.7527515  1.         0.24013434 0.36383682 0.72732301 0.32928208
 0.         0.         0.        ] 
 f1_avg: 0.6593931114839843

--- 3092.2954907417297 seconds ---

Train Epoch: 7 accuracy: 0.70 
 precision: [0.9305571  1.         0.58915475 0.23982177 0.61056497 0.43667058
 0.09966695 0.02914573 1.        ] 
 recall: [0.78466093 1.         0.41922437 0.80569416 0.65976962 0.68491094
 0.44714997 1.         1.        ] 
 f1: [0.85140407 1.         0.48987137 0.3696223  0.63421436 0.53331916
 0.16300182 0.05664062 1.        ] 
 f1_avg: 0.7197754982066626


Validation Epoch: 7 accuracy: 0.67 
 precision: [0.95951116 1.         0.241595   0.28881469 0.76882777 0.27304488
 0.04605846 1.         1.        ] 
 recall: [0.72156957 1.         0.26142132 0.53560372 0.63943355 0.67959866
 0.75362319 0.         0.        ] 
 f1: [0.82370114 1.         0.25111743 0.37527115 0.69818614 0.38957055
 0.08681135 0.         0.        ] 
 f1_avg: 0.7130072695153526

New best val score, save model ...
--- 3609.431712627411 seconds ---

Train Epoch: 8 accuracy: 0.70 
 precision: [0.94528244 1.         0.59441465 0.24084233 0.6121111  0.46710469
 0.12351291 0.05954825 1.        ] 
 recall: [0.78750881 1.         0.41932222 0.79894335 0.6572099  0.72776906
 0.70669618 1.         1.        ] 
 f1: [0.85921285 1.         0.49174747 0.37011354 0.63385932 0.56900462
 0.21027499 0.1124031  1.        ] 
 f1_avg: 0.7280443876570534


Validation Epoch: 8 accuracy: 0.64 
 precision: [0.96203106 1.         0.26733668 0.24147465 0.78390368 0.22838681
 0.01210287 0.         1.        ] 
 recall: [0.67833453 1.         0.2250423  0.81114551 0.67374728 0.68561873
 0.11594203 0.         0.        ] 
 f1: [0.79565054 1.         0.24437299 0.37215909 0.72466315 0.34263747
 0.02191781 0.         0.        ] 
 f1_avg: 0.6911558681738181

--- 4126.483548402786 seconds ---

Train Epoch: 9 accuracy: 0.71 
 precision: [0.9492652  1.         0.62496566 0.24510759 0.62807125 0.46520969
 0.14718787 0.02715356 1.        ] 
 recall: [0.77588233 1.         0.44515477 0.81244497 0.69795222 0.73507132
 0.81682346 1.         1.        ] 
 f1: [0.85386099 1.         0.51995352 0.37659864 0.66117038 0.56980373
 0.24942966 0.05287147 1.        ] 
 f1_avg: 0.7338005849344829


Validation Epoch: 9 accuracy: 0.53 
 precision: [0.96702019 1.         0.22083805 0.29120879 0.80988024 0.18157993
 0.03470437 0.         1.        ] 
 recall: [0.5319268  1.         0.32994924 0.65634675 0.58932462 0.64882943
 0.7826087  0.         0.        ] 
 f1: [0.68632708 1.         0.26458616 0.40342531 0.68221942 0.28375018
 0.06646154 0.         0.        ] 
 f1_avg: 0.6064197658903955

--- 4643.181168079376 seconds ---

Train Epoch: 10 accuracy: 0.69 
 precision: [0.95325904 1.         0.62256291 0.25843406 0.65689042 0.44648217
 0.10486029 0.06728538 1.        ] 
 recall: [0.74048593 1.         0.4874262  0.84091576 0.68511092 0.74100867
 0.78085224 1.         1.        ] 
 f1: [0.8335079  1.         0.54676838 0.39536328 0.67070395 0.55722057
 0.18489157 0.12608696 1.        ] 
 f1_avg: 0.7262900182605906


Validation Epoch: 10 accuracy: 0.65 
 precision: [0.95035939 1.         0.25541126 0.30023641 0.73771397 0.21936428
 0.04697987 0.         1.        ] 
 recall: [0.67625669 1.         0.24957699 0.78637771 0.72766885 0.70167224
 0.10144928 0.         0.        ] 
 f1: [0.79021338 1.         0.25246042 0.43455945 0.73265698 0.3342361
 0.06422018 0.         0.        ] 
 f1_avg: 0.6892716298280867

--- 5158.318532705307 seconds ---

Train Epoch: 11 accuracy: 0.72 
 precision: [0.94760807 1.         0.65072972 0.26499226 0.64972222 0.4176592
 0.1184175  0.06458797 1.        ] 
 recall: [0.78436957 1.         0.49010079 0.85471089 0.69850683 0.71794172
 0.48533481 1.         1.        ] 
 f1: [0.85829622 1.         0.55910698 0.40455682 0.67323191 0.52809919
 0.19038315 0.12133891 1.        ] 
 f1_avg: 0.7411982209413628


Validation Epoch: 11 accuracy: 0.70 
 precision: [0.95835429 1.         0.22362869 0.26963658 0.67089893 0.28523284
 0.         0.         1.        ] 
 recall: [0.76136818 1.         0.26903553 0.7120743  0.71949891 0.62274247
 0.         0.         0.        ] 
 f1: [0.84857932 1.         0.24423963 0.39115646 0.69434954 0.39125867
 0.         0.         0.        ] 
 f1_avg: 0.7298650013113219

New best val score, save model ...
--- 5669.064328432083 seconds ---

Train Epoch: 12 accuracy: 0.74 
 precision: [0.9575007  1.         0.66215196 0.28924232 0.68321323 0.4608029
 0.19280138 0.06359649 1.        ] 
 recall: [0.80297946 1.         0.5437555  0.8594071  0.68758532 0.76298369
 0.8063088  1.         1.        ] 
 f1: [0.87345875 1.         0.59714163 0.43281596 0.6853923  0.57458564
 0.3111918  0.11958763 1.        ] 
 f1_avg: 0.7637053220722533


Validation Epoch: 12 accuracy: 0.73 
 precision: [0.93799981 1.         0.30665163 0.2456621  0.77409817 0.30457317
 0.         0.         1.        ] 
 recall: [0.79677136 1.         0.23011844 0.83281734 0.71296296 0.66822742
 0.         0.         0.        ] 
 f1: [0.86163685 1.         0.26292895 0.37940762 0.74227389 0.41842932
 0.         0.         0.        ] 
 f1_avg: 0.7474304717275996

New best val score, save model ...
--- 6182.0025153160095 seconds ---

Train Epoch: 13 accuracy: 0.74 
 precision: [0.95642588 1.         0.67584151 0.28103709 0.66594189 0.46710998
 0.18709843 0.07880435 1.        ] 
 recall: [0.79508436 1.         0.50295182 0.87173466 0.71864334 0.80058691
 0.8057554  1.         1.        ] 
 f1: [0.86832408 1.         0.57671809 0.42504472 0.69128963 0.58998667
 0.3036813  0.14609572 1.        ] 
 f1_avg: 0.7590052670005909


Validation Epoch: 13 accuracy: 0.76 
 precision: [0.93314763 1.         0.24635762 0.28729282 0.78991597 0.38756388
 0.         1.         1.        ] 
 recall: [0.85670902 1.         0.31472081 0.64396285 0.66557734 0.60869565
 0.         0.         0.        ] 
 f1: [0.89329611 1.         0.27637444 0.39732569 0.72243571 0.47358834
 0.         0.         0.        ] 
 f1_avg: 0.7736898714708164

New best val score, save model ...
--- 6695.195353031158 seconds ---

Train Epoch: 14 accuracy: 0.73 
 precision: [0.96222834 1.         0.65662697 0.26291915 0.69245236 0.47985131
 0.16410815 0.07341772 1.        ] 
 recall: [0.77194417 1.         0.55037672 0.86762548 0.7068686  0.77526786
 0.91698949 1.         1.        ] 
 f1: [0.85664668 1.         0.59882535 0.40354949 0.69958622 0.59279359
 0.27839382 0.13679245 1.        ] 
 f1_avg: 0.7565204971178878


Validation Epoch: 14 accuracy: 0.71 
 precision: [0.94150228 1.         0.21268851 0.32106339 0.75182039 0.29822955
 0.         0.         1.        ] 
 recall: [0.77431471 1.         0.34602369 0.48606811 0.6748366  0.65351171
 0.         0.         0.        ] 
 f1: [0.8497632  1.         0.26344605 0.38669951 0.71125144 0.40955774
 0.         0.         0.        ] 
 f1_avg: 0.7352125986650637

--- 7211.265891551971 seconds ---

Train Epoch: 15 accuracy: 0.75 
 precision: [0.96278757 1.         0.66423328 0.27737705 0.67775825 0.48092568
 0.2231123  0.05697446 1.        ] 
 recall: [0.80831806 1.         0.5282625  0.86909304 0.72384812 0.77861189
 0.83231876 1.         1.        ] 
 f1: [0.87881668 1.         0.58849606 0.42053686 0.70004539 0.59459037
 0.35189518 0.10780669 1.        ] 
 f1_avg: 0.7690989939687631


Validation Epoch: 15 accuracy: 0.76 
 precision: [0.93519328 1.         0.22295952 0.27973199 0.73754687 0.40221914
 0.         0.         1.        ] 
 recall: [0.85455127 1.         0.28426396 0.51702786 0.75       0.5819398
 0.         0.         0.        ] 
 f1: [0.8930555  1.         0.24990703 0.36304348 0.74372131 0.47566976
 0.         0.         0.        ] 
 f1_avg: 0.7735100600351903

--- 7721.821214675903 seconds ---

Train Epoch: 16 accuracy: 0.77 
 precision: [0.96450314 1.         0.67844154 0.3122893  0.70567121 0.50560014
 0.2672538  0.07988981 1.        ] 
 recall: [0.82642041 1.         0.57193646 0.89727033 0.71292662 0.80406743
 0.92363033 1.         1.        ] 
 f1: [0.89013859 1.         0.62065304 0.46332222 0.70928036 0.62082411
 0.41455539 0.14795918 1.        ] 
 f1_avg: 0.7860152763171643


Validation Epoch: 16 accuracy: 0.76 
 precision: [0.93864043 1.         0.27777778 0.27613941 0.85037238 0.36309937
 0.         1.         1.        ] 
 recall: [0.83864781 1.         0.321489   0.6377709  0.68409586 0.69899666
 0.         0.         0.        ] 
 f1: [0.88583126 1.         0.29803922 0.38540692 0.75822517 0.47793277
 0.         0.         0.        ] 
 f1_avg: 0.7737212698072065

New best val score, save model ...
--- 8231.428250074387 seconds ---

Train Epoch: 17 accuracy: 0.79 
 precision: [0.96779128 1.         0.70369654 0.34133392 0.74566226 0.52179228
 0.29983165 0.07512953 1.        ] 
 recall: [0.83848865 1.         0.59297433 0.90578221 0.74069966 0.84480994
 0.98561151 1.         1.        ] 
 f1: [0.8985119  1.         0.64360817 0.49582262 0.74317267 0.64512599
 0.45979089 0.13975904 1.        ] 
 f1_avg: 0.8022990054361483


Validation Epoch: 17 accuracy: 0.77 
 precision: [0.94087764 1.         0.27481618 0.29048843 0.82017804 0.39272176
 0.         1.         1.        ] 
 recall: [0.85846719 1.         0.25296108 0.6996904  0.75272331 0.69297659
 0.         0.         0.        ] 
 f1: [0.89778521 1.         0.26343612 0.41053588 0.78500426 0.50133075
 0.         0.         0.        ] 
 f1_avg: 0.7850964152761924

New best val score, save model ...
--- 8743.284543037415 seconds ---

Train Epoch: 18 accuracy: 0.79 
 precision: [0.96978822 1.         0.72117889 0.35182482 0.75362504 0.51647893
 0.24346452 0.07341772 1.        ] 
 recall: [0.82938108 1.         0.60497733 0.91957734 0.75388225 0.84487818
 0.93801882 1.         1.        ] 
 f1: [0.89410596 1.         0.65798716 0.50893437 0.75375363 0.64106879
 0.38658912 0.13679245 1.        ] 
 f1_avg: 0.8027034279399254


Validation Epoch: 18 accuracy: 0.70 
 precision: [0.96598852 1.         0.21468927 0.27657005 0.73506366 0.28404472
 0.04178273 0.         1.        ] 
 recall: [0.73995045 1.         0.1607445  0.70897833 0.81753813 0.74782609
 0.2173913  0.         0.        ] 
 f1: [0.83799439 1.         0.18384132 0.39791486 0.77411037 0.41171055
 0.07009346 0.         0.        ] 
 f1_avg: 0.7287439045011722

--- 9255.14737033844 seconds ---

Train Epoch: 19 accuracy: 0.79 
 precision: [0.97110169 1.         0.69916467 0.36086462 0.74839778 0.54091356
 0.24604397 0.07512953 1.        ] 
 recall: [0.83287748 1.         0.58968003 0.93102436 0.75226109 0.86391865
 0.97232983 1.         1.        ] 
 f1: [0.89669409 1.         0.6397721  0.5201279  0.75032446 0.66528274
 0.39271346 0.13975904 1.        ] 
 f1_avg: 0.8029286320778003


Validation Epoch: 19 accuracy: 0.74 
 precision: [0.9587599  1.         0.33940043 0.35643564 0.78006682 0.30727693
 0.         1.         1.        ] 
 recall: [0.79333493 1.         0.26818951 0.66873065 0.7630719  0.7993311
 0.         0.         0.        ] 
 f1: [0.86823807 1.         0.29962193 0.46501615 0.77147577 0.44390788
 0.         0.         0.        ] 
 f1_avg: 0.7613183199706032

--- 9762.484935760498 seconds ---

Train Epoch: 20 accuracy: 0.80 
 precision: [0.97260706 1.         0.74026874 0.33999136 0.79015656 0.53212642
 0.25687937 0.0741688  1.        ] 
 recall: [0.83996428 1.         0.62712417 0.92427355 0.77943686 0.836484
 0.95572773 1.         1.        ] 
 f1: [0.90143232 1.         0.6790154  0.49711895 0.7847601  0.65046302
 0.4049238  0.13809524 1.        ] 
 f1_avg: 0.8153513078913663


Validation Epoch: 20 accuracy: 0.76 
 precision: [0.94407038 1.         0.41426404 0.31730769 0.86894771 0.31507246
 0.         1.         1.        ] 
 recall: [0.84040598 1.         0.23096447 0.71517028 0.73311547 0.7270903
 0.         0.         0.        ] 
 f1: [0.88922713 1.         0.29657795 0.43958135 0.79527326 0.439636
 0.         0.         0.        ] 
 f1_avg: 0.7776290106368945

--- 10270.04807806015 seconds ---

Train Epoch: 21 accuracy: 0.79 
 precision: [0.96403239 1.         0.72984681 0.34464606 0.78982597 0.50980228
 0.24879364 0.07125307 1.        ] 
 recall: [0.83032097 1.         0.60448808 0.90314059 0.7802901  0.82877227
 0.97011621 1.         1.        ] 
 f1: [0.89219474 1.         0.66127881 0.49890555 0.78502908 0.63128346
 0.39602395 0.13302752 1.        ] 
 f1_avg: 0.8053092104448678


Validation Epoch: 21 accuracy: 0.75 
 precision: [0.95225366 1.         0.29968254 0.33398058 0.86795367 0.33582313
 0.         1.         1.        ] 
 recall: [0.82562135 1.         0.39932318 0.53250774 0.61220044 0.75183946
 0.         0.         0.        ] 
 f1: [0.8844277  1.         0.34240116 0.41050119 0.71798148 0.46427096
 0.         0.         0.        ] 
 f1_avg: 0.7708153401811602

--- 10777.62427353859 seconds ---

Train Epoch: 22 accuracy: 0.81 
 precision: [0.97143655 1.         0.74860419 0.35351585 0.80703558 0.54317007
 0.27533784 0.0741688  1.        ] 
 recall: [0.85060388 1.         0.64724877 0.91341356 0.77026451 0.8393503
 0.99225235 1.         1.        ] 
 f1: [0.90701357 1.         0.69424668 0.50974611 0.78822143 0.65953453
 0.43106143 0.13809524 1.        ] 
 f1_avg: 0.8229188165077373


Validation Epoch: 22 accuracy: 0.70 
 precision: [0.9608399  1.         0.38203753 0.29614874 0.76409726 0.25768476
 0.         0.         1.        ] 
 recall: [0.73139934 1.         0.24111675 0.69040248 0.80446623 0.79063545
 0.         0.         0.        ] 
 f1: [0.83056539 1.         0.29564315 0.41449814 0.78376227 0.38868793
 0.         0.         0.        ] 
 f1_avg: 0.7300466336233108

--- 11286.35295534134 seconds ---

Train Epoch: 23 accuracy: 0.81 
 precision: [0.97080735 1.         0.7567684  0.37921382 0.78521411 0.53074167
 0.37678891 0.07837838 1.        ] 
 recall: [0.85736172 1.         0.62999446 0.91458761 0.78933447 0.87954685
 0.93248478 1.         1.        ] 
 f1: [0.91056464 1.         0.68758677 0.53613214 0.7872689  0.66200945
 0.53670967 0.14536341 1.        ] 
 f1_avg: 0.825516422701128


Validation Epoch: 23 accuracy: 0.73 
 precision: [0.95708573 1.         0.33563218 0.2875817  0.71577947 0.29793103
 0.         1.         1.        ] 
 recall: [0.78422441 1.         0.24703892 0.68111455 0.82026144 0.72240803
 0.         0.         0.        ] 
 f1: [0.86207502 1.         0.28460039 0.40441176 0.76446701 0.421875
 0.         0.         0.        ] 
 f1_avg: 0.7522463619834697

--- 11805.220793247223 seconds ---

Train Epoch: 24 accuracy: 0.81 
 precision: [0.9749345  1.         0.75828045 0.38067703 0.79655143 0.54415059
 0.31196951 0.07859079 1.        ] 
 recall: [0.85691057 1.         0.63919241 0.9275022  0.79424061 0.86214427
 0.99667958 1.         1.        ] 
 f1: [0.91212045 1.         0.69366228 0.53980184 0.79539434 0.6671948
 0.47519789 0.14572864 1.        ] 
 f1_avg: 0.8283968630877638


Validation Epoch: 24 accuracy: 0.75 
 precision: [0.94826024 1.         0.33663366 0.23667377 0.76675462 0.33641618
 0.         0.         1.        ] 
 recall: [0.83633022 1.         0.25888325 0.6873065  0.79139434 0.58394649
 0.         0.         0.        ] 
 f1: [0.88878509 1.         0.29268293 0.35210151 0.77887966 0.42689487
 0.         0.         0.        ] 
 f1_avg: 0.7726735729741759

--- 12319.997679948807 seconds ---

Train Epoch: 25 accuracy: 0.82 
 precision: [0.97461666 1.         0.79030501 0.37969095 0.8090727  0.52676807
 0.28972868 0.07923497 1.        ] 
 recall: [0.8495136  1.         0.66257869 0.90871735 0.82709044 0.83668873
 0.99280576 1.         1.        ] 
 f1: [0.90777521 1.         0.72082749 0.53559381 0.81798236 0.64650513
 0.44855607 0.14683544 1.        ] 
 f1_avg: 0.8313593131441606


Validation Epoch: 25 accuracy: 0.75 
 precision: [0.9578091  1.         0.34102833 0.24242424 0.72905697 0.34482759
 0.         1.         1.        ] 
 recall: [0.80915848 1.         0.2749577  0.79256966 0.8295207  0.68896321
 0.         0.         0.        ] 
 f1: [0.87723098 1.         0.30444965 0.37128354 0.77605096 0.45961624
 0.         0.         0.        ] 
 f1_avg: 0.768102529797027

--- 12827.16284275055 seconds ---

Train Epoch: 26 accuracy: 0.81 
 precision: [0.97233151 1.         0.7372071  0.36195836 0.79242128 0.55478522
 0.29560037 0.08430233 1.        ] 
 recall: [0.85481461 1.         0.65879513 0.94393895 0.82879693 0.8082304
 0.71389043 1.         1.        ] 
 f1: [0.90979388 1.         0.69579896 0.52326717 0.81020102 0.65794444
 0.41808459 0.15549598 1.        ] 
 f1_avg: 0.8276775387148264


Validation Epoch: 26 accuracy: 0.70 
 precision: [0.96069198 1.         0.39852399 0.2749658  0.64774624 0.26598341
 0.         0.         1.        ] 
 recall: [0.75001998 1.         0.18274112 0.62229102 0.8453159  0.72909699
 0.         0.         0.        ] 
 f1: [0.84238399 1.         0.25058005 0.38140417 0.73345936 0.38977293
 0.         0.         0.        ] 
 f1_avg: 0.7296615853091412

--- 13334.604802846909 seconds ---

Train Epoch: 27 accuracy: 0.81 
 precision: [0.97113618 1.         0.77018345 0.37205707 0.80868195 0.53520054
 0.21972133 0.08262108 1.        ] 
 recall: [0.84465435 1.         0.64907531 0.91840329 0.80985495 0.81505494
 0.90758163 1.         1.        ] 
 f1: [0.90349012 1.         0.70446218 0.52957603 0.80926802 0.64612638
 0.35379139 0.15263158 1.        ] 
 f1_avg: 0.8238253926728972


Validation Epoch: 27 accuracy: 0.76 
 precision: [0.96110136 1.         0.40047393 0.32995658 0.75463195 0.33633634
 0.02555911 1.         1.        ] 
 recall: [0.83129545 1.         0.28595601 0.70588235 0.8208061  0.67424749
 0.11594203 0.         0.        ] 
 f1: [0.89149811 1.         0.33366239 0.44970414 0.78632925 0.44879786
 0.04188482 0.         0.        ] 
 f1_avg: 0.7819135375823815

--- 13842.737428665161 seconds ---

Train Epoch: 28 accuracy: 0.83 
 precision: [0.97771156 1.         0.78881463 0.42437533 0.80463073 0.55766788
 0.31185659 0.07754011 1.        ] 
 recall: [0.86046337 1.         0.66981963 0.93718814 0.83617747 0.86883232
 0.97232983 1.         1.        ] 
 f1: [0.91534812 1.         0.72446334 0.58421004 0.82010084 0.67931274
 0.47224835 0.1439206  1.        ] 
 f1_avg: 0.8405390991637827


Validation Epoch: 28 accuracy: 0.75 
 precision: [0.95467906 1.         0.39909639 0.28195938 0.73064133 0.31662736
 0.         1.         1.        ] 
 recall: [0.80468313 1.         0.22419628 0.73065015 0.83769063 0.71839465
 0.         0.         0.        ] 
 f1: [0.87328708 1.         0.28710726 0.40689655 0.78051256 0.43953346
 0.         0.         0.        ] 
 f1_avg: 0.7635637215214062

--- 14349.974836111069 seconds ---

Train Epoch: 29 accuracy: 0.83 
 precision: [0.9773857  1.         0.80155343 0.42011913 0.82517367 0.57569749
 0.24833979 0.07571802 1.        ] 
 recall: [0.8575309  1.         0.67993085 0.93161139 0.85136519 0.8519757
 0.99335916 1.         1.        ] 
 f1: [0.9135439  1.         0.73574983 0.57909141 0.83806484 0.68710441
 0.39734366 0.1407767  1.        ] 
 f1_avg: 0.8435128637532954


Validation Epoch: 29 accuracy: 0.71 
 precision: [0.96410153 1.         0.35990621 0.25189189 0.77588954 0.27378249
 0.01333333 0.         1.        ] 
 recall: [0.7619276  1.         0.25972927 0.72136223 0.79575163 0.72575251
 0.02898551 0.         0.        ] 
 f1: [0.851174   1.         0.3017199  0.37339744 0.78569508 0.39758153
 0.01826484 0.         0.        ] 
 f1_avg: 0.7453247334372018

--- 14856.807500362396 seconds ---

Train Epoch: 30 accuracy: 0.83 
 precision: [0.97854449 1.         0.81751002 0.40343401 0.82053078 0.57687124
 0.28756394 0.08761329 1.        ] 
 recall: [0.86076413 1.         0.68557357 0.94481949 0.84944539 0.87627107
 0.99557277 1.         1.        ] 
 f1: [0.91588327 1.         0.74575129 0.56543123 0.83473777 0.69572756
 0.44623589 0.16111111 1.        ] 
 f1_avg: 0.847095643882792


Validation Epoch: 30 accuracy: 0.75 
 precision: [0.9627193  1.         0.40566873 0.31227437 0.76294714 0.3248855
 0.00867052 1.         1.        ] 
 recall: [0.8069208  1.         0.38747885 0.53560372 0.77832244 0.71170569
 0.04347826 0.         0.        ] 
 f1: [0.87796183 1.         0.39636521 0.3945268  0.7705581  0.44612159
 0.01445783 0.         0.        ] 
 f1_avg: 0.7735389884616868

--- 15365.858340740204 seconds ---

Train Epoch: 31 accuracy: 0.83 
 precision: [0.97989286 1.         0.81110687 0.42348337 0.84136905 0.56094059
 0.24982651 0.07945205 1.        ] 
 recall: [0.85791626 1.         0.69314068 0.95274435 0.84424061 0.85306763
 0.99612618 1.         1.        ] 
 f1: [0.91485672 1.         0.7474982  0.58634393 0.84280239 0.67682811
 0.39946738 0.14720812 1.        ] 
 f1_avg: 0.8462240648587845


Validation Epoch: 31 accuracy: 0.74 
 precision: [0.95942057 1.         0.34204458 0.34381139 0.70974359 0.32972648
 0.00649351 1.         1.        ] 
 recall: [0.79924878 1.         0.37648054 0.54179567 0.75381264 0.73377926
 0.01449275 0.         0.        ] 
 f1: [0.87204081 1.         0.35843737 0.42067308 0.73111463 0.45499793
 0.00896861 0.         0.        ] 
 f1_avg: 0.7639153242614628

--- 15873.225635766983 seconds ---

Train Epoch: 32 accuracy: 0.84 
 precision: [0.97895675 1.         0.80344206 0.45149097 0.80166324 0.59049302
 0.31736527 0.08077994 1.        ] 
 recall: [0.86750317 1.         0.68368179 0.94658057 0.8471843  0.88930594
 0.99723298 1.         1.        ] 
 f1: [0.91986625 1.         0.73873969 0.61137441 0.8237954  0.70973013
 0.48149633 0.14948454 1.        ] 
 f1_avg: 0.8491877675518127


Validation Epoch: 32 accuracy: 0.76 
 precision: [0.95821752 1.         0.29532614 0.26226415 0.67293233 0.41587575
 0.01652893 1.         1.        ] 
 recall: [0.85407177 1.         0.48646362 0.43034056 0.58496732 0.64481605
 0.02898551 0.         0.        ] 
 f1: [0.9031522  1.         0.36752956 0.32590856 0.62587413 0.5056386
 0.02105263 0.         0.        ] 
 f1_avg: 0.7782235575735686

--- 16379.67984700203 seconds ---

Train Epoch: 33 accuracy: 0.85 
 precision: [0.97730004 1.         0.81552115 0.42687747 0.84605269 0.59775196
 0.32290363 0.13942308 1.        ] 
 recall: [0.87890408 1.         0.70436087 0.95098327 0.85085324 0.86739917
 0.9994466  1.         1.        ] 
 f1: [0.92549412 1.         0.75587602 0.58925161 0.84844617 0.70776256
 0.48810811 0.24472574 1.        ] 
 f1_avg: 0.858126620978933


Validation Epoch: 33 accuracy: 0.65 
 precision: [0.96905968 1.         0.23998365 0.27731092 0.75842697 0.2492662
 0.         1.         1.        ] 
 recall: [0.70334852 1.         0.49661591 0.40866873 0.44117647 0.73846154
 0.         0.         0.        ] 
 f1: [0.81509609 1.         0.32359427 0.33041302 0.55785124 0.37272113
 0.         0.         0.        ] 
 f1_avg: 0.6945905540271671

--- 16887.32813692093 seconds ---

Train Epoch: 34 accuracy: 0.84 
 precision: [0.97800739 1.         0.78199224 0.44079945 0.84717608 0.5927178
 0.31273797 0.07733333 1.        ] 
 recall: [0.87271958 1.         0.70338237 0.93865571 0.81591297 0.88541596
 1.         1.         1.        ] 
 f1: [0.92236858 1.         0.74060718 0.59988745 0.83125068 0.71008702
 0.47646671 0.14356436 1.        ] 
 f1_avg: 0.8517104986038593


Validation Epoch: 34 accuracy: 0.67 
 precision: [0.9753031  1.         0.42709411 0.23814433 0.61974046 0.23741351
 0.         0.         1.        ] 
 recall: [0.69431791 1.         0.34940778 0.71517028 0.8583878  0.66555184
 0.         0.         0.        ] 
 f1: [0.81116661 1.         0.38436482 0.35730858 0.71979904 0.34998241
 0.         0.         0.        ] 
 f1_avg: 0.7112727119157736

--- 17396.22206711769 seconds ---

Train Epoch: 35 accuracy: 0.84 
 precision: [0.98235931 1.         0.79286327 0.44826165 0.846062   0.58288746
 0.33506977 0.07859079 1.        ] 
 recall: [0.86151605 1.         0.72399622 0.95744056 0.84645904 0.899611
 0.99667958 1.         1.        ] 
 f1: [0.91797779 1.         0.75686642 0.61063272 0.84626048 0.70741655
 0.50153161 0.14572864 1.        ] 
 f1_avg: 0.8540720327426594


Validation Epoch: 35 accuracy: 0.71 
 precision: [0.95867684 1.         0.45026178 0.24968632 0.61418223 0.27476383
 0.         0.         1.        ] 
 recall: [0.75273715 1.         0.21827411 0.61609907 0.87745098 0.68093645
 0.         0.         0.        ] 
 f1: [0.84331632 1.         0.29401709 0.35535714 0.72258354 0.39153846
 0.         0.         0.        ] 
 f1_avg: 0.7317712468965554

--- 17906.1707406044 seconds ---

Train Epoch: 36 accuracy: 0.85 
 precision: [0.98059507 1.         0.81049638 0.4383227  0.854238   0.58587769
 0.360623   0.07795699 1.        ] 
 recall: [0.87012548 1.         0.71577677 0.94804814 0.87282423 0.88787279
 0.9994466  1.         1.        ] 
 f1: [0.92206331 1.         0.76019745 0.59948033 0.8634311  0.70593342
 0.53000734 0.1446384  1.        ] 
 f1_avg: 0.8592329612132317


Validation Epoch: 36 accuracy: 0.73 
 precision: [0.95893885 1.         0.46835443 0.26470588 0.56718529 0.32370719
 0.         0.         1.        ] 
 recall: [0.78574283 1.         0.28172589 0.6130031  0.87363834 0.64481605
 0.         0.         0.        ] 
 f1: [0.86374418 1.         0.3518225  0.3697479  0.68782161 0.43103063
 0.         0.         0.        ] 
 f1_avg: 0.7501016113145917

--- 18414.448580265045 seconds ---

Train Epoch: 37 accuracy: 0.87 
 precision: [0.98250143 1.         0.84021045 0.47843252 0.86242931 0.61985948
 0.37593672 0.090625   1.        ] 
 recall: [0.88710936 1.         0.72924753 0.9603757  0.89782423 0.90315976
 0.9994466  1.         1.        ] 
 f1: [0.93237183 1.         0.78080637 0.63868827 0.87977091 0.73516096
 0.54636212 0.16618911 1.        ] 
 f1_avg: 0.8742208186339689


Validation Epoch: 37 accuracy: 0.72 
 precision: [0.9614383  1.         0.43286788 0.26287979 0.56562054 0.31085421
 0.         1.         1.        ] 
 recall: [0.76712219 1.         0.34094755 0.61609907 0.86383442 0.64749164
 0.         0.         0.        ] 
 f1: [0.85335823 1.         0.38144818 0.36851852 0.68362069 0.42004773
 0.         0.         0.        ] 
 f1_avg: 0.7433384461137444

--- 18921.50252223015 seconds ---

Train Epoch: 38 accuracy: 0.87 
 precision: [0.98343029 1.         0.84414384 0.4562141  0.88177132 0.62385018
 0.38334042 0.07945205 1.        ] 
 recall: [0.88975046 1.         0.74496885 0.95567948 0.89027304 0.90254555
 0.99833979 1.         1.        ] 
 f1: [0.93424786 1.         0.79146164 0.61760243 0.88600178 0.73775522
 0.55396899 0.14720812 1.        ] 
 f1_avg: 0.8778335544236535


Validation Epoch: 38 accuracy: 0.71 
 precision: [0.96520945 1.         0.3750985  0.22263682 0.55032039 0.31220657
 0.         1.         1.        ] 
 recall: [0.76048909 1.         0.40270728 0.55417957 0.79520697 0.62274247
 0.         0.         0.        ] 
 f1: [0.85070624 1.         0.38841289 0.3176575  0.65047895 0.41590351
 0.         0.         0.        ] 
 f1_avg: 0.7372006613960455

--- 19429.311098098755 seconds ---

Train Epoch: 39 accuracy: 0.87 
 precision: [0.98374439 1.         0.85801134 0.46540702 0.86232801 0.62675988
 0.38855422 0.09006211 1.        ] 
 recall: [0.89073735 1.         0.75035063 0.96154975 0.90106655 0.88712209
 0.9994466  1.         1.        ] 
 f1: [0.93493348 1.         0.80057768 0.62722573 0.88127178 0.73455203
 0.55956623 0.16524217 1.        ] 
 f1_avg: 0.8791532052775766


Validation Epoch: 39 accuracy: 0.70 
 precision: [0.96526546 1.         0.36874451 0.27694859 0.48730964 0.29474363
 0.         0.         1.        ] 
 recall: [0.73955087 1.         0.35532995 0.51702786 0.83660131 0.61137124
 0.         0.         0.        ] 
 f1: [0.83746606 1.         0.36191297 0.36069114 0.61587811 0.39773716
 0.         0.         0.        ] 
 f1_avg: 0.7217020369571252

--- 19945.35915660858 seconds ---

Train Epoch: 40 accuracy: 0.87 
 precision: [0.983604   1.         0.84600719 0.4701535  0.88009366 0.6299036
 0.40498652 0.08761329 1.        ] 
 recall: [0.88749471 1.         0.75260119 0.97094218 0.91403584 0.90077117
 0.99778639 1.         1.        ] 
 f1: [0.93308102 1.         0.79657535 0.63353442 0.89674368 0.74137108
 0.57613037 0.16111111 1.        ] 
 f1_avg: 0.8802291301848243


Validation Epoch: 40 accuracy: 0.69 
 precision: [0.97265416 1.         0.33931624 0.27142857 0.48218228 0.30987231
 0.         0.         1.        ] 
 recall: [0.72484616 1.         0.3358714  0.58823529 0.83278867 0.66555184
 0.         0.         0.        ] 
 f1: [0.83066215 1.         0.33758503 0.3714565  0.61074496 0.42286443
 0.         0.         0.        ] 
 f1_avg: 0.7170445222899782

--- 20463.286950349808 seconds ---

Train Epoch: 41 accuracy: 0.87 
 precision: [0.98455679 1.         0.8358366  0.49203988 0.86335581 0.63878019
 0.45206508 0.08579882 1.        ] 
 recall: [0.89163025 1.         0.7514596  0.97064866 0.90110922 0.91346482
 0.9994466  1.         1.        ] 
 f1: [0.93579221 1.         0.79140546 0.65304107 0.88182862 0.75181846
 0.62254395 0.15803815 1.        ] 
 f1_avg: 0.880692956309749


Validation Epoch: 41 accuracy: 0.70 
 precision: [0.97258389 1.         0.37263726 0.26450742 0.55403987 0.30205279
 0.03092784 1.         1.        ] 
 recall: [0.73427635 1.         0.35025381 0.60681115 0.8627451  0.68896321
 0.04347826 0.         0.        ] 
 f1: [0.83679417 1.         0.361099   0.36842105 0.67476038 0.41997961
 0.03614458 0.         0.        ] 
 f1_avg: 0.7294564415268

--- 20981.02646422386 seconds ---

Train Epoch: 42 accuracy: 0.87 
 precision: [0.98492447 1.         0.82727048 0.49011508 0.87868157 0.64688599
 0.45281124 0.08333333 1.        ] 
 recall: [0.88608487 1.         0.7632669  0.97505136 0.91894198 0.91653586
 0.99833979 1.         1.        ] 
 f1: [0.93289398 1.         0.79398093 0.65233186 0.89836093 0.75845711
 0.62303575 0.15384615 1.        ] 
 f1_avg: 0.8820996165273667


Validation Epoch: 42 accuracy: 0.71 
 precision: [0.97070655 1.         0.43644068 0.25234899 0.5464733  0.30513595
 0.         0.         1.        ] 
 recall: [0.75209782 1.         0.26142132 0.58204334 0.90305011 0.67558528
 0.         0.         0.        ] 
 f1: [0.84753242 1.         0.32698413 0.35205993 0.68090349 0.42039542
 0.         0.         0.        ] 
 f1_avg: 0.7350135147929777

--- 21498.56969690323 seconds ---

Train Epoch: 43 accuracy: 0.88 
 precision: [0.98555045 1.         0.84921298 0.50683475 0.88215066 0.6537711
 0.43784832 0.08479532 1.        ] 
 recall: [0.89492927 1.         0.76196223 0.97945407 0.93024744 0.91455675
 1.         1.         1.        ] 
 f1: [0.93805632 1.         0.80322514 0.6680012  0.90556086 0.76248186
 0.60903269 0.15633423 1.        ] 
 f1_avg: 0.8881341056849363


Validation Epoch: 43 accuracy: 0.67 
 precision: [0.97331813 1.         0.41111111 0.23706378 0.55311973 0.25922377
 0.         0.         1.        ] 
 recall: [0.68217054 1.         0.25042301 0.60990712 0.89324619 0.72374582
 0.         0.         0.        ] 
 f1: [0.80214256 1.         0.31125131 0.34142114 0.683191   0.38172517
 0.         0.         0.        ] 
 f1_avg: 0.6985794331450327

--- 22017.006570100784 seconds ---

Train Epoch: 44 accuracy: 0.88 
 precision: [0.98635379 1.         0.84956857 0.49532849 0.86244241 0.6614657
 0.4817382  0.09006211 1.        ] 
 recall: [0.89403637 1.         0.75468867 0.98033461 0.93430034 0.92581724
 1.         1.         1.        ] 
 f1: [0.93792893 1.         0.7993229  0.65812808 0.89693445 0.77162846
 0.6502339  0.16524217 1.        ] 
 f1_avg: 0.887245475584592


Validation Epoch: 44 accuracy: 0.69 
 precision: [0.9690056  1.         0.39437897 0.27221439 0.6210815  0.26712503
 0.         1.         1.        ] 
 recall: [0.71957165 1.         0.3680203  0.59752322 0.86328976 0.70167224
 0.         0.         0.        ] 
 f1: [0.82586563 1.         0.38074398 0.37403101 0.72242479 0.38694209
 0.         0.         0.        ] 
 f1_avg: 0.7251490710450814

--- 22534.915135860443 seconds ---

Train Epoch: 45 accuracy: 0.89 
 precision: [0.98655264 1.         0.86184984 0.51475108 0.89164312 0.65441679
 0.42674858 0.08430233 1.        ] 
 recall: [0.89778655 1.         0.76528915 0.98326974 0.94223549 0.91510271
 0.9994466  1.         1.        ] 
 f1: [0.94007883 1.         0.81070435 0.67574382 0.91624144 0.76311072
 0.59811227 0.15549598 1.        ] 
 f1_avg: 0.8920737863460755


Validation Epoch: 45 accuracy: 0.73 
 precision: [0.96175456 1.         0.39463602 0.28108808 0.65135251 0.32544181
 0.01724138 0.         1.        ] 
 recall: [0.77974906 1.         0.4357022  0.67182663 0.82625272 0.65284281
 0.01449275 0.         0.        ] 
 f1: [0.86124106 1.         0.4141536  0.39634703 0.72845138 0.43435692
 0.01574803 0.         0.        ] 
 f1_avg: 0.7575514298377067

--- 23051.964478969574 seconds ---

Train Epoch: 46 accuracy: 0.88 
 precision: [0.98111069 1.         0.85429018 0.51062529 0.88505608 0.6496237
 0.51098431 0.08430233 1.        ] 
 recall: [0.89483528 1.         0.76607195 0.98033461 0.93916382 0.91305535
 0.99114555 1.         1.        ] 
 f1: [0.93598907 1.         0.80777961 0.67149176 0.91130752 0.75913527
 0.67432229 0.15549598 1.        ] 
 f1_avg: 0.8888835935402551


Validation Epoch: 46 accuracy: 0.70 
 precision: [0.9778794  1.         0.39041794 0.27620397 0.60449182 0.28413866
 0.         0.         1.        ] 
 recall: [0.73483577 1.         0.32402707 0.60371517 0.86492375 0.72374582
 0.         0.         0.        ] 
 f1: [0.83911298 1.         0.35413777 0.37900875 0.71162895 0.4080709
 0.         0.         0.        ] 
 f1_avg: 0.7335096575753964

--- 23569.049022197723 seconds ---

Train Epoch: 47 accuracy: 0.88 
 precision: [0.9854831  1.         0.84569075 0.53671048 0.89657134 0.65109757
 0.43638584 0.0881459  1.        ] 
 recall: [0.88944029 1.         0.78348935 0.98268271 0.9415529  0.9189927
 0.98893193 1.         1.        ] 
 f1: [0.9350018  1.         0.81340264 0.69424572 0.91851174 0.76219046
 0.60555744 0.16201117 1.        ] 
 f1_avg: 0.8901832477718109


Validation Epoch: 47 accuracy: 0.67 
 precision: [0.9733048  1.         0.39904988 0.25477707 0.58600583 0.25639822
 0.         0.         1.        ] 
 recall: [0.69056182 1.         0.28426396 0.61919505 0.87581699 0.73043478
 0.         0.         0.        ] 
 f1: [0.80790987 1.         0.33201581 0.36101083 0.70218341 0.37956204
 0.         0.         0.        ] 
 f1_avg: 0.7062031905625497

--- 24085.910431861877 seconds ---

Train Epoch: 48 accuracy: 0.89 
 precision: [0.98815375 1.         0.8524649  0.53211447 0.87086315 0.66343966
 0.47880233 0.09931507 1.        ] 
 recall: [0.8937732  1.         0.77438925 0.9823892  0.93963311 0.9353716
 1.         1.         1.        ] 
 f1: [0.93859684 1.         0.81155358 0.69031659 0.90394205 0.77628002
 0.6475542  0.18068536 1.        ] 
 f1_avg: 0.8915901294267061


Validation Epoch: 48 accuracy: 0.72 
 precision: [0.96404472 1.         0.39970717 0.27643312 0.62029208 0.29264214
 0.02564103 1.         1.        ] 
 recall: [0.76496444 1.         0.23096447 0.67182663 0.87908497 0.70234114
 0.02898551 0.         0.        ] 
 f1: [0.8530434  1.         0.29276139 0.39169675 0.72735466 0.41314185
 0.02721088 0.         0.        ] 
 f1_avg: 0.7416723388390198

--- 24603.611105680466 seconds ---

Train Epoch: 49 accuracy: 0.89 
 precision: [0.98772501 1.         0.84876444 0.53434022 0.8891466  0.67569301
 0.5225956  0.0976431  1.        ] 
 recall: [0.90150853 1.         0.77412831 0.98649839 0.94854949 0.93489388
 0.99833979 1.         1.        ] 
 f1: [0.94264949 1.         0.80973014 0.69320408 0.91788796 0.78443611
 0.68606199 0.17791411 1.        ] 
 f1_avg: 0.8965849826937041


Validation Epoch: 49 accuracy: 0.75 
 precision: [0.95684    1.         0.42384106 0.28947368 0.63283699 0.31974922
 0.         0.         1.        ] 
 recall: [0.80436346 1.         0.21658206 0.64705882 0.87962963 0.68227425
 0.         0.         0.        ] 
 f1: [0.87400139 1.         0.28667413 0.4        0.73609845 0.43543223
 0.         0.         0.        ] 
 f1_avg: 0.7589513811949566

--- 25123.26042675972 seconds ---

Train Epoch: 50 accuracy: 0.89 
 precision: [0.98468966 1.         0.86701617 0.5397846  0.87534659 0.67964399
 0.52349188 0.09539474 1.        ] 
 recall: [0.90674374 1.         0.7659741  0.98561785 0.9427901  0.93284652
 0.99889319 1.         1.        ] 
 f1: [0.94411062 1.         0.81336912 0.69754882 0.90781744 0.7863656
 0.6869648  0.17417417 1.        ] 
 f1_avg: 0.8970039080815103


Validation Epoch: 50 accuracy: 0.71 
 precision: [0.96757267 1.         0.38530288 0.28225806 0.66609881 0.27281896
 0.02816901 1.         1.        ] 
 recall: [0.73683369 1.         0.32825719 0.6501548  0.85185185 0.72374582
 0.02898551 0.         0.        ] 
 f1: [0.8365847  1.         0.35449977 0.39362699 0.74760994 0.39626442
 0.02857143 0.         0.        ] 
 f1_avg: 0.7348623388270752

--- 25643.214638471603 seconds ---

Train Epoch: 51 accuracy: 0.90 
 precision: [0.98783793 1.         0.86776224 0.5360941  0.89461044 0.69375482
 0.44008768 0.125      1.        ] 
 recall: [0.91456365 1.         0.77331289 0.97651893 0.93758532 0.92110831
 1.         1.         1.        ] 
 f1: [0.94978965 1.         0.81781963 0.69218766 0.91559388 0.79142723
 0.61119567 0.22222222 1.        ] 
 f1_avg: 0.9016789415535922


Validation Epoch: 51 accuracy: 0.73 
 precision: [0.96040195 1.         0.49303136 0.24146341 0.64724919 0.30507066
 0.         0.         1.        ] 
 recall: [0.7714377  1.         0.2394247  0.6130031  0.87145969 0.73645485
 0.         0.         0.        ] 
 f1: [0.85561071 1.         0.32232346 0.34645669 0.74280409 0.43142633
 0.         0.         0.        ] 
 f1_avg: 0.7476886098332585

--- 26161.799986362457 seconds ---

Train Epoch: 52 accuracy: 0.90 
 precision: [0.98813297 1.         0.87998219 0.53525641 0.88908923 0.69579288
 0.51776504 0.13181818 1.        ] 
 recall: [0.91723295 1.         0.77341074 0.98033461 0.94662969 0.93905685
 1.         1.         1.        ] 
 f1: [0.95136384 1.         0.82326187 0.69244325 0.91695766 0.79932615
 0.68227298 0.23293173 1.        ] 
 f1_avg: 0.9050697464640493


Validation Epoch: 52 accuracy: 0.75 
 precision: [0.956319   1.         0.46378505 0.25689223 0.71648045 0.31478102
 0.         1.         1.        ] 
 recall: [0.80308479 1.         0.3358714  0.63467492 0.83823529 0.69230769
 0.         0.         0.        ] 
 f1: [0.87302897 1.         0.38959764 0.36574487 0.77259036 0.43278277
 0.         0.         0.        ] 
 f1_avg: 0.7680915767633804

--- 26680.55876803398 seconds ---

Train Epoch: 53 accuracy: 0.91 
 precision: [0.98873736 1.         0.8910308  0.54942904 0.92023616 0.70527958
 0.48929829 0.31868132 1.        ] 
 recall: [0.92331407 1.         0.79451385 0.98855298 0.96420648 0.92533952
 0.9994466  1.         1.        ] 
 f1: [0.95490644 1.         0.84000897 0.70630177 0.94170833 0.80046048
 0.65696617 0.48333333 1.        ] 
 f1_avg: 0.9133622757039622


Validation Epoch: 53 accuracy: 0.75 
 precision: [0.95489642 1.         0.46137339 0.29685157 0.73889166 0.32029851
 0.02150538 1.         1.        ] 
 recall: [0.81043715 1.         0.36379019 0.6130031  0.80610022 0.71772575
 0.02898551 0.         0.        ] 
 f1: [0.87675615 1.         0.40681173 0.4        0.77103412 0.44293086
 0.02469136 0.         0.        ] 
 f1_avg: 0.7733034331500646

--- 27199.457763910294 seconds ---

Train Epoch: 54 accuracy: 0.91 
 precision: [0.98882356 1.         0.89378314 0.55906684 0.92675303 0.70848138
 0.52059925 0.26851852 1.        ] 
 recall: [0.92469571 1.         0.80279853 0.99178163 0.96134812 0.93892036
 1.         1.         1.        ] 
 f1: [0.95568507 1.         0.84585116 0.71505661 0.94373364 0.80758394
 0.68472906 0.42335766 1.        ] 
 f1_avg: 0.9160900765047093


Validation Epoch: 54 accuracy: 0.77 
 precision: [0.95018083 1.         0.41496599 0.29196051 0.74345818 0.3520195
 0.         1.         1.        ] 
 recall: [0.83984656 1.         0.36125212 0.64086687 0.78921569 0.67625418
 0.         0.         0.        ] 
 f1: [0.89161329 1.         0.38625057 0.40116279 0.7656539  0.46301809
 0.         0.         0.        ] 
 f1_avg: 0.783517316836053

--- 27717.756443977356 seconds ---

Train Epoch: 55 accuracy: 0.92 
 precision: [0.9894164  1.         0.90327988 0.57225042 0.93534855 0.71773189
 0.54150435 0.19863014 1.        ] 
 recall: [0.92963015 1.         0.80844124 0.99266217 0.97026451 0.94417525
 1.         1.         1.        ] 
 f1: [0.95859198 1.         0.85323327 0.72598476 0.95248665 0.81552654
 0.7025661  0.33142857 1.        ] 
 f1_avg: 0.9212120894252457


Validation Epoch: 55 accuracy: 0.77 
 precision: [0.94755844 1.         0.38501292 0.296875   0.73625793 0.35017422
 0.         1.         1.        ] 
 recall: [0.83896747 1.         0.37817259 0.58823529 0.7587146  0.6722408
 0.         0.         0.        ] 
 f1: [0.8899627  1.         0.3815621  0.39460021 0.7473176  0.4604811
 0.         0.         0.        ] 
 f1_avg: 0.7797939357913317

--- 28235.455324411392 seconds ---

Train Epoch: 56 accuracy: 0.92 
 precision: [0.98951223 1.         0.90499783 0.57967786 0.94294468 0.72267724
 0.5577517  0.22137405 1.        ] 
 recall: [0.93200808 1.         0.81623667 0.99295568 0.97158703 0.94540367
 0.9994466  1.         1.        ] 
 f1: [0.95989971 1.         0.85832862 0.73201342 0.95705161 0.81917095
 0.71595639 0.3625     1.        ] 
 f1_avg: 0.9239915963273504


Validation Epoch: 56 accuracy: 0.77 
 precision: [0.94660367 1.         0.36900958 0.31490787 0.74086197 0.36828645
 0.         1.         1.        ] 
 recall: [0.84863742 1.         0.39086294 0.58204334 0.73965142 0.67424749
 0.         0.         0.        ] 
 f1: [0.89494754 1.         0.37962202 0.40869565 0.7402562  0.47637051
 0.         0.         0.        ] 
 f1_avg: 0.7840636712392521

--- 28753.81263256073 seconds ---

Train Epoch: 57 accuracy: 0.92 
 precision: [0.9907105  1.         0.90470719 0.58555594 0.94811792 0.73345608
 0.57021142 0.21641791 1.        ] 
 recall: [0.93522252 1.         0.82184677 0.99236865 0.97141638 0.95154576
 1.         1.         1.        ] 
 f1: [0.96216718 1.         0.86128867 0.73652108 0.95962576 0.82838725
 0.72628617 0.35582822 1.        ] 
 f1_avg: 0.9271027107998088


Validation Epoch: 57 accuracy: 0.77 
 precision: [0.94425025 1.         0.35972222 0.31239389 0.75452489 0.3622106
 0.         1.         1.        ] 
 recall: [0.8419244  1.         0.43824027 0.56965944 0.72657952 0.64882943
 0.         0.         0.        ] 
 f1: [0.89015632 1.         0.39511823 0.40350877 0.74028857 0.46489336
 0.         0.         0.        ] 
 f1_avg: 0.7806438976234275

--- 29272.606810092926 seconds ---

Train Epoch: 58 accuracy: 0.92 
 precision: [0.99045714 1.         0.90838733 0.58868448 0.94926813 0.73965976
 0.53351048 0.26605505 1.        ] 
 recall: [0.93552329 1.         0.82308621 0.9955973  0.97389078 0.9494984
 1.         1.         1.        ] 
 f1: [0.96220679 1.         0.86363559 0.73988439 0.96142183 0.83154529
 0.69580285 0.42028986 1.        ] 
 f1_avg: 0.9277833899515148


Validation Epoch: 58 accuracy: 0.77 
 precision: [0.94589737 1.         0.37144886 0.36237624 0.75766017 0.36135957
 0.         1.         1.        ] 
 recall: [0.84112523 1.         0.44247039 0.56656347 0.74074074 0.67558528
 0.         0.         0.        ] 
 f1: [0.89043993 1.         0.403861   0.44202899 0.74910493 0.47086247
 0.         0.         0.        ] 
 f1_avg: 0.783555617717447

Early stopping!

Test Epoch: accuracy: 0.73 
 precision: [0.94021215 1.         0.67991361 0.256      0.52456239 0.42262211
 0.17283951 1.         1.        ] 
 recall: [0.79990884 1.         0.51054168 0.5748503  0.56715507 0.90131579
 0.1686747  1.         1.        ] 
 f1: [0.86440428 1.         0.58317896 0.35424354 0.54502787 0.57542877
 0.17073171 1.         1.        ] 
 f1_avg: 0.7484448492696842

--- 29801.509482622147 seconds ---

Test Epoch: accuracy: 0.77 
 precision: [0.94087764 1.         0.27481618 0.29048843 0.82017804 0.39272176
 0.         1.         1.        ] 
 recall: [0.85846719 1.         0.25296108 0.6996904  0.75272331 0.69297659
 0.         0.         0.        ] 
 f1: [0.89778521 1.         0.26343612 0.41053588 0.78500426 0.50133075
 0.         0.         0.        ] 
 f1_avg: 0.7850964152761924

--- 29812.71076464653 seconds ---
