{'name': 'longcall_wav2vec2_lstm_binary_ar_bi_3407', 'data_path': '/data/zifjia/data_longcall/wav2vec2_split_3407', 'test_only': False, 'balance_weights': True, 'binary': True, 'model_type': 'lstm', 'model_autoregressive': True, 'n_embedding': 768, 'd_hid': 1024, 'nlayers': 2, 'batch_size': 1, 'n_epoch': 200, 'lr': 0.0001, 'dropout': 0.4, 'patience': 10, 'step_factor': 0.7, 'seed': 3407}
cuda
Reading data ...
train, dev, test number of files: 50, 6, 7.
dev files:  ['134dat LC Fugit', '132dat LC Fugit', '23datA LC Fugit', '32T5lcZeke', '2T6lcZeke', '130dat LC Kay']
test files:  ['93dat LC Sultan', '12T6lcZeke', '6T10lcFugit', '131dat LC Kay', '137dat LC Fugit', '1T7lcNico', '33datA LC Fugit']
data_all: (215820, 769)
train_data_all: (167528, 769)
Labels in train_data_all:  {0: 99971, 1: 67557}
--- 4.9851155281066895 seconds ---
LSTM(
  (lstm_forward): LSTM(770, 1024, num_layers=2, dropout=0.4)
  (hidden2tag_forward): Linear(in_features=1024, out_features=2, bias=True)
  (lstm_backward): LSTM(770, 1024, num_layers=2, dropout=0.4)
  (hidden2tag_backward): Linear(in_features=1024, out_features=2, bias=True)
)
Number of parameters: 31510532

Train Epoch: 1 accuracy: 0.77 
 precision: [0.77700015 0.74682995] 
 recall: [0.85400766 0.63729887] 
 f1: [0.81368597 0.68773062] 
 f1_avg: 0.7628934698366042


Validation Epoch: 1 accuracy: 0.84 
 precision: [0.86372542 0.80562627] 
 recall: [0.88629933 0.77117095] 
 f1: [0.87486678 0.78802216] 
 f1_avg: 0.8419262730208033

New best val score, save model ...
--- 485.46076917648315 seconds ---

Train Epoch: 2 accuracy: 0.84 
 precision: [0.85194433 0.81397776] 
 recall: [0.88053536 0.77355418] 
 f1: [0.86600393 0.79325131] 
 f1_avg: 0.8366658558334685


Validation Epoch: 2 accuracy: 0.87 
 precision: [0.88196507 0.83945891] 
 recall: [0.90632911 0.80151091] 
 f1: [0.89398112 0.82004613] 
 f1_avg: 0.8659372860282644

New best val score, save model ...
--- 963.2738280296326 seconds ---

Train Epoch: 3 accuracy: 0.87 
 precision: [0.87899206 0.84380685] 
 recall: [0.89779036 0.81710259] 
 f1: [0.88829177 0.83024004] 
 f1_avg: 0.8648819463542723


Validation Epoch: 3 accuracy: 0.85 
 precision: [0.92811927 0.76253764] 
 recall: [0.82970961 0.89484586] 
 f1: [0.87615977 0.8234107 ] 
 f1_avg: 0.8561518391193523

--- 1440.2205984592438 seconds ---

Train Epoch: 4 accuracy: 0.89 
 precision: [0.9000446  0.86263002] 
 recall: [0.90845345 0.85070385] 
 f1: [0.90422947 0.85662543] 
 f1_avg: 0.885032764137008


Validation Epoch: 4 accuracy: 0.81 
 precision: [0.95194245 0.68729932] 
 recall: [0.73894267 0.93895455] 
 f1: [0.83202683 0.7936557 ] 
 f1_avg: 0.8174725065360667

--- 1917.2447967529297 seconds ---

Train Epoch: 5 accuracy: 0.87 
 precision: [0.89717452 0.84024145] 
 recall: [0.89092837 0.84889797] 
 f1: [0.89404053 0.84454753] 
 f1_avg: 0.874082085174441


Validation Epoch: 5 accuracy: 0.86 
 precision: [0.94226874 0.76851568] 
 recall: [0.83127327 0.91665651] 
 f1: [0.88329773 0.83607468] 
 f1_avg: 0.8653858404296499

--- 2394.3914914131165 seconds ---

Train Epoch: 6 accuracy: 0.89 
 precision: [0.90809232 0.86385769] 
 recall: [0.90798332 0.86401113] 
 f1: [0.90803781 0.8639344 ] 
 f1_avg: 0.8902527614516237


Validation Epoch: 6 accuracy: 0.88 
 precision: [0.94098307 0.7907296 ] 
 recall: [0.85241996 0.91251371] 
 f1: [0.89451477 0.84726779] 
 f1_avg: 0.8765938018095734

New best val score, save model ...
--- 2871.8330478668213 seconds ---

Train Epoch: 7 accuracy: 0.90 
 precision: [0.92058257 0.88002479] 
 recall: [0.91867642 0.88272126] 
 f1: [0.91962851 0.88137096] 
 f1_avg: 0.9042008479534664


Validation Epoch: 7 accuracy: 0.86 
 precision: [0.95180934 0.7489241 ] 
 recall: [0.80886076 0.93298404] 
 f1: [0.87453206 0.83088275] 
 f1_avg: 0.8579757049771339

--- 3349.15052318573 seconds ---

Train Epoch: 8 accuracy: 0.91 
 precision: [0.92632812 0.89031533] 
 recall: [0.92581849 0.89104016] 
 f1: [0.92607323 0.8906776 ] 
 f1_avg: 0.9117996596387914


Validation Epoch: 8 accuracy: 0.83 
 precision: [0.96621295 0.69666608] 
 recall: [0.74527178 0.95735348] 
 f1: [0.84148136 0.80646651] 
 f1_avg: 0.8282000875034188

--- 3827.328796863556 seconds ---

Train Epoch: 9 accuracy: 0.91 
 precision: [0.92728709 0.87746145] 
 recall: [0.91565554 0.89374898] 
 f1: [0.92143461 0.88553033] 
 f1_avg: 0.9069559236928032


Validation Epoch: 9 accuracy: 0.81 
 precision: [0.97803897 0.6696264 ] 
 recall: [0.70632911 0.97404655] 
 f1: [0.82026893 0.79364607] 
 f1_avg: 0.8101707697989915

--- 4304.761396884918 seconds ---

Train Epoch: 10 accuracy: 0.91 
 precision: [0.92586231 0.88533176] 
 recall: [0.92203739 0.89074411] 
 f1: [0.92394589 0.88802969] 
 f1_avg: 0.9094623984976976


Validation Epoch: 10 accuracy: 0.84 
 precision: [0.97420691 0.72026512] 
 recall: [0.77058824 0.96661387] 
 f1: [0.86051636 0.82545133] 
 f1_avg: 0.847216054453438

--- 4781.123309373856 seconds ---

Train Epoch: 11 accuracy: 0.91 
 precision: [0.93128248 0.8832643 ] 
 recall: [0.9196567  0.89958109] 
 f1: [0.92543308 0.89134803] 
 f1_avg: 0.9116880107818248


Validation Epoch: 11 accuracy: 0.87 
 precision: [0.96674252 0.7665263 ] 
 recall: [0.82248697 0.95369806] 
 f1: [0.88879949 0.84992942] 
 f1_avg: 0.8740559138649219

--- 5246.479696035385 seconds ---

Train Epoch: 12 accuracy: 0.92 
 precision: [0.93792822 0.88510828] 
 recall: [0.92018685 0.90988351] 
 f1: [0.92897284 0.89732492] 
 f1_avg: 0.916210562492584


Validation Epoch: 12 accuracy: 0.91 
 precision: [0.93150581 0.86956522] 
 recall: [0.91846612 0.88948459] 
 f1: [0.92494001 0.87941212] 
 f1_avg: 0.9076711014438104

New best val score, save model ...
--- 5713.715054035187 seconds ---

Train Epoch: 13 accuracy: 0.91 
 precision: [0.93523403 0.8849052 ] 
 recall: [0.92039692 0.90567965] 
 f1: [0.92775616 0.89517191] 
 f1_avg: 0.9146162988116776


Validation Epoch: 13 accuracy: 0.90 
 precision: [0.92080687 0.86609307] 
 recall: [0.91772152 0.87084196] 
 f1: [0.91926161 0.86846102] 
 f1_avg: 0.8999927445170901

--- 6178.383603334427 seconds ---

Train Epoch: 14 accuracy: 0.91 
 precision: [0.93540149 0.88394662] 
 recall: [0.91961669 0.9060201 ] 
 f1: [0.92744193 0.89484726] 
 f1_avg: 0.914297870236338


Validation Epoch: 14 accuracy: 0.91 
 precision: [0.89912496 0.9202938 ] 
 recall: [0.95636634 0.82441818] 
 f1: [0.92686271 0.8697217 ] 
 f1_avg: 0.9051888995821085

--- 6641.9072897434235 seconds ---

Train Epoch: 15 accuracy: 0.92 
 precision: [0.93386697 0.89871011] 
 recall: [0.93127007 0.90240834] 
 f1: [0.93256671 0.90055542] 
 f1_avg: 0.9196579053591514


Validation Epoch: 15 accuracy: 0.91 
 precision: [0.90036721 0.93961688] 
 recall: [0.96760983 0.82478372] 
 f1: [0.93277824 0.87846344] 
 f1_avg: 0.9121764166574461

New best val score, save model ...
--- 7106.260821342468 seconds ---

Train Epoch: 16 accuracy: 0.93 
 precision: [0.94361512 0.9069924 ] 
 recall: [0.93644157 0.91719585] 
 f1: [0.94001466 0.91206559] 
 f1_avg: 0.9287439750162149


Validation Epoch: 16 accuracy: 0.93 
 precision: [0.91467433 0.94792514] 
 recall: [0.9714073  0.85171195] 
 f1: [0.94218756 0.89724665] 
 f1_avg: 0.9251412908925

New best val score, save model ...
--- 7572.414848089218 seconds ---

Train Epoch: 17 accuracy: 0.94 
 precision: [0.95246967 0.91410499] 
 recall: [0.94091286 0.93051793] 
 f1: [0.946656   0.92223844] 
 f1_avg: 0.9368094243864343


Validation Epoch: 17 accuracy: 0.92 
 precision: [0.92578153 0.92203956] 
 recall: [0.95480268 0.87474107] 
 f1: [0.94006818 0.89776777] 
 f1_avg: 0.9240234674194318

--- 8036.357239961624 seconds ---

Train Epoch: 18 accuracy: 0.94 
 precision: [0.95311804 0.91612311] 
 recall: [0.94237329 0.93140607] 
 f1: [0.94771521 0.92370138] 
 f1_avg: 0.9380314442570852


Validation Epoch: 18 accuracy: 0.92 
 precision: [0.9226229  0.92097107] 
 recall: [0.95443038 0.86901426] 
 f1: [0.93825715 0.89423861] 
 f1_avg: 0.9215607389161549

--- 8499.77687907219 seconds ---

Train Epoch: 19 accuracy: 0.94 
 precision: [0.95390318 0.91935084] 
 recall: [0.94472397 0.93244223] 
 f1: [0.94929139 0.92585026] 
 f1_avg: 0.9398385653835037


Validation Epoch: 19 accuracy: 0.92 
 precision: [0.92402315 0.91556863] 
 recall: [0.95085629 0.87206044] 
 f1: [0.93724771 0.89328507] 
 f1_avg: 0.9205725048002973

--- 8967.003031492233 seconds ---

Train Epoch: 20 accuracy: 0.95 
 precision: [0.96095729 0.93035044] 
 recall: [0.95230617 0.94274465] 
 f1: [0.95661217 0.93650654] 
 f1_avg: 0.9485044144041359


Validation Epoch: 20 accuracy: 0.92 
 precision: [0.92981434 0.91660339] 
 recall: [0.95093075 0.8825393 ] 
 f1: [0.940254   0.89924887] 
 f1_avg: 0.9247005923522866

--- 9430.123078346252 seconds ---

Train Epoch: 21 accuracy: 0.95 
 precision: [0.96192186 0.92580715] 
 recall: [0.94885517 0.94441731] 
 f1: [0.95534383 0.93501964] 
 f1_avg: 0.9471479402219599


Validation Epoch: 21 accuracy: 0.93 
 precision: [0.93998661 0.9035409 ] 
 recall: [0.94117647 0.90166931] 
 f1: [0.94058117 0.90260413] 
 f1_avg: 0.9261763273667896

New best val score, save model ...
--- 9892.92837715149 seconds ---

Train Epoch: 22 accuracy: 0.94 
 precision: [0.95777992 0.91914227] 
 recall: [0.94421382 0.93840757] 
 f1: [0.95094849 0.92867502] 
 f1_avg: 0.9419665346659489


Validation Epoch: 22 accuracy: 0.92 
 precision: [0.92699035 0.91639094] 
 recall: [0.95107967 0.87742171] 
 f1: [0.93888052 0.89648304] 
 f1_avg: 0.9227989850613325

--- 10356.620916128159 seconds ---

Train Epoch: 23 accuracy: 0.95 
 precision: [0.96170796 0.92379214] 
 recall: [0.94736474 0.94418047] 
 f1: [0.95448247 0.93387504] 
 f1_avg: 0.9461723582668615


Validation Epoch: 23 accuracy: 0.92 
 precision: [0.91200618 0.94137558] 
 recall: [0.96775875 0.84720361] 
 f1: [0.93905567 0.89181043] 
 f1_avg: 0.9211353620223547

--- 10818.75396323204 seconds ---

Train Epoch: 24 accuracy: 0.94 
 precision: [0.95736426 0.92064876] 
 recall: [0.94538416 0.93769706] 
 f1: [0.9513365  0.92909471] 
 f1_avg: 0.9423673191263292


Validation Epoch: 24 accuracy: 0.92 
 precision: [0.93752826 0.88179754] 
 recall: [0.9263589  0.89898867] 
 f1: [0.93191011 0.89031012] 
 f1_avg: 0.9161310717310847

--- 11283.398943901062 seconds ---

Train Epoch: 25 accuracy: 0.95 
 precision: [0.96365973 0.9309291 ] 
 recall: [0.95252623 0.94684489] 
 f1: [0.95806064 0.93881954] 
 f1_avg: 0.9503015121861506


Validation Epoch: 25 accuracy: 0.92 
 precision: [0.9288477  0.91152004] 
 recall: [0.94772897 0.88119898] 
 f1: [0.93819334 0.89610309] 
 f1_avg: 0.922228344065648

--- 11753.985229253769 seconds ---

Train Epoch: 26 accuracy: 0.96 
 precision: [0.96998479 0.93783211] 
 recall: [0.95716758 0.95617035] 
 f1: [0.96353356 0.94691245] 
 f1_avg: 0.9568309670401764


Validation Epoch: 26 accuracy: 0.92 
 precision: [0.91780628 0.93660287] 
 recall: [0.9644825  0.85865724] 
 f1: [0.94056566 0.89593796] 
 f1_avg: 0.9236381956399421

--- 12220.590875148773 seconds ---

Train Epoch: 27 accuracy: 0.96 
 precision: [0.96997349 0.94040651] 
 recall: [0.95905813 0.95606673] 
 f1: [0.96448493 0.94817196] 
 f1_avg: 0.9579065949768835


Validation Epoch: 27 accuracy: 0.93 
 precision: [0.9229183  0.94045419] 
 recall: [0.96641847 0.86791763] 
 f1: [0.94416761 0.90273113] 
 f1_avg: 0.9284505872349498

New best val score, save model ...
--- 12684.332564115524 seconds ---

Train Epoch: 28 accuracy: 0.95 
 precision: [0.96535985 0.93907351] 
 recall: [0.95838793 0.94910964] 
 f1: [0.96186126 0.9440649 ] 
 f1_avg: 0.9546847361928694


Validation Epoch: 28 accuracy: 0.93 
 precision: [0.92422951 0.94506949] 
 recall: [0.96909903 0.86998903] 
 f1: [0.9461326 0.9059764] 
 f1_avg: 0.9309011914559872

New best val score, save model ...
--- 13148.741767644882 seconds ---

Train Epoch: 29 accuracy: 0.95 
 precision: [0.96039524 0.92832969] 
 recall: [0.95085575 0.94197492] 
 f1: [0.95560169 0.93510253] 
 f1_avg: 0.9473352384769603


Validation Epoch: 29 accuracy: 0.93 
 precision: [0.93218008 0.92954865] 
 recall: [0.95897245 0.88582917] 
 f1: [0.94538648 0.90716247] 
 f1_avg: 0.9308879588426595

--- 13611.718398094177 seconds ---

Train Epoch: 30 accuracy: 0.96 
 precision: [0.96898369 0.93692437] 
 recall: [0.9565674  0.95469011] 
 f1: [0.96273551 0.94572382] 
 f1_avg: 0.9558754118248458


Validation Epoch: 30 accuracy: 0.93 
 precision: [0.9199125  0.94735432] 
 recall: [0.97073716 0.86170342] 
 f1: [0.94464169 0.90250128] 
 f1_avg: 0.9286576653644107

--- 14076.155836820602 seconds ---

Train Epoch: 31 accuracy: 0.96 
 precision: [0.9711091  0.94771309] 
 recall: [0.96429965 0.95754696] 
 f1: [0.96769239 0.95260465] 
 f1_avg: 0.9616081386704596


Validation Epoch: 31 accuracy: 0.93 
 precision: [0.91724966 0.93988779] 
 recall: [0.96649293 0.85731692] 
 f1: [0.94122766 0.89670554] 
 f1_avg: 0.9243402401451867

--- 14539.178849458694 seconds ---

Train Epoch: 32 accuracy: 0.96 
 precision: [0.96777025 0.94101994] 
 recall: [0.9596483 0.9527066] 
 f1: [0.96369216 0.94682721] 
 f1_avg: 0.9568912351682224


Validation Epoch: 32 accuracy: 0.93 
 precision: [0.91919618 0.95300473] 
 recall: [0.97408786 0.85987572] 
 f1: [0.94584629 0.90404817] 
 f1_avg: 0.9299920947534713

--- 15004.819442749023 seconds ---

Train Epoch: 33 accuracy: 0.96 
 precision: [0.96336002 0.94360519] 
 recall: [0.96179892 0.94586793] 
 f1: [0.96257884 0.94473521] 
 f1_avg: 0.9553832513605176


Validation Epoch: 33 accuracy: 0.92 
 precision: [0.95701428 0.87472854] 
 recall: [0.91839166 0.93249665] 
 f1: [0.93730527 0.90268931] 
 f1_avg: 0.9241752980181966

--- 15469.592185258865 seconds ---

Train Epoch: 34 accuracy: 0.95 
 precision: [0.96144746 0.92888785] 
 recall: [0.95118584 0.94355877] 
 f1: [0.95628913 0.93616584] 
 f1_avg: 0.9481742501209771


Validation Epoch: 34 accuracy: 0.94 
 precision: [0.94575472 0.92588921] 
 recall: [0.95547282 0.91032046] 
 f1: [0.95058893 0.91803883] 
 f1_avg: 0.938242549472614

New best val score, save model ...
--- 15933.28082203865 seconds ---

Train Epoch: 35 accuracy: 0.96 
 precision: [0.96868398 0.93962187] 
 recall: [0.95856798 0.95414243] 
 f1: [0.96359943 0.94682648] 
 f1_avg: 0.9568356064710306


Validation Epoch: 35 accuracy: 0.92 
 precision: [0.92381228 0.91390982] 
 recall: [0.94981385 0.87181674] 
 f1: [0.93663265 0.89236717] 
 f1_avg: 0.9198425764129424

--- 16396.72563147545 seconds ---

Train Epoch: 36 accuracy: 0.96 
 precision: [0.9684403  0.94006507] 
 recall: [0.95890808 0.95375757] 
 f1: [0.96365062 0.94686182] 
 f1_avg: 0.9568804026156125


Validation Epoch: 36 accuracy: 0.93 
 precision: [0.93295313 0.91582915] 
 recall: [0.95011169 0.88826611] 
 f1: [0.94145424 0.90183708] 
 f1_avg: 0.9264272903160553

--- 16859.228883981705 seconds ---

Train Epoch: 37 accuracy: 0.96 
 precision: [0.9731817  0.94608108] 
 recall: [0.96299927 0.96072946] 
 f1: [0.96806371 0.953349  ] 
 f1_avg: 0.9621298875029757


Validation Epoch: 37 accuracy: 0.93 
 precision: [0.93839384 0.92064484] 
 recall: [0.9527178  0.89764835] 
 f1: [0.94550157 0.90900117] 
 f1_avg: 0.9316568243838882

--- 17321.954235076904 seconds ---

Train Epoch: 38 accuracy: 0.96 
 precision: [0.97551582 0.94939292] 
 recall: [0.96526993 0.96414879] 
 f1: [0.97036583 0.95671396] 
 f1_avg: 0.9648606037716396


Validation Epoch: 38 accuracy: 0.93 
 precision: [0.92673862 0.93931467] 
 recall: [0.96545048 0.87510662] 
 f1: [0.94569855 0.90607456] 
 f1_avg: 0.9306690146597171

--- 17784.99292087555 seconds ---

Train Epoch: 39 accuracy: 0.97 
 precision: [0.97760312 0.95329803] 
 recall: [0.96798071 0.96718327] 
 f1: [0.97276812 0.96019045] 
 f1_avg: 0.9676960759639641


Validation Epoch: 39 accuracy: 0.93 
 precision: [0.93502804 0.92501265] 
 recall: [0.95584512 0.89131229] 
 f1: [0.94532199 0.90784983] 
 f1_avg: 0.9311086523814746

--- 18248.603256464005 seconds ---

Train Epoch: 40 accuracy: 0.97 
 precision: [0.97626863 0.9558996 ] 
 recall: [0.96991127 0.96511094] 
 f1: [0.97307957 0.96048319] 
 f1_avg: 0.9679999768482335


Validation Epoch: 40 accuracy: 0.93 
 precision: [0.93720623 0.91659394] 
 recall: [0.95018615 0.89582064] 
 f1: [0.94365156 0.90608824] 
 f1_avg: 0.9294036424546884

--- 18716.732561588287 seconds ---

Train Epoch: 41 accuracy: 0.96 
 precision: [0.97637194 0.94027269] 
 recall: [0.95854798 0.96567343] 
 f1: [0.96737786 0.9528038 ] 
 f1_avg: 0.9615007570628399


Validation Epoch: 41 accuracy: 0.92 
 precision: [0.93980058 0.8922632 ] 
 recall: [0.93343261 0.9021567 ] 
 f1: [0.93660578 0.89718267] 
 f1_avg: 0.9216524356983681

--- 19181.135467529297 seconds ---

Train Epoch: 42 accuracy: 0.96 
 precision: [0.97508638 0.94959589] 
 recall: [0.96543998 0.96349749] 
 f1: [0.9702392  0.95649618] 
 f1_avg: 0.9646972203033962


Validation Epoch: 42 accuracy: 0.93 
 precision: [0.93191737 0.92166308] 
 recall: [0.95398362 0.88595102] 
 f1: [0.9428214  0.90345427] 
 f1_avg: 0.9278892927428058

--- 19645.246288776398 seconds ---

Train Epoch: 43 accuracy: 0.97 
 precision: [0.97970528 0.95571983] 
 recall: [0.96962119 0.97027695] 
 f1: [0.97463715 0.96294338] 
 f1_avg: 0.9699215441500825


Validation Epoch: 43 accuracy: 0.93 
 precision: [0.93658176 0.90805734] 
 recall: [0.94460164 0.89533325] 
 f1: [0.94057461 0.90165041] 
 f1_avg: 0.925810503240205

--- 20108.577083826065 seconds ---

Train Epoch: 44 accuracy: 0.97 
 precision: [0.97775806 0.95617885] 
 recall: [0.97004131 0.96734609] 
 f1: [0.9738844  0.96173006] 
 f1_avg: 0.968983064850658


Validation Epoch: 44 accuracy: 0.93 
 precision: [0.93474144 0.92462375] 
 recall: [0.95562174 0.89082491] 
 f1: [0.94506627 0.90740971] 
 f1_avg: 0.9307829881585727

--- 20571.638578653336 seconds ---

Train Epoch: 45 accuracy: 0.97 
 precision: [0.98045458 0.95689643] 
 recall: [0.97043143 0.97137232] 
 f1: [0.97541725 0.96408004] 
 f1_avg: 0.9708454307169546


Validation Epoch: 45 accuracy: 0.93 
 precision: [0.93143885 0.9375727 ] 
 recall: [0.96403574 0.88387961] 
 f1: [0.94745701 0.90993477] 
 f1_avg: 0.9332246741561208

--- 21034.630105495453 seconds ---

Train Epoch: 46 accuracy: 0.97 
 precision: [0.97916038 0.96157235] 
 recall: [0.97382241 0.9693296 ] 
 f1: [0.9764841  0.96543539] 
 f1_avg: 0.9720286207230758


Validation Epoch: 46 accuracy: 0.94 
 precision: [0.93044723 0.94427043] 
 recall: [0.96820551 0.88156452] 
 f1: [0.94895092 0.9118407 ] 
 f1_avg: 0.9348748654390756

--- 21496.31669473648 seconds ---

Train Epoch: 47 accuracy: 0.97 
 precision: [0.98144069 0.9646931 ] 
 recall: [0.97594302 0.97268973] 
 f1: [0.97868413 0.96867491] 
 f1_avg: 0.9746478354792917


Validation Epoch: 47 accuracy: 0.94 
 precision: [0.93220705 0.94008024] 
 recall: [0.96552494 0.88509809] 
 f1: [0.94857352 0.91176101] 
 f1_avg: 0.9346103895608026

--- 21958.770055532455 seconds ---

Train Epoch: 48 accuracy: 0.98 
 precision: [0.98298515 0.96574931] 
 recall: [0.97663322 0.97498409] 
 f1: [0.97979889 0.97034473] 
 f1_avg: 0.9759864243329746


Validation Epoch: 48 accuracy: 0.93 
 precision: [0.92940838 0.93515403] 
 recall: [0.96269546 0.88034605] 
 f1: [0.94575912 0.90692274] 
 f1_avg: 0.9310283242242954

--- 22420.997440099716 seconds ---

Train Epoch: 49 accuracy: 0.98 
 precision: [0.98322748 0.96865628] 
 recall: [0.97867382 0.97529494] 
 f1: [0.98094536 0.97196427] 
 f1_avg: 0.9773236660299726


Validation Epoch: 49 accuracy: 0.94 
 precision: [0.94764203 0.91801273] 
 recall: [0.95011169 0.91409772] 
 f1: [0.94887526 0.91605104] 
 f1_avg: 0.9364249006906461

--- 22882.835790872574 seconds ---

Train Epoch: 50 accuracy: 0.98 
 precision: [0.98400517 0.96316573] 
 recall: [0.97476268 0.97655313] 
 f1: [0.97936212 0.96981323] 
 f1_avg: 0.9755114560061537


Validation Epoch: 50 accuracy: 0.94 
 precision: [0.93764082 0.93285098] 
 recall: [0.96061057 0.8954551 ] 
 f1: [0.94898672 0.91377059] 
 f1_avg: 0.935629105088693

--- 23345.81908583641 seconds ---

Train Epoch: 51 accuracy: 0.97 
 precision: [0.98186087 0.96283769] 
 recall: [0.97461264 0.97335583] 
 f1: [0.97822333 0.96806819] 
 f1_avg: 0.9741281889925888


Validation Epoch: 51 accuracy: 0.93 
 precision: [0.94612519 0.91079469] 
 recall: [0.9454207  0.91190447] 
 f1: [0.94577281 0.91134925] 
 f1_avg: 0.9327158163254866

--- 23807.7224214077 seconds ---

Train Epoch: 52 accuracy: 0.97 
 precision: [0.98251939 0.96090739] 
 recall: [0.97321223 0.97437719] 
 f1: [0.97784366 0.96759542] 
 f1_avg: 0.9737109769427394


Validation Epoch: 52 accuracy: 0.94 
 precision: [0.95006628 0.93423502] 
 recall: [0.96053611 0.9173876 ] 
 f1: [0.95527251 0.92573466] 
 f1_avg: 0.944068687852115

New best val score, save model ...
--- 24269.277491092682 seconds ---

Train Epoch: 53 accuracy: 0.98 
 precision: [0.9833666  0.96453973] 
 recall: [0.97576297 0.97557618] 
 f1: [0.97955003 0.97002657] 
 f1_avg: 0.9757096176096388


Validation Epoch: 53 accuracy: 0.94 
 precision: [0.94286134 0.92619374] 
 recall: [0.95591958 0.90520288] 
 f1: [0.94934556 0.91557801] 
 f1_avg: 0.9365373951200283

--- 24731.49916434288 seconds ---

Train Epoch: 54 accuracy: 0.98 
 precision: [0.98348099 0.96499729] 
 recall: [0.97608306 0.97573901] 
 f1: [0.97976806 0.97033842] 
 f1_avg: 0.9759654836460234


Validation Epoch: 54 accuracy: 0.94 
 precision: [0.94463235 0.9274605 ] 
 recall: [0.95658972 0.90824906] 
 f1: [0.95057344 0.91775425] 
 f1_avg: 0.9381249881646264

--- 25193.326642513275 seconds ---

Train Epoch: 55 accuracy: 0.98 
 precision: [0.98595477 0.97003196] 
 recall: [0.97955407 0.97935077] 
 f1: [0.982744   0.97466909] 
 f1_avg: 0.9794877292602365


Validation Epoch: 55 accuracy: 0.94 
 precision: [0.95571537 0.90447372] 
 recall: [0.94005957 0.92871939] 
 f1: [0.94782282 0.91643621] 
 f1_avg: 0.9359177578621141

--- 25654.163147449493 seconds ---

Train Epoch: 56 accuracy: 0.98 
 precision: [0.98465047 0.96491664] 
 recall: [0.97598304 0.97748568] 
 f1: [0.9802976  0.97116049] 
 f1_avg: 0.9766129860409823


Validation Epoch: 56 accuracy: 0.94 
 precision: [0.94698992 0.91937661] 
 recall: [0.95107967 0.91287925] 
 f1: [0.94903039 0.91611641] 
 f1_avg: 0.936545985793663

--- 26115.15331172943 seconds ---

Train Epoch: 57 accuracy: 0.98 
 precision: [0.98391202 0.96802031] 
 recall: [0.97820368 0.9763311 ] 
 f1: [0.98104955 0.97215794] 
 f1_avg: 0.9774639377613921


Validation Epoch: 57 accuracy: 0.93 
 precision: [0.94887939 0.90706365] 
 recall: [0.94259121 0.91690021] 
 f1: [0.94572485 0.9119554 ] 
 f1_avg: 0.9329159652678943

--- 26575.548609972 seconds ---

Train Epoch: 58 accuracy: 0.98 
 precision: [0.9845698  0.96660664] 
 recall: [0.97718338 0.97733766] 
 f1: [0.98086269 0.97194253] 
 f1_avg: 0.9772655619235642


Validation Epoch: 58 accuracy: 0.93 
 precision: [0.95499393 0.89989363] 
 recall: [0.93693224 0.92774461] 
 f1: [0.94587687 0.91360691] 
 f1_avg: 0.9336367465323682

--- 27036.707473516464 seconds ---

Train Epoch: 59 accuracy: 0.98 
 precision: [0.98658017 0.96379458] 
 recall: [0.97511278 0.98037213] 
 f1: [0.98081296 0.97201268] 
 f1_avg: 0.9772641765080554


Validation Epoch: 59 accuracy: 0.94 
 precision: [0.95061728 0.92088878] 
 recall: [0.95174981 0.91909346] 
 f1: [0.95118321 0.91999024] 
 f1_avg: 0.9393515947796551

--- 27497.476524353027 seconds ---

Train Epoch: 60 accuracy: 0.97 
 precision: [0.9838152  0.96134562] 
 recall: [0.97347231 0.97630149] 
 f1: [0.97861643 0.96876584] 
 f1_avg: 0.9746440982186425


Validation Epoch: 60 accuracy: 0.93 
 precision: [0.96052632 0.88298727] 
 recall: [0.92405063 0.93785793] 
 f1: [0.94193548 0.90959584] 
 f1_avg: 0.9296689286467272

--- 27959.35168361664 seconds ---

Train Epoch: 61 accuracy: 0.97 
 precision: [0.97835586 0.94970023] 
 recall: [0.96533995 0.96839706] 
 f1: [0.97180432 0.95895752] 
 f1_avg: 0.9666237472102492


Validation Epoch: 61 accuracy: 0.93 
 precision: [0.92967957 0.92273365] 
 recall: [0.95487714 0.88180821] 
 f1: [0.9421099  0.90180685] 
 f1_avg: 0.9268227963673872

--- 28420.96183514595 seconds ---

Train Epoch: 62 accuracy: 0.98 
 precision: [0.9833424  0.96500425] 
 recall: [0.97609307 0.97553177] 
 f1: [0.97970432 0.97023945] 
 f1_avg: 0.97588754002332


Validation Epoch: 62 accuracy: 0.94 
 precision: [0.94224459 0.93576477] 
 recall: [0.96209978 0.90349701] 
 f1: [0.95206867 0.91934784] 
 f1_avg: 0.9396575311745192

Early stopping!

Test Epoch: accuracy: 0.92 
 precision: [0.94267516 0.88239222] 
 recall: [0.92516842 0.9089212 ] 
 f1: [0.93383975 0.89546027] 
 f1_avg: 0.9191848456361177

--- 28898.28644967079 seconds ---

Test Epoch: accuracy: 0.94 
 precision: [0.95006628 0.93423502] 
 recall: [0.96053611 0.9173876 ] 
 f1: [0.95527251 0.92573466] 
 f1_avg: 0.944068687852115

--- 28911.70094013214 seconds ---
