cpu
Reading data ...
Train: torch.Size([7458, 8001])
Dev: torch.Size([932, 8001])
Test: torch.Size([933, 8001])
--- 66.33936786651611 seconds ---
M5(
  (conv1): Conv1d(1, 32, kernel_size=(80,), stride=(16,))
  (bn1): BatchNorm1d(32, eps=1e-05, momentum=0.1, affine=True, track_running_stats=True)
  (pool1): MaxPool1d(kernel_size=4, stride=4, padding=0, dilation=1, ceil_mode=False)
  (conv2): Conv1d(32, 32, kernel_size=(3,), stride=(1,))
  (bn2): BatchNorm1d(32, eps=1e-05, momentum=0.1, affine=True, track_running_stats=True)
  (pool2): MaxPool1d(kernel_size=4, stride=4, padding=0, dilation=1, ceil_mode=False)
  (conv3): Conv1d(32, 64, kernel_size=(3,), stride=(1,))
  (bn3): BatchNorm1d(64, eps=1e-05, momentum=0.1, affine=True, track_running_stats=True)
  (pool3): MaxPool1d(kernel_size=4, stride=4, padding=0, dilation=1, ceil_mode=False)
  (conv4): Conv1d(64, 64, kernel_size=(3,), stride=(1,))
  (bn4): BatchNorm1d(64, eps=1e-05, momentum=0.1, affine=True, track_running_stats=True)
  (pool4): MaxPool1d(kernel_size=4, stride=4, padding=0, dilation=1, ceil_mode=False)
  (fc1): Linear(in_features=64, out_features=5, bias=True)
)
Number of parameters: 24965
Train Epoch: 1 loss: 1.622710
Train Epoch: 1 loss: 1.890331

Train Epoch: 1 accuracy: 0.16 
 precision: [0.93357271 0.00841346 0.09517335 0.00433369 0.01136364] 
 recall: [0.15198013 0.23728814 0.3196347  0.29268293 0.06493506] 
 f1: [0.26140505 0.01625073 0.14667365 0.00854093 0.01934236] 
 f1_avg: 0.24883831637618295


Validation Epoch: 1 accuracy: 0.14 
 precision: [0.96946565 1.         0.07142857 0.         0.00512164] 
 recall: [0.14497717 0.         0.02439024 0.         0.8       ] 
 f1: [0.25223436 0.         0.03636364 0.         0.01017812] 
 f1_avg: 0.2387329383946323

New best val score, save model ...
--- 70.44099569320679 seconds ---
Train Epoch: 2 loss: 1.332020
Train Epoch: 2 loss: 1.645202

Train Epoch: 2 accuracy: 0.29 
 precision: [0.95771778 0.01854305 0.11789859 0.00519031 0.03355705] 
 recall: [0.2747333  0.47457627 0.44063927 0.14634146 0.51948052] 
 f1: [0.4269816  0.03569152 0.1860241  0.01002506 0.06304177] 
 f1_avg: 0.40368526548668726


Validation Epoch: 2 accuracy: 0.41 
 precision: [0.94750656 0.         0.11267606 0.         0.00537634] 
 recall: [0.41210046 0.         0.3902439  0.         0.4       ] 
 f1: [0.57438345 0.         0.17486339 0.         0.01061008] 
 f1_avg: 0.54762055133003

New best val score, save model ...
--- 74.70934200286865 seconds ---
Train Epoch: 3 loss: 1.103198
Train Epoch: 3 loss: 1.296343

Train Epoch: 3 accuracy: 0.34 
 precision: [0.96274945 0.03562654 0.12338262 0.03210273 0.0349563 ] 
 recall: [0.31725851 0.49152542 0.60958904 0.48780488 0.72727273] 
 f1: [0.47724775 0.06643757 0.20522675 0.06024096 0.06670637] 
 f1_avg: 0.4514912488500105


Validation Epoch: 3 accuracy: 0.43 
 precision: [0.96954315 0.         0.07725322 0.         0.00558659] 
 recall: [0.43607306 0.         0.43902439 0.         0.2       ] 
 f1: [0.6015748  0.         0.13138686 0.         0.01086957] 
 f1_avg: 0.5712668848701832

New best val score, save model ...
--- 78.90955805778503 seconds ---
Train Epoch: 4 loss: 0.925725
Train Epoch: 4 loss: 1.078307

Train Epoch: 4 accuracy: 0.39 
 precision: [0.96828504 0.0762565  0.12765037 0.0521542  0.03873016] 
 recall: [0.3613912  0.74576271 0.67351598 0.56097561 0.79220779] 
 f1: [0.52633819 0.13836478 0.2146235  0.09543568 0.07384988] 
 f1_avg: 0.49792171808756774


Validation Epoch: 4 accuracy: 0.35 
 precision: [0.96710526 0.04878049 0.06586826 1.         0.01162791] 
 recall: [0.33561644 0.4        0.80487805 0.         0.2       ] 
 f1: [0.49830508 0.08695652 0.12177122 0.         0.02197802] 
 f1_avg: 0.4743053078133832

--- 83.15595698356628 seconds ---
Train Epoch: 5 loss: 0.765990
Train Epoch: 5 loss: 1.257758

Train Epoch: 5 accuracy: 0.45 
 precision: [0.96561983 0.08474576 0.13295053 0.04509284 0.04996035] 
 recall: [0.42685956 0.76271186 0.68721461 0.41463415 0.81818182] 
 f1: [0.59201459 0.15254237 0.22279793 0.08133971 0.0941704 ] 
 f1_avg: 0.5589068649571541


Validation Epoch: 5 accuracy: 0.45 
 precision: [0.96733668 0.03797468 0.08022923 1.         0.00943396] 
 recall: [0.43949772 0.6        0.68292683 0.         0.2       ] 
 f1: [0.6043956  0.07142857 0.14358974 0.         0.01801802] 
 f1_avg: 0.5748765685460966

New best val score, save model ...
--- 87.08088088035583 seconds ---
Train Epoch: 6 loss: 0.669907
Train Epoch: 6 loss: 0.851339

Train Epoch: 6 accuracy: 0.44 
 precision: [0.97267382 0.10381356 0.14516129 0.03525264 0.06424581] 
 recall: [0.41093088 0.83050847 0.71917808 0.73170732 0.8961039 ] 
 f1: [0.57776865 0.18455744 0.24156442 0.06726457 0.11989574] 
 f1_avg: 0.5473792930822263


Validation Epoch: 6 accuracy: 0.36 
 precision: [0.96615385 0.01393728 0.07964602 0.         0.01075269] 
 recall: [0.35844749 0.8        0.43902439 0.         0.2       ] 
 f1: [0.52289759 0.02739726 0.13483146 0.         0.02040816] 
 f1_avg: 0.49766674009445777

--- 91.01024389266968 seconds ---
Train Epoch: 7 loss: 0.617965
Train Epoch: 7 loss: 0.683918

Train Epoch: 7 accuracy: 0.52 
 precision: [0.97716763 0.16987179 0.15420344 0.06679764 0.07128906] 
 recall: [0.49408154 0.89830508 0.75799087 0.82926829 0.94805195] 
 f1: [0.6563137  0.28571429 0.25627171 0.12363636 0.13260672] 
 f1_avg: 0.6215525040672121


Validation Epoch: 7 accuracy: 0.59 
 precision: [0.96309963 0.01923077 0.09482759 0.         0.01      ] 
 recall: [0.59589041 0.2        0.53658537 0.         0.2       ] 
 f1: [0.73624824 0.03508772 0.16117216 0.         0.01904762] 
 f1_avg: 0.6993907627371405

New best val score, save model ...
--- 95.6174647808075 seconds ---
Train Epoch: 8 loss: 0.464903
Train Epoch: 8 loss: 0.624839

Train Epoch: 8 accuracy: 0.61 
 precision: [0.98252523 0.24553571 0.17815803 0.115625   0.08680556] 
 recall: [0.58336987 0.93220339 0.80821918 0.90243902 0.97402597] 
 f1: [0.73207409 0.38869258 0.29195876 0.20498615 0.15940489] 
 f1_avg: 0.6946999719389971


Validation Epoch: 8 accuracy: 0.59 
 precision: [0.97180451 0.04878049 0.10671937 0.07142857 0.01086957] 
 recall: [0.59018265 0.4        0.65853659 0.2        0.2       ] 
 f1: [0.734375   0.08695652 0.18367347 0.10526316 0.02061856] 
 f1_avg: 0.6994713556079103

New best val score, save model ...
--- 99.59945392608643 seconds ---
Train Epoch: 9 loss: 0.408725
Train Epoch: 9 loss: 0.537391

Train Epoch: 9 accuracy: 0.67 
 precision: [0.98658161 0.30555556 0.20821609 0.15936255 0.10653409] 
 recall: [0.65541429 0.93220339 0.84474886 0.97560976 0.97402597] 
 f1: [0.78760207 0.46025105 0.33408578 0.2739726  0.19206146] 
 f1_avg: 0.7494056009414253


Validation Epoch: 9 accuracy: 0.67 
 precision: [0.95846645 0.03703704 0.11486486 0.02631579 0.01075269] 
 recall: [0.68493151 0.2        0.41463415 0.2        0.2       ] 
 f1: [0.79893475 0.0625     0.17989418 0.04651163 0.02040816] 
 f1_avg: 0.7595382022953281

New best val score, save model ...
--- 103.8409059047699 seconds ---
Train Epoch: 10 loss: 0.351681
Train Epoch: 10 loss: 0.427858

Train Epoch: 10 accuracy: 0.73 
 precision: [0.9889336  0.39160839 0.23836478 0.26797386 0.12624585] 
 recall: [0.71825223 0.94915254 0.8652968  1.         0.98701299] 
 f1: [0.83213409 0.55445545 0.37376726 0.42268041 0.22385862] 
 f1_avg: 0.7944869288875226


Validation Epoch: 10 accuracy: 0.65 
 precision: [0.96198347 0.05555556 0.0952381  0.05263158 0.01694915] 
 recall: [0.66438356 0.2        0.53658537 0.2        0.2       ] 
 f1: [0.78595544 0.08695652 0.16176471 0.08333333 0.03125   ] 
 f1_avg: 0.746928126318702

--- 107.89074897766113 seconds ---
Train Epoch: 11 loss: 0.286824
Train Epoch: 11 loss: 0.384794

Train Epoch: 11 accuracy: 0.77 
 precision: [0.98993543 0.43846154 0.27194861 0.30827068 0.14583333] 
 recall: [0.76180038 0.96610169 0.86986301 1.         1.        ] 
 f1: [0.86101247 0.6031746  0.41435563 0.47126437 0.25454545] 
 f1_avg: 0.8243369855728913


Validation Epoch: 11 accuracy: 0.66 
 precision: [0.97333333 0.5        0.10508475 0.05263158 0.        ] 
 recall: [0.66666667 0.2        0.75609756 0.2        0.        ] 
 f1: [0.79132791 0.28571429 0.18452381 0.08333333 0.        ] 
 f1_avg: 0.7538776462642001

--- 111.83064389228821 seconds ---
Train Epoch: 12 loss: 0.268680
Train Epoch: 12 loss: 0.328682

Train Epoch: 12 accuracy: 0.81 
 precision: [0.9914343  0.45669291 0.30575256 0.31060606 0.1738149 ] 
 recall: [0.79497297 0.98305085 0.88584475 1.         1.        ] 
 f1: [0.88240065 0.62365591 0.45459871 0.47398844 0.29615385] 
 f1_avg: 0.8469314757969554


Validation Epoch: 12 accuracy: 0.74 
 precision: [0.96258993 0.2        0.11643836 0.01923077 0.        ] 
 recall: [0.76369863 0.2        0.41463415 0.2        0.        ] 
 f1: [0.85168682 0.2        0.18181818 0.03508772 0.        ] 
 f1_avg: 0.8097721476330503

New best val score, save model ...
--- 116.19002866744995 seconds ---
Train Epoch: 13 loss: 0.225661
Train Epoch: 13 loss: 0.319749

Train Epoch: 13 accuracy: 0.83 
 precision: [0.99219858 0.52212389 0.3307888  0.38679245 0.18333333] 
 recall: [0.81776998 1.         0.89041096 1.         1.        ] 
 f1: [0.89657935 0.68604651 0.48237477 0.55782313 0.30985915] 
 f1_avg: 0.8626681782793933


Validation Epoch: 13 accuracy: 0.78 
 precision: [0.95180723 0.16666667 0.13043478 0.0625     0.        ] 
 recall: [0.81164384 0.2        0.29268293 0.2        0.        ] 
 f1: [0.87615527 0.18181818 0.18045113 0.0952381  0.        ] 
 f1_avg: 0.8329353995851004

New best val score, save model ...
--- 120.32012867927551 seconds ---
Train Epoch: 14 loss: 0.210660
Train Epoch: 14 loss: 0.244277

Train Epoch: 14 accuracy: 0.86 
 precision: [0.99370748 0.6344086  0.35472371 0.50617284 0.27304965] 
 recall: [0.85386526 1.         0.9086758  1.         1.        ] 
 f1: [0.91849407 0.77631579 0.51025641 0.67213115 0.42896936] 
 f1_avg: 0.8869854987534115


Validation Epoch: 14 accuracy: 0.71 
 precision: [0.95454545 0.03571429 0.10714286 0.00892857 0.        ] 
 recall: [0.74315068 0.2        0.14634146 0.2        0.        ] 
 f1: [0.83568678 0.06060606 0.12371134 0.01709402 0.        ] 
 f1_avg: 0.7913329214541136

--- 124.29389595985413 seconds ---
Train Epoch: 15 loss: 0.167672
Train Epoch: 15 loss: 0.225992

Train Epoch: 15 accuracy: 0.88 
 precision: [0.99500998 0.53153153 0.405      0.73214286 0.27598566] 
 recall: [0.87417799 1.         0.92465753 1.         1.        ] 
 f1: [0.93068845 0.69411765 0.56328234 0.84536082 0.43258427] 
 f1_avg: 0.9016278408891656


Validation Epoch: 15 accuracy: 0.82 
 precision: [0.95448799 0.05555556 0.125      0.07142857 0.02702703] 
 recall: [0.86187215 0.2        0.2195122  0.2        0.2       ] 
 f1: [0.90581884 0.08695652 0.15929204 0.10526316 0.04761905] 
 f1_avg: 0.8596861240638238

New best val score, save model ...
--- 128.5106019973755 seconds ---
Train Epoch: 16 loss: 0.143471
Train Epoch: 16 loss: 0.183927

Train Epoch: 16 accuracy: 0.90 
 precision: [0.99483037 0.5        0.45150502 0.71929825 0.39285714] 
 recall: [0.89989771 1.         0.92465753 1.         1.        ] 
 f1: [0.94498581 0.66666667 0.60674157 0.83673469 0.56410256] 
 f1_avg: 0.918391797750808


Validation Epoch: 16 accuracy: 0.82 
 precision: [0.95641026 0.11111111 0.12295082 0.14285714 0.        ] 
 recall: [0.85159817 0.2        0.36585366 0.2        0.        ] 
 f1: [0.90096618 0.14285714 0.18404908 0.16666667 0.        ] 
 f1_avg: 0.8565879915548842

--- 132.4626109600067 seconds ---
Train Epoch: 17 loss: 0.128802
Train Epoch: 17 loss: 0.166062

Train Epoch: 17 accuracy: 0.92 
 precision: [0.99760575 0.72839506 0.50849515 0.73214286 0.33189655] 
 recall: [0.9133421 1.        0.956621  1.        1.       ] 
 f1: [0.95361611 0.84285714 0.66402536 0.84536082 0.49838188] 
 f1_avg: 0.9304373736133666


Validation Epoch: 17 accuracy: 0.87 
 precision: [0.95       0.14285714 0.12698413 1.         0.        ] 
 recall: [0.9109589  0.2        0.19512195 0.         0.        ] 
 f1: [0.93006993 0.16666667 0.15384615 0.         0.        ] 
 f1_avg: 0.8818479446161849

New best val score, save model ...
--- 136.37772965431213 seconds ---
Train Epoch: 18 loss: 0.122146
Train Epoch: 18 loss: 1.824505

Train Epoch: 18 accuracy: 0.83 
 precision: [0.98998243 0.4488189  0.35391705 0.21472393 0.17811705] 
 recall: [0.82317697 0.96610169 0.87671233 0.85365854 0.90909091] 
 f1: [0.89890689 0.61290323 0.50426789 0.34313725 0.29787234] 
 f1_avg: 0.8642069247113942


Validation Epoch: 18 accuracy: 0.93 
 precision: [0.94517544 1.         0.2        1.         0.        ] 
 recall: [0.98401826 0.         0.04878049 0.         0.        ] 
 f1: [0.96420582 0.         0.07843137 0.         0.        ] 
 f1_avg: 0.9097210102752394

New best val score, save model ...
--- 140.5869677066803 seconds ---
Train Epoch: 19 loss: 0.745921
Train Epoch: 19 loss: 1.232737

Train Epoch: 19 accuracy: 0.56 
 precision: [0.97134817 0.06462036 0.17045455 0.04047218 0.08270677] 
 recall: [0.55487359 0.6779661  0.65068493 0.58536585 0.71428571] 
 f1: [0.7062872  0.1179941  0.27014218 0.07570978 0.14824798] 
 f1_avg: 0.6667908887071298


Validation Epoch: 19 accuracy: 0.31 
 precision: [0.98046875 0.02409639 0.0552677  1.         0.        ] 
 recall: [0.28652968 0.4        0.7804878  0.         0.        ] 
 f1: [0.4434629  0.04545455 0.10322581 0.         0.        ] 
 f1_avg: 0.4216019624731807

--- 144.7150068283081 seconds ---
Train Epoch: 20 loss: 0.584986
Train Epoch: 20 loss: 0.579782

Train Epoch: 20 accuracy: 0.61 
 precision: [0.98523717 0.16326531 0.20671061 0.06426332 0.09793103] 
 recall: [0.59491451 0.81355932 0.78767123 1.         0.92207792] 
 f1: [0.74186788 0.27195467 0.32747983 0.12076583 0.17705736] 
 f1_avg: 0.7045680101847159


Validation Epoch: 20 accuracy: 0.68 
 precision: [0.95538462 0.         0.12       0.         0.01111111] 
 recall: [0.70890411 0.         0.2195122  0.         0.4       ] 
 f1: [0.81389253 0.         0.15517241 0.         0.02162162] 
 f1_avg: 0.7719313657788267

--- 148.7186267375946 seconds ---
Train Epoch: 21 loss: 0.300361
Train Epoch: 21 loss: 0.422047

Train Epoch: 21 accuracy: 0.78 
 precision: [0.98932984 0.32758621 0.29606299 0.18807339 0.16740088] 
 recall: [0.77232208 0.96610169 0.85844749 1.         0.98701299] 
 f1: [0.86745999 0.48927039 0.44028103 0.31660232 0.28625235] 
 f1_avg: 0.8303514205159357


Validation Epoch: 21 accuracy: 0.75 
 precision: [0.958159   0.01428571 0.11016949 0.         0.        ] 
 recall: [0.78424658 0.2        0.31707317 0.         0.        ] 
 f1: [0.86252354 0.02666667 0.16352201 0.         0.        ] 
 f1_avg: 0.8180347181523424

--- 152.65348362922668 seconds ---
Train Epoch: 22 loss: 0.163979
Train Epoch: 22 loss: 0.201938

Train Epoch: 22 accuracy: 0.88 
 precision: [0.99317008 0.48760331 0.38127413 0.66129032 0.32627119] 
 recall: [0.8712553  1.         0.90182648 1.         1.        ] 
 f1: [0.92822669 0.65555556 0.53595658 0.7961165  0.49201278] 
 f1_avg: 0.8978020553379041


Validation Epoch: 22 accuracy: 0.72 
 precision: [0.95735294 0.02777778 0.11111111 0.         0.        ] 
 recall: [0.74315068 0.2        0.43902439 0.         0.        ] 
 f1: [0.83676093 0.04878049 0.1773399  0.         0.        ] 
 f1_avg: 0.7945465762807972

--- 156.57924580574036 seconds ---
Train Epoch: 23 loss: 0.137855
Train Epoch: 23 loss: 0.170799

Train Epoch: 23 accuracy: 0.92 
 precision: [0.99696389 0.7195122  0.47125141 0.68333333 0.4502924 ] 
 recall: [0.91173462 1.         0.9543379  1.         1.        ] 
 f1: [0.95244638 0.83687943 0.6309434  0.81188119 0.62096774] 
 f1_avg: 0.9284555248752445


Validation Epoch: 23 accuracy: 0.75 
 precision: [0.9567643  0.04651163 0.11029412 0.         0.        ] 
 recall: [0.78310502 0.4        0.36585366 0.         0.        ] 
 f1: [0.86126805 0.08333333 0.16949153 0.         0.        ] 
 f1_avg: 0.8174212757530936

--- 161.01839995384216 seconds ---
Train Epoch: 24 loss: 0.093659
Train Epoch: 24 loss: 0.123549

Train Epoch: 24 accuracy: 0.93 
 precision: [0.99843088 0.72839506 0.52904821 0.77358491 0.54225352] 
 recall: [0.92985533 1.         0.97716895 1.         1.        ] 
 f1: [0.96292373 0.84285714 0.68644747 0.87234043 0.70319635] 
 f1_avg: 0.9425572160703447


Validation Epoch: 24 accuracy: 0.70 
 precision: [0.96594427 0.07692308 0.096      0.         0.        ] 
 recall: [0.71232877 0.2        0.58536585 0.         0.        ] 
 f1: [0.81997372 0.11111111 0.16494845 0.         0.        ] 
 f1_avg: 0.7785573173974958

--- 165.07540774345398 seconds ---
Train Epoch: 25 loss: 0.085654
Train Epoch: 25 loss: 0.108329

Train Epoch: 25 accuracy: 0.95 
 precision: [0.99845153 0.76623377 0.56839309 0.83673469 0.63636364] 
 recall: [0.94227678 1.         0.97716895 1.         1.        ] 
 f1: [0.96955116 0.86764706 0.71872376 0.91111111 0.77777778] 
 f1_avg: 0.9517129561642957


Validation Epoch: 25 accuracy: 0.73 
 precision: [0.96209913 0.06666667 0.10232558 0.         0.        ] 
 recall: [0.75342466 0.2        0.53658537 0.         0.        ] 
 f1: [0.84507042 0.1        0.171875   0.         0.        ] 
 f1_avg: 0.8023911643142114

--- 168.98165893554688 seconds ---
Train Epoch: 26 loss: 0.067494
Train Epoch: 26 loss: 0.112898

Train Epoch: 26 accuracy: 0.96 
 precision: [0.99816542 0.83098592 0.61828737 0.85416667 0.70642202] 
 recall: [0.95411369 1.         0.97260274 1.         1.        ] 
 f1: [0.97564256 0.90769231 0.75598935 0.92134831 0.82795699] 
 f1_avg: 0.9603817615735939


Validation Epoch: 26 accuracy: 0.86 
 precision: [0.95180723 0.09090909 0.14754098 0.         0.        ] 
 recall: [0.90182648 0.2        0.2195122  0.         0.        ] 
 f1: [0.92614302 0.125      0.17647059 0.         0.        ] 
 f1_avg: 0.8789287378582445

--- 172.9229130744934 seconds ---
Train Epoch: 27 loss: 0.053836
Train Epoch: 27 loss: 0.073538

Train Epoch: 27 accuracy: 0.97 
 precision: [0.99878971 0.86764706 0.68580542 0.91111111 0.71296296] 
 recall: [0.96478153 1.         0.98173516 1.         1.        ] 
 f1: [0.98149112 0.92913386 0.80751174 0.95348837 0.83243243] 
 f1_avg: 0.9691664084462922


Validation Epoch: 27 accuracy: 0.88 
 precision: [0.95605701 0.5        0.1875     0.         0.        ] 
 recall: [0.91894977 0.2        0.29268293 0.         0.        ] 
 f1: [0.9371362  0.28571429 0.22857143 0.         0.        ] 
 f1_avg: 0.8924155745527038

--- 176.88365483283997 seconds ---
Train Epoch: 28 loss: 0.051468
Train Epoch: 28 loss: 0.071333

Train Epoch: 28 accuracy: 0.97 
 precision: [0.99939931 0.86764706 0.74061433 0.91111111 0.77      ] 
 recall: [0.97252667 1.         0.99086758 1.         1.        ] 
 f1: [0.98577988 0.92913386 0.84765625 0.95348837 0.8700565 ] 
 f1_avg: 0.9758476076758593


Validation Epoch: 28 accuracy: 0.89 
 precision: [0.95138889 0.5        0.17777778 0.         0.        ] 
 recall: [0.93835616 0.2        0.19512195 0.         0.        ] 
 f1: [0.94482759 0.28571429 0.18604651 0.         0.        ] 
 f1_avg: 0.897774081461971

--- 180.79607582092285 seconds ---
Train Epoch: 29 loss: 0.046127
Train Epoch: 29 loss: 0.068403

Train Epoch: 29 accuracy: 0.98 
 precision: [0.99940245 0.88059701 0.78198198 0.93181818 0.78571429] 
 recall: [0.97764139 1.         0.99086758 1.         1.        ] 
 f1: [0.98840216 0.93650794 0.87411883 0.96470588 0.88      ] 
 f1_avg: 0.9800304261825036


Validation Epoch: 29 accuracy: 0.90 
 precision: [0.9516129  0.5        0.18604651 0.         0.        ] 
 recall: [0.94292237 0.2        0.19512195 0.         0.        ] 
 f1: [0.94724771 0.28571429 0.19047619 0.         0.        ] 
 f1_avg: 0.9002436545748749

--- 184.8656346797943 seconds ---
Train Epoch: 30 loss: 0.042845
Train Epoch: 30 loss: 0.065302

Train Epoch: 30 accuracy: 0.98 
 precision: [0.99940423 0.90769231 0.80519481 0.93181818 0.80208333] 
 recall: [0.98056408 1.         0.99086758 1.         1.        ] 
 f1: [0.98989452 0.9516129  0.88843398 0.96470588 0.89017341] 
 f1_avg: 0.9824649685575221


Validation Epoch: 30 accuracy: 0.90 
 precision: [0.95166858 0.5        0.18604651 0.         0.        ] 
 recall: [0.94406393 0.2        0.19512195 0.         0.        ] 
 f1: [0.947851   0.28571429 0.19047619 0.         0.        ] 
 f1_avg: 0.9008107014464848

--- 189.03624486923218 seconds ---
Train Epoch: 31 loss: 0.040350
Train Epoch: 31 loss: 0.062313

Train Epoch: 31 accuracy: 0.98 
 precision: [0.99955404 0.90769231 0.82075472 0.95348837 0.82795699] 
 recall: [0.98260997 1.         0.99315068 1.         1.        ] 
 f1: [0.99100958 0.9516129  0.89876033 0.97619048 0.90588235] 
 f1_avg: 0.9843198568545759


Validation Epoch: 31 accuracy: 0.90 
 precision: [0.95265589 0.5        0.19565217 0.         0.        ] 
 recall: [0.94178082 0.2        0.2195122  0.         0.        ] 
 f1: [0.94718714 0.28571429 0.20689655 0.         0.        ] 
 f1_avg: 0.900909083428483

--- 193.04123973846436 seconds ---
Train Epoch: 32 loss: 0.037973
Train Epoch: 32 loss: 0.059527

Train Epoch: 32 accuracy: 0.98 
 precision: [0.99955423 0.90769231 0.82542694 0.95348837 0.82795699] 
 recall: [0.98304837 1.         0.99315068 1.         1.        ] 
 f1: [0.99123259 0.9516129  0.9015544  0.97619048 0.90588235] 
 f1_avg: 0.9846885736891882


Validation Epoch: 32 accuracy: 0.90 
 precision: [0.95292767 0.5        0.21428571 0.         0.        ] 
 recall: [0.94748858 0.2        0.2195122  0.         0.        ] 
 f1: [0.95020034 0.28571429 0.21686747 0.         0.        ] 
 f1_avg: 0.9041798696912514

--- 196.96161794662476 seconds ---
Train Epoch: 33 loss: 0.035985
Train Epoch: 33 loss: 0.056800

Train Epoch: 33 accuracy: 0.98 
 precision: [0.99955463 0.90769231 0.83333333 0.95348837 0.83695652] 
 recall: [0.98392518 1.         0.99315068 1.         1.        ] 
 f1: [0.99167833 0.9516129  0.90625    0.97619048 0.9112426 ] 
 f1_avg: 0.9854286593956575


Validation Epoch: 33 accuracy: 0.90 
 precision: [0.95287356 0.5        0.20930233 0.         0.        ] 
 recall: [0.94634703 0.2        0.2195122  0.         0.        ] 
 f1: [0.94959908 0.28571429 0.21428571 0.         0.        ] 
 f1_avg: 0.9035011619797692

--- 200.88743567466736 seconds ---
Train Epoch: 34 loss: 0.034098
Train Epoch: 34 loss: 0.054120

Train Epoch: 34 accuracy: 0.99 
 precision: [0.99955536 0.921875   0.8463035  0.97619048 0.84615385] 
 recall: [0.98553266 1.         0.99315068 1.         1.        ] 
 f1: [0.99249448 0.95934959 0.91386555 0.98795181 0.91666667] 
 f1_avg: 0.9868066274857891


Validation Epoch: 34 accuracy: 0.90 
 precision: [0.95292767 0.5        0.21428571 0.         0.        ] 
 recall: [0.94748858 0.2        0.2195122  0.         0.        ] 
 f1: [0.95020034 0.28571429 0.21686747 0.         0.        ] 
 f1_avg: 0.9041798696912514

--- 204.79396200180054 seconds ---
Train Epoch: 35 loss: 0.032493
Train Epoch: 35 loss: 0.052001

Train Epoch: 35 accuracy: 0.99 
 precision: [0.99940785 0.93650794 0.85265226 0.97619048 0.86516854] 
 recall: [0.9865556  1.         0.99086758 1.         1.        ] 
 f1: [0.99294014 0.96721311 0.91657867 0.98795181 0.92771084] 
 f1_avg: 0.9875511070157218


Validation Epoch: 35 accuracy: 0.90 
 precision: [0.95486111 0.5        0.19607843 0.         0.        ] 
 recall: [0.94178082 0.2        0.24390244 0.         0.        ] 
 f1: [0.94827586 0.28571429 0.2173913  0.         0.        ] 
 f1_avg: 0.9023940666086332

--- 209.35563492774963 seconds ---
Train Epoch: 36 loss: 0.030480
Train Epoch: 36 loss: 0.049964

Train Epoch: 36 accuracy: 0.99 
 precision: [0.99970414 0.93650794 0.86336634 0.97619048 0.875     ] 
 recall: [0.98757855 1.         0.99543379 1.         1.        ] 
 f1: [0.99360435 0.96721311 0.92470838 0.98795181 0.93333333] 
 f1_avg: 0.988696046459358


Validation Epoch: 36 accuracy: 0.90 
 precision: [0.95276498 0.5        0.18       0.         0.        ] 
 recall: [0.94406393 0.2        0.2195122  0.         0.        ] 
 f1: [0.9483945  0.28571429 0.1978022  0.         0.        ] 
 f1_avg: 0.9016438192275888

--- 213.39651679992676 seconds ---
Train Epoch: 37 loss: 0.030035
Train Epoch: 37 loss: 0.049567

Train Epoch: 37 accuracy: 0.99 
 precision: [0.99970419 0.93650794 0.86507937 0.97619048 0.875     ] 
 recall: [0.98772468 1.         0.99543379 1.         1.        ] 
 f1: [0.99367833 0.96721311 0.92569002 0.98795181 0.93333333] 
 f1_avg: 0.9888215748671131


Validation Epoch: 37 accuracy: 0.90 
 precision: [0.95281933 0.5        0.18367347 0.         0.        ] 
 recall: [0.94520548 0.2        0.2195122  0.         0.        ] 
 f1: [0.94899713 0.28571429 0.2        0.         0.        ] 
 f1_avg: 0.9023069328325302

--- 217.39889001846313 seconds ---
Train Epoch: 38 loss: 0.029552
Train Epoch: 38 loss: 0.048790

Train Epoch: 38 accuracy: 0.99 
 precision: [0.99970427 0.93650794 0.8685259  0.97619048 0.875     ] 
 recall: [0.98801695 1.         0.99543379 1.         1.        ] 
 f1: [0.99382625 0.96721311 0.92765957 0.98795181 0.93333333] 
 f1_avg: 0.9890729697339111


Validation Epoch: 38 accuracy: 0.90 
 precision: [0.95281933 0.5        0.18367347 0.         0.        ] 
 recall: [0.94520548 0.2        0.2195122  0.         0.        ] 
 f1: [0.94899713 0.28571429 0.2        0.         0.        ] 
 f1_avg: 0.9023069328325302

--- 221.44604086875916 seconds ---
Train Epoch: 39 loss: 0.029097
Train Epoch: 39 loss: 0.048087

Train Epoch: 39 accuracy: 0.99 
 precision: [0.99970436 0.93650794 0.87025948 0.97619048 0.88505747] 
 recall: [0.98830922 1.         0.99543379 1.         1.        ] 
 f1: [0.99397413 0.96721311 0.9286475  0.98795181 0.93902439] 
 f1_avg: 0.9893254318759966


Validation Epoch: 39 accuracy: 0.90 
 precision: [0.95281933 0.5        0.18367347 0.         0.        ] 
 recall: [0.94520548 0.2        0.2195122  0.         0.        ] 
 f1: [0.94899713 0.28571429 0.2        0.         0.        ] 
 f1_avg: 0.9023069328325302

--- 225.36783576011658 seconds ---
Train Epoch: 40 loss: 0.028635
Train Epoch: 40 loss: 0.047403

Train Epoch: 40 accuracy: 0.99 
 precision: [0.9997044  0.93650794 0.872      0.97619048 0.88505747] 
 recall: [0.98845536 1.         0.99543379 1.         1.        ] 
 f1: [0.99404806 0.96721311 0.92963753 0.98795181 0.93902439] 
 f1_avg: 0.9894514028911386


Validation Epoch: 40 accuracy: 0.90 
 precision: [0.95281933 0.5        0.18367347 0.         0.        ] 
 recall: [0.94520548 0.2        0.2195122  0.         0.        ] 
 f1: [0.94899713 0.28571429 0.2        0.         0.        ] 
 f1_avg: 0.9023069328325302

--- 229.27784085273743 seconds ---
Train Epoch: 41 loss: 0.028194
Train Epoch: 41 loss: 0.046689

Train Epoch: 41 accuracy: 0.99 
 precision: [0.99970449 0.93650794 0.87550201 0.97619048 0.88505747] 
 recall: [0.98874763 1.         0.99543379 1.         1.        ] 
 f1: [0.99419587 0.96721311 0.93162393 0.98795181 0.93902439] 
 f1_avg: 0.9897036877351759


Validation Epoch: 41 accuracy: 0.90 
 precision: [0.95287356 0.5        0.18367347 0.         0.        ] 
 recall: [0.94634703 0.2        0.2195122  0.         0.        ] 
 f1: [0.94959908 0.28571429 0.2        0.         0.        ] 
 f1_avg: 0.9028727131753547

--- 233.21624493598938 seconds ---
Train Epoch: 42 loss: 0.027759
Train Epoch: 42 loss: 0.045981

Train Epoch: 42 accuracy: 0.99 
 precision: [0.99970454 0.93650794 0.87550201 0.97619048 0.89534884] 
 recall: [0.98889376 1.         0.99543379 1.         1.        ] 
 f1: [0.99426976 0.96721311 0.93162393 0.98795181 0.94478528] 
 f1_avg: 0.9898309637126433


Validation Epoch: 42 accuracy: 0.90 
 precision: [0.95292767 0.5        0.1875     0.         0.        ] 
 recall: [0.94748858 0.2        0.2195122  0.         0.        ] 
 f1: [0.95020034 0.28571429 0.20224719 0.         0.        ] 
 f1_avg: 0.903536702917003

--- 237.1601927280426 seconds ---
Train Epoch: 43 loss: 0.027335
Train Epoch: 43 loss: 0.044612

Train Epoch: 43 accuracy: 0.99 
 precision: [0.99970462 0.93650794 0.87903226 0.97619048 0.89534884] 
 recall: [0.98918603 1.         0.99543379 1.         1.        ] 
 f1: [0.99441751 0.96721311 0.93361884 0.98795181 0.94478528] 
 f1_avg: 0.9900836883973732


Validation Epoch: 43 accuracy: 0.90 
 precision: [0.95391705 0.5        0.19607843 0.         0.        ] 
 recall: [0.94520548 0.2        0.24390244 0.         0.        ] 
 f1: [0.94954128 0.28571429 0.2173913  0.         0.        ] 
 f1_avg: 0.9035834549833124

--- 241.10983777046204 seconds ---
Train Epoch: 44 loss: 0.027133
Train Epoch: 44 loss: 0.044565

Train Epoch: 44 accuracy: 0.99 
 precision: [0.99970458 0.93650794 0.87726358 0.97619048 0.89534884] 
 recall: [0.98903989 1.         0.99543379 1.         1.        ] 
 f1: [0.99434364 0.96721311 0.93262032 0.98795181 0.94478528] 
 f1_avg: 0.9899572683824357


Validation Epoch: 44 accuracy: 0.90 
 precision: [0.95397008 0.5        0.2        0.         0.        ] 
 recall: [0.94634703 0.2        0.24390244 0.         0.        ] 
 f1: [0.95014327 0.28571429 0.21978022 0.         0.        ] 
 f1_avg: 0.9042543582320012

--- 245.04625487327576 seconds ---
Train Epoch: 45 loss: 0.026989
Train Epoch: 45 loss: 0.044356

Train Epoch: 45 accuracy: 0.99 
 precision: [0.99970467 0.93650794 0.88080808 0.97619048 0.89534884] 
 recall: [0.98933216 1.         0.99543379 1.         1.        ] 
 f1: [0.99449137 0.96721311 0.93461951 0.98795181 0.94478528] 
 f1_avg: 0.9902102241625562


Validation Epoch: 45 accuracy: 0.90 
 precision: [0.95397008 0.5        0.2        0.         0.        ] 
 recall: [0.94634703 0.2        0.24390244 0.         0.        ] 
 f1: [0.95014327 0.28571429 0.21978022 0.         0.        ] 
 f1_avg: 0.9042543582320012

--- 249.0941026210785 seconds ---
Train Epoch: 46 loss: 0.026858
Train Epoch: 46 loss: 0.044177

Train Epoch: 46 accuracy: 0.99 
 precision: [0.99970467 0.93650794 0.88080808 0.97619048 0.89534884] 
 recall: [0.98933216 1.         0.99543379 1.         1.        ] 
 f1: [0.99449137 0.96721311 0.93461951 0.98795181 0.94478528] 
 f1_avg: 0.9902102241625562


Validation Epoch: 46 accuracy: 0.90 
 precision: [0.95391705 0.5        0.19607843 0.         0.        ] 
 recall: [0.94520548 0.2        0.24390244 0.         0.        ] 
 f1: [0.94954128 0.28571429 0.2173913  0.         0.        ] 
 f1_avg: 0.9035834549833124

--- 253.05768084526062 seconds ---
Train Epoch: 47 loss: 0.026720
Train Epoch: 47 loss: 0.043975

Train Epoch: 47 accuracy: 0.99 
 precision: [0.99970475 0.93650794 0.88438134 0.97619048 0.89534884] 
 recall: [0.98962443 1.         0.99543379 1.         1.        ] 
 f1: [0.99463905 0.96721311 0.93662728 0.98795181 0.94478528] 
 f1_avg: 0.9904636445727112


Validation Epoch: 47 accuracy: 0.90 
 precision: [0.95397008 0.5        0.2        0.         0.        ] 
 recall: [0.94634703 0.2        0.24390244 0.         0.        ] 
 f1: [0.95014327 0.28571429 0.21978022 0.         0.        ] 
 f1_avg: 0.9042543582320012

--- 256.98517990112305 seconds ---
Train Epoch: 48 loss: 0.026590
Train Epoch: 48 loss: 0.043762

Train Epoch: 48 accuracy: 0.99 
 precision: [0.99970475 0.93650794 0.88438134 0.97619048 0.89534884] 
 recall: [0.98962443 1.         0.99543379 1.         1.        ] 
 f1: [0.99463905 0.96721311 0.93662728 0.98795181 0.94478528] 
 f1_avg: 0.9904636445727112


Validation Epoch: 48 accuracy: 0.90 
 precision: [0.95397008 0.5        0.2        0.         0.        ] 
 recall: [0.94634703 0.2        0.24390244 0.         0.        ] 
 f1: [0.95014327 0.28571429 0.21978022 0.         0.        ] 
 f1_avg: 0.9042543582320012

--- 261.0065538883209 seconds ---
Train Epoch: 49 loss: 0.026452
Train Epoch: 49 loss: 0.043567

Train Epoch: 49 accuracy: 0.99 
 precision: [0.99970484 0.93650794 0.88798371 0.97619048 0.89534884] 
 recall: [0.9899167  1.         0.99543379 1.         1.        ] 
 f1: [0.9947867  0.96721311 0.9386437  0.98795181 0.94478528] 
 f1_avg: 0.9907175328884398


Validation Epoch: 49 accuracy: 0.90 
 precision: [0.95397008 0.5        0.2        0.         0.        ] 
 recall: [0.94634703 0.2        0.24390244 0.         0.        ] 
 f1: [0.95014327 0.28571429 0.21978022 0.         0.        ] 
 f1_avg: 0.9042543582320012

--- 264.92936396598816 seconds ---
Train Epoch: 50 loss: 0.026318
Train Epoch: 50 loss: 0.043364

Train Epoch: 50 accuracy: 0.99 
 precision: [0.99970493 0.93650794 0.89161554 0.97619048 0.89534884] 
 recall: [0.99020897 1.         0.99543379 1.         1.        ] 
 f1: [0.99493429 0.96721311 0.94066882 0.98795181 0.94478528] 
 f1_avg: 0.9909718924133879


Validation Epoch: 50 accuracy: 0.90 
 precision: [0.95407577 0.5        0.20833333 0.         0.        ] 
 recall: [0.94863014 0.2        0.24390244 0.         0.        ] 
 f1: [0.95134516 0.28571429 0.2247191  0.         0.        ] 
 f1_avg: 0.9056013063116748

--- 268.84838461875916 seconds ---
Train Epoch: 51 loss: 0.026193
Train Epoch: 51 loss: 0.042961

Train Epoch: 51 accuracy: 0.99 
 precision: [0.99970497 0.93650794 0.89344262 0.97619048 0.89534884] 
 recall: [0.99035511 1.         0.99543379 1.         1.        ] 
 f1: [0.99500808 0.96721311 0.94168467 0.98795181 0.94478528] 
 f1_avg: 0.9910992499194687


Validation Epoch: 51 accuracy: 0.90 
 precision: [0.95391705 0.5        0.19607843 0.         0.        ] 
 recall: [0.94520548 0.2        0.24390244 0.         0.        ] 
 f1: [0.94954128 0.28571429 0.2173913  0.         0.        ] 
 f1_avg: 0.9035834549833124

--- 272.7767276763916 seconds ---
Train Epoch: 52 loss: 0.026137
Train Epoch: 52 loss: 0.042930

Train Epoch: 52 accuracy: 0.99 
 precision: [0.99970497 0.93650794 0.89344262 0.97619048 0.89534884] 
 recall: [0.99035511 1.         0.99543379 1.         1.        ] 
 f1: [0.99500808 0.96721311 0.94168467 0.98795181 0.94478528] 
 f1_avg: 0.9910992499194687


Validation Epoch: 52 accuracy: 0.90 
 precision: [0.95391705 0.5        0.19607843 0.         0.        ] 
 recall: [0.94520548 0.2        0.24390244 0.         0.        ] 
 f1: [0.94954128 0.28571429 0.2173913  0.         0.        ] 
 f1_avg: 0.9035834549833124

--- 276.6789367198944 seconds ---
Train Epoch: 53 loss: 0.026088
Train Epoch: 53 loss: 0.042884

Train Epoch: 53 accuracy: 0.99 
 precision: [0.99970497 0.93650794 0.89344262 0.97619048 0.89534884] 
 recall: [0.99035511 1.         0.99543379 1.         1.        ] 
 f1: [0.99500808 0.96721311 0.94168467 0.98795181 0.94478528] 
 f1_avg: 0.9910992499194687


Validation Epoch: 53 accuracy: 0.90 
 precision: [0.95391705 0.5        0.19607843 0.         0.        ] 
 recall: [0.94520548 0.2        0.24390244 0.         0.        ] 
 f1: [0.94954128 0.28571429 0.2173913  0.         0.        ] 
 f1_avg: 0.9035834549833124

--- 280.6119108200073 seconds ---
Train Epoch: 54 loss: 0.026042
Train Epoch: 54 loss: 0.042821

Train Epoch: 54 accuracy: 0.99 
 precision: [0.99970497 0.93650794 0.89344262 0.97619048 0.89534884] 
 recall: [0.99035511 1.         0.99543379 1.         1.        ] 
 f1: [0.99500808 0.96721311 0.94168467 0.98795181 0.94478528] 
 f1_avg: 0.9910992499194687


Validation Epoch: 54 accuracy: 0.90 
 precision: [0.95391705 0.5        0.19607843 0.         0.        ] 
 recall: [0.94520548 0.2        0.24390244 0.         0.        ] 
 f1: [0.94954128 0.28571429 0.2173913  0.         0.        ] 
 f1_avg: 0.9035834549833124

--- 284.5247628688812 seconds ---
Train Epoch: 55 loss: 0.025995
Train Epoch: 55 loss: 0.042759

Train Epoch: 55 accuracy: 0.99 
 precision: [0.99970497 0.93650794 0.89344262 0.97619048 0.89534884] 
 recall: [0.99035511 1.         0.99543379 1.         1.        ] 
 f1: [0.99500808 0.96721311 0.94168467 0.98795181 0.94478528] 
 f1_avg: 0.9910992499194687


Validation Epoch: 55 accuracy: 0.90 
 precision: [0.95391705 0.5        0.19607843 0.         0.        ] 
 recall: [0.94520548 0.2        0.24390244 0.         0.        ] 
 f1: [0.94954128 0.28571429 0.2173913  0.         0.        ] 
 f1_avg: 0.9035834549833124

--- 288.4198226928711 seconds ---
Train Epoch: 56 loss: 0.025950
Train Epoch: 56 loss: 0.042698

Train Epoch: 56 accuracy: 0.99 
 precision: [0.99970497 0.93650794 0.89344262 0.97619048 0.89534884] 
 recall: [0.99035511 1.         0.99543379 1.         1.        ] 
 f1: [0.99500808 0.96721311 0.94168467 0.98795181 0.94478528] 
 f1_avg: 0.9910992499194687


Validation Epoch: 56 accuracy: 0.90 
 precision: [0.95391705 0.5        0.19607843 0.         0.        ] 
 recall: [0.94520548 0.2        0.24390244 0.         0.        ] 
 f1: [0.94954128 0.28571429 0.2173913  0.         0.        ] 
 f1_avg: 0.9035834549833124

--- 292.3413026332855 seconds ---
Train Epoch: 57 loss: 0.025904
Train Epoch: 57 loss: 0.042631

Train Epoch: 57 accuracy: 0.99 
 precision: [0.99970497 0.93650794 0.89344262 0.97619048 0.89534884] 
 recall: [0.99035511 1.         0.99543379 1.         1.        ] 
 f1: [0.99500808 0.96721311 0.94168467 0.98795181 0.94478528] 
 f1_avg: 0.9910992499194687


Validation Epoch: 57 accuracy: 0.90 
 precision: [0.95391705 0.5        0.19607843 0.         0.        ] 
 recall: [0.94520548 0.2        0.24390244 0.         0.        ] 
 f1: [0.94954128 0.28571429 0.2173913  0.         0.        ] 
 f1_avg: 0.9035834549833124

--- 296.2597858905792 seconds ---
Train Epoch: 58 loss: 0.025861
Train Epoch: 58 loss: 0.042564

Train Epoch: 58 accuracy: 0.99 
 precision: [0.99970497 0.93650794 0.89344262 0.97619048 0.89534884] 
 recall: [0.99035511 1.         0.99543379 1.         1.        ] 
 f1: [0.99500808 0.96721311 0.94168467 0.98795181 0.94478528] 
 f1_avg: 0.9910992499194687


Validation Epoch: 58 accuracy: 0.90 
 precision: [0.95397008 0.5        0.2        0.         0.        ] 
 recall: [0.94634703 0.2        0.24390244 0.         0.        ] 
 f1: [0.95014327 0.28571429 0.21978022 0.         0.        ] 
 f1_avg: 0.9042543582320012

--- 300.15780878067017 seconds ---
Train Epoch: 59 loss: 0.025810
Train Epoch: 59 loss: 0.042438

Train Epoch: 59 accuracy: 0.99 
 precision: [0.99970501 0.93650794 0.89527721 0.97619048 0.89534884] 
 recall: [0.99050124 1.         0.99543379 1.         1.        ] 
 f1: [0.99508185 0.96721311 0.9427027  0.98795181 0.94478528] 
 f1_avg: 0.9912267264796117


Validation Epoch: 59 accuracy: 0.90 
 precision: [0.95391705 0.5        0.19607843 0.         0.        ] 
 recall: [0.94520548 0.2        0.24390244 0.         0.        ] 
 f1: [0.94954128 0.28571429 0.2173913  0.         0.        ] 
 f1_avg: 0.9035834549833124

--- 304.0580790042877 seconds ---
Train Epoch: 60 loss: 0.025794
Train Epoch: 60 loss: 0.042423

Train Epoch: 60 accuracy: 0.99 
 precision: [0.99970501 0.93650794 0.89527721 0.97619048 0.89534884] 
 recall: [0.99050124 1.         0.99543379 1.         1.        ] 
 f1: [0.99508185 0.96721311 0.9427027  0.98795181 0.94478528] 
 f1_avg: 0.9912267264796117


Validation Epoch: 60 accuracy: 0.90 
 precision: [0.95391705 0.5        0.19607843 0.         0.        ] 
 recall: [0.94520548 0.2        0.24390244 0.         0.        ] 
 f1: [0.94954128 0.28571429 0.2173913  0.         0.        ] 
 f1_avg: 0.9035834549833124

--- 308.028089761734 seconds ---
Train Epoch: 61 loss: 0.025779
Train Epoch: 61 loss: 0.042404

Train Epoch: 61 accuracy: 0.99 
 precision: [0.99970501 0.93650794 0.89527721 0.97619048 0.89534884] 
 recall: [0.99050124 1.         0.99543379 1.         1.        ] 
 f1: [0.99508185 0.96721311 0.9427027  0.98795181 0.94478528] 
 f1_avg: 0.9912267264796117


Validation Epoch: 61 accuracy: 0.90 
 precision: [0.95397008 0.5        0.2        0.         0.        ] 
 recall: [0.94634703 0.2        0.24390244 0.         0.        ] 
 f1: [0.95014327 0.28571429 0.21978022 0.         0.        ] 
 f1_avg: 0.9042543582320012

--- 311.9693109989166 seconds ---
Train Epoch: 62 loss: 0.025764
Train Epoch: 62 loss: 0.042385

Train Epoch: 62 accuracy: 0.99 
 precision: [0.99970506 0.93650794 0.89711934 0.97619048 0.89534884] 
 recall: [0.99064738 1.         0.99543379 1.         1.        ] 
 f1: [0.99515561 0.96721311 0.94372294 0.98795181 0.94478528] 
 f1_avg: 0.9913543225148133


Validation Epoch: 62 accuracy: 0.90 
 precision: [0.95397008 0.5        0.2        0.         0.        ] 
 recall: [0.94634703 0.2        0.24390244 0.         0.        ] 
 f1: [0.95014327 0.28571429 0.21978022 0.         0.        ] 
 f1_avg: 0.9042543582320012

--- 315.86436581611633 seconds ---
Train Epoch: 63 loss: 0.025749
Train Epoch: 63 loss: 0.042363

Train Epoch: 63 accuracy: 0.99 
 precision: [0.99970506 0.93650794 0.89711934 0.97619048 0.89534884] 
 recall: [0.99064738 1.         0.99543379 1.         1.        ] 
 f1: [0.99515561 0.96721311 0.94372294 0.98795181 0.94478528] 
 f1_avg: 0.9913543225148133


Validation Epoch: 63 accuracy: 0.90 
 precision: [0.95397008 0.5        0.2        0.         0.        ] 
 recall: [0.94634703 0.2        0.24390244 0.         0.        ] 
 f1: [0.95014327 0.28571429 0.21978022 0.         0.        ] 
 f1_avg: 0.9042543582320012

--- 319.77752780914307 seconds ---
Train Epoch: 64 loss: 0.025733
Train Epoch: 64 loss: 0.042343

Train Epoch: 64 accuracy: 0.99 
 precision: [0.99970506 0.93650794 0.89711934 0.97619048 0.89534884] 
 recall: [0.99064738 1.         0.99543379 1.         1.        ] 
 f1: [0.99515561 0.96721311 0.94372294 0.98795181 0.94478528] 
 f1_avg: 0.9913543225148133


Validation Epoch: 64 accuracy: 0.90 
 precision: [0.95397008 0.5        0.2        0.         0.        ] 
 recall: [0.94634703 0.2        0.24390244 0.         0.        ] 
 f1: [0.95014327 0.28571429 0.21978022 0.         0.        ] 
 f1_avg: 0.9042543582320012

--- 323.99327278137207 seconds ---
Train Epoch: 65 loss: 0.025718
Train Epoch: 65 loss: 0.042322

Train Epoch: 65 accuracy: 0.99 
 precision: [0.99970506 0.93650794 0.89711934 0.97619048 0.89534884] 
 recall: [0.99064738 1.         0.99543379 1.         1.        ] 
 f1: [0.99515561 0.96721311 0.94372294 0.98795181 0.94478528] 
 f1_avg: 0.9913543225148133


Validation Epoch: 65 accuracy: 0.90 
 precision: [0.95397008 0.5        0.2        0.         0.        ] 
 recall: [0.94634703 0.2        0.24390244 0.         0.        ] 
 f1: [0.95014327 0.28571429 0.21978022 0.         0.        ] 
 f1_avg: 0.9042543582320012

--- 327.9049017429352 seconds ---
Train Epoch: 66 loss: 0.025702
Train Epoch: 66 loss: 0.042299

Train Epoch: 66 accuracy: 0.99 
 precision: [0.99970506 0.93650794 0.89711934 0.97619048 0.89534884] 
 recall: [0.99064738 1.         0.99543379 1.         1.        ] 
 f1: [0.99515561 0.96721311 0.94372294 0.98795181 0.94478528] 
 f1_avg: 0.9913543225148133


Validation Epoch: 66 accuracy: 0.90 
 precision: [0.95397008 0.5        0.2        0.         0.        ] 
 recall: [0.94634703 0.2        0.24390244 0.         0.        ] 
 f1: [0.95014327 0.28571429 0.21978022 0.         0.        ] 
 f1_avg: 0.9042543582320012

--- 331.834303855896 seconds ---
Train Epoch: 67 loss: 0.025686
Train Epoch: 67 loss: 0.042255

Train Epoch: 67 accuracy: 0.99 
 precision: [0.9997051  0.93650794 0.89896907 0.97619048 0.89534884] 
 recall: [0.99079351 1.         0.99543379 1.         1.        ] 
 f1: [0.99522936 0.96721311 0.9447454  0.98795181 0.94478528] 
 f1_avg: 0.9914820384478847


Validation Epoch: 67 accuracy: 0.90 
 precision: [0.95397008 0.5        0.2        0.         0.        ] 
 recall: [0.94634703 0.2        0.24390244 0.         0.        ] 
 f1: [0.95014327 0.28571429 0.21978022 0.         0.        ] 
 f1_avg: 0.9042543582320012

--- 335.75878286361694 seconds ---
Train Epoch: 68 loss: 0.025681
Train Epoch: 68 loss: 0.042250

Train Epoch: 68 accuracy: 0.99 
 precision: [0.9997051  0.93650794 0.89896907 0.97619048 0.89534884] 
 recall: [0.99079351 1.         0.99543379 1.         1.        ] 
 f1: [0.99522936 0.96721311 0.9447454  0.98795181 0.94478528] 
 f1_avg: 0.9914820384478847


Validation Epoch: 68 accuracy: 0.90 
 precision: [0.95397008 0.5        0.2        0.         0.        ] 
 recall: [0.94634703 0.2        0.24390244 0.         0.        ] 
 f1: [0.95014327 0.28571429 0.21978022 0.         0.        ] 
 f1_avg: 0.9042543582320012

--- 339.6876187324524 seconds ---
Train Epoch: 69 loss: 0.025675
Train Epoch: 69 loss: 0.042244

Train Epoch: 69 accuracy: 0.99 
 precision: [0.99970515 0.93650794 0.90082645 0.97619048 0.89534884] 
 recall: [0.99093965 1.         0.99543379 1.         1.        ] 
 f1: [0.9953031  0.96721311 0.94577007 0.98795181 0.94478528] 
 f1_avg: 0.9916098747034611


Validation Epoch: 69 accuracy: 0.90 
 precision: [0.95397008 0.5        0.2        0.         0.        ] 
 recall: [0.94634703 0.2        0.24390244 0.         0.        ] 
 f1: [0.95014327 0.28571429 0.21978022 0.         0.        ] 
 f1_avg: 0.9042543582320012

--- 343.58341670036316 seconds ---
Train Epoch: 70 loss: 0.025671
Train Epoch: 70 loss: 0.042237

Train Epoch: 70 accuracy: 0.99 
 precision: [0.99970515 0.93650794 0.90082645 0.97619048 0.89534884] 
 recall: [0.99093965 1.         0.99543379 1.         1.        ] 
 f1: [0.9953031  0.96721311 0.94577007 0.98795181 0.94478528] 
 f1_avg: 0.9916098747034611


Validation Epoch: 70 accuracy: 0.90 
 precision: [0.95397008 0.5        0.2        0.         0.        ] 
 recall: [0.94634703 0.2        0.24390244 0.         0.        ] 
 f1: [0.95014327 0.28571429 0.21978022 0.         0.        ] 
 f1_avg: 0.9042543582320012

--- 347.49080777168274 seconds ---
Train Epoch: 71 loss: 0.025665
Train Epoch: 71 loss: 0.042231

Train Epoch: 71 accuracy: 0.99 
 precision: [0.99970515 0.93650794 0.90082645 0.97619048 0.89534884] 
 recall: [0.99093965 1.         0.99543379 1.         1.        ] 
 f1: [0.9953031  0.96721311 0.94577007 0.98795181 0.94478528] 
 f1_avg: 0.9916098747034611


Validation Epoch: 71 accuracy: 0.90 
 precision: [0.95397008 0.5        0.2        0.         0.        ] 
 recall: [0.94634703 0.2        0.24390244 0.         0.        ] 
 f1: [0.95014327 0.28571429 0.21978022 0.         0.        ] 
 f1_avg: 0.9042543582320012

--- 351.40826392173767 seconds ---
Train Epoch: 72 loss: 0.025660
Train Epoch: 72 loss: 0.042223

Train Epoch: 72 accuracy: 0.99 
 precision: [0.99970515 0.93650794 0.90082645 0.97619048 0.89534884] 
 recall: [0.99093965 1.         0.99543379 1.         1.        ] 
 f1: [0.9953031  0.96721311 0.94577007 0.98795181 0.94478528] 
 f1_avg: 0.9916098747034611


Validation Epoch: 72 accuracy: 0.90 
 precision: [0.95397008 0.5        0.2        0.         0.        ] 
 recall: [0.94634703 0.2        0.24390244 0.         0.        ] 
 f1: [0.95014327 0.28571429 0.21978022 0.         0.        ] 
 f1_avg: 0.9042543582320012

--- 355.3198516368866 seconds ---
Train Epoch: 73 loss: 0.025655
Train Epoch: 73 loss: 0.042216

Train Epoch: 73 accuracy: 0.99 
 precision: [0.99970515 0.93650794 0.90082645 0.97619048 0.89534884] 
 recall: [0.99093965 1.         0.99543379 1.         1.        ] 
 f1: [0.9953031  0.96721311 0.94577007 0.98795181 0.94478528] 
 f1_avg: 0.9916098747034611


Validation Epoch: 73 accuracy: 0.90 
 precision: [0.95397008 0.5        0.2        0.         0.        ] 
 recall: [0.94634703 0.2        0.24390244 0.         0.        ] 
 f1: [0.95014327 0.28571429 0.21978022 0.         0.        ] 
 f1_avg: 0.9042543582320012

--- 359.2240378856659 seconds ---
Train Epoch: 74 loss: 0.025650
Train Epoch: 74 loss: 0.042209

Train Epoch: 74 accuracy: 0.99 
 precision: [0.99970515 0.93650794 0.90082645 0.97619048 0.89534884] 
 recall: [0.99093965 1.         0.99543379 1.         1.        ] 
 f1: [0.9953031  0.96721311 0.94577007 0.98795181 0.94478528] 
 f1_avg: 0.9916098747034611


Validation Epoch: 74 accuracy: 0.90 
 precision: [0.95397008 0.5        0.2        0.         0.        ] 
 recall: [0.94634703 0.2        0.24390244 0.         0.        ] 
 f1: [0.95014327 0.28571429 0.21978022 0.         0.        ] 
 f1_avg: 0.9042543582320012

--- 363.1280188560486 seconds ---
Train Epoch: 75 loss: 0.025645
Train Epoch: 75 loss: 0.042194

Train Epoch: 75 accuracy: 0.99 
 precision: [0.99970515 0.93650794 0.90082645 0.97619048 0.89534884] 
 recall: [0.99093965 1.         0.99543379 1.         1.        ] 
 f1: [0.9953031  0.96721311 0.94577007 0.98795181 0.94478528] 
 f1_avg: 0.9916098747034611


Validation Epoch: 75 accuracy: 0.90 
 precision: [0.95397008 0.5        0.2        0.         0.        ] 
 recall: [0.94634703 0.2        0.24390244 0.         0.        ] 
 f1: [0.95014327 0.28571429 0.21978022 0.         0.        ] 
 f1_avg: 0.9042543582320012

--- 367.06119680404663 seconds ---
Train Epoch: 76 loss: 0.025643
Train Epoch: 76 loss: 0.042192

Train Epoch: 76 accuracy: 0.99 
 precision: [0.99970515 0.93650794 0.90082645 0.97619048 0.89534884] 
 recall: [0.99093965 1.         0.99543379 1.         1.        ] 
 f1: [0.9953031  0.96721311 0.94577007 0.98795181 0.94478528] 
 f1_avg: 0.9916098747034611


Validation Epoch: 76 accuracy: 0.90 
 precision: [0.95397008 0.5        0.2        0.         0.        ] 
 recall: [0.94634703 0.2        0.24390244 0.         0.        ] 
 f1: [0.95014327 0.28571429 0.21978022 0.         0.        ] 
 f1_avg: 0.9042543582320012

--- 371.08317971229553 seconds ---
Train Epoch: 77 loss: 0.025641
Train Epoch: 77 loss: 0.042190

Train Epoch: 77 accuracy: 0.99 
 precision: [0.99970515 0.93650794 0.90082645 0.97619048 0.89534884] 
 recall: [0.99093965 1.         0.99543379 1.         1.        ] 
 f1: [0.9953031  0.96721311 0.94577007 0.98795181 0.94478528] 
 f1_avg: 0.9916098747034611


Validation Epoch: 77 accuracy: 0.90 
 precision: [0.95397008 0.5        0.2        0.         0.        ] 
 recall: [0.94634703 0.2        0.24390244 0.         0.        ] 
 f1: [0.95014327 0.28571429 0.21978022 0.         0.        ] 
 f1_avg: 0.9042543582320012

--- 374.9874529838562 seconds ---
Train Epoch: 78 loss: 0.025639
Train Epoch: 78 loss: 0.042188

Train Epoch: 78 accuracy: 0.99 
 precision: [0.99970515 0.93650794 0.90082645 0.97619048 0.89534884] 
 recall: [0.99093965 1.         0.99543379 1.         1.        ] 
 f1: [0.9953031  0.96721311 0.94577007 0.98795181 0.94478528] 
 f1_avg: 0.9916098747034611


Validation Epoch: 78 accuracy: 0.90 
 precision: [0.95397008 0.5        0.2        0.         0.        ] 
 recall: [0.94634703 0.2        0.24390244 0.         0.        ] 
 f1: [0.95014327 0.28571429 0.21978022 0.         0.        ] 
 f1_avg: 0.9042543582320012

--- 378.94272470474243 seconds ---
Train Epoch: 79 loss: 0.025638
Train Epoch: 79 loss: 0.042186

Train Epoch: 79 accuracy: 0.99 
 precision: [0.99970515 0.93650794 0.90082645 0.97619048 0.89534884] 
 recall: [0.99093965 1.         0.99543379 1.         1.        ] 
 f1: [0.9953031  0.96721311 0.94577007 0.98795181 0.94478528] 
 f1_avg: 0.9916098747034611


Validation Epoch: 79 accuracy: 0.90 
 precision: [0.95397008 0.5        0.2        0.         0.        ] 
 recall: [0.94634703 0.2        0.24390244 0.         0.        ] 
 f1: [0.95014327 0.28571429 0.21978022 0.         0.        ] 
 f1_avg: 0.9042543582320012

--- 382.89740681648254 seconds ---
Train Epoch: 80 loss: 0.025636
Train Epoch: 80 loss: 0.042183

Train Epoch: 80 accuracy: 0.99 
 precision: [0.99970515 0.93650794 0.90082645 0.97619048 0.89534884] 
 recall: [0.99093965 1.         0.99543379 1.         1.        ] 
 f1: [0.9953031  0.96721311 0.94577007 0.98795181 0.94478528] 
 f1_avg: 0.9916098747034611


Validation Epoch: 80 accuracy: 0.90 
 precision: [0.95397008 0.5        0.2        0.         0.        ] 
 recall: [0.94634703 0.2        0.24390244 0.         0.        ] 
 f1: [0.95014327 0.28571429 0.21978022 0.         0.        ] 
 f1_avg: 0.9042543582320012

--- 386.86571073532104 seconds ---
Train Epoch: 81 loss: 0.025634
Train Epoch: 81 loss: 0.042181

Train Epoch: 81 accuracy: 0.99 
 precision: [0.99970515 0.93650794 0.90082645 0.97619048 0.89534884] 
 recall: [0.99093965 1.         0.99543379 1.         1.        ] 
 f1: [0.9953031  0.96721311 0.94577007 0.98795181 0.94478528] 
 f1_avg: 0.9916098747034611


Validation Epoch: 81 accuracy: 0.90 
 precision: [0.95397008 0.5        0.2        0.         0.        ] 
 recall: [0.94634703 0.2        0.24390244 0.         0.        ] 
 f1: [0.95014327 0.28571429 0.21978022 0.         0.        ] 
 f1_avg: 0.9042543582320012

--- 390.81336092948914 seconds ---
Train Epoch: 82 loss: 0.025632
Train Epoch: 82 loss: 0.042179

Train Epoch: 82 accuracy: 0.99 
 precision: [0.99970519 0.93650794 0.90269151 0.97619048 0.89534884] 
 recall: [0.99108578 1.         0.99543379 1.         1.        ] 
 f1: [0.99537683 0.96721311 0.94679696 0.98795181 0.94478528] 
 f1_avg: 0.9917378317080113


Validation Epoch: 82 accuracy: 0.90 
 precision: [0.95397008 0.5        0.2        0.         0.        ] 
 recall: [0.94634703 0.2        0.24390244 0.         0.        ] 
 f1: [0.95014327 0.28571429 0.21978022 0.         0.        ] 
 f1_avg: 0.9042543582320012

--- 394.7627558708191 seconds ---
Train Epoch: 83 loss: 0.025630
Train Epoch: 83 loss: 0.042174

Train Epoch: 83 accuracy: 0.99 
 precision: [0.99970519 0.93650794 0.90269151 0.97619048 0.89534884] 
 recall: [0.99108578 1.         0.99543379 1.         1.        ] 
 f1: [0.99537683 0.96721311 0.94679696 0.98795181 0.94478528] 
 f1_avg: 0.9917378317080113


Validation Epoch: 83 accuracy: 0.90 
 precision: [0.95397008 0.5        0.2        0.         0.        ] 
 recall: [0.94634703 0.2        0.24390244 0.         0.        ] 
 f1: [0.95014327 0.28571429 0.21978022 0.         0.        ] 
 f1_avg: 0.9042543582320012

--- 398.7249958515167 seconds ---
Train Epoch: 84 loss: 0.025630
Train Epoch: 84 loss: 0.042173

Train Epoch: 84 accuracy: 0.99 
 precision: [0.99970519 0.93650794 0.90269151 0.97619048 0.89534884] 
 recall: [0.99108578 1.         0.99543379 1.         1.        ] 
 f1: [0.99537683 0.96721311 0.94679696 0.98795181 0.94478528] 
 f1_avg: 0.9917378317080113


Validation Epoch: 84 accuracy: 0.90 
 precision: [0.95397008 0.5        0.2        0.         0.        ] 
 recall: [0.94634703 0.2        0.24390244 0.         0.        ] 
 f1: [0.95014327 0.28571429 0.21978022 0.         0.        ] 
 f1_avg: 0.9042543582320012

--- 402.6354796886444 seconds ---
Train Epoch: 85 loss: 0.025629
Train Epoch: 85 loss: 0.042172

Train Epoch: 85 accuracy: 0.99 
 precision: [0.99970519 0.93650794 0.90269151 0.97619048 0.89534884] 
 recall: [0.99108578 1.         0.99543379 1.         1.        ] 
 f1: [0.99537683 0.96721311 0.94679696 0.98795181 0.94478528] 
 f1_avg: 0.9917378317080113


Validation Epoch: 85 accuracy: 0.90 
 precision: [0.95397008 0.5        0.2        0.         0.        ] 
 recall: [0.94634703 0.2        0.24390244 0.         0.        ] 
 f1: [0.95014327 0.28571429 0.21978022 0.         0.        ] 
 f1_avg: 0.9042543582320012

--- 406.54170083999634 seconds ---
Train Epoch: 86 loss: 0.025629
Train Epoch: 86 loss: 0.042172

Train Epoch: 86 accuracy: 0.99 
 precision: [0.99970519 0.93650794 0.90269151 0.97619048 0.89534884] 
 recall: [0.99108578 1.         0.99543379 1.         1.        ] 
 f1: [0.99537683 0.96721311 0.94679696 0.98795181 0.94478528] 
 f1_avg: 0.9917378317080113


Validation Epoch: 86 accuracy: 0.90 
 precision: [0.95397008 0.5        0.2        0.         0.        ] 
 recall: [0.94634703 0.2        0.24390244 0.         0.        ] 
 f1: [0.95014327 0.28571429 0.21978022 0.         0.        ] 
 f1_avg: 0.9042543582320012

--- 410.44052290916443 seconds ---
Train Epoch: 87 loss: 0.025628
Train Epoch: 87 loss: 0.042171

Train Epoch: 87 accuracy: 0.99 
 precision: [0.99970519 0.93650794 0.90269151 0.97619048 0.89534884] 
 recall: [0.99108578 1.         0.99543379 1.         1.        ] 
 f1: [0.99537683 0.96721311 0.94679696 0.98795181 0.94478528] 
 f1_avg: 0.9917378317080113


Validation Epoch: 87 accuracy: 0.90 
 precision: [0.95397008 0.5        0.2        0.         0.        ] 
 recall: [0.94634703 0.2        0.24390244 0.         0.        ] 
 f1: [0.95014327 0.28571429 0.21978022 0.         0.        ] 
 f1_avg: 0.9042543582320012

--- 414.33627796173096 seconds ---
Train Epoch: 88 loss: 0.025628
Train Epoch: 88 loss: 0.042170

Train Epoch: 88 accuracy: 0.99 
 precision: [0.99970519 0.93650794 0.90269151 0.97619048 0.89534884] 
 recall: [0.99108578 1.         0.99543379 1.         1.        ] 
 f1: [0.99537683 0.96721311 0.94679696 0.98795181 0.94478528] 
 f1_avg: 0.9917378317080113


Validation Epoch: 88 accuracy: 0.90 
 precision: [0.95397008 0.5        0.2        0.         0.        ] 
 recall: [0.94634703 0.2        0.24390244 0.         0.        ] 
 f1: [0.95014327 0.28571429 0.21978022 0.         0.        ] 
 f1_avg: 0.9042543582320012

--- 418.2426857948303 seconds ---
Train Epoch: 89 loss: 0.025627
Train Epoch: 89 loss: 0.042169

Train Epoch: 89 accuracy: 0.99 
 precision: [0.99970519 0.93650794 0.90269151 0.97619048 0.89534884] 
 recall: [0.99108578 1.         0.99543379 1.         1.        ] 
 f1: [0.99537683 0.96721311 0.94679696 0.98795181 0.94478528] 
 f1_avg: 0.9917378317080113


Validation Epoch: 89 accuracy: 0.90 
 precision: [0.95397008 0.5        0.2        0.         0.        ] 
 recall: [0.94634703 0.2        0.24390244 0.         0.        ] 
 f1: [0.95014327 0.28571429 0.21978022 0.         0.        ] 
 f1_avg: 0.9042543582320012

--- 422.14225482940674 seconds ---
Train Epoch: 90 loss: 0.025627
Train Epoch: 90 loss: 0.042169

Train Epoch: 90 accuracy: 0.99 
 precision: [0.99970519 0.93650794 0.90269151 0.97619048 0.89534884] 
 recall: [0.99108578 1.         0.99543379 1.         1.        ] 
 f1: [0.99537683 0.96721311 0.94679696 0.98795181 0.94478528] 
 f1_avg: 0.9917378317080113


Validation Epoch: 90 accuracy: 0.90 
 precision: [0.95397008 0.5        0.2        0.         0.        ] 
 recall: [0.94634703 0.2        0.24390244 0.         0.        ] 
 f1: [0.95014327 0.28571429 0.21978022 0.         0.        ] 
 f1_avg: 0.9042543582320012

--- 426.0523929595947 seconds ---
Train Epoch: 91 loss: 0.025626
Train Epoch: 91 loss: 0.042167

Train Epoch: 91 accuracy: 0.99 
 precision: [0.99970519 0.93650794 0.90269151 0.97619048 0.89534884] 
 recall: [0.99108578 1.         0.99543379 1.         1.        ] 
 f1: [0.99537683 0.96721311 0.94679696 0.98795181 0.94478528] 
 f1_avg: 0.9917378317080113


Validation Epoch: 91 accuracy: 0.90 
 precision: [0.95397008 0.5        0.2        0.         0.        ] 
 recall: [0.94634703 0.2        0.24390244 0.         0.        ] 
 f1: [0.95014327 0.28571429 0.21978022 0.         0.        ] 
 f1_avg: 0.9042543582320012

--- 430.1497437953949 seconds ---
Train Epoch: 92 loss: 0.025626
Train Epoch: 92 loss: 0.042167

Train Epoch: 92 accuracy: 0.99 
 precision: [0.99970519 0.93650794 0.90269151 0.97619048 0.89534884] 
 recall: [0.99108578 1.         0.99543379 1.         1.        ] 
 f1: [0.99537683 0.96721311 0.94679696 0.98795181 0.94478528] 
 f1_avg: 0.9917378317080113


Validation Epoch: 92 accuracy: 0.90 
 precision: [0.95397008 0.5        0.2        0.         0.        ] 
 recall: [0.94634703 0.2        0.24390244 0.         0.        ] 
 f1: [0.95014327 0.28571429 0.21978022 0.         0.        ] 
 f1_avg: 0.9042543582320012

--- 434.0681998729706 seconds ---
Train Epoch: 93 loss: 0.025626
Train Epoch: 93 loss: 0.042167

Train Epoch: 93 accuracy: 0.99 
 precision: [0.99970519 0.93650794 0.90269151 0.97619048 0.89534884] 
 recall: [0.99108578 1.         0.99543379 1.         1.        ] 
 f1: [0.99537683 0.96721311 0.94679696 0.98795181 0.94478528] 
 f1_avg: 0.9917378317080113


Validation Epoch: 93 accuracy: 0.90 
 precision: [0.95397008 0.5        0.2        0.         0.        ] 
 recall: [0.94634703 0.2        0.24390244 0.         0.        ] 
 f1: [0.95014327 0.28571429 0.21978022 0.         0.        ] 
 f1_avg: 0.9042543582320012

--- 437.97626185417175 seconds ---
Train Epoch: 94 loss: 0.025626
Train Epoch: 94 loss: 0.042167

Train Epoch: 94 accuracy: 0.99 
 precision: [0.99970519 0.93650794 0.90269151 0.97619048 0.89534884] 
 recall: [0.99108578 1.         0.99543379 1.         1.        ] 
 f1: [0.99537683 0.96721311 0.94679696 0.98795181 0.94478528] 
 f1_avg: 0.9917378317080113


Validation Epoch: 94 accuracy: 0.90 
 precision: [0.95397008 0.5        0.2        0.         0.        ] 
 recall: [0.94634703 0.2        0.24390244 0.         0.        ] 
 f1: [0.95014327 0.28571429 0.21978022 0.         0.        ] 
 f1_avg: 0.9042543582320012

--- 441.88640999794006 seconds ---
Train Epoch: 95 loss: 0.025626
Train Epoch: 95 loss: 0.042166

Train Epoch: 95 accuracy: 0.99 
 precision: [0.99970519 0.93650794 0.90269151 0.97619048 0.89534884] 
 recall: [0.99108578 1.         0.99543379 1.         1.        ] 
 f1: [0.99537683 0.96721311 0.94679696 0.98795181 0.94478528] 
 f1_avg: 0.9917378317080113


Validation Epoch: 95 accuracy: 0.90 
 precision: [0.95397008 0.5        0.2        0.         0.        ] 
 recall: [0.94634703 0.2        0.24390244 0.         0.        ] 
 f1: [0.95014327 0.28571429 0.21978022 0.         0.        ] 
 f1_avg: 0.9042543582320012

--- 445.7930397987366 seconds ---
Train Epoch: 96 loss: 0.025626
Train Epoch: 96 loss: 0.042166

Train Epoch: 96 accuracy: 0.99 
 precision: [0.99970519 0.93650794 0.90269151 0.97619048 0.89534884] 
 recall: [0.99108578 1.         0.99543379 1.         1.        ] 
 f1: [0.99537683 0.96721311 0.94679696 0.98795181 0.94478528] 
 f1_avg: 0.9917378317080113


Validation Epoch: 96 accuracy: 0.90 
 precision: [0.95397008 0.5        0.2        0.         0.        ] 
 recall: [0.94634703 0.2        0.24390244 0.         0.        ] 
 f1: [0.95014327 0.28571429 0.21978022 0.         0.        ] 
 f1_avg: 0.9042543582320012

--- 449.7115457057953 seconds ---
Train Epoch: 97 loss: 0.025625
Train Epoch: 97 loss: 0.042166

Train Epoch: 97 accuracy: 0.99 
 precision: [0.99970519 0.93650794 0.90269151 0.97619048 0.89534884] 
 recall: [0.99108578 1.         0.99543379 1.         1.        ] 
 f1: [0.99537683 0.96721311 0.94679696 0.98795181 0.94478528] 
 f1_avg: 0.9917378317080113


Validation Epoch: 97 accuracy: 0.90 
 precision: [0.95397008 0.5        0.2        0.         0.        ] 
 recall: [0.94634703 0.2        0.24390244 0.         0.        ] 
 f1: [0.95014327 0.28571429 0.21978022 0.         0.        ] 
 f1_avg: 0.9042543582320012

--- 453.6215498447418 seconds ---
Train Epoch: 98 loss: 0.025625
Train Epoch: 98 loss: 0.042166

Train Epoch: 98 accuracy: 0.99 
 precision: [0.99970519 0.93650794 0.90269151 0.97619048 0.89534884] 
 recall: [0.99108578 1.         0.99543379 1.         1.        ] 
 f1: [0.99537683 0.96721311 0.94679696 0.98795181 0.94478528] 
 f1_avg: 0.9917378317080113


Validation Epoch: 98 accuracy: 0.90 
 precision: [0.95397008 0.5        0.2        0.         0.        ] 
 recall: [0.94634703 0.2        0.24390244 0.         0.        ] 
 f1: [0.95014327 0.28571429 0.21978022 0.         0.        ] 
 f1_avg: 0.9042543582320012

--- 457.5476608276367 seconds ---
Train Epoch: 99 loss: 0.025625
Train Epoch: 99 loss: 0.042166

Train Epoch: 99 accuracy: 0.99 
 precision: [0.99970519 0.93650794 0.90269151 0.97619048 0.89534884] 
 recall: [0.99108578 1.         0.99543379 1.         1.        ] 
 f1: [0.99537683 0.96721311 0.94679696 0.98795181 0.94478528] 
 f1_avg: 0.9917378317080113


Validation Epoch: 99 accuracy: 0.90 
 precision: [0.95397008 0.5        0.2        0.         0.        ] 
 recall: [0.94634703 0.2        0.24390244 0.         0.        ] 
 f1: [0.95014327 0.28571429 0.21978022 0.         0.        ] 
 f1_avg: 0.9042543582320012

--- 461.49264097213745 seconds ---
Train Epoch: 100 loss: 0.025625
Train Epoch: 100 loss: 0.042166

Train Epoch: 100 accuracy: 0.99 
 precision: [0.99970519 0.93650794 0.90269151 0.97619048 0.89534884] 
 recall: [0.99108578 1.         0.99543379 1.         1.        ] 
 f1: [0.99537683 0.96721311 0.94679696 0.98795181 0.94478528] 
 f1_avg: 0.9917378317080113


Validation Epoch: 100 accuracy: 0.90 
 precision: [0.95397008 0.5        0.2        0.         0.        ] 
 recall: [0.94634703 0.2        0.24390244 0.         0.        ] 
 f1: [0.95014327 0.28571429 0.21978022 0.         0.        ] 
 f1_avg: 0.9042543582320012

--- 465.40044593811035 seconds ---

Test: accuracy: 0.93 
 precision: [0.9379085  0.         0.33333333 1.         0.125     ] 
 recall: [0.98965517 0.         0.05       0.         0.09090909] 
 f1: [0.96308725 0.         0.08695652 0.         0.10526316] 
 f1_avg: 0.903024717734915

--- 627.3916068077087 seconds ---
