Requirement already satisfied: scikit-learn in /net/cephfs/data/zifjia/condaenvs/audio_clf/lib/python3.8/site-packages (1.1.2)
Requirement already satisfied: threadpoolctl>=2.0.0 in /net/cephfs/data/zifjia/condaenvs/audio_clf/lib/python3.8/site-packages (from scikit-learn) (3.1.0)
Requirement already satisfied: numpy>=1.17.3 in /net/cephfs/data/zifjia/condaenvs/audio_clf/lib/python3.8/site-packages (from scikit-learn) (1.22.3)
Requirement already satisfied: joblib>=1.0.0 in /net/cephfs/data/zifjia/condaenvs/audio_clf/lib/python3.8/site-packages (from scikit-learn) (1.1.0)
Requirement already satisfied: scipy>=1.3.2 in /net/cephfs/data/zifjia/condaenvs/audio_clf/lib/python3.8/site-packages (from scikit-learn) (1.9.1)
Requirement already satisfied: tensorboard in /net/cephfs/data/zifjia/condaenvs/audio_clf/lib/python3.8/site-packages (2.10.1)
Requirement already satisfied: werkzeug>=1.0.1 in /net/cephfs/data/zifjia/condaenvs/audio_clf/lib/python3.8/site-packages (from tensorboard) (2.1.2)
Requirement already satisfied: absl-py>=0.4 in /net/cephfs/home/zifjia/.local/lib/python3.8/site-packages (from tensorboard) (1.2.0)
Requirement already satisfied: grpcio>=1.24.3 in /net/cephfs/home/zifjia/.local/lib/python3.8/site-packages (from tensorboard) (1.47.0)
Requirement already satisfied: protobuf<3.20,>=3.9.2 in /net/cephfs/home/zifjia/.local/lib/python3.8/site-packages (from tensorboard) (3.19.4)
Requirement already satisfied: tensorboard-plugin-wit>=1.6.0 in /net/cephfs/home/zifjia/.local/lib/python3.8/site-packages (from tensorboard) (1.8.1)
Requirement already satisfied: google-auth<3,>=1.6.3 in /net/cephfs/home/zifjia/.local/lib/python3.8/site-packages (from tensorboard) (2.9.1)
Requirement already satisfied: google-auth-oauthlib<0.5,>=0.4.1 in /net/cephfs/home/zifjia/.local/lib/python3.8/site-packages (from tensorboard) (0.4.6)
Requirement already satisfied: setuptools>=41.0.0 in /net/cephfs/data/zifjia/condaenvs/audio_clf/lib/python3.8/site-packages (from tensorboard) (60.8.1)
Requirement already satisfied: tensorboard-data-server<0.7.0,>=0.6.0 in /net/cephfs/home/zifjia/.local/lib/python3.8/site-packages (from tensorboard) (0.6.1)
Requirement already satisfied: wheel>=0.26 in /net/cephfs/data/zifjia/condaenvs/audio_clf/lib/python3.8/site-packages (from tensorboard) (0.37.1)
Requirement already satisfied: markdown>=2.6.8 in /net/cephfs/home/zifjia/.local/lib/python3.8/site-packages (from tensorboard) (3.4.1)
Requirement already satisfied: requests<3,>=2.21.0 in /net/cephfs/data/zifjia/condaenvs/audio_clf/lib/python3.8/site-packages (from tensorboard) (2.28.1)
Requirement already satisfied: numpy>=1.12.0 in /net/cephfs/data/zifjia/condaenvs/audio_clf/lib/python3.8/site-packages (from tensorboard) (1.22.3)
Requirement already satisfied: cachetools<6.0,>=2.0.0 in /net/cephfs/home/zifjia/.local/lib/python3.8/site-packages (from google-auth<3,>=1.6.3->tensorboard) (5.2.0)
Requirement already satisfied: six>=1.9.0 in /net/cephfs/data/zifjia/condaenvs/audio_clf/lib/python3.8/site-packages (from google-auth<3,>=1.6.3->tensorboard) (1.16.0)
Requirement already satisfied: rsa<5,>=3.1.4 in /net/cephfs/home/zifjia/.local/lib/python3.8/site-packages (from google-auth<3,>=1.6.3->tensorboard) (4.9)
Requirement already satisfied: pyasn1-modules>=0.2.1 in /net/cephfs/home/zifjia/.local/lib/python3.8/site-packages (from google-auth<3,>=1.6.3->tensorboard) (0.2.8)
Requirement already satisfied: requests-oauthlib>=0.7.0 in /net/cephfs/home/zifjia/.local/lib/python3.8/site-packages (from google-auth-oauthlib<0.5,>=0.4.1->tensorboard) (1.3.1)
Requirement already satisfied: importlib-metadata>=4.4 in /net/cephfs/home/zifjia/.local/lib/python3.8/site-packages (from markdown>=2.6.8->tensorboard) (4.12.0)
Requirement already satisfied: certifi>=2017.4.17 in /net/cephfs/data/zifjia/condaenvs/audio_clf/lib/python3.8/site-packages (from requests<3,>=2.21.0->tensorboard) (2022.9.14)
Requirement already satisfied: charset-normalizer<3,>=2 in /net/cephfs/data/zifjia/condaenvs/audio_clf/lib/python3.8/site-packages (from requests<3,>=2.21.0->tensorboard) (2.1.1)
Requirement already satisfied: idna<4,>=2.5 in /net/cephfs/data/zifjia/condaenvs/audio_clf/lib/python3.8/site-packages (from requests<3,>=2.21.0->tensorboard) (3.4)
Requirement already satisfied: urllib3<1.27,>=1.21.1 in /net/cephfs/data/zifjia/condaenvs/audio_clf/lib/python3.8/site-packages (from requests<3,>=2.21.0->tensorboard) (1.26.12)
Requirement already satisfied: zipp>=0.5 in /net/cephfs/data/zifjia/condaenvs/audio_clf/lib/python3.8/site-packages (from importlib-metadata>=4.4->markdown>=2.6.8->tensorboard) (3.8.0)
Requirement already satisfied: pyasn1<0.5.0,>=0.4.6 in /net/cephfs/home/zifjia/.local/lib/python3.8/site-packages (from pyasn1-modules>=0.2.1->google-auth<3,>=1.6.3->tensorboard) (0.4.8)
Requirement already satisfied: oauthlib>=3.0.0 in /net/cephfs/home/zifjia/.local/lib/python3.8/site-packages (from requests-oauthlib>=0.7.0->google-auth-oauthlib<0.5,>=0.4.1->tensorboard) (3.2.0)
Requirement already satisfied: torch in /net/cephfs/data/zifjia/condaenvs/audio_clf/lib/python3.8/site-packages (1.12.1)
Requirement already satisfied: torchvision in /net/cephfs/data/zifjia/condaenvs/audio_clf/lib/python3.8/site-packages (0.13.1)
Requirement already satisfied: torchaudio in /net/cephfs/data/zifjia/condaenvs/audio_clf/lib/python3.8/site-packages (0.12.1)
Requirement already satisfied: typing-extensions in /net/cephfs/data/zifjia/condaenvs/audio_clf/lib/python3.8/site-packages (from torch) (4.0.1)
Requirement already satisfied: pillow!=8.3.*,>=5.3.0 in /net/cephfs/data/zifjia/condaenvs/audio_clf/lib/python3.8/site-packages (from torchvision) (9.0.1)
Requirement already satisfied: numpy in /net/cephfs/data/zifjia/condaenvs/audio_clf/lib/python3.8/site-packages (from torchvision) (1.22.3)
Requirement already satisfied: requests in /net/cephfs/data/zifjia/condaenvs/audio_clf/lib/python3.8/site-packages (from torchvision) (2.28.1)
Requirement already satisfied: idna<4,>=2.5 in /net/cephfs/data/zifjia/condaenvs/audio_clf/lib/python3.8/site-packages (from requests->torchvision) (3.4)
Requirement already satisfied: charset-normalizer<3,>=2 in /net/cephfs/data/zifjia/condaenvs/audio_clf/lib/python3.8/site-packages (from requests->torchvision) (2.1.1)
Requirement already satisfied: urllib3<1.27,>=1.21.1 in /net/cephfs/data/zifjia/condaenvs/audio_clf/lib/python3.8/site-packages (from requests->torchvision) (1.26.12)
Requirement already satisfied: certifi>=2017.4.17 in /net/cephfs/data/zifjia/condaenvs/audio_clf/lib/python3.8/site-packages (from requests->torchvision) (2022.9.14)
{'name': 'bonobo_wav2vec2_lstm_ar_3407', 'data_path': '/home/cluster/zifjia/data/data_bonobo/wav2vec2_split_3407', 'test_only': False, 'balance_weights': True, 'model_type': 'lstm', 'model_autoregressive': True, 'n_embedding': 768, 'd_hid': 1024, 'nlayers': 2, 'batch_size': 1, 'n_epoch': 200, 'lr': 0.0002, 'dropout': 0.2, 'patience': 10, 'step_factor': 0.7, 'seed': 3407}
cuda
Reading data ...
train, dev, test number of files: 22, 3, 3.
dev files:  ['1328', '1759', '124']
test files:  ['1414', '251', '54']
data_all: (33867, 769)
train_data_all: (24549, 769)
Labels in train_data_all:  {0: 22203, 1: 144, 2: 80, 3: 18, 4: 40, 5: 462, 6: 7, 7: 924, 8: 32, 9: 26, 10: 11, 11: 180, 12: 99, 13: 19, 14: 124, 15: 0, 16: 148, 17: 32, 18: 0}
--- 0.9240138530731201 seconds ---
LSTM(
  (lstm): LSTM(787, 1024, num_layers=2, dropout=0.2, bidirectional=True)
  (hidden2tag): Linear(in_features=2048, out_features=19, bias=True)
)
Number of parameters: 40073235

Train Epoch: 1 accuracy: 0.47 
 precision: [0.93879819 0.         0.         0.         0.         0.
 0.         0.26333712 0.         1.         0.         1.
 0.         0.         0.         0.         0.         0.
 1.        ] 
 recall: [0.49466288 0.         0.         0.         0.         0.
 0.         0.5021645  0.         0.         0.         0.
 0.         0.         0.         1.         0.         0.
 1.        ] 
 f1: [0.64792638 0.         0.         0.         0.         0.
 0.         0.34549516 0.         0.         0.         0.
 0.         0.         0.         0.         0.         0.
 1.        ] 
 f1_avg: 0.5990120516031582


Validation Epoch: 1 accuracy: 0.01 
 precision: [1.         1.         1.         1.         1.         1.
 1.         0.01287339 1.         1.         1.         1.
 1.         1.         1.         1.         1.         1.
 1.        ] 
 recall: [6.79624847e-04 1.00000000e+00 0.00000000e+00 0.00000000e+00
 0.00000000e+00 0.00000000e+00 0.00000000e+00 1.00000000e+00
 1.00000000e+00 1.00000000e+00 0.00000000e+00 0.00000000e+00
 0.00000000e+00 1.00000000e+00 1.00000000e+00 1.00000000e+00
 1.00000000e+00 1.00000000e+00 0.00000000e+00] 
 f1: [0.00135833 1.         0.         0.         0.         0.
 0.         0.02541955 1.         1.         0.         0.
 0.         1.         1.         1.         1.         1.
 0.        ] 
 f1_avg: 0.0015752462647173413

New best val score, save model ...
--- 68.83308482170105 seconds ---

Train Epoch: 2 accuracy: 0.44 
 precision: [0.96323458 0.18404908 1.         1.         1.         1.
 1.         0.05447248 1.         1.         1.         0.7
 0.47058824 1.         1.         1.         1.         1.
 1.        ] 
 recall: [0.44367878 0.41666667 0.         0.         0.         0.
 0.         0.82251082 0.         0.         0.         0.03888889
 0.16161616 0.         0.         1.         0.         0.
 1.        ] 
 f1: [0.6075239  0.25531915 0.         0.         0.         0.
 0.         0.102178   0.         0.         0.         0.07368421
 0.2406015  0.         0.         1.         0.         0.
 1.        ] 
 f1_avg: 0.5563205930860043


Validation Epoch: 2 accuracy: 0.21 
 precision: [0.97005988 0.         1.         0.         1.         1.
 1.         0.02192394 1.         1.         1.         1.
 1.         1.         1.         1.         1.         1.
 1.        ] 
 recall: [0.22019845 1.         0.00534759 0.         0.         0.
 0.         0.95145631 1.         1.         0.         0.
 0.         1.         1.         1.         1.         1.
 0.        ] 
 f1: [0.35892323 0.         0.0106383  0.         0.         0.
 0.         0.04286027 1.         1.         0.         0.
 0.         1.         1.         1.         1.         1.
 0.        ] 
 f1_avg: 0.3306273013445735

New best val score, save model ...
--- 132.6347360610962 seconds ---

Train Epoch: 3 accuracy: 0.56 
 precision: [0.98921168 0.09758454 1.         1.         1.         1.
 1.         0.07611275 1.         1.         1.         1.
 1.         1.         1.         1.         1.         1.
 1.        ] 
 recall: [0.57816511 0.70138889 0.         0.         0.         0.
 0.         0.86796537 0.         0.         0.         0.
 0.         0.         0.         1.         0.         0.
 1.        ] 
 f1: [0.72978965 0.17133164 0.         0.         0.         0.
 0.         0.13995288 0.         0.         0.         0.
 0.         0.         0.         1.         0.         0.
 1.        ] 
 f1_avg: 0.6663207418030991


Validation Epoch: 3 accuracy: 0.13 
 precision: [0.97626113 0.         1.         0.00364299 1.         1.
 0.         0.49090909 0.         1.         1.         0.04
 1.         0.         1.         1.         1.         1.
 1.        ] 
 recall: [0.13415794 1.         0.         0.21276596 0.00763359 0.
 0.         0.26213592 1.         1.         0.         0.04
 0.         1.         1.         1.         1.         1.
 0.        ] 
 f1: [0.23589866 0.         0.         0.00716332 0.01515152 0.
 0.         0.34177215 0.         1.         0.         0.04
 0.         0.         1.         1.         1.         1.
 0.        ] 
 f1_avg: 0.22158762297065435

--- 196.12452149391174 seconds ---

Train Epoch: 4 accuracy: 0.67 
 precision: [0.97083886 0.07786171 0.5        0.00951374 1.         0.
 1.         0.17848154 1.         1.         0.125      0.26315789
 0.41935484 0.46153846 1.         1.         1.         1.
 1.        ] 
 recall: [0.69274422 0.93055556 0.025      1.         0.05       0.
 0.42857143 0.92099567 0.         0.         0.54545455 0.27777778
 0.26262626 0.31578947 0.         1.         0.         0.
 1.        ] 
 f1: [0.80854755 0.14369973 0.04761905 0.01884817 0.0952381  0.
 0.6        0.29901616 0.         0.         0.20338983 0.27027027
 0.32298137 0.375      0.         1.         0.         0.
 1.        ] 
 f1_avg: 0.7475379569204822


Validation Epoch: 4 accuracy: 0.38 
 precision: [9.87108014e-01 0.00000000e+00 1.06796117e-01 1.89933523e-03
 5.00000000e-01 0.00000000e+00 0.00000000e+00 3.53658537e-01
 1.00000000e+00 1.00000000e+00 5.62746201e-04 2.29166667e-01
 2.44444444e-01 0.00000000e+00 1.00000000e+00 1.00000000e+00
 1.00000000e+00 1.00000000e+00 1.00000000e+00] 
 recall: [0.38507544 1.         0.47058824 0.04255319 0.00763359 0.
 0.         0.5631068  1.         1.         0.03703704 0.44
 0.36666667 1.         1.         1.         1.         1.
 0.        ] 
 f1: [0.55402366 0.         0.17408506 0.00363636 0.01503759 0.
 0.         0.43445693 1.         1.         0.00110865 0.30136986
 0.29333333 0.         1.         1.         1.         1.
 0.        ] 
 f1_avg: 0.5210791996332528

New best val score, save model ...
--- 259.92161297798157 seconds ---

Train Epoch: 5 accuracy: 0.66 
 precision: [0.97411506 0.07823344 0.030837   0.07258065 0.03076923 0.17692308
 0.02222222 0.1583786  0.37037037 0.27272727 0.01023256 0.35365854
 0.18393782 0.14285714 0.         1.         1.         1.
 1.        ] 
 recall: [0.67797145 0.86111111 0.175      1.         0.05       0.04978355
 0.28571429 0.82034632 0.3125     0.11538462 1.         0.32222222
 0.71717172 0.52631579 0.         1.         0.         0.
 1.        ] 
 f1: [0.79950074 0.14343551 0.05243446 0.13533835 0.03809524 0.0777027
 0.04123711 0.26549912 0.33898305 0.16216216 0.02025783 0.3372093
 0.29278351 0.2247191  0.         1.         0.         0.
 1.        ] 
 f1_avg: 0.7401878811029469


Validation Epoch: 5 accuracy: 0.55 
 precision: [0.98177204 0.         1.         0.00802292 0.23076923 0.
 0.03653846 0.35428571 1.         0.         1.         0.0959596
 0.3        0.         1.         1.         1.         1.
 1.        ] 
 recall: [0.57836074 1.         0.         0.29787234 0.16030534 0.
 0.27142857 0.60194175 1.         1.         0.         0.76
 0.2        1.         1.         1.         1.         1.
 0.        ] 
 f1: [0.72791036 0.         0.         0.015625   0.18918919 0.
 0.06440678 0.44604317 1.         0.         0.         0.17040359
 0.24       0.         1.         1.         1.         1.
 0.        ] 
 f1_avg: 0.679823341969009

New best val score, save model ...
--- 323.7061011791229 seconds ---

Train Epoch: 6 accuracy: 0.73 
 precision: [0.99431575 0.07680723 0.42553191 0.09137056 0.22       0.38586957
 0.04022989 0.19816468 0.54545455 0.27941176 0.07246377 0.22094926
 0.07246377 0.16216216 0.30878187 1.         0.88235294 0.05802048
 1.        ] 
 recall: [0.73269378 0.70833333 0.25       1.         0.275      0.61471861
 1.         0.86471861 0.5625     0.73076923 0.45454545 0.75
 0.05050505 0.94736842 0.87903226 1.         0.10135135 0.53125
 1.        ] 
 f1: [0.84368841 0.13858696 0.31496063 0.16744186 0.24444444 0.47412354
 0.07734807 0.32243745 0.55384615 0.40425532 0.125      0.34134008
 0.05952381 0.27692308 0.45702306 1.         0.18181818 0.10461538
 1.        ] 
 f1_avg: 0.7942078961707721


Validation Epoch: 6 accuracy: 0.11 
 precision: [0.96577017 0.         0.         0.00215633 0.02941176 1.
 0.         0.37356322 0.         0.         0.00359865 0.
 0.06185567 0.         1.         1.         1.         1.
 1.        ] 
 recall: [0.10738073 1.         0.         0.08510638 0.00763359 0.
 0.         0.63106796 1.         1.         0.62962963 0.
 0.2        1.         1.         1.         1.         1.
 0.        ] 
 f1: [0.19327217 0.         0.         0.0042061  0.01212121 0.
 0.         0.46931408 0.         0.         0.00715639 0.
 0.09448819 0.         1.         1.         1.         1.
 0.        ] 
 f1_avg: 0.18424383558295815

--- 387.09063720703125 seconds ---

Train Epoch: 7 accuracy: 0.71 
 precision: [0.96434757 0.2970297  0.02114804 0.05157593 0.16666667 0.21276596
 0.09677419 0.25725999 0.35164835 0.5        0.00491071 1.
 0.14786585 1.         0.24680851 1.         0.31707317 0.
 1.        ] 
 recall: [0.72728911 0.83333333 0.0875     1.         0.125      0.04329004
 0.42857143 0.81493506 1.         0.96153846 1.         0.00555556
 0.97979798 0.         0.93548387 1.         0.08783784 0.
 1.        ] 
 f1: [0.82920818 0.4379562  0.03406326 0.09809264 0.14285714 0.07194245
 0.15789474 0.39106726 0.5203252  0.65789474 0.00977343 0.01104972
 0.25695364 0.         0.39057239 1.         0.13756614 0.
 1.        ] 
 f1_avg: 0.7743675887945343


Validation Epoch: 7 accuracy: 0.67 
 precision: [0.98456035 0.         0.27642276 0.01207729 0.26086957 0.
 0.02422907 0.17073171 0.         0.         1.         0.12903226
 1.         0.         1.         1.         1.         1.
 1.        ] 
 recall: [0.71075167 1.         0.18181818 0.31914894 0.27480916 0.
 0.15714286 0.33980583 1.         1.         0.         0.16
 0.         1.         1.         1.         1.         1.
 0.        ] 
 f1: [0.82554468 0.         0.21935484 0.02327386 0.26765799 0.
 0.04198473 0.22727273 0.         0.         0.         0.14285714
 0.         0.         1.         1.         1.         1.
 0.        ] 
 f1_avg: 0.7719995104917625

New best val score, save model ...
--- 450.75924158096313 seconds ---

Train Epoch: 8 accuracy: 0.81 
 precision: [0.9865557  0.1894061  0.16115702 0.03846154 0.19018405 0.54605263
 0.10294118 0.29606717 0.08379888 0.1031746  1.         0.56880734
 1.         0.18811881 0.23828125 1.         0.8372093  0.06451613
 1.        ] 
 recall: [0.83286042 0.81944444 0.4875     1.         0.775      0.53896104
 1.         0.72510823 0.46875    1.         0.         0.68888889
 0.         1.         0.98387097 1.         0.24324324 0.4375
 1.        ] 
 f1: [0.90321635 0.30769231 0.24223602 0.07407407 0.30541872 0.54248366
 0.18666667 0.42045811 0.14218009 0.18705036 0.         0.62311558
 0.         0.31666667 0.3836478  1.         0.37696335 0.1124498
 1.        ] 
 f1_avg: 0.8556901947343432


Validation Epoch: 8 accuracy: 0.45 
 precision: [0.98282279 0.         0.28387097 0.         0.20987654 0.
 0.00707899 0.06847826 1.         1.         0.         0.18072289
 1.         0.         1.         1.         1.         1.
 1.        ] 
 recall: [0.46663042 1.         0.23529412 0.         0.38931298 0.
 0.27142857 0.61165049 1.         1.         0.         0.6
 0.         1.         1.         1.         1.         1.
 0.        ] 
 f1: [0.63281106 0.         0.25730994 0.         0.27272727 0.
 0.01379811 0.12316716 1.         1.         0.         0.27777778
 0.         0.         1.         1.         1.         1.
 0.        ] 
 f1_avg: 0.5945580475662492

--- 514.2146792411804 seconds ---

Train Epoch: 9 accuracy: 0.71 
 precision: [0.99458045 0.25140713 0.16666667 0.25352113 0.1372549  0.21186441
 0.0261194  0.15648703 0.47457627 1.         0.08695652 0.25527426
 1.         0.08225108 0.27962085 1.         0.24       0.02816901
 1.        ] 
 recall: [0.71909201 0.93055556 0.075      1.         0.7        0.05411255
 1.         0.84848485 0.875      0.         0.90909091 0.67222222
 0.         1.         0.9516129  1.         0.97297297 0.3125
 1.        ] 
 f1: [0.8346926  0.39586411 0.10344828 0.40449438 0.2295082  0.0862069
 0.05090909 0.26423997 0.61538462 0.         0.15873016 0.37003058
 0.         0.152      0.43223443 1.         0.38502674 0.05167959
 1.        ] 
 f1_avg: 0.7781143655212764


Validation Epoch: 9 accuracy: 0.05 
 precision: [0.98445596 0.         0.08221344 0.00494716 0.43181818 0.
 0.         0.27208481 0.         1.         0.         0.14423077
 0.45454545 0.         1.         1.         1.         1.
 1.        ] 
 recall: [0.02582574 1.         0.55614973 0.46808511 0.14503817 0.
 0.         0.74757282 1.         1.         0.         0.6
 0.16666667 1.         1.         1.         1.         1.
 0.        ] 
 f1: [0.05033113 0.         0.14325069 0.00979083 0.21714286 0.
 0.         0.39896373 0.         1.         0.         0.23255814
 0.24390244 0.         1.         1.         1.         1.
 0.        ] 
 f1_avg: 0.05998053282675593

--- 577.6463470458984 seconds ---

Train Epoch: 10 accuracy: 0.63 
 precision: [0.99436701 0.1011236  0.20384615 0.02589928 0.05756579 0.51589595
 0.17948718 0.16490826 0.05536332 0.         0.01376936 0.39810427
 0.125      1.         0.12947368 1.         1.         0.09090909
 1.        ] 
 recall: [0.62014142 1.         0.6625     1.         0.875      0.77272727
 1.         0.77813853 1.         0.         0.72727273 0.93333333
 0.01010101 0.         0.99193548 1.         0.         0.15625
 1.        ] 
 f1: [0.7638835  0.18367347 0.31176471 0.05049088 0.10802469 0.6187175
 0.30434783 0.27214232 0.10491803 0.         0.02702703 0.55813953
 0.01869159 0.         0.22905028 1.         0.         0.11494253
 1.        ] 
 f1_avg: 0.7207875391247848


Validation Epoch: 10 accuracy: 0.32 
 precision: [0.99047619 0.         0.2745098  0.00301205 0.08502538 0.
 0.01344086 1.         0.         0.         0.         0.71428571
 0.13043478 0.         1.         1.         1.         1.
 1.        ] 
 recall: [0.32513253 1.         0.29946524 0.17021277 0.51145038 0.
 0.14285714 0.01941748 1.         1.         0.         0.2
 0.3        1.         1.         1.         1.         1.
 0.        ] 
 f1: [0.48956201 0.         0.28644501 0.00591935 0.14581066 0.
 0.02457002 0.03809524 0.         0.         0.         0.3125
 0.18181818 0.         1.         1.         1.         1.
 0.        ] 
 f1_avg: 0.46134937757049993

--- 641.0017004013062 seconds ---

Train Epoch: 11 accuracy: 0.71 
 precision: [0.99711237 0.41016949 0.04326923 0.04295943 0.09090909 0.29661017
 0.05384615 0.24470939 0.14611872 0.0733945  0.01092354 0.68
 0.2578125  0.44444444 0.21143847 1.         0.13996139 0.03149606
 1.        ] 
 recall: [0.71539882 0.84027778 0.1125     1.         1.         0.07575758
 1.         0.88852814 1.         0.30769231 1.         0.18888889
 1.         0.42105263 0.98387097 1.         0.97972973 0.25
 1.        ] 
 f1: [0.83308421 0.55125285 0.0625     0.08237986 0.16666667 0.12068966
 0.10218978 0.38373452 0.25498008 0.11851852 0.021611   0.29565217
 0.40993789 0.43243243 0.34807418 1.         0.24493243 0.05594406
 1.        ] 
 f1_avg: 0.781915377364098


Validation Epoch: 11 accuracy: 0.58 
 precision: [0.98620383 0.         0.08383961 0.         0.         0.
 0.         0.24675325 1.         0.         0.         0.44444444
 0.2        0.         1.         1.         1.         1.
 1.        ] 
 recall: [0.60241946 1.         0.73796791 0.         0.         0.
 0.         0.73786408 1.         1.         0.         0.16
 0.06666667 1.         1.         1.         1.         1.
 0.        ] 
 f1: [0.74795376 0.         0.15057283 0.         0.         0.
 0.         0.36982968 1.         0.         0.         0.23529412
 0.1        0.         1.         1.         1.         1.
 0.        ] 
 f1_avg: 0.696705937559261

--- 704.514585018158 seconds ---

Train Epoch: 12 accuracy: 0.80 
 precision: [0.99658512 0.13067151 0.12361331 0.08653846 0.         0.49354376
 0.26923077 0.27365102 0.83333333 0.44897959 0.125      0.49640288
 0.42222222 0.20879121 0.243083   1.         1.         0.14705882
 1.        ] 
 recall: [0.80178354 1.         0.975      1.         0.         0.74458874
 1.         0.8452381  0.3125     0.84615385 0.09090909 0.76666667
 0.38383838 1.         0.99193548 1.         0.         0.46875
 1.        ] 
 f1: [0.88863375 0.23113965 0.21940928 0.15929204 0.         0.59361519
 0.42424242 0.41344627 0.45454545 0.58666667 0.10526316 0.60262009
 0.4021164  0.34545455 0.39047619 1.         0.         0.2238806
 1.        ] 
 f1_avg: 0.8425870016970001


Validation Epoch: 12 accuracy: 0.80 
 precision: [0.98445185 0.         1.         0.024      0.16120907 0.
 0.03317536 0.43624161 0.         0.         0.         0.24444444
 0.33333333 0.         1.         1.         1.         1.
 1.        ] 
 recall: [0.84341444 1.         0.02139037 0.19148936 0.48854962 0.
 0.1        0.63106796 1.         1.         0.         0.44
 0.2        1.         1.         1.         1.         1.
 0.        ] 
 f1: [0.90849195 0.         0.04188482 0.04265403 0.24242424 0.
 0.04982206 0.51587302 0.         0.         0.         0.31428571
 0.25       0.         1.         1.         1.         1.
 0.        ] 
 f1_avg: 0.849031931054915

New best val score, save model ...
--- 768.3840460777283 seconds ---
