Requirement already satisfied: scikit-learn in /net/cephfs/data/zifjia/condaenvs/audio_clf/lib/python3.8/site-packages (1.1.2)
Requirement already satisfied: threadpoolctl>=2.0.0 in /net/cephfs/data/zifjia/condaenvs/audio_clf/lib/python3.8/site-packages (from scikit-learn) (3.1.0)
Requirement already satisfied: numpy>=1.17.3 in /net/cephfs/data/zifjia/condaenvs/audio_clf/lib/python3.8/site-packages (from scikit-learn) (1.22.3)
Requirement already satisfied: scipy>=1.3.2 in /net/cephfs/data/zifjia/condaenvs/audio_clf/lib/python3.8/site-packages (from scikit-learn) (1.9.1)
Requirement already satisfied: joblib>=1.0.0 in /net/cephfs/data/zifjia/condaenvs/audio_clf/lib/python3.8/site-packages (from scikit-learn) (1.1.0)
Requirement already satisfied: tensorboard in /net/cephfs/data/zifjia/condaenvs/audio_clf/lib/python3.8/site-packages (2.10.1)
Requirement already satisfied: setuptools>=41.0.0 in /net/cephfs/data/zifjia/condaenvs/audio_clf/lib/python3.8/site-packages (from tensorboard) (60.8.1)
Requirement already satisfied: google-auth<3,>=1.6.3 in /net/cephfs/home/zifjia/.local/lib/python3.8/site-packages (from tensorboard) (2.9.1)
Requirement already satisfied: wheel>=0.26 in /net/cephfs/data/zifjia/condaenvs/audio_clf/lib/python3.8/site-packages (from tensorboard) (0.37.1)
Requirement already satisfied: grpcio>=1.24.3 in /net/cephfs/home/zifjia/.local/lib/python3.8/site-packages (from tensorboard) (1.47.0)
Requirement already satisfied: absl-py>=0.4 in /net/cephfs/home/zifjia/.local/lib/python3.8/site-packages (from tensorboard) (1.2.0)
Requirement already satisfied: numpy>=1.12.0 in /net/cephfs/data/zifjia/condaenvs/audio_clf/lib/python3.8/site-packages (from tensorboard) (1.22.3)
Requirement already satisfied: google-auth-oauthlib<0.5,>=0.4.1 in /net/cephfs/home/zifjia/.local/lib/python3.8/site-packages (from tensorboard) (0.4.6)
Requirement already satisfied: protobuf<3.20,>=3.9.2 in /net/cephfs/home/zifjia/.local/lib/python3.8/site-packages (from tensorboard) (3.19.4)
Requirement already satisfied: werkzeug>=1.0.1 in /net/cephfs/data/zifjia/condaenvs/audio_clf/lib/python3.8/site-packages (from tensorboard) (2.1.2)
Requirement already satisfied: tensorboard-plugin-wit>=1.6.0 in /net/cephfs/home/zifjia/.local/lib/python3.8/site-packages (from tensorboard) (1.8.1)
Requirement already satisfied: tensorboard-data-server<0.7.0,>=0.6.0 in /net/cephfs/home/zifjia/.local/lib/python3.8/site-packages (from tensorboard) (0.6.1)
Requirement already satisfied: requests<3,>=2.21.0 in /net/cephfs/data/zifjia/condaenvs/audio_clf/lib/python3.8/site-packages (from tensorboard) (2.28.1)
Requirement already satisfied: markdown>=2.6.8 in /net/cephfs/home/zifjia/.local/lib/python3.8/site-packages (from tensorboard) (3.4.1)
Requirement already satisfied: pyasn1-modules>=0.2.1 in /net/cephfs/home/zifjia/.local/lib/python3.8/site-packages (from google-auth<3,>=1.6.3->tensorboard) (0.2.8)
Requirement already satisfied: cachetools<6.0,>=2.0.0 in /net/cephfs/home/zifjia/.local/lib/python3.8/site-packages (from google-auth<3,>=1.6.3->tensorboard) (5.2.0)
Requirement already satisfied: rsa<5,>=3.1.4 in /net/cephfs/home/zifjia/.local/lib/python3.8/site-packages (from google-auth<3,>=1.6.3->tensorboard) (4.9)
Requirement already satisfied: six>=1.9.0 in /net/cephfs/data/zifjia/condaenvs/audio_clf/lib/python3.8/site-packages (from google-auth<3,>=1.6.3->tensorboard) (1.16.0)
Requirement already satisfied: requests-oauthlib>=0.7.0 in /net/cephfs/home/zifjia/.local/lib/python3.8/site-packages (from google-auth-oauthlib<0.5,>=0.4.1->tensorboard) (1.3.1)
Requirement already satisfied: importlib-metadata>=4.4 in /net/cephfs/home/zifjia/.local/lib/python3.8/site-packages (from markdown>=2.6.8->tensorboard) (4.12.0)
Requirement already satisfied: idna<4,>=2.5 in /net/cephfs/data/zifjia/condaenvs/audio_clf/lib/python3.8/site-packages (from requests<3,>=2.21.0->tensorboard) (3.4)
Requirement already satisfied: urllib3<1.27,>=1.21.1 in /net/cephfs/data/zifjia/condaenvs/audio_clf/lib/python3.8/site-packages (from requests<3,>=2.21.0->tensorboard) (1.26.12)
Requirement already satisfied: charset-normalizer<3,>=2 in /net/cephfs/data/zifjia/condaenvs/audio_clf/lib/python3.8/site-packages (from requests<3,>=2.21.0->tensorboard) (2.1.1)
Requirement already satisfied: certifi>=2017.4.17 in /net/cephfs/data/zifjia/condaenvs/audio_clf/lib/python3.8/site-packages (from requests<3,>=2.21.0->tensorboard) (2022.9.14)
Requirement already satisfied: zipp>=0.5 in /net/cephfs/data/zifjia/condaenvs/audio_clf/lib/python3.8/site-packages (from importlib-metadata>=4.4->markdown>=2.6.8->tensorboard) (3.8.0)
Requirement already satisfied: pyasn1<0.5.0,>=0.4.6 in /net/cephfs/home/zifjia/.local/lib/python3.8/site-packages (from pyasn1-modules>=0.2.1->google-auth<3,>=1.6.3->tensorboard) (0.4.8)
Requirement already satisfied: oauthlib>=3.0.0 in /net/cephfs/home/zifjia/.local/lib/python3.8/site-packages (from requests-oauthlib>=0.7.0->google-auth-oauthlib<0.5,>=0.4.1->tensorboard) (3.2.0)
Requirement already satisfied: torch in /net/cephfs/data/zifjia/condaenvs/audio_clf/lib/python3.8/site-packages (1.12.1)
Requirement already satisfied: torchvision in /net/cephfs/data/zifjia/condaenvs/audio_clf/lib/python3.8/site-packages (0.13.1)
Requirement already satisfied: torchaudio in /net/cephfs/data/zifjia/condaenvs/audio_clf/lib/python3.8/site-packages (0.12.1)
Requirement already satisfied: typing-extensions in /net/cephfs/data/zifjia/condaenvs/audio_clf/lib/python3.8/site-packages (from torch) (4.0.1)
Requirement already satisfied: numpy in /net/cephfs/data/zifjia/condaenvs/audio_clf/lib/python3.8/site-packages (from torchvision) (1.22.3)
Requirement already satisfied: requests in /net/cephfs/data/zifjia/condaenvs/audio_clf/lib/python3.8/site-packages (from torchvision) (2.28.1)
Requirement already satisfied: pillow!=8.3.*,>=5.3.0 in /net/cephfs/data/zifjia/condaenvs/audio_clf/lib/python3.8/site-packages (from torchvision) (9.0.1)
Requirement already satisfied: urllib3<1.27,>=1.21.1 in /net/cephfs/data/zifjia/condaenvs/audio_clf/lib/python3.8/site-packages (from requests->torchvision) (1.26.12)
Requirement already satisfied: charset-normalizer<3,>=2 in /net/cephfs/data/zifjia/condaenvs/audio_clf/lib/python3.8/site-packages (from requests->torchvision) (2.1.1)
Requirement already satisfied: idna<4,>=2.5 in /net/cephfs/data/zifjia/condaenvs/audio_clf/lib/python3.8/site-packages (from requests->torchvision) (3.4)
Requirement already satisfied: certifi>=2017.4.17 in /net/cephfs/data/zifjia/condaenvs/audio_clf/lib/python3.8/site-packages (from requests->torchvision) (2022.9.14)
{'name': 'longcall_wav2vec2_lstm_3407', 'data_path': '/home/cluster/zifjia/data/data_greatarc_longcall/wav2vec2_split_3407', 'test_only': False, 'balance_weights': True, 'model_type': 'lstm', 'n_embedding': 768, 'd_hid': 1024, 'nlayers': 2, 'batch_size': 1, 'n_epoch': 200, 'lr': 0.0005, 'dropout': 0.2, 'patience': 10, 'step_factor': 0.7, 'seed': 3407}
cuda
Reading data ...
train, dev, test number of files: 50, 6, 7.
dev files:  ['134dat LC Fugit', '132dat LC Fugit', '23datA LC Fugit', '32T5lcZeke', '2T6lcZeke', '130dat LC Kay']
test files:  ['93dat LC Sultan', '12T6lcZeke', '6T10lcFugit', '131dat LC Kay', '137dat LC Fugit', '1T7lcNico', '33datA LC Fugit']
train_data_all: (167528, 769)
Labels in train_data_all:  {0: 99971, 1: 0, 2: 27948, 3: 3303, 4: 20638, 5: 13824, 6: 1568, 7: 139, 8: 137}
--- 2.0888960361480713 seconds ---
LSTM(
  (lstm): LSTM(768, 1024, num_layers=2, dropout=0.2, bidirectional=True)
  (hidden2tag): Linear(in_features=2048, out_features=9, bias=True)
)
Number of parameters: 39897097

Train Epoch: 1 accuracy: 0.46 
 precision: [8.57066879e-01 0.00000000e+00 3.94002499e-01 9.62230804e-02
 4.82120772e-01 2.26572887e-01 4.42923294e-03 1.07573150e-04
 0.00000000e+00] 
 recall: [0.51582959 1.         0.37233434 0.44504995 0.43444132 0.38216146
 0.02806122 0.00719424 0.        ] 
 f1: [6.44040490e-01 0.00000000e+00 3.82862084e-01 1.58234661e-01
 4.57040907e-01 2.84483455e-01 7.65084333e-03 2.11976683e-04
 0.00000000e+00] 
 f1_avg: 0.5311672431991449


Validation Epoch: 1 accuracy: 0.50 
 precision: [0.95941013 0.         0.46852475 0.09624413 0.52065119 0.30857405
 0.02015504 0.         0.        ] 
 recall: [0.48927774 1.         0.33333333 0.81673307 0.58285521 0.67333667
 0.1884058  1.         1.        ] 
 f1: [0.64805957 0.         0.38953256 0.17219656 0.55       0.4232039
 0.03641457 0.         0.        ] 
 f1_avg: 0.5714374121541207

New best val score, save model ...
--- 10.93574571609497 seconds ---

Train Epoch: 2 accuracy: 0.51 
 precision: [0.91784322 0.         0.52950513 0.16262081 0.54313434 0.32913472
 0.0231075  0.00625182 0.00341978] 
 recall: [0.55339048 1.         0.33422785 0.64698759 0.60219013 0.47822627
 0.17793367 0.61870504 0.08759124] 
 f1: [0.69047589 0.         0.40979184 0.25991243 0.57113971 0.38991448
 0.04090309 0.01237855 0.00658256] 
 f1_avg: 0.5884570699033891


Validation Epoch: 2 accuracy: 0.49 
 precision: [0.95933457 0.         0.50723798 0.11490866 0.51593685 0.32976827
 0.01412239 0.         0.        ] 
 recall: [0.50238273 1.         0.29948718 0.77689243 0.58454269 0.55527764
 0.30434783 1.         1.        ] 
 f1: [0.6594341  0.         0.37661221 0.20020534 0.54810127 0.4137931
 0.02699229 0.         0.        ] 
 f1_avg: 0.5759163080225416

New best val score, save model ...
--- 15.594564437866211 seconds ---

Train Epoch: 3 accuracy: 0.50 
 precision: [0.92278613 0.         0.55912935 0.18941295 0.55874195 0.33736901
 0.03665779 0.00647696 0.0070503 ] 
 recall: [0.52253153 1.         0.28860741 0.68574024 0.63441225 0.47974537
 0.34247449 0.87769784 0.27007299] 
 f1: [0.6672372  0.         0.38070515 0.29683507 0.59417758 0.39615316
 0.0662268  0.01285903 0.01374188] 
 f1_avg: 0.5740612620925613


Validation Epoch: 3 accuracy: 0.51 
 precision: [0.95371451 0.         0.58769231 0.11407064 0.55235008 0.33414783
 0.01179554 0.         0.        ] 
 recall: [0.54772897 1.         0.26119658 0.78486056 0.57509281 0.54727364
 0.26086957 1.         1.        ] 
 f1: [0.69583314 0.         0.3616568  0.1991911  0.56349206 0.41494405
 0.02257053 0.         0.        ] 
 f1_avg: 0.5986754012370009

New best val score, save model ...
--- 20.23049783706665 seconds ---

Train Epoch: 4 accuracy: 0.50 
 precision: [0.9254434  0.         0.56339037 0.20429544 0.58230088 0.3513445
 0.04129084 0.00688756 0.00943953] 
 recall: [0.54072681 1.         0.25329183 0.70844687 0.63765869 0.50094039
 0.39413265 0.94964029 0.46715328] 
 f1: [0.68261114 0.         0.34946807 0.31713763 0.60872381 0.41301366
 0.07475053 0.01367592 0.01850513] 
 f1_avg: 0.5816922852365589


Validation Epoch: 4 accuracy: 0.53 
 precision: [0.94956668 0.         0.6027001  0.12153652 0.56714336 0.35165195
 0.01272605 0.         0.        ] 
 recall: [0.58741623 1.         0.21367521 0.7689243  0.54876814 0.53776888
 0.27536232 1.         1.        ] 
 f1: [0.72582574 0.         0.31549722 0.20989668 0.55780446 0.42523734
 0.02432778 0.         0.        ] 
 f1_avg: 0.6113535079549131

New best val score, save model ...
--- 24.9413480758667 seconds ---

Train Epoch: 5 accuracy: 0.51 
 precision: [0.92995984 0.         0.57734781 0.2128023  0.59509897 0.36795005
 0.04578839 0.00709681 0.00953057] 
 recall: [0.55130988 1.         0.22634893 0.71662125 0.63659269 0.51157407
 0.44132653 0.94244604 0.68613139] 
 f1: [0.69223861 0.         0.32520242 0.32815749 0.6151469  0.42803535
 0.08296865 0.01408754 0.0188    ] 
 f1_avg: 0.5857148580461955


Validation Epoch: 5 accuracy: 0.54 
 precision: [0.95041899 0.         0.62513543 0.13191206 0.60424564 0.3701503
 0.00919238 0.         0.        ] 
 recall: [0.6080417  1.         0.19726496 0.78884462 0.53796828 0.52976488
 0.20289855 1.         1.        ] 
 f1: [0.74162201 0.         0.29989605 0.2260274  0.56918407 0.43580247
 0.01758794 0.         0.        ] 
 f1_avg: 0.6217492069640033

New best val score, save model ...
--- 29.71406078338623 seconds ---

Train Epoch: 6 accuracy: 0.52 
 precision: [0.93565036 0.         0.5895208  0.22047539 0.60465429 0.38256038
 0.04949006 0.00765947 0.00998643] 
 recall: [0.56577407 1.         0.2403392  0.71329095 0.65340634 0.51793981
 0.48278061 0.94244604 0.75182482] 
 f1: [0.70515266 0.         0.34146713 0.33683609 0.6280857  0.44007376
 0.08977704 0.01519545 0.01971103] 
 f1_avg: 0.5989584122614583


Validation Epoch: 6 accuracy: 0.53 
 precision: [0.95296793 0.         0.60566038 0.13443073 0.59771755 0.39567809
 0.00805952 0.         0.        ] 
 recall: [0.59292628 1.         0.21948718 0.78087649 0.56564293 0.53126563
 0.1884058  1.         1.        ] 
 f1: [0.73101992 0.         0.32220828 0.2293739  0.58123808 0.45355541
 0.01545779 0.         0.        ] 
 f1_avg: 0.6215076903933774

--- 34.03021168708801 seconds ---

Train Epoch: 7 accuracy: 0.53 
 precision: [0.9397703  0.         0.60986166 0.23030421 0.60289127 0.39140259
 0.05294507 0.00801652 0.0106552 ] 
 recall: [0.56312331 1.         0.28234579 0.71510748 0.66280647 0.52625868
 0.51020408 0.94964029 0.83211679] 
 f1: [0.7042502  0.         0.38599066 0.34840327 0.63143075 0.44892166
 0.09593476 0.01589883 0.02104097] 
 f1_avg: 0.6072771016410718


Validation Epoch: 7 accuracy: 0.58 
 precision: [0.94225614 0.         0.61342593 0.14307116 0.62903885 0.36831346
 0.01000589 0.         0.        ] 
 recall: [0.68041698 1.         0.18119658 0.76095618 0.51906851 0.54077039
 0.24637681 1.         1.        ] 
 f1: [0.790211   0.         0.27975719 0.2408575  0.56878698 0.43818403
 0.01923077 0.         0.        ] 
 f1_avg: 0.6495286486430523

New best val score, save model ...
--- 38.78706669807434 seconds ---

Train Epoch: 8 accuracy: 0.52 
 precision: [0.94251099 0.         0.56875664 0.23586193 0.60778016 0.39729926
 0.05378563 0.00767059 0.00968238] 
 recall: [0.55561113 1.         0.28724775 0.73236452 0.66014149 0.5150463
 0.53188776 0.89928058 0.7810219 ] 
 f1: [0.69910134 0.         0.38171314 0.35681097 0.63287964 0.44857458
 0.0976924  0.01521144 0.01912764] 
 f1_avg: 0.6038208993496521


Validation Epoch: 8 accuracy: 0.54 
 precision: [0.9515575  0.         0.6168308  0.13849432 0.60881935 0.40129683
 0.00769231 0.         0.        ] 
 recall: [0.59821296 1.         0.23555556 0.77689243 0.57779278 0.55727864
 0.20289855 1.         1.        ] 
 f1: [0.73460431 0.         0.34092034 0.23508137 0.59290043 0.46659686
 0.01482266 0.         0.        ] 
 f1_avg: 0.6291282115956921

--- 43.170286417007446 seconds ---

Train Epoch: 9 accuracy: 0.55 
 precision: [0.93843808 0.         0.59798754 0.22753203 0.60937914 0.39347482
 0.05331684 0.0098438  0.01108604] 
 recall: [0.59727321 1.         0.26792615 0.73660309 0.66866944 0.52170139
 0.52232143 0.8705036  0.82481752] 
 f1: [0.72996002 0.         0.37005189 0.34767076 0.63764902 0.44860511
 0.09675704 0.01946746 0.02187803] 
 f1_avg: 0.6206970537001721


Validation Epoch: 9 accuracy: 0.50 
 precision: [0.96971314 0.         0.45412844 0.13741007 0.55834885 0.45948522
 0.01135135 0.         0.        ] 
 recall: [0.54117647 1.         0.20307692 0.76095618 0.60715491 0.48224112
 0.30434783 1.         1.        ] 
 f1: [0.69467145 0.         0.28065202 0.23278489 0.58172999 0.47058824
 0.0218864  0.         0.        ] 
 f1_avg: 0.5950296108343929

--- 47.42531108856201 seconds ---

Train Epoch: 10 accuracy: 0.50 
 precision: [0.94457971 0.         0.58290792 0.24876873 0.57694959 0.40240776
 0.0625254  0.00556035 0.01086746] 
 recall: [0.4889618  1.         0.33093602 0.71874054 0.68935943 0.52228009
 0.58864796 0.83453237 0.81751825] 
 f1: [0.64436696 0.         0.42218418 0.36960922 0.62816522 0.45457407
 0.11304348 0.01104709 0.02144977] 
 f1_avg: 0.5782189521334173


Validation Epoch: 10 accuracy: 0.55 
 precision: [0.95620438 0.         0.56900931 0.13904163 0.59741551 0.35487215
 0.014828   0.         0.        ] 
 recall: [0.61451973 1.         0.22974359 0.70517928 0.60850489 0.51375688
 0.36231884 1.         1.        ] 
 f1: [0.74819818 0.         0.32732586 0.23228346 0.60290921 0.41978336
 0.02849003 0.         0.        ] 
 f1_avg: 0.6327848400585409

--- 51.75513744354248 seconds ---

Train Epoch: 11 accuracy: 0.55 
 precision: [0.94519864 0.         0.61937955 0.24171559 0.61132042 0.40028817
 0.06746364 0.00843529 0.01003463] 
 recall: [0.58711026 1.         0.28932303 0.73539207 0.67613141 0.54260706
 0.56505102 0.94244604 0.82481752] 
 f1: [0.72431325 0.         0.39441017 0.36384062 0.64209461 0.46070694
 0.12053602 0.01672091 0.01982804] 
 f1_avg: 0.6234746623686547


Validation Epoch: 11 accuracy: 0.51 
 precision: [0.96446901 0.         0.55818354 0.13538032 0.57027614 0.41418846
 0.01038716 0.         0.        ] 
 recall: [0.54571854 1.         0.2017094  0.77290837 0.62031725 0.57828914
 0.31884058 1.         1.        ] 
 f1: [0.69703742 0.         0.2963335  0.2304038  0.59424507 0.48267223
 0.02011888 0.         0.        ] 
 f1_avg: 0.6014150572707551

--- 56.15275239944458 seconds ---

Train Epoch: 12 accuracy: 0.54 
 precision: [0.94721393 0.         0.6071375  0.24897077 0.60390869 0.41350003
 0.06324371 0.00948617 0.01010274] 
 recall: [0.57456662 1.         0.2897524  0.73236452 0.69473786 0.54550058
 0.61352041 0.94964029 0.86131387] 
 f1: [0.71526411 0.         0.39228794 0.37161072 0.64614691 0.47041577
 0.11466714 0.01878469 0.01997123] 
 f1_avg: 0.61912107385344


Validation Epoch: 12 accuracy: 0.55 
 precision: [0.96259866 0.         0.55095541 0.13492063 0.57242991 0.39140445
 0.01593902 0.         0.        ] 
 recall: [0.59024572 1.         0.2365812  0.74501992 0.66149173 0.51025513
 0.33333333 1.         1.        ] 
 f1: [0.73177937 0.         0.33102129 0.22846671 0.61374667 0.44299674
 0.03042328 0.         0.        ] 
 f1_avg: 0.6266839396247409

--- 60.45885753631592 seconds ---

Train Epoch: 13 accuracy: 0.54 
 precision: [0.94834571 0.         0.59806157 0.25664557 0.60127062 0.41095594
 0.07618378 0.00810794 0.00933219] 
 recall: [0.56196297 1.         0.30027193 0.73660309 0.69246051 0.54918981
 0.62181122 0.96402878 0.79562044] 
 f1: [0.70573013 0.         0.39980943 0.38066182 0.64365176 0.47012199
 0.13573716 0.01608064 0.018448  ] 
 f1_avg: 0.6147270714941883


Validation Epoch: 13 accuracy: 0.54 
 precision: [0.9598444  0.         0.59322034 0.12441783 0.53351724 0.43465909
 0.01142132 0.         0.        ] 
 recall: [0.56954579 1.         0.26324786 0.74501992 0.65271684 0.53576788
 0.26086957 1.         1.        ] 
 f1: [0.71489322 0.         0.36466967 0.21322691 0.58712811 0.47994622
 0.0218845  0.         0.        ] 
 f1_avg: 0.6203160230769095

--- 64.79330277442932 seconds ---

Train Epoch: 14 accuracy: 0.56 
 precision: [0.9491433  0.         0.61332642 0.25576585 0.60052273 0.41373
 0.07403922 0.01053808 0.00965251] 
 recall: [0.59179162 1.         0.29608559 0.74871329 0.7013761  0.5724103
 0.60204082 0.94964029 0.87591241] 
 f1: [0.7290315  0.         0.39937259 0.38128276 0.64704305 0.48030349
 0.13186199 0.02084485 0.0190946 ] 
 f1_avg: 0.6297974860045215


Validation Epoch: 14 accuracy: 0.51 
 precision: [0.97184874 0.         0.49053959 0.13489073 0.53203125 0.50557441
 0.01428571 0.         0.        ] 
 recall: [0.51667908 1.         0.23931624 0.71314741 0.68950388 0.52176088
 0.36231884 1.         1.        ] 
 f1: [0.67467185 0.         0.32169118 0.22686946 0.60061737 0.51354013
 0.02748763 0.         0.        ] 
 f1_avg: 0.5946677701715445

--- 69.06961560249329 seconds ---

Train Epoch: 15 accuracy: 0.52 
 precision: [0.95050963 0.         0.59220976 0.26661607 0.59605354 0.43991098
 0.07256034 0.00728812 0.00929812] 
 recall: [0.50372608 1.         0.36285244 0.74447472 0.71426495 0.55765336
 0.625      0.89208633 0.82481752] 
 f1: [0.6584854  0.         0.44999113 0.39262334 0.64982697 0.49183361
 0.13002521 0.01445811 0.01838893] 
 f1_avg: 0.5976390569549163


Validation Epoch: 15 accuracy: 0.55 
 precision: [0.95940959 0.         0.56958921 0.14688797 0.52842713 0.37505268
 0.01268657 0.         0.        ] 
 recall: [0.60014892 1.         0.31760684 0.70517928 0.61795478 0.44522261
 0.24637681 1.         1.        ] 
 f1: [0.73839952 0.         0.40781387 0.24313187 0.56969508 0.40713632
 0.02413059 0.         0.        ] 
 f1_avg: 0.6319787553001386

--- 73.45037937164307 seconds ---

Train Epoch: 16 accuracy: 0.55 
 precision: [0.94774439 0.         0.59149272 0.25987461 0.60272418 0.40361162
 0.08948876 0.00863945 0.01039591] 
 recall: [0.58925088 1.         0.29504795 0.75295186 0.66896017 0.55779803
 0.65752551 0.94244604 0.87591241] 
 f1: [0.72668957 0.         0.39370718 0.38639012 0.63411721 0.46834098
 0.15753686 0.01712194 0.02054795] 
 f1_avg: 0.6252144560494949


Validation Epoch: 16 accuracy: 0.48 
 precision: [0.97802367 0.         0.52014011 0.1252669  0.52820513 0.38412445
 0.01482397 0.         0.        ] 
 recall: [0.47386448 1.         0.30461538 0.70119522 0.69524131 0.48174087
 0.34782609 1.         1.        ] 
 f1: [0.63841099 0.         0.38421734 0.21256039 0.60032056 0.42743009
 0.02843602 0.         0.        ] 
 f1_avg: 0.5724542533377747

--- 77.80240869522095 seconds ---

Train Epoch: 17 accuracy: 0.53 
 precision: [0.95050785 0.         0.58747624 0.25456464 0.5858007  0.42803282
 0.07971818 0.00892857 0.00914559] 
 recall: [0.52234148 1.         0.36489194 0.73024523 0.71324741 0.55844907
 0.64221939 0.97122302 0.81021898] 
 f1: [0.67418936 0.         0.45017326 0.37752387 0.6432723  0.48462021
 0.14183099 0.01769448 0.01808701] 
 f1_avg: 0.6054531805110385


Validation Epoch: 17 accuracy: 0.52 
 precision: [0.96368401 0.         0.54719309 0.13707865 0.55431572 0.30224843
 0.01131824 0.         0.        ] 
 recall: [0.57498138 1.         0.30324786 0.72908367 0.57003037 0.4102051
 0.24637681 1.         1.        ] 
 f1: [0.72023504 0.         0.39023317 0.23076923 0.56206323 0.34804754
 0.02164227 0.         0.        ] 
 f1_avg: 0.6116719233385421

--- 82.0573992729187 seconds ---

Train Epoch: 18 accuracy: 0.54 
 precision: [0.95004725 0.         0.59329209 0.25170631 0.61851246 0.39263518
 0.09867903 0.0085421  0.00984269] 
 recall: [0.56312331 1.         0.3259625  0.73690584 0.67734277 0.5483941
 0.71938776 0.96402878 0.8540146 ] 
 f1: [0.70711626 0.         0.42075607 0.37524088 0.6465922  0.45762405
 0.17355181 0.01693416 0.01946108] 
 f1_avg: 0.6186281950771368


Validation Epoch: 18 accuracy: 0.50 
 precision: [0.96484698 0.         0.56399437 0.13469676 0.60178253 0.39409222
 0.01386482 0.         0.        ] 
 recall: [0.52114669 1.         0.27418803 0.76095618 0.56969288 0.54727364
 0.46376812 1.         1.        ] 
 f1: [0.67675498 0.         0.36899011 0.22887957 0.5852982  0.4582199
 0.02692469 0.         0.        ] 
 f1_avg: 0.5951676363388078

--- 86.35808038711548 seconds ---

Train Epoch: 19 accuracy: 0.53 
 precision: [0.9507532  0.         0.60291072 0.25845486 0.63188242 0.40066743
 0.08706051 0.00832764 0.00891508] 
 recall: [0.51832031 1.         0.37501789 0.75658492 0.70622153 0.55584491
 0.69642857 0.96402878 0.86131387] 
 f1: [0.67089181 0.         0.46241066 0.3852914  0.666987   0.46566875
 0.15477287 0.01651263 0.0176475 ] 
 f1_avg: 0.6071574620448775


Validation Epoch: 19 accuracy: 0.52 
 precision: [0.92060557 0.         0.55624143 0.15988083 0.64898524 0.47082153
 0.01503006 0.         0.        ] 
 recall: [0.59314966 1.         0.27726496 0.64143426 0.47485656 0.41570785
 0.43478261 1.         1.        ] 
 f1: [0.72145995 0.         0.37006616 0.25596184 0.54843111 0.44155154
 0.02905569 0.         0.        ] 
 f1_avg: 0.6167936763068111

--- 90.62721633911133 seconds ---

Train Epoch: 20 accuracy: 0.55 
 precision: [0.94500433 0.         0.59804928 0.2541654  0.64373061 0.40401327
 0.10185028 0.00955298 0.00920365] 
 recall: [0.57872783 1.         0.33347646 0.76203451 0.68359337 0.55490451
 0.76530612 0.94244604 0.86131387] 
 f1: [0.7178431  0.         0.42819076 0.38119037 0.6630634  0.46758709
 0.17977528 0.01891424 0.01821269] 
 f1_avg: 0.629297057519149


Validation Epoch: 20 accuracy: 0.54 
 precision: [0.93642399 0.         0.57283344 0.16266174 0.63966942 0.52380952
 0.01708898 0.         0.        ] 
 recall: [0.61965748 1.         0.31863248 0.70119522 0.52244347 0.39069535
 0.42028986 1.         1.        ] 
 f1: [0.74579917 0.         0.40949033 0.26406602 0.57514397 0.44756447
 0.03284258 0.         0.        ] 
 f1_avg: 0.6415502013006469

--- 94.98921227455139 seconds ---

Train Epoch: 21 accuracy: 0.56 
 precision: [0.95048166 0.         0.60049391 0.27726093 0.63534908 0.436147
 0.10770211 0.00822071 0.01004942] 
 recall: [0.56256314 1.         0.38281809 0.77596125 0.71169687 0.5640191
 0.75446429 0.94964029 0.89051095] 
 f1: [0.7067946  0.         0.46756255 0.40854388 0.67135936 0.49190877
 0.18849586 0.01630032 0.01987456] 
 f1_avg: 0.6329212618100776


Validation Epoch: 21 accuracy: 0.58 
 precision: [0.92690861 0.         0.53524229 0.17878427 0.64644351 0.51851852
 0.01646091 0.         0.        ] 
 recall: [0.67892777 1.         0.33230769 0.59760956 0.52143098 0.3921961
 0.34782609 1.         1.        ] 
 f1: [0.78377101 0.         0.41004008 0.27522936 0.5772464  0.44659641
 0.03143418 0.         0.        ] 
 f1_avg: 0.6655169701463245

New best val score, save model ...
--- 99.73275256156921 seconds ---

Train Epoch: 22 accuracy: 0.58 
 precision: [0.94943455 0.         0.59591614 0.2804623  0.64908369 0.4248176
 0.11565939 0.00998034 0.00950951] 
 recall: [0.61303778 1.         0.35190354 0.77141992 0.70534936 0.56018519
 0.76403061 0.94964029 0.83211679] 
 f1: [0.74502343 0.         0.44249978 0.41136584 0.67604783 0.4831997
 0.20090558 0.01975309 0.01880412] 
 f1_avg: 0.6515855990263285


Validation Epoch: 22 accuracy: 0.57 
 precision: [0.94233049 0.         0.54366812 0.16884422 0.6340608  0.56518675
 0.01607502 0.         0.        ] 
 recall: [0.65093075 1.         0.34051282 0.66932271 0.54910564 0.4012006
 0.34782609 1.         1.        ] 
 f1: [0.76998282 0.         0.41875131 0.26966292 0.58853319 0.46928028
 0.03072983 0.         0.        ] 
 f1_avg: 0.6617108563866386

--- 104.09882879257202 seconds ---

Train Epoch: 23 accuracy: 0.57 
 precision: [0.95526486 0.         0.60927618 0.29191702 0.63788918 0.4468097
 0.1161528  0.00837192 0.0108127 ] 
 recall: [0.57778756 1.         0.40328467 0.77959431 0.72570016 0.58000579
 0.76403061 0.94964029 0.90510949] 
 f1: [0.72005385 0.         0.48532736 0.4247773  0.67896729 0.5047688
 0.20164955 0.01659751 0.0213701 ] 
 f1_avg: 0.6462402962737602


Validation Epoch: 23 accuracy: 0.61 
 precision: [0.92904548 0.         0.53483607 0.17839196 0.64987913 0.53083853
 0.02048085 0.         0.        ] 
 recall: [0.7087863  1.         0.35692308 0.56573705 0.5443807  0.3831916
 0.33333333 1.         1.        ] 
 f1: [0.80410542 0.         0.42813205 0.27125119 0.59247016 0.44509006
 0.0385906  0.         0.        ] 
 f1_avg: 0.6825064929035243

New best val score, save model ...
--- 108.76382374763489 seconds ---

Train Epoch: 24 accuracy: 0.59 
 precision: [0.95178481 0.         0.6013762  0.29094195 0.65245335 0.43137147
 0.12176669 0.01021251 0.00937634] 
 recall: [0.61903952 1.         0.3627451  0.77989706 0.71324741 0.5651765
 0.75956633 0.97841727 0.79562044] 
 f1: [0.75016971 0.         0.45252868 0.42378876 0.68149726 0.48929108
 0.20988633 0.02021403 0.01853426] 
 f1_avg: 0.6578327947186617


Validation Epoch: 24 accuracy: 0.56 
 precision: [0.9530543  0.         0.5123839  0.1654373  0.61135057 0.56621005
 0.01150086 0.         0.        ] 
 recall: [0.62732688 1.         0.33948718 0.62549801 0.57441782 0.43421711
 0.28985507 1.         1.        ] 
 f1: [0.75662326 0.         0.40838988 0.26166667 0.59230903 0.49150623
 0.02212389 0.         0.        ] 
 f1_avg: 0.6544681924666186

--- 113.06003737449646 seconds ---

Train Epoch: 25 accuracy: 0.57 
 precision: [0.95664667 0.         0.61472603 0.29607147 0.64230144 0.46053147
 0.10616502 0.00883103 0.01075085] 
 recall: [0.57278611 1.         0.41104909 0.78262186 0.72807443 0.59548611
 0.72704082 0.97122302 0.91970803] 
 f1: [0.71654529 0.         0.49266661 0.42961609 0.68250363 0.51938547
 0.18527548 0.01750292 0.02125327] 
 f1_avg: 0.6469555442520027


Validation Epoch: 25 accuracy: 0.61 
 precision: [0.92372066 0.         0.5460733  0.18148148 0.64701131 0.55050847
 0.02047782 0.         0.        ] 
 recall: [0.71504095 1.         0.3565812  0.58565737 0.54066824 0.4062031
 0.26086957 1.         1.        ] 
 f1: [0.80609418 0.         0.43143744 0.27709708 0.58907887 0.46747265
 0.03797468 0.         0.        ] 
 f1_avg: 0.6858570751469849

New best val score, save model ...
--- 117.77285647392273 seconds ---

Train Epoch: 26 accuracy: 0.58 
 precision: [0.95175672 0.         0.60372116 0.2939517  0.65439018 0.43469668
 0.10928056 0.01013186 0.00937475] 
 recall: [0.60859649 1.         0.35759267 0.78867696 0.71285977 0.57277199
 0.71492347 0.97841727 0.83941606] 
 f1: [0.7424419  0.         0.44914835 0.42827785 0.68237477 0.49427261
 0.18958228 0.02005604 0.01854241] 
 f1_avg: 0.653074871623715


Validation Epoch: 26 accuracy: 0.56 
 precision: [0.95381662 0.         0.5312667  0.16419387 0.60973863 0.56424936
 0.01033435 0.         0.        ] 
 recall: [0.628965   1.         0.33982906 0.66135458 0.57475532 0.44372186
 0.24637681 1.         1.        ] 
 f1: [0.75805438 0.         0.41451209 0.26307448 0.59173037 0.49677961
 0.01983664 0.         0.        ] 
 f1_avg: 0.6566011092984749

--- 122.10883808135986 seconds ---

Train Epoch: 27 accuracy: 0.58 
 precision: [0.95841841 0.         0.62009035 0.29690367 0.65128382 0.47294749
 0.10755254 0.00895879 0.01053243] 
 recall: [0.57754749 1.         0.41745384 0.78383288 0.73374358 0.59881366
 0.74744898 0.97122302 0.9270073 ] 
 f1: [0.72076098 0.         0.49898424 0.43067454 0.69005901 0.5284898
 0.18804653 0.01775381 0.02082821] 
 f1_avg: 0.6522538608644592


Validation Epoch: 27 accuracy: 0.61 
 precision: [0.93092009 0.         0.55837563 0.18556701 0.63393214 0.55387648
 0.01350048 0.         0.        ] 
 recall: [0.71042442 1.         0.33846154 0.64541833 0.5359433  0.42171086
 0.20289855 1.         1.        ] 
 f1: [0.80586173 0.         0.42145594 0.28825623 0.58083394 0.47884124
 0.02531646 0.         0.        ] 
 f1_avg: 0.6843737794302582

--- 126.39842200279236 seconds ---

Train Epoch: 28 accuracy: 0.59 
 precision: [0.9547883  0.         0.61597302 0.30607504 0.65682313 0.44691586
 0.12484237 0.01026756 0.00976562] 
 recall: [0.62211041 1.         0.36592958 0.79775961 0.71668766 0.59592014
 0.75765306 0.98561151 0.87591241] 
 f1: [0.75335687 0.         0.45911427 0.44241101 0.6854508  0.51077286
 0.21436305 0.02032339 0.0193159 ] 
 f1_avg: 0.6635028129441544


Validation Epoch: 28 accuracy: 0.58 
 precision: [0.94450328 0.         0.55972302 0.16979269 0.62643678 0.55577173
 0.01428571 0.         0.        ] 
 recall: [0.66403574 1.         0.33162393 0.68525896 0.5518056  0.42871436
 0.28985507 1.         1.        ] 
 f1: [0.77981812 0.         0.41648776 0.2721519  0.58675758 0.48404406
 0.02722941 0.         0.        ] 
 f1_avg: 0.6686481383705954

--- 130.75380754470825 seconds ---

Train Epoch: 29 accuracy: 0.59 
 precision: [0.95830717 0.         0.62234215 0.30271833 0.65289435 0.47650477
 0.12411735 0.00911116 0.01092337] 
 recall: [0.59548269 1.         0.41262344 0.79231002 0.73122396 0.61103877
 0.79591837 0.97122302 0.93430657] 
 f1: [0.73453347 0.         0.49623478 0.43806495 0.68984275 0.53545054
 0.21474662 0.01805296 0.02159426] 
 f1_avg: 0.6609580340523061


Validation Epoch: 29 accuracy: 0.61 
 precision: [0.93159736 0.         0.56489945 0.17452357 0.64074387 0.53046595
 0.02378855 0.         0.        ] 
 recall: [0.71392405 1.         0.31692308 0.69322709 0.5116436  0.44422211
 0.39130435 1.         1.        ] 
 f1: [0.80836354 0.         0.40604468 0.27884615 0.56896228 0.48352845
 0.0448505  0.         0.        ] 
 f1_avg: 0.6826037236149464

--- 135.0711064338684 seconds ---

Train Epoch: 30 accuracy: 0.60 
 precision: [0.95590336 0.         0.61521675 0.3073588  0.66436977 0.46084221
 0.12885948 0.01037564 0.01005108] 
 recall: [0.62926249 1.         0.37322885 0.79412655 0.71944956 0.60402199
 0.78252551 0.98561151 0.89051095] 
 f1: [0.75892895 0.         0.46460147 0.44318662 0.6908135  0.52280625
 0.22128043 0.02053511 0.0198778 ] 
 f1_avg: 0.6694775875993733


Validation Epoch: 30 accuracy: 0.58 
 precision: [0.94690838 0.         0.57397176 0.16682739 0.61968085 0.55770393
 0.01276024 0.         0.        ] 
 recall: [0.65338794 1.         0.31965812 0.68924303 0.55045562 0.46173087
 0.27536232 1.         1.        ] 
 f1: [0.77322994 0.         0.41062802 0.26863354 0.58302055 0.50519978
 0.02439024 0.         0.        ] 
 f1_avg: 0.6651596474043281

--- 139.35693979263306 seconds ---

Train Epoch: 31 accuracy: 0.59 
 precision: [0.95809621 0.         0.62856842 0.30705106 0.65373866 0.48285698
 0.12193434 0.00876211 0.01050194] 
 recall: [0.58434946 1.         0.4270073  0.80290645 0.73669929 0.61226852
 0.78635204 0.95683453 0.9270073 ] 
 f1: [0.72594194 0.         0.50854391 0.44422111 0.69274405 0.53991644
 0.21113014 0.01736519 0.0207686 ] 
 f1_avg: 0.6586967976040682


Validation Epoch: 31 accuracy: 0.60 
 precision: [0.93714116 0.         0.55852417 0.16351607 0.65013169 0.50266525
 0.0247012  0.         0.        ] 
 recall: [0.70491437 1.         0.30017094 0.68924303 0.49983125 0.47173587
 0.44927536 1.         1.        ] 
 f1: [0.80460649 0.         0.39048254 0.26432391 0.56515932 0.48670968
 0.04682779 0.         0.        ] 
 f1_avg: 0.6777789332109257

--- 143.64434432983398 seconds ---

Train Epoch: 32 accuracy: 0.60 
 precision: [0.95514785 0.         0.61520522 0.30904168 0.66893739 0.46785096
 0.1300813  0.01018498 0.00984904] 
 recall: [0.62648168 1.         0.37755832 0.79473206 0.723229   0.60583044
 0.78571429 0.97841727 0.89051095] 
 f1: [0.75666598 0.         0.46793792 0.4450284  0.69502456 0.52797478
 0.22320862 0.02016009 0.01948259] 
 f1_avg: 0.6696827717131482


Validation Epoch: 32 accuracy: 0.58 
 precision: [0.94353312 0.         0.57924177 0.16634241 0.63531828 0.55376344
 0.01421801 0.         0.        ] 
 recall: [0.66813105 1.         0.31863248 0.6812749  0.52210597 0.46373187
 0.30434783 1.         1.        ] 
 f1: [0.78230166 0.         0.41111601 0.2673964  0.57317525 0.5047645
 0.02716688 0.         0.        ] 
 f1_avg: 0.6694624528306433

--- 147.93689489364624 seconds ---

Train Epoch: 33 accuracy: 0.59 
 precision: [0.95963556 0.         0.62837236 0.31555346 0.65696573 0.48524069
 0.13439611 0.00876965 0.01047768] 
 recall: [0.5900111  1.         0.42918992 0.80956706 0.73941273 0.61834491
 0.81186224 0.97122302 0.9270073 ] 
 f1: [0.73074159 0.         0.51002402 0.45410546 0.69575525 0.5437659
 0.23061594 0.01738235 0.02072116] 
 f1_avg: 0.6628737118242487


Validation Epoch: 33 accuracy: 0.60 
 precision: [0.93672763 0.         0.55148005 0.15748792 0.66117216 0.49895068
 0.02453532 0.         0.        ] 
 recall: [0.70551005 1.         0.29299145 0.64940239 0.48734391 0.47573787
 0.47826087 1.         1.        ] 
 f1: [0.80484179 0.         0.3826747  0.25349922 0.56110356 0.48706786
 0.0466761  0.         0.        ] 
 f1_avg: 0.6762211132020517

--- 152.25227189064026 seconds ---

Train Epoch: 34 accuracy: 0.61 
 precision: [0.95596159 0.         0.61518491 0.3141018  0.67452788 0.47459155
 0.13746541 0.01021404 0.00996488] 
 recall: [0.63534425 1.         0.38152998 0.79775961 0.72342281 0.609375
 0.79209184 0.97841727 0.89051095] 
 f1: [0.76335382 0.         0.47097016 0.45073555 0.69812027 0.5336036
 0.23427332 0.02021704 0.01970921] 
 f1_avg: 0.6752417023817575


Validation Epoch: 34 accuracy: 0.59 
 precision: [0.94098428 0.         0.57434944 0.1761658  0.62877517 0.52547393
 0.01692421 0.         0.        ] 
 recall: [0.68622487 1.         0.31692308 0.67729084 0.50590618 0.44372186
 0.33333333 1.         1.        ] 
 f1: [0.79366173 0.         0.40846001 0.27960526 0.56068824 0.48114999
 0.03221289 0.         0.        ] 
 f1_avg: 0.6724205869523988

--- 156.51126980781555 seconds ---

Train Epoch: 35 accuracy: 0.59 
 precision: [0.96014823 0.         0.63541401 0.33018057 0.65111055 0.48924018
 0.15135385 0.00849366 0.01058464] 
 recall: [0.59093137 1.         0.44618577 0.81380563 0.74430662 0.61342593
 0.83418367 0.94964029 0.93430657] 
 f1: [0.73159586 0.         0.52424695 0.46976582 0.69459643 0.54433996
 0.25621939 0.01683673 0.02093213] 
 f1_avg: 0.6662089719184767


Validation Epoch: 35 accuracy: 0.59 
 precision: [0.93954183 0.         0.53543814 0.16559829 0.66525024 0.4844358
 0.02359473 0.         0.        ] 
 recall: [0.70238273 1.         0.28410256 0.61752988 0.47553156 0.49824912
 0.49275362 1.         1.        ] 
 f1: [0.80383468 0.         0.37123073 0.26116259 0.55461523 0.49124538
 0.04503311 0.         0.        ] 
 f1_avg: 0.6736300423036227

--- 160.83721446990967 seconds ---

Train Epoch: 36 accuracy: 0.60 
 precision: [0.95583263 0.         0.62249563 0.3154242  0.67924443 0.4818685
 0.14645386 0.01023075 0.00992536] 
 recall: [0.62496124 1.         0.39466151 0.79806237 0.72657234 0.61711516
 0.8309949  0.98561151 0.91240876] 
 f1: [0.75577007 0.         0.48306217 0.45214408 0.70211172 0.54116975
 0.24902054 0.02025129 0.01963711] 
 f1_avg: 0.6740152370236401


Validation Epoch: 36 accuracy: 0.58 
 precision: [0.94651114 0.         0.55351057 0.162      0.62961409 0.4645
 0.02030124 0.         0.        ] 
 recall: [0.6706627  1.         0.27760684 0.64541833 0.50658117 0.46473237
 0.44927536 1.         1.        ] 
 f1: [0.78506058 0.         0.36976321 0.25899281 0.56143632 0.46461615
 0.03884712 0.         0.        ] 
 f1_avg: 0.6602076109452543

--- 165.1480872631073 seconds ---

Train Epoch: 37 accuracy: 0.60 
 precision: [0.96043301 0.         0.6351626  0.32028089 0.66431539 0.48919135
 0.1530303  0.00947441 0.01048269] 
 recall: [0.61235758 1.         0.42489624 0.8147139  0.74382208 0.61877894
 0.83737245 0.98561151 0.94160584] 
 f1: [0.74787888 0.         0.50917589 0.4598035  0.70182417 0.5464069
 0.2587702  0.01876841 0.02073455] 
 f1_avg: 0.6743013453325561


Validation Epoch: 37 accuracy: 0.58 
 precision: [0.94940908 0.         0.52661871 0.13532513 0.65800464 0.44717995
 0.02694954 0.         0.        ] 
 recall: [0.68190618 1.         0.25025641 0.61354582 0.47856902 0.49974987
 0.68115942 1.         1.        ] 
 f1: [0.79372508 0.         0.33928158 0.22174226 0.5541227  0.47200567
 0.05184777 0.         0.        ] 
 f1_avg: 0.6607554732567507

--- 169.46590328216553 seconds ---

Train Epoch: 38 accuracy: 0.61 
 precision: [0.95613701 0.         0.63450326 0.32106825 0.67902717 0.48221914
 0.1428729  0.01054509 0.00988689] 
 recall: [0.62797211 1.         0.39716617 0.81895247 0.73999419 0.62876157
 0.82589286 0.97841727 0.91240876] 
 f1: [0.75806315 0.         0.48853484 0.46128922 0.70820098 0.54582561
 0.24360421 0.0208653  0.01956182] 
 f1_avg: 0.6775609932593779


Validation Epoch: 38 accuracy: 0.58 
 precision: [0.94048457 0.         0.52650177 0.14567669 0.62032556 0.49382053
 0.02405722 0.         0.        ] 
 recall: [0.69657483 1.         0.25470085 0.61752988 0.47586905 0.45972986
 0.53623188 1.         1.        ] 
 f1: [0.80035933 0.         0.34331797 0.23574144 0.53857907 0.4761658
 0.04604854 0.         0.        ] 
 f1_avg: 0.6638186674988784

--- 173.71986413002014 seconds ---

Train Epoch: 39 accuracy: 0.61 
 precision: [0.96054682 0.         0.63360927 0.3077538  0.67591978 0.47516764
 0.15055633 0.00993377 0.01054129] 
 recall: [0.62272059 1.         0.41079863 0.81592492 0.73975191 0.63049769
 0.82844388 0.97122302 0.91970803] 
 f1: [0.75559224 0.         0.49843709 0.44693201 0.70639676 0.54192185
 0.25480581 0.0196664  0.02084367] 
 f1_avg: 0.6770158808263359


Validation Epoch: 39 accuracy: 0.59 
 precision: [0.94515319 0.         0.51628223 0.16276704 0.63395765 0.48624339
 0.02774194 0.         0.        ] 
 recall: [0.70059568 1.         0.26017094 0.6374502  0.52548093 0.45972986
 0.62318841 1.         1.        ] 
 f1: [0.80470387 0.         0.34598772 0.25931929 0.57464477 0.47261507
 0.05311921 0.         0.        ] 
 f1_avg: 0.671783121721988

--- 177.9503424167633 seconds ---

Train Epoch: 40 accuracy: 0.62 
 precision: [0.95774439 0.         0.63323864 0.32757794 0.67913535 0.48482647
 0.14797082 0.01055245 0.01081221] 
 recall: [0.64524712 1.         0.3987763  0.82712685 0.73984882 0.62753183
 0.82780612 0.97841727 0.91240876] 
 f1: [0.77103566 0.         0.48937385 0.46929486 0.70819322 0.54702525
 0.25106383 0.02087971 0.02137117] 
 f1_avg: 0.685769390204089


Validation Epoch: 40 accuracy: 0.59 
 precision: [0.94449584 0.         0.50381232 0.16252588 0.61047584 0.48892675
 0.02732644 0.         0.        ] 
 recall: [0.68421445 1.         0.29367521 0.62549801 0.55855552 0.43071536
 0.53623188 1.         1.        ] 
 f1: [0.79355758 0.         0.37105832 0.2580115  0.58336271 0.45797872
 0.05200281 0.         0.        ] 
 f1_avg: 0.6680767262138233

--- 182.21375942230225 seconds ---

Train Epoch: 41 accuracy: 0.61 
 precision: [0.96165743 0.         0.63037157 0.33756627 0.66729614 0.47521499
 0.14983404 0.00969176 0.01130195] 
 recall: [0.62820218 1.         0.41884929 0.82894338 0.75336757 0.62760417
 0.80612245 0.95683453 0.9270073 ] 
 f1: [0.75996055 0.         0.50328905 0.4797617  0.70772452 0.5408809
 0.25269892 0.01918915 0.02233163] 
 f1_avg: 0.6811381158842306


Validation Epoch: 41 accuracy: 0.59 
 precision: [0.95170246 0.         0.50574018 0.15805169 0.61507937 0.48399146
 0.02872411 0.         0.        ] 
 recall: [0.67639613 1.         0.28615385 0.63346614 0.57543031 0.45372686
 0.62318841 1.         1.        ] 
 f1: [0.79077258 0.         0.36550218 0.25298329 0.59459459 0.46837077
 0.05491699 0.         0.        ] 
 f1_avg: 0.6680461550448131

--- 186.49267673492432 seconds ---

Train Epoch: 42 accuracy: 0.62 
 precision: [0.95890329 0.         0.63107543 0.34081381 0.68079768 0.48812931
 0.13559508 0.01067061 0.01134166] 
 recall: [0.64020566 1.         0.41069128 0.83681502 0.74934587 0.62912326
 0.78762755 0.98561151 0.94160584] 
 f1: [0.76779673 0.         0.49757239 0.48435994 0.71342898 0.54972978
 0.23136006 0.02111265 0.02241334] 
 f1_avg: 0.6861861355917108


Validation Epoch: 42 accuracy: 0.60 
 precision: [0.93600879 0.         0.52270382 0.16863588 0.60573343 0.50190114
 0.02758621 0.         0.        ] 
 recall: [0.6981385  1.         0.34632479 0.62549801 0.54910564 0.3961981
 0.4057971  1.         1.        ] 
 f1: [0.79976116 0.         0.41661526 0.26565144 0.57603116 0.44282919
 0.05166052 0.         0.        ] 
 f1_avg: 0.6757697925231848

--- 190.75369668006897 seconds ---

Train Epoch: 43 accuracy: 0.61 
 precision: [0.96205962 0.         0.6273362  0.34072881 0.65991988 0.46542005
 0.12558443 0.00951077 0.01131364] 
 recall: [0.61432816 1.         0.41795477 0.83227369 0.75830991 0.62116609
 0.73660714 0.94964029 0.91970803] 
 f1: [0.74984128 0.         0.50167497 0.48351069 0.70570198 0.53213113
 0.2145843  0.01883293 0.02235232] 
 f1_avg: 0.6735759792201611


Validation Epoch: 43 accuracy: 0.59 
 precision: [0.9524162  0.         0.51184573 0.16207627 0.60984437 0.48817204
 0.0204918  0.         0.        ] 
 recall: [0.6706627  1.         0.31760684 0.60956175 0.56868039 0.45422711
 0.43478261 1.         1.        ] 
 f1: [0.78708437 0.         0.39198312 0.25606695 0.58854349 0.47058824
 0.03913894 0.         0.        ] 
 f1_avg: 0.6686984035380494

--- 195.0270767211914 seconds ---

Train Epoch: 44 accuracy: 0.62 
 precision: [0.96007941 0.         0.63525427 0.34947395 0.67990215 0.48346509
 0.12673123 0.01053927 0.0111227 ] 
 recall: [0.62884236 1.         0.42282095 0.83469573 0.7541913  0.62818287
 0.77614796 0.98561151 0.93430657] 
 f1: [0.75993497 0.         0.50771214 0.49267334 0.71512256 0.54640408
 0.2178856  0.02085553 0.02198368] 
 f1_avg: 0.6831576923583229


Validation Epoch: 44 accuracy: 0.60 
 precision: [0.93696763 0.         0.52980819 0.17276888 0.61459566 0.52583979
 0.02419355 0.         0.        ] 
 recall: [0.69620253 1.         0.34940171 0.60159363 0.52581843 0.4072036
 0.43478261 1.         1.        ] 
 f1: [0.79883805 0.         0.421096   0.26844444 0.56675155 0.45897942
 0.04583652 0.         0.        ] 
 f1_avg: 0.6760377056173303

--- 199.38329577445984 seconds ---

Train Epoch: 45 accuracy: 0.62 
 precision: [0.96288688 0.         0.63725017 0.35045547 0.66584735 0.48042432
 0.1490602  0.01012525 0.0108724 ] 
 recall: [0.62830221 1.         0.42554029 0.83863155 0.76131408 0.63556134
 0.79910714 0.97122302 0.91240876] 
 f1: [0.76041742 0.         0.51030873 0.4943339  0.7103877  0.54720977
 0.25125326 0.02004157 0.02148874] 
 f1_avg: 0.6837059320937444


Validation Epoch: 45 accuracy: 0.61 
 precision: [0.93366854 0.         0.52972399 0.16343826 0.62819992 0.54100445
 0.02164502 0.         0.        ] 
 recall: [0.71898734 1.         0.34119658 0.53784861 0.52176848 0.42571286
 0.36231884 1.         1.        ] 
 f1: [0.81238432 0.         0.41505511 0.25069638 0.570059   0.47648376
 0.04084967 0.         0.        ] 
 f1_avg: 0.6854775078288985

--- 203.6967372894287 seconds ---

Train Epoch: 46 accuracy: 0.63 
 precision: [0.9618253  0.         0.63964864 0.34645177 0.68298368 0.48924671
 0.14874511 0.01056639 0.01142961] 
 recall: [0.64115594 1.         0.43512953 0.83953981 0.75244694 0.63519965
 0.82397959 0.97841727 0.91970803] 
 f1: [0.76941637 0.         0.51793015 0.49049262 0.71603458 0.55275085
 0.25199922 0.02090699 0.02257862] 
 f1_avg: 0.69143317170336


Validation Epoch: 46 accuracy: 0.61 
 precision: [0.92857143 0.         0.54864865 0.17942284 0.61950207 0.54172099
 0.02698283 0.         0.        ] 
 recall: [0.71533879 1.         0.34700855 0.56972112 0.5038812  0.41570785
 0.47826087 1.         1.        ] 
 f1: [0.80812584 0.         0.42513089 0.27290076 0.55574167 0.47042174
 0.05108359 0.         0.        ] 
 f1_avg: 0.6819659096037316

--- 207.97583651542664 seconds ---

Train Epoch: 47 accuracy: 0.62 
 precision: [0.96272478 0.         0.64756953 0.36136423 0.66693511 0.49062851
 0.15898389 0.01006486 0.01057415] 
 recall: [0.63192326 1.         0.44568484 0.84044808 0.76242853 0.63245081
 0.8182398  0.97122302 0.88321168] 
 f1: [0.76301248 0.         0.52798677 0.50541648 0.71149194 0.55258501
 0.26623781 0.01992326 0.0208981 ] 
 f1_avg: 0.689141426934643


Validation Epoch: 47 accuracy: 0.61 
 precision: [0.9325832  0.         0.51445087 0.18571429 0.63528915 0.55855856
 0.02109375 0.         0.        ] 
 recall: [0.7282204  1.         0.33470085 0.51792829 0.50793115 0.43421711
 0.39130435 1.         1.        ] 
 f1: [0.81782832 0.         0.40555095 0.27339642 0.56451613 0.48860118
 0.04002965 0.         0.        ] 
 f1_avg: 0.6881929341414256

New best val score, save model ...
--- 212.63608527183533 seconds ---

Train Epoch: 48 accuracy: 0.63 
 precision: [0.9616019  0.         0.63349847 0.34214464 0.68341619 0.49799876
 0.14615385 0.01133918 0.01116974] 
 recall: [0.64729772 1.         0.43008444 0.83075992 0.74600252 0.63903356
 0.82397959 0.98561151 0.9270073 ] 
 f1: [0.7737496  0.         0.51233963 0.48467721 0.7133392  0.55976935
 0.24827056 0.02242042 0.02207352] 
 f1_avg: 0.6931847352541616


Validation Epoch: 48 accuracy: 0.60 
 precision: [0.92752498 0.         0.55185801 0.17667845 0.61993383 0.5635622
 0.02990033 0.         0.        ] 
 recall: [0.71183917 1.         0.34017094 0.59760956 0.50590618 0.41470735
 0.52173913 1.         1.        ] 
 f1: [0.80549353 0.         0.42089679 0.27272727 0.55714551 0.4778098
 0.05655931 0.         0.        ] 
 f1_avg: 0.6806499202853687

--- 216.87276816368103 seconds ---

Train Epoch: 49 accuracy: 0.62 
 precision: [0.9632323  0.         0.65762816 0.36037217 0.66936811 0.49804033
 0.14982785 0.00963613 0.0104227 ] 
 recall: [0.61608867 1.         0.45992558 0.83257645 0.76838841 0.63425926
 0.80484694 0.96402878 0.91970803] 
 f1: [0.75150842 0.         0.54128943 0.50301811 0.71546843 0.55795603
 0.25262736 0.01908152 0.02061181] 
 f1_avg: 0.6852531612158035


Validation Epoch: 49 accuracy: 0.62 
 precision: [0.9194109  0.         0.54092141 0.18326118 0.66331658 0.57298772
 0.01805416 0.         0.        ] 
 recall: [0.74839911 1.         0.34119658 0.5059761  0.49004387 0.42021011
 0.26086957 1.         1.        ] 
 f1: [0.82513751 0.         0.41844864 0.2690678  0.5636646  0.48484848
 0.03377111 0.         0.        ] 
 f1_avg: 0.6939398048012363

New best val score, save model ...
--- 221.5212914943695 seconds ---

Train Epoch: 50 accuracy: 0.63 
 precision: [0.96113043 0.         0.64411028 0.36333728 0.68478598 0.49674695
 0.14439341 0.01095387 0.0108439 ] 
 recall: [0.64704764 1.         0.43219551 0.83590675 0.74958814 0.62962963
 0.82206633 0.98561151 0.90510949] 
 f1: [0.7734183  0.         0.51729085 0.50651257 0.71572324 0.55534996
 0.24564078 0.02166693 0.02143104] 
 f1_avg: 0.6941467912958215


Validation Epoch: 50 accuracy: 0.61 
 precision: [0.91566713 0.         0.56721698 0.1681128  0.64778438 0.53581662
 0.03232534 0.         0.        ] 
 recall: [0.73328369 1.         0.32888889 0.61752988 0.47856902 0.37418709
 0.44927536 1.         1.        ] 
 f1: [0.81438908 0.         0.4163601  0.26427962 0.55046584 0.44064801
 0.06031128 0.         0.        ] 
 f1_avg: 0.6811240004647297

--- 225.77834796905518 seconds ---

Train Epoch: 51 accuracy: 0.62 
 precision: [0.96169821 0.         0.65914669 0.36345673 0.67552919 0.4883419
 0.13280729 0.01025372 0.01132443] 
 recall: [0.62764202 1.         0.45162445 0.83530124 0.76698323 0.62572338
 0.76211735 0.98561151 0.93430657] 
 f1: [0.75956324 0.         0.53600017 0.50651735 0.71835716 0.54856201
 0.22619724 0.0202963  0.02237762] 
 f1_avg: 0.6885821861008703


Validation Epoch: 51 accuracy: 0.61 
 precision: [0.92903837 0.         0.53943045 0.16213018 0.65733333 0.55359477
 0.02044293 0.         0.        ] 
 recall: [0.73015637 1.         0.33675214 0.54581673 0.49915626 0.42371186
 0.34782609 1.         1.        ] 
 f1: [0.81767772 0.         0.41464955 0.25       0.56742758 0.48002267
 0.03861625 0.         0.        ] 
 f1_avg: 0.6886596761691066

--- 230.04009366035461 seconds ---

Train Epoch: 52 accuracy: 0.62 
 precision: [0.95907836 0.         0.65013641 0.36810471 0.68907638 0.50339432
 0.12457705 0.01114971 0.01086682] 
 recall: [0.63954547 1.         0.43484328 0.83439298 0.74794069 0.63295718
 0.77487245 0.99280576 0.94160584] 
 f1: [0.7673778  0.         0.52112948 0.51084337 0.71730291 0.56078959
 0.21464535 0.02205177 0.02148568] 
 f1_avg: 0.6916216631706931


Validation Epoch: 52 accuracy: 0.60 
 precision: [0.91683094 0.         0.57487923 0.15068493 0.65350673 0.55869565
 0.02315789 0.         0.        ] 
 recall: [0.72725242 1.         0.32547009 0.61354582 0.47485656 0.38569285
 0.31884058 1.         1.        ] 
 f1: [0.81111157 0.         0.41562978 0.24194815 0.55003909 0.45634803
 0.04317959 0.         0.        ] 
 f1_avg: 0.680069299695173

--- 234.30916213989258 seconds ---

Train Epoch: 53 accuracy: 0.62 
 precision: [0.96175516 0.         0.66331342 0.36846286 0.67893537 0.49661235
 0.13820858 0.01036427 0.01056546] 
 recall: [0.62836223 1.         0.45298411 0.84256736 0.76509352 0.64156539
 0.76658163 0.97841727 0.91240876] 
 f1: [0.76010818 0.         0.53833397 0.51271186 0.71944413 0.5598586
 0.23419386 0.02051127 0.02088904] 
 f1_avg: 0.6905587218680032


Validation Epoch: 53 accuracy: 0.62 
 precision: [0.92426354 0.         0.54448198 0.15924276 0.66835327 0.55991591
 0.02037037 0.         0.        ] 
 recall: [0.74058079 1.         0.33059829 0.56972112 0.49038137 0.39969985
 0.31884058 1.         1.        ] 
 f1: [0.82228928 0.         0.41140183 0.2489121  0.56569982 0.46643316
 0.03829417 0.         0.        ] 
 f1_avg: 0.6895772563161932

--- 238.61331820487976 seconds ---

Train Epoch: 54 accuracy: 0.62 
 precision: [0.95926436 0.         0.64691572 0.37000396 0.68957762 0.50794917
 0.14046858 0.01083883 0.01043738] 
 recall: [0.6407058  1.         0.42815228 0.84922797 0.74280454 0.6448206
 0.84119898 0.99280576 0.91970803] 
 f1: [0.76827213 0.         0.51527613 0.5154355  0.71520213 0.56825933
 0.24073736 0.02144356 0.02064051] 
 f1_avg: 0.6918699988081167


Validation Epoch: 54 accuracy: 0.61 
 precision: [0.91973846 0.         0.56521739 0.16289105 0.65194927 0.58740741
 0.01894317 0.         0.        ] 
 recall: [0.72271035 1.         0.35555556 0.60159363 0.46844414 0.39669835
 0.27536232 1.         1.        ] 
 f1: [0.80940666 0.         0.43651626 0.25636672 0.54516889 0.4735742
 0.03544776 0.         0.        ] 
 f1_avg: 0.6829017774064834

--- 242.93824100494385 seconds ---

Train Epoch: 55 accuracy: 0.62 
 precision: [0.96129941 0.         0.66278399 0.36191218 0.68270605 0.49732053
 0.14959981 0.01031866 0.01035923] 
 recall: [0.62812216 1.         0.45198225 0.84347563 0.76378525 0.64445891
 0.81058673 0.97841727 0.90510949] 
 f1: [0.75979019 0.         0.53745187 0.50649941 0.72097331 0.56140904
 0.25258347 0.02042195 0.02048402] 
 f1_avg: 0.6905873591432862


Validation Epoch: 55 accuracy: 0.61 
 precision: [0.94152047 0.         0.52290679 0.16289593 0.65379665 0.56814052
 0.01736385 0.         0.        ] 
 recall: [0.71928518 1.         0.33948718 0.57370518 0.51434357 0.46923462
 0.31884058 1.         1.        ] 
 f1: [0.81553398 0.         0.41169154 0.25374449 0.57574613 0.5139726
 0.03293413 0.         0.        ] 
 f1_avg: 0.6912302284316614

--- 247.21263694763184 seconds ---

Train Epoch: 56 accuracy: 0.62 
 precision: [0.95755697 0.         0.65336618 0.35867598 0.69643981 0.51013318
 0.14484061 0.01064486 0.0104175 ] 
 recall: [0.63640456 1.         0.43648919 0.83984257 0.75070259 0.63729745
 0.83163265 0.99280576 0.94890511] 
 f1: [0.76462776 0.         0.52334885 0.50267283 0.72255387 0.56666881
 0.2467127  0.02106388 0.02060875] 
 f1_avg: 0.6916203694720602


Validation Epoch: 56 accuracy: 0.60 
 precision: [0.94649616 0.         0.52410575 0.16744731 0.62077295 0.58391608
 0.01771337 0.         0.        ] 
 recall: [0.68890544 1.         0.34564103 0.56972112 0.52041849 0.50125063
 0.31884058 1.         1.        ] 
 f1: [0.79741435 0.         0.41656366 0.25882353 0.56618322 0.53943472
 0.03356217 0.         0.        ] 
 f1_avg: 0.6817458435739748

--- 251.4747302532196 seconds ---

Train Epoch: 57 accuracy: 0.62 
 precision: [0.96114168 0.         0.65810067 0.36970339 0.68421053 0.50531701
 0.16840518 0.01036701 0.009708  ] 
 recall: [0.61507837 1.         0.46640189 0.84529216 0.77226475 0.63592303
 0.85459184 0.98561151 0.93430657] 
 f1: [0.75012047 0.         0.54591142 0.51441732 0.72557589 0.5631466
 0.28136483 0.0205182  0.01921633] 
 f1_avg: 0.6873632137398055


Validation Epoch: 57 accuracy: 0.58 
 precision: [0.95895359 0.         0.46944444 0.15739645 0.62551287 0.48353096
 0.02051282 0.         0.        ] 
 recall: [0.6523455  1.         0.28888889 0.52988048 0.56598043 0.55077539
 0.46376812 1.         1.        ] 
 f1: [0.77647789 0.         0.35767196 0.24270073 0.59425939 0.51496726
 0.03928791 0.         0.        ] 
 f1_avg: 0.6622048977946258

--- 255.72426199913025 seconds ---

Train Epoch: 58 accuracy: 0.62 
 precision: [0.95605985 0.         0.63836347 0.36166557 0.69229751 0.49651374
 0.15204482 0.01125612 0.00964414] 
 recall: [0.62834222 1.         0.43713325 0.82833787 0.75995736 0.6129919
 0.86543367 0.99280576 0.94160584] 
 f1: [0.75830849 0.         0.51892282 0.5034965  0.72455131 0.54863876
 0.25864862 0.02225986 0.01909273] 
 f1_avg: 0.6859969956221937


Validation Epoch: 58 accuracy: 0.56 
 precision: [0.96276718 0.         0.48148148 0.14405204 0.57627724 0.46714406
 0.02516556 0.         0.        ] 
 recall: [0.62382725 1.         0.28       0.61752988 0.5443807  0.55477739
 0.55072464 1.         1.        ] 
 f1: [0.7570938  0.         0.3540856  0.23360965 0.55987504 0.50720329
 0.04813173 0.         0.        ] 
 f1_avg: 0.6441852558487944

--- 259.96312522888184 seconds ---

Train Epoch: 59 accuracy: 0.61 
 precision: [0.96301576 0.         0.6508785  0.35260712 0.68118422 0.50203264
 0.16506625 0.01054252 0.00927805] 
 recall: [0.60817637 1.         0.47055245 0.82712685 0.77148949 0.63425926
 0.86607143 0.98561151 0.93430657] 
 f1: [0.74552745 0.         0.54621727 0.49443489 0.72352995 0.56045256
 0.27728433 0.02086189 0.01837365] 
 f1_avg: 0.6837664695790282


Validation Epoch: 59 accuracy: 0.56 
 precision: [0.96640768 0.         0.50263753 0.10079051 0.61743155 0.42041588
 0.02937063 0.         0.        ] 
 recall: [0.62978407 1.         0.22803419 0.60956175 0.54033075 0.55627814
 0.60869565 1.         1.        ] 
 f1: [0.76260031 0.         0.31373471 0.17297908 0.57631389 0.4788975
 0.05603736 0.         0.        ] 
 f1_avg: 0.6411061911539653

--- 264.2351145744324 seconds ---

Train Epoch: 60 accuracy: 0.62 
 precision: [0.96029432 0.         0.65312948 0.32591043 0.68832984 0.48833934
 0.1551285  0.01177274 0.00969196] 
 recall: [0.62924248 1.         0.44021039 0.80199818 0.76363989 0.6270978
 0.85459184 0.99280576 0.94160584] 
 f1: [0.76029442 0.         0.5259378  0.46347651 0.72403179 0.54908791
 0.26259063 0.02326954 0.01918644] 
 f1_avg: 0.6875741999673288


Validation Epoch: 60 accuracy: 0.56 
 precision: [0.95736347 0.         0.53065693 0.11056683 0.58662614 0.45856354
 0.03010471 0.         0.        ] 
 recall: [0.6370067  1.         0.24854701 0.62948207 0.52109349 0.49824912
 0.66666667 1.         1.        ] 
 f1: [0.76500045 0.         0.33853318 0.18809524 0.55192136 0.47758331
 0.05760802 0.         0.        ] 
 f1_avg: 0.6426669333380414

--- 268.4845361709595 seconds ---

Train Epoch: 61 accuracy: 0.61 
 precision: [0.96452754 0.         0.66608924 0.30575621 0.68142088 0.48163911
 0.15028171 0.01023228 0.00964134] 
 recall: [0.60272479 1.         0.45402175 0.82016349 0.76683787 0.6385272
 0.83354592 0.98561151 0.91240876] 
 f1: [0.74186479 0.         0.53998042 0.44544931 0.72161047 0.54909645
 0.25465173 0.02025429 0.01908106] 
 f1_avg: 0.6781892360685751


Validation Epoch: 61 accuracy: 0.59 
 precision: [0.93638626 0.         0.51662562 0.14923954 0.62822581 0.51794258
 0.02691337 0.         0.        ] 
 recall: [0.7003723  1.         0.28683761 0.62549801 0.52581843 0.43321661
 0.46376812 1.         1.        ] 
 f1: [0.80136315 0.         0.36887228 0.24098235 0.57247841 0.47180605
 0.0508744  0.         0.        ] 
 f1_avg: 0.6722119185591777

--- 272.8117325305939 seconds ---

Train Epoch: 62 accuracy: 0.62 
 precision: [0.96299416 0.         0.66255297 0.35443199 0.69343002 0.48625582
 0.15274738 0.01071204 0.0099889 ] 
 recall: [0.62889238 1.         0.44758122 0.84256736 0.76916368 0.63469329
 0.84566327 0.97841727 0.91970803] 
 f1: [0.76088298 0.         0.53425301 0.49896907 0.72933609 0.55064642
 0.25875695 0.02119205 0.01976316] 
 f1_avg: 0.6907573010128149


Validation Epoch: 62 accuracy: 0.59 
 precision: [0.93731254 0.         0.52779307 0.14700375 0.62484725 0.51161331
 0.03       0.         0.        ] 
 recall: [0.69806404 1.         0.32786325 0.62549801 0.51771853 0.40770385
 0.47826087 1.         1.        ] 
 f1: [0.80018778 0.         0.40447069 0.23805914 0.56626061 0.45378619
 0.05645851 0.         0.        ] 
 f1_avg: 0.6737623461758643

Early stopping!

Test Epoch: accuracy: 0.60 
 precision: [0.92925493 0.         0.57321275 0.19659735 0.6045568  0.45826162
 0.03849372 0.         0.        ] 
 recall: [0.68956728 1.         0.32856085 0.60641399 0.58466647 0.49557934
 0.14285714 1.         1.        ] 
 f1: [0.79166667 0.         0.41769967 0.29693076 0.5944453  0.47619048
 0.06064601 0.         0.        ] 
 f1_avg: 0.6696866967398105

--- 277.8673634529114 seconds ---

Test Epoch: accuracy: 0.62 
 precision: [0.9194109  0.         0.54092141 0.18326118 0.66331658 0.57298772
 0.01805416 0.         0.        ] 
 recall: [0.74839911 1.         0.34119658 0.5059761  0.49004387 0.42021011
 0.26086957 1.         1.        ] 
 f1: [0.82513751 0.         0.41844864 0.2690678  0.5636646  0.48484848
 0.03377111 0.         0.        ] 
 f1_avg: 0.6939398048012363

--- 278.0501983165741 seconds ---
