{'name': 'chimp_wav2vec2_lstm_ar_bi_42', 'data_path': '/data/zifjia/data_chimp/wav2vec2_split_42', 'test_only': False, 'balance_weights': True, 'model_type': 'lstm', 'model_autoregressive': True, 'n_embedding': 768, 'd_hid': 1024, 'nlayers': 2, 'batch_size': 1, 'n_epoch': 200, 'lr': 0.0001, 'dropout': 0.4, 'patience': 10, 'step_factor': 0.7, 'seed': 42}
cuda
Reading data ...
train, dev, test number of files: 188, 23, 24.
dev files:  ['ASO1624_02 HW single ph_01', 'ASO1138 Sonso PS single ph_01', 'ASO1331 Sonso FK single ph feeding_01', 'ASO3453 KT pg pant ph intro, 1_20 unk hoo, 16_20 KT single ph_01', 'ASO0471 Sonso KT single ph feeding, group ph_01', 'ASO1514 MS single ph intro, KC group ph_01', 'ASO0481 Sonso KT single ph, KZ single ph feeding_01', 'ASO3132 KT single ph rest_01', 'ASO3129 KT single ph resting_01', 'ASO1614 HW single ph feeding_01', 'ASO3829 PS IN IS group ph resting, 1_30 HW single ph_01', 'ASO3462 PS single ph drum traveling_01', 'ASO3574 KT single ph feeding_01', 'ASO3856 MS single ph feeding_01', 'ASO3455 KT single ph_01', 'ASO3015 PS single ph feeding_01', 'ASO2125 KL OK KC JS group ph, FK single ph, OK KL KC KO group ph, PS single ph, PS single ph feeding_02', 'ASO3403 ZL single ph, KC fg_01', 'ASO3954 FK single ph drum traveling_01', 'ASO3404 ZL KC group ph, inf single ph other party, 3_50 KS PS ZL KC group ph, PS display, KS fg. 6_10 PS single ph_01', 'ASO3179 FK single ph resting looking at monkeys_01', 'ASO0780 Sonso ZL single ph drum_01', 'ASO3150 KT single ph_01']
test files:  ['ASO3080 HW single ph drum traveling, 2_00 HW single ph drum traveling-resting, 5_20 HW single ph drum traveling-resting_02', 'ASO4567 KC display drum (not visible), FK SM group ph drum, 1_50 ZL single ph drum travel_01', 'ASO3457 KT single ph_01', 'ASO0334 Sonso PS single ph_01', 'ASO0020 Sonso SQ single ph, PS single ph other party 2_01', 'ASO3737 HW single ph drum resting-traveling, 1_15 JN single ph feeding, HW single ph_02', 'ASO0107 Sonso Thermal Camera KZ single ph 2_50 with reply ZD, KZ SQ group ph 3_34_01', 'ASO3016 ZL single ph feeding_01', 'ASO3770 MS single ph drum traveling-resting_01', 'ASO1487 ZL single ph start, DL unk group ph, PS single ph start_01', 'ASO0910 Sonso Thermal Camera HW resting, 2_05 HW single ph, 13_45 HW PS group ph drum traveling_01', 'ASO1487 ZL single ph start, DL unk group ph, PS single ph start_02', 'ASO1035 Sonso unk group ph 100m, 0_30 ZD single ph drum, FK unk single ph drum 100m_01', 'ASO1093 Sonso SQ single ph_01', 'ASO0094 Sonso ZL single ph_01', 'ASO2877 FK single ph, KO pg-whimper, unk MB group ph_01', 'ASO2546 FK single fg ph feeding, HW single ph drum, FK fg, FK single ph, FK fg_01', 'ASO2392 group ph, 1_30 pg to ph, 1_45 NB group ph, 2_30 SM PS MB group ph, MB fg, 3_40 PS unk group ph, SM single ph, unk display to DL, 5_46 DL single ph intro_01', 'ASO2544 HW single ph drum traveling_01', 'ASO0088 Sonso HW single ph drum,  group ph, unk F ph_01', 'ASO3874 unk pg-ph start, unk group ph, 1_50 HW single ph feeding_01', 'ASO1581 HW single ph drum, MS NB unk group ph other party, HW single ph B-U, KT HW group ph_01', 'ASO3870 FK scream, MS FK group ph drum, FK MS group fg, FK MS group ph drum, MS FK fg, MS single ph intro, FK MS group ph. FK fg, 3_19 MS FK group ph feeding, 4_24 FK single ph_01', 'ASO4619 ZL unk group ph, PS single ph intro_01']
data_all: (98325, 769)
train_data_all: (78704, 769)
Labels in train_data_all:  {0: 866, 1: 38429, 2: 17370, 3: 15944, 4: 6095}
--- 1.8944902420043945 seconds ---
LSTM(
  (lstm_forward): LSTM(773, 1024, num_layers=2, dropout=0.4)
  (hidden2tag_forward): Linear(in_features=1024, out_features=5, bias=True)
  (lstm_backward): LSTM(773, 1024, num_layers=2, dropout=0.4)
  (hidden2tag_backward): Linear(in_features=1024, out_features=5, bias=True)
)
Number of parameters: 31541258

Train Epoch: 1 accuracy: 0.59 
 precision: [0.00487805 0.8146519  0.47881126 0.70083284 0.23653243] 
 recall: [0.00115473 0.55905696 0.50736903 0.73889865 0.65627564] 
 f1: [0.00186741 0.66307619 0.49267665 0.71936252 0.34773537] 
 f1_avg: 0.6051754497394067


Validation Epoch: 1 accuracy: 0.75 
 precision: [0.17391304 0.78081964 0.59826721 0.87721602 0.77586207] 
 recall: [0.57142857 0.88309251 0.77449823 0.74346132 0.04513541] 
 f1: [0.26666667 0.82881296 0.67507075 0.80481928 0.08530806] 
 f1_avg: 0.7220575289797952

New best val score, save model ...
--- 226.2147183418274 seconds ---

Train Epoch: 2 accuracy: 0.73 
 precision: [0.11369509 0.88348866 0.59005954 0.79074797 0.40165675] 
 recall: [0.05080831 0.75731869 0.65613126 0.8255143  0.62050861] 
 f1: [0.07023144 0.81555275 0.62134387 0.80775722 0.48765392] 
 f1_avg: 0.7375174327172442


Validation Epoch: 2 accuracy: 0.73 
 precision: [0.10810811 0.72967033 0.63647799 0.87172012 1.        ] 
 recall: [0.57142857 0.93450929 0.5974026  0.6655537  0.        ] 
 f1: [0.18181818 0.8194833  0.61632156 0.75481224 0.        ] 
 f1_avg: 0.6890009714421047

--- 446.24397706985474 seconds ---

Train Epoch: 3 accuracy: 0.77 
 precision: [0.21079692 0.89455415 0.66478816 0.78923086 0.46449617] 
 recall: [0.18937644 0.81813214 0.74703512 0.81541646 0.51730927] 
 f1: [0.19951338 0.85463812 0.70351595 0.80211    0.48948226] 
 f1_avg: 0.7751572407732846


Validation Epoch: 3 accuracy: 0.80 
 precision: [0.03846154 0.85400069 0.77108434 0.70871261 0.89204545] 
 recall: [0.85714286 0.92531432 0.64226682 0.90984975 0.15747242] 
 f1: [0.07361963 0.88822841 0.70080515 0.79678363 0.26768968] 
 f1_avg: 0.7756265510001277

New best val score, save model ...
--- 666.6784060001373 seconds ---

Train Epoch: 4 accuracy: 0.83 
 precision: [0.30798845 0.93263663 0.77252863 0.82180257 0.61350035] 
 recall: [0.36951501 0.85924692 0.80397237 0.87612895 0.72321575] 
 f1: [0.33595801 0.89443888 0.78793692 0.84809665 0.66385542] 
 f1_avg: 0.8375438017205287


Validation Epoch: 4 accuracy: 0.80 
 precision: [0.03349282 0.81768924 0.82677824 0.80375254 0.98265896] 
 recall: [1.         0.96284481 0.58323495 0.8820256  0.17051153] 
 f1: [0.06481481 0.88435022 0.68397369 0.8410719  0.29059829] 
 f1_avg: 0.7810403286315244

New best val score, save model ...
--- 887.0667135715485 seconds ---

Train Epoch: 5 accuracy: 0.85 
 precision: [0.40719064 0.93540163 0.79038504 0.82722451 0.66785809] 
 recall: [0.56235566 0.84969684 0.82251007 0.8804566  0.82772765] 
 f1: [0.47235694 0.89049184 0.80612763 0.85301088 0.7392483 ] 
 f1_avg: 0.8479662116605651


Validation Epoch: 5 accuracy: 0.76 
 precision: [0.02777778 0.7620593  0.80766341 0.78528975 1.        ] 
 recall: [1.         0.96941265 0.63459268 0.58820256 0.11634905] 
 f1: [0.05405405 0.85332012 0.7107438  0.67260579 0.20844564] 
 f1_avg: 0.7296634979057129

--- 1107.6216933727264 seconds ---

Train Epoch: 6 accuracy: 0.86 
 precision: [0.38136407 0.95225328 0.79374288 0.84940789 0.67562355] 
 recall: [0.45842956 0.86877098 0.8427749  0.8727421  0.86218212] 
 f1: [0.41636078 0.90859857 0.81752436 0.86091691 0.75758668] 
 f1_avg: 0.8617281320134195


Validation Epoch: 6 accuracy: 0.76 
 precision: [0.08974359 0.74023382 0.81624365 0.86046512 0.78761062] 
 recall: [1.         0.97429161 0.47461629 0.78241514 0.0892678 ] 
 f1: [0.16470588 0.84128656 0.60022396 0.81958613 0.16036036] 
 f1_avg: 0.7261628622709463

--- 1327.7405545711517 seconds ---

Train Epoch: 7 accuracy: 0.88 
 precision: [0.28584229 0.93127221 0.81980556 0.88952754 0.80535433] 
 recall: [0.36836028 0.9139452  0.83500288 0.88327898 0.8390484 ] 
 f1: [0.32189707 0.92252735 0.82733444 0.88639225 0.82185617] 
 f1_avg: 0.879792854919661


Validation Epoch: 7 accuracy: 0.82 
 precision: [0.08974359 0.83298672 0.92140152 0.77060932 0.83574879] 
 recall: [1.         0.9771064  0.57438017 0.95715081 0.17352056] 
 f1: [0.16470588 0.89930915 0.70763636 0.85380988 0.28737542] 
 f1_avg: 0.7953091471705168

New best val score, save model ...
--- 1548.4630749225616 seconds ---

Train Epoch: 8 accuracy: 0.88 
 precision: [0.55986509 0.94172846 0.8234391  0.88319017 0.79254856] 
 recall: [0.76674365 0.90879284 0.83367876 0.88346713 0.89696473] 
 f1: [0.64717349 0.92496756 0.82852729 0.88332863 0.84153005] 
 f1_avg: 0.8857296560930037


Validation Epoch: 8 accuracy: 0.80 
 precision: [0.1627907  0.92297057 0.61245353 0.72008197 0.94444444] 
 recall: [1.         0.87689998 0.77804014 0.97774068 0.11935807] 
 f1: [0.28       0.89934565 0.68538742 0.8293604  0.21193232] 
 f1_avg: 0.7794458889505529

--- 1769.06680893898 seconds ---

Train Epoch: 9 accuracy: 0.86 
 precision: [0.41360438 0.94506286 0.75687449 0.87539432 0.76307645] 
 recall: [0.6108545  0.88813136 0.80023028 0.90504265 0.80902379] 
 f1: [0.49324009 0.91571308 0.77794879 0.88997163 0.78537867] 
 f1_avg: 0.8653517605150113


Validation Epoch: 9 accuracy: 0.84 
 precision: [0.14285714 0.86381257 0.84439359 0.78699038 0.85344828] 
 recall: [1.         0.9617189  0.65348288 0.95603784 0.29789368] 
 f1: [0.25       0.91014029 0.73677205 0.86331658 0.44163569] 
 f1_avg: 0.8236634932878499

New best val score, save model ...
--- 1989.4727656841278 seconds ---

Train Epoch: 10 accuracy: 0.91 
 precision: [0.5089914  0.95675431 0.85106019 0.91374834 0.88532392] 
 recall: [0.7517321  0.93551745 0.85958549 0.90497993 0.9461854 ] 
 f1: [0.60699301 0.94601671 0.8553016  0.909343   0.91474344] 
 f1_avg: 0.9124141952217143


Validation Epoch: 10 accuracy: 0.84 
 precision: [0.08333333 0.88074838 0.82349206 0.74355301 0.88920455] 
 recall: [1.         0.94520548 0.76564345 0.86644407 0.31394183] 
 f1: [0.15384615 0.91183925 0.79351484 0.8003084  0.46404744] 
 f1_avg: 0.8250500717545152

New best val score, save model ...
--- 2213.168597459793 seconds ---

Train Epoch: 11 accuracy: 0.91 
 precision: [0.64974182 0.96487012 0.86415976 0.89209308 0.87517189] 
 recall: [0.87182448 0.92984465 0.89435809 0.89444305 0.93978671] 
 f1: [0.74457594 0.94703365 0.87899963 0.89326652 0.90632911] 
 f1_avg: 0.9157463368218227


Validation Epoch: 11 accuracy: 0.84 
 precision: [0.12068966 0.8308162  0.84877687 0.85454545 0.92537313] 
 recall: [1.         0.97035091 0.67591499 0.91541458 0.24874624] 
 f1: [0.21538462 0.89517874 0.75254683 0.88393337 0.39209486] 
 f1_avg: 0.8169866016818651

--- 2437.177261829376 seconds ---

Train Epoch: 12 accuracy: 0.91 
 precision: [0.67910448 0.96741861 0.86888183 0.90925    0.72706876] 
 recall: [0.94572748 0.92177782 0.8656304  0.91244355 0.90385562] 
 f1: [0.79054054 0.94404691 0.86725306 0.91084398 0.80588063] 
 f1_avg: 0.9079832177858782


Validation Epoch: 12 accuracy: 0.85 
 precision: [0.15555556 0.90340386 0.81667652 0.75329647 0.83112583] 
 recall: [1.         0.92137362 0.81523022 0.98553144 0.25175527] 
 f1: [0.26923077 0.91230026 0.81595273 0.8539055  0.38645112] 
 f1_avg: 0.8311804327184779

New best val score, save model ...
--- 2672.513960838318 seconds ---

Train Epoch: 13 accuracy: 0.91 
 precision: [0.66693614 0.95677428 0.8474311  0.89745668 0.84485666] 
 recall: [0.95265589 0.92156965 0.872654   0.90297291 0.90418376] 
 f1: [0.78459344 0.93884206 0.85985762 0.90020634 0.87351403] 
 f1_avg: 0.906826894994144


Validation Epoch: 13 accuracy: 0.85 
 precision: [0.04294479 0.89547471 0.89430285 0.76113014 0.87640449] 
 recall: [1.         0.94689435 0.7042503  0.98942682 0.31293882] 
 f1: [0.08235294 0.92046698 0.78797886 0.86039197 0.46119734] 
 f1_avg: 0.8394258275465016

New best val score, save model ...
--- 2912.622051715851 seconds ---

Train Epoch: 14 accuracy: 0.94 
 precision: [0.65432099 0.96647648 0.89959628 0.93447905 0.90955552] 
 recall: [0.97921478 0.95651721 0.8851468  0.92762168 0.9635767 ] 
 f1: [0.78445883 0.96147106 0.89231305 0.93103774 0.93578713] 
 f1_avg: 0.9361058971385823


Validation Epoch: 14 accuracy: 0.83 
 precision: [0.10447761 0.93159674 0.75691807 0.68887178 0.91666667] 
 recall: [1.         0.87915181 0.82349469 0.99554814 0.26479438] 
 f1: [0.18918919 0.90461479 0.78880407 0.81429222 0.41089494] 
 f1_avg: 0.817507737147512

--- 3151.2737596035004 seconds ---

Train Epoch: 15 accuracy: 0.95 
 precision: [0.72457627 0.98152505 0.90488215 0.92750813 0.92888818] 
 recall: [0.98729792 0.95529418 0.9283247  0.93006774 0.96226415] 
 f1: [0.83577713 0.96823199 0.91645354 0.92878617 0.94528165] 
 f1_avg: 0.9455787054702364


Validation Epoch: 15 accuracy: 0.83 
 precision: [0.16666667 0.91418829 0.86267845 0.65433907 0.94019934] 
 recall: [1.         0.90561081 0.74911452 0.99443517 0.28385155] 
 f1: [0.28571429 0.90987934 0.80189573 0.78931095 0.43605547] 
 f1_avg: 0.8206735999402016

--- 3390.9983279705048 seconds ---

Train Epoch: 16 accuracy: 0.94 
 precision: [0.77334542 0.97802139 0.88927895 0.9323839  0.93653571] 
 recall: [0.98498845 0.94720133 0.91876799 0.94443051 0.96603774] 
 f1: [0.86642966 0.96236467 0.90378299 0.93836854 0.95105799] 
 f1_avg: 0.9426432819717765


Validation Epoch: 16 accuracy: 0.87 
 precision: [0.1372549  0.88586585 0.92268041 0.78628673 0.97538462] 
 recall: [1.         0.97147682 0.73966942 0.98274903 0.31795386] 
 f1: [0.24137931 0.92669829 0.82110092 0.87360871 0.4795764 ] 
 f1_avg: 0.8529135092732071

New best val score, save model ...
--- 3631.0958585739136 seconds ---

Train Epoch: 17 accuracy: 0.95 
 precision: [0.74051724 0.984721   0.90694824 0.95283854 0.93235572] 
 recall: [0.99191686 0.95930157 0.93707542 0.94530858 0.97013946] 
 f1: [0.84797631 0.9718451  0.92176572 0.94905862 0.9508724 ] 
 f1_avg: 0.953189306661598


Validation Epoch: 17 accuracy: 0.87 
 precision: [0.35       0.88688327 0.92993145 0.78057554 0.86444444] 
 recall: [1.         0.96809908 0.72077922 0.96605454 0.39017051] 
 f1: [0.51851852 0.92571326 0.81210509 0.8634668  0.53766413] 
 f1_avg: 0.8550654104263478

New best val score, save model ...
--- 3870.6258969306946 seconds ---

Train Epoch: 18 accuracy: 0.96 
 precision: [0.84282908 0.99127723 0.93325805 0.9540994  0.92660261] 
 recall: [0.99076212 0.97587759 0.95152562 0.94518314 0.96521739] 
 f1: [0.91082803 0.98351713 0.94230331 0.94962034 0.94551591] 
 f1_avg: 0.9638116432007661


Validation Epoch: 18 accuracy: 0.86 
 precision: [0.24137931 0.89026549 0.84921136 0.77945084 0.99668874] 
 recall: [1.         0.94389191 0.79456907 0.97941013 0.30190572] 
 f1: [0.38888889 0.91629474 0.82098201 0.86806412 0.46343341] 
 f1_avg: 0.8447022359419293

--- 4109.472373485565 seconds ---

Train Epoch: 19 accuracy: 0.97 
 precision: [0.75661376 0.98885904 0.93843528 0.96889816 0.94829253] 
 recall: [0.99076212 0.97699654 0.94951065 0.96130206 0.96587367] 
 f1: [0.858      0.982892   0.94394048 0.96508516 0.95700236] 
 f1_avg: 0.9673088775168563


Validation Epoch: 19 accuracy: 0.86 
 precision: [0.35       0.91783721 0.75738725 0.78380783 0.94651163] 
 recall: [1.         0.89510227 0.86245573 0.98052309 0.40822467] 
 f1: [0.51851852 0.90632719 0.80651394 0.87119901 0.57042747] 
 f1_avg: 0.8483247808586354

--- 4348.333358049393 seconds ---

Train Epoch: 20 accuracy: 0.96 
 precision: [0.74296435 0.98670571 0.92854321 0.95039531 0.94072083] 
 recall: [0.91454965 0.9734055  0.94709269 0.93489714 0.97637408] 
 f1: [0.81987578 0.98001048 0.93772622 0.94258252 0.95821592] 
 f1_avg: 0.9596462876768104


Validation Epoch: 20 accuracy: 0.85 
 precision: [0.375      0.89825685 0.83860759 0.73051519 0.91343284] 
 recall: [0.85714286 0.94764496 0.78217237 0.92320534 0.30692076] 
 f1: [0.52173913 0.9222902  0.80940745 0.81563422 0.45945946] 
 f1_avg: 0.8360595129780333

--- 4587.4455506801605 seconds ---

Train Epoch: 21 accuracy: 0.94 
 precision: [0.55       0.97771729 0.92408274 0.91217553 0.9005857 ] 
 recall: [0.52078522 0.95339457 0.94392631 0.92567737 0.95865463] 
 f1: [0.53499407 0.96540276 0.93389913 0.91887685 0.92871334] 
 f1_avg: 0.9414473921727289


Validation Epoch: 21 accuracy: 0.85 
 precision: [0.28       0.89816891 0.75459184 0.82395038 0.95907928] 
 recall: [1.         0.90204541 0.87308146 0.96104619 0.37612839] 
 f1: [0.4375     0.90010299 0.80952381 0.8872335  0.54034582] 
 f1_avg: 0.8452899048446869

--- 4826.366693973541 seconds ---

Train Epoch: 22 accuracy: 0.96 
 precision: [0.78962002 0.98546704 0.92875318 0.9514221  0.95324843] 
 recall: [0.98383372 0.97049104 0.94559585 0.94831912 0.97013946] 
 f1: [0.87609254 0.9779217  0.93709884 0.94986807 0.96161978] 
 f1_avg: 0.9608460219980682


Validation Epoch: 22 accuracy: 0.88 
 precision: [0.25925926 0.90775377 0.84815242 0.81185808 0.9375    ] 
 recall: [1.         0.93807469 0.86717828 0.96772398 0.39117352] 
 f1: [0.41176471 0.92266519 0.85755984 0.88296522 0.55201699] 
 f1_avg: 0.8661971648950626

New best val score, save model ...
--- 5064.205681324005 seconds ---

Train Epoch: 23 accuracy: 0.98 
 precision: [0.84079602 0.99467342 0.95049449 0.97198262 0.96256857] 
 recall: [0.97575058 0.98157641 0.96827864 0.96826392 0.97883511] 
 f1: [0.90326029 0.98808152 0.95930415 0.97011971 0.97063369] 
 f1_avg: 0.9758071016137791


Validation Epoch: 23 accuracy: 0.88 
 precision: [0.25       0.88992731 0.91599462 0.83269415 0.91216216] 
 recall: [1.         0.96490899 0.80460449 0.96661102 0.40621866] 
 f1: [0.4        0.92590258 0.8566939  0.89466907 0.56210965] 
 f1_avg: 0.8709607062717452

New best val score, save model ...
--- 5299.510673522949 seconds ---

Train Epoch: 24 accuracy: 0.98 
 precision: [0.862      0.99240293 0.95731742 0.97493861 0.96977534] 
 recall: [0.99538106 0.9823831  0.9697179  0.9710863  0.98441345] 
 f1: [0.92390139 0.9873676  0.96347776 0.97300864 0.97703957] 
 f1_avg: 0.9776880796868925


Validation Epoch: 24 accuracy: 0.85 
 precision: [0.36842105 0.90942098 0.7806774  0.75553626 0.87179487] 
 recall: [1.         0.89303809 0.82998819 0.96828047 0.40922768] 
 f1: [0.53846154 0.90115508 0.80457797 0.84878049 0.55699659] 
 f1_avg: 0.8397357377191311

--- 5535.482355594635 seconds ---

Train Epoch: 25 accuracy: 0.97 
 precision: [0.85572139 0.99504833 0.94633845 0.96755737 0.95786925] 
 recall: [0.99307159 0.97785527 0.97161773 0.96519067 0.97358491] 
 f1: [0.91929449 0.98637688 0.9588115  0.96637257 0.96566314] 
 f1_avg: 0.9738984422288178


Validation Epoch: 25 accuracy: 0.88 
 precision: [0.28       0.90760967 0.88627936 0.8052312  0.88351648] 
 recall: [1.         0.95121036 0.84651712 0.95937674 0.40320963] 
 f1: [0.4375     0.92889866 0.86594203 0.87557136 0.55371901] 
 f1_avg: 0.8698624639999579

--- 5772.255717277527 seconds ---

Train Epoch: 26 accuracy: 0.99 
 precision: [0.87210473 0.99656897 0.97231438 0.98341292 0.97863666] 
 recall: [1.         0.99013766 0.97858377 0.9816859  0.98457752] 
 f1: [0.9316837  0.99334291 0.975439   0.98254865 0.9815981 ] 
 f1_avg: 0.9856167937784868


Validation Epoch: 26 accuracy: 0.87 
 precision: [0.25       0.87489462 0.93592513 0.82638548 0.88329519] 
 recall: [1.         0.97372865 0.7674144  0.9376739  0.38716148] 
 f1: [0.4        0.92166963 0.84333441 0.87851929 0.53835425] 
 f1_avg: 0.8609959586076124

--- 6011.60618019104 seconds ---

Train Epoch: 27 accuracy: 0.99 
 precision: [0.88717949 0.99754107 0.97815743 0.98655103 0.98226489] 
 recall: [0.99884527 0.99232351 0.98226828 0.984571   0.990484  ] 
 f1: [0.93970668 0.99492545 0.98020854 0.98556002 0.98635732] 
 f1_avg: 0.9885090367715386


Validation Epoch: 27 accuracy: 0.88 
 precision: [0.22580645 0.8921484  0.93181818 0.81549296 0.87173913] 
 recall: [1.         0.97016326 0.77449823 0.96661102 0.40220662] 
 f1: [0.36842105 0.92952175 0.84590587 0.88464477 0.55044612] 
 f1_avg: 0.8680238546022602

--- 6250.9126172065735 seconds ---

Train Epoch: 28 accuracy: 0.99 
 precision: [0.88774459 0.9969411  0.97938559 0.98618871 0.98322476] 
 recall: [0.99538106 0.99227146 0.98192286 0.98526091 0.990484  ] 
 f1: [0.93848666 0.9946008  0.98065258 0.98572459 0.98684103] 
 f1_avg: 0.9885058936046167


Validation Epoch: 28 accuracy: 0.88 
 precision: [0.18421053 0.8932409  0.92276145 0.82002903 0.84156379] 
 recall: [1.         0.96716082 0.79693034 0.94323873 0.41023069] 
 f1: [0.31111111 0.92873232 0.85524232 0.87732919 0.55158463] 
 f1_avg: 0.8679421030436854

--- 6490.8521592617035 seconds ---

Train Epoch: 29 accuracy: 0.99 
 precision: [0.9123548  0.9974667  0.98267653 0.99017694 0.98098489] 
 recall: [0.99769053 0.9938588  0.98624064 0.98626443 0.99031993] 
 f1: [0.95311638 0.99565948 0.98445536 0.98821681 0.98563031] 
 f1_avg: 0.9904341879373374


Validation Epoch: 29 accuracy: 0.87 
 precision: [0.20588235 0.88917884 0.89825971 0.81723485 0.90366972] 
 recall: [1.         0.95909176 0.79220779 0.96048971 0.39518556] 
 f1: [0.34146341 0.92281304 0.84190715 0.8830903  0.54989532] 
 f1_avg: 0.8633357638041123

--- 6730.191344499588 seconds ---

Train Epoch: 30 accuracy: 0.99 
 precision: [0.91410392 0.99561529 0.98012522 0.99012206 0.98241901] 
 recall: [0.99538106 0.99266179 0.98232585 0.98701706 0.99015587] 
 f1: [0.95301271 0.99413635 0.9812243  0.98856712 0.98627227] 
 f1_avg: 0.9890969271213136


Validation Epoch: 30 accuracy: 0.85 
 precision: [0.25       0.91351661 0.75811518 0.78139535 0.81325301] 
 recall: [1.         0.89791706 0.85478158 0.93489149 0.40621866] 
 f1: [0.4        0.90564966 0.80355161 0.85127945 0.54180602] 
 f1_avg: 0.8408136466310899

--- 6969.852381944656 seconds ---

Train Epoch: 31 accuracy: 0.95 
 precision: [0.8556594  0.9818216  0.89952023 0.95672353 0.96780943] 
 recall: [0.95150115 0.95149496 0.94985607 0.95672353 0.98654635] 
 f1: [0.90103882 0.96642043 0.92400314 0.95672353 0.97708807] 
 f1_avg: 0.9552012149214977


Validation Epoch: 31 accuracy: 0.85 
 precision: [0.11666667 0.8949611  0.75571003 0.83701103 0.90782123] 
 recall: [1.         0.90654907 0.89846517 0.92877017 0.32597793] 
 f1: [0.20895522 0.90071781 0.82092772 0.88050646 0.4797048 ] 
 f1_avg: 0.8400422722132953

--- 7209.536491394043 seconds ---

Train Epoch: 32 accuracy: 0.95 
 precision: [0.80529301 0.98201276 0.90735878 0.94608847 0.9693132 ] 
 recall: [0.98383372 0.95753207 0.93488774 0.95647265 0.97949139] 
 f1: [0.88565489 0.96961792 0.92091757 0.95125222 0.97437571] 
 f1_avg: 0.9545937657733258


Validation Epoch: 32 accuracy: 0.86 
 precision: [0.2        0.89188713 0.79425557 0.85044865 0.8034398 ] 
 recall: [1.         0.94895853 0.79988194 0.94936004 0.32798395] 
 f1: [0.33333333 0.91953814 0.79705882 0.89718643 0.46581197] 
 f1_avg: 0.8478652560409344

--- 7449.319529533386 seconds ---

Train Epoch: 33 accuracy: 0.94 
 precision: [0.61507618 0.98182695 0.92785293 0.95419895 0.81957581] 
 recall: [0.88568129 0.9531864  0.92400691 0.94994982 0.93831009] 
 f1: [0.72598202 0.96729472 0.92592593 0.95206965 0.87493307] 
 f1_avg: 0.945272387314595


Validation Epoch: 33 accuracy: 0.82 
 precision: [0.4375     0.92042282 0.67599278 0.7460921  0.90995261] 
 recall: [1.         0.86601614 0.88429752 0.98274903 0.19257773] 
 f1: [0.60869565 0.89239099 0.76624041 0.84822286 0.31788079] 
 f1_avg: 0.8040520500823651

--- 7689.613345623016 seconds ---

Train Epoch: 34 accuracy: 0.97 
 precision: [0.83463796 0.99108277 0.94221771 0.97442151 0.97045934] 
 recall: [0.98498845 0.97465456 0.96223374 0.97723281 0.98096801] 
 f1: [0.90360169 0.98280002 0.95212054 0.97582514 0.97568538] 
 f1_avg: 0.9731936501027477


Validation Epoch: 34 accuracy: 0.87 
 precision: [0.12280702 0.89646643 0.85356696 0.80334728 0.90782123] 
 recall: [1.         0.95214862 0.80519481 0.96160267 0.32597793] 
 f1: [0.21875    0.92346892 0.82867558 0.87537994 0.4797048 ] 
 f1_avg: 0.8527887830095808

--- 7929.615126132965 seconds ---

Train Epoch: 35 accuracy: 0.99 
 precision: [0.85728543 0.99489783 0.97380789 0.98605177 0.9774473 ] 
 recall: [0.99191686 0.98946108 0.97818077 0.98432012 0.98129614] 
 f1: [0.91970021 0.99217201 0.97598943 0.98518519 0.97936794] 
 f1_avg: 0.9853961048449404


Validation Epoch: 35 accuracy: 0.88 
 precision: [0.41176471 0.89801998 0.89274448 0.81965649 0.93078759] 
 recall: [1.         0.9617189  0.83530106 0.95603784 0.39117352] 
 f1: [0.58333333 0.92877854 0.86306801 0.88260981 0.55084746] 
 f1_avg: 0.8704016839850357

--- 8168.178104162216 seconds ---

Train Epoch: 36 accuracy: 0.99 
 precision: [0.90282132 0.9961865  0.98018722 0.98837136 0.98371336] 
 recall: [0.99769053 0.99245362 0.9826137  0.98620171 0.99097621] 
 f1: [0.9478881  0.99431655 0.98139896 0.98728534 0.98733143] 
 f1_avg: 0.9889894330929879


Validation Epoch: 36 accuracy: 0.88 
 precision: [0.41176471 0.90348714 0.90670927 0.81973435 0.89473684] 
 recall: [1.         0.96265716 0.83766234 0.96160267 0.40922768] 
 f1: [0.58333333 0.9321341  0.87081927 0.88501921 0.5615967 ] 
 f1_avg: 0.8750901054802841

New best val score, save model ...
--- 8405.262199401855 seconds ---

Train Epoch: 37 accuracy: 0.99 
 precision: [0.9123548  0.99757079 0.98410148 0.99095477 0.98662316] 
 recall: [0.99769053 0.99380676 0.9871042  0.98946312 0.99228876] 
 f1: [0.95311638 0.99568522 0.98560055 0.99020839 0.98944785] 
 f1_avg: 0.9913985910920157


Validation Epoch: 37 accuracy: 0.88 
 precision: [0.41176471 0.90409995 0.91037132 0.81642284 0.89616253] 
 recall: [1.         0.96415838 0.83943329 0.96271564 0.39819458] 
 f1: [0.58333333 0.93316382 0.87346437 0.88355465 0.55138889] 
 f1_avg: 0.8748009374565421

--- 8642.224417686462 seconds ---

Train Epoch: 38 accuracy: 0.99 
 precision: [0.93311758 0.99804346 0.98706302 0.99221252 0.98988416] 
 recall: [0.99884527 0.99555024 0.98831318 0.99090567 0.99540607] 
 f1: [0.96486336 0.99679529 0.9876877  0.99155867 0.99263743] 
 f1_avg: 0.9930510495823869


Validation Epoch: 38 accuracy: 0.89 
 precision: [0.41176471 0.90794608 0.90526976 0.81162137 0.89795918] 
 recall: [1.         0.96059298 0.85182999 0.9638286  0.39719157] 
 f1: [0.58333333 0.93352786 0.87773723 0.88120071 0.55076495] 
 f1_avg: 0.8752412945130711

New best val score, save model ...
--- 8879.101360797882 seconds ---

Train Epoch: 39 accuracy: 0.99 
 precision: [0.9301826  0.99848682 0.98902488 0.99365936 0.99132712] 
 recall: [1.         0.99591454 0.99090386 0.99272454 0.99392945] 
 f1: [0.9638286  0.99719903 0.98996348 0.99319173 0.99262658] 
 f1_avg: 0.9940690492241432


Validation Epoch: 39 accuracy: 0.89 
 precision: [0.4375     0.90830082 0.90378647 0.81521739 0.89616253] 
 recall: [1.         0.96096829 0.85950413 0.95993322 0.39819458] 
 f1: [0.60869565 0.93389259 0.88108926 0.88167646 0.55138889] 
 f1_avg: 0.8761855655023352

New best val score, save model ...
--- 9115.011256933212 seconds ---

Train Epoch: 40 accuracy: 0.99 
 precision: [0.95685841 0.99851357 0.99034372 0.99422256 0.99037677] 
 recall: [0.99884527 0.99638294 0.99194013 0.99297541 0.99622642] 
 f1: [0.97740113 0.99744712 0.99114128 0.99359859 0.99329298] 
 f1_avg: 0.9947335007719793


Validation Epoch: 40 accuracy: 0.88 
 precision: [0.41176471 0.90833185 0.90205864 0.80941286 0.90909091] 
 recall: [1.         0.95946707 0.85360094 0.96661102 0.39117352] 
 f1: [0.58333333 0.93319949 0.87716106 0.88105503 0.54698457] 
 f1_avg: 0.8745535172082601

--- 9341.65303683281 seconds ---

Train Epoch: 41 accuracy: 1.00 
 precision: [0.94644809 0.99874834 0.99103551 0.99491398 0.99198298] 
 recall: [1.         0.99666918 0.99286126 0.99379077 0.99474979] 
 f1: [0.97248737 0.99770768 0.99194754 0.99435206 0.99336446] 
 f1_avg: 0.995142772621997


Validation Epoch: 41 accuracy: 0.88 
 precision: [0.33333333 0.90699734 0.90721003 0.80841121 0.91489362] 
 recall: [1.         0.96078063 0.85419126 0.96271564 0.38816449] 
 f1: [0.5        0.93311463 0.87990271 0.87884176 0.54507042] 
 f1_avg: 0.8743217550392931

--- 9567.663318872452 seconds ---

Train Epoch: 42 accuracy: 1.00 
 precision: [0.95584989 0.99887889 0.99126186 0.99403678 0.99166258] 
 recall: [1.         0.99695542 0.99268854 0.99322629 0.995242  ] 
 f1: [0.97742664 0.99791623 0.99197469 0.99363137 0.99344907] 
 f1_avg: 0.9951654979222562


Validation Epoch: 42 accuracy: 0.88 
 precision: [0.29166667 0.90925299 0.91253264 0.77345133 0.9273183 ] 
 recall: [1.         0.95702758 0.82526564 0.97273233 0.37111334] 
 f1: [0.4516129  0.9325288  0.866708   0.86172048 0.53008596] 
 f1_avg: 0.8670417362042439

--- 9794.667010068893 seconds ---

Train Epoch: 43 accuracy: 0.99 
 precision: [0.95791805 0.99848702 0.98982408 0.99323393 0.99345336] 
 recall: [0.99884527 0.99604465 0.99119171 0.99435524 0.99589828] 
 f1: [0.97795365 0.99726434 0.99050742 0.99379427 0.99467431] 
 f1_avg: 0.9946570566528318


Validation Epoch: 43 accuracy: 0.89 
 precision: [0.28       0.9015417  0.91384812 0.8294686  0.8876652 ] 
 recall: [1.         0.9656596  0.84533648 0.95548136 0.40421264] 
 f1: [0.4375     0.93249977 0.8782582  0.88802689 0.55547898] 
 f1_avg: 0.8763965859960846

New best val score, save model ...
--- 10020.832290172577 seconds ---

Train Epoch: 44 accuracy: 0.99 
 precision: [0.93311758 0.9982778  0.98552722 0.99120106 0.98841951] 
 recall: [0.99884527 0.99552421 0.98791019 0.98914952 0.99425759] 
 f1: [0.96486336 0.9968991  0.98671727 0.99017423 0.99132995] 
 f1_avg: 0.992505847136964


Validation Epoch: 44 accuracy: 0.87 
 precision: [0.21875    0.91153435 0.91318538 0.75719811 0.94603175] 
 recall: [1.         0.96096829 0.82585596 0.98052309 0.29889669] 
 f1: [0.35897436 0.93559879 0.86732796 0.85451018 0.45426829] 
 f1_avg: 0.859734593699842

--- 10246.807256221771 seconds ---

Train Epoch: 45 accuracy: 0.99 
 precision: [0.93110872 0.9960733  0.97673488 0.98782172 0.98130385] 
 recall: [0.99884527 0.99013766 0.98370754 0.98695434 0.99031993] 
 f1: [0.9637883  0.99309661 0.98020881 0.98738784 0.98579128] 
 f1_avg: 0.9882075478113385


Validation Epoch: 45 accuracy: 0.86 
 precision: [0.30434783 0.92074232 0.76094442 0.7983614  0.94723618] 
 recall: [1.         0.8937887  0.91322314 0.97607123 0.3781344 ] 
 f1: [0.46666667 0.90706532 0.8301583  0.87831748 0.54050179] 
 f1_avg: 0.8510304072290876

--- 10470.317708969116 seconds ---

Train Epoch: 46 accuracy: 0.98 
 precision: [0.92918455 0.99244765 0.95577602 0.98187216 0.96340289] 
 recall: [1.         0.97798538 0.98169257 0.97497491 0.98474159] 
 f1: [0.96329255 0.98516344 0.96856096 0.97841138 0.97395538] 
 f1_avg: 0.9790227949241229


Validation Epoch: 46 accuracy: 0.85 
 precision: [0.26923077 0.9156227  0.86198083 0.71238938 0.92789969] 
 recall: [1.         0.93263276 0.79634002 0.98553144 0.29689067] 
 f1: [0.42424242 0.92404946 0.82786131 0.82699043 0.44984802] 
 f1_avg: 0.8412282757785986

--- 10692.36954498291 seconds ---

Train Epoch: 47 accuracy: 0.99 
 precision: [0.95269527 0.99782842 0.98006416 0.98430858 0.98513558] 
 recall: [1.         0.99242759 0.98491652 0.98751882 0.98949959] 
 f1: [0.97577465 0.99512068 0.98248435 0.98591108 0.98731276] 
 f1_avg: 0.9896486094493815


Validation Epoch: 47 accuracy: 0.88 
 precision: [0.30434783 0.88527132 0.92084433 0.85636183 0.86538462] 
 recall: [1.         0.96434603 0.82408501 0.95882026 0.40621866] 
 f1: [0.46666667 0.92311838 0.86978193 0.9046994  0.55290102] 
 f1_avg: 0.8726549491831836

--- 10915.23664188385 seconds ---

Train Epoch: 48 accuracy: 0.99 
 precision: [0.95049505 0.99649948 0.9782459  0.97953675 0.97890295] 
 recall: [0.99769053 0.99263577 0.98117444 0.97873808 0.98966366] 
 f1: [0.97352113 0.99456387 0.97970798 0.97913725 0.9842539 ] 
 f1_avg: 0.9871300541698372


Validation Epoch: 48 accuracy: 0.88 
 precision: [0.23333333 0.904374   0.89705882 0.7889991  0.94520548] 
 recall: [1.         0.95834115 0.82821724 0.9738453  0.34603811] 
 f1: [0.37837838 0.9305758  0.86126458 0.87173101 0.50660793] 
 f1_avg: 0.8644399452595353

--- 11138.511772871017 seconds ---

Train Epoch: 49 accuracy: 0.99 
 precision: [0.87022133 0.99848576 0.98331505 0.98454288 0.9808783 ] 
 recall: [0.99884527 0.99521195 0.98054116 0.98275213 0.99310911] 
 f1: [0.93010753 0.99684617 0.98192615 0.98364669 0.98695581] 
 f1_avg: 0.98937906807177


Validation Epoch: 49 accuracy: 0.88 
 precision: [0.58333333 0.89546008 0.90012484 0.80883721 0.93247588] 
 recall: [1.         0.9660349  0.85123967 0.96772398 0.29087262] 
 f1: [0.73684211 0.92940964 0.875      0.88117558 0.44342508] 
 f1_avg: 0.861746659423309

--- 11360.725193023682 seconds ---

Train Epoch: 50 accuracy: 0.99 
 precision: [0.95060373 0.99840831 0.98126571 0.98931732 0.98453021] 
 recall: [1.         0.99568035 0.9890616  0.98162318 0.99196062] 
 f1: [0.97467642 0.99704246 0.98514823 0.98545523 0.98823145] 
 f1_avg: 0.9911415961435831


Validation Epoch: 50 accuracy: 0.88 
 precision: [0.19444444 0.90585958 0.91464968 0.79390355 0.94065282] 
 recall: [1.         0.9660349  0.84769776 0.97106288 0.31795386] 
 f1: [0.3255814  0.93498002 0.87990196 0.87359199 0.47526237] 
 f1_avg: 0.8671643846900563

--- 11583.162147760391 seconds ---

Train Epoch: 51 accuracy: 0.99 
 precision: [0.94015234 0.9988258  0.98938002 0.99309132 0.99052133] 
 recall: [0.99769053 0.9960967  0.99222798 0.99172102 0.99442166] 
 f1: [0.96806723 0.99745938 0.99080195 0.9924057  0.99246766] 
 f1_avg: 0.9942563229058374


Validation Epoch: 51 accuracy: 0.88 
 precision: [0.38888889 0.8976598  0.90494297 0.80515891 0.95770393] 
 recall: [1.         0.96453368 0.84297521 0.97273233 0.31795386] 
 f1: [0.56       0.92989597 0.87286064 0.88104839 0.47740964] 
 f1_avg: 0.8649412588710772

--- 11806.089193105698 seconds ---

Train Epoch: 52 accuracy: 1.00 
 precision: [0.9578714  0.9993484  0.99304358 0.99466147 0.99052133] 
 recall: [0.99769053 0.99773608 0.99441566 0.99328901 0.99442166] 
 f1: [0.97737557 0.99854159 0.99372915 0.99397477 0.99246766] 
 f1_avg: 0.9958510544563414


Validation Epoch: 52 accuracy: 0.88 
 precision: [0.36842105 0.90033281 0.91101431 0.81766651 0.93010753] 
 recall: [1.         0.96453368 0.86422668 0.96327212 0.34704112] 
 f1: [0.53846154 0.93132814 0.88700394 0.88451712 0.50547845] 
 f1_avg: 0.8716246776084543

--- 12029.092018842697 seconds ---

Train Epoch: 53 accuracy: 1.00 
 precision: [0.9600444  0.9994525  0.99327818 0.99585375 0.99085416] 
 recall: [0.99884527 0.99755393 0.99533679 0.9942298  0.99540607] 
 f1: [0.97906055 0.99850231 0.99430642 0.99504111 0.9931249 ] 
 f1_avg: 0.9962447403571146


Validation Epoch: 53 accuracy: 0.88 
 precision: [0.33333333 0.90058273 0.89187538 0.79653285 0.94533762] 
 recall: [1.         0.95702758 0.86186541 0.97161937 0.29488465] 
 f1: [0.5        0.9279476  0.87661363 0.87540737 0.44954128] 
 f1_avg: 0.8606286588412149

--- 12251.649988174438 seconds ---

Train Epoch: 54 accuracy: 1.00 
 precision: [0.96976484 0.9994005  0.99407808 0.99523481 0.99410223] 
 recall: [1.         0.99773608 0.99539436 0.99554691 0.99557014] 
 f1: [0.98465037 0.9985676  0.99473578 0.99539084 0.99483564] 
 f1_avg: 0.9966362152382996


Validation Epoch: 54 accuracy: 0.87 
 precision: [0.33333333 0.9040413  0.88599151 0.78136201 0.94754098] 
 recall: [1.         0.95289923 0.86245573 0.9705064  0.28986961] 
 f1: [0.5        0.92782752 0.87406521 0.8657235  0.44393241] 
 f1_avg: 0.8577834952159866

--- 12474.276334762573 seconds ---

Train Epoch: 55 accuracy: 1.00 
 precision: [0.96756152 0.99953058 0.99304957 0.99529515 0.99264105] 
 recall: [0.99884527 0.99734575 0.99527922 0.99510788 0.99589828] 
 f1: [0.98295455 0.99843697 0.99416314 0.99520151 0.99426699] 
 f1_avg: 0.9963450007641095


Validation Epoch: 55 accuracy: 0.88 
 precision: [0.4375     0.89514867 0.91268324 0.79373012 0.96864111] 
 recall: [1.         0.9660349  0.84533648 0.97217585 0.27883651] 
 f1: [0.60869565 0.92924188 0.87771989 0.87393697 0.43302181] 
 f1_avg: 0.8596534813078015

--- 12696.720892906189 seconds ---

Train Epoch: 56 accuracy: 1.00 
 precision: [0.97963801 0.9993743  0.99368179 0.99573373 0.99296696] 
 recall: [1.         0.99750189 0.99597006 0.99542148 0.99606235] 
 f1: [0.98971429 0.99843722 0.99482461 0.99557758 0.99451225] 
 f1_avg: 0.9966606639631923


Validation Epoch: 56 accuracy: 0.87 
 precision: [0.36842105 0.90293696 0.8683274  0.79130828 0.94785276] 
 recall: [1.         0.94614374 0.86422668 0.97273233 0.30992979] 
 f1: [0.53846154 0.92403555 0.86627219 0.87269096 0.46712018] 
 f1_avg: 0.8580378938080632

--- 12919.561848402023 seconds ---

Train Epoch: 57 accuracy: 1.00 
 precision: [0.97303371 0.99947871 0.99425155 0.99585843 0.99345978] 
 recall: [1.         0.99784017 0.99573978 0.99535876 0.99688269] 
 f1: [0.98633257 0.99865877 0.99499511 0.99560853 0.99516829] 
 f1_avg: 0.9968263365382805


Validation Epoch: 57 accuracy: 0.88 
 precision: [0.21875    0.89957865 0.91618311 0.80861909 0.94315245] 
 recall: [1.         0.96153124 0.83884298 0.97106288 0.36609829] 
 f1: [0.35897436 0.92952381 0.87580894 0.88242731 0.52745665] 
 f1_avg: 0.8704358396736771

--- 13141.855550050735 seconds ---

Train Epoch: 58 accuracy: 1.00 
 precision: [0.96868009 0.99927055 0.99510707 0.99623376 0.99150604] 
 recall: [1.         0.99812641 0.99522165 0.99542148 0.99589828] 
 f1: [0.98409091 0.99869815 0.99516435 0.99582745 0.99369731] 
 f1_avg: 0.9967886878315257


Validation Epoch: 58 accuracy: 0.87 
 precision: [0.25925926 0.89906805 0.9053103  0.78415665 0.95666667] 
 recall: [1.         0.95946707 0.83530106 0.98052309 0.28786359] 
 f1: [0.41176471 0.92828613 0.86889776 0.87141444 0.44255975] 
 f1_avg: 0.8579800248121329

--- 13363.970383644104 seconds ---

Train Epoch: 59 accuracy: 1.00 
 precision: [0.97519729 0.9989834  0.99333525 0.99648638 0.99378171] 
 recall: [0.99884527 0.99726769 0.99533679 0.99611139 0.99639048] 
 f1: [0.98687963 0.9981248  0.99433501 0.99629885 0.99508438] 
 f1_avg: 0.9965593011940557


Validation Epoch: 59 accuracy: 0.88 
 precision: [0.24137931 0.90237    0.88930348 0.8005553  0.92204301] 
 recall: [1.         0.95740289 0.84415584 0.96271564 0.3440321 ] 
 f1: [0.38888889 0.9290722  0.86614173 0.87417888 0.50109569] 
 f1_avg: 0.864361149346779

--- 13586.067033529282 seconds ---

Train Epoch: 60 accuracy: 1.00 
 precision: [0.97522523 0.99940048 0.99465517 0.99673531 0.99232528] 
 recall: [1.         0.99771006 0.99637306 0.99573507 0.99704676] 
 f1: [0.98745724 0.99855456 0.99551337 0.99623494 0.99468042] 
 f1_avg: 0.9969913258068365


Validation Epoch: 60 accuracy: 0.87 
 precision: [0.22580645 0.89188716 0.89130435 0.79326047 0.92944785] 
 recall: [1.         0.95515106 0.82290437 0.96939343 0.30391174] 
 f1: [0.36842105 0.92243567 0.85573972 0.87252692 0.45804989] 
 f1_avg: 0.8542821970999812

--- 13809.425558805466 seconds ---

Train Epoch: 61 accuracy: 1.00 
 precision: [0.96756152 0.9991404  0.9951082  0.99642364 0.99377661] 
 recall: [0.99884527 0.99812641 0.99545193 0.99604867 0.99557014] 
 f1: [0.98295455 0.99863315 0.99528003 0.99623612 0.99467257] 
 f1_avg: 0.9969282902005454


Validation Epoch: 61 accuracy: 0.87 
 precision: [0.41176471 0.90313339 0.869773   0.771821   0.94845361] 
 recall: [1.         0.94651905 0.85950413 0.96939343 0.27683049] 
 f1: [0.58333333 0.92431739 0.86460808 0.85939813 0.42857143] 
 f1_avg: 0.8515921145738244

--- 14032.859423875809 seconds ---

Train Epoch: 62 accuracy: 0.99 
 precision: [0.82317682 0.99764607 0.97988852 0.99498307 0.99297386] 
 recall: [0.95150115 0.99258373 0.98175014 0.99510788 0.99704676] 
 f1: [0.88269952 0.99510846 0.98081845 0.99504547 0.99500614] 
 f1_avg: 0.9906971021916761


Validation Epoch: 62 accuracy: 0.82 
 precision: [0.0177305  0.90515502 0.84493965 0.76666667 0.57068063] 
 recall: [0.71428571 0.92587728 0.53719008 0.95993322 0.43731194] 
 f1: [0.03460208 0.91539889 0.6568026  0.85248332 0.4951732 ] 
 f1_avg: 0.8160247037132157

--- 14256.021653652191 seconds ---

Train Epoch: 63 accuracy: 0.97 
 precision: [0.65793529 0.98219967 0.95766671 0.96631029 0.98213996] 
 recall: [0.98614319 0.97207838 0.94421416 0.97503763 0.99245283] 
 f1: [0.78927911 0.97711281 0.95089286 0.97065435 0.98726946] 
 f1_avg: 0.9687374624126553


Validation Epoch: 63 accuracy: 0.81 
 precision: [0.3        0.92991803 0.70756757 0.67504836 0.6809816 ] 
 recall: [0.85714286 0.8515669  0.77272727 0.97106288 0.33400201] 
 f1: [0.44444444 0.88901949 0.73871332 0.79643998 0.44818304] 
 f1_avg: 0.8011113078344149

--- 14479.197971343994 seconds ---

Train Epoch: 64 accuracy: 0.98 
 precision: [0.67371601 0.99549967 0.95400877 0.97755689 0.97822554] 
 recall: [0.77251732 0.97855786 0.97685665 0.98074511 0.98769483] 
 f1: [0.7197418  0.98695607 0.96529753 0.9791484  0.98293738] 
 f1_avg: 0.9773428876746132


Validation Epoch: 64 accuracy: 0.87 
 precision: [0.38888889 0.88630042 0.90139907 0.79788214 0.92125984] 
 recall: [1.         0.95665228 0.7987013  0.96438509 0.35205617] 
 f1: [0.56       0.92013356 0.84694836 0.87326783 0.50943396] 
 f1_avg: 0.8570042967372862

--- 14702.080037593842 seconds ---

Train Epoch: 65 accuracy: 0.99 
 precision: [0.84082031 0.99752211 0.98813657 0.99378414 0.99005543] 
 recall: [0.99422633 0.99518593 0.9830167  0.99272454 0.99639048] 
 f1: [0.91111111 0.99635265 0.98556999 0.99325406 0.99321285] 
 f1_avg: 0.9921641053757058


Validation Epoch: 65 accuracy: 0.88 
 precision: [0.4375     0.90281239 0.888125   0.79255561 0.9250646 ] 
 recall: [1.         0.95177332 0.83884298 0.97161937 0.35907723] 
 f1: [0.60869565 0.92664657 0.86278081 0.873      0.51734104] 
 f1_avg: 0.8640554922439034

--- 14919.811934709549 seconds ---

Train Epoch: 66 accuracy: 0.99 
 precision: [0.8863869  0.99893082 0.99312059 0.99430039 0.99395029] 
 recall: [1.         0.99679929 0.98900403 0.99567235 0.9973749 ] 
 f1: [0.93977211 0.99786392 0.99105804 0.9949859  0.99565965] 
 f1_avg: 0.9949689200866026


Validation Epoch: 66 accuracy: 0.88 
 precision: [0.4375     0.90697674 0.88641975 0.79344859 0.9125    ] 
 recall: [1.         0.95139801 0.84769776 0.9705064  0.36609829] 
 f1: [0.60869565 0.92865647 0.86662643 0.87309136 0.52254832] 
 f1_avg: 0.866354054617411

--- 15135.801002502441 seconds ---

Train Epoch: 67 accuracy: 1.00 
 precision: [0.89648033 0.99926992 0.99381896 0.99567561 0.99444354] 
 recall: [1.         0.99726769 0.99044329 0.99642499 0.99835931] 
 f1: [0.94541485 0.9982678  0.99212825 0.99605016 0.99639758] 
 f1_avg: 0.9957371579541016


Validation Epoch: 67 accuracy: 0.88 
 precision: [0.41176471 0.90856938 0.87965791 0.79351302 0.90818859] 
 recall: [1.         0.95102271 0.85005903 0.96661102 0.3671013 ] 
 f1: [0.58333333 0.92931145 0.86460522 0.87155043 0.52285714] 
 f1_avg: 0.8660922225518154

Early stopping!

Test Epoch: accuracy: 0.89 
 precision: [0.8        0.9091941  0.89208243 0.87183544 0.8015873 ] 
 recall: [0.12903226 0.9806162  0.72626932 0.88966631 0.89117647] 
 f1: [0.22222222 0.94355551 0.80068143 0.88066063 0.84401114] 
 f1_avg: 0.8848393075946087

--- 15358.319177865982 seconds ---

Test Epoch: accuracy: 0.89 
 precision: [0.28       0.9015417  0.91384812 0.8294686  0.8876652 ] 
 recall: [1.         0.9656596  0.84533648 0.95548136 0.40421264] 
 f1: [0.4375     0.93249977 0.8782582  0.88802689 0.55547898] 
 f1_avg: 0.8763965859960846

--- 15364.341128349304 seconds ---
