{'name': 'chimp_wav2vec2_transformer_0', 'data_path': '/home/zifjia/data/data_chimp/wav2vec2_split_3407', 'test_only': False, 'balance_weights': True, 'model_type': 'transformer', 'n_embedding': 768, 'd_hid': 1024, 'nlayers': 6, 'nhead': 8, 'batch_size': 1, 'n_epoch': 200, 'lr': 0.0001, 'dropout': 0.4, 'patience': 10, 'step_factor': 0.7, 'seed': 0}
cuda
Reading data ...
train, dev, test number of files: 188, 23, 24.
dev files:  ['ASO4445 KT MS group ph drum traveling, 2_20 KT whimper, MS single ph drum, KT bark_01', 'ASO0481 Sonso KT single ph, KZ single ph feeding_02', 'ASO2186 ZL single ph start_01', 'ASO0662 Sonso KT single ph feeding_01', 'ASO2904 PS single ph_01', 'ASO1433 Sonso FK single ph, inf voc_01', 'ASO4255 PS display drum, SM single ph B-U_01', 'ASO2877 FK single ph, KO pg-whimper, unk MB group ph_01', 'ASO1581 HW single ph drum, MS NB unk group ph other party, HW single ph B-U, KT HW group ph_01', 'ASO3737 HW single ph drum resting-traveling, 1_15 JN single ph feeding, HW single ph_01', 'ASO3150 KT single ph_01', 'ASO3574 KT single ph feeding_01', 'ASO3484 Thermal Camera HW ZL groom, 3_40 HW single ph, 4_10 FK single ph 50m, 15_30 HW ZL KT group ph, 16_50 HW ZL group ph _01', 'ASO0107 Sonso Thermal Camera KZ single ph 2_50 with reply ZD, KZ SQ group ph 3_34_01', 'ASO1051 Sonso ZD single ph_01', 'ASO3015 PS single ph feeding_01', 'ASO4271 SM PS IN group ph drum, 1_50 SM PS group ph drum, 4_00 PS group ph, 6_40 FK MB PS KT unk group ph, 9_00 SM display drum, 11_00 PS single ph feeding, FK single ph feeding, 17_05 unk single ph_01', 'ASO1487 ZL single ph start, DL unk group ph, PS single ph start_01', 'ASO1231 Sonso KZ single ph drum traveling_01', 'ASO3870 FK scream, MS FK group ph drum, FK MS group fg, FK MS group ph drum, MS FK fg, MS single ph intro, FK MS group ph. FK fg, 3_19 MS FK group ph feeding, 4_24 FK single ph_01', 'ASO1731 ZL single ph, unk fg, JN stranger F MB group ph_01', 'ASO0412 Sonso PS single ph, SQ single ph, PS single ph 1_25_01', 'ASO1265 Sonso HW single ph start_01']
test files:  ['ASO2103 DL single ph, KL KO group ph, DL single ph, KT single ph, KT DL MS group ph_01', 'ASO3799 KT single ph_01', 'ASO3006 ZL single ph drum traveling_01', 'ASO2392 group ph, 1_30 pg to ph, 1_45 NB group ph, 2_30 SM PS MB group ph, MB fg, 3_40 PS unk group ph, SM single ph, unk display to DL, 5_46 DL single ph intro_01', 'ASO0376 Sonso MS single ph _01', 'ASO3995 PS MB group ph feeding, 1_40 PS single ph feeding, MB fg, 2_50 ML MB group ph-bark_01', 'ASO1920 SM single ph feeding_01', 'ASO3819 KT single ph feeding_01', 'ASO3149 KT single ph rest_01', 'ASO1577 HW single ph_01', 'ASO4443 MS single ph display drum to KT, 1_30 MS display (ph), KT single ph_01', 'ASO3080 HW single ph drum traveling, 2_00 HW single ph drum traveling-resting, 5_20 HW single ph drum traveling-resting_03', 'ASO2585 MS single ph drum_01', 'ASO2544 HW single ph drum traveling_01', 'ASO3174 PS single ph feeding_01', 'ASO1624_02 HW single ph_01', 'ASO3856 MS single ph feeding_01', 'ASO3152 KT single ph resting_01', 'ASO3512 PS single ph_01', 'ASO0020 Sonso SQ single ph, PS single ph other party 2_01', 'ASO0480 Sonso KZ KT group ph, KZ KT group ph, KT single ph feeding_01', 'ASO3901 Thermal Camera MS KT HW groom, 4_30 unk pg 30m, 7_00 rest hoo, 10_25 HW single ph groom, 12_50 JS single ph drum 50m, HW single ph B-U, 20_15 KT HW group ph_01', 'ASO2125 KL OK KC JS group ph, FK single ph, OK KL KC KO group ph, PS single ph, PS single ph feeding_02', 'ASO3885 unk KJ group ph-pg, group ph,KC pg-ph start, KC scream, KL pg pant to HW, 1_30 infant single ph, group ph, group ph (video), 4_00 group bark, 4_20 KT single ph feeding, 5_30 unk group ph, KC single ph, 6_40 unk group pg-ph start, ,,,_01']
data_all: (98325, 769)
train_data_all: (80197, 769)
Labels in train_data_all:  {0: 650, 1: 39659, 2: 17778, 3: 15670, 4: 6440}
--- 2.8339338302612305 seconds ---
Transformer(
  (pos_encoder): PositionalEncoding(
    (dropout): Dropout(p=0.4, inplace=False)
  )
  (transformer_encoder): TransformerEncoder(
    (layers): ModuleList(
      (0): TransformerEncoderLayer(
        (self_attn): MultiheadAttention(
          (out_proj): NonDynamicallyQuantizableLinear(in_features=768, out_features=768, bias=True)
        )
        (linear1): Linear(in_features=768, out_features=1024, bias=True)
        (dropout): Dropout(p=0.4, inplace=False)
        (linear2): Linear(in_features=1024, out_features=768, bias=True)
        (norm1): LayerNorm((768,), eps=1e-05, elementwise_affine=True)
        (norm2): LayerNorm((768,), eps=1e-05, elementwise_affine=True)
        (dropout1): Dropout(p=0.4, inplace=False)
        (dropout2): Dropout(p=0.4, inplace=False)
      )
      (1): TransformerEncoderLayer(
        (self_attn): MultiheadAttention(
          (out_proj): NonDynamicallyQuantizableLinear(in_features=768, out_features=768, bias=True)
        )
        (linear1): Linear(in_features=768, out_features=1024, bias=True)
        (dropout): Dropout(p=0.4, inplace=False)
        (linear2): Linear(in_features=1024, out_features=768, bias=True)
        (norm1): LayerNorm((768,), eps=1e-05, elementwise_affine=True)
        (norm2): LayerNorm((768,), eps=1e-05, elementwise_affine=True)
        (dropout1): Dropout(p=0.4, inplace=False)
        (dropout2): Dropout(p=0.4, inplace=False)
      )
      (2): TransformerEncoderLayer(
        (self_attn): MultiheadAttention(
          (out_proj): NonDynamicallyQuantizableLinear(in_features=768, out_features=768, bias=True)
        )
        (linear1): Linear(in_features=768, out_features=1024, bias=True)
        (dropout): Dropout(p=0.4, inplace=False)
        (linear2): Linear(in_features=1024, out_features=768, bias=True)
        (norm1): LayerNorm((768,), eps=1e-05, elementwise_affine=True)
        (norm2): LayerNorm((768,), eps=1e-05, elementwise_affine=True)
        (dropout1): Dropout(p=0.4, inplace=False)
        (dropout2): Dropout(p=0.4, inplace=False)
      )
      (3): TransformerEncoderLayer(
        (self_attn): MultiheadAttention(
          (out_proj): NonDynamicallyQuantizableLinear(in_features=768, out_features=768, bias=True)
        )
        (linear1): Linear(in_features=768, out_features=1024, bias=True)
        (dropout): Dropout(p=0.4, inplace=False)
        (linear2): Linear(in_features=1024, out_features=768, bias=True)
        (norm1): LayerNorm((768,), eps=1e-05, elementwise_affine=True)
        (norm2): LayerNorm((768,), eps=1e-05, elementwise_affine=True)
        (dropout1): Dropout(p=0.4, inplace=False)
        (dropout2): Dropout(p=0.4, inplace=False)
      )
      (4): TransformerEncoderLayer(
        (self_attn): MultiheadAttention(
          (out_proj): NonDynamicallyQuantizableLinear(in_features=768, out_features=768, bias=True)
        )
        (linear1): Linear(in_features=768, out_features=1024, bias=True)
        (dropout): Dropout(p=0.4, inplace=False)
        (linear2): Linear(in_features=1024, out_features=768, bias=True)
        (norm1): LayerNorm((768,), eps=1e-05, elementwise_affine=True)
        (norm2): LayerNorm((768,), eps=1e-05, elementwise_affine=True)
        (dropout1): Dropout(p=0.4, inplace=False)
        (dropout2): Dropout(p=0.4, inplace=False)
      )
      (5): TransformerEncoderLayer(
        (self_attn): MultiheadAttention(
          (out_proj): NonDynamicallyQuantizableLinear(in_features=768, out_features=768, bias=True)
        )
        (linear1): Linear(in_features=768, out_features=1024, bias=True)
        (dropout): Dropout(p=0.4, inplace=False)
        (linear2): Linear(in_features=1024, out_features=768, bias=True)
        (norm1): LayerNorm((768,), eps=1e-05, elementwise_affine=True)
        (norm2): LayerNorm((768,), eps=1e-05, elementwise_affine=True)
        (dropout1): Dropout(p=0.4, inplace=False)
        (dropout2): Dropout(p=0.4, inplace=False)
      )
    )
  )
  (decoder): Linear(in_features=768, out_features=5, bias=True)
)
Number of parameters: 23644421

Train Epoch: 1 accuracy: 0.42 
 precision: [0.01441813 0.63051852 0.29387134 0.45780259 0.18354901] 
 recall: [0.06461538 0.42925944 0.3039712  0.5389917  0.38322981] 
 f1: [0.02357564 0.51077874 0.29883596 0.49509071 0.24821482] 
 f1_avg: 0.4356968307820046


Validation Epoch: 1 accuracy: 0.53 
 precision: [0.35483871 0.52995018 0.51950719 1.         1.        ] 
 recall: [0.03594771 0.97755931 0.14531878 0.         0.        ] 
 f1: [0.0652819  0.68730278 0.22710952 0.         0.        ] 
 f1_avg: 0.39690279092611724

New best val score, save model ...
--- 13.785686016082764 seconds ---

Train Epoch: 2 accuracy: 0.45 
 precision: [0.02816901 0.65394287 0.29568704 0.5477332  0.17301894] 
 recall: [0.11692308 0.47215008 0.32354596 0.57594129 0.34751553] 
 f1: [0.04540024 0.54837245 0.30898982 0.56148319 0.23101935] 
 f1_avg: 0.4683072996840552


Validation Epoch: 2 accuracy: 0.59 
 precision: [0.15555556 0.58988232 0.54616477 1.         1.        ] 
 recall: [0.04575163 0.93203676 0.44170017 0.14543405 0.        ] 
 f1: [0.07070707 0.72249834 0.48840902 0.25393701 0.        ] 
 f1_avg: 0.5140463947318866

New best val score, save model ...
--- 17.487963676452637 seconds ---

Train Epoch: 3 accuracy: 0.47 
 precision: [0.03445306 0.69000239 0.31242634 0.58355157 0.15631478] 
 recall: [0.12307692 0.50972037 0.34295196 0.5972559  0.31614907] 
 f1: [0.0538358  0.58631591 0.32697825 0.59032421 0.20919599] 
 f1_avg: 0.4950100120310501


Validation Epoch: 3 accuracy: 0.57 
 precision: [0.5        0.6100668  0.46351767 1.         1.        ] 
 recall: [0.03594771 0.8392819  0.69327972 0.04847802 0.        ] 
 f1: [0.06707317 0.70654912 0.55558113 0.09247312 0.        ] 
 f1_avg: 0.4872425150718206

--- 21.007166624069214 seconds ---

Train Epoch: 4 accuracy: 0.49 
 precision: [0.06193459 0.71499154 0.32381577 0.59594823 0.14745408] 
 recall: [0.13692308 0.53274162 0.36106424 0.60823229 0.30667702] 
 f1: [0.08528989 0.61055643 0.34142709 0.6020276  0.19915297] 
 f1_avg: 0.511935663102532


Validation Epoch: 4 accuracy: 0.58 
 precision: [0.25925926 0.66997008 0.41097096 0.99112426 1.        ] 
 recall: [0.04575163 0.76576191 0.80470994 0.18883878 0.        ] 
 f1: [0.07777778 0.71467039 0.54407767 0.31723485 0.        ] 
 f1_avg: 0.5331464202727918

New best val score, save model ...
--- 24.712337017059326 seconds ---

Train Epoch: 5 accuracy: 0.51 
 precision: [0.06512605 0.72997238 0.35867777 0.63028717 0.14312383] 
 recall: [0.14307692 0.55969641 0.39245134 0.64569241 0.28571429] 
 f1: [0.08950914 0.63359356 0.37480526 0.63789679 0.1907131 ] 
 f1_avg: 0.5370922987895752


Validation Epoch: 5 accuracy: 0.56 
 precision: [0.44       0.67861609 0.38306452 1.         1.        ] 
 recall: [0.03594771 0.69587519 0.87306146 0.20180383 0.        ] 
 f1: [0.06646526 0.68713728 0.53249256 0.3358349  0.        ] 
 f1_avg: 0.5200890093673458

--- 28.230743169784546 seconds ---

Train Epoch: 6 accuracy: 0.54 
 precision: [0.07784912 0.7468264  0.40108635 0.64648582 0.15477066] 
 recall: [0.14923077 0.58001967 0.44442569 0.66917677 0.2939441 ] 
 f1: [0.10232068 0.65293784 0.42164528 0.65763562 0.20277436] 
 f1_avg: 0.5619711072482991


Validation Epoch: 6 accuracy: 0.59 
 precision: [0.45833333 0.72451977 0.37820669 0.97693575 1.        ] 
 recall: [0.03594771 0.68518914 0.88914417 0.33427283 0.        ] 
 f1: [0.06666667 0.7043058  0.53068221 0.49811004 0.        ] 
 f1_avg: 0.5599969141217553

New best val score, save model ...
--- 31.950806140899658 seconds ---

Train Epoch: 7 accuracy: 0.55 
 precision: [0.07559573 0.75559251 0.41464271 0.65399586 0.15170797] 
 recall: [0.14153846 0.58425578 0.46478794 0.6862157  0.28136646] 
 f1: [0.09855383 0.65896907 0.43828568 0.66971849 0.19712794] 
 f1_avg: 0.5705194694705017


Validation Epoch: 7 accuracy: 0.60 
 precision: [0.52380952 0.70716191 0.40289312 0.99233716 1.        ] 
 recall: [0.03594771 0.73648215 0.86387134 0.29199549 0.        ] 
 f1: [0.06727829 0.72152429 0.54950676 0.45121951 0.        ] 
 f1_avg: 0.5633133656642828

New best val score, save model ...
--- 35.71919131278992 seconds ---

Train Epoch: 8 accuracy: 0.57 
 precision: [0.09537856 0.7643014  0.43273439 0.65710498 0.16365957] 
 recall: [0.14923077 0.60538591 0.47277534 0.69585195 0.29860248] 
 f1: [0.11637672 0.67562472 0.45186957 0.67592363 0.21143485] 
 f1_avg: 0.5842730601691053


Validation Epoch: 8 accuracy: 0.61 
 precision: [0.47826087 0.70656758 0.41697417 0.95512821 1.        ] 
 recall: [0.03594771 0.75187006 0.84376795 0.33596392 0.        ] 
 f1: [0.0668693  0.72851522 0.5581307  0.4970809  0.        ] 
 f1_avg: 0.5774086553767314

New best val score, save model ...
--- 39.396262884140015 seconds ---

Train Epoch: 9 accuracy: 0.57 
 precision: [0.11328976 0.7681601  0.43963415 0.66219132 0.17359809] 
 recall: [0.16       0.60394866 0.48666892 0.70504148 0.31630435] 
 f1: [0.13265306 0.67622812 0.46195739 0.68294492 0.22416639] 
 f1_avg: 0.5893339214109155


Validation Epoch: 9 accuracy: 0.58 
 precision: [0.5        0.67648253 0.40604925 0.99785867 1.        ] 
 recall: [0.03594771 0.71190425 0.87133831 0.2626832  0.        ] 
 f1: [0.06707317 0.69374154 0.55395289 0.41588577 0.        ] 
 f1_avg: 0.5430926207925791

--- 42.89179611206055 seconds ---

Train Epoch: 10 accuracy: 0.58 
 precision: [0.11616766 0.77529962 0.44495018 0.66893576 0.17711651] 
 recall: [0.14923077 0.61005068 0.49488131 0.7023612  0.32810559] 
 f1: [0.13063973 0.68281945 0.46858939 0.6852411  0.23004899] 
 f1_avg: 0.5949683644197916


Validation Epoch: 10 accuracy: 0.63 
 precision: [0.35483871 0.70914239 0.43566992 0.93190416 1.        ] 
 recall: [0.03594771 0.74930541 0.84606548 0.41657272 0.        ] 
 f1: [0.0652819  0.72867089 0.57516595 0.57576938 0.        ] 
 f1_avg: 0.5959346561787024

New best val score, save model ...
--- 46.57292914390564 seconds ---

Train Epoch: 11 accuracy: 0.59 
 precision: [0.0888     0.78435127 0.47164707 0.67660675 0.17696103] 
 recall: [0.17076923 0.61978366 0.50995613 0.71818762 0.32298137] 
 f1: [0.11684211 0.69242362 0.49005405 0.69677739 0.22864681] 
 f1_avg: 0.6065057788821676


Validation Epoch: 11 accuracy: 0.61 
 precision: [0.5        0.71820778 0.414243   0.90726257 1.        ] 
 recall: [0.03594771 0.69886728 0.87535899 0.45772266 0.        ] 
 f1: [0.06707317 0.70840555 0.56236162 0.60846759 0.        ] 
 f1_avg: 0.5895340509930347

--- 50.033809185028076 seconds ---

Train Epoch: 12 accuracy: 0.60 
 precision: [0.11262799 0.78920219 0.46310824 0.68521273 0.18911577] 
 recall: [0.15230769 0.62881061 0.50804365 0.73484365 0.33509317] 
 f1: [0.1294964  0.69993545 0.48453636 0.70916089 0.24177917] 
 f1_avg: 0.6125741481616067


Validation Epoch: 12 accuracy: 0.62 
 precision: [0.5        0.71696919 0.42344363 0.91980559 1.        ] 
 recall: [0.03594771 0.72600983 0.86731763 0.42671928 0.        ] 
 f1: [0.06707317 0.72146119 0.56905973 0.58298036 0.        ] 
 f1_avg: 0.5925436049283918

--- 53.530988693237305 seconds ---

Train Epoch: 13 accuracy: 0.60 
 precision: [0.11473684 0.7942747  0.46342602 0.67979513 0.20112915] 
 recall: [0.16769231 0.6338536  0.50247497 0.73688577 0.35403727] 
 f1: [0.13625    0.70505413 0.48216117 0.7071901  0.25652565] 
 f1_avg: 0.6154327430515131


Validation Epoch: 13 accuracy: 0.64 
 precision: [0.52380952 0.69364486 0.4677581  0.90700637 1.        ] 
 recall: [0.03594771 0.79311819 0.80413555 0.40135287 0.        ] 
 f1: [0.06727829 0.74005384 0.59146599 0.55646737 0.        ] 
 f1_avg: 0.6011820412795786

New best val score, save model ...
--- 57.28101086616516 seconds ---

Train Epoch: 14 accuracy: 0.60 
 precision: [0.11698881 0.79454064 0.46591261 0.6858887  0.19724613] 
 recall: [0.17692308 0.62825588 0.50742491 0.73854499 0.35590062] 
 f1: [0.14084507 0.70168126 0.48578352 0.71124359 0.2538206 ] 
 f1_avg: 0.6151798399721399


Validation Epoch: 14 accuracy: 0.64 
 precision: [0.31578947 0.69300226 0.4721566  0.93269231 1.        ] 
 recall: [0.03921569 0.78734772 0.80356117 0.43742954 0.        ] 
 f1: [0.06976744 0.73716858 0.59481293 0.59554873 0.        ] 
 f1_avg: 0.6080045250193497

New best val score, save model ...
--- 61.00384521484375 seconds ---

Train Epoch: 15 accuracy: 0.60 
 precision: [0.10191083 0.79415975 0.48645669 0.68650466 0.19996569] 
 recall: [0.17230769 0.62951663 0.52126223 0.74275686 0.36195652] 
 f1: [0.12807318 0.70231799 0.50325839 0.71352379 0.25761176] 
 f1_avg: 0.6200149875624913


Validation Epoch: 15 accuracy: 0.64 
 precision: [0.47826087 0.69725118 0.47027209 0.88787185 1.        ] 
 recall: [0.03594771 0.7860654  0.80413555 0.43742954 0.        ] 
 f1: [0.0668693  0.7389994  0.59347181 0.58610272 0.        ] 
 f1_avg: 0.6067571134151545

--- 64.51979947090149 seconds ---

Train Epoch: 16 accuracy: 0.61 
 precision: [0.11242604 0.79999373 0.48253571 0.68814981 0.21041312] 
 recall: [0.17538462 0.64376308 0.52064349 0.74339502 0.36459627] 
 f1: [0.13701923 0.71342545 0.5008658  0.71470642 0.26683334] 
 f1_avg: 0.6260215614613366


Validation Epoch: 16 accuracy: 0.65 
 precision: [0.52380952 0.68747731 0.50296736 0.87527115 1.        ] 
 recall: [0.03594771 0.8095747  0.77886272 0.45490417 0.        ] 
 f1: [0.06727829 0.74354696 0.6112238  0.59866469 0.        ] 
 f1_avg: 0.614910393039279

New best val score, save model ...
--- 68.19003224372864 seconds ---

Train Epoch: 17 accuracy: 0.62 
 precision: [0.11335578 0.80175852 0.48506705 0.69636983 0.22188111] 
 recall: [0.15538462 0.6437883  0.53718079 0.75654116 0.37034161] 
 f1: [0.13108371 0.71414187 0.50979555 0.72520952 0.27750305] 
 f1_avg: 0.6312163143397178


Validation Epoch: 17 accuracy: 0.66 
 precision: [0.55       0.6928494  0.51292937 0.869      1.        ] 
 recall: [0.03594771 0.82004702 0.76335439 0.48985344 0.        ] 
 f1: [0.06748466 0.75110111 0.61357341 0.62653208 0.        ] 
 f1_avg: 0.6246312821102706

New best val score, save model ...
--- 71.90656661987305 seconds ---

Train Epoch: 18 accuracy: 0.62 
 precision: [0.12459016 0.80794018 0.495821   0.69695369 0.22118352] 
 recall: [0.17538462 0.65117628 0.53723703 0.75775367 0.37841615] 
 f1: [0.1456869  0.72113706 0.51569882 0.7260831  0.27918433] 
 f1_avg: 0.6364082726530843


Validation Epoch: 18 accuracy: 0.68 
 precision: [0.5        0.68097545 0.56320156 0.86251146 1.        ] 
 recall: [0.03594771 0.87134003 0.66283745 0.53043968 0.        ] 
 f1: [0.06707317 0.76448528 0.60897098 0.65689354 0.        ] 
 f1_avg: 0.6364737819889298

New best val score, save model ...
--- 75.60057520866394 seconds ---

Train Epoch: 19 accuracy: 0.62 
 precision: [0.11734164 0.80630504 0.48670682 0.70306502 0.22813932] 
 recall: [0.17384615 0.65329433 0.52722466 0.75973197 0.38649068] 
 f1: [0.14011159 0.72177959 0.50615617 0.73030089 0.28691643] 
 f1_avg: 0.6360104532751447


Validation Epoch: 19 accuracy: 0.67 
 precision: [0.52380952 0.69245716 0.52892901 0.87669903 1.        ] 
 recall: [0.03594771 0.83778585 0.74037909 0.50901917 0.        ] 
 f1: [0.06727829 0.7582205  0.61704165 0.64407989 0.        ] 
 f1_avg: 0.6323279170976305

--- 79.13183045387268 seconds ---

Train Epoch: 20 accuracy: 0.63 
 precision: [0.152019   0.80848321 0.50894129 0.69458906 0.23048223] 
 recall: [0.19692308 0.66421241 0.54269322 0.75775367 0.38369565] 
 f1: [0.17158177 0.72928116 0.52527562 0.7247978  0.28797856] 
 f1_avg: 0.6432235994866877


Validation Epoch: 20 accuracy: 0.66 
 precision: [0.52380952 0.66936416 0.56020696 0.87222809 1.        ] 
 recall: [0.03594771 0.86621073 0.6840896  0.46561443 0.        ] 
 f1: [0.06727829 0.75517049 0.61598138 0.60712973 0.        ] 
 f1_avg: 0.6234016383893088

--- 82.69433546066284 seconds ---

Train Epoch: 21 accuracy: 0.63 
 precision: [0.12964931 0.80591662 0.50223168 0.70550584 0.24211529] 
 recall: [0.18769231 0.66287602 0.54432445 0.75966816 0.39456522] 
 f1: [0.15336266 0.7274312  0.52243157 0.7315859  0.30008857] 
 f1_avg: 0.6438294428795736


Validation Epoch: 21 accuracy: 0.67 
 precision: [0.5        0.65344989 0.599073   0.88040201 1.        ] 
 recall: [0.03594771 0.89463561 0.59391155 0.49379932 0.        ] 
 f1: [0.06707317 0.75525485 0.59648111 0.63271939 0.        ] 
 f1_avg: 0.6246889977280237

--- 86.23227667808533 seconds ---

Train Epoch: 22 accuracy: 0.63 
 precision: [0.13006397 0.8083535  0.50887693 0.70417893 0.24163386] 
 recall: [0.18769231 0.65684964 0.56913039 0.76349713 0.38121118] 
 f1: [0.15365239 0.72476873 0.53731977 0.73263931 0.29578313] 
 f1_avg: 0.6456756411917683


Validation Epoch: 22 accuracy: 0.66 
 precision: [0.57894737 0.66103332 0.56852552 0.9325     1.        ] 
 recall: [0.03594771 0.87775166 0.69098219 0.4205186  0.00154083] 
 f1: [0.06769231 0.75413147 0.62380088 0.57964258 0.00307692] 
 f1_avg: 0.619260596864965

--- 89.75485253334045 seconds ---

Train Epoch: 23 accuracy: 0.63 
 precision: [0.15811966 0.80784844 0.50710003 0.70225379 0.23791265] 
 recall: [0.22769231 0.6623465  0.54235572 0.76356094 0.39503106] 
 f1: [0.18663304 0.72789747 0.52413568 0.73162529 0.29697076] 
 f1_avg: 0.6444647733378787


Validation Epoch: 23 accuracy: 0.67 
 precision: [0.5        0.66564019 0.58046272 0.87288977 1.        ] 
 recall: [0.03594771 0.87775166 0.64847789 0.49549042 0.00770416] 
 f1: [0.06707317 0.75712047 0.61258817 0.63214671 0.01529052] 
 f1_avg: 0.6296818117329034

--- 93.25461506843567 seconds ---

Train Epoch: 24 accuracy: 0.65 
 precision: [0.13593256 0.81333293 0.54283005 0.70736434 0.25628824] 
 recall: [0.19846154 0.67555914 0.57959276 0.76866624 0.40978261] 
 f1: [0.16135084 0.73807163 0.56060936 0.73674231 0.31534923] 
 f1_avg: 0.6598522986463686


Validation Epoch: 24 accuracy: 0.66 
 precision: [0.5        0.64163353 0.59283747 0.91979301 1.        ] 
 recall: [0.03594771 0.89655909 0.61803561 0.40078918 0.00154083] 
 f1: [0.06707317 0.74797183 0.60517435 0.55830389 0.00307692] 
 f1_avg: 0.608407601168586

--- 96.76915287971497 seconds ---

Train Epoch: 25 accuracy: 0.64 
 precision: [0.14717742 0.80977467 0.5264959  0.7056435  0.25223081] 
 recall: [0.22461538 0.67054137 0.57115536 0.76522017 0.39503106] 
 f1: [0.17783191 0.73361012 0.54791712 0.73422527 0.30787849] 
 f1_avg: 0.6538742400027633


Validation Epoch: 25 accuracy: 0.67 
 precision: [0.45833333 0.66503827 0.57337884 0.89462366 1.        ] 
 recall: [0.03594771 0.87283608 0.67547387 0.46899662 0.0046225 ] 
 f1: [0.06666667 0.75489834 0.62025316 0.61538462 0.00920245] 
 f1_avg: 0.6263083152153618

--- 100.28903436660767 seconds ---

Train Epoch: 26 accuracy: 0.65 
 precision: [0.1090573  0.81770433 0.53282326 0.71072729 0.25999396] 
 recall: [0.18153846 0.6712726  0.58758016 0.7720485  0.40093168] 
 f1: [0.13625866 0.73728814 0.55886365 0.74011991 0.31543583] 
 f1_avg: 0.659541404903574


Validation Epoch: 26 accuracy: 0.68 
 precision: [0.52380952 0.65868822 0.61625822 0.88768473 1.        ] 
 recall: [0.03594771 0.90574909 0.5921884  0.50789177 0.00924499] 
 f1: [0.06727829 0.76271034 0.6039836  0.64610972 0.01832061] 
 f1_avg: 0.633832439546939

--- 103.79989314079285 seconds ---

Train Epoch: 27 accuracy: 0.65 
 precision: [0.14285714 0.81587457 0.53844164 0.71214594 0.26409821] 
 recall: [0.2        0.67439925 0.58538643 0.77977026 0.41086957] 
 f1: [0.16666667 0.73842161 0.56093354 0.74442549 0.32152622] 
 f1_avg: 0.6621375964436234


Validation Epoch: 27 accuracy: 0.67 
 precision: [0.55       0.64833156 0.63171865 0.86363636 1.        ] 
 recall: [0.03594771 0.90938235 0.54681218 0.51409245 0.0046225 ] 
 f1: [0.06748466 0.75698274 0.5862069  0.64452297 0.00920245] 
 f1_avg: 0.6265728394023892

--- 107.35504460334778 seconds ---

Train Epoch: 28 accuracy: 0.65 
 precision: [0.13546256 0.81815161 0.54413396 0.71391647 0.26455647] 
 recall: [0.18923077 0.68282105 0.57942401 0.77555839 0.42049689] 
 f1: [0.15789474 0.7443855  0.56122477 0.7434619  0.32477812] 
 f1_avg: 0.6651531737295945


Validation Epoch: 28 accuracy: 0.67 
 precision: [0.5        0.64932092 0.6152461  0.90767519 0.88888889] 
 recall: [0.03594771 0.90938235 0.5887421  0.45997745 0.01232666] 
 f1: [0.06707317 0.7576567  0.60170238 0.61054994 0.02431611] 
 f1_avg: 0.6243371583234115

--- 110.89382767677307 seconds ---

Train Epoch: 29 accuracy: 0.65 
 precision: [0.13207547 0.81146707 0.5452757  0.71044498 0.26840179] 
 recall: [0.20461538 0.68340099 0.57683654 0.77740906 0.40993789] 
 f1: [0.16053108 0.74194829 0.56061227 0.74242009 0.32440403] 
 f1_avg: 0.6635999111958019


Validation Epoch: 29 accuracy: 0.67 
 precision: [0.57894737 0.65479154 0.6152439  0.86200378 1.        ] 
 recall: [0.03594771 0.89955119 0.57955198 0.51409245 0.00616333] 
 f1: [0.06769231 0.75790042 0.59686483 0.6440678  0.01225115] 
 f1_avg: 0.6292052537716272

--- 114.44952535629272 seconds ---

Train Epoch: 30 accuracy: 0.67 
 precision: [0.13553531 0.81733427 0.56296062 0.71531142 0.28639826] 
 recall: [0.18307692 0.70074888 0.60152998 0.78200383 0.40869565] 
 f1: [0.15575916 0.75456483 0.58160657 0.74717234 0.33678823] 
 f1_avg: 0.6763774015122302


Validation Epoch: 30 accuracy: 0.70 
 precision: [0.45833333 0.69977962 0.64010804 0.74445741 1.        ] 
 recall: [0.03594771 0.88223979 0.54451465 0.71927847 0.04776579] 
 f1: [0.06666667 0.7804878  0.58845438 0.73165138 0.09117647] 
 f1_avg: 0.6617034188022584

New best val score, save model ...
--- 118.19445633888245 seconds ---

Train Epoch: 31 accuracy: 0.67 
 precision: [0.13486842 0.81889646 0.57032827 0.7143671  0.28828447] 
 recall: [0.18923077 0.69081419 0.6039487  0.80025526 0.42298137] 
 f1: [0.1574904  0.74942214 0.5866572  0.75487599 0.34287872] 
 f1_avg: 0.6769622173258211


Validation Epoch: 31 accuracy: 0.69 
 precision: [0.5        0.66656221 0.66108149 0.80571429 1.        ] 
 recall: [0.03594771 0.90916863 0.49856404 0.63585118 0.04930663] 
 f1: [0.06707317 0.76918904 0.56843484 0.71077505 0.09397944] 
 f1_avg: 0.6482798740674955

--- 121.78171110153198 seconds ---

Train Epoch: 32 accuracy: 0.67 
 precision: [0.13201663 0.81865332 0.56152114 0.71893953 0.29182058] 
 recall: [0.19538462 0.68854484 0.60299246 0.79432036 0.42934783] 
 f1: [0.15756824 0.74798329 0.58151835 0.75475245 0.34747094] 
 f1_avg: 0.6754567579098079


Validation Epoch: 32 accuracy: 0.69 
 precision: [0.52380952 0.66734312 0.64538515 0.8438247  1.        ] 
 recall: [0.03594771 0.91365676 0.53417576 0.59695603 0.04006163] 
 f1: [0.06727829 0.77131258 0.58453803 0.69924067 0.07703704] 
 f1_avg: 0.6489987359220936

--- 125.35504579544067 seconds ---

Train Epoch: 33 accuracy: 0.67 
 precision: [0.1459854  0.82178277 0.56681236 0.72347004 0.29406725] 
 recall: [0.18461538 0.69784916 0.61272359 0.79138481 0.42639752] 
 f1: [0.16304348 0.75476226 0.58887447 0.75590503 0.3480796 ] 
 f1_avg: 0.6807582538833009


Validation Epoch: 33 accuracy: 0.69 
 precision: [0.52380952 0.66969887 0.64893617 0.83536585 1.        ] 
 recall: [0.03594771 0.91258816 0.52556002 0.61781285 0.04622496] 
 f1: [0.06727829 0.77250113 0.58076801 0.7103046  0.08836524] 
 f1_avg: 0.6518380651301517

--- 128.88594698905945 seconds ---

Train Epoch: 34 accuracy: 0.68 
 precision: [0.15677966 0.82478695 0.5711958  0.72696007 0.30141921] 
 recall: [0.22769231 0.70528758 0.61126111 0.79585195 0.42872671] 
 f1: [0.18569636 0.76037079 0.59054968 0.75984768 0.35397436] 
 f1_avg: 0.6853304758006523


Validation Epoch: 34 accuracy: 0.69 
 precision: [0.55       0.67463585 0.64596273 0.82932331 1.        ] 
 recall: [0.03594771 0.91066467 0.53762206 0.62175874 0.05238829] 
 f1: [0.06748466 0.77507958 0.58683386 0.71069588 0.09956076] 
 f1_avg: 0.6551879801926912

--- 132.40777587890625 seconds ---

Train Epoch: 35 accuracy: 0.67 
 precision: [0.15560392 0.82163535 0.56732903 0.72659827 0.30785861] 
 recall: [0.22       0.70132883 0.6038362  0.8        0.44223602] 
 f1: [0.18228171 0.75673029 0.58501362 0.76153449 0.36301064] 
 f1_avg: 0.6833304948229757


Validation Epoch: 35 accuracy: 0.69 
 precision: [0.47826087 0.6661481  0.65740045 0.82252051 1.        ] 
 recall: [0.03594771 0.91515281 0.50258472 0.62175874 0.04006163] 
 f1: [0.0668693  0.77104529 0.56966146 0.7081862  0.07703704] 
 f1_avg: 0.6477519783804413

--- 135.91785407066345 seconds ---

Train Epoch: 36 accuracy: 0.68 
 precision: [0.16239316 0.8273834  0.58064516 0.72761716 0.31033725] 
 recall: [0.26307692 0.70944804 0.61660479 0.79661774 0.4386646 ] 
 f1: [0.20082208 0.76389059 0.59808495 0.76055566 0.36350769] 
 f1_avg: 0.6897679712051656


Validation Epoch: 36 accuracy: 0.70 
 precision: [0.275      0.71453807 0.60057143 0.76428142 1.        ] 
 recall: [0.03594771 0.86450096 0.60367605 0.71645998 0.05392912] 
 f1: [0.06358382 0.78239845 0.60211974 0.73959849 0.10233918] 
 f1_avg: 0.6675106911180497

New best val score, save model ...
--- 139.60990977287292 seconds ---

Train Epoch: 37 accuracy: 0.68 
 precision: [0.11590727 0.83066911 0.57922119 0.72006658 0.31392045] 
 recall: [0.22307692 0.69837868 0.61997975 0.80057435 0.44611801] 
 f1: [0.15255129 0.75880113 0.59890782 0.75818929 0.36852232] 
 f1_avg: 0.6869826225405067


Validation Epoch: 37 accuracy: 0.68 
 precision: [0.47826087 0.65514616 0.65333333 0.8424821  1.        ] 
 recall: [0.03594771 0.91964095 0.47846065 0.59695603 0.04006163] 
 f1: [0.0668693  0.76518183 0.55238727 0.69877928 0.07703704] 
 f1_avg: 0.6396420904698428

--- 143.11834001541138 seconds ---

Train Epoch: 38 accuracy: 0.68 
 precision: [0.16570881 0.82172083 0.58354547 0.72949724 0.30467149] 
 recall: [0.26615385 0.70894375 0.60602992 0.80095724 0.43850932] 
 f1: [0.2042503  0.76117766 0.5945752  0.76355894 0.35953912] 
 f1_avg: 0.6879442639316958


Validation Epoch: 38 accuracy: 0.69 
 precision: [0.61111111 0.67379933 0.66558966 0.78441558 1.        ] 
 recall: [0.03594771 0.90852746 0.47329121 0.68094701 0.06779661] 
 f1: [0.06790123 0.77375319 0.55320577 0.72902836 0.12698413] 
 f1_avg: 0.653624352489105

--- 146.6309757232666 seconds ---

Train Epoch: 39 accuracy: 0.68 
 precision: [0.17075306 0.82935807 0.57473684 0.73320526 0.3141191 ] 
 recall: [0.3        0.71017928 0.61424232 0.80376516 0.43493789] 
 f1: [0.21763393 0.76515573 0.59383327 0.76686556 0.36478479] 
 f1_avg: 0.6909228349617866


Validation Epoch: 39 accuracy: 0.69 
 precision: [0.39285714 0.67447833 0.62687541 0.8247191  1.        ] 
 recall: [0.03594771 0.89805514 0.55198162 0.62063134 0.03543914] 
 f1: [0.06586826 0.77037309 0.58704948 0.70826632 0.06845238] 
 f1_avg: 0.6500901256256034

--- 150.16820812225342 seconds ---

Train Epoch: 40 accuracy: 0.68 
 precision: [0.12937347 0.82634818 0.58486555 0.73328654 0.31982537] 
 recall: [0.24461538 0.71093573 0.61907976 0.80006382 0.44363354] 
 f1: [0.16923896 0.76430963 0.6014865  0.76522111 0.37169063] 
 f1_avg: 0.6920419745004976


Validation Epoch: 40 accuracy: 0.68 
 precision: [0.61111111 0.64761344 0.6824978  0.87055838 1.        ] 
 recall: [0.03594771 0.93951699 0.44572085 0.5800451  0.03697997] 
 f1: [0.06790123 0.7667219  0.53926338 0.6962111  0.07132244] 
 f1_avg: 0.6370634848235446

--- 153.7295904159546 seconds ---

Train Epoch: 41 accuracy: 0.68 
 precision: [0.17863894 0.82516704 0.5817239  0.73233003 0.31695984] 
 recall: [0.29076923 0.71000277 0.61840477 0.79808551 0.44487578] 
 f1: [0.22131148 0.76326525 0.59950378 0.76379516 0.37017895] 
 f1_avg: 0.6911080181670519


Validation Epoch: 41 accuracy: 0.68 
 precision: [0.5        0.65828917 0.6630972  0.8317757  1.        ] 
 recall: [0.03594771 0.92925839 0.46237794 0.60202931 0.03697997] 
 f1: [0.06707317 0.77064871 0.54483926 0.69849575 0.07132244] 
 f1_avg: 0.6405480981579899

--- 157.259122133255 seconds ---

Train Epoch: 42 accuracy: 0.69 
 precision: [0.18378888 0.83064801 0.59001706 0.73435213 0.31346175] 
 recall: [0.3        0.71237298 0.62234222 0.8003829  0.45232919] 
 f1: [0.22793688 0.76697751 0.6057487  0.76594705 0.37030446] 
 f1_avg: 0.694812416235452


Validation Epoch: 42 accuracy: 0.69 
 precision: [0.52380952 0.6614816  0.66666667 0.81904762 1.        ] 
 recall: [0.03594771 0.91793118 0.47558874 0.63021421 0.0431433 ] 
 f1: [0.06727829 0.7688865  0.55514583 0.71232877 0.08271787] 
 f1_avg: 0.645105597856046

--- 160.80756449699402 seconds ---

Train Epoch: 43 accuracy: 0.69 
 precision: [0.17483108 0.82971536 0.5869647  0.73451379 0.32395446] 
 recall: [0.31846154 0.71222169 0.61446732 0.80740268 0.45947205] 
 f1: [0.2257361  0.76649209 0.60040122 0.76923545 0.37999229] 
 f1_avg: 0.6947895926497465


Validation Epoch: 43 accuracy: 0.69 
 precision: [0.5        0.66677053 0.64100719 0.83875969 1.        ] 
 recall: [0.03594771 0.91472537 0.51177484 0.60992108 0.0431433 ] 
 f1: [0.06707317 0.77131015 0.56914724 0.70626632 0.08271787] 
 f1_avg: 0.6478271124754613

--- 164.35457062721252 seconds ---

Train Epoch: 44 accuracy: 0.69 
 precision: [0.16254417 0.83116733 0.59320378 0.73470103 0.31634486] 
 recall: [0.28307692 0.72568648 0.61469232 0.80216975 0.43757764] 
 f1: [0.20650954 0.7748536  0.60375691 0.76695445 0.36721397] 
 f1_avg: 0.6980407597024775


Validation Epoch: 44 accuracy: 0.69 
 precision: [0.55       0.65553047 0.67020408 0.85934959 0.96551724] 
 recall: [0.03594771 0.93096816 0.47156806 0.59582864 0.0431433 ] 
 f1: [0.06748466 0.76933946 0.55360755 0.70372836 0.08259587] 
 f1_avg: 0.6433751452879048

--- 167.88525986671448 seconds ---

Train Epoch: 45 accuracy: 0.69 
 precision: [0.17155172 0.83197919 0.59156047 0.73860715 0.33579713] 
 recall: [0.30615385 0.7177942  0.62926088 0.80676452 0.45854037] 
 f1: [0.2198895  0.7706802  0.60982856 0.77118282 0.38768544] 
 f1_avg: 0.6999014367999413


Validation Epoch: 45 accuracy: 0.69 
 precision: [0.55       0.67614358 0.67423015 0.77735125 0.97222222] 
 recall: [0.03594771 0.90980979 0.47788627 0.6848929  0.05392912] 
 f1: [0.06748466 0.7757631  0.55932773 0.72819898 0.10218978] 
 f1_avg: 0.6538836574794369

--- 171.40670537948608 seconds ---

Train Epoch: 46 accuracy: 0.69 
 precision: [0.14737719 0.83361036 0.59922701 0.73663102 0.33280722] 
 recall: [0.27230769 0.72081999 0.6279109  0.80874282 0.45838509] 
 f1: [0.19124797 0.77312311 0.61323372 0.77100444 0.38563031] 
 f1_avg: 0.7014323266726518


Validation Epoch: 46 accuracy: 0.69 
 precision: [0.52380952 0.66193745 0.68817204 0.80952381 0.96551724] 
 recall: [0.03594771 0.9273349  0.44112579 0.65163472 0.0431433 ] 
 f1: [0.06727829 0.77247641 0.53762688 0.72204872 0.08259587] 
 f1_avg: 0.6454838595703967

--- 174.92003440856934 seconds ---

Train Epoch: 47 accuracy: 0.69 
 precision: [0.18103448 0.83697341 0.59719996 0.73961624 0.32353586] 
 recall: [0.32307692 0.71988704 0.62864214 0.80682833 0.45807453] 
 f1: [0.2320442  0.77402738 0.61251781 0.77176169 0.37922612] 
 f1_avg: 0.7016851534611818


Validation Epoch: 47 accuracy: 0.69 
 precision: [0.52380952 0.66966781 0.66717909 0.82248521 0.96969697] 
 recall: [0.03594771 0.92199188 0.49856404 0.62683202 0.04930663] 
 f1: [0.06727829 0.77582951 0.57067719 0.71145234 0.09384164] 
 f1_avg: 0.6522310734339998

--- 178.4247531890869 seconds ---

Train Epoch: 48 accuracy: 0.70 
 precision: [0.18567104 0.83446451 0.60676298 0.73988642 0.33881268] 
 recall: [0.28307692 0.73163721 0.64495444 0.80650925 0.44487578] 
 f1: [0.2242535  0.77967514 0.62527607 0.77176269 0.38466702] 
 f1_avg: 0.7076802881146218


Validation Epoch: 48 accuracy: 0.70 
 precision: [0.47826087 0.68527182 0.69941634 0.72980349 0.97014925] 
 recall: [0.03594771 0.9078863  0.41298105 0.75366404 0.10015408] 
 f1: [0.0668693  0.78102592 0.51932105 0.74154187 0.18156425] 
 f1_avg: 0.6571593333735324

--- 181.93750882148743 seconds ---

Train Epoch: 49 accuracy: 0.71 
 precision: [0.19043062 0.83590375 0.61858059 0.73697054 0.35957321] 
 recall: [0.30615385 0.73662977 0.64568568 0.8094448  0.47096273] 
 f1: [0.23480826 0.78313318 0.63184258 0.77150938 0.40779832] 
 f1_avg: 0.7127395602379204


Validation Epoch: 49 accuracy: 0.71 
 precision: [0.47826087 0.69779315 0.69522968 0.73131094 0.97368421] 
 recall: [0.03594771 0.90553537 0.45203906 0.76099211 0.11402157] 
 f1: [0.0668693  0.78820575 0.54785938 0.74585635 0.20413793] 
 f1_avg: 0.6686998111533489

New best val score, save model ...
--- 185.60460829734802 seconds ---

Train Epoch: 50 accuracy: 0.71 
 precision: [0.21148587 0.83602619 0.61478097 0.73913806 0.36961424] 
 recall: [0.35692308 0.73715928 0.64337946 0.80663689 0.48354037] 
 f1: [0.26559817 0.78348609 0.62875519 0.77141375 0.41897074] 
 f1_avg: 0.7133577119895446


Validation Epoch: 50 accuracy: 0.71 
 precision: [0.52380952 0.69821606 0.69086251 0.73250136 0.96666667] 
 recall: [0.03594771 0.90339816 0.46467547 0.76099211 0.08936826] 
 f1: [0.06727829 0.78766421 0.55563187 0.74647498 0.16361072] 
 f1_avg: 0.6671606800611577

--- 189.1121804714203 seconds ---

Train Epoch: 51 accuracy: 0.71 
 precision: [0.19201995 0.84144409 0.61567284 0.74089873 0.36658031] 
 recall: [0.35538462 0.73637762 0.64697941 0.80912572 0.48338509] 
 f1: [0.24932542 0.78541269 0.63093801 0.77351066 0.41695687] 
 f1_avg: 0.7149104538155927


Validation Epoch: 51 accuracy: 0.70 
 precision: [0.39285714 0.69327662 0.69639469 0.72935535 0.97402597] 
 recall: [0.03594771 0.90574909 0.42159678 0.77170237 0.1155624 ] 
 f1: [0.06586826 0.78539659 0.52522361 0.74993153 0.20661157] 
 f1_avg: 0.6638878653773165

--- 192.6188247203827 seconds ---

Train Epoch: 52 accuracy: 0.71 
 precision: [0.20922289 0.83793654 0.62554324 0.74322497 0.36779998] 
 recall: [0.37692308 0.74051287 0.64771065 0.80682833 0.48881988] 
 f1: [0.26908292 0.78621816 0.63643398 0.77372173 0.41976132] 
 f1_avg: 0.7169536967968125


Validation Epoch: 52 accuracy: 0.71 
 precision: [0.57894737 0.6970346  0.70135747 0.73415024 0.97435897] 
 recall: [0.03594771 0.90425305 0.44514647 0.77677565 0.11710324] 
 f1: [0.06769231 0.78723602 0.54462403 0.75486168 0.2090784 ] 
 f1_avg: 0.6697123339663275

New best val score, save model ...
--- 196.31535053253174 seconds ---

Train Epoch: 53 accuracy: 0.71 
 precision: [0.20959147 0.8395044  0.61877068 0.74908099 0.36516985] 
 recall: [0.36307692 0.73806702 0.6523231  0.80625399 0.48742236] 
 f1: [0.26576577 0.78552451 0.63510405 0.77661667 0.41753126] 
 f1_avg: 0.716675547297415


Validation Epoch: 53 accuracy: 0.71 
 precision: [0.47826087 0.69819447 0.68995633 0.73917691 0.97260274] 
 recall: [0.03594771 0.90083351 0.45376221 0.77959414 0.10939908] 
 f1: [0.0668693  0.78667413 0.54747055 0.75884774 0.1966759 ] 
 f1_avg: 0.6698322262057499

New best val score, save model ...
--- 200.0061686038971 seconds ---

Train Epoch: 54 accuracy: 0.71 
 precision: [0.21764221 0.84208864 0.62002803 0.74587614 0.36476224] 
 recall: [0.40615385 0.73968078 0.64709191 0.81084876 0.48478261] 
 f1: [0.28341385 0.78756964 0.63327095 0.77700657 0.41629442] 
 f1_avg: 0.7174004404964518


Validation Epoch: 54 accuracy: 0.71 
 precision: [0.57894737 0.69815059 0.70052083 0.74310438 0.97260274] 
 recall: [0.03594771 0.90361188 0.46352671 0.77452086 0.10939908] 
 f1: [0.06769231 0.78770377 0.55789838 0.75848744 0.1966759 ] 
 f1_avg: 0.6723008252734709

New best val score, save model ...
--- 203.70125889778137 seconds ---

Train Epoch: 55 accuracy: 0.71 
 precision: [0.22558923 0.84223224 0.62087293 0.74586679 0.37478271] 
 recall: [0.41230769 0.73940341 0.65052312 0.80612636 0.50217391] 
 f1: [0.29162133 0.78747516 0.63535229 0.77482672 0.42922556] 
 f1_avg: 0.7184941018716433


Validation Epoch: 55 accuracy: 0.70 
 precision: [0.45833333 0.70125733 0.69006381 0.71485944 0.97183099] 
 recall: [0.03594771 0.89399444 0.43480758 0.80270575 0.10631741] 
 f1: [0.06666667 0.78598271 0.53347428 0.75624004 0.19166667] 
 f1_avg: 0.6659474625437254

--- 207.21841597557068 seconds ---

Train Epoch: 56 accuracy: 0.71 
 precision: [0.20963652 0.84213556 0.62335278 0.74797321 0.37258046] 
 recall: [0.38153846 0.73778966 0.64922938 0.81250798 0.50512422] 
 f1: [0.27059465 0.78651685 0.63602799 0.77890615 0.42884451] 
 f1_avg: 0.7187660656050571


Validation Epoch: 56 accuracy: 0.71 
 precision: [0.24444444 0.70574284 0.69177489 0.71835282 0.91139241] 
 recall: [0.03594771 0.89036119 0.45893165 0.79650507 0.11093991] 
 f1: [0.06267806 0.78737479 0.55179558 0.75541299 0.1978022 ] 
 f1_avg: 0.6702872986122377

--- 210.76520133018494 seconds ---

Train Epoch: 57 accuracy: 0.71 
 precision: [0.19128329 0.84428986 0.63214577 0.74695391 0.37077885] 
 recall: [0.36461538 0.74061373 0.65372933 0.8098277  0.50636646] 
 f1: [0.25092642 0.78906082 0.64275641 0.77712116 0.42809321] 
 f1_avg: 0.7209471369658363


Validation Epoch: 57 accuracy: 0.71 
 precision: [0.64705882 0.70814132 0.69237288 0.71914043 0.9673913 ] 
 recall: [0.03594771 0.88672793 0.46927053 0.81116122 0.13713405] 
 f1: [0.06811146 0.78743595 0.55939747 0.76238411 0.24021592] 
 f1_avg: 0.6763072931880786

New best val score, save model ...
--- 214.48509240150452 seconds ---

Train Epoch: 58 accuracy: 0.71 
 precision: [0.26398601 0.84203701 0.62287223 0.74567322 0.37445689] 
 recall: [0.46461538 0.73670541 0.65041062 0.81110402 0.50854037] 
 f1: [0.33667781 0.78585742 0.63634362 0.7770136  0.43131832] 
 f1_avg: 0.7188743966189912


Validation Epoch: 58 accuracy: 0.71 
 precision: [0.52380952 0.7059616  0.68971332 0.74066281 0.98058252] 
 recall: [0.03594771 0.89591793 0.46984492 0.79368658 0.15562404] 
 f1: [0.06727829 0.78967693 0.55893406 0.7662585  0.26861702] 
 f1_avg: 0.6801032638100899

New best val score, save model ...
--- 218.17427492141724 seconds ---

Train Epoch: 59 accuracy: 0.72 
 precision: [0.22972973 0.84276838 0.62770539 0.7512385  0.38584916] 
 recall: [0.41846154 0.74212663 0.6476544  0.81289087 0.52670807] 
 f1: [0.29661941 0.7892521  0.63752388 0.78084963 0.44540739] 
 f1_avg: 0.7223710162326049


Validation Epoch: 59 accuracy: 0.71 
 precision: [0.52380952 0.70419202 0.68712187 0.72496187 0.96590909] 
 recall: [0.03594771 0.89036119 0.45663412 0.80383315 0.13097072] 
 f1: [0.06727829 0.78640868 0.54865424 0.762363   0.23066486] 
 f1_avg: 0.6730280781782751

--- 221.68481612205505 seconds ---

Train Epoch: 60 accuracy: 0.72 
 precision: [0.24812656 0.84575032 0.62779277 0.75410223 0.38766061] 
 recall: [0.45846154 0.74394211 0.65434807 0.81531589 0.52003106] 
 f1: [0.32198811 0.79158618 0.64079542 0.78351527 0.44419391] 
 f1_avg: 0.724879515250343


Validation Epoch: 60 accuracy: 0.71 
 precision: [0.40740741 0.70699016 0.69086251 0.72174354 0.96428571] 
 recall: [0.03594771 0.89057491 0.46467547 0.80270575 0.1248074 ] 
 f1: [0.06606607 0.78823418 0.55563187 0.76007473 0.22100955] 
 f1_avg: 0.6741203187195988

--- 225.2045910358429 seconds ---

Train Epoch: 61 accuracy: 0.72 
 precision: [0.24302135 0.8444837  0.63499155 0.74870466 0.38743272] 
 recall: [0.45538462 0.74732091 0.65552931 0.81148692 0.51413043] 
 f1: [0.31691649 0.79293693 0.64509701 0.77883261 0.44187909] 
 f1_avg: 0.7253591060082837


Validation Epoch: 61 accuracy: 0.71 
 precision: [0.33333333 0.70815597 0.68141593 0.7378692  0.95192308] 
 recall: [0.03594771 0.88886514 0.48650201 0.7886133  0.15254237] 
 f1: [0.06489676 0.78828658 0.56769437 0.76239782 0.26294821] 
 f1_avg: 0.6798288704692991

--- 228.70687103271484 seconds ---

Train Epoch: 62 accuracy: 0.72 
 precision: [0.25064157 0.84799451 0.63635866 0.75586272 0.38925872] 
 recall: [0.45076923 0.74792607 0.65350433 0.81659221 0.53571429] 
 f1: [0.32215503 0.79482301 0.64481754 0.78505476 0.45089198] 
 f1_avg: 0.7282118434976949


Validation Epoch: 62 accuracy: 0.71 
 precision: [0.5        0.70290835 0.68047337 0.72802057 0.95294118] 
 recall: [0.03594771 0.8884377  0.46237794 0.79819617 0.1248074 ] 
 f1: [0.06707317 0.78485793 0.5506156  0.76149503 0.22070845] 
 f1_avg: 0.6717267821496338

--- 232.21611213684082 seconds ---

Train Epoch: 63 accuracy: 0.72 
 precision: [0.24380496 0.84878426 0.63321949 0.75808928 0.39301411] 
 recall: [0.46923077 0.7472957  0.65704804 0.81933631 0.52763975] 
 f1: [0.32088375 0.79481334 0.64491373 0.78752377 0.45048389] 
 f1_avg: 0.7286677425872894


Validation Epoch: 63 accuracy: 0.71 
 precision: [0.52380952 0.71160528 0.68481848 0.6998557  0.95061728] 
 recall: [0.03594771 0.87540073 0.47673751 0.82018038 0.11864407] 
 f1: [0.06727829 0.78505031 0.5621402  0.75525564 0.2109589 ] 
 f1_avg: 0.6721236734188424

--- 235.72595357894897 seconds ---

Train Epoch: 64 accuracy: 0.72 
 precision: [0.24478331 0.84740698 0.63236573 0.75272299 0.39349686] 
 recall: [0.46923077 0.74368996 0.65434807 0.81589024 0.53555901] 
 f1: [0.32172996 0.79216803 0.64316913 0.78303476 0.45366656] 
 f1_avg: 0.7263581466834796


Validation Epoch: 64 accuracy: 0.71 
 precision: [0.61111111 0.71609654 0.68018018 0.72493573 0.92631579] 
 recall: [0.03594771 0.88138491 0.52039058 0.79481398 0.13559322] 
 f1: [0.06790123 0.79018969 0.58965181 0.75826835 0.23655914] 
 f1_avg: 0.6824083589844396

New best val score, save model ...
--- 239.40736865997314 seconds ---

Train Epoch: 65 accuracy: 0.72 
 precision: [0.25106746 0.85324743 0.63525343 0.75518965 0.39490227] 
 recall: [0.45230769 0.7479765  0.66126673 0.81952776 0.53649068] 
 f1: [0.32289951 0.79715149 0.64799912 0.78604438 0.45493449] 
 f1_avg: 0.7305926361263149


Validation Epoch: 65 accuracy: 0.71 
 precision: [0.55       0.71270144 0.68342951 0.70871895 0.95652174] 
 recall: [0.03594771 0.87903398 0.47616312 0.82018038 0.13559322] 
 f1: [0.06748466 0.78717703 0.56127285 0.76038673 0.23751687] 
 f1_avg: 0.6759320339644256

--- 242.9173219203949 seconds ---

Train Epoch: 66 accuracy: 0.72 
 precision: [0.26535627 0.85186461 0.6367431  0.7559851  0.39810912] 
 recall: [0.49846154 0.74820343 0.66070424 0.8161455  0.54270186] 
 f1: [0.34633886 0.79667615 0.64850242 0.78491423 0.4592943 ] 
 f1_avg: 0.7307883966531789


Validation Epoch: 66 accuracy: 0.70 
 precision: [0.45833333 0.69957948 0.67764915 0.72262027 0.93203883] 
 recall: [0.03594771 0.88886514 0.43710511 0.79594138 0.14791988] 
 f1: [0.06666667 0.78294428 0.53142458 0.75751073 0.25531915] 
 f1_avg: 0.6687651798136873

--- 246.42496848106384 seconds ---

Train Epoch: 67 accuracy: 0.72 
 precision: [0.25059856 0.84813762 0.63855092 0.75980072 0.40152302] 
 recall: [0.48307692 0.75213697 0.65536056 0.81754946 0.54037267] 
 f1: [0.33000525 0.79725775 0.64684655 0.78761796 0.46071358] 
 f1_avg: 0.7312188145832508


Validation Epoch: 67 accuracy: 0.71 
 precision: [0.5        0.71563319 0.6822504  0.71442591 0.95098039] 
 recall: [0.03594771 0.87561445 0.49454337 0.82074408 0.14946071] 
 f1: [0.06707317 0.7875817  0.57342657 0.76390346 0.25832224] 
 f1_avg: 0.6805957700910192

--- 249.9330050945282 seconds ---

Train Epoch: 68 accuracy: 0.73 
 precision: [0.26923077 0.85139674 0.64281825 0.76040181 0.40188172] 
 recall: [0.51692308 0.74774957 0.6640792  0.81640077 0.55714286] 
 f1: [0.3540569  0.79621426 0.65327579 0.78740691 0.4669443 ] 
 f1_avg: 0.7327820570327852


Validation Epoch: 68 accuracy: 0.71 
 precision: [0.61111111 0.72601509 0.67063197 0.69448373 0.95959596] 
 recall: [0.03594771 0.86364608 0.51809305 0.83032694 0.14637904] 
 f1: [0.06790123 0.78887262 0.5845755  0.7563543  0.2540107 ] 
 f1_avg: 0.681635609352488

--- 253.4622094631195 seconds ---

Train Epoch: 69 accuracy: 0.73 
 precision: [0.26515152 0.85391709 0.63835914 0.76030913 0.40275893] 
 recall: [0.48461538 0.7494894  0.66087299 0.82246331 0.55310559] 
 f1: [0.34276387 0.79830263 0.649421   0.79016584 0.46610835] 
 f1_avg: 0.7333406916250352


Validation Epoch: 69 accuracy: 0.70 
 precision: [0.52380952 0.70292318 0.67631579 0.71258672 0.94186047] 
 recall: [0.03594771 0.88394956 0.44284894 0.81059752 0.1248074 ] 
 f1: [0.06727829 0.78311086 0.53523082 0.75843882 0.22040816] 
 f1_avg: 0.6672986214796088

--- 257.0211751461029 seconds ---

Train Epoch: 70 accuracy: 0.73 
 precision: [0.28457447 0.85385254 0.64191329 0.75693954 0.40863636] 
 recall: [0.49384615 0.75248998 0.66126673 0.82137843 0.55838509] 
 f1: [0.36107987 0.79997319 0.6514463  0.78784355 0.47191601] 
 f1_avg: 0.7347768453213491


Validation Epoch: 70 accuracy: 0.71 
 precision: [0.55       0.70930233 0.68280872 0.73116615 0.93269231] 
 recall: [0.03594771 0.88651421 0.48592763 0.79875986 0.14946071] 
 f1: [0.06748466 0.78806878 0.56778523 0.76346983 0.25763612] 
 f1_avg: 0.6796523684383623

--- 260.5547287464142 seconds ---

Train Epoch: 71 accuracy: 0.73 
 precision: [0.26721992 0.85598738 0.64637334 0.7631983  0.41375014] 
 recall: [0.49538462 0.75251519 0.66767915 0.82476069 0.56723602] 
 f1: [0.34716981 0.80092319 0.65685352 0.79278616 0.47848582] 
 f1_avg: 0.7378258915026573


Validation Epoch: 71 accuracy: 0.71 
 precision: [0.45833333 0.7174216  0.6728972  0.71428571 0.94117647] 
 recall: [0.03594771 0.88010259 0.49626651 0.81172492 0.12326656] 
 f1: [0.06666667 0.79047893 0.57123967 0.75989446 0.21798365] 
 f1_avg: 0.678008891764091

--- 264.0876727104187 seconds ---

Train Epoch: 72 accuracy: 0.73 
 precision: [0.24467303 0.85659931 0.6368724  0.76450227 0.41275362] 
 recall: [0.51230769 0.74933811 0.67212285 0.81748564 0.55279503] 
 f1: [0.33117852 0.7993867  0.65402299 0.7901067  0.47261865] 
 f1_avg: 0.7353142896476638


Validation Epoch: 72 accuracy: 0.71 
 precision: [0.39285714 0.72484305 0.67859863 0.69524258 0.94545455] 
 recall: [0.03594771 0.86364608 0.51177484 0.83201804 0.16024653] 
 f1: [0.06586826 0.78818022 0.58349705 0.75750577 0.2740448 ] 
 f1_avg: 0.6826527088554606

New best val score, save model ...
--- 267.7853219509125 seconds ---

Train Epoch: 73 accuracy: 0.73 
 precision: [0.29012876 0.85563742 0.64494703 0.75950486 0.41340276] 
 recall: [0.52       0.75546534 0.66087299 0.82227186 0.56708075] 
 f1: [0.37245179 0.80243723 0.65281289 0.78964302 0.47819825] 
 f1_avg: 0.7372465566438581


Validation Epoch: 73 accuracy: 0.71 
 precision: [0.52380952 0.70671438 0.67911715 0.72272727 0.92156863] 
 recall: [0.03594771 0.88630049 0.45950603 0.80665163 0.14483821] 
 f1: [0.06727829 0.78638475 0.54813292 0.76238679 0.25033289] 
 f1_avg: 0.6743164327808259

Early stopping!

Test Epoch: accuracy: 0.76 
 precision: [0.4        0.74461875 0.7433281  0.8101029  0.66666667] 
 recall: [1.         0.94468873 0.52320442 0.8037123  0.05856515] 
 f1: [0.57142857 0.83280628 0.61413748 0.80689495 0.1076716 ] 
 f1_avg: 0.7270584023350702

--- 271.66828298568726 seconds ---

Test Epoch: accuracy: 0.71 
 precision: [0.39285714 0.72484305 0.67859863 0.69524258 0.94545455] 
 recall: [0.03594771 0.86364608 0.51177484 0.83201804 0.16024653] 
 f1: [0.06586826 0.78818022 0.58349705 0.75750577 0.2740448 ] 
 f1_avg: 0.6826527088554606

--- 271.78723073005676 seconds ---
