Requirement already satisfied: scikit-learn in /net/cephfs/data/zifjia/condaenvs/audio_clf/lib/python3.8/site-packages (1.1.2)
Requirement already satisfied: joblib>=1.0.0 in /net/cephfs/data/zifjia/condaenvs/audio_clf/lib/python3.8/site-packages (from scikit-learn) (1.1.0)
Requirement already satisfied: numpy>=1.17.3 in /net/cephfs/data/zifjia/condaenvs/audio_clf/lib/python3.8/site-packages (from scikit-learn) (1.22.3)
Requirement already satisfied: scipy>=1.3.2 in /net/cephfs/data/zifjia/condaenvs/audio_clf/lib/python3.8/site-packages (from scikit-learn) (1.9.1)
Requirement already satisfied: threadpoolctl>=2.0.0 in /net/cephfs/data/zifjia/condaenvs/audio_clf/lib/python3.8/site-packages (from scikit-learn) (3.1.0)
Requirement already satisfied: tensorboard in /net/cephfs/data/zifjia/condaenvs/audio_clf/lib/python3.8/site-packages (2.10.1)
Requirement already satisfied: markdown>=2.6.8 in /net/cephfs/home/zifjia/.local/lib/python3.8/site-packages (from tensorboard) (3.4.1)
Requirement already satisfied: numpy>=1.12.0 in /net/cephfs/data/zifjia/condaenvs/audio_clf/lib/python3.8/site-packages (from tensorboard) (1.22.3)
Requirement already satisfied: requests<3,>=2.21.0 in /net/cephfs/data/zifjia/condaenvs/audio_clf/lib/python3.8/site-packages (from tensorboard) (2.28.1)
Requirement already satisfied: tensorboard-plugin-wit>=1.6.0 in /net/cephfs/home/zifjia/.local/lib/python3.8/site-packages (from tensorboard) (1.8.1)
Requirement already satisfied: grpcio>=1.24.3 in /net/cephfs/home/zifjia/.local/lib/python3.8/site-packages (from tensorboard) (1.47.0)
Requirement already satisfied: google-auth-oauthlib<0.5,>=0.4.1 in /net/cephfs/home/zifjia/.local/lib/python3.8/site-packages (from tensorboard) (0.4.6)
Requirement already satisfied: google-auth<3,>=1.6.3 in /net/cephfs/home/zifjia/.local/lib/python3.8/site-packages (from tensorboard) (2.9.1)
Requirement already satisfied: tensorboard-data-server<0.7.0,>=0.6.0 in /net/cephfs/home/zifjia/.local/lib/python3.8/site-packages (from tensorboard) (0.6.1)
Requirement already satisfied: werkzeug>=1.0.1 in /net/cephfs/data/zifjia/condaenvs/audio_clf/lib/python3.8/site-packages (from tensorboard) (2.1.2)
Requirement already satisfied: setuptools>=41.0.0 in /net/cephfs/data/zifjia/condaenvs/audio_clf/lib/python3.8/site-packages (from tensorboard) (60.8.1)
Requirement already satisfied: protobuf<3.20,>=3.9.2 in /net/cephfs/home/zifjia/.local/lib/python3.8/site-packages (from tensorboard) (3.19.4)
Requirement already satisfied: absl-py>=0.4 in /net/cephfs/home/zifjia/.local/lib/python3.8/site-packages (from tensorboard) (1.2.0)
Requirement already satisfied: wheel>=0.26 in /net/cephfs/data/zifjia/condaenvs/audio_clf/lib/python3.8/site-packages (from tensorboard) (0.37.1)
Requirement already satisfied: six>=1.9.0 in /net/cephfs/data/zifjia/condaenvs/audio_clf/lib/python3.8/site-packages (from google-auth<3,>=1.6.3->tensorboard) (1.16.0)
Requirement already satisfied: rsa<5,>=3.1.4 in /net/cephfs/home/zifjia/.local/lib/python3.8/site-packages (from google-auth<3,>=1.6.3->tensorboard) (4.9)
Requirement already satisfied: cachetools<6.0,>=2.0.0 in /net/cephfs/home/zifjia/.local/lib/python3.8/site-packages (from google-auth<3,>=1.6.3->tensorboard) (5.2.0)
Requirement already satisfied: pyasn1-modules>=0.2.1 in /net/cephfs/home/zifjia/.local/lib/python3.8/site-packages (from google-auth<3,>=1.6.3->tensorboard) (0.2.8)
Requirement already satisfied: requests-oauthlib>=0.7.0 in /net/cephfs/home/zifjia/.local/lib/python3.8/site-packages (from google-auth-oauthlib<0.5,>=0.4.1->tensorboard) (1.3.1)
Requirement already satisfied: importlib-metadata>=4.4 in /net/cephfs/home/zifjia/.local/lib/python3.8/site-packages (from markdown>=2.6.8->tensorboard) (4.12.0)
Requirement already satisfied: charset-normalizer<3,>=2 in /net/cephfs/data/zifjia/condaenvs/audio_clf/lib/python3.8/site-packages (from requests<3,>=2.21.0->tensorboard) (2.1.1)
Requirement already satisfied: certifi>=2017.4.17 in /net/cephfs/data/zifjia/condaenvs/audio_clf/lib/python3.8/site-packages (from requests<3,>=2.21.0->tensorboard) (2022.9.14)
Requirement already satisfied: urllib3<1.27,>=1.21.1 in /net/cephfs/data/zifjia/condaenvs/audio_clf/lib/python3.8/site-packages (from requests<3,>=2.21.0->tensorboard) (1.26.12)
Requirement already satisfied: idna<4,>=2.5 in /net/cephfs/data/zifjia/condaenvs/audio_clf/lib/python3.8/site-packages (from requests<3,>=2.21.0->tensorboard) (3.4)
Requirement already satisfied: zipp>=0.5 in /net/cephfs/data/zifjia/condaenvs/audio_clf/lib/python3.8/site-packages (from importlib-metadata>=4.4->markdown>=2.6.8->tensorboard) (3.8.0)
Requirement already satisfied: pyasn1<0.5.0,>=0.4.6 in /net/cephfs/home/zifjia/.local/lib/python3.8/site-packages (from pyasn1-modules>=0.2.1->google-auth<3,>=1.6.3->tensorboard) (0.4.8)
Requirement already satisfied: oauthlib>=3.0.0 in /net/cephfs/home/zifjia/.local/lib/python3.8/site-packages (from requests-oauthlib>=0.7.0->google-auth-oauthlib<0.5,>=0.4.1->tensorboard) (3.2.0)
Requirement already satisfied: torch in /net/cephfs/data/zifjia/condaenvs/audio_clf/lib/python3.8/site-packages (1.12.1)
Requirement already satisfied: torchvision in /net/cephfs/data/zifjia/condaenvs/audio_clf/lib/python3.8/site-packages (0.13.1)
Requirement already satisfied: torchaudio in /net/cephfs/data/zifjia/condaenvs/audio_clf/lib/python3.8/site-packages (0.12.1)
Requirement already satisfied: typing-extensions in /net/cephfs/data/zifjia/condaenvs/audio_clf/lib/python3.8/site-packages (from torch) (4.0.1)
Requirement already satisfied: requests in /net/cephfs/data/zifjia/condaenvs/audio_clf/lib/python3.8/site-packages (from torchvision) (2.28.1)
Requirement already satisfied: numpy in /net/cephfs/data/zifjia/condaenvs/audio_clf/lib/python3.8/site-packages (from torchvision) (1.22.3)
Requirement already satisfied: pillow!=8.3.*,>=5.3.0 in /net/cephfs/data/zifjia/condaenvs/audio_clf/lib/python3.8/site-packages (from torchvision) (9.0.1)
Requirement already satisfied: charset-normalizer<3,>=2 in /net/cephfs/data/zifjia/condaenvs/audio_clf/lib/python3.8/site-packages (from requests->torchvision) (2.1.1)
Requirement already satisfied: urllib3<1.27,>=1.21.1 in /net/cephfs/data/zifjia/condaenvs/audio_clf/lib/python3.8/site-packages (from requests->torchvision) (1.26.12)
Requirement already satisfied: idna<4,>=2.5 in /net/cephfs/data/zifjia/condaenvs/audio_clf/lib/python3.8/site-packages (from requests->torchvision) (3.4)
Requirement already satisfied: certifi>=2017.4.17 in /net/cephfs/data/zifjia/condaenvs/audio_clf/lib/python3.8/site-packages (from requests->torchvision) (2022.9.14)
{'name': 'chimp_wav2vec2_lstm_batch_8_3407', 'data_path': '/home/cluster/zifjia/data/data_chimp/wav2vec2_split_3407', 'test_only': False, 'balance_weights': True, 'model_type': 'lstm', 'n_embedding': 768, 'd_hid': 1024, 'nlayers': 2, 'batch_size': 8, 'n_epoch': 200, 'lr': 0.0001, 'dropout': 0.4, 'patience': 10, 'step_factor': 0.7, 'seed': 3407}
cuda
Reading data ...
train, dev, test number of files: 188, 23, 24.
dev files:  ['ASO4445 KT MS group ph drum traveling, 2_20 KT whimper, MS single ph drum, KT bark_01', 'ASO0481 Sonso KT single ph, KZ single ph feeding_02', 'ASO2186 ZL single ph start_01', 'ASO0662 Sonso KT single ph feeding_01', 'ASO2904 PS single ph_01', 'ASO1433 Sonso FK single ph, inf voc_01', 'ASO4255 PS display drum, SM single ph B-U_01', 'ASO2877 FK single ph, KO pg-whimper, unk MB group ph_01', 'ASO1581 HW single ph drum, MS NB unk group ph other party, HW single ph B-U, KT HW group ph_01', 'ASO3737 HW single ph drum resting-traveling, 1_15 JN single ph feeding, HW single ph_01', 'ASO3150 KT single ph_01', 'ASO3574 KT single ph feeding_01', 'ASO3484 Thermal Camera HW ZL groom, 3_40 HW single ph, 4_10 FK single ph 50m, 15_30 HW ZL KT group ph, 16_50 HW ZL group ph _01', 'ASO0107 Sonso Thermal Camera KZ single ph 2_50 with reply ZD, KZ SQ group ph 3_34_01', 'ASO1051 Sonso ZD single ph_01', 'ASO3015 PS single ph feeding_01', 'ASO4271 SM PS IN group ph drum, 1_50 SM PS group ph drum, 4_00 PS group ph, 6_40 FK MB PS KT unk group ph, 9_00 SM display drum, 11_00 PS single ph feeding, FK single ph feeding, 17_05 unk single ph_01', 'ASO1487 ZL single ph start, DL unk group ph, PS single ph start_01', 'ASO1231 Sonso KZ single ph drum traveling_01', 'ASO3870 FK scream, MS FK group ph drum, FK MS group fg, FK MS group ph drum, MS FK fg, MS single ph intro, FK MS group ph. FK fg, 3_19 MS FK group ph feeding, 4_24 FK single ph_01', 'ASO1731 ZL single ph, unk fg, JN stranger F MB group ph_01', 'ASO0412 Sonso PS single ph, SQ single ph, PS single ph 1_25_01', 'ASO1265 Sonso HW single ph start_01']
test files:  ['ASO2103 DL single ph, KL KO group ph, DL single ph, KT single ph, KT DL MS group ph_01', 'ASO3799 KT single ph_01', 'ASO3006 ZL single ph drum traveling_01', 'ASO2392 group ph, 1_30 pg to ph, 1_45 NB group ph, 2_30 SM PS MB group ph, MB fg, 3_40 PS unk group ph, SM single ph, unk display to DL, 5_46 DL single ph intro_01', 'ASO0376 Sonso MS single ph _01', 'ASO3995 PS MB group ph feeding, 1_40 PS single ph feeding, MB fg, 2_50 ML MB group ph-bark_01', 'ASO1920 SM single ph feeding_01', 'ASO3819 KT single ph feeding_01', 'ASO3149 KT single ph rest_01', 'ASO1577 HW single ph_01', 'ASO4443 MS single ph display drum to KT, 1_30 MS display (ph), KT single ph_01', 'ASO3080 HW single ph drum traveling, 2_00 HW single ph drum traveling-resting, 5_20 HW single ph drum traveling-resting_03', 'ASO2585 MS single ph drum_01', 'ASO2544 HW single ph drum traveling_01', 'ASO3174 PS single ph feeding_01', 'ASO1624_02 HW single ph_01', 'ASO3856 MS single ph feeding_01', 'ASO3152 KT single ph resting_01', 'ASO3512 PS single ph_01', 'ASO0020 Sonso SQ single ph, PS single ph other party 2_01', 'ASO0480 Sonso KZ KT group ph, KZ KT group ph, KT single ph feeding_01', 'ASO3901 Thermal Camera MS KT HW groom, 4_30 unk pg 30m, 7_00 rest hoo, 10_25 HW single ph groom, 12_50 JS single ph drum 50m, HW single ph B-U, 20_15 KT HW group ph_01', 'ASO2125 KL OK KC JS group ph, FK single ph, OK KL KC KO group ph, PS single ph, PS single ph feeding_02', 'ASO3885 unk KJ group ph-pg, group ph,KC pg-ph start, KC scream, KL pg pant to HW, 1_30 infant single ph, group ph, group ph (video), 4_00 group bark, 4_20 KT single ph feeding, 5_30 unk group ph, KC single ph, 6_40 unk group pg-ph start, ,,,_01']
train_data_all: (80197, 769)
Labels in train_data_all:  {0: 650, 1: 39659, 2: 17778, 3: 15670, 4: 6440}
--- 5.107157468795776 seconds ---
LSTM(
  (lstm): LSTM(768, 1024, num_layers=2, dropout=0.4, bidirectional=True)
  (hidden2tag): Linear(in_features=2048, out_features=5, bias=True)
)
Number of parameters: 39888901

Train Epoch: 1 accuracy: 0.28 
 precision: [0.00791236 0.78866698 0.36737192 0.47613771 0.09134554] 
 recall: [0.02       0.25688999 0.11817977 0.38391832 0.67065217] 
 f1: [0.01133886 0.38754589 0.17883134 0.42508391 0.16079074] 
 f1_avg: 0.32735480452391996


Validation Epoch: 1 accuracy: 0.59 
 precision: [1.         0.61006187 0.66497462 0.54885877 0.5       ] 
 recall: [0.00653595 0.80081214 0.07524411 0.867531   0.00308166] 
 f1: [0.01298701 0.69254228 0.13519092 0.672346   0.00612557] 
 f1_avg: 0.5111448294208085

New best val score, save model ...
--- 20.278521299362183 seconds ---

Train Epoch: 2 accuracy: 0.61 
 precision: [0.44444444 0.66430772 0.444158   0.58672042 0.51851852] 
 recall: [0.03076923 0.80476058 0.27134661 0.78947033 0.01304348] 
 f1: [0.05755396 0.72782003 0.33688327 0.67316011 0.02544683] 
 f1_avg: 0.5686426175162984


Validation Epoch: 2 accuracy: 0.63 
 precision: [0.5        0.73057701 0.49404117 0.5990991  0.35535308] 
 recall: [0.03267974 0.68732635 0.52383688 0.82468997 0.2403698 ] 
 f1: [0.06134969 0.70829204 0.50850293 0.69402277 0.28676471] 
 f1_avg: 0.6159669623529493

New best val score, save model ...
--- 31.8834490776062 seconds ---

Train Epoch: 3 accuracy: 0.64 
 precision: [0.34931507 0.71431477 0.48822302 0.615088   0.46421933] 
 recall: [0.07846154 0.79709524 0.36843289 0.79400128 0.15512422] 
 f1: [0.1281407  0.75343804 0.41995255 0.69318625 0.2325419 ] 
 f1_avg: 0.6208412499726511


Validation Epoch: 3 accuracy: 0.61 
 precision: [0.20192308 0.79357122 0.44871302 0.61674579 0.32288828] 
 recall: [0.06862745 0.57512289 0.67087881 0.80552424 0.3651772 ] 
 f1: [0.10243902 0.6669145  0.53775322 0.6986067  0.34273319] 
 f1_avg: 0.6066050672529418

--- 43.21485185623169 seconds ---

Train Epoch: 4 accuracy: 0.65 
 precision: [0.23931624 0.77356799 0.46051835 0.65787045 0.44181666] 
 recall: [0.12923077 0.71817242 0.51372483 0.77319719 0.32779503] 
 f1: [0.16783217 0.74484165 0.48566871 0.71088685 0.37635942] 
 f1_avg: 0.6464872238498632


Validation Epoch: 4 accuracy: 0.60 
 precision: [0.13688213 0.85250432 0.48303078 0.61325503 0.29636533] 
 recall: [0.11764706 0.52746313 0.70304423 0.82412627 0.48998459] 
 f1: [0.12653779 0.6517032  0.57263158 0.7032227  0.36933798] 
 f1_avg: 0.6090511329492483

--- 54.56784677505493 seconds ---

Train Epoch: 5 accuracy: 0.69 
 precision: [0.14248705 0.80251876 0.5162588  0.69336039 0.54898018] 
 recall: [0.16923077 0.75518798 0.5197435  0.76305041 0.59347826] 
 f1: [0.15471167 0.7781343  0.51799529 0.72653805 0.57036263] 
 f1_avg: 0.6886479240693494


Validation Epoch: 5 accuracy: 0.55 
 precision: [0.1043257  0.9338886  0.45048349 0.59073209 0.26971609] 
 recall: [0.13398693 0.38341526 0.77599081 0.85512965 0.52696456] 
 f1: [0.11731044 0.54363636 0.57004219 0.69875633 0.35680751] 
 f1_avg: 0.5512271080775378

--- 65.90751814842224 seconds ---

Train Epoch: 6 accuracy: 0.72 
 precision: [0.13643411 0.8289185  0.56002419 0.72081368 0.58895248] 
 recall: [0.27076923 0.78115938 0.52086849 0.78015316 0.73509317] 
 f1: [0.1814433  0.80433061 0.53973713 0.74931045 0.65395773] 
 f1_avg: 0.7178013519924645


Validation Epoch: 6 accuracy: 0.50 
 precision: [0.10514019 0.94233687 0.39710884 0.57878788 0.26801619] 
 recall: [0.14705882 0.26544133 0.80470994 0.86133033 0.51001541] 
 f1: [0.1226158  0.4142071  0.53178971 0.69234255 0.35138004] 
 f1_avg: 0.4763037151049834

--- 77.3066258430481 seconds ---

Train Epoch: 7 accuracy: 0.74 
 precision: [0.1589896  0.83164321 0.61237501 0.7430261  0.59978955] 
 recall: [0.32923077 0.81061045 0.51327483 0.79380983 0.79658385] 
 f1: [0.21442886 0.82099215 0.55846262 0.76757891 0.68431935] 
 f1_avg: 0.7364668616315458


Validation Epoch: 7 accuracy: 0.44 
 precision: [0.1119403  0.94148936 0.34836364 0.56372368 0.26311264] 
 recall: [0.14705882 0.15131438 0.82538771 0.86020293 0.47149461] 
 f1: [0.12711864 0.26072546 0.48994204 0.68109797 0.33774834] 
 f1_avg: 0.38684974510819076

--- 88.65656352043152 seconds ---

Train Epoch: 8 accuracy: 0.76 
 precision: [0.164859   0.8710435  0.64150077 0.75001487 0.64096113] 
 recall: [0.35076923 0.80423107 0.62897964 0.80491385 0.79114907] 
 f1: [0.22429907 0.836305   0.63517851 0.77649521 0.70817986] 
 f1_avg: 0.7647839202916942


Validation Epoch: 8 accuracy: 0.44 
 precision: [0.11133603 0.94379085 0.36340404 0.56268222 0.25304136] 
 recall: [0.17973856 0.15430648 0.81677197 0.87034949 0.4807396 ] 
 f1: [0.1375     0.26524614 0.50300672 0.68348827 0.33156217] 
 f1_avg: 0.3920197222087026

--- 99.97499752044678 seconds ---

Train Epoch: 9 accuracy: 0.77 
 precision: [0.25561978 0.9053979  0.63599307 0.75500325 0.64774752] 
 recall: [0.61230769 0.78115938 0.70210372 0.8161455  0.79037267] 
 f1: [0.36067059 0.83870269 0.66741525 0.78438468 0.71198769] 
 f1_avg: 0.7760684672218346


Validation Epoch: 9 accuracy: 0.46 
 precision: [0.10517241 0.94954128 0.37790232 0.56844037 0.2555102 ] 
 recall: [0.19934641 0.17696089 0.81332567 0.87316798 0.48228043] 
 f1: [0.13769752 0.29832463 0.51603499 0.68859747 0.33404482] 
 f1_avg: 0.4125893836860489

--- 111.33590602874756 seconds ---

Train Epoch: 10 accuracy: 0.78 
 precision: [0.28938272 0.91122264 0.66833053 0.76851351 0.65197452] 
 recall: [0.90153846 0.81033309 0.69287884 0.81525207 0.7947205 ] 
 f1: [0.43813084 0.85782161 0.68038333 0.79119314 0.71630511] 
 f1_avg: 0.7907027520882739


Validation Epoch: 10 accuracy: 0.46 
 precision: [0.11509434 0.9536935  0.38329706 0.58042745 0.24981738] 
 recall: [0.19934641 0.18486856 0.809305   0.87260428 0.52696456] 
 f1: [0.14593301 0.30970283 0.52021414 0.69714028 0.33894945] 
 f1_avg: 0.42148354086779166

--- 122.707927942276 seconds ---

Train Epoch: 11 accuracy: 0.79 
 precision: [0.29196729 0.91687408 0.68697631 0.76519779 0.66700508] 
 recall: [0.93384615 0.81739328 0.6963663  0.82335673 0.81614907] 
 f1: [0.44485159 0.86428048 0.69163943 0.79321263 0.73407821] 
 f1_avg: 0.7982683187547619


Validation Epoch: 11 accuracy: 0.47 
 precision: [0.13785558 0.95715778 0.38285252 0.60385523 0.24595687] 
 recall: [0.20588235 0.19576833 0.81562321 0.86527621 0.5624037 ] 
 f1: [0.16513761 0.32505323 0.52110092 0.71130677 0.34224098] 
 f1_avg: 0.43312552867734294

--- 134.03048086166382 seconds ---

Train Epoch: 12 accuracy: 0.80 
 precision: [0.32076474 0.92582599 0.69634863 0.75529384 0.68814132] 
 recall: [0.92923077 0.81325802 0.72623467 0.83082323 0.82267081] 
 f1: [0.47690486 0.86589884 0.71097773 0.79126022 0.74941651] 
 f1_avg: 0.8044655309485622


Validation Epoch: 12 accuracy: 0.48 
 precision: [0.15571776 0.9587242  0.39174972 0.6227422  0.23460591] 
 recall: [0.20915033 0.21842274 0.81275129 0.85512965 0.58705701] 
 f1: [0.17852162 0.35578764 0.52867551 0.72066508 0.33523977] 
 f1_avg: 0.4520507727165902

--- 145.37217807769775 seconds ---

Train Epoch: 13 accuracy: 0.81 
 precision: [0.34509112 0.91652513 0.71323281 0.758734   0.71170084] 
 recall: [0.90307692 0.83000076 0.71307234 0.83988513 0.82453416] 
 f1: [0.49936197 0.8711197  0.71315257 0.79724982 0.76397381] 
 f1_avg: 0.8100507959282627


Validation Epoch: 13 accuracy: 0.48 
 precision: [0.15167095 0.95746692 0.40102099 0.63837953 0.22282906] 
 recall: [0.19281046 0.21649925 0.81217691 0.84385569 0.62865948] 
 f1: [0.16978417 0.35314624 0.53692804 0.72687546 0.32903226] 
 f1_avg: 0.45274193311669725

--- 156.75644659996033 seconds ---

Train Epoch: 14 accuracy: 0.81 
 precision: [0.44420131 0.92507493 0.72157086 0.76425966 0.68569991] 
 recall: [0.93692308 0.84056582 0.71312859 0.84224633 0.84658385] 
 f1: [0.60267194 0.88079794 0.71732488 0.80136009 0.75769578] 
 f1_avg: 0.8168981067044812


Validation Epoch: 14 accuracy: 0.45 
 precision: [0.12765957 0.98069498 0.41162301 0.6334728  0.20780488] 
 recall: [0.25490196 0.16285531 0.78518093 0.85343856 0.65639445] 
 f1: [0.17011996 0.27932551 0.54010273 0.7271854  0.31567247] 
 f1_avg: 0.4147161394997136

--- 168.14052891731262 seconds ---

Train Epoch: 15 accuracy: 0.78 
 precision: [0.2278481  0.94249819 0.69067892 0.75369805 0.56870229] 
 recall: [0.96923077 0.78690839 0.69355383 0.81940013 0.83291925] 
 f1: [0.36896047 0.85770431 0.69211339 0.78517703 0.67590726] 
 f1_avg: 0.7882648725240582


Validation Epoch: 15 accuracy: 0.49 
 precision: [0.1656051  0.95053957 0.39235358 0.65982143 0.22506964] 
 recall: [0.16993464 0.22590297 0.83113153 0.83314543 0.62249615] 
 f1: [0.16774194 0.36504921 0.53306318 0.73642252 0.33060556] 
 f1_avg: 0.4599883992794831

--- 179.5406231880188 seconds ---

Train Epoch: 16 accuracy: 0.80 
 precision: [0.41142857 0.93286556 0.73265993 0.70738328 0.65074074] 
 recall: [0.77538462 0.81461963 0.73439082 0.83152521 0.81847826] 
 f1: [0.5376     0.86974196 0.73352436 0.76444705 0.72503439] 
 f1_avg: 0.8046590167753537


Validation Epoch: 16 accuracy: 0.50 
 precision: [0.13296903 0.95454545 0.4102194  0.67678161 0.23560831] 
 recall: [0.23856209 0.26031203 0.81619759 0.82976325 0.61171032] 
 f1: [0.17076023 0.40906801 0.54601345 0.74550519 0.34018852] 
 f1_avg: 0.4875068118717869

--- 190.932030916214 seconds ---

Train Epoch: 17 accuracy: 0.81 
 precision: [0.33742659 0.94728307 0.67915191 0.79607156 0.68629962] 
 recall: [0.97230769 0.81013137 0.78737766 0.81212508 0.83229814] 
 f1: [0.50099088 0.87335544 0.72927141 0.8040182  0.7522807 ] 
 f1_avg: 0.8151263444573915


Validation Epoch: 17 accuracy: 0.52 
 precision: [0.15738499 0.94821554 0.43181112 0.65914025 0.22689076] 
 recall: [0.2124183  0.28959179 0.79839173 0.85569335 0.62403698] 
 f1: [0.18080668 0.44368042 0.56048387 0.74466519 0.33278554] 
 f1_avg: 0.5076099916370139

--- 202.27378964424133 seconds ---

Train Epoch: 18 accuracy: 0.83 
 precision: [0.40566645 0.93942297 0.71670488 0.81400745 0.72965845] 
 recall: [0.96923077 0.84071711 0.77370908 0.85073389 0.85916149] 
 f1: [0.57194734 0.8873335  0.74411685 0.83196555 0.78913214] 
 f1_avg: 0.8343247960762648


Validation Epoch: 18 accuracy: 0.52 
 precision: [0.16580311 0.94896552 0.44200127 0.66245094 0.22104145] 
 recall: [0.20915033 0.29407993 0.79666858 0.85625705 0.64098613] 
 f1: [0.1849711  0.44901289 0.56855913 0.74698795 0.32872382] 
 f1_avg: 0.512175352706018

--- 213.62754106521606 seconds ---

Train Epoch: 19 accuracy: 0.84 
 precision: [0.48803089 0.9407463  0.74986229 0.79687044 0.73945409] 
 recall: [0.97230769 0.85309766 0.76572168 0.87096362 0.87919255] 
 f1: [0.64987147 0.89478069 0.75770901 0.83227124 0.80329148] 
 f1_avg: 0.8428490094870574


Validation Epoch: 19 accuracy: 0.53 
 precision: [0.17357513 0.94868421 0.44152139 0.67580935 0.22693133] 
 recall: [0.21895425 0.30818551 0.80011488 0.84723788 0.65177196] 
 f1: [0.19364162 0.46523633 0.56903595 0.75187594 0.33664942] 
 f1_avg: 0.5223631096822345

--- 225.00192737579346 seconds ---

Train Epoch: 20 accuracy: 0.85 
 precision: [0.48429119 0.94075803 0.76829818 0.80072697 0.7394357 ] 
 recall: [0.97230769 0.86368794 0.76639667 0.87160179 0.88307453] 
 f1: [0.64654731 0.90057711 0.76734625 0.83466251 0.80489703] 
 f1_avg: 0.8484210548591795


Validation Epoch: 20 accuracy: 0.52 
 precision: [0.18206522 0.94966443 0.44301766 0.6826484  0.21752266] 
 recall: [0.21895425 0.30241505 0.7926479  0.8427283  0.66563945] 
 f1: [0.19881306 0.45874534 0.56836903 0.7542886  0.32789374] 
 f1_avg: 0.5189362471094878

--- 236.313143491745 seconds ---

Train Epoch: 21 accuracy: 0.86 
 precision: [0.51839738 0.94753264 0.77941752 0.81489829 0.75139846] 
 recall: [0.97538462 0.87294183 0.78428395 0.87683472 0.89689441] 
 f1: [0.67698879 0.90870912 0.78184316 0.84473272 0.81772492] 
 f1_avg: 0.8589006512490834


Validation Epoch: 21 accuracy: 0.52 
 precision: [0.18356164 0.94873502 0.44444444 0.68657407 0.21762948] 
 recall: [0.21895425 0.30455225 0.79494543 0.83596392 0.67334361] 
 f1: [0.19970194 0.46109044 0.57013388 0.75394001 0.32894242] 
 f1_avg: 0.5205079516993188

--- 247.66388869285583 seconds ---

Train Epoch: 22 accuracy: 0.86 
 precision: [0.51957586 0.95088725 0.78707203 0.82155023 0.76011029] 
 recall: [0.98       0.87826219 0.79654629 0.87728143 0.89891304] 
 f1: [0.67910448 0.91313295 0.79178082 0.84850168 0.82370518] 
 f1_avg: 0.8645251060937404


Validation Epoch: 22 accuracy: 0.53 
 precision: [0.19642857 0.94400527 0.45239659 0.69324578 0.21256495] 
 recall: [0.21568627 0.30626202 0.79149914 0.83314543 0.69337442] 
 f1: [0.20560748 0.46248185 0.57572592 0.75678443 0.32537961] 
 f1_avg: 0.522780001394094

--- 259.05101346969604 seconds ---

Train Epoch: 23 accuracy: 0.87 
 precision: [0.57622505 0.95188154 0.79565702 0.82980251 0.77034121] 
 recall: [0.97692308 0.88338082 0.80380245 0.88487556 0.91149068] 
 f1: [0.72488584 0.91635279 0.79970899 0.8564546  0.83499289] 
 f1_avg: 0.8707063296688554


Validation Epoch: 23 accuracy: 0.53 
 precision: [0.19533528 0.94152431 0.45475638 0.70171265 0.21154734] 
 recall: [0.21895425 0.30626202 0.78805284 0.83145434 0.70570108] 
 f1: [0.20647149 0.46218352 0.5767129  0.76109391 0.32551528] 
 f1_avg: 0.5236893807396737

--- 270.3615400791168 seconds ---

Train Epoch: 24 accuracy: 0.87 
 precision: [0.58981481 0.9548864  0.80696362 0.83850409 0.76810649] 
 recall: [0.98       0.88915505 0.8121836  0.88998086 0.91397516] 
 f1: [0.73641618 0.92084922 0.80956519 0.86347595 0.83471602] 
 f1_avg: 0.8765579626544788


Validation Epoch: 24 accuracy: 0.53 
 precision: [0.20489297 0.93701799 0.4589502  0.70607946 0.21315193] 
 recall: [0.21895425 0.31160504 0.78345778 0.83145434 0.72419106] 
 f1: [0.21169036 0.46768244 0.57882453 0.76365519 0.3293623 ] 
 f1_avg: 0.5278475593227068

--- 281.76425290107727 seconds ---

Train Epoch: 25 accuracy: 0.87 
 precision: [0.57232143 0.95557907 0.80939056 0.83957867 0.7519459 ] 
 recall: [0.98615385 0.88794473 0.81353358 0.88506701 0.91506211] 
 f1: [0.72429379 0.92052123 0.81145678 0.86172295 0.82552357] 
 f1_avg: 0.8756361412673048


Validation Epoch: 25 accuracy: 0.53 
 precision: [0.20807453 0.93366708 0.46559397 0.71414634 0.20903454] 
 recall: [0.21895425 0.31887155 0.78116025 0.82525366 0.72727273] 
 f1: [0.2133758  0.47538633 0.58344058 0.76569038 0.3247334 ] 
 f1_avg: 0.5327885450213786

--- 293.0969648361206 seconds ---

Train Epoch: 26 accuracy: 0.87 
 precision: [0.58899083 0.9502332  0.81262638 0.84092978 0.75753265] 
 recall: [0.98769231 0.88875161 0.81381483 0.8842374  0.90962733] 
 f1: [0.73793103 0.91846467 0.81322017 0.86204    0.82664221] 
 f1_avg: 0.8752723436989479


Validation Epoch: 26 accuracy: 0.52 
 precision: [0.21451104 0.93051169 0.47912886 0.72058087 0.19863837] 
 recall: [0.22222222 0.31481086 0.75818495 0.81116122 0.7642527 ] 
 f1: [0.21829856 0.47045672 0.58718861 0.76319279 0.31532104] 
 f1_avg: 0.5299933435176594

--- 304.46895003318787 seconds ---

Train Epoch: 27 accuracy: 0.85 
 precision: [0.55926251 0.93292978 0.78789426 0.82492104 0.72772094] 
 recall: [0.98       0.87437908 0.78124648 0.85003191 0.91677019] 
 f1: [0.71212968 0.90270601 0.78455629 0.83728824 0.8113791 ] 
 f1_avg: 0.8548540691414316


Validation Epoch: 27 accuracy: 0.52 
 precision: [0.21345029 0.94003997 0.47288732 0.70970874 0.20074813] 
 recall: [0.23856209 0.30156016 0.77139575 0.82412627 0.74422188] 
 f1: [0.22530864 0.4566343  0.58633486 0.76264997 0.31620295] 
 f1_avg: 0.5229535592060854

--- 315.84883999824524 seconds ---

Train Epoch: 28 accuracy: 0.85 
 precision: [0.55112652 0.9239599  0.78508232 0.85160147 0.67237711] 
 recall: [0.97846154 0.88085933 0.75368433 0.82801532 0.93245342] 
 f1: [0.70509978 0.90189498 0.76906299 0.83964279 0.78134149] 
 f1_avg: 0.8490094550344244


Validation Epoch: 28 accuracy: 0.51 
 precision: [0.21212121 0.9562548  0.4489063  0.67330677 0.20731143] 
 recall: [0.25163399 0.26629622 0.78977599 0.85738444 0.69029276] 
 f1: [0.23019432 0.41658308 0.57243963 0.75427721 0.31886121] 
 f1_avg: 0.49855479380929885

--- 327.15479731559753 seconds ---

Train Epoch: 29 accuracy: 0.85 
 precision: [0.40754717 0.92964019 0.77880721 0.82436757 0.78495969] 
 recall: [0.99692308 0.86320886 0.78962763 0.87134652 0.87686335] 
 f1: [0.57857143 0.89519377 0.7841801  0.84720628 0.82837025] 
 f1_avg: 0.8532755784482661


Validation Epoch: 29 accuracy: 0.50 
 precision: [0.23297491 0.96293176 0.45323981 0.66608315 0.19425957] 
 recall: [0.2124183  0.24428297 0.77943711 0.85794814 0.71956857] 
 f1: [0.22222222 0.38970338 0.57317846 0.74993841 0.30592859] 
 f1_avg: 0.4829231811102141

--- 338.5337619781494 seconds ---

Train Epoch: 30 accuracy: 0.86 
 precision: [0.62996032 0.94563156 0.76955787 0.81933857 0.79261025] 
 recall: [0.97692308 0.85476184 0.79401507 0.91225271 0.92934783] 
 f1: [0.76598311 0.89790351 0.78159519 0.86330284 0.85555   ] 
 f1_avg: 0.8608893215251472


Validation Epoch: 30 accuracy: 0.49 
 precision: [0.22570533 0.97082228 0.44744549 0.68082192 0.19417077] 
 recall: [0.23529412 0.23466553 0.78977599 0.84047351 0.72881356] 
 f1: [0.2304     0.37796902 0.57125052 0.75227043 0.30664506] 
 f1_avg: 0.47733161933366053

--- 349.9300892353058 seconds ---

Train Epoch: 31 accuracy: 0.86 
 precision: [0.50471698 0.96349598 0.77077211 0.82841295 0.73167762] 
 recall: [0.98769231 0.8558713  0.81139611 0.88640715 0.93322981] 
 f1: [0.66805411 0.90650037 0.79056257 0.85642939 0.82025386] 
 f1_avg: 0.8621574154378164


Validation Epoch: 31 accuracy: 0.51 
 precision: [0.23859649 0.95833333 0.43358548 0.69107981 0.20769587] 
 recall: [0.22222222 0.26052575 0.82309018 0.82976325 0.69029276] 
 f1: [0.23011844 0.40967905 0.56797463 0.75409836 0.31931575] 
 f1_avg: 0.4941692807145569

--- 361.29926466941833 seconds ---

Train Epoch: 32 accuracy: 0.86 
 precision: [0.61354962 0.97516917 0.75843802 0.84797443 0.69040929] 
 recall: [0.98923077 0.85756071 0.84559568 0.88028079 0.87748447] 
 f1: [0.7573616  0.9125914  0.79964893 0.86382566 0.77278632] 
 f1_avg: 0.8655410796997085


Validation Epoch: 32 accuracy: 0.55 
 precision: [0.21959459 0.93793103 0.44691513 0.69545032 0.2400906 ] 
 recall: [0.2124183  0.34879248 0.81964388 0.84441939 0.65331279] 
 f1: [0.21594684 0.50849042 0.57843535 0.76272912 0.35113872] 
 f1_avg: 0.5501511462167669

--- 372.719610452652 seconds ---

Train Epoch: 33 accuracy: 0.89 
 precision: [0.5998143  0.96062401 0.80472716 0.87224916 0.78004402] 
 recall: [0.99384615 0.90365365 0.85605805 0.89540523 0.82546584] 
 f1: [0.74811812 0.93126835 0.82959935 0.88367553 0.80211241] 
 f1_avg: 0.8875751580153435


Validation Epoch: 33 accuracy: 0.55 
 precision: [0.22727273 0.9372434  0.47455247 0.69995355 0.21753247] 
 recall: [0.2124183  0.34152597 0.77656519 0.84949267 0.72265023] 
 f1: [0.21959459 0.50062657 0.58910675 0.767507   0.33440285] 
 f1_avg: 0.548021355617442

--- 384.0874116420746 seconds ---

Train Epoch: 34 accuracy: 0.90 
 precision: [0.68602151 0.96027684 0.83727614 0.87317429 0.83560865] 
 recall: [0.98153846 0.91310926 0.85206435 0.91563497 0.91242236] 
 f1: [0.80759494 0.93609926 0.84460552 0.89390069 0.87232779] 
 f1_avg: 0.9014091441707189


Validation Epoch: 34 accuracy: 0.52 
 precision: [0.23509934 0.94285714 0.47608851 0.70473934 0.19878296] 
 recall: [0.23202614 0.29621714 0.76622631 0.83821871 0.7550077 ] 
 f1: [0.23355263 0.45080501 0.58727713 0.76570546 0.31470777] 
 f1_avg: 0.520913766690574

--- 395.4689393043518 seconds ---

Train Epoch: 35 accuracy: 0.90 
 precision: [0.65811088 0.96947533 0.83675157 0.87854996 0.78900388] 
 recall: [0.98615385 0.90574649 0.85369558 0.91403957 0.94704969] 
 f1: [0.78940887 0.93652801 0.84513866 0.89594345 0.86083275] 
 f1_avg: 0.9010680180062072


Validation Epoch: 35 accuracy: 0.52 
 precision: [0.23529412 0.94315789 0.47231955 0.70412518 0.198778  ] 
 recall: [0.23529412 0.28724086 0.77426766 0.83709132 0.75192604] 
 f1: [0.23529412 0.44036697 0.5867247  0.76487252 0.31443299] 
 f1_avg: 0.5153476479666405

--- 406.82302474975586 seconds ---

Train Epoch: 36 accuracy: 0.91 
 precision: [0.69719828 0.97301819 0.84484275 0.88315751 0.79883344] 
 recall: [0.99538462 0.9093018  0.8643267  0.9188896  0.95698758] 
 f1: [0.82002535 0.94008159 0.85447367 0.90066929 0.87078771] 
 f1_avg: 0.9068656682278544


Validation Epoch: 36 accuracy: 0.52 
 precision: [0.23758865 0.94512195 0.45771144 0.70473934 0.20697264] 
 recall: [0.21895425 0.29814063 0.7926479  0.83821871 0.72265023] 
 f1: [0.22789116 0.45329001 0.5803196  0.76570546 0.32178388] 
 f1_avg: 0.5211732733523707

--- 418.1898503303528 seconds ---

Train Epoch: 37 accuracy: 0.91 
 precision: [0.7672209  0.97449035 0.85568473 0.86673755 0.8582823 ] 
 recall: [0.99384615 0.91121813 0.88182023 0.93637524 0.93571429] 
 f1: [0.86595174 0.94179274 0.86855592 0.90021166 0.89532724] 
 f1_avg: 0.9130869988242426


Validation Epoch: 37 accuracy: 0.52 
 precision: [0.23489933 0.93945442 0.46362098 0.71589242 0.20570698] 
 recall: [0.22875817 0.30177388 0.78690408 0.82525366 0.74422188] 
 f1: [0.23178808 0.45681009 0.5834753  0.76669285 0.32232232] 
 f1_avg: 0.5239340235159436

--- 429.54480934143066 seconds ---

Train Epoch: 38 accuracy: 0.92 
 precision: [0.68895966 0.97179182 0.86160397 0.89680197 0.88039867] 
 recall: [0.99846154 0.92513679 0.8877264  0.93056796 0.94642857] 
 f1: [0.81532663 0.94789056 0.87447015 0.913373   0.91222031] 
 f1_avg: 0.9209314336098713


Validation Epoch: 38 accuracy: 0.52 
 precision: [0.25468165 0.93818681 0.46552901 0.71901235 0.19789559] 
 recall: [0.22222222 0.29194272 0.78345778 0.82074408 0.75346687] 
 f1: [0.23734729 0.44531377 0.58402912 0.7665175  0.31346154] 
 f1_avg: 0.5176833206266703

--- 440.9134006500244 seconds ---

Train Epoch: 39 accuracy: 0.92 
 precision: [0.77088305 0.97345788 0.86851628 0.90202283 0.8575388 ] 
 recall: [0.99384615 0.92755743 0.89098886 0.92769623 0.96086957] 
 f1: [0.86827957 0.94995352 0.87960906 0.91467942 0.90626831] 
 f1_avg: 0.9232972874440264


Validation Epoch: 39 accuracy: 0.52 
 precision: [0.24567474 0.93880389 0.46286877 0.7173806  0.2006552 ] 
 recall: [0.23202614 0.28852319 0.78403217 0.82130778 0.7550077 ] 
 f1: [0.23865546 0.44139284 0.58208955 0.76583443 0.3170495 ] 
 f1_avg: 0.5154748036944119

--- 452.36300325393677 seconds ---

Train Epoch: 40 accuracy: 0.92 
 precision: [0.72433036 0.97585502 0.86769264 0.90572956 0.86607769] 
 recall: [0.99846154 0.92738092 0.89751378 0.93012125 0.95900621] 
 f1: [0.83958603 0.95100067 0.88235131 0.91776337 0.91017611] 
 f1_avg: 0.9251068535947644


Validation Epoch: 40 accuracy: 0.51 
 precision: [0.272      0.93754436 0.46244926 0.71780957 0.19505385] 
 recall: [0.22222222 0.28232528 0.78518093 0.82018038 0.75346687] 
 f1: [0.24460432 0.43396846 0.58207366 0.765588   0.30988593] 
 f1_avg: 0.5113178154343562

--- 463.73634815216064 seconds ---

Train Epoch: 41 accuracy: 0.93 
 precision: [0.77764423 0.97666454 0.87033218 0.9061707  0.87211917] 
 recall: [0.99538462 0.92763307 0.90195748 0.93433312 0.9636646 ] 
 f1: [0.8731444  0.95151758 0.88586266 0.92003645 0.91560932] 
 f1_avg: 0.927293304565342


Validation Epoch: 41 accuracy: 0.51 
 precision: [0.27027027 0.9350741  0.46573474 0.71724138 0.19521912] 
 recall: [0.22875817 0.28318017 0.78460655 0.82074408 0.7550077 ] 
 f1: [0.24778761 0.43471129 0.58451006 0.76550999 0.31022475] 
 f1_avg: 0.5122767199075037

--- 475.12645387649536 seconds ---

Train Epoch: 42 accuracy: 0.93 
 precision: [0.72191324 0.97784499 0.87252616 0.90827505 0.88086746] 
 recall: [0.99846154 0.92927204 0.90516369 0.93650287 0.95869565] 
 f1: [0.83795997 0.95293996 0.88854532 0.922173   0.91813518] 
 f1_avg: 0.928926517725123


Validation Epoch: 42 accuracy: 0.51 
 precision: [0.28688525 0.93390805 0.46714579 0.71930693 0.19175418] 
 recall: [0.22875817 0.27783714 0.78403217 0.81905299 0.7596302 ] 
 f1: [0.25454545 0.42826552 0.58546    0.76594623 0.30621118] 
 f1_avg: 0.5091868877233441

--- 486.4721746444702 seconds ---

Train Epoch: 43 accuracy: 0.93 
 precision: [0.77577938 0.97953706 0.87312628 0.91230132 0.88331671] 
 recall: [0.99538462 0.92939812 0.91084486 0.9413529  0.96273292] 
 f1: [0.87196765 0.95380913 0.89158683 0.92659945 0.92131659] 
 f1_avg: 0.9314265893089491


Validation Epoch: 43 accuracy: 0.51 
 precision: [0.28571429 0.93481375 0.46753693 0.72180825 0.19156347] 
 recall: [0.22875817 0.27890575 0.78173464 0.81905299 0.76271186] 
 f1: [0.25408348 0.42962963 0.58512468 0.76736203 0.30621714] 
 f1_avg: 0.5100802061128102

--- 497.8093092441559 seconds ---

Train Epoch: 44 accuracy: 0.93 
 precision: [0.77419355 0.9801036  0.87474388 0.91587567 0.88340426] 
 recall: [0.99692308 0.93033107 0.91253234 0.9421187  0.96708075] 
 f1: [0.87155346 0.95456897 0.89323863 0.92881185 0.92335063] 
 f1_avg: 0.9327607874516805


Validation Epoch: 44 accuracy: 0.51 
 precision: [0.28806584 0.93495354 0.46815835 0.72180825 0.19119351] 
 recall: [0.22875817 0.27954691 0.78116025 0.81905299 0.76271186] 
 f1: [0.25500911 0.43040474 0.58544985 0.76736203 0.30574429] 
 f1_avg: 0.510535908318641

--- 509.18186831474304 seconds ---

Train Epoch: 45 accuracy: 0.93 
 precision: [0.78019324 0.98054516 0.87739422 0.91524586 0.88578752] 
 recall: [0.99384615 0.93154139 0.9121386  0.94550096 0.96583851] 
 f1: [0.87415426 0.95541533 0.89442912 0.93012744 0.9240826 ] 
 f1_avg: 0.9337801509699665


Validation Epoch: 45 accuracy: 0.51 
 precision: [0.28085106 0.93433262 0.46767538 0.72252611 0.19159599] 
 recall: [0.21568627 0.27976063 0.78116025 0.81905299 0.76579353] 
 f1: [0.24399261 0.43059211 0.58507206 0.7677675  0.30650632] 
 f1_avg: 0.5103240578530596

--- 520.566077709198 seconds ---

Train Epoch: 46 accuracy: 0.93 
 precision: [0.77724551 0.98124569 0.87940541 0.91616692 0.89097153] 
 recall: [0.99846154 0.93272649 0.91511981 0.94569241 0.96692547] 
 f1: [0.87407407 0.95637111 0.89690722 0.93069556 0.92739593] 
 f1_avg: 0.9351785690852576


Validation Epoch: 46 accuracy: 0.51 
 precision: [0.28270042 0.93441467 0.46928916 0.72274764 0.19250097] 
 recall: [0.21895425 0.28318017 0.78116025 0.81848929 0.76733436] 
 f1: [0.24677716 0.43463999 0.58633326 0.76764473 0.30778739] 
 f1_avg: 0.512794434467977

--- 531.909049987793 seconds ---

Train Epoch: 47 accuracy: 0.94 
 precision: [0.77446301 0.98190872 0.88112303 0.92007182 0.90068146] 
 recall: [0.99846154 0.93471847 0.91973225 0.94837269 0.96459627] 
 f1: [0.87231183 0.95773265 0.90001376 0.93400792 0.93154383] 
 f1_avg: 0.9375065510228465


Validation Epoch: 47 accuracy: 0.52 
 precision: [0.28205128 0.93411928 0.47173761 0.7238806  0.1929149 ] 
 recall: [0.21568627 0.28788203 0.77656519 0.82018038 0.77195686] 
 f1: [0.24444444 0.44012416 0.58693293 0.76902748 0.30868762] 
 f1_avg: 0.515967231896588

--- 543.310732126236 seconds ---

Train Epoch: 48 accuracy: 0.93 
 precision: [0.78684531 0.9815392  0.87775259 0.90951191 0.90156567] 
 recall: [0.99384615 0.92907032 0.91478232 0.95252074 0.96568323] 
 f1: [0.87831407 0.95458432 0.89588498 0.93051962 0.93252362] 
 f1_avg: 0.9344801080656496


Validation Epoch: 48 accuracy: 0.52 
 precision: [0.27777778 0.93311037 0.47433193 0.72704466 0.19396051] 
 recall: [0.2124183  0.29814063 0.77484204 0.8167982  0.77195686] 
 f1: [0.24074074 0.45189504 0.58844057 0.76931245 0.31002475] 
 f1_avg: 0.5223002464320908

--- 554.616587638855 seconds ---

Train Epoch: 49 accuracy: 0.94 
 precision: [0.78640777 0.97817952 0.88453766 0.9188472  0.90425224] 
 recall: [0.99692308 0.93592879 0.91095736 0.95015954 0.97080745] 
 f1: [0.87924016 0.95658785 0.89755314 0.93424107 0.93634866] 
 f1_avg: 0.9368825048524927


Validation Epoch: 49 accuracy: 0.52 
 precision: [0.27896996 0.93264249 0.47715197 0.72925101 0.19510299] 
 recall: [0.2124183  0.30775807 0.77369328 0.81228861 0.77349769] 
 f1: [0.24118738 0.46279929 0.59027169 0.76853333 0.3116077 ] 
 f1_avg: 0.5282015274728232

--- 565.8334693908691 seconds ---

Train Epoch: 50 accuracy: 0.94 
 precision: [0.78640777 0.97262526 0.88809246 0.92333499 0.89755747] 
 recall: [0.99692308 0.93978668 0.89903251 0.9484365  0.97003106] 
 f1: [0.87924016 0.95592403 0.893529   0.93571743 0.93238806] 
 f1_avg: 0.9356325936131036


Validation Epoch: 50 accuracy: 0.53 
 precision: [0.27542373 0.93125398 0.47550229 0.72949567 0.19669552] 
 recall: [0.2124183  0.31267365 0.77484204 0.80721533 0.77041602] 
 f1: [0.2398524  0.46816    0.58934032 0.76639015 0.31338139] 
 f1_avg: 0.5304314817284527

--- 577.0831317901611 seconds ---

Train Epoch: 51 accuracy: 0.94 
 precision: [0.78166466 0.96703183 0.89594885 0.92927776 0.90622742] 
 recall: [0.99692308 0.94596435 0.89070762 0.94754308 0.97391304] 
 f1: [0.87626775 0.95638208 0.89332055 0.93832154 0.93885188] 
 f1_avg: 0.9368166935260511


Validation Epoch: 51 accuracy: 0.52 
 precision: [0.27777778 0.92994052 0.47221251 0.72727273 0.19401244] 
 recall: [0.2124183  0.30070528 0.77599081 0.80721533 0.76887519] 
 f1: [0.24074074 0.45445736 0.58713603 0.76516164 0.30984166] 
 f1_avg: 0.5225445927874927

--- 588.3099365234375 seconds ---

Train Epoch: 52 accuracy: 0.94 
 precision: [0.78571429 0.96648763 0.89963141 0.93266268 0.90722543] 
 recall: [0.99846154 0.94825891 0.8923951  0.94664965 0.97484472] 
 f1: [0.87940379 0.9572865  0.89599864 0.93960412 0.93982036] 
 f1_avg: 0.9382114187408872


Validation Epoch: 52 accuracy: 0.51 
 precision: [0.27826087 0.92772759 0.46885813 0.72534143 0.19096824] 
 recall: [0.20915033 0.28531738 0.77828834 0.80834273 0.76887519] 
 f1: [0.23880597 0.43641713 0.58518678 0.76459611 0.30594727] 
 f1_avg: 0.5124968678148938

--- 599.5302813053131 seconds ---

Train Epoch: 53 accuracy: 0.94 
 precision: [0.79802956 0.96841102 0.89869355 0.93252921 0.91026384] 
 recall: [0.99692308 0.94770418 0.89768253 0.94728781 0.975     ] 
 f1: [0.88645691 0.95794571 0.89818775 0.93985058 0.94152047] 
 f1_avg: 0.9392645384634566


Validation Epoch: 53 accuracy: 0.50 
 precision: [0.27705628 0.92820133 0.46593255 0.72375691 0.18689139] 
 recall: [0.20915033 0.26800598 0.77771396 0.81228861 0.76887519] 
 f1: [0.23836127 0.4159204  0.58274155 0.76547145 0.30069298] 
 f1_avg: 0.5013312085025877

Early stopping!

Test Epoch: accuracy: 0.64 
 precision: [0.19230769 0.72917681 0.45004946 0.70130399 0.20289855] 
 recall: [1.         0.69289516 0.50276243 0.79860789 0.10248902] 
 f1: [0.32258065 0.71057316 0.47494781 0.74679974 0.13618677] 
 f1_avg: 0.627646392292061

--- 611.7800686359406 seconds ---

Test Epoch: accuracy: 0.63 
 precision: [0.5        0.73057701 0.49404117 0.5990991  0.35535308] 
 recall: [0.03267974 0.68732635 0.52383688 0.82468997 0.2403698 ] 
 f1: [0.06134969 0.70829204 0.50850293 0.69402277 0.28676471] 
 f1_avg: 0.6159669623529493

--- 612.2470414638519 seconds ---
