Requirement already satisfied: scikit-learn in /net/cephfs/data/zifjia/condaenvs/audio_clf/lib/python3.8/site-packages (1.1.2)
Requirement already satisfied: numpy>=1.17.3 in /net/cephfs/data/zifjia/condaenvs/audio_clf/lib/python3.8/site-packages (from scikit-learn) (1.22.3)
Requirement already satisfied: threadpoolctl>=2.0.0 in /net/cephfs/data/zifjia/condaenvs/audio_clf/lib/python3.8/site-packages (from scikit-learn) (3.1.0)
Requirement already satisfied: scipy>=1.3.2 in /net/cephfs/data/zifjia/condaenvs/audio_clf/lib/python3.8/site-packages (from scikit-learn) (1.9.1)
Requirement already satisfied: joblib>=1.0.0 in /net/cephfs/data/zifjia/condaenvs/audio_clf/lib/python3.8/site-packages (from scikit-learn) (1.1.0)
Requirement already satisfied: tensorboard in /net/cephfs/data/zifjia/condaenvs/audio_clf/lib/python3.8/site-packages (2.10.1)
Requirement already satisfied: tensorboard-data-server<0.7.0,>=0.6.0 in /net/cephfs/home/zifjia/.local/lib/python3.8/site-packages (from tensorboard) (0.6.1)
Requirement already satisfied: wheel>=0.26 in /net/cephfs/data/zifjia/condaenvs/audio_clf/lib/python3.8/site-packages (from tensorboard) (0.37.1)
Requirement already satisfied: markdown>=2.6.8 in /net/cephfs/home/zifjia/.local/lib/python3.8/site-packages (from tensorboard) (3.4.1)
Requirement already satisfied: google-auth-oauthlib<0.5,>=0.4.1 in /net/cephfs/home/zifjia/.local/lib/python3.8/site-packages (from tensorboard) (0.4.6)
Requirement already satisfied: grpcio>=1.24.3 in /net/cephfs/home/zifjia/.local/lib/python3.8/site-packages (from tensorboard) (1.47.0)
Requirement already satisfied: google-auth<3,>=1.6.3 in /net/cephfs/home/zifjia/.local/lib/python3.8/site-packages (from tensorboard) (2.9.1)
Requirement already satisfied: tensorboard-plugin-wit>=1.6.0 in /net/cephfs/home/zifjia/.local/lib/python3.8/site-packages (from tensorboard) (1.8.1)
Requirement already satisfied: protobuf<3.20,>=3.9.2 in /net/cephfs/home/zifjia/.local/lib/python3.8/site-packages (from tensorboard) (3.19.4)
Requirement already satisfied: requests<3,>=2.21.0 in /net/cephfs/data/zifjia/condaenvs/audio_clf/lib/python3.8/site-packages (from tensorboard) (2.28.1)
Requirement already satisfied: setuptools>=41.0.0 in /net/cephfs/data/zifjia/condaenvs/audio_clf/lib/python3.8/site-packages (from tensorboard) (60.8.1)
Requirement already satisfied: numpy>=1.12.0 in /net/cephfs/data/zifjia/condaenvs/audio_clf/lib/python3.8/site-packages (from tensorboard) (1.22.3)
Requirement already satisfied: werkzeug>=1.0.1 in /net/cephfs/data/zifjia/condaenvs/audio_clf/lib/python3.8/site-packages (from tensorboard) (2.1.2)
Requirement already satisfied: absl-py>=0.4 in /net/cephfs/home/zifjia/.local/lib/python3.8/site-packages (from tensorboard) (1.2.0)
Requirement already satisfied: rsa<5,>=3.1.4 in /net/cephfs/home/zifjia/.local/lib/python3.8/site-packages (from google-auth<3,>=1.6.3->tensorboard) (4.9)
Requirement already satisfied: cachetools<6.0,>=2.0.0 in /net/cephfs/home/zifjia/.local/lib/python3.8/site-packages (from google-auth<3,>=1.6.3->tensorboard) (5.2.0)
Requirement already satisfied: six>=1.9.0 in /net/cephfs/data/zifjia/condaenvs/audio_clf/lib/python3.8/site-packages (from google-auth<3,>=1.6.3->tensorboard) (1.16.0)
Requirement already satisfied: pyasn1-modules>=0.2.1 in /net/cephfs/home/zifjia/.local/lib/python3.8/site-packages (from google-auth<3,>=1.6.3->tensorboard) (0.2.8)
Requirement already satisfied: requests-oauthlib>=0.7.0 in /net/cephfs/home/zifjia/.local/lib/python3.8/site-packages (from google-auth-oauthlib<0.5,>=0.4.1->tensorboard) (1.3.1)
Requirement already satisfied: importlib-metadata>=4.4 in /net/cephfs/home/zifjia/.local/lib/python3.8/site-packages (from markdown>=2.6.8->tensorboard) (4.12.0)
Requirement already satisfied: urllib3<1.27,>=1.21.1 in /net/cephfs/data/zifjia/condaenvs/audio_clf/lib/python3.8/site-packages (from requests<3,>=2.21.0->tensorboard) (1.26.12)
Requirement already satisfied: idna<4,>=2.5 in /net/cephfs/data/zifjia/condaenvs/audio_clf/lib/python3.8/site-packages (from requests<3,>=2.21.0->tensorboard) (3.4)
Requirement already satisfied: certifi>=2017.4.17 in /net/cephfs/data/zifjia/condaenvs/audio_clf/lib/python3.8/site-packages (from requests<3,>=2.21.0->tensorboard) (2022.9.14)
Requirement already satisfied: charset-normalizer<3,>=2 in /net/cephfs/data/zifjia/condaenvs/audio_clf/lib/python3.8/site-packages (from requests<3,>=2.21.0->tensorboard) (2.1.1)
Requirement already satisfied: zipp>=0.5 in /net/cephfs/data/zifjia/condaenvs/audio_clf/lib/python3.8/site-packages (from importlib-metadata>=4.4->markdown>=2.6.8->tensorboard) (3.8.0)
Requirement already satisfied: pyasn1<0.5.0,>=0.4.6 in /net/cephfs/home/zifjia/.local/lib/python3.8/site-packages (from pyasn1-modules>=0.2.1->google-auth<3,>=1.6.3->tensorboard) (0.4.8)
Requirement already satisfied: oauthlib>=3.0.0 in /net/cephfs/home/zifjia/.local/lib/python3.8/site-packages (from requests-oauthlib>=0.7.0->google-auth-oauthlib<0.5,>=0.4.1->tensorboard) (3.2.0)
Requirement already satisfied: torch in /net/cephfs/data/zifjia/condaenvs/audio_clf/lib/python3.8/site-packages (1.12.1)
Requirement already satisfied: torchvision in /net/cephfs/data/zifjia/condaenvs/audio_clf/lib/python3.8/site-packages (0.13.1)
Requirement already satisfied: torchaudio in /net/cephfs/data/zifjia/condaenvs/audio_clf/lib/python3.8/site-packages (0.12.1)
Requirement already satisfied: typing-extensions in /net/cephfs/data/zifjia/condaenvs/audio_clf/lib/python3.8/site-packages (from torch) (4.0.1)
Requirement already satisfied: pillow!=8.3.*,>=5.3.0 in /net/cephfs/data/zifjia/condaenvs/audio_clf/lib/python3.8/site-packages (from torchvision) (9.0.1)
Requirement already satisfied: numpy in /net/cephfs/data/zifjia/condaenvs/audio_clf/lib/python3.8/site-packages (from torchvision) (1.22.3)
Requirement already satisfied: requests in /net/cephfs/data/zifjia/condaenvs/audio_clf/lib/python3.8/site-packages (from torchvision) (2.28.1)
Requirement already satisfied: idna<4,>=2.5 in /net/cephfs/data/zifjia/condaenvs/audio_clf/lib/python3.8/site-packages (from requests->torchvision) (3.4)
Requirement already satisfied: charset-normalizer<3,>=2 in /net/cephfs/data/zifjia/condaenvs/audio_clf/lib/python3.8/site-packages (from requests->torchvision) (2.1.1)
Requirement already satisfied: urllib3<1.27,>=1.21.1 in /net/cephfs/data/zifjia/condaenvs/audio_clf/lib/python3.8/site-packages (from requests->torchvision) (1.26.12)
Requirement already satisfied: certifi>=2017.4.17 in /net/cephfs/data/zifjia/condaenvs/audio_clf/lib/python3.8/site-packages (from requests->torchvision) (2022.9.14)
{'name': 'longcall_wav2vec2_lstm_ar_42', 'data_path': '/home/cluster/zifjia/data/data_greatarc_longcall/wav2vec2_split_42', 'test_only': False, 'balance_weights': True, 'model_type': 'lstm', 'model_autoregressive': True, 'n_embedding': 768, 'd_hid': 1024, 'nlayers': 2, 'batch_size': 1, 'n_epoch': 200, 'lr': 0.0005, 'dropout': 0.2, 'patience': 10, 'step_factor': 0.7, 'seed': 42}
cuda
Reading data ...
train, dev, test number of files: 50, 6, 7.
dev files:  ['15T6lcZeke', '2T6lcZeke', '125dat LC Rambo', '75datA LC Kay', '52dat LC Sultan', '137dat LC Fugit']
test files:  ['24dat LC Male', '23datA LC Fugit', '48datA LC Niko', '7T6lcZeke', '2T7lcNico', '28T5lcNiko', '47dat LC Sultan']
train_data_all: (180390, 769)
Labels in train_data_all:  {0: 106395, 1: 0, 2: 30659, 3: 3407, 4: 23440, 5: 14653, 6: 1807, 7: 29}
--- 2.364499807357788 seconds ---
LSTM(
  (lstm): LSTM(776, 1024, num_layers=2, dropout=0.2, bidirectional=True)
  (hidden2tag): Linear(in_features=2048, out_features=8, bias=True)
)
Number of parameters: 39960584

Train Epoch: 1 accuracy: 0.42 
 precision: [0.88409499 0.         0.46170713 0.09030082 0.51163426 0.25263193
 0.0116335  0.        ] 
 recall: [0.38384323 1.         0.38461789 0.47930731 0.55908703 0.51095339
 0.13392363 0.        ] 
 f1: [0.53528456 0.         0.4196516  0.15197059 0.53430913 0.3380975
 0.0214074  0.        ] 
 f1_avg: 0.48701421522654353


Validation Epoch: 1 accuracy: 0.45 
 precision: [0.95881552 0.         0.2260274  0.14786674 0.63457661 0.20707733
 0.0117096  0.00349873 1.        ] 
 recall: [0.45025174 1.         0.08375635 0.78328173 0.68572985 0.42274247
 0.2173913  0.1        0.        ] 
 f1: [0.61275763 0.         0.12222222 0.24877089 0.6591623  0.27798548
 0.02222222 0.00676091 0.        ] 
 f1_avg: 0.5389381926555677

New best val score, save model ...
--- 468.70433354377747 seconds ---

Train Epoch: 2 accuracy: 0.53 
 precision: [9.23190937e-01 0.00000000e+00 5.13013207e-01 1.53696105e-01
 5.47165307e-01 3.72393745e-01 3.04310345e-02 4.95240191e-04] 
 recall: [0.59127779 1.         0.30281483 0.67067802 0.58673208 0.5070634
 0.19535141 0.31034483] 
 f1: [0.72086308 0.         0.38083518 0.25008208 0.56625836 0.42941771
 0.05265906 0.0009889 ] 
 f1_avg: 0.6036078499971465


Validation Epoch: 2 accuracy: 0.47 
 precision: [9.69652231e-01 0.00000000e+00 1.98284080e-01 1.77865613e-01
 5.71297148e-01 1.95157957e-01 6.12557427e-03 7.49625187e-04
 1.00000000e+00] 
 recall: [0.47238872 1.         0.17597293 0.83591331 0.67647059 0.44214047
 0.17391304 0.00909091 0.        ] 
 f1: [0.635284   0.         0.18646347 0.29331885 0.61945137 0.27079066
 0.01183432 0.00138504 0.        ] 
 f1_avg: 0.5551975209293953

New best val score, save model ...
--- 932.0377404689789 seconds ---

Train Epoch: 3 accuracy: 0.54 
 precision: [9.30916210e-01 0.00000000e+00 5.52396166e-01 1.67178556e-01
 5.88364079e-01 3.85550898e-01 3.03894121e-02 8.52878465e-04] 
 recall: [0.57652145 1.         0.3383672  0.70296448 0.61911263 0.50842831
 0.33038185 0.34482759] 
 f1: [0.71206018 0.         0.41966868 0.27011786 0.60334685 0.43854486
 0.05565915 0.00170155] 
 f1_avg: 0.6109852523669375


Validation Epoch: 3 accuracy: 0.40 
 precision: [0.97047203 0.         0.17507205 0.18263889 0.56074766 0.19334148
 0.00330688 0.00722022 1.        ] 
 recall: [0.37297211 1.         0.20558376 0.81424149 0.71895425 0.42341137
 0.07246377 0.12727273 0.        ] 
 f1: [0.53885233 0.         0.18910506 0.29835508 0.6300716  0.26546446
 0.00632511 0.0136652  0.        ] 
 f1_avg: 0.4878669943895845

--- 1394.895066022873 seconds ---

Train Epoch: 4 accuracy: 0.51 
 precision: [0.93473967 0.         0.55828872 0.18473385 0.59687949 0.40586334
 0.05288008 0.00106231] 
 recall: [0.52933878 1.         0.36051404 0.7252715  0.62017918 0.49696308
 0.34089651 0.79310345] 
 f1: [0.67591181 0.         0.43811562 0.29446464 0.60830631 0.446817
 0.09155767 0.00212177] 
 f1_avg: 0.5949358657014628


Validation Epoch: 4 accuracy: 0.57 
 precision: [0.9697205  0.         0.17196057 0.1942446  0.54504688 0.2495818
 0.01913478 0.06228956 1.        ] 
 recall: [0.59889715 1.         0.13282572 0.75232198 0.72821351 0.49899666
 0.33333333 0.33636364 0.        ] 
 f1: [0.74047725 0.         0.14988067 0.30876747 0.62345535 0.33273863
 0.03619197 0.10511364 0.        ] 
 f1_avg: 0.6339456936570549

New best val score, save model ...
--- 1858.0384469032288 seconds ---

Train Epoch: 5 accuracy: 0.57 
 precision: [0.94343358 0.         0.53321043 0.1843638  0.58937295 0.42842871
 0.05254777 0.00176753] 
 recall: [0.63158043 1.         0.33018037 0.72468447 0.62794369 0.52678632
 0.40177089 0.86206897] 
 f1: [0.75663351 0.         0.4078237  0.29394607 0.60804726 0.47254362
 0.0929399  0.00352783] 
 f1_avg: 0.6394579366659631


Validation Epoch: 5 accuracy: 0.39 
 precision: [0.96791685 0.         0.15441176 0.18027211 0.47687456 0.3123575
 0.00201072 0.02844874 1.        ] 
 recall: [0.34236394 1.         0.19543147 0.82043344 0.7412854  0.45819398
 0.04347826 0.48181818 0.        ] 
 f1: [0.50581498 0.         0.1725168  0.29559398 0.5803838  0.37147505
 0.00384369 0.05372529 0.        ] 
 f1_avg: 0.46735179460311826

--- 2321.14448428154 seconds ---

Train Epoch: 6 accuracy: 0.54 
 precision: [0.94788046 0.         0.56243603 0.19171103 0.60378637 0.42157892
 0.05283275 0.00152798] 
 recall: [0.57417172 1.         0.32261326 0.73994717 0.6462884  0.52078073
 0.47426674 0.82758621] 
 f1: [0.71514783 0.         0.41003213 0.30452377 0.62431486 0.46595836
 0.09507433 0.00305033] 
 f1_avg: 0.6171647885551127


Validation Epoch: 6 accuracy: 0.46 
 precision: [0.97399359 0.         0.12121212 0.18353909 0.52271914 0.29495345
 0.01842665 0.02817531 1.        ] 
 recall: [0.43698554 1.         0.22673435 0.69040248 0.79575163 0.40267559
 0.37681159 0.57272727 0.        ] 
 f1: [0.60329895 0.         0.1579723  0.289987   0.63096523 0.34049774
 0.03513514 0.05370844 0.        ] 
 f1_avg: 0.5380864596296167

--- 2783.9417769908905 seconds ---

Train Epoch: 7 accuracy: 0.61 
 precision: [0.94968019 0.         0.56321203 0.19943933 0.61035338 0.46285163
 0.08012786 0.00114196] 
 recall: [0.66146905 1.         0.39828435 0.73084825 0.67201365 0.5569508
 0.41615938 0.65517241] 
 f1: [0.77979623 0.         0.46660298 0.31336522 0.6397011  0.50555986
 0.1343817  0.00227995] 
 f1_avg: 0.6706862503558455


Validation Epoch: 7 accuracy: 0.49 
 precision: [0.96720297 0.         0.15201005 0.22695035 0.68156733 0.35548885
 0.01313102 0.0167364  1.        ] 
 recall: [0.49964037 1.         0.10236887 0.69349845 0.67265795 0.55451505
 0.65217391 0.21818182 0.        ] 
 f1: [0.65890288 0.         0.1223458  0.34198473 0.67708333 0.43323752
 0.02574371 0.03108808 0.        ] 
 f1_avg: 0.5885047652625851

--- 3246.8192739486694 seconds ---

Train Epoch: 8 accuracy: 0.59 
 precision: [0.95046603 0.         0.58391497 0.21771396 0.63326421 0.43246399
 0.05242007 0.00209003] 
 recall: [0.64312233 1.         0.36018787 0.66304667 0.65136519 0.53074456
 0.49086884 0.89655172] 
 f1: [0.76715662 0.         0.44554276 0.32779511 0.64218717 0.47659027
 0.09472448 0.00417034] 
 f1_avg: 0.6574973889379795


Validation Epoch: 8 accuracy: 0.45 
 precision: [0.98092443 0.         0.15658363 0.15833333 0.50404502 0.2318463
 0.00825688 0.0241339  1.        ] 
 recall: [0.42739551 1.         0.11167513 0.82352941 0.78050109 0.47625418
 0.13043478 0.56363636 0.        ] 
 f1: [0.59537991 0.         0.13037037 0.2656016  0.61252404 0.31187035
 0.01553063 0.04628593 0.        ] 
 f1_avg: 0.5257220054675238

--- 3709.7531158924103 seconds ---

Train Epoch: 9 accuracy: 0.60 
 precision: [9.57225673e-01 0.00000000e+00 5.98723187e-01 1.92429259e-01
 5.84361534e-01 4.78600754e-01 8.30670927e-02 9.37811383e-04] 
 recall: [0.65182574 1.         0.38236733 0.75051365 0.67687713 0.58076844
 0.51798561 0.55172414] 
 f1: [0.77554307 0.         0.46668923 0.30631926 0.62722619 0.52475797
 0.143174   0.00187244] 
 f1_avg: 0.668085755606431


Validation Epoch: 9 accuracy: 0.51 
 precision: [0.9693217  0.         0.18654231 0.23304562 0.55567867 0.45658073
 0.02073365 0.00359712 1.        ] 
 recall: [0.55046751 1.         0.23688663 0.58513932 0.5462963  0.45016722
 0.75362319 0.05454545 0.        ] 
 f1: [0.70217646 0.         0.20872158 0.33333333 0.55094754 0.4533513
 0.040357   0.00674916 0.        ] 
 f1_avg: 0.6132769065684517

--- 4172.6536202430725 seconds ---

Train Epoch: 10 accuracy: 0.62 
 precision: [0.95079644 0.         0.54790823 0.21030115 0.66702658 0.41898136
 0.07488878 0.00226586] 
 recall: [0.73157573 1.         0.31781859 0.73583798 0.55345563 0.56309288
 0.67072496 0.72413793] 
 f1: [0.82690336 0.         0.40228722 0.32711378 0.60495698 0.48046352
 0.13473403 0.00451759] 
 f1_avg: 0.681249530654158


Validation Epoch: 10 accuracy: 0.40 
 precision: [0.98835647 0.         0.12961841 0.16479401 0.44198175 0.22301049
 0.00662617 0.05367057 1.        ] 
 recall: [0.35275314 1.         0.18104907 0.81733746 0.73856209 0.48361204
 0.17391304 0.79090909 0.        ] 
 f1: [0.51993639 0.         0.1510766  0.27428571 0.55301794 0.30525649
 0.01276596 0.10051993 0.        ] 
 f1_avg: 0.46740834085760846

--- 4635.343291521072 seconds ---

Train Epoch: 11 accuracy: 0.62 
 precision: [0.95759415 0.         0.58195582 0.21600728 0.61197847 0.43934348
 0.10103392 0.00197256] 
 recall: [0.69403637 1.         0.36860302 0.69709422 0.68395904 0.50419709
 0.61649142 0.79310345] 
 f1: [0.80478674 0.         0.45133592 0.3298153  0.64596974 0.46954145
 0.1736149  0.00393532] 
 f1_avg: 0.6814237568302466


Validation Epoch: 11 accuracy: 0.45 
 precision: [0.96996106 0.         0.20938023 0.13424346 0.66605251 0.37017451
 0.02998126 0.04083826 1.        ] 
 recall: [0.41804523 1.         0.21150592 0.73065015 0.7875817  0.46822742
 0.69565217 0.69090909 0.        ] 
 f1: [0.58427343 0.         0.21043771 0.22681403 0.72173696 0.41346722
 0.05748503 0.07711821 0.        ] 
 f1_avg: 0.5428080232051227

--- 5098.09822678566 seconds ---

Train Epoch: 12 accuracy: 0.57 
 precision: [0.9597901  0.         0.60198774 0.21576763 0.62914362 0.47579554
 0.09112761 0.00114704] 
 recall: [0.59138117 1.         0.38129097 0.73260933 0.66476109 0.55203713
 0.71333702 0.72413793] 
 f1: [0.7318364  0.         0.46687168 0.33335559 0.64646213 0.51108865
 0.16160983 0.00229045] 
 f1_avg: 0.6444228854680966


Validation Epoch: 12 accuracy: 0.57 
 precision: [0.97536946 0.         0.31363636 0.23897436 0.5475793  0.20096225
 0.03800786 0.05166052 1.        ] 
 recall: [0.60129465 1.         0.23350254 0.72136223 0.71459695 0.3632107
 0.84057971 0.50909091 0.        ] 
 f1: [0.7439561  0.         0.26770126 0.35901387 0.62003781 0.25875625
 0.07272727 0.09380235 0.        ] 
 f1_avg: 0.6386681846375429

New best val score, save model ...
--- 5561.282408714294 seconds ---

Train Epoch: 13 accuracy: 0.65 
 precision: [0.95295762 0.         0.62104712 0.22984155 0.65360034 0.46677554
 0.10303429 0.00258465] 
 recall: [0.73074863 1.         0.38690107 0.76636337 0.65443686 0.56568621
 0.6934145  0.68965517] 
 f1: [0.82718998 0.         0.47677807 0.35362633 0.65401833 0.51149301
 0.17941008 0.00514999] 
 f1_avg: 0.7039229562645816


Validation Epoch: 13 accuracy: 0.42 
 precision: [0.98537826 0.         0.10454545 0.18954248 0.40762538 0.50772627
 0.00158103 0.03474903 1.        ] 
 recall: [0.37161352 1.         0.19458545 0.62848297 0.86764706 0.46153846
 0.02898551 0.81818182 0.        ] 
 f1: [0.53969359 0.         0.13601419 0.29124821 0.55466574 0.48353189
 0.0029985  0.06666667 0.        ] 
 f1_avg: 0.49571551503460465

--- 6023.662153959274 seconds ---

Train Epoch: 14 accuracy: 0.56 
 precision: [9.64904769e-01 0.00000000e+00 6.19806625e-01 2.22818095e-01
 6.02621283e-01 4.84442672e-01 1.13931794e-01 7.93087615e-04] 
 recall: [0.57186898 1.         0.42235559 0.7560904  0.65712457 0.58015423
 0.82457111 0.65517241] 
 f1: [0.71812667 0.         0.50237629 0.34420096 0.62869388 0.52799602
 0.20020155 0.00158426] 
 f1_avg: 0.6420270214951084


Validation Epoch: 14 accuracy: 0.56 
 precision: [0.98012538 0.         0.31182796 0.23828514 0.62439261 0.19603894
 0.03780864 0.0562579  1.        ] 
 recall: [0.58722928 1.         0.29441624 0.73993808 0.69989107 0.39063545
 0.71014493 0.80909091 0.        ] 
 f1: [0.73443278 0.         0.30287206 0.36048265 0.65998973 0.26106392
 0.07179487 0.10520095 0.        ] 
 f1_avg: 0.6387175632553775

New best val score, save model ...
--- 6485.80951333046 seconds ---

Train Epoch: 15 accuracy: 0.67 
 precision: [0.95693562 0.         0.65015671 0.23579746 0.65751338 0.47399255
 0.14238623 0.00243059] 
 recall: [0.73036327 1.         0.44655729 0.7845612  0.68135666 0.59080052
 0.86054234 0.89655172] 
 f1: [0.82843725 0.         0.5294584  0.36261277 0.66922271 0.52598961
 0.24434318 0.00484803] 
 f1_avg: 0.7175854701787404


Validation Epoch: 15 accuracy: 0.50 
 precision: [0.94993046 0.         0.34834123 0.22542205 0.52566822 0.30595483
 0.04136091 0.05743001 1.        ] 
 recall: [0.4912491  1.         0.37309645 0.70278638 0.6748366  0.39866221
 0.89855072 0.72727273 0.        ] 
 f1: [0.64759798 0.         0.36029412 0.34135338 0.59098497 0.3462097
 0.07908163 0.10645376 0.        ] 
 f1_avg: 0.5807708317074469

--- 6947.719237565994 seconds ---

Train Epoch: 16 accuracy: 0.61 
 precision: [0.96023387 0.         0.68841799 0.27298166 0.67703888 0.47646573
 0.11912636 0.00120956] 
 recall: [0.61437098 1.         0.49378649 0.77311418 0.74445392 0.59066403
 0.85722191 0.68965517] 
 f1: [0.74931793 0.         0.57508072 0.40349265 0.7091478  0.52745445
 0.20918298 0.00241488] 
 f1_avg: 0.6844007887197727


Validation Epoch: 16 accuracy: 0.68 
 precision: [0.97635135 0.         0.37011885 0.23369565 0.68370607 0.50409836
 0.04748796 0.0637776  1.        ] 
 recall: [0.73907137 1.         0.36886633 0.66563467 0.69934641 0.49364548
 1.         0.70909091 0.        ] 
 f1: [0.84130089 0.         0.36949153 0.34593725 0.6914378  0.49881717
 0.09067017 0.11702926 0.        ] 
 f1_avg: 0.7421463710906074

New best val score, save model ...
--- 7409.818917274475 seconds ---

Train Epoch: 17 accuracy: 0.72 
 precision: [0.96858919 0.         0.72432458 0.26150608 0.73425552 0.52681351
 0.16597346 0.00184957] 
 recall: [0.78195404 1.         0.50631136 0.802172   0.72918089 0.61209309
 0.92750415 0.72413793] 
 f1: [0.86532251 0.         0.59600691 0.39442921 0.73170941 0.5662605
 0.28156237 0.00368971] 
 f1_avg: 0.7630154570965402


Validation Epoch: 17 accuracy: 0.49 
 precision: [0.98474042 0.         0.28243021 0.19358178 0.55613126 0.38953488
 0.03567985 0.02724575 1.        ] 
 recall: [0.47446655 1.         0.43654822 0.57894737 0.70152505 0.40334448
 0.53623188 0.91818182 0.        ] 
 f1: [0.64038399 0.         0.34297109 0.2901474  0.62042389 0.39631942
 0.06690778 0.05292114 0.        ] 
 f1_avg: 0.5804850327821278

--- 7872.17067694664 seconds ---

Train Epoch: 18 accuracy: 0.67 
 precision: [0.97567412 0.         0.69497463 0.29900371 0.74243549 0.53417277
 0.16223297 0.00149562] 
 recall: [0.67064242 1.         0.56293421 0.75755797 0.76834471 0.62246639
 0.89097952 1.        ] 
 f1: [0.79489993 0.         0.6220244  0.42877315 0.75516793 0.57494957
 0.2744864  0.00298677] 
 f1_avg: 0.7302334405558207


Validation Epoch: 18 accuracy: 0.60 
 precision: [0.976902   0.         0.36769231 0.23815968 0.70972644 0.44120505
 0.02742616 0.11016949 1.        ] 
 recall: [0.59825781 1.         0.40439932 0.54489164 0.7630719  0.60735786
 0.94202899 0.82727273 0.        ] 
 f1: [0.74206979 0.         0.38517325 0.33145009 0.73543307 0.51111737
 0.05330053 0.19444444 0.        ] 
 f1_avg: 0.6785901270844218

--- 8335.704613924026 seconds ---

Train Epoch: 19 accuracy: 0.73 
 precision: [0.97009207 0.         0.73153733 0.31043017 0.77513514 0.5623076
 0.1598042  0.00278247] 
 recall: [0.7734386  1.         0.58543984 0.77311418 0.76471843 0.67317273
 0.92141671 0.96551724] 
 f1: [0.86067503 0.         0.650385   0.44298688 0.76989155 0.61276596
 0.27237036 0.00554895] 
 f1_avg: 0.7790807756579924


Validation Epoch: 19 accuracy: 0.55 
 precision: [0.98110701 0.         0.31147541 0.19464145 0.62007874 0.3356974
 0.         0.04471723 1.        ] 
 recall: [0.53120754 1.         0.40186125 0.76470588 0.85784314 0.47491639
 0.         0.92727273 0.        ] 
 f1: [0.68923683 0.         0.350942   0.31030151 0.71983547 0.3933518
 0.         0.08531995 0.        ] 
 f1_avg: 0.6260133232070325

--- 8797.565194129944 seconds ---

Train Epoch: 20 accuracy: 0.60 
 precision: [0.97397606 0.         0.71164413 0.27418374 0.69745608 0.57342351
 0.13554475 0.00144028] 
 recall: [0.56212228 1.         0.53224176 0.79366011 0.76377986 0.62492322
 0.78693968 1.        ] 
 f1: [0.71283671 0.         0.60900558 0.40756651 0.72911279 0.59806675
 0.23125711 0.00287641] 
 f1_avg: 0.6772780301190264


Validation Epoch: 20 accuracy: 0.49 
 precision: [0.94588275 0.         0.38405267 0.27207977 0.71800554 0.63414634
 0.03140704 0.04342791 1.        ] 
 recall: [0.45256933 1.         0.44416244 0.59133127 0.70588235 0.52173913
 0.72463768 0.68181818 0.        ] 
 f1: [0.61221622 0.         0.41192625 0.37268293 0.71189234 0.57247706
 0.0602047  0.08165487 0.        ] 
 f1_avg: 0.5912232450240188

--- 9259.987714767456 seconds ---

Train Epoch: 21 accuracy: 0.62 
 precision: [0.96478752 0.         0.75359865 0.29845449 0.77122907 0.56769313
 0.13768719 0.00239037] 
 recall: [0.58148409 1.         0.58057993 0.76518932 0.75866041 0.65044701
 0.91588268 1.        ] 
 f1: [0.72562749 0.         0.65587059 0.42941855 0.76489311 0.60625914
 0.23938671 0.00476934] 
 f1_avg: 0.6985964993016719


Validation Epoch: 21 accuracy: 0.43 
 precision: [0.9729503  0.         0.26519077 0.27755102 0.61106115 0.41576858
 0.         0.04549719 1.        ] 
 recall: [0.37081435 1.         0.47631134 0.63157895 0.74019608 0.490301
 0.         0.88181818 0.        ] 
 f1: [0.53697489 0.         0.34069592 0.38563327 0.66945813 0.44996931
 0.         0.08652988 0.        ] 
 f1_avg: 0.5184136090931057

--- 9722.468460083008 seconds ---

Train Epoch: 22 accuracy: 0.56 
 precision: [0.96760719 0.         0.71038552 0.34711795 0.77658545 0.56044145
 0.14254205 0.00165847] 
 recall: [0.46156304 1.         0.63227763 0.80070443 0.78728669 0.66887327
 0.85832872 1.        ] 
 f1: [0.62499443 0.         0.66905966 0.48428901 0.78189946 0.60987524
 0.24448298 0.00331145] 
 f1_avg: 0.6450748775560746


Validation Epoch: 22 accuracy: 0.57 
 precision: [0.96998506 0.         0.31277259 0.25231176 0.66039654 0.52902375
 0.03062201 0.05748988 1.        ] 
 recall: [0.5707664  1.         0.42470389 0.59133127 0.70751634 0.53645485
 0.46376812 0.64545455 0.        ] 
 f1: [0.71865567 0.         0.36024399 0.3537037  0.68314489 0.53271338
 0.05745063 0.10557621 0.        ] 
 f1_avg: 0.6565995485892537

--- 10185.002937793732 seconds ---

Train Epoch: 23 accuracy: 0.72 
 precision: [0.97226571 0.         0.75200223 0.341049   0.7831674  0.56954843
 0.1703168  0.00265325] 
 recall: [0.74136003 1.         0.61557781 0.81303199 0.76181741 0.66450556
 0.92529054 1.        ] 
 f1: [0.84125596 0.         0.67698544 0.48052737 0.77234489 0.61337365
 0.28768066 0.00529245] 
 f1_avg: 0.7733788000337117


Validation Epoch: 23 accuracy: 0.56 
 precision: [0.96917205 0.         0.37813073 0.26458037 0.6849631  0.49092971
 0.03346614 0.05595409 1.        ] 
 recall: [0.52761128 1.         0.52368866 0.57585139 0.80882353 0.57926421
 0.60869565 0.70909091 0.        ] 
 f1: [0.68326003 0.         0.43916282 0.3625731  0.74175824 0.53145137
 0.06344411 0.1037234  0.        ] 
 f1_avg: 0.64296685047606

--- 10647.059088230133 seconds ---

Train Epoch: 24 accuracy: 0.69 
 precision: [0.97703135 0.         0.76780109 0.33361599 0.77224011 0.59662115
 0.19888388 0.00196821] 
 recall: [0.67527609 1.         0.60634724 0.80833578 0.8084471  0.70374667
 0.92695075 0.89655172] 
 f1: [0.79859946 0.         0.67758925 0.47230321 0.78992893 0.64577136
 0.32750024 0.00392779] 
 f1_avg: 0.7534822535350211


Validation Epoch: 24 accuracy: 0.54 
 precision: [0.98191848 0.         0.31828317 0.25550122 0.61166307 0.44025157
 0.0373444  0.05426357 1.        ] 
 recall: [0.51210741 1.         0.48307953 0.64705882 0.77124183 0.51505017
 0.52173913 0.82727273 0.        ] 
 f1: [0.6731446  0.         0.38373656 0.36634531 0.68224524 0.47472256
 0.0696999  0.10184667 0.        ] 
 f1_avg: 0.6211881929329705

--- 11109.424111127853 seconds ---

Train Epoch: 25 accuracy: 0.68 
 precision: [0.9717974  0.         0.76120469 0.33689586 0.81915938 0.58983884
 0.17846482 0.00198521] 
 recall: [0.68562432 1.         0.59108255 0.83269739 0.74748294 0.70436088
 0.92639734 1.        ] 
 f1: [0.80400531 0.         0.66544266 0.47970916 0.7816815  0.64203291
 0.29927595 0.00396256] 
 f1_avg: 0.7530880316047995


Validation Epoch: 25 accuracy: 0.60 
 precision: [0.98179    0.         0.37938931 0.29275362 0.72828508 0.48635634
 0.05173745 0.06358819 1.        ] 
 recall: [0.60752817 1.         0.42047377 0.625387   0.7124183  0.60802676
 0.97101449 0.76363636 0.        ] 
 f1: [0.75059242 0.         0.3988764  0.3988154  0.72026432 0.54042806
 0.09824047 0.11740042 0.        ] 
 f1_avg: 0.6873756057865088

--- 11571.59919834137 seconds ---

Train Epoch: 26 accuracy: 0.75 
 precision: [0.97835104 0.         0.78212341 0.35389931 0.787373   0.5907213
 0.19647864 0.00263108] 
 recall: [0.78919122 1.         0.56224926 0.8417963  0.78690273 0.72210469
 0.96956281 0.96551724] 
 f1: [0.87364933 0.         0.65420596 0.49830597 0.7871378  0.64983878
 0.32674375 0.00524787] 
 f1_avg: 0.7942243195073015


Validation Epoch: 26 accuracy: 0.56 
 precision: [0.98540146 0.         0.25906314 0.26993865 0.58259587 0.54121406
 0.02675841 0.04205607 1.        ] 
 recall: [0.55022776 1.         0.53807107 0.54489164 0.64542484 0.56655518
 0.50724638 0.81818182 0.        ] 
 f1: [0.70615385 0.         0.3497388  0.36102564 0.6124031  0.55359477
 0.05083515 0.08       0.        ] 
 f1_avg: 0.6414044447668604

--- 12036.110809087753 seconds ---

Train Epoch: 27 accuracy: 0.70 
 precision: [9.80244107e-01 0.00000000e+00 7.42107333e-01 3.57510951e-01
 8.39607635e-01 6.06128068e-01 2.06888129e-01 9.42013816e-04] 
 recall: [0.68087786 1.         0.67699534 0.81449956 0.81066553 0.70606702
 0.93746541 0.62068966] 
 f1: [0.8035852  0.         0.70805758 0.49691109 0.82488279 0.65229178
 0.33896948 0.00188117] 
 f1_avg: 0.7672521592570181


Validation Epoch: 27 accuracy: 0.50 
 precision: [0.9759906  0.         0.2137931  0.28246753 0.59260889 0.54253182
 0.02638522 0.03423423 1.        ] 
 recall: [0.46455686 1.         0.47208122 0.53869969 0.73366013 0.54180602
 0.57971014 0.69090909 0.        ] 
 f1: [0.62948725 0.         0.2943038  0.37060703 0.65563397 0.54216867
 0.05047319 0.06523605 0.        ] 
 f1_avg: 0.5869964259974153

--- 12501.92551112175 seconds ---

Train Epoch: 28 accuracy: 0.70 
 precision: [0.97900396 0.         0.76388465 0.41372263 0.80654444 0.59883326
 0.16779628 0.00230013] 
 recall: [0.66921378 1.         0.65318504 0.83181685 0.83703072 0.72155873
 0.95904815 1.        ] 
 f1: [0.79499562 0.         0.70421099 0.55259823 0.82150484 0.65449256
 0.28562011 0.0045897 ] 
 f1_avg: 0.7617898276717686


Validation Epoch: 28 accuracy: 0.63 
 precision: [0.95494053 0.         0.3474724  0.30184805 0.64514379 0.67605634
 0.02252519 0.10559006 1.        ] 
 recall: [0.667306   1.         0.50592217 0.45510836 0.64760349 0.51371237
 0.55072464 0.77272727 0.        ] 
 f1: [0.78562356 0.         0.4119876  0.36296296 0.6463713  0.58380844
 0.04328018 0.18579235 0.        ] 
 f1_avg: 0.7086141399771039

--- 12964.42959022522 seconds ---

Train Epoch: 29 accuracy: 0.74 
 precision: [0.9794401  0.         0.80602776 0.39620421 0.83358035 0.62873112
 0.13876255 0.00249132] 
 recall: [0.74908595 1.         0.64026876 0.79043146 0.83980375 0.72162697
 0.89485335 0.96551724] 
 f1: [0.84891381 0.         0.7136495  0.52783222 0.83668048 0.67198373
 0.24026746 0.00496983] 
 f1_avg: 0.7976659742980143


Validation Epoch: 29 accuracy: 0.66 
 precision: [0.97962238 0.         0.35675676 0.28428094 0.74016687 0.46931016
 0.08192771 0.08488806 1.        ] 
 recall: [0.68001279 1.         0.55837563 0.52631579 0.67647059 0.57792642
 0.98550725 0.82727273 0.        ] 
 f1: [0.80277372 0.         0.4353562  0.36916395 0.70688674 0.51798561
 0.1512792  0.15397631 0.        ] 
 f1_avg: 0.7233822072584171

--- 13426.626285076141 seconds ---

Train Epoch: 30 accuracy: 0.76 
 precision: [0.98204836 0.         0.80781213 0.43640898 0.83649472 0.67244775
 0.1939695  0.00208618] 
 recall: [0.76919968 1.         0.65970841 0.82183739 0.83156997 0.72237767
 0.92916436 1.        ] 
 f1: [0.86268908 0.         0.72628687 0.5700906  0.83402507 0.69651905
 0.32094046 0.00416368] 
 f1_avg: 0.8111926082838591


Validation Epoch: 30 accuracy: 0.62 
 precision: [0.98327675 0.         0.37679351 0.26845638 0.73597007 0.41103711
 0.05142405 0.08902692 1.        ] 
 recall: [0.62495005 1.         0.51099831 0.49535604 0.75       0.57792642
 0.94202899 0.78181818 0.        ] 
 f1: [0.76419427 0.         0.43375224 0.34820457 0.7429188  0.48040033
 0.09752438 0.1598513  0.        ] 
 f1_avg: 0.6959546231145706

--- 13888.522899150848 seconds ---

Train Epoch: 31 accuracy: 0.77 
 precision: [0.98312297 0.         0.82811688 0.45523122 0.85129999 0.650315
 0.18755536 0.00226427] 
 recall: [0.77527139 1.         0.67572328 0.81479307 0.84091297 0.7255852
 0.93746541 0.96551724] 
 f1: [0.8669126  0.         0.74419858 0.58411362 0.8460746  0.68589123
 0.31257496 0.00451795] 
 f1_avg: 0.8176114650886174


Validation Epoch: 31 accuracy: 0.63 
 precision: [0.97791682 0.         0.432341   0.26132931 0.75131996 0.48224195
 0.05976521 0.08227228 1.        ] 
 recall: [0.6370175  1.         0.54060914 0.53560372 0.77505447 0.5812709
 0.8115942  0.76363636 0.        ] 
 f1: [0.77148664 0.         0.48045113 0.35126904 0.76300268 0.52714589
 0.11133201 0.14854111 0.        ] 
 f1_avg: 0.7103279343390201

--- 14350.502839803696 seconds ---

Train Epoch: 32 accuracy: 0.78 
 precision: [0.98394564 0.         0.83119432 0.47972509 0.86269034 0.66512483
 0.20742494 0.00235018] 
 recall: [0.80300766 1.         0.69075965 0.81948929 0.84351536 0.71637207
 0.92141671 0.96551724] 
 f1: [0.88431621 0.         0.75449784 0.60518045 0.8529951  0.68979793
 0.33862111 0.00468894] 
 f1_avg: 0.8315020852906134


Validation Epoch: 32 accuracy: 0.69 
 precision: [0.97815508 0.         0.43269231 0.28056426 0.72469008 0.46494465
 0.04793757 0.09241706 1.        ] 
 recall: [0.72284824 1.         0.49492386 0.55417957 0.76416122 0.58996656
 0.62318841 0.70909091 0.        ] 
 f1: [0.83134191 0.         0.4617206  0.37252862 0.74390244 0.52004717
 0.08902692 0.16352201 0.        ] 
 f1_avg: 0.7492820554398222

New best val score, save model ...
--- 14812.547045469284 seconds ---

Train Epoch: 33 accuracy: 0.77 
 precision: [0.98261502 0.         0.83640803 0.48371141 0.86262243 0.64177139
 0.21411588 0.00243003] 
 recall: [0.77507402 1.         0.70390424 0.83240387 0.85294369 0.73186378
 0.94687327 1.        ] 
 f1: [0.8665917  0.         0.76445688 0.61186624 0.85775575 0.68386315
 0.34925495 0.00484828] 
 f1_avg: 0.8231100510956563


Validation Epoch: 33 accuracy: 0.69 
 precision: [0.97660125 0.         0.4053682  0.23175966 0.73763665 0.49017199
 0.05367232 0.08522727 1.        ] 
 recall: [0.72380724 1.         0.49830795 0.50154799 0.77178649 0.53377926
 0.82608696 0.68181818 0.        ] 
 f1: [0.83141323 0.         0.44705882 0.31702544 0.75432526 0.51104707
 0.10079576 0.15151515 0.        ] 
 f1_avg: 0.7476294701177985

--- 15274.793411016464 seconds ---

Train Epoch: 34 accuracy: 0.77 
 precision: [0.98429128 0.         0.82227139 0.46133122 0.8323866  0.66429524
 0.20215921 0.00168301] 
 recall: [0.78386202 1.         0.65462018 0.85441738 0.85021331 0.7137105
 0.94299945 0.79310345] 
 f1: [0.87271681 0.         0.72893021 0.59915612 0.84120552 0.68811686
 0.33294256 0.00335889] 
 f1_avg: 0.818475854717664


Validation Epoch: 34 accuracy: 0.64 
 precision: [0.97457224 0.         0.41875401 0.25848142 0.76995565 0.47001091
 0.05856354 0.07476636 1.        ] 
 recall: [0.6554783  1.         0.55160745 0.49535604 0.75653595 0.57658863
 0.76811594 0.58181818 0.        ] 
 f1: [0.78379282 0.         0.47608616 0.33970276 0.76318681 0.51787324
 0.10882957 0.13250518 0.        ] 
 f1_avg: 0.7176662168054029

--- 15737.07480931282 seconds ---

Train Epoch: 35 accuracy: 0.76 
 precision: [0.98402572 0.         0.8351198  0.47674802 0.85911901 0.65290392
 0.22104861 0.00228275] 
 recall: [0.75383242 1.         0.69121628 0.84854711 0.84786689 0.7457176
 0.96126176 1.        ] 
 f1: [0.85368359 0.         0.7563844  0.6104952  0.85345586 0.69623116
 0.35944128 0.00455509] 
 f1_avg: 0.814646793977357


Validation Epoch: 35 accuracy: 0.64 
 precision: [0.97125134 0.         0.44096728 0.28503937 0.74564103 0.52067669
 0.06193548 0.07349666 1.        ] 
 recall: [0.65068329 1.         0.52453469 0.56037152 0.791939   0.55585284
 0.69565217 0.6        0.        ] 
 f1: [0.7792879  0.         0.47913447 0.37787056 0.76809297 0.53769007
 0.11374408 0.13095238 0.        ] 
 f1_avg: 0.7175735694639752

--- 16199.423496246338 seconds ---

Train Epoch: 36 accuracy: 0.76 
 precision: [0.98366382 0.         0.84244285 0.4989719  0.86316552 0.66510454
 0.21455317 0.0021296 ] 
 recall: [0.75440575 1.         0.70683975 0.85471089 0.86386519 0.75547669
 0.9513005  0.96551724] 
 f1: [0.85391477 0.         0.76870688 0.63009845 0.86351521 0.70741605
 0.35013749 0.00424983] 
 f1_avg: 0.8193701291160858


Validation Epoch: 36 accuracy: 0.62 
 precision: [0.97102526 0.         0.39679487 0.23907104 0.71276055 0.41193595
 0.06263982 0.07091562 1.        ] 
 recall: [0.62670822 1.         0.52368866 0.54179567 0.76361656 0.56789298
 0.8115942  0.71818182 0.        ] 
 f1: [0.76176599 0.         0.45149526 0.33175355 0.73731265 0.47750281
 0.11630322 0.12908497 0.        ] 
 f1_avg: 0.6941748452116756

--- 16661.739530086517 seconds ---

Train Epoch: 37 accuracy: 0.78 
 precision: [0.98547805 0.         0.84532876 0.46405537 0.8496444  0.66107483
 0.21017157 0.00231541] 
 recall: [0.79536632 1.         0.69147722 0.8658644  0.83075939 0.75301986
 0.94908688 0.93103448] 
 f1: [0.88027462 0.         0.76070186 0.60426055 0.84009577 0.70405819
 0.34413565 0.00461933] 
 f1_avg: 0.8296928260447551


Validation Epoch: 37 accuracy: 0.58 
 precision: [0.97920228 0.         0.38112745 0.20539906 0.71610377 0.44878773
 0.03294118 0.07034728 1.        ] 
 recall: [0.54934868 1.         0.52622673 0.54179567 0.79684096 0.60668896
 0.8115942  0.71818182 0.        ] 
 f1: [0.70383454 0.         0.44207534 0.29787234 0.75431812 0.51592719
 0.06331261 0.12814274 0.        ] 
 f1_avg: 0.6566957749178624

--- 17124.14253091812 seconds ---

Train Epoch: 38 accuracy: 0.77 
 precision: [0.98683291 0.         0.8356392  0.44205749 0.8753722  0.68370224
 0.18898232 0.00229721] 
 recall: [0.75654871 1.         0.70527414 0.85764602 0.86540102 0.77786119
 0.97011621 1.        ] 
 f1: [0.85648163 0.         0.76494207 0.58340821 0.87035805 0.72774869
 0.31634034 0.00458389] 
 f1_avg: 0.8215646541790645


Validation Epoch: 38 accuracy: 0.59 
 precision: [0.97869507 0.         0.37240455 0.20497804 0.68298594 0.40366541
 0.06506507 0.05858421 1.        ] 
 recall: [0.58738912 1.         0.47038917 0.43343653 0.76742919 0.57458194
 0.94202899 0.65454545 0.        ] 
 f1: [0.73415572 0.         0.41570093 0.27833002 0.72274942 0.47419266
 0.12172285 0.10754294 0.        ] 
 f1_avg: 0.6693384772879579

--- 17586.344340085983 seconds ---

Train Epoch: 39 accuracy: 0.77 
 precision: [0.98392993 0.         0.84507778 0.49656098 0.84904792 0.67105108
 0.17459974 0.00247398] 
 recall: [0.76653038 1.         0.68570403 0.86879953 0.86552901 0.77642804
 0.89319314 1.        ] 
 f1: [0.86173012 0.         0.7570945  0.63193851 0.85720925 0.71990382
 0.29210026 0.00493575] 
 f1_avg: 0.8216544950733662


Validation Epoch: 39 accuracy: 0.63 
 precision: [0.98452758 0.         0.40160891 0.23296159 0.69593346 0.45293466
 0.03821656 0.06884971 1.        ] 
 recall: [0.62039479 1.         0.54906937 0.58204334 0.82026144 0.54715719
 0.69565217 0.74545455 0.        ] 
 f1: [0.76115305 0.         0.46390279 0.33274336 0.753      0.49560739
 0.07245283 0.12605688 0.        ] 
 f1_avg: 0.6975615013489578

--- 18048.32316327095 seconds ---

Train Epoch: 40 accuracy: 0.79 
 precision: [0.98675714 0.         0.84747148 0.51700921 0.87958998 0.68137345
 0.21047503 0.00187661] 
 recall: [0.79138117 1.         0.7100362  0.85647197 0.86761945 0.75568143
 0.95628113 0.82758621] 
 f1: [0.87833552 0.         0.77269016 0.64479063 0.87356371 0.71660626
 0.34501348 0.00374473] 
 f1_avg: 0.8367289232170076


Validation Epoch: 40 accuracy: 0.67 
 precision: [0.98178694 0.         0.3537234  0.27089337 0.70314033 0.44606257
 0.04457364 0.08504399 1.        ] 
 recall: [0.68496763 1.         0.56260575 0.58204334 0.78050109 0.55317726
 0.66666667 0.79090909 0.        ] 
 f1: [0.80694817 0.         0.43435663 0.36971485 0.73980382 0.49387877
 0.0835604  0.15357458 0.        ] 
 f1_avg: 0.7273963965017978

--- 18510.697414159775 seconds ---

Train Epoch: 41 accuracy: 0.81 
 precision: [0.98628792 0.         0.85394533 0.52883909 0.89410375 0.68442697
 0.21063115 0.00194811] 
 recall: [0.81193665 1.         0.73668417 0.84502495 0.87205631 0.77233331
 0.93635861 0.75862069] 
 f1: [0.89065996 0.         0.79099251 0.65054796 0.88294242 0.72572784
 0.34390244 0.00388624] 
 f1_avg: 0.8491658475477866


Validation Epoch: 41 accuracy: 0.68 
 precision: [0.98316955 0.         0.36223081 0.23195876 0.70457831 0.44010554
 0.03452528 0.0651341  1.        ] 
 recall: [0.69559658 1.         0.55499154 0.55727554 0.7962963  0.55785953
 0.4057971  0.61818182 0.        ] 
 f1: [0.81475241 0.         0.43835616 0.32757052 0.74763488 0.4920354
 0.06363636 0.11785095 0.        ] 
 f1_avg: 0.7327791815127729

--- 18973.097970485687 seconds ---

Train Epoch: 42 accuracy: 0.80 
 precision: [0.98869063 0.         0.85973966 0.5226402  0.89342364 0.68915303
 0.21434876 0.00221933] 
 recall: [0.79784764 1.         0.72813856 0.88083358 0.87226962 0.75574968
 0.94078583 1.        ] 
 f1: [0.88307595 0.         0.78848565 0.65602798 0.88271991 0.72091661
 0.34914767 0.00442883] 
 f1_avg: 0.8440030953181028


Validation Epoch: 42 accuracy: 0.69 
 precision: [0.98119055 0.         0.37103791 0.25231176 0.69994932 0.42625608
 0.04550626 0.07970244 1.        ] 
 recall: [0.73371693 1.         0.50507614 0.59133127 0.75217865 0.5277592
 0.57971014 0.68181818 0.        ] 
 f1: [0.83959762 0.         0.42780365 0.3537037  0.7251247  0.47160789
 0.08438819 0.14272122 0.        ] 
 f1_avg: 0.7463175848364318

--- 19435.234993696213 seconds ---

Train Epoch: 43 accuracy: 0.80 
 precision: [0.98807568 0.         0.85990712 0.53446429 0.8944886  0.69790708
 0.20880612 0.00222589] 
 recall: [0.80841205 1.         0.7247464  0.87848547 0.87380546 0.77601856
 0.93691201 0.93103448] 
 f1: [0.88925994 0.         0.78656259 0.6645942  0.88402607 0.73489304
 0.34150277 0.00444115] 
 f1_avg: 0.8487138395186135


Validation Epoch: 43 accuracy: 0.62 
 precision: [0.98238946 0.         0.33528473 0.22153465 0.66197822 0.4104285
 0.02462687 0.07834101 1.        ] 
 recall: [0.61967554 1.         0.53299492 0.55417957 0.79466231 0.53177258
 0.47826087 0.61818182 0.        ] 
 f1: [0.75997256 0.         0.41163019 0.31653404 0.72227723 0.46328671
 0.04684173 0.1390593  0.        ] 
 f1_avg: 0.6869837085531246

--- 19897.7224650383 seconds ---

Train Epoch: 44 accuracy: 0.80 
 precision: [0.98903697 0.         0.86460691 0.53637176 0.90019552 0.66911419
 0.23096312 0.00251867] 
 recall: [0.80214296 1.         0.74754558 0.88083358 0.88387372 0.77738347
 0.96347537 1.        ] 
 f1: [0.88583958 0.         0.80182623 0.66674072 0.89195996 0.71919689
 0.37260567 0.00502469] 
 f1_avg: 0.849398836570393


Validation Epoch: 44 accuracy: 0.63 
 precision: [0.97322084 0.         0.40084388 0.2587519  0.65660858 0.47442681
 0.04932182 0.08027523 1.        ] 
 recall: [0.6360585  1.         0.4822335  0.52631579 0.84150327 0.53979933
 0.57971014 0.63636364 0.        ] 
 f1: [0.76931999 0.         0.43778802 0.34693878 0.73764622 0.50500626
 0.09090909 0.14256619 0.        ] 
 f1_avg: 0.701233261623247

--- 20360.04613161087 seconds ---

Train Epoch: 45 accuracy: 0.81 
 precision: [0.98769493 0.         0.87825118 0.57813098 0.89336879 0.70689022
 0.20432807 0.00252501] 
 recall: [0.80723718 1.         0.74562119 0.88611682 0.88856655 0.78837098
 0.94576646 0.89655172] 
 f1: [0.88839468 0.         0.8065199  0.69973346 0.8909612  0.74541055
 0.33605349 0.00503583] 
 f1_avg: 0.8539601063786741


Validation Epoch: 45 accuracy: 0.65 
 precision: [0.98180099 0.         0.36801328 0.24034335 0.60236686 0.48910412
 0.02295684 0.07440812 1.        ] 
 recall: [0.66394949 1.         0.56260575 0.52012384 0.83169935 0.54046823
 0.36231884 0.6        0.        ] 
 f1: [0.79218117 0.         0.44496487 0.32876712 0.69869595 0.51350493
 0.04317789 0.13239719 0.        ] 
 f1_avg: 0.7139961397560832

--- 20822.148048639297 seconds ---

Train Epoch: 46 accuracy: 0.81 
 precision: [0.99011277 0.         0.87475058 0.57863099 0.89342769 0.69226119
 0.22902796 0.00270114] 
 recall: [0.81697448 1.         0.74353371 0.87584385 0.89948805 0.78140995
 0.9518539  0.96551724] 
 f1: [0.89524938 0.         0.80382235 0.69687062 0.89644763 0.73413907
 0.36921756 0.00538721] 
 f1_avg: 0.8576200985750074


Validation Epoch: 46 accuracy: 0.66 
 precision: [0.97993664 0.         0.34850949 0.26782884 0.63071223 0.56515679
 0.0155642  0.08271605 1.        ] 
 recall: [0.66746584 1.         0.54399323 0.52321981 0.83442266 0.54247492
 0.23188406 0.60909091 0.        ] 
 f1: [0.79406731 0.         0.42484308 0.35429769 0.71840563 0.55358362
 0.02917046 0.14565217 0.        ] 
 f1_avg: 0.7199208437887504

--- 21284.28065443039 seconds ---

Train Epoch: 47 accuracy: 0.82 
 precision: [0.99096585 0.         0.86869763 0.62972188 0.90773708 0.71601866
 0.22000256 0.00279664] 
 recall: [0.81447436 1.         0.77102971 0.89051952 0.90494881 0.78550467
 0.95074709 0.96551724] 
 f1: [0.89409361 0.         0.81695495 0.73775076 0.9063408  0.74915387
 0.35732113 0.00557713] 
 f1_avg: 0.8623285632442158


Validation Epoch: 47 accuracy: 0.64 
 precision: [0.97278994 0.         0.35300668 0.27022375 0.60164512 0.58596491
 0.02531646 0.07958922 1.        ] 
 recall: [0.64285143 1.         0.53637902 0.48606811 0.83660131 0.55852843
 0.34782609 0.56363636 0.        ] 
 f1: [0.77413146 0.         0.42578912 0.34734513 0.69993165 0.57191781
 0.04719764 0.13948256 0.        ] 
 f1_avg: 0.7053990106384365

--- 21746.85974240303 seconds ---

Train Epoch: 48 accuracy: 0.82 
 precision: [0.99043651 0.         0.88448315 0.63292958 0.91432842 0.71335686
 0.23662974 0.00292781] 
 recall: [0.81765121 1.         0.77194299 0.90490167 0.91335324 0.78618713
 0.95738794 1.        ] 
 f1: [0.89578796 0.         0.82438999 0.74486591 0.91384057 0.74800338
 0.37946918 0.00583853] 
 f1_avg: 0.8658289130015666


Validation Epoch: 48 accuracy: 0.62 
 precision: [0.97305162 0.         0.37189055 0.25655431 0.64262023 0.55765472
 0.02853598 0.06441394 1.        ] 
 recall: [0.61464077 1.         0.50592217 0.42414861 0.84422658 0.57257525
 0.33333333 0.55454545 0.        ] 
 f1: [0.75339178 0.         0.42867384 0.31971995 0.72975518 0.5650165
 0.05257143 0.115421   0.        ] 
 f1_avg: 0.692782750948695

--- 22208.855110168457 seconds ---

Train Epoch: 49 accuracy: 0.83 
 precision: [0.99074032 0.         0.88072816 0.66659431 0.92203243 0.73274039
 0.22470728 0.00285883] 
 recall: [0.82160816 1.         0.77481327 0.90137951 0.90964164 0.80399918
 0.94521306 1.        ] 
 f1: [0.89828236 0.         0.82438271 0.76640878 0.91579513 0.76671765
 0.36309524 0.00570137] 
 f1_avg: 0.8693158451770479


Validation Epoch: 49 accuracy: 0.68 
 precision: [0.97823129 0.         0.39249364 0.24769231 0.62052877 0.53434152
 0.02315227 0.09125964 1.        ] 
 recall: [0.6895229  1.         0.52199662 0.49845201 0.86928105 0.56722408
 0.37681159 0.64545455 0.        ] 
 f1: [0.80888764 0.         0.44807553 0.33093525 0.72413793 0.55029202
 0.04362416 0.15990991 0.        ] 
 f1_avg: 0.7320086243748674

--- 22670.82620358467 seconds ---

Train Epoch: 50 accuracy: 0.83 
 precision: [0.99141512 0.         0.87935814 0.63308024 0.89894593 0.73459892
 0.2340829  0.00247015] 
 recall: [0.83903379 1.         0.73462931 0.9054887  0.89867747 0.80809391
 0.95628113 0.82758621] 
 f1: [0.90888173 0.         0.80050469 0.74516908 0.89881168 0.76959574
 0.37610186 0.0049256 ] 
 f1_avg: 0.8692650752236869


Validation Epoch: 50 accuracy: 0.69 
 precision: [0.97579225 0.         0.35759312 0.25110783 0.63945578 0.57790927
 0.05027933 0.07930108 1.        ] 
 recall: [0.70870295 1.         0.52791878 0.52631579 0.81917211 0.58795987
 0.65217391 0.53636364 0.        ] 
 f1: [0.8210731  0.         0.42637513 0.34       0.7182426  0.58289125
 0.093361   0.1381733  0.        ] 
 f1_avg: 0.7415590080974558

--- 23132.911101341248 seconds ---

Train Epoch: 51 accuracy: 0.83 
 precision: [0.99026618 0.         0.85761239 0.59535783 0.90979268 0.72977789
 0.22246526 0.00304238] 
 recall: [0.83954133 1.         0.74043511 0.90343411 0.87990614 0.78257012
 0.95683453 1.        ] 
 f1: [0.90869601 0.         0.79472772 0.71773347 0.89459987 0.75525259
 0.36099802 0.00606631] 
 f1_avg: 0.8657920235896426


Validation Epoch: 51 accuracy: 0.69 
 precision: [0.97451602 0.         0.39374499 0.26339969 0.6125634  0.53745318
 0.03649635 0.07040417 1.        ] 
 recall: [0.71205946 1.         0.41539763 0.53250774 0.85511983 0.57591973
 0.65217391 0.49090909 0.        ] 
 f1: [0.82286664 0.         0.4042816  0.35245902 0.71379859 0.55602196
 0.06912442 0.12314709 0.        ] 
 f1_avg: 0.7386548658514344

--- 23595.100633382797 seconds ---

Train Epoch: 52 accuracy: 0.82 
 precision: [0.99075056 0.         0.86453864 0.57624882 0.88031296 0.73717225
 0.22347659 0.00269646] 
 recall: [0.83460689 1.         0.70318667 0.89727033 0.88801195 0.80202006
 0.96402878 0.96551724] 
 f1: [0.90600035 0.         0.77555939 0.70179063 0.88414569 0.7682301
 0.36284107 0.00537789] 
 f1_avg: 0.8603572457776849


Validation Epoch: 52 accuracy: 0.67 
 precision: [0.97732912 0.         0.34004603 0.27051672 0.73146784 0.5532345
 0.05681818 0.04202802 1.        ] 
 recall: [0.69247982 1.         0.5        0.55108359 0.81154684 0.54916388
 0.72463768 0.57272727 0.        ] 
 f1: [0.81060854 0.         0.40479452 0.36289501 0.76942938 0.55119168
 0.10537408 0.07830951 0.        ] 
 f1_avg: 0.735432530043422

--- 24057.139082193375 seconds ---

Train Epoch: 53 accuracy: 0.80 
 precision: [0.99089352 0.         0.85524943 0.53006682 0.891739   0.73739534
 0.23429337 0.00138838] 
 recall: [0.7885145  1.         0.72190874 0.90813032 0.8809727  0.82344912
 0.9679026  0.65517241] 
 f1: [0.87819533 0.         0.78294245 0.66940718 0.88632315 0.77805004
 0.37726488 0.00277089] 
 f1_avg: 0.8458255720177084


Validation Epoch: 53 accuracy: 0.67 
 precision: [0.97604249 0.         0.40681115 0.28252788 0.62745098 0.58811189
 0.04744852 0.0529695  1.        ] 
 recall: [0.69024215 1.         0.55583756 0.47058824 0.81917211 0.56254181
 0.76811594 0.6        0.        ] 
 f1: [0.80863215 0.         0.46978906 0.35307782 0.71060713 0.57504274
 0.08937605 0.09734513 0.        ] 
 f1_avg: 0.7341628872410529

--- 24519.614142894745 seconds ---

Train Epoch: 54 accuracy: 0.82 
 precision: [0.9906959  0.         0.88018826 0.5520779  0.89752326 0.73510306
 0.20807    0.00237954] 
 recall: [0.83065934 1.         0.70758994 0.9319049  0.8765785  0.80318024
 0.94742667 0.96551724] 
 f1: [0.90364667 0.         0.78450801 0.69338283 0.88692724 0.76763526
 0.34120578 0.00474737] 
 f1_avg: 0.8604274331559727


Validation Epoch: 54 accuracy: 0.71 
 precision: [0.96776512 0.         0.43110395 0.27609428 0.67826501 0.6204596
 0.02372583 0.06619385 1.        ] 
 recall: [0.75337649 1.         0.45262267 0.50773994 0.77505447 0.55986622
 0.39130435 0.50909091 0.        ] 
 f1: [0.84721848 0.         0.44160132 0.35768811 0.72343671 0.58860759
 0.04473902 0.11715481 0.        ] 
 f1_avg: 0.7621241437541847

New best val score, save model ...
--- 24982.53203368187 seconds ---

Train Epoch: 55 accuracy: 0.82 
 precision: [0.98811712 0.         0.87537162 0.5579192  0.91822398 0.73174218
 0.17304747 0.0030994 ] 
 recall: [0.82845998 1.         0.72989987 0.91605518 0.86992321 0.80345322
 0.93801882 0.96551724] 
 f1: [0.9012725  0.         0.79604432 0.6934785  0.89342125 0.76592284
 0.292191   0.00617897] 
 f1_avg: 0.8612036248704567


Validation Epoch: 55 accuracy: 0.65 
 precision: [0.98460628 0.         0.32410256 0.24390244 0.62670648 0.47550432
 0.01929625 0.06891026 1.        ] 
 recall: [0.66450891 1.         0.53468697 0.49535604 0.80010893 0.55183946
 0.24637681 0.78181818 0.        ] 
 f1: [0.79349175 0.         0.40357599 0.32686415 0.70287081 0.51083591
 0.03578947 0.12665685 0.        ] 
 f1_avg: 0.7122637067854595

--- 25445.00616621971 seconds ---

Train Epoch: 56 accuracy: 0.81 
 precision: [0.99118104 0.         0.87578037 0.61108957 0.91232147 0.73865859
 0.21931949 0.00221475] 
 recall: [0.80283848 1.         0.75954858 0.92515409 0.92111775 0.79894902
 0.9524073  1.        ] 
 f1: [0.88712332 0.         0.81353386 0.73601868 0.91669851 0.7676218
 0.35653615 0.00441972] 
 f1_avg: 0.8604412697132162


Validation Epoch: 56 accuracy: 0.66 
 precision: [0.97869836 0.         0.4009247  0.22252011 0.63395445 0.48156817
 0.03893215 0.06023356 1.        ] 
 recall: [0.66458883 1.         0.51353638 0.51393189 0.833878   0.55050167
 0.50724638 0.89090909 0.        ] 
 f1: [0.79162304 0.         0.45029674 0.31057063 0.72030111 0.51373283
 0.07231405 0.11283823 0.        ] 
 f1_avg: 0.7158816531522437

--- 25907.522291898727 seconds ---

Train Epoch: 57 accuracy: 0.83 
 precision: [0.99216221 0.         0.88011446 0.61792087 0.92104467 0.74445373
 0.2228086  0.00195782] 
 recall: [0.82689976 1.         0.77246486 0.93513355 0.90874573 0.79007712
 0.95794134 0.75862069] 
 f1: [0.90202391 0.         0.82278349 0.74413173 0.91485387 0.76658721
 0.36152882 0.00390556] 
 f1_avg: 0.8706812047654812


Validation Epoch: 57 accuracy: 0.68 
 precision: [0.97335266 0.         0.44211288 0.24561404 0.64693446 0.55458808
 0.04008439 0.05812325 1.        ] 
 recall: [0.69767442 1.         0.51692047 0.47678019 0.83333333 0.55384615
 0.55072464 0.75454545 0.        ] 
 f1: [0.81277348 0.         0.47659906 0.32421053 0.728398   0.55421687
 0.0747296  0.10793238 0.        ] 
 f1_avg: 0.7371195334459806

--- 26370.345811843872 seconds ---

Train Epoch: 58 accuracy: 0.82 
 precision: [0.99125037 0.         0.89459891 0.62765324 0.91929734 0.73168234
 0.24203187 0.00234533] 
 recall: [0.82096903 1.         0.76822466 0.92867625 0.91313993 0.78031802
 0.94133924 1.        ] 
 f1: [0.89810964 0.         0.82660958 0.74905303 0.91620829 0.75521797
 0.38505942 0.00467968] 
 f1_avg: 0.8686040852044086


Validation Epoch: 58 accuracy: 0.61 
 precision: [0.97042772 0.         0.37388535 0.17123288 0.61275904 0.58270361
 0.00577082 0.05719446 1.        ] 
 recall: [0.61104451 1.         0.49661591 0.54179567 0.82135076 0.46421405
 0.10144928 0.86363636 0.        ] 
 f1: [0.74990192 0.         0.42659884 0.26022305 0.70188504 0.51675354
 0.01092044 0.10728402 0.        ] 
 f1_avg: 0.681889433366468

--- 26831.669521570206 seconds ---

Train Epoch: 59 accuracy: 0.82 
 precision: [0.99055826 0.         0.884896   0.59275766 0.91289274 0.72185039
 0.21269881 0.00216226] 
 recall: [0.83618591 1.         0.74372941 0.93689463 0.89867747 0.75076776
 0.93248478 0.79310345] 
 f1: [0.90684933 0.         0.80819466 0.72611465 0.90572933 0.73602516
 0.34638709 0.00431277] 
 f1_avg: 0.8668876643591483


Validation Epoch: 59 accuracy: 0.65 
 precision: [0.96962233 0.         0.38320707 0.2754717  0.67595819 0.52524544
 0.02151463 0.0706422  1.        ] 
 recall: [0.6606729  1.         0.51353638 0.45201238 0.8453159  0.50100334
 0.36231884 0.7        0.        ] 
 f1: [0.78587385 0.         0.43890094 0.34232122 0.75121007 0.51283807
 0.04061738 0.12833333 0.        ] 
 f1_avg: 0.7147367141492144

Early stopping!

Test Epoch: accuracy: 0.74 
 precision: [0.93646038 0.         0.74059406 0.28664495 0.62470309 0.612664
 0.09285714 0.        ] 
 recall: [0.82625342 1.         0.60655206 0.52694611 0.64224664 0.58881579
 0.62650602 1.        ] 
 f1: [0.87791176 0.         0.66690442 0.37130802 0.6333534  0.60050321
 0.16174184 0.        ] 
 f1_avg: 0.7821526667063803

--- 27291.495515823364 seconds ---

Test Epoch: accuracy: 0.71 
 precision: [0.96776512 0.         0.43110395 0.27609428 0.67826501 0.6204596
 0.02372583 0.06619385 1.        ] 
 recall: [0.75337649 1.         0.45262267 0.50773994 0.77505447 0.55986622
 0.39130435 0.50909091 0.        ] 
 f1: [0.84721848 0.         0.44160132 0.35768811 0.72343671 0.58860759
 0.04473902 0.11715481 0.        ] 
 f1_avg: 0.7621241437541847

--- 27299.051073789597 seconds ---
