{'name': 'longcall_wav2vec2_lstm_binary_ar_bi_42', 'data_path': '/data/zifjia/data_longcall/wav2vec2_split_42', 'test_only': False, 'balance_weights': True, 'binary': True, 'model_type': 'lstm', 'model_autoregressive': True, 'n_embedding': 768, 'd_hid': 1024, 'nlayers': 2, 'batch_size': 1, 'n_epoch': 200, 'lr': 0.0001, 'dropout': 0.4, 'patience': 10, 'step_factor': 0.7, 'seed': 42}
cuda
Reading data ...
train, dev, test number of files: 50, 6, 7.
dev files:  ['15T6lcZeke', '2T6lcZeke', '125dat LC Rambo', '75datA LC Kay', '52dat LC Sultan', '137dat LC Fugit']
test files:  ['24dat LC Male', '23datA LC Fugit', '48datA LC Niko', '7T6lcZeke', '2T7lcNico', '28T5lcNiko', '47dat LC Sultan']
data_all: (215820, 769)
train_data_all: (180390, 769)
Labels in train_data_all:  {0: 106395, 1: 73995}
--- 5.080059289932251 seconds ---
LSTM(
  (lstm_forward): LSTM(770, 1024, num_layers=2, dropout=0.4)
  (hidden2tag_forward): Linear(in_features=1024, out_features=2, bias=True)
  (lstm_backward): LSTM(770, 1024, num_layers=2, dropout=0.4)
  (hidden2tag_backward): Linear(in_features=1024, out_features=2, bias=True)
)
Number of parameters: 31510532

Train Epoch: 1 accuracy: 0.75 
 precision: [0.77668955 0.70620085] 
 recall: [0.80721838 0.66628826] 
 f1: [0.79165975 0.68566422] 
 f1_avg: 0.748180959796135


Validation Epoch: 1 accuracy: 0.82 
 precision: [0.89796092 0.67022901] 
 recall: [0.84464157 0.76688665] 
 f1: [0.87048552 0.71530732] 
 f1_avg: 0.8252277781994626

New best val score, save model ...
--- 515.7217214107513 seconds ---

Train Epoch: 2 accuracy: 0.84 
 precision: [0.85632443 0.8130996 ] 
 recall: [0.87383806 0.78918846] 
 f1: [0.8649926  0.80096561] 
 f1_avg: 0.8387290794120916


Validation Epoch: 2 accuracy: 0.80 
 precision: [0.92116222 0.60839555] 
 recall: [0.77783106 0.83831522] 
 f1: [0.84345076 0.7050853 ] 
 f1_avg: 0.8030964490422005

--- 1023.8866851329803 seconds ---

Train Epoch: 3 accuracy: 0.87 
 precision: [0.88661976 0.85022845] 
 recall: [0.89771136 0.83493479] 
 f1: [0.89213108 0.84251222] 
 f1_avg: 0.8717776963633562


Validation Epoch: 3 accuracy: 0.83 
 precision: [0.92743805 0.6728711 ] 
 recall: [0.83145529 0.84200311] 
 f1: [0.87682778 0.74799552] 
 f1_avg: 0.839253828989479

New best val score, save model ...
--- 1532.1516666412354 seconds ---

Train Epoch: 4 accuracy: 0.88 
 precision: [0.89631194 0.85700856] 
 recall: [0.90135815 0.85007095] 
 f1: [0.89882796 0.85352566] 
 f1_avg: 0.8802452018371507


Validation Epoch: 4 accuracy: 0.86 
 precision: [0.93294838 0.72154404] 
 recall: [0.8651003  0.84899068] 
 f1: [0.89774424 0.78009631] 
 f1_avg: 0.8634321996740744

New best val score, save model ...
--- 2039.753482580185 seconds ---

Train Epoch: 5 accuracy: 0.89 
 precision: [0.90150147 0.86354174] 
 recall: [0.90573805 0.8577066 ] 
 f1: [0.9036148  0.86061428] 
 f1_avg: 0.8859762174762716


Validation Epoch: 5 accuracy: 0.77 
 precision: [0.95415504 0.5658005 ] 
 recall: [0.71022137 0.91711957] 
 f1: [0.81431255 0.69984448] 
 f1_avg: 0.7809279183381199

--- 2547.887979745865 seconds ---

Train Epoch: 6 accuracy: 0.88 
 precision: [0.89763787 0.86318111] 
 recall: [0.90614221 0.85142239] 
 f1: [0.90186999 0.85726143] 
 f1_avg: 0.8835718015840541


Validation Epoch: 6 accuracy: 0.85 
 precision: [0.94894867 0.67847653] 
 recall: [0.82594102 0.89208075] 
 f1: [0.88318236 0.77075298] 
 f1_avg: 0.85039231426426

--- 3055.5912556648254 seconds ---

Train Epoch: 7 accuracy: 0.90 
 precision: [0.92025815 0.86939819] 
 recall: [0.90733587 0.88695182] 
 f1: [0.91375133 0.87808729] 
 f1_avg: 0.8991221300324379


Validation Epoch: 7 accuracy: 0.86 
 precision: [0.92149346 0.74302859] 
 recall: [0.88364101 0.81715839] 
 f1: [0.90217037 0.77833241] 
 f1_avg: 0.8660530062181097

New best val score, save model ...
--- 3562.921395301819 seconds ---

Train Epoch: 8 accuracy: 0.91 
 precision: [0.9206825 0.8863664] 
 recall: [0.92101133 0.88591121] 
 f1: [0.92084688 0.88613875] 
 f1_avg: 0.9066097929234791


Validation Epoch: 8 accuracy: 0.86 
 precision: [0.94084507 0.71054718] 
 recall: [0.85415168 0.86956522] 
 f1: [0.89540485 0.78205464] 
 f1_avg: 0.8623462438141812

--- 4070.375099182129 seconds ---

Train Epoch: 9 accuracy: 0.92 
 precision: [0.93277072 0.89290004] 
 recall: [0.92457352 0.90418272] 
 f1: [0.92865403 0.89850596] 
 f1_avg: 0.9162874562008075


Validation Epoch: 9 accuracy: 0.83 
 precision: [0.93946332 0.66572784] 
 recall: [0.81978742 0.87170031] 
 f1: [0.8755548  0.75491679] 
 f1_avg: 0.840370704176859

--- 4578.340461730957 seconds ---

Train Epoch: 10 accuracy: 0.92 
 precision: [0.93830788 0.90487942] 
 recall: [0.93334273 0.91176431] 
 f1: [0.93581872 0.90830882] 
 f1_avg: 0.9245343092066506


Validation Epoch: 10 accuracy: 0.86 
 precision: [0.92662349 0.72348676] 
 recall: [0.86893631 0.83288043] 
 f1: [0.89685322 0.77433908] 
 f1_avg: 0.861121950634234

--- 5084.411609649658 seconds ---

Train Epoch: 11 accuracy: 0.92 
 precision: [0.93892023 0.90183566] 
 recall: [0.93088961 0.91292655] 
 f1: [0.93488767 0.90734721] 
 f1_avg: 0.923590725145599


Validation Epoch: 11 accuracy: 0.87 
 precision: [0.94758633 0.72184381] 
 recall: [0.85966595 0.88451087] 
 f1: [0.90148753 0.79494113] 
 f1_avg: 0.8704132573085808

New best val score, save model ...
--- 5590.184760570526 seconds ---

Train Epoch: 12 accuracy: 0.92 
 precision: [0.93787219 0.89631716] 
 recall: [0.92665069 0.91173728] 
 f1: [0.93222767 0.90396146] 
 f1_avg: 0.920633025333425


Validation Epoch: 12 accuracy: 0.83 
 precision: [0.95839798 0.64232286] 
 recall: [0.78981859 0.91673137] 
 f1: [0.86598028 0.75537785] 
 f1_avg: 0.8337230671228116

--- 6097.383241891861 seconds ---

Train Epoch: 13 accuracy: 0.92 
 precision: [0.94494393 0.89733105] 
 recall: [0.92660369 0.92237313] 
 f1: [0.93568395 0.90967978] 
 f1_avg: 0.9250171811050001


Validation Epoch: 13 accuracy: 0.86 
 precision: [0.95091751 0.71455195] 
 recall: [0.85311276 0.89305124] 
 f1: [0.89936392 0.79389181] 
 f1_avg: 0.8686029605704629

--- 6603.3666887283325 seconds ---

Train Epoch: 14 accuracy: 0.93 
 precision: [0.94901588 0.9124302 ] 
 recall: [0.9380892  0.92753564] 
 f1: [0.9435209  0.91992092] 
 f1_avg: 0.9338403181460215


Validation Epoch: 14 accuracy: 0.88 
 precision: [0.93902231 0.74894479] 
 recall: [0.88116359 0.86102484] 
 f1: [0.90917337 0.80108352] 
 f1_avg: 0.8776489462325487

New best val score, save model ...
--- 7110.874544620514 seconds ---

Train Epoch: 15 accuracy: 0.93 
 precision: [0.95336683 0.90834078] 
 recall: [0.93443301 0.93427934] 
 f1: [0.94380497 0.92112749] 
 f1_avg: 0.9345027925977472


Validation Epoch: 15 accuracy: 0.89 
 precision: [0.93476459 0.77932512] 
 recall: [0.90122273 0.84724379] 
 f1: [0.91768727 0.81186646] 
 f1_avg: 0.8868246120834288

New best val score, save model ...
--- 7618.084830999374 seconds ---

Train Epoch: 16 accuracy: 0.94 
 precision: [0.95117892 0.91509747] 
 recall: [0.93995019 0.93063045] 
 f1: [0.94553121 0.9227986 ] 
 f1_avg: 0.9362064198764454


Validation Epoch: 16 accuracy: 0.89 
 precision: [0.93407775 0.78116592] 
 recall: [0.9025014 0.8453028] 
 f1: [0.91801813 0.8119698 ] 
 f1_avg: 0.8870891153254452

New best val score, save model ...
--- 8121.512969732285 seconds ---

Train Epoch: 17 accuracy: 0.93 
 precision: [0.9514127  0.90710713] 
 recall: [0.9336623  0.93144131] 
 f1: [0.94245393 0.91911319] 
 f1_avg: 0.9328796811659492


Validation Epoch: 17 accuracy: 0.89 
 precision: [0.93482386 0.78679654] 
 recall: [0.90553824 0.84666149] 
 f1: [0.91994804 0.81563201] 
 f1_avg: 0.8895242536856115

New best val score, save model ...
--- 8627.988824605942 seconds ---

Train Epoch: 18 accuracy: 0.94 
 precision: [0.94863591 0.91728649] 
 recall: [0.94188637 0.92667072] 
 f1: [0.94524909 0.92195473] 
 f1_avg: 0.9356938683701578


Validation Epoch: 18 accuracy: 0.88 
 precision: [0.92333388 0.78111668] 
 recall: [0.90569807 0.81735248] 
 f1: [0.91443095 0.79882386] 
 f1_avg: 0.8807141266323366

--- 9136.795939207077 seconds ---

Train Epoch: 19 accuracy: 0.94 
 precision: [0.95298087 0.92542437] 
 recall: [0.94772311 0.93276573] 
 f1: [0.95034472 0.92908054] 
 f1_avg: 0.9416222686111931


Validation Epoch: 19 accuracy: 0.88 
 precision: [0.93644891 0.75445816] 
 recall: [0.88555902 0.85403727] 
 f1: [0.91029327 0.80116533] 
 f1_avg: 0.8784660911296607

--- 9641.275626897812 seconds ---

Train Epoch: 20 accuracy: 0.95 
 precision: [0.95752381 0.93206019] 
 recall: [0.95238498 0.93925265] 
 f1: [0.95494748 0.9356426 ] 
 f1_avg: 0.947028724124463


Validation Epoch: 20 accuracy: 0.88 
 precision: [0.94086113 0.7537629 ] 
 recall: [0.88364101 0.86510093] 
 f1: [0.9113538  0.80560325] 
 f1_avg: 0.8805116379064116

--- 10146.791296720505 seconds ---

Train Epoch: 21 accuracy: 0.95 
 precision: [0.9603432  0.93890757] 
 recall: [0.95731942 0.94315832] 
 f1: [0.95882893 0.94102815] 
 f1_avg: 0.9515271446908867


Validation Epoch: 21 accuracy: 0.86 
 precision: [0.96763694 0.69502315] 
 recall: [0.8315352  0.93245342] 
 f1: [0.89443824 0.7964191 ] 
 f1_avg: 0.8658509392222048

--- 10652.897330522537 seconds ---

Train Epoch: 22 accuracy: 0.95 
 precision: [0.95873551 0.93821853] 
 recall: [0.95691527 0.94077978] 
 f1: [0.95782452 0.93949741] 
 f1_avg: 0.9503068409484019


Validation Epoch: 22 accuracy: 0.87 
 precision: [0.96043817 0.71234325] 
 recall: [0.84783825 0.91517857] 
 f1: [0.90063245 0.8011214 ] 
 f1_avg: 0.8716100401118837

--- 11157.17993736267 seconds ---

Train Epoch: 23 accuracy: 0.94 
 precision: [0.95122833 0.9142694 ] 
 recall: [0.93930166 0.93075208] 
 f1: [0.94522738 0.92243712] 
 f1_avg: 0.9358789351014731


Validation Epoch: 23 accuracy: 0.86 
 precision: [0.95543527 0.70790274] 
 recall: [0.84639974 0.90411491] 
 f1: [0.89761844 0.79406751] 
 f1_avg: 0.8674177960533629

--- 11667.684532880783 seconds ---

Train Epoch: 24 accuracy: 0.95 
 precision: [0.9587437  0.94083696] 
 recall: [0.95886085 0.94067167] 
 f1: [0.95880227 0.94075431] 
 f1_avg: 0.951399094673875


Validation Epoch: 24 accuracy: 0.85 
 precision: [0.97145062 0.66547896] 
 recall: [0.80492288 0.94254658] 
 f1: [0.8803811  0.78014298] 
 f1_avg: 0.8511466392566768

--- 12179.08018398285 seconds ---

Train Epoch: 25 accuracy: 0.95 
 precision: [0.96601429 0.93539389] 
 recall: [0.95428357 0.95172647] 
 f1: [0.9601131 0.9434895] 
 f1_avg: 0.9532941894911615


Validation Epoch: 25 accuracy: 0.83 
 precision: [0.96788135 0.64470871] 
 recall: [0.787501  0.9365295] 
 f1: [0.86842337 0.76369104] 
 f1_avg: 0.8378781713662726

--- 12684.998276948929 seconds ---

Train Epoch: 26 accuracy: 0.95 
 precision: [0.96709233 0.93301328] 
 recall: [0.95239438 0.95340226] 
 f1: [0.95968708 0.94309758] 
 f1_avg: 0.9528821587108


Validation Epoch: 26 accuracy: 0.86 
 precision: [0.96274259 0.7039015 ] 
 recall: [0.84048589 0.92100155] 
 f1: [0.89746981 0.79794837] 
 f1_avg: 0.8684443693087531

--- 13190.847966194153 seconds ---

Train Epoch: 27 accuracy: 0.95 
 precision: [0.9628344  0.93152487] 
 recall: [0.95157667 0.94718562] 
 f1: [0.95717244 0.93928997] 
 f1_avg: 0.9498371466869053


Validation Epoch: 27 accuracy: 0.87 
 precision: [0.94735459 0.72827652] 
 recall: [0.86430113 0.88334627] 
 f1: [0.90392411 0.79835102] 
 f1_avg: 0.8731337015686094

--- 13695.396672487259 seconds ---

Train Epoch: 28 accuracy: 0.94 
 precision: [0.95440617 0.92661951] 
 recall: [0.94851262 0.93484695] 
 f1: [0.95145027 0.93071505] 
 f1_avg: 0.9429447947206472


Validation Epoch: 28 accuracy: 0.86 
 precision: [0.96576677 0.69459773] 
 recall: [0.83193479 0.92837733] 
 f1: [0.89386914 0.79465027] 
 f1_avg: 0.8649319420536138

--- 14199.109473228455 seconds ---

Train Epoch: 29 accuracy: 0.95 
 precision: [0.96617383 0.92920634] 
 recall: [0.9495465  0.95219947] 
 f1: [0.95778801 0.9405624 ] 
 f1_avg: 0.950722157760323


Validation Epoch: 29 accuracy: 0.87 
 precision: [0.94930549 0.71974222] 
 recall: [0.85750819 0.88878106] 
 f1: [0.90107491 0.79537954] 
 f1_avg: 0.870248836606349

--- 14703.908891916275 seconds ---

Train Epoch: 30 accuracy: 0.96 
 precision: [0.96952158 0.94173052] 
 recall: [0.95883265 0.95665923] 
 f1: [0.96414749 0.94913618] 
 f1_avg: 0.9579899336718782


Validation Epoch: 30 accuracy: 0.87 
 precision: [0.95521462 0.72734387] 
 recall: [0.86078478 0.90197981] 
 f1: [0.90554458 0.80530283] 
 f1_avg: 0.8763090585866078

--- 15209.6304666996 seconds ---

Train Epoch: 31 accuracy: 0.96 
 precision: [0.97293225 0.95007813] 
 recall: [0.96486677 0.9614028 ] 
 f1: [0.96888272 0.95570692] 
 f1_avg: 0.9634780782235547


Validation Epoch: 31 accuracy: 0.86 
 precision: [0.95811756 0.70456594] 
 recall: [0.84280348 0.91052019] 
 f1: [0.89676871 0.79441152] 
 f1_avg: 0.8669162165547231

--- 15714.105858564377 seconds ---

Train Epoch: 32 accuracy: 0.96 
 precision: [0.9745671  0.95019586] 
 recall: [0.96486677 0.96379485] 
 f1: [0.96969268 0.95694704] 
 f1_avg: 0.9644644870117557


Validation Epoch: 32 accuracy: 0.86 
 precision: [0.95642741 0.70725428] 
 recall: [0.84552066 0.9064441 ] 
 f1: [0.89756098 0.79455551] 
 f1_avg: 0.867519415031833

--- 16218.753003120422 seconds ---

Train Epoch: 33 accuracy: 0.97 
 precision: [0.97526411 0.95138398] 
 recall: [0.96571267 0.9647814 ] 
 f1: [0.97046489 0.95803586] 
 f1_avg: 0.9653665698031886


Validation Epoch: 33 accuracy: 0.87 
 precision: [0.95574904 0.71413243] 
 recall: [0.85095501 0.90430901] 
 f1: [0.90031284 0.79804728] 
 f1_avg: 0.8704870749494483

--- 16721.623564720154 seconds ---

Train Epoch: 34 accuracy: 0.97 
 precision: [0.97542257 0.95397216] 
 recall: [0.96762066 0.96494358] 
 f1: [0.97150595 0.9594265 ] 
 f1_avg: 0.9665510272521104


Validation Epoch: 34 accuracy: 0.85 
 precision: [0.95781337 0.67836004] 
 recall: [0.82194518 0.91207298] 
 f1: [0.88469313 0.77804454] 
 f1_avg: 0.8535890532034227

--- 17225.712315559387 seconds ---

Train Epoch: 35 accuracy: 0.96 
 precision: [0.97320274 0.94612522] 
 recall: [0.9619061  0.96191635] 
 f1: [0.96752145 0.95395544] 
 f1_avg: 0.9619567437903944


Validation Epoch: 35 accuracy: 0.87 
 precision: [0.95445299 0.7293174 ] 
 recall: [0.86246304 0.90003882] 
 f1: [0.9061293  0.80573414] 
 f1_avg: 0.8768490393890281

--- 17730.910477399826 seconds ---

Train Epoch: 36 accuracy: 0.97 
 precision: [0.97441389 0.95232689] 
 recall: [0.96645519 0.96351105] 
 f1: [0.97041822 0.95788632] 
 f1_avg: 0.9652777044765181


Validation Epoch: 36 accuracy: 0.87 
 precision: [0.96178114 0.71952519] 
 recall: [0.85271318 0.91770186] 
 f1: [0.90396916 0.80661947] 
 f1_avg: 0.8755771077886565

--- 18235.39238333702 seconds ---

Train Epoch: 37 accuracy: 0.96 
 precision: [0.97455372 0.94852902] 
 recall: [0.96362611 0.96382188] 
 f1: [0.96905911 0.9561143 ] 
 f1_avg: 0.9637492187827896


Validation Epoch: 37 accuracy: 0.87 
 precision: [0.96509836 0.718571  ] 
 recall: [0.85079517 0.92527174] 
 f1: [0.9043493  0.80892584] 
 f1_avg: 0.8765190366982477

--- 18746.35907649994 seconds ---

Train Epoch: 38 accuracy: 0.96 
 precision: [0.9751942  0.94911784] 
 recall: [0.96403026 0.96474086] 
 f1: [0.9695801  0.95686558] 
 f1_avg: 0.9643646717547449


Validation Epoch: 38 accuracy: 0.87 
 precision: [0.96169136 0.7166894 ] 
 recall: [0.85063534 0.91770186] 
 f1: [0.9027607  0.80483445] 
 f1_avg: 0.8742004931046817

--- 19252.332497358322 seconds ---

Train Epoch: 39 accuracy: 0.97 
 precision: [0.97468474 0.95692721] 
 recall: [0.96982941 0.96378134] 
 f1: [0.97225101 0.96034204] 
 f1_avg: 0.9673660173924813


Validation Epoch: 39 accuracy: 0.84 
 precision: [0.96653203 0.66107059] 
 recall: [0.80316471 0.93245342] 
 f1: [0.87730784 0.77365327] 
 f1_avg: 0.8470769718635244

--- 19755.058655500412 seconds ---

Train Epoch: 40 accuracy: 0.97 
 precision: [0.97946633 0.959549  ] 
 recall: [0.97154002 0.97071424] 
 f1: [0.97548707 0.96509933] 
 f1_avg: 0.9712260764158036


Validation Epoch: 40 accuracy: 0.85 
 precision: [0.97180826 0.68092567] 
 recall: [0.81818908 0.94235248] 
 f1: [0.8884068  0.79058785] 
 f1_avg: 0.859877890891051

--- 20258.606229543686 seconds ---

Train Epoch: 41 accuracy: 0.97 
 precision: [0.98053623 0.96035348] 
 recall: [0.97208515 0.97225488] 
 f1: [0.9762924  0.96626754] 
 f1_avg: 0.9721802561162849


Validation Epoch: 41 accuracy: 0.85 
 precision: [0.96936626 0.66934478] 
 recall: [0.80923839 0.9378882 ] 
 f1: [0.88209417 0.7811818 ] 
 f1_avg: 0.8526630589403469

--- 20761.493863105774 seconds ---

Train Epoch: 42 accuracy: 0.97 
 precision: [0.98326233 0.96008666] 
 recall: [0.97177499 0.97621461] 
 f1: [0.97748491 0.96808347] 
 f1_avg: 0.9736284882543457


Validation Epoch: 42 accuracy: 0.86 
 precision: [0.96698596 0.69401042] 
 recall: [0.83097579 0.93109472] 
 f1: [0.8938365  0.79525862] 
 f1_avg: 0.865086245879009

--- 21265.177666664124 seconds ---

Train Epoch: 43 accuracy: 0.98 
 precision: [0.9829433  0.96514752] 
 recall: [0.97549697 0.97566052] 
 f1: [0.97920598 0.97037555] 
 f1_avg: 0.9755837832658251


Validation Epoch: 43 accuracy: 0.84 
 precision: [0.97059393 0.66166234] 
 recall: [0.80188604 0.94099379] 
 f1: [0.87821102 0.77698534] 
 f1_avg: 0.8486885327588283

--- 21766.77821779251 seconds ---

Train Epoch: 44 accuracy: 0.98 
 precision: [0.98470974 0.96227318] 
 recall: [0.97332581 0.9782688 ] 
 f1: [0.97898469 0.97020507] 
 f1_avg: 0.9753833331425975


Validation Epoch: 44 accuracy: 0.86 
 precision: [0.96479587 0.70002935] 
 recall: [0.83664988 0.92585404] 
 f1: [0.89616504 0.7972589 ] 
 f1_avg: 0.8673190491000808

--- 22268.608163118362 seconds ---

Train Epoch: 45 accuracy: 0.97 
 precision: [0.98242089 0.96357541] 
 recall: [0.9743691  0.97493074] 
 f1: [0.97837843 0.96921981] 
 f1_avg: 0.9746216151459037


Validation Epoch: 45 accuracy: 0.85 
 precision: [0.97190367 0.67462852] 
 recall: [0.81275474 0.94293478] 
 f1: [0.88523306 0.78652959] 
 f1_avg: 0.8564461764073568

--- 22770.45720100403 seconds ---

Train Epoch: 46 accuracy: 0.97 
 precision: [0.98285144 0.95936213] 
 recall: [0.97125805 0.97563349] 
 f1: [0.97702035 0.96742939] 
 f1_avg: 0.9730861928337526


Validation Epoch: 46 accuracy: 0.86 
 precision: [0.96738013 0.68949182] 
 recall: [0.82713977 0.93225932] 
 f1: [0.89178011 0.79270507] 
 f1_avg: 0.8628848608848371

--- 23274.642112970352 seconds ---

Train Epoch: 47 accuracy: 0.97 
 precision: [0.9805439  0.95830891] 
 recall: [0.97058132 0.97230894] 
 f1: [0.97553718 0.96525817] 
 f1_avg: 0.9713207816683416


Validation Epoch: 47 accuracy: 0.85 
 precision: [0.96526196 0.6713424 ] 
 recall: [0.81275474 0.92895963] 
 f1: [0.88246779 0.77941536] 
 f1_avg: 0.8524125290706124

--- 23777.071867227554 seconds ---

Train Epoch: 48 accuracy: 0.97 
 precision: [0.98179889 0.96295109] 
 recall: [0.97393675 0.97403879] 
 f1: [0.97785201 0.9684632 ] 
 f1_avg: 0.9740007740638209


Validation Epoch: 48 accuracy: 0.85 
 precision: [0.96883637 0.67275516] 
 recall: [0.81243507 0.9365295 ] 
 f1: [0.88376945 0.78302499] 
 f1_avg: 0.8543873141328794

--- 24278.757354736328 seconds ---

Train Epoch: 49 accuracy: 0.97 
 precision: [0.98229744 0.95982755] 
 recall: [0.97162461 0.97482262] 
 f1: [0.97693187 0.96726697] 
 f1_avg: 0.972967383513483


Validation Epoch: 49 accuracy: 0.86 
 precision: [0.96462902 0.68676259] 
 recall: [0.82602094 0.92643634] 
 f1: [0.88996039 0.78879524] 
 f1_avg: 0.8604555602493034

--- 24780.269178152084 seconds ---

Train Epoch: 50 accuracy: 0.97 
 precision: [0.97888857 0.95993847] 
 recall: [0.97185018 0.96986283] 
 f1: [0.97535668 0.96487513] 
 f1_avg: 0.9710572049040488


Validation Epoch: 50 accuracy: 0.83 
 precision: [0.96908856 0.63663861] 
 recall: [0.77918964 0.93963509] 
 f1: [0.86382564 0.75901537] 
 f1_avg: 0.8332577071555712

--- 25283.246069192886 seconds ---

Train Epoch: 51 accuracy: 0.97 
 precision: [0.98236398 0.96277561] 
 recall: [0.97378636 0.97486317] 
 f1: [0.97805637 0.96878169] 
 f1_avg: 0.97425194350614


Validation Epoch: 51 accuracy: 0.85 
 precision: [0.96356162 0.68399885] 
 recall: [0.82418285 0.92430124] 
 f1: [0.88843901 0.78619779] 
 f1_avg: 0.8586203398815208

--- 25787.03381419182 seconds ---

Train Epoch: 52 accuracy: 0.98 
 precision: [0.98630046 0.96291971] 
 recall: [0.97373937 0.98055274] 
 f1: [0.97997966 0.97165623] 
 f1_avg: 0.9765654366883354


Validation Epoch: 52 accuracy: 0.87 
 precision: [0.96122764 0.71031269] 
 recall: [0.84600016 0.91711957] 
 f1: [0.89994049 0.80057608] 
 f1_avg: 0.8709608441323851

--- 26290.04264974594 seconds ---

Train Epoch: 53 accuracy: 0.98 
 precision: [0.98589744 0.96564123] 
 recall: [0.97575074 0.97993108] 
 f1: [0.98079785 0.97273368] 
 f1_avg: 0.9774899669237171


Validation Epoch: 53 accuracy: 0.85 
 precision: [0.96157067 0.68502457] 
 recall: [0.8258611  0.91983696] 
 f1: [0.88856406 0.78525269] 
 f1_avg: 0.8584332825383233

--- 26792.285113096237 seconds ---

Train Epoch: 54 accuracy: 0.98 
 precision: [0.9868953 0.9680834] 
 recall: [0.97749894 0.98133658] 
 f1: [0.98217465 0.97466494] 
 f1_avg: 0.979094205145857


Validation Epoch: 54 accuracy: 0.86 
 precision: [0.96076459 0.7016788 ] 
 recall: [0.83952689 0.91673137] 
 f1: [0.89606346 0.79491711] 
 f1_avg: 0.8665641124442084

--- 27294.39474916458 seconds ---

Train Epoch: 55 accuracy: 0.98 
 precision: [0.98762104 0.96856762] 
 recall: [0.97782791 0.98237719] 
 f1: [0.98270007 0.97542353] 
 f1_avg: 0.9797152745531493


Validation Epoch: 55 accuracy: 0.87 
 precision: [0.95842313 0.71818043] 
 recall: [0.85295293 0.91013199] 
 f1: [0.90261745 0.80284222] 
 f1_avg: 0.8735179870936353

--- 27796.916266679764 seconds ---

Train Epoch: 56 accuracy: 0.98 
 precision: [0.98765327 0.97005485] 
 recall: [0.97890878 0.98240422] 
 f1: [0.98326158 0.97619048] 
 f1_avg: 0.9803610537816578


Validation Epoch: 56 accuracy: 0.86 
 precision: [0.95984738 0.70752591] 
 recall: [0.84440182 0.91420807] 
 f1: [0.89843119 0.79769667] 
 f1_avg: 0.8690519515501294

--- 28299.227393627167 seconds ---

Train Epoch: 57 accuracy: 0.98 
 precision: [0.98843108 0.97117502] 
 recall: [0.97969829 0.9835124 ] 
 f1: [0.98404532 0.97730477] 
 f1_avg: 0.9812803816967818


Validation Epoch: 57 accuracy: 0.86 
 precision: [0.95993079 0.70496709] 
 recall: [0.8424039  0.91459627] 
 f1: [0.89733549 0.79621494] 
 f1_avg: 0.8678436650531567

--- 28801.885264873505 seconds ---

Train Epoch: 58 accuracy: 0.98 
 precision: [0.98866037 0.97283212] 
 recall: [0.98089196 0.98382323] 
 f1: [0.98476084 0.9782968 ] 
 f1_avg: 0.9821093296152054


Validation Epoch: 58 accuracy: 0.86 
 precision: [0.96305898 0.69245338] 
 recall: [0.83129545 0.92255435] 
 f1: [0.89233937 0.79111185] 
 f1_avg: 0.8628163460927795

--- 29303.198703289032 seconds ---

Train Epoch: 59 accuracy: 0.98 
 precision: [0.98916577 0.97277376] 
 recall: [0.98083557 0.98455301] 
 f1: [0.98498306 0.97862794] 
 f1_avg: 0.9823762242424169


Validation Epoch: 59 accuracy: 0.86 
 precision: [0.96116328 0.7057945 ] 
 recall: [0.84256373 0.91731366] 
 f1: [0.8979644  0.79777178] 
 f1_avg: 0.8687432043317348

--- 29804.820280075073 seconds ---

Train Epoch: 60 accuracy: 0.98 
 precision: [0.9892782  0.97276514] 
 recall: [0.98082617 0.98471518] 
 f1: [0.98503405 0.97870369] 
 f1_avg: 0.9824373698754922


Validation Epoch: 60 accuracy: 0.86 
 precision: [0.96185586 0.70069537] 
 recall: [0.83832814 0.91925466] 
 f1: [0.89585379 0.7952313 ] 
 f1_avg: 0.8665072275593441

Early stopping!

Test Epoch: accuracy: 0.91 
 precision: [0.91081081 0.91691819] 
 recall: [0.95232452 0.84944812] 
 f1: [0.93110517 0.88189458] 
 f1_avg: 0.9122824290271848

--- 30317.846175432205 seconds ---

Test Epoch: accuracy: 0.89 
 precision: [0.93482386 0.78679654] 
 recall: [0.90553824 0.84666149] 
 f1: [0.91994804 0.81563201] 
 f1_avg: 0.8895242536856115

--- 30328.653345823288 seconds ---
