Requirement already satisfied: scikit-learn in /net/cephfs/data/zifjia/condaenvs/audio_clf/lib/python3.8/site-packages (1.1.2)
Requirement already satisfied: numpy>=1.17.3 in /net/cephfs/data/zifjia/condaenvs/audio_clf/lib/python3.8/site-packages (from scikit-learn) (1.22.3)
Requirement already satisfied: joblib>=1.0.0 in /net/cephfs/data/zifjia/condaenvs/audio_clf/lib/python3.8/site-packages (from scikit-learn) (1.1.0)
Requirement already satisfied: threadpoolctl>=2.0.0 in /net/cephfs/data/zifjia/condaenvs/audio_clf/lib/python3.8/site-packages (from scikit-learn) (3.1.0)
Requirement already satisfied: scipy>=1.3.2 in /net/cephfs/data/zifjia/condaenvs/audio_clf/lib/python3.8/site-packages (from scikit-learn) (1.9.1)
Requirement already satisfied: tensorboard in /net/cephfs/data/zifjia/condaenvs/audio_clf/lib/python3.8/site-packages (2.10.1)
Requirement already satisfied: markdown>=2.6.8 in /net/cephfs/home/zifjia/.local/lib/python3.8/site-packages (from tensorboard) (3.4.1)
Requirement already satisfied: wheel>=0.26 in /net/cephfs/data/zifjia/condaenvs/audio_clf/lib/python3.8/site-packages (from tensorboard) (0.37.1)
Requirement already satisfied: numpy>=1.12.0 in /net/cephfs/data/zifjia/condaenvs/audio_clf/lib/python3.8/site-packages (from tensorboard) (1.22.3)
Requirement already satisfied: grpcio>=1.24.3 in /net/cephfs/home/zifjia/.local/lib/python3.8/site-packages (from tensorboard) (1.47.0)
Requirement already satisfied: google-auth-oauthlib<0.5,>=0.4.1 in /net/cephfs/home/zifjia/.local/lib/python3.8/site-packages (from tensorboard) (0.4.6)
Requirement already satisfied: absl-py>=0.4 in /net/cephfs/home/zifjia/.local/lib/python3.8/site-packages (from tensorboard) (1.2.0)
Requirement already satisfied: requests<3,>=2.21.0 in /net/cephfs/data/zifjia/condaenvs/audio_clf/lib/python3.8/site-packages (from tensorboard) (2.28.1)
Requirement already satisfied: setuptools>=41.0.0 in /net/cephfs/data/zifjia/condaenvs/audio_clf/lib/python3.8/site-packages (from tensorboard) (60.8.1)
Requirement already satisfied: tensorboard-data-server<0.7.0,>=0.6.0 in /net/cephfs/home/zifjia/.local/lib/python3.8/site-packages (from tensorboard) (0.6.1)
Requirement already satisfied: tensorboard-plugin-wit>=1.6.0 in /net/cephfs/home/zifjia/.local/lib/python3.8/site-packages (from tensorboard) (1.8.1)
Requirement already satisfied: protobuf<3.20,>=3.9.2 in /net/cephfs/home/zifjia/.local/lib/python3.8/site-packages (from tensorboard) (3.19.4)
Requirement already satisfied: google-auth<3,>=1.6.3 in /net/cephfs/home/zifjia/.local/lib/python3.8/site-packages (from tensorboard) (2.9.1)
Requirement already satisfied: werkzeug>=1.0.1 in /net/cephfs/data/zifjia/condaenvs/audio_clf/lib/python3.8/site-packages (from tensorboard) (2.1.2)
Requirement already satisfied: six>=1.9.0 in /net/cephfs/data/zifjia/condaenvs/audio_clf/lib/python3.8/site-packages (from google-auth<3,>=1.6.3->tensorboard) (1.16.0)
Requirement already satisfied: pyasn1-modules>=0.2.1 in /net/cephfs/home/zifjia/.local/lib/python3.8/site-packages (from google-auth<3,>=1.6.3->tensorboard) (0.2.8)
Requirement already satisfied: cachetools<6.0,>=2.0.0 in /net/cephfs/home/zifjia/.local/lib/python3.8/site-packages (from google-auth<3,>=1.6.3->tensorboard) (5.2.0)
Requirement already satisfied: rsa<5,>=3.1.4 in /net/cephfs/home/zifjia/.local/lib/python3.8/site-packages (from google-auth<3,>=1.6.3->tensorboard) (4.9)
Requirement already satisfied: requests-oauthlib>=0.7.0 in /net/cephfs/home/zifjia/.local/lib/python3.8/site-packages (from google-auth-oauthlib<0.5,>=0.4.1->tensorboard) (1.3.1)
Requirement already satisfied: importlib-metadata>=4.4 in /net/cephfs/home/zifjia/.local/lib/python3.8/site-packages (from markdown>=2.6.8->tensorboard) (4.12.0)
Requirement already satisfied: idna<4,>=2.5 in /net/cephfs/data/zifjia/condaenvs/audio_clf/lib/python3.8/site-packages (from requests<3,>=2.21.0->tensorboard) (3.4)
Requirement already satisfied: certifi>=2017.4.17 in /net/cephfs/data/zifjia/condaenvs/audio_clf/lib/python3.8/site-packages (from requests<3,>=2.21.0->tensorboard) (2022.9.14)
Requirement already satisfied: urllib3<1.27,>=1.21.1 in /net/cephfs/data/zifjia/condaenvs/audio_clf/lib/python3.8/site-packages (from requests<3,>=2.21.0->tensorboard) (1.26.12)
Requirement already satisfied: charset-normalizer<3,>=2 in /net/cephfs/data/zifjia/condaenvs/audio_clf/lib/python3.8/site-packages (from requests<3,>=2.21.0->tensorboard) (2.1.1)
Requirement already satisfied: zipp>=0.5 in /net/cephfs/data/zifjia/condaenvs/audio_clf/lib/python3.8/site-packages (from importlib-metadata>=4.4->markdown>=2.6.8->tensorboard) (3.8.0)
Requirement already satisfied: pyasn1<0.5.0,>=0.4.6 in /net/cephfs/home/zifjia/.local/lib/python3.8/site-packages (from pyasn1-modules>=0.2.1->google-auth<3,>=1.6.3->tensorboard) (0.4.8)
Requirement already satisfied: oauthlib>=3.0.0 in /net/cephfs/home/zifjia/.local/lib/python3.8/site-packages (from requests-oauthlib>=0.7.0->google-auth-oauthlib<0.5,>=0.4.1->tensorboard) (3.2.0)
Requirement already satisfied: torch in /net/cephfs/data/zifjia/condaenvs/audio_clf/lib/python3.8/site-packages (1.12.1)
Requirement already satisfied: torchvision in /net/cephfs/data/zifjia/condaenvs/audio_clf/lib/python3.8/site-packages (0.13.1)
Requirement already satisfied: torchaudio in /net/cephfs/data/zifjia/condaenvs/audio_clf/lib/python3.8/site-packages (0.12.1)
Requirement already satisfied: typing-extensions in /net/cephfs/data/zifjia/condaenvs/audio_clf/lib/python3.8/site-packages (from torch) (4.0.1)
Requirement already satisfied: numpy in /net/cephfs/data/zifjia/condaenvs/audio_clf/lib/python3.8/site-packages (from torchvision) (1.22.3)
Requirement already satisfied: pillow!=8.3.*,>=5.3.0 in /net/cephfs/data/zifjia/condaenvs/audio_clf/lib/python3.8/site-packages (from torchvision) (9.0.1)
Requirement already satisfied: requests in /net/cephfs/data/zifjia/condaenvs/audio_clf/lib/python3.8/site-packages (from torchvision) (2.28.1)
Requirement already satisfied: urllib3<1.27,>=1.21.1 in /net/cephfs/data/zifjia/condaenvs/audio_clf/lib/python3.8/site-packages (from requests->torchvision) (1.26.12)
Requirement already satisfied: idna<4,>=2.5 in /net/cephfs/data/zifjia/condaenvs/audio_clf/lib/python3.8/site-packages (from requests->torchvision) (3.4)
Requirement already satisfied: charset-normalizer<3,>=2 in /net/cephfs/data/zifjia/condaenvs/audio_clf/lib/python3.8/site-packages (from requests->torchvision) (2.1.1)
Requirement already satisfied: certifi>=2017.4.17 in /net/cephfs/data/zifjia/condaenvs/audio_clf/lib/python3.8/site-packages (from requests->torchvision) (2022.9.14)
{'name': 'longcall_wav2vec2_lstm_ar_42', 'data_path': '/home/cluster/zifjia/data/data_greatarc_longcall/wav2vec2_split_42', 'test_only': False, 'balance_weights': True, 'model_type': 'lstm', 'model_autoregressive': True, 'n_embedding': 768, 'd_hid': 1024, 'nlayers': 2, 'batch_size': 1, 'n_epoch': 200, 'lr': 0.0005, 'dropout': 0.2, 'patience': 10, 'step_factor': 0.7, 'seed': 42}
cuda
Reading data ...
train, dev, test number of files: 50, 6, 7.
dev files:  ['15T6lcZeke', '2T6lcZeke', '125dat LC Rambo', '75datA LC Kay', '52dat LC Sultan', '137dat LC Fugit']
test files:  ['24dat LC Male', '23datA LC Fugit', '48datA LC Niko', '7T6lcZeke', '2T7lcNico', '28T5lcNiko', '47dat LC Sultan']
data_all: (215820, 769)
train_data_all: (180390, 769)
Labels in train_data_all:  {0: 106395, 1: 0, 2: 30659, 3: 3407, 4: 23440, 5: 14653, 6: 1807, 7: 29, 8: 0}
--- 3.3020501136779785 seconds ---
LSTM(
  (lstm): LSTM(777, 1024, num_layers=2, dropout=0.2, bidirectional=True)
  (hidden2tag): Linear(in_features=2048, out_features=9, bias=True)
)
Number of parameters: 39970825

Train Epoch: 1 accuracy: 0.48 
 precision: [0.83676083 0.         0.37810203 0.06007194 0.45459824 0.17150023
 0.         0.         1.        ] 
 recall: [0.55261056 1.         0.33892169 0.24508365 0.50106655 0.36402102
 0.         0.         1.        ] 
 f1: [0.66562889 0.         0.35744139 0.09649275 0.47670265 0.23315485
 0.         0.         1.        ] 
 f1_avg: 0.5360466797462817


Validation Epoch: 1 accuracy: 0.57 
 precision: [0.91763554 1.         0.21804511 0.21616541 0.61650258 0.15750217
 1.         1.         1.        ] 
 recall: [0.59921681 1.         0.09813875 0.7120743  0.71623094 0.60735786
 0.         0.         0.        ] 
 f1: [0.72500483 1.         0.13535589 0.33165105 0.66263542 0.25013774
 0.         0.         0.        ] 
 f1_avg: 0.618718030633369

New best val score, save model ...
--- 472.07311630249023 seconds ---

Train Epoch: 2 accuracy: 0.54 
 precision: [0.88299958 1.         0.43585021 0.09793147 0.46591422 0.22656471
 0.         0.         1.        ] 
 recall: [0.63492645 1.         0.16210574 0.64338127 0.61638225 0.60253873
 0.         0.         1.        ] 
 f1: [0.73869185 1.         0.23631782 0.16998837 0.53068871 0.32930514
 0.         0.         1.        ] 
 f1_avg: 0.5747668313272533


Validation Epoch: 2 accuracy: 0.65 
 precision: [0.93196337 1.         0.23011016 0.24400871 0.6238574  0.22275862
 1.         1.         1.        ] 
 recall: [0.69951251 1.         0.15905245 0.69349845 0.74346405 0.64816054
 0.         0.         0.        ] 
 f1: [0.79917827 1.         0.18809405 0.36099919 0.67842942 0.33156544
 0.         0.         0.        ] 
 f1_avg: 0.6838570251017593

New best val score, save model ...
--- 937.2302851676941 seconds ---

Train Epoch: 3 accuracy: 0.65 
 precision: [0.90237453 1.         0.53159629 0.13630108 0.54541809 0.34144684
 0.05331243 0.         1.        ] 
 recall: [0.77294046 1.         0.34736945 0.66862342 0.58020478 0.58302054
 0.07526287 0.         1.        ] 
 f1: [0.83265748 1.         0.42017636 0.22644135 0.5622739  0.43067073
 0.06241395 0.         1.        ] 
 f1_avg: 0.6754663009252824


Validation Epoch: 3 accuracy: 0.58 
 precision: [0.95119471 1.         0.10077519 0.22968581 0.48307411 0.17419229
 0.         0.         1.        ] 
 recall: [0.59809798 1.         0.02199662 0.65634675 0.8627451  0.59866221
 0.         0.         0.        ] 
 f1: [0.7344095  1.         0.03611111 0.34028892 0.61935484 0.26986281
 0.         0.         0.        ] 
 f1_avg: 0.6160681063171864

--- 1401.7083365917206 seconds ---

Train Epoch: 4 accuracy: 0.65 
 precision: [0.90991275 1.         0.50128178 0.15077714 0.52555131 0.36112786
 0.09306931 0.06642066 1.        ] 
 recall: [0.75870107 1.         0.30614175 0.72321691 0.63442833 0.65379103
 0.07802988 0.62068966 1.        ] 
 f1: [0.82745542 1.         0.38013081 0.24953162 0.57488016 0.46526311
 0.08488862 0.12       1.        ] 
 f1_avg: 0.670720491949588


Validation Epoch: 4 accuracy: 0.56 
 precision: [0.96539612 1.         0.16595745 0.1587934  0.46575777 0.19327957
 0.         0.         1.        ] 
 recall: [0.59306321 1.         0.06598985 0.86377709 0.80010893 0.48093645
 0.         0.         0.        ] 
 f1: [0.73475248 1.         0.09443099 0.26826923 0.58877756 0.27574305
 0.         0.         0.        ] 
 f1_avg: 0.6162161090862596

--- 1866.4843771457672 seconds ---

Train Epoch: 5 accuracy: 0.64 
 precision: [0.92183835 1.         0.47798651 0.15233294 0.5380224  0.36954813
 0.09257642 0.02100162 1.        ] 
 recall: [0.73128436 1.         0.32117812 0.72732609 0.62721843 0.64184809
 0.29330382 0.44827586 1.        ] 
 f1: [0.81557886 1.         0.38419821 0.25190607 0.57920656 0.46904222
 0.14073287 0.04012346 1.        ] 
 f1_avg: 0.6658674806751878


Validation Epoch: 5 accuracy: 0.42 
 precision: [0.97311489 1.         0.11177347 0.19784173 0.60994428 0.19325414
 0.         0.00777897 1.        ] 
 recall: [0.37025493 1.         0.06345178 0.85139319 0.77505447 0.60936455
 0.         0.26363636 0.        ] 
 f1: [0.53641311 1.         0.08094981 0.32107414 0.68265771 0.293445
 0.         0.01511204 0.        ] 
 f1_avg: 0.4871355211211133

--- 2331.120998620987 seconds ---

Train Epoch: 6 accuracy: 0.66 
 precision: [0.93973482 1.         0.49562462 0.18236544 0.54127927 0.41842007
 0.10015873 0.01042041 1.        ] 
 recall: [0.75141689 1.         0.34175935 0.75579689 0.61843003 0.69078005
 0.34919757 1.         1.        ] 
 f1: [0.8350908  1.         0.40455598 0.29383237 0.57728839 0.52116157
 0.15566794 0.02062589 1.        ] 
 f1_avg: 0.685758437971559


Validation Epoch: 6 accuracy: 0.63 
 precision: [0.96483001 1.         0.19591528 0.24198251 0.74777283 0.23843173
 0.00603622 0.         1.        ] 
 recall: [0.65771598 1.         0.21912014 0.77089783 0.73148148 0.69966555
 0.04347826 0.         0.        ] 
 f1: [0.78220786 1.         0.20686901 0.3683432  0.73953744 0.35566134
 0.01060071 0.         0.        ] 
 f1_avg: 0.6816584701537135

--- 2795.5838441848755 seconds ---

Train Epoch: 7 accuracy: 0.66 
 precision: [0.94437472 1.         0.49463237 0.19887683 0.59674503 0.44274809
 0.06290945 0.03751617 1.        ] 
 recall: [0.74965929 1.         0.39825174 0.77957147 0.63353242 0.63727564
 0.38793581 1.         1.        ] 
 f1: [0.83582653 1.         0.44124024 0.31690729 0.61458872 0.52249329
 0.10826255 0.0723192  1.        ] 
 f1_avg: 0.6973514742461033


Validation Epoch: 7 accuracy: 0.67 
 precision: [0.95288296 1.         0.20575221 0.28364116 0.61128776 0.24931233
 0.         1.         1.        ] 
 recall: [0.70790378 1.         0.15736041 0.66563467 0.83769063 0.66688963
 0.         0.         0.        ] 
 f1: [0.81232519 1.         0.17833174 0.39777983 0.70680147 0.36294139
 0.         0.         0.        ] 
 f1_avg: 0.6987931468689689

New best val score, save model ...
--- 3260.640270471573 seconds ---

Train Epoch: 8 accuracy: 0.69 
 precision: [0.94152074 1.         0.56526937 0.20101224 0.59885235 0.42771799
 0.12644498 0.0391363  1.        ] 
 recall: [0.76963203 1.         0.46270263 0.78103904 0.62777304 0.66450556
 0.49031544 1.         1.        ] 
 f1: [0.8469431  1.         0.50886916 0.31973566 0.61297176 0.52044471
 0.20104379 0.07532468 1.        ] 
 f1_avg: 0.7160090646530772


Validation Epoch: 8 accuracy: 0.65 
 precision: [0.96453431 1.         0.13942308 0.2087821  0.45916667 0.30078966
 0.06821107 0.         1.        ] 
 recall: [0.69767442 1.         0.02453469 0.78018576 0.9003268  0.56053512
 0.76811594 0.         0.        ] 
 f1: [0.8096828  1.         0.04172662 0.32941176 0.60816777 0.39149731
 0.12529551 0.         0.        ] 
 f1_avg: 0.6791854910139197

--- 3725.138725757599 seconds ---

Train Epoch: 9 accuracy: 0.67 
 precision: [0.94088475 1.         0.55862498 0.21590819 0.59121404 0.45141624
 0.09657666 0.04957265 1.        ] 
 recall: [0.73824898 1.         0.41025474 0.79512768 0.66544369 0.65693032
 0.72440509 1.         1.        ] 
 f1: [0.82733995 1.         0.47307945 0.33960135 0.62613652 0.53511966
 0.17043161 0.09446254 1.        ] 
 f1_avg: 0.7013385244014964


Validation Epoch: 9 accuracy: 0.75 
 precision: [0.93847255 1.         0.18402778 0.2894356  0.58302719 0.38839475
 0.         1.         1.        ] 
 recall: [0.83864781 1.         0.08967851 0.61919505 0.86437908 0.61337793
 0.         0.         0.        ] 
 f1: [0.88575649 1.         0.12059158 0.39447732 0.69635805 0.47562241
 0.         0.         0.        ] 
 f1_avg: 0.7553351399344357

New best val score, save model ...
--- 4190.10079908371 seconds ---

Train Epoch: 10 accuracy: 0.70 
 precision: [0.94890696 1.         0.58891943 0.19713607 0.60524985 0.44625407
 0.15676568 0.05017301 1.        ] 
 recall: [0.77311904 1.         0.45418963 0.77986498 0.66399317 0.68252235
 0.68345324 1.         1.        ] 
 f1: [0.8520406  1.         0.51285357 0.3147172  0.63326213 0.53966113
 0.25503356 0.09555189 1.        ] 
 f1_avg: 0.724339567546837


Validation Epoch: 10 accuracy: 0.72 
 precision: [0.95494257 1.         0.19109948 0.26132771 0.64913025 0.31354135
 0.11042945 1.         1.        ] 
 recall: [0.77743147 1.         0.06175973 0.76780186 0.83333333 0.69230769
 0.7826087  0.         0.        ] 
 f1: [0.85709251 1.         0.09335038 0.38993711 0.72978774 0.43160967
 0.19354839 0.         0.        ] 
 f1_avg: 0.7336309099955362

--- 4654.0573925971985 seconds ---

Train Epoch: 11 accuracy: 0.72 
 precision: [0.95530389 1.         0.60486766 0.22281846 0.64266688 0.49814056
 0.16358696 0.05894309 1.        ] 
 recall: [0.78888106 1.         0.47258554 0.79219254 0.69991468 0.72217293
 0.83287216 1.         1.        ] 
 f1: [0.86415279 1.         0.53060627 0.34780928 0.67007025 0.58959216
 0.27346234 0.11132438 1.        ] 
 f1_avg: 0.744151533098629


Validation Epoch: 11 accuracy: 0.60 
 precision: [0.97148463 1.         0.07189542 0.2029549  0.58916148 0.21134287
 0.34693878 1.         1.        ] 
 recall: [0.59354272 1.         0.00930626 0.80804954 0.87636166 0.82006689
 0.24637681 0.         0.        ] 
 f1: [0.73687866 1.         0.0164794  0.32442511 0.7046201  0.33607456
 0.28813559 0.         0.        ] 
 f1_avg: 0.6318044691196325

--- 5116.522393941879 seconds ---

Train Epoch: 12 accuracy: 0.73 
 precision: [0.95559203 1.         0.61969546 0.22336361 0.61602542 0.47542102
 0.2239258  0.06144068 1.        ] 
 recall: [0.80435171 1.         0.48582798 0.77223364 0.67828498 0.76100457
 0.65467626 1.         1.        ] 
 f1: [0.87347347 1.         0.54465673 0.34650336 0.64565778 0.58523145
 0.33370945 0.11576846 1.        ] 
 f1_avg: 0.7490900971094988


Validation Epoch: 12 accuracy: 0.57 
 precision: [0.96188372 1.         0.27687016 0.25698324 0.65831435 0.2
 0.         1.         1.        ] 
 recall: [0.55662111 1.         0.27241963 0.7120743  0.78703704 0.77792642
 0.         0.         0.        ] 
 f1: [0.70517364 1.         0.27462687 0.37766831 0.71694369 0.31819425
 0.         0.         0.        ] 
 f1_avg: 0.6262350716882868

--- 5578.179858922958 seconds ---

Train Epoch: 13 accuracy: 0.72 
 precision: [0.95271176 1.         0.62338459 0.24717854 0.65694048 0.48073899
 0.17791738 0.05043478 1.        ] 
 recall: [0.76823159 1.         0.53021951 0.78426768 0.69637372 0.75117723
 0.92473713 1.         1.        ] 
 f1: [0.8505838  1.         0.57304005 0.37588802 0.67608259 0.58627394
 0.2984195  0.09602649 1.        ] 
 f1_avg: 0.7446500674762806


Validation Epoch: 13 accuracy: 0.71 
 precision: [0.94355551 1.         0.30777538 0.30635838 0.81527094 0.35801465
 0.         1.         1.        ] 
 recall: [0.76816111 1.         0.4822335  0.65634675 0.7211329  0.58862876
 0.         0.         0.        ] 
 f1: [0.84687225 1.         0.3757416  0.41773399 0.76531792 0.44523147
 0.         0.         0.        ] 
 f1_avg: 0.7498846200986703

--- 6039.404471158981 seconds ---

Train Epoch: 14 accuracy: 0.74 
 precision: [0.9533613  1.         0.66069366 0.23787488 0.70702107 0.45344518
 0.27845113 0.07532468 1.        ] 
 recall: [0.79041308 1.         0.57845983 0.7845612  0.70584471 0.74148639
 0.97897067 1.         1.        ] 
 f1: [0.86427379 1.         0.61684811 0.36506419 0.7064324  0.56274926
 0.43357843 0.14009662 1.        ] 
 f1_avg: 0.7633594360911032


Validation Epoch: 14 accuracy: 0.76 
 precision: [0.9585559  1.         0.30566802 0.24892241 0.74343867 0.43254637
 0.02547771 0.         1.        ] 
 recall: [0.83177495 1.         0.38324873 0.71517028 0.75599129 0.68628763
 0.05797101 0.         0.        ] 
 f1: [0.89067648 1.         0.34009009 0.36930456 0.74966244 0.53064391
 0.03539823 0.         0.        ] 
 f1_avg: 0.783381941719356

New best val score, save model ...
--- 6501.555671453476 seconds ---

Train Epoch: 15 accuracy: 0.77 
 precision: [0.96807407 1.         0.68688049 0.27123342 0.7308687  0.49516694
 0.27234506 0.07073171 1.        ] 
 recall: [0.81566803 1.         0.59444209 0.80422659 0.73545222 0.80058691
 0.9679026  1.         1.        ] 
 f1: [0.88536013 1.         0.6373269  0.40565549 0.73315329 0.61188191
 0.42508203 0.13211845 1.        ] 
 f1_avg: 0.7874202465275898


Validation Epoch: 15 accuracy: 0.69 
 precision: [0.95428217 1.         0.45086705 0.173181   0.76716247 0.30693348
 0.1015873  0.         1.        ] 
 recall: [0.73731319 1.         0.1319797  0.89164087 0.73039216 0.72842809
 0.92753623 0.         0.        ] 
 f1: [0.83188314 1.         0.20418848 0.29003021 0.74832589 0.43188578
 0.18311874 0.         0.        ] 
 f1_avg: 0.7232728611270995

--- 6963.166733264923 seconds ---

Train Epoch: 16 accuracy: 0.76 
 precision: [0.95531915 1.         0.64666032 0.26329405 0.7232309  0.53317946
 0.28825561 0.06170213 1.        ] 
 recall: [0.81448376 1.         0.5541929  0.8065747  0.74603242 0.81976387
 0.92363033 1.         1.        ] 
 f1: [0.87929784 1.         0.59686655 0.39699509 0.73445473 0.64611909
 0.43938397 0.11623246 1.        ] 
 f1_avg: 0.7798953743952454


Validation Epoch: 16 accuracy: 0.66 
 precision: [0.95934595 1.         0.30809399 0.21875    0.69829222 0.43271657
 0.00535714 0.         1.        ] 
 recall: [0.68456805 1.         0.29949239 0.75851393 0.80174292 0.68829431
 0.08695652 0.         0.        ] 
 f1: [0.79899263 1.         0.3037323  0.33957034 0.7464503  0.53137103
 0.01009251 0.         0.        ] 
 f1_avg: 0.7150900894567422

--- 7424.533300161362 seconds ---

Train Epoch: 17 accuracy: 0.76 
 precision: [0.96215768 1.         0.67020454 0.26469473 0.74521913 0.53517936
 0.21107765 0.05141844 1.        ] 
 recall: [0.7964942  1.         0.62200333 0.81948929 0.74645904 0.79007712
 0.89208633 1.         1.        ] 
 f1: [0.87152326 1.         0.64520495 0.40014332 0.74583857 0.63811492
 0.34138077 0.09780776 1.        ] 
 f1_avg: 0.7834292901060692


Validation Epoch: 17 accuracy: 0.57 
 precision: [0.95707003 1.         0.37771739 0.25374625 0.71001424 0.38147139
 0.09828393 0.         1.        ] 
 recall: [0.57012707 1.         0.11759729 0.78637771 0.81481481 0.65551839
 0.91304348 0.         0.        ] 
 f1: [0.71457906 1.         0.17935484 0.3836858  0.75881309 0.48228346
 0.17746479 0.         0.        ] 
 f1_avg: 0.6455644115720892

--- 7885.917588472366 seconds ---

Train Epoch: 18 accuracy: 0.78 
 precision: [0.9605695  1.         0.72404746 0.27713351 0.76181634 0.49993708
 0.35188183 0.00234192 1.        ] 
 recall: [0.82245406 1.         0.62105744 0.82066334 0.77013652 0.81341705
 0.96236857 0.03448276 1.        ] 
 f1: [0.88616248 1.         0.66860965 0.41434499 0.76595384 0.61926534
 0.51533561 0.00438596 1.        ] 
 f1_avg: 0.7991198242227103


Validation Epoch: 18 accuracy: 0.45 
 precision: [0.96438257 1.         0.25802391 0.31203566 0.68120504 0.38902148
 0.02251223 0.01922563 1.        ] 
 recall: [0.42627667 1.         0.34686971 0.6501548  0.8251634  0.2180602
 1.         0.65454545 0.        ] 
 f1: [0.59122146 1.         0.29592205 0.42168675 0.74630542 0.2794685
 0.04403318 0.03735409 0.        ] 
 f1_avg: 0.5479257392015111

--- 8347.565670490265 seconds ---

Train Epoch: 19 accuracy: 0.75 
 precision: [0.95813533 1.         0.66018882 0.25672119 0.78015329 0.53177818
 0.2049555  0.02078522 1.        ] 
 recall: [0.78643733 1.         0.62493884 0.80158497 0.74257679 0.77943083
 0.94299945 0.93103448 1.        ] 
 f1: [0.86383721 1.         0.64208039 0.38889284 0.7609014  0.63221699
 0.33672562 0.04066265 1.        ] 
 f1_avg: 0.779574852994277


Validation Epoch: 19 accuracy: 0.66 
 precision: [0.96881047 1.         0.35014409 0.25177665 0.67889088 0.30250597
 0.08032596 0.         1.        ] 
 recall: [0.68017262 1.         0.20558376 0.76780186 0.82679739 0.67826087
 1.         0.         0.        ] 
 f1: [0.79922997 1.         0.25906183 0.37920489 0.74557957 0.41840314
 0.1487069  0.         0.        ] 
 f1_avg: 0.7038843187746536

--- 8808.938454389572 seconds ---

Train Epoch: 20 accuracy: 0.77 
 precision: [0.96513285 1.         0.68686637 0.25387051 0.72780517 0.53347907
 0.24807515 0.02641166 1.        ] 
 recall: [0.82108182 1.         0.58560292 0.84707954 0.73690273 0.76612298
 0.89153293 1.         1.        ] 
 f1: [0.88729877 1.         0.63220536 0.3906599  0.73232569 0.62897804
 0.38814601 0.05146406 1.        ] 
 f1_avg: 0.7883082007740562


Validation Epoch: 20 accuracy: 0.79 
 precision: [0.94497088 1.         0.35228951 0.30027174 0.74831344 0.4580348
 0.04278075 0.         1.        ] 
 recall: [0.86869656 1.         0.4035533  0.68421053 0.78540305 0.59866221
 0.11594203 0.         0.        ] 
 f1: [0.90522985 1.         0.37618297 0.41737488 0.76640978 0.51899101
 0.0625     0.         0.        ] 
 f1_avg: 0.7978451085357816

New best val score, save model ...
--- 9270.768464326859 seconds ---

Train Epoch: 21 accuracy: 0.79 
 precision: [0.96220253 1.         0.72290557 0.28264447 0.78165996 0.52560162
 0.29736167 0.06636156 1.        ] 
 recall: [0.83073453 1.         0.62875501 0.857059   0.76258532 0.81682932
 0.89817377 1.         1.        ] 
 f1: [0.89164855 1.         0.67255124 0.42509827 0.77200484 0.63962592
 0.44679972 0.12446352 1.        ] 
 f1_avg: 0.8050014654486619


Validation Epoch: 21 accuracy: 0.70 
 precision: [0.9566921  1.         0.32908367 0.28255528 0.71514847 0.46565286
 0.03407935 0.         1.        ] 
 recall: [0.74146887 1.         0.34940778 0.7120743  0.77396514 0.59397993
 0.97101449 0.         0.        ] 
 f1: [0.8354419  1.         0.33894132 0.40457344 0.74339524 0.52204586
 0.06584767 0.         0.        ] 
 f1_avg: 0.7435644515342417

--- 9732.446744918823 seconds ---

Train Epoch: 22 accuracy: 0.81 
 precision: [0.97098876 1.         0.7479004  0.31429483 0.77748582 0.56617377
 0.32705926 0.06263499 1.        ] 
 recall: [0.84306593 1.         0.65934962 0.86733196 0.79526451 0.84139767
 0.97122302 1.         1.        ] 
 f1: [0.90251694 1.         0.700839   0.46139433 0.78627468 0.67687831
 0.48933501 0.11788618 1.        ] 
 f1_avg: 0.8222102477318733


Validation Epoch: 22 accuracy: 0.78 
 precision: [0.94752264 1.         0.28984796 0.30411449 0.77289973 0.47428262
 0.02970297 0.         1.        ] 
 recall: [0.8527931  1.         0.5        0.52631579 0.77668845 0.58595318
 0.04347826 0.         0.        ] 
 f1: [0.89766562 1.         0.36696678 0.38548753 0.77478946 0.52423698
 0.03529412 0.         0.        ] 
 f1_avg: 0.7924959004175107

--- 10193.930849790573 seconds ---

Train Epoch: 23 accuracy: 0.82 
 precision: [0.97135492 1.         0.75680962 0.29814722 0.81333507 0.58440384
 0.35493402 0.06987952 1.        ] 
 recall: [0.84651534 1.         0.69418442 0.87378926 0.79987201 0.83825838
 0.99723298 1.         1.        ] 
 f1: [0.90464855 1.         0.72414556 0.44459379 0.80654736 0.68868268
 0.52353283 0.13063063 1.        ] 
 f1_avg: 0.8310490683843613


Validation Epoch: 23 accuracy: 0.76 
 precision: [0.95174065 1.         0.28462637 0.29421488 0.71989529 0.43914314
 0.07751938 0.         1.        ] 
 recall: [0.8258611  1.         0.50592217 0.55108359 0.74891068 0.60334448
 0.14492754 0.         0.        ] 
 f1: [0.88434384 1.         0.36430094 0.38362069 0.73411639 0.5083122
 0.1010101  0.         0.        ] 
 f1_avg: 0.7775285514289674

--- 10655.376463890076 seconds ---

Train Epoch: 24 accuracy: 0.83 
 precision: [0.97313804 1.         0.7564796  0.33369719 0.81127159 0.58007812
 0.42394133 0.12340426 1.        ] 
 recall: [0.86112129 1.         0.70256695 0.89727033 0.78361775 0.85129325
 0.99169895 1.         1.        ] 
 f1: [0.91370928 1.         0.72852722 0.48647358 0.79720492 0.68999087
 0.59396752 0.21969697 1.        ] 
 f1_avg: 0.8375409967509084


Validation Epoch: 24 accuracy: 0.79 
 precision: [0.93564906 1.         0.33241947 0.31428571 0.65431034 0.52307692
 0.00584795 0.         1.        ] 
 recall: [0.87612883 1.         0.41032149 0.47678019 0.82679739 0.52307692
 0.01449275 0.         0.        ] 
 f1: [0.90491127 1.         0.36728512 0.37884379 0.73051011 0.52307692
 0.00833333 0.         0.        ] 
 f1_avg: 0.79272254703091

--- 11116.392611265182 seconds ---

Train Epoch: 25 accuracy: 0.83 
 precision: [0.9717134  1.         0.77693373 0.34165823 0.81338684 0.60080405
 0.39275584 0.04559748 1.        ] 
 recall: [0.85659101 1.         0.71388499 0.89140006 0.83882253 0.82611069
 0.99612618 1.         1.        ] 
 f1: [0.91052776 1.         0.74407615 0.49398178 0.82590889 0.69566966
 0.56338028 0.08721805 1.        ] 
 f1_avg: 0.8423124195656214


Validation Epoch: 25 accuracy: 0.76 
 precision: [0.96418945 1.         0.39081225 0.3551797  0.73577048 0.38691589
 0.07207207 0.         1.        ] 
 recall: [0.80044753 1.         0.49661591 0.52012384 0.86601307 0.69230769
 0.46376812 0.         0.        ] 
 f1: [0.87472163 1.         0.43740686 0.42211055 0.7955967  0.49640288
 0.12475634 0.         0.        ] 
 f1_avg: 0.7817828682273665

--- 11578.096193313599 seconds ---

Train Epoch: 26 accuracy: 0.85 
 precision: [0.97604158 1.         0.79944102 0.34190005 0.86454972 0.60855584
 0.42898204 0.06987952 1.        ] 
 recall: [0.86842427 1.         0.73704296 0.91370707 0.8572099  0.85238518
 0.99114555 1.         1.        ] 
 f1: [0.9190934  1.         0.76697497 0.4976023  0.86086416 0.71012309
 0.59879639 0.13063063 1.        ] 
 f1_avg: 0.8574026384152337


Validation Epoch: 26 accuracy: 0.76 
 precision: [0.96566606 1.         0.32471264 0.3412527  0.72317403 0.41136455
 0.         0.         1.        ] 
 recall: [0.80468313 1.         0.47800338 0.48916409 0.87363834 0.68762542
 0.         0.         0.        ] 
 f1: [0.87785527 1.         0.38672142 0.40203562 0.79131722 0.51477216
 0.         0.         0.        ] 
 f1_avg: 0.780866576201687

--- 12039.643507242203 seconds ---

Train Epoch: 27 accuracy: 0.85 
 precision: [0.97874102 1.         0.78219664 0.36275461 0.84446497 0.61692323
 0.42356538 0.06666667 1.        ] 
 recall: [0.86673246 1.         0.74030464 0.87819196 0.85819113 0.85880025
 0.99667958 1.         1.        ] 
 f1: [0.91933763 1.         0.76067431 0.51342771 0.85127272 0.71803943
 0.59448754 0.125      1.        ] 
 f1_avg: 0.8561273774131828


Validation Epoch: 27 accuracy: 0.72 
 precision: [0.97624304 1.         0.36842105 0.35091278 0.75087195 0.33853876
 0.08623549 1.         1.        ] 
 recall: [0.74218812 1.         0.45600677 0.53560372 0.8208061  0.81204013
 0.75362319 0.         0.        ] 
 f1: [0.84327613 1.         0.40756144 0.42401961 0.78428311 0.47785869
 0.1547619  0.         0.        ] 
 f1_avg: 0.7549182705657492

--- 12504.372558116913 seconds ---

Train Epoch: 28 accuracy: 0.85 
 precision: [0.97816902 1.         0.79878737 0.35372739 0.86412293 0.62009481
 0.41249142 0.06744186 1.        ] 
 recall: [0.872588   1.         0.73909782 0.901086   0.85409556 0.86596601
 0.99778639 1.         1.        ] 
 f1: [0.92236694 1.         0.76778423 0.50802581 0.85907999 0.72269051
 0.58368404 0.12636166 1.        ] 
 f1_avg: 0.8603047412532003


Validation Epoch: 28 accuracy: 0.73 
 precision: [0.97138201 1.         0.41928251 0.45794393 0.81893985 0.34786162
 0.08124253 1.         1.        ] 
 recall: [0.76224726 1.         0.47461929 0.45510836 0.74891068 0.8541806
 0.98550725 0.         0.        ] 
 f1: [0.85420025 1.         0.4452381  0.45652174 0.78236131 0.49438637
 0.15011038 0.         0.        ] 
 f1_avg: 0.7669525215681683

--- 12969.693674564362 seconds ---

Train Epoch: 29 accuracy: 0.84 
 precision: [0.97942378 1.         0.79637619 0.34443532 0.85645058 0.61173858
 0.38082134 0.06987952 1.        ] 
 recall: [0.86077353 1.         0.75263381 0.86204872 0.85955631 0.86494233
 0.99557277 1.         1.        ] 
 f1: [0.91627356 1.         0.77388738 0.49220714 0.85800064 0.71663227
 0.55091104 0.13063063 1.        ] 
 f1_avg: 0.8564893839898978


Validation Epoch: 29 accuracy: 0.72 
 precision: [0.96885635 1.         0.42789223 0.4171123  0.75653083 0.35069655
 0.04569892 1.         1.        ] 
 recall: [0.75081915 1.         0.45685279 0.48297214 0.78867102 0.77458194
 0.73913043 0.         0.        ] 
 f1: [0.84601531 1.         0.44189853 0.44763271 0.77226667 0.48280175
 0.08607595 0.         0.        ] 
 f1_avg: 0.7584890142893185

--- 13434.918810606003 seconds ---

Train Epoch: 30 accuracy: 0.85 
 precision: [0.97581789 1.         0.80531411 0.37246161 0.86628446 0.62740825
 0.39743306 0.06791569 1.        ] 
 recall: [0.87271018 1.         0.74340324 0.88288817 0.87670648 0.86453286
 0.99391256 1.         1.        ] 
 f1: [0.92138845 1.         0.77312122 0.5239049  0.87146431 0.72712662
 0.56781537 0.12719298 1.        ] 
 f1_avg: 0.8627453447049429


Validation Epoch: 30 accuracy: 0.75 
 precision: [0.97103718 1.         0.44232804 0.31079137 0.72571429 0.35020563
 0.11466165 0.         1.        ] 
 recall: [0.79309518 1.         0.3536379  0.66873065 0.83006536 0.74046823
 0.88405797 0.         0.        ] 
 f1: [0.87309198 1.         0.39304184 0.42436149 0.77439024 0.47551546
 0.20299501 0.         0.        ] 
 f1_avg: 0.7740349243485869

--- 13900.315953969955 seconds ---

Train Epoch: 31 accuracy: 0.85 
 precision: [0.97846511 1.         0.80004186 0.36901795 0.84580349 0.60160054
 0.46422977 0.11788618 1.        ] 
 recall: [0.87118756 1.         0.74803483 0.86909304 0.87145904 0.85163448
 0.9839513  1.         1.        ] 
 f1: [0.92171535 1.         0.77316477 0.51806491 0.85843962 0.70510792
 0.630832   0.21090909 1.        ] 
 f1_avg: 0.8599989551379905


Validation Epoch: 31 accuracy: 0.77 
 precision: [0.96599023 1.         0.49737671 0.31647399 0.78191781 0.41031308
 0.08029197 0.         1.        ] 
 recall: [0.82170543 1.         0.40101523 0.67801858 0.77723312 0.7451505
 0.95652174 0.         0.        ] 
 f1: [0.88802522 1.         0.4440281  0.43152709 0.77956842 0.52921615
 0.14814815 0.         0.        ] 
 f1_avg: 0.793024173911906

--- 14365.904125928879 seconds ---

Train Epoch: 32 accuracy: 0.85 
 precision: [0.9769741  1.         0.81439925 0.34563331 0.87940623 0.59605312
 0.40466486 0.0464     1.        ] 
 recall: [0.86936416 1.         0.73864118 0.8770179  0.85678328 0.869856
 0.98893193 1.         1.        ] 
 f1: [0.92003322 1.         0.77467246 0.49585131 0.86794736 0.70738408
 0.57432107 0.08868502 1.        ] 
 f1_avg: 0.8596781310393605


Validation Epoch: 32 accuracy: 0.79 
 precision: [0.9528963  1.         0.44946237 0.33770492 0.71722846 0.44449301
 0.08726415 0.         1.        ] 
 recall: [0.85846719 1.         0.3536379  0.6377709  0.83442266 0.68026756
 0.53623188 0.         0.        ] 
 f1: [0.90322038 1.         0.39583333 0.44158628 0.7713998  0.53766852
 0.15010142 0.         0.        ] 
 f1_avg: 0.8006207453468961

New best val score, save model ...
--- 14831.313632249832 seconds ---

Train Epoch: 33 accuracy: 0.87 
 precision: [0.9793807  1.         0.84673956 0.3917869  0.87293858 0.64769137
 0.48403542 0.09034268 1.        ] 
 recall: [0.88795526 1.         0.76532177 0.93249193 0.91006826 0.86733092
 0.99833979 1.         1.        ] 
 f1: [0.93142987 1.         0.80397464 0.55175408 0.89111682 0.74159008
 0.65196964 0.16571429 1.        ] 
 f1_avg: 0.879015344919262


Validation Epoch: 33 accuracy: 0.80 
 precision: [0.96074766 1.         0.53356086 0.36346863 0.76896032 0.4221246
 0.13424125 1.         1.        ] 
 recall: [0.86262287 1.         0.39678511 0.60990712 0.833878   0.70702341
 1.         0.         0.        ] 
 f1: [0.90904497 1.         0.45511887 0.45549133 0.80010452 0.52863216
 0.23670669 0.         0.        ] 
 f1_avg: 0.8115246919689693

New best val score, save model ...
--- 15296.716145038605 seconds ---

Train Epoch: 34 accuracy: 0.88 
 precision: [0.97805258 1.         0.84338197 0.43174387 0.90898573 0.65270776
 0.45903308 0.08430233 1.        ] 
 recall: [0.89131068 1.         0.78247823 0.93014382 0.90499147 0.89244523
 0.99833979 1.         1.        ] 
 f1: [0.93266914 1.         0.81178939 0.58974598 0.9069842  0.75397832
 0.62890012 0.15549598 1.        ] 
 f1_avg: 0.8846273868600315


Validation Epoch: 34 accuracy: 0.78 
 precision: [0.95652567 1.         0.46654275 0.31217839 0.72519841 0.39838025
 0.0873494  0.         1.        ] 
 recall: [0.84576041 1.         0.42470389 0.56346749 0.7962963  0.6909699
 0.42028986 0.         0.        ] 
 f1: [0.89773932 1.         0.44464128 0.401766   0.75908619 0.5053816
 0.1446384  0.         0.        ] 
 f1_avg: 0.7952423627434

--- 15761.935423612595 seconds ---

Train Epoch: 35 accuracy: 0.88 
 precision: [0.98017385 1.         0.85465554 0.4259712  0.89036669 0.64992755
 0.50447427 0.0976431  1.        ] 
 recall: [0.89448752 1.         0.77810757 0.92045788 0.91676621 0.88766805
 0.99833979 1.         1.        ] 
 f1: [0.93537243 1.         0.81458717 0.58241248 0.90337362 0.75041828
 0.67025822 0.17791411 1.        ] 
 f1_avg: 0.8862183590258477


Validation Epoch: 35 accuracy: 0.78 
 precision: [0.9607248  1.         0.47147651 0.30882353 0.70776031 0.39261234
 0.15736041 0.         1.        ] 
 recall: [0.83473188 1.         0.47546531 0.52012384 0.78485839 0.68963211
 0.89855072 0.         0.        ] 
 f1: [0.89330768 1.         0.47346251 0.38754325 0.74431818 0.50036399
 0.26781857 0.         0.        ] 
 f1_avg: 0.7922932314507052

--- 16228.895536899567 seconds ---

Train Epoch: 36 accuracy: 0.89 
 precision: [0.98156724 1.         0.86381017 0.44698252 0.89553849 0.67239068
 0.49196404 0.08479532 1.        ] 
 recall: [0.90241083 1.         0.78841449 0.93043733 0.92056314 0.88985191
 0.9994466  1.         1.        ] 
 f1: [0.94032613 1.         0.82439207 0.60386703 0.90787841 0.76598619
 0.65936473 0.15633423 1.        ] 
 f1_avg: 0.8929490659027438


Validation Epoch: 36 accuracy: 0.68 
 precision: [0.97527688 1.         0.4509974  0.30903328 0.66266667 0.31830161
 0.04620204 1.         1.        ] 
 recall: [0.69671542 1.         0.43993232 0.60371517 0.8120915  0.7270903
 0.85507246 0.         0.        ] 
 f1: [0.81279135 1.         0.44539615 0.40880503 0.7298091  0.44276986
 0.08766716 0.         0.        ] 
 f1_avg: 0.7266843982353359

--- 16695.873366594315 seconds ---

Train Epoch: 37 accuracy: 0.87 
 precision: [0.98414458 1.         0.84372349 0.38540908 0.90450274 0.64426327
 0.42254511 0.08529412 1.        ] 
 recall: [0.88442126 1.         0.77869467 0.9319049  0.90755119 0.88446052
 0.99778639 1.         1.        ] 
 f1: [0.93162186 1.         0.80990586 0.54529841 0.9060244  0.74549167
 0.59367797 0.15718157 1.        ] 
 f1_avg: 0.8816834579484522


Validation Epoch: 37 accuracy: 0.78 
 precision: [0.96524991 1.         0.46604938 0.32864675 0.68088811 0.40506823
 0.11409396 1.         1.        ] 
 recall: [0.84576041 1.         0.38324873 0.57894737 0.85185185 0.69498328
 0.49275362 0.         0.        ] 
 f1: [0.90156323 1.         0.42061281 0.41928251 0.75683523 0.51182266
 0.1852861  0.         0.        ] 
 f1_avg: 0.7971334513203794

--- 17163.01486158371 seconds ---

Train Epoch: 38 accuracy: 0.87 
 precision: [0.98223158 1.         0.84006782 0.44456825 0.87136793 0.64830508
 0.49038729 0.0845481  1.        ] 
 recall: [0.89002303 1.         0.77575916 0.93689463 0.90196246 0.89797311
 0.97399004 1.         1.        ] 
 f1: [0.93385667 1.         0.80663377 0.60300368 0.88640127 0.75298292
 0.65233506 0.15591398 1.        ] 
 f1_avg: 0.8821813516036076


Validation Epoch: 38 accuracy: 0.77 
 precision: [0.95597484 1.         0.43813016 0.26321586 0.6853759  0.42226981
 0.01930502 1.         1.        ] 
 recall: [0.85031567 1.         0.40439932 0.73993808 0.72494553 0.65953177
 0.07246377 0.         0.        ] 
 f1: [0.90005498 1.         0.42058953 0.38830219 0.70460561 0.51488251
 0.0304878  0.         0.        ] 
 f1_avg: 0.7897229188929106

--- 17629.902007579803 seconds ---

Train Epoch: 39 accuracy: 0.85 
 precision: [0.97338552 1.         0.81127025 0.37387225 0.88548005 0.610576
 0.44789853 0.08868502 1.        ] 
 recall: [0.86488087 1.         0.76117943 0.91223951 0.89394198 0.86521531
 0.99667958 1.         1.        ] 
 f1: [0.91593092 1.         0.78542701 0.53037543 0.8896909  0.71592738
 0.61805079 0.16292135 1.        ] 
 f1_avg: 0.8637077837574614


Validation Epoch: 39 accuracy: 0.78 
 precision: [0.9611835  1.         0.43389199 0.33122029 0.68605684 0.4095199
 0.0913242  1.         1.        ] 
 recall: [0.84895708 1.         0.39424704 0.64705882 0.84150327 0.66755853
 0.28985507 0.         0.        ] 
 f1: [0.90159134 1.         0.41312057 0.43815514 0.75587084 0.5076297
 0.13888889 0.         0.        ] 
 f1_avg: 0.7963608096823659

--- 18096.762216091156 seconds ---

Train Epoch: 40 accuracy: 0.89 
 precision: [0.97989955 1.         0.86095794 0.44628099 0.91157007 0.66658251
 0.47911015 0.08761329 1.        ] 
 recall: [0.90219465 1.         0.77918393 0.93513355 0.92265358 0.90090766
 0.97731046 1.         1.        ] 
 f1: [0.93944302 1.         0.81803239 0.60421013 0.91707834 0.76623037
 0.64300018 0.16111111 1.        ] 
 f1_avg: 0.8924059150637191


Validation Epoch: 40 accuracy: 0.74 
 precision: [0.97422116 1.         0.40355125 0.31155015 0.60737864 0.39130435
 0.0967033  1.         1.        ] 
 recall: [0.78222648 1.         0.42301184 0.63467492 0.85185185 0.70434783
 0.63768116 0.         0.        ] 
 f1: [0.8677305  1.         0.41305246 0.41794088 0.70913625 0.50310559
 0.16793893 0.         0.        ] 
 f1_avg: 0.7668745773658091

--- 18563.10804772377 seconds ---

Train Epoch: 41 accuracy: 0.89 
 precision: [0.98527296 1.         0.85072226 0.44607978 0.89385316 0.67968107
 0.4961326  0.11788618 1.        ] 
 recall: [0.89479769 1.         0.79333964 0.95186381 0.93801195 0.90172661
 0.99391256 1.         1.        ] 
 f1: [0.93785834 1.         0.82102954 0.60747401 0.91540031 0.77511513
 0.66187581 0.21090909 1.        ] 
 f1_avg: 0.8927430433465189


Validation Epoch: 41 accuracy: 0.76 
 precision: [0.97219783 1.         0.45541126 0.28053691 0.70368685 0.38629738
 0.11518325 1.         1.        ] 
 recall: [0.79645169 1.         0.44500846 0.64705882 0.84204793 0.7090301
 0.95652174 0.         0.        ] 
 f1: [0.87559304 1.         0.45014976 0.39138577 0.76667493 0.50011795
 0.20560748 0.         0.        ] 
 f1_avg: 0.7803152439498494

--- 19029.933886051178 seconds ---

Train Epoch: 42 accuracy: 0.89 
 precision: [0.98485549 1.         0.86048798 0.43253383 0.91542435 0.69359288
 0.47389137 0.10507246 1.        ] 
 recall: [0.90093519 1.         0.79947161 0.94746111 0.92999147 0.90943834
 0.9994466  1.         1.        ] 
 f1: [0.94102806 1.         0.82885838 0.59392824 0.92265041 0.786984
 0.64293343 0.19016393 1.        ] 
 f1_avg: 0.8974004125145163


Validation Epoch: 42 accuracy: 0.76 
 precision: [0.96604704 1.         0.38477226 0.29513344 0.62526767 0.4529439
 0.12909441 0.         1.        ] 
 recall: [0.81403341 1.         0.47884941 0.58204334 0.79520697 0.65351171
 0.97101449 0.         0.        ] 
 f1: [0.88354946 1.         0.42668677 0.39166667 0.70007193 0.53504929
 0.22789116 0.         0.        ] 
 f1_avg: 0.7805073180241368

--- 19497.13938641548 seconds ---

Train Epoch: 43 accuracy: 0.88 
 precision: [0.9844059  1.         0.81955066 0.4550688  0.88538316 0.6796285
 0.48915401 0.11372549 1.        ] 
 recall: [0.88880117 1.         0.78645748 0.95127678 0.91582765 0.90889238
 0.99833979 1.         1.        ] 
 f1: [0.9341638  1.         0.80266312 0.61563301 0.90034811 0.77771614
 0.65659691 0.20422535 1.        ] 
 f1_avg: 0.8857979645712709


Validation Epoch: 43 accuracy: 0.75 
 precision: [0.9661097  1.         0.35359477 0.23444976 0.56417234 0.38778685
 0.15107914 1.         1.        ] 
 recall: [0.81786942 1.         0.45769882 0.45510836 0.67755991 0.66688963
 0.30434783 0.         0.        ] 
 f1: [0.88583052 1.         0.39896755 0.30947368 0.61568919 0.49040826
 0.20192308 0.         0.        ] 
 f1_avg: 0.766115784720982

--- 19964.35528230667 seconds ---

Train Epoch: 44 accuracy: 0.88 
 precision: [0.98218783 1.         0.83325658 0.41916404 0.89848485 0.6712356
 0.53001766 0.12446352 1.        ] 
 recall: [0.9017905  1.         0.76721354 0.93601409 0.88545222 0.92240497
 0.99667958 1.         1.        ] 
 f1: [0.94027371 1.         0.79887244 0.5790286  0.89192093 0.77702722
 0.6920269  0.22137405 1.        ] 
 f1_avg: 0.8872726936825212


Validation Epoch: 44 accuracy: 0.78 
 precision: [0.96259149 1.         0.41314554 0.28333333 0.57837267 0.44476604
 0.2097561  0.         1.        ] 
 recall: [0.85135459 1.         0.22335025 0.73684211 0.89433551 0.61672241
 0.62318841 0.         0.        ] 
 f1: [0.90356234 1.         0.28995058 0.40928633 0.70245989 0.51681614
 0.31386861 0.         0.        ] 
 f1_avg: 0.7848972584564184

--- 20431.199715852737 seconds ---

Train Epoch: 45 accuracy: 0.88 
 precision: [0.98528348 1.         0.86140089 0.43453965 0.87019804 0.67928891
 0.49155773 0.090625   1.        ] 
 recall: [0.89607594 1.         0.77295411 0.95861462 0.93353242 0.90227257
 0.99889319 1.         1.        ] 
 f1: [0.93856476 1.         0.81478425 0.59800421 0.9007533  0.77506155
 0.65887936 0.16618911 1.        ] 
 f1_avg: 0.8899745927309737


Validation Epoch: 45 accuracy: 0.80 
 precision: [0.96442512 1.         0.46865365 0.27332457 0.6210728  0.50779896
 0.17924528 1.         1.        ] 
 recall: [0.86877647 1.         0.3857868  0.64396285 0.8828976  0.58795987
 0.82608696 0.         0.        ] 
 f1: [0.91410553 1.         0.42320186 0.38376384 0.72919478 0.5449473
 0.29457364 0.         0.        ] 
 f1_avg: 0.8058990214058951

--- 20898.282905340195 seconds ---

Train Epoch: 46 accuracy: 0.89 
 precision: [0.98360606 1.         0.87566473 0.46280289 0.90588379 0.68448419
 0.53438056 0.14285714 1.        ] 
 recall: [0.90960102 1.         0.78952347 0.95861462 0.94650171 0.89838258
 0.99778639 1.         1.        ] 
 f1: [0.94515712 1.         0.83036603 0.62423547 0.92574743 0.77698097
 0.69600463 0.25       1.        ] 
 f1_avg: 0.9007955305733277


Validation Epoch: 46 accuracy: 0.74 
 precision: [0.97627556 1.         0.38118332 0.28272251 0.55423325 0.40882103
 0.11468813 1.         1.        ] 
 recall: [0.78598258 1.         0.33248731 0.66873065 0.88779956 0.64481605
 0.82608696 0.         0.        ] 
 f1: [0.87085492 1.         0.35517397 0.3974241  0.68243668 0.50038931
 0.20141343 0.         0.        ] 
 f1_avg: 0.7619657213735357

--- 21365.61092185974 seconds ---

Train Epoch: 47 accuracy: 0.90 
 precision: [0.98711908 1.         0.87122231 0.46564338 0.90416464 0.70795988
 0.50975403 0.15104167 1.        ] 
 recall: [0.9097138  1.         0.80299423 0.95274435 0.95029863 0.9056166
 0.99778639 1.         1.        ] 
 f1: [0.94683708 1.         0.83571804 0.62555406 0.92665779 0.79468216
 0.67477545 0.26244344 1.        ] 
 f1_avg: 0.9040664085395522


Validation Epoch: 47 accuracy: 0.76 
 precision: [0.97303758 1.         0.38421734 0.24859393 0.60656962 0.40786749
 0.10888889 1.         1.        ] 
 recall: [0.81331415 1.         0.25126904 0.68421053 0.88507625 0.65886288
 0.71014493 0.         0.        ] 
 f1: [0.88603517 1.         0.30383632 0.36468647 0.71982281 0.50383632
 0.18882466 0.         0.        ] 
 f1_avg: 0.7728132046077868

--- 21832.36224746704 seconds ---

Train Epoch: 48 accuracy: 0.90 
 precision: [0.98934458 1.         0.87217887 0.47919676 0.9234307  0.70002593
 0.57038912 0.20422535 1.        ] 
 recall: [0.91282485 1.         0.8130076  0.9735838  0.95081058 0.92131304
 0.99778639 1.         1.        ] 
 f1: [0.94954561 1.         0.84155441 0.64226934 0.93692065 0.79556839
 0.72584541 0.33918129 1.        ] 
 f1_avg: 0.9089010268913887


Validation Epoch: 48 accuracy: 0.81 
 precision: [0.96146805 1.         0.49597238 0.27984085 0.65393891 0.49713392
 0.26829268 1.         1.        ] 
 recall: [0.88140334 1.         0.36463621 0.65325077 0.88616558 0.63812709
 0.63768116 0.         0.        ] 
 f1: [0.91969646 1.         0.42028279 0.39182916 0.75254394 0.55887522
 0.3776824  0.         0.        ] 
 f1_avg: 0.8137416442691566

New best val score, save model ...
--- 22299.77858185768 seconds ---

Train Epoch: 49 accuracy: 0.90 
 precision: [0.98675079 1.         0.8741212  0.49378514 0.91274351 0.71384891
 0.57920155 0.14572864 1.        ] 
 recall: [0.91139621 1.         0.81108321 0.97945407 0.95947099 0.9241111
 0.99557277 1.         1.        ] 
 f1: [0.94757775 1.         0.84142318 0.65656665 0.93552413 0.8054845
 0.73234276 0.25438596 1.        ] 
 f1_avg: 0.9086635680577467


Validation Epoch: 49 accuracy: 0.80 
 precision: [0.96563084 1.         0.47512195 0.30995106 0.68704883 0.45284698
 0.22279793 1.         1.        ] 
 recall: [0.86669863 1.         0.41201354 0.58823529 0.88126362 0.68093645
 0.62318841 0.         0.        ] 
 f1: [0.91349394 1.         0.44132306 0.40598291 0.77213076 0.5439487
 0.32824427 0.         0.        ] 
 f1_avg: 0.8115941233026538

--- 22764.387773752213 seconds ---

Train Epoch: 50 accuracy: 0.91 
 precision: [0.98577538 1.         0.86973552 0.51267476 0.92405274 0.7345689
 0.56069544 0.12083333 1.        ] 
 recall: [0.91645284 1.         0.81838938 0.97945407 0.94782423 0.93318774
 0.9994466  1.         1.        ] 
 f1: [0.94985096 1.         0.84328158 0.67305365 0.93578755 0.82205122
 0.71837709 0.21561338 1.        ] 
 f1_avg: 0.9118653628971458


Validation Epoch: 50 accuracy: 0.76 
 precision: [0.97735072 1.         0.39922179 0.29542097 0.63611    0.40047114
 0.09213483 0.         1.        ] 
 recall: [0.79661152 1.         0.43401015 0.61919505 0.86928105 0.68227425
 0.5942029  0.         0.        ] 
 f1: [0.87777386 1.         0.41588974 0.4        0.73463751 0.50470064
 0.15953307 0.         0.        ] 
 f1_avg: 0.7766032130770149

--- 23228.886068344116 seconds ---

Train Epoch: 51 accuracy: 0.90 
 precision: [0.98748283 1.         0.86976403 0.5175219  0.89514967 0.73293022
 0.55603448 0.18012422 1.        ] 
 recall: [0.91202594 1.         0.81271405 0.97094218 0.95426621 0.93475739
 0.9994466  1.         1.        ] 
 f1: [0.94825564 1.         0.84027181 0.67517094 0.92376311 0.82163102
 0.71454006 0.30526316 1.        ] 
 f1_avg: 0.908832269789851


Validation Epoch: 51 accuracy: 0.78 
 precision: [0.97615428 1.         0.47877984 0.30606488 0.69043825 0.39573194
 0.1194332  0.         1.        ] 
 recall: [0.82114601 1.         0.30541455 0.67182663 0.94389978 0.70702341
 0.85507246 0.         0.        ] 
 f1: [0.8919658  1.         0.37293388 0.42054264 0.79751496 0.50744119
 0.20959147 0.         0.        ] 
 f1_avg: 0.791120010947726

--- 23693.538735866547 seconds ---

Train Epoch: 52 accuracy: 0.90 
 precision: [0.98927806 1.         0.86264358 0.47208841 0.92420068 0.72837996
 0.5438121  0.18589744 1.        ] 
 recall: [0.91056911 1.         0.82060733 0.9779865  0.94462457 0.9346209
 0.9994466  1.         1.        ] 
 f1: [0.94829316 1.         0.84110056 0.6367893  0.93430103 0.8187117
 0.70436817 0.31351351 1.        ] 
 f1_avg: 0.909301944951247


Validation Epoch: 52 accuracy: 0.83 
 precision: [0.95961833 1.         0.52294557 0.3277027  0.70880069 0.51155293
 0.17050691 0.         1.        ] 
 recall: [0.90018381 1.         0.41455161 0.6006192  0.89488017 0.6367893
 0.53623188 0.         0.        ] 
 f1: [0.92895138 1.         0.4624823  0.42404372 0.79104478 0.56734207
 0.25874126 0.         0.        ] 
 f1_avg: 0.8279635788114381

New best val score, save model ...
--- 24158.278891324997 seconds ---

Train Epoch: 53 accuracy: 0.91 
 precision: [0.9888436  1.         0.88162995 0.51950913 0.90902457 0.73424173
 0.58748778 0.19078947 1.        ] 
 recall: [0.91887777 1.         0.82354284 0.9691811  0.95656997 0.93407493
 0.99778639 1.         1.        ] 
 f1: [0.95257768 1.         0.85159702 0.67643142 0.93219141 0.82219018
 0.73954061 0.32044199 1.        ] 
 f1_avg: 0.9147235399803733


Validation Epoch: 53 accuracy: 0.82 
 precision: [0.96073344 1.         0.49607672 0.34       0.70436331 0.46746988
 0.19548872 0.         1.        ] 
 recall: [0.88771677 1.         0.48138748 0.52631579 0.86165577 0.64882943
 0.37681159 0.         0.        ] 
 f1: [0.92278297 1.         0.48862173 0.41312272 0.77511024 0.54341737
 0.25742574 0.         0.        ] 
 f1_avg: 0.8214574900718327

--- 24622.607516527176 seconds ---

Train Epoch: 54 accuracy: 0.92 
 precision: [0.98773024 1.         0.89297577 0.5261563  0.94296355 0.75384785
 0.59722222 0.37179487 1.        ] 
 recall: [0.93140655 1.         0.83303435 0.96830056 0.96134812 0.93591756
 0.9994466  1.         1.        ] 
 f1: [0.95874189 1.         0.86196423 0.68182288 0.95206709 0.83507383
 0.74767129 0.54205607 1.        ] 
 f1_avg: 0.9239693244335924


Validation Epoch: 54 accuracy: 0.81 
 precision: [0.96915396 1.         0.43360235 0.36989247 0.69186561 0.45417423
 0.2012987  1.         1.        ] 
 recall: [0.86877647 1.         0.5        0.53250774 0.85239651 0.66956522
 0.44927536 0.         0.        ] 
 f1: [0.91622419 1.         0.46444008 0.43654822 0.76378721 0.54122736
 0.27802691 0.         0.        ] 
 f1_avg: 0.8143401417925746

--- 25087.267341852188 seconds ---

Train Epoch: 55 accuracy: 0.91 
 precision: [0.99013171 1.         0.87634054 0.53189084 0.90740815 0.75066761
 0.60073138 0.12831858 1.        ] 
 recall: [0.92134969 1.         0.82357546 0.96683299 0.95994027 0.94001228
 1.         1.         1.        ] 
 f1: [0.95450319 1.         0.84913909 0.68625    0.9329353  0.83473729
 0.75057113 0.22745098 1.        ] 
 f1_avg: 0.9168383095543958


Validation Epoch: 55 accuracy: 0.77 
 precision: [0.97643001 1.         0.38848921 0.27692308 0.68384458 0.43927765
 0.12827225 0.         1.        ] 
 recall: [0.81443299 1.         0.50253807 0.55727554 0.91067538 0.65083612
 0.71014493 0.         0.        ] 
 f1: [0.88810458 1.         0.43821468 0.36998972 0.78112591 0.5245283
 0.2172949  0.         0.        ] 
 f1_avg: 0.7916014324122526

--- 25551.40525650978 seconds ---

Train Epoch: 56 accuracy: 0.91 
 precision: [0.98662613 1.         0.85778325 0.52652605 0.92631623 0.73181575
 0.55747837 0.31868132 1.        ] 
 recall: [0.91804126 1.         0.81760658 0.9671265  0.94500853 0.93243704
 0.99833979 1.         1.        ] 
 f1: [0.95109886 1.         0.83721319 0.6818417  0.93556902 0.82003421
 0.71544715 0.48333333 1.        ] 
 f1_avg: 0.9115574378568851


Validation Epoch: 56 accuracy: 0.81 
 precision: [0.96967822 1.         0.4241774  0.27309783 0.72436195 0.54742715
 0.07982262 1.         1.        ] 
 recall: [0.87660833 1.         0.50169205 0.62229102 0.85021786 0.59063545
 0.52173913 0.         0.        ] 
 f1: [0.92079748 1.         0.45968992 0.3796034  0.78226009 0.56821107
 0.13846154 0.         0.        ] 
 f1_avg: 0.8198790367196938

--- 26016.256098270416 seconds ---

Train Epoch: 57 accuracy: 0.91 
 precision: [0.98863417 1.         0.8731182  0.53683018 0.90869389 0.72397804
 0.54490475 0.32954545 1.        ] 
 recall: [0.91647164 1.         0.81721517 0.97329028 0.95870307 0.92704566
 0.99723298 1.         1.        ] 
 f1: [0.9511862  1.         0.84424227 0.69198664 0.93302886 0.8130237
 0.70473211 0.4957265  1.        ] 
 f1_avg: 0.9119903430369095


Validation Epoch: 57 accuracy: 0.68 
 precision: [0.98003813 1.         0.38368173 0.28059333 0.768728   0.54433834
 0.02299234 1.         1.        ] 
 recall: [0.69839367 1.         0.48138748 0.70278638 0.83278867 0.53377926
 1.         0.         0.        ] 
 f1: [0.81558563 1.         0.42701689 0.40106007 0.79947712 0.53900709
 0.04495114 0.         0.        ] 
 f1_avg: 0.7425109850847363

--- 26481.023751735687 seconds ---

Train Epoch: 58 accuracy: 0.90 
 precision: [0.98597496 1.         0.86313059 0.51173044 0.93468316 0.72010957
 0.38875141 0.11836735 1.        ] 
 recall: [0.90655576 1.         0.8248149  0.9539184  0.94138225 0.91496622
 0.95628113 1.         1.        ] 
 f1: [0.94459896 1.         0.84353787 0.66612011 0.93802074 0.80592708
 0.55278311 0.21167883 1.        ] 
 f1_avg: 0.9060013240951945


Validation Epoch: 58 accuracy: 0.80 
 precision: [0.96675975 1.         0.48928571 0.31643625 0.67878788 0.43205128
 0.14728682 1.         1.        ] 
 recall: [0.85766803 1.         0.34771574 0.6377709  0.91503268 0.67625418
 0.55072464 0.         0.        ] 
 f1: [0.90895232 1.         0.40652819 0.42299795 0.77940153 0.52724902
 0.2324159  0.         0.        ] 
 f1_avg: 0.8053280605074402

--- 26942.21331000328 seconds ---

Train Epoch: 59 accuracy: 0.90 
 precision: [0.98659561 1.         0.88462754 0.52434093 0.91322382 0.70509242
 0.42414201 0.13364055 1.        ] 
 recall: [0.90831336 1.         0.82155321 0.9515703  0.94867747 0.9137378
 0.99169895 1.         1.        ] 
 f1: [0.94583749 1.         0.85192451 0.67612096 0.9306131  0.79596932
 0.59416446 0.23577236 1.        ] 
 f1_avg: 0.9069930692904413


Validation Epoch: 59 accuracy: 0.75 
 precision: [0.9780445  1.         0.39036145 0.25028703 0.68994531 0.49188312
 0.05307263 0.         1.        ] 
 recall: [0.80100695 1.         0.41116751 0.6749226  0.89324619 0.60802676
 0.82608696 0.         0.        ] 
 f1: [0.88071702 1.         0.40049444 0.36515913 0.77854261 0.54382291
 0.09973753 0.         0.        ] 
 f1_avg: 0.7846614330584575

--- 27395.71067547798 seconds ---

Train Epoch: 60 accuracy: 0.90 
 precision: [0.98897743 1.         0.87994571 0.47490292 0.93942948 0.71121781
 0.41477273 0.07323232 1.        ] 
 recall: [0.90401805 1.         0.82478228 0.9691811  0.95678328 0.91987989
 0.96956281 1.         1.        ] 
 f1: [0.94459121 1.         0.85147148 0.63745174 0.94802697 0.80220205
 0.58099818 0.13647059 1.        ] 
 f1_avg: 0.9080718675748563


Validation Epoch: 60 accuracy: 0.80 
 precision: [0.96125822 1.         0.45454545 0.3626943  0.72510326 0.42289157
 0.         0.         1.        ] 
 recall: [0.86454088 1.         0.47800338 0.43343653 0.86056645 0.70434783
 0.         0.         0.        ] 
 f1: [0.91033786 1.         0.46597938 0.39492243 0.78704857 0.52848181
 0.         0.         0.        ] 
 f1_avg: 0.809765453111429

--- 27849.539713859558 seconds ---

Train Epoch: 61 accuracy: 0.84 
 precision: [0.97952781 0.         0.82083201 0.26343213 0.840194   0.68020192
 0.33674963 0.24786325 0.        ] 
 recall: [0.8539969  1.         0.76134251 0.90519519 0.87947952 0.83682522
 0.89097952 1.         1.        ] 
 f1: [0.91246517 0.         0.78996886 0.40809845 0.85938803 0.7504284
 0.48876746 0.39726027 0.        ] 
 f1_avg: 0.8577337108199381


Validation Epoch: 61 accuracy: 0.80 
 precision: [0.970434   1.         0.49951409 0.33054393 0.73261278 0.53247423
 0.05859873 0.         1.        ] 
 recall: [0.85774794 1.         0.43485618 0.73374613 0.84912854 0.6909699
 0.66666667 0.         0.        ] 
 f1: [0.91061808 1.         0.46494799 0.45576923 0.78657921 0.6014556
 0.10772834 0.         0.        ] 
 f1_avg: 0.8175553261234818

Early stopping!

Test Epoch: accuracy: 0.81 
 precision: [0.93063529 1.         0.7771781  0.27361564 0.57915246 0.57468244
 0.69736842 1.         1.        ] 
 recall: [0.88669098 1.         0.65390853 0.50299401 0.72588523 0.71929825
 0.63855422 1.         1.        ] 
 f1: [0.90813183 1.         0.71023428 0.35443038 0.64426985 0.63890918
 0.66666667 1.         1.        ] 
 f1_avg: 0.8154835902878222

--- 28310.93103671074 seconds ---

Test Epoch: accuracy: 0.83 
 precision: [0.95961833 1.         0.52294557 0.3277027  0.70880069 0.51155293
 0.17050691 0.         1.        ] 
 recall: [0.90018381 1.         0.41455161 0.6006192  0.89488017 0.6367893
 0.53623188 0.         0.        ] 
 f1: [0.92895138 1.         0.4624823  0.42404372 0.79104478 0.56734207
 0.25874126 0.         0.        ] 
 f1_avg: 0.8279635788114381

--- 28318.524752378464 seconds ---
