Requirement already satisfied: scikit-learn in /net/cephfs/data/zifjia/condaenvs/audio_clf/lib/python3.8/site-packages (1.1.2)
Requirement already satisfied: numpy>=1.17.3 in /net/cephfs/data/zifjia/condaenvs/audio_clf/lib/python3.8/site-packages (from scikit-learn) (1.22.3)
Requirement already satisfied: scipy>=1.3.2 in /net/cephfs/data/zifjia/condaenvs/audio_clf/lib/python3.8/site-packages (from scikit-learn) (1.9.1)
Requirement already satisfied: joblib>=1.0.0 in /net/cephfs/data/zifjia/condaenvs/audio_clf/lib/python3.8/site-packages (from scikit-learn) (1.1.0)
Requirement already satisfied: threadpoolctl>=2.0.0 in /net/cephfs/data/zifjia/condaenvs/audio_clf/lib/python3.8/site-packages (from scikit-learn) (3.1.0)
Requirement already satisfied: tensorboard in /net/cephfs/data/zifjia/condaenvs/audio_clf/lib/python3.8/site-packages (2.10.1)
Requirement already satisfied: markdown>=2.6.8 in /net/cephfs/home/zifjia/.local/lib/python3.8/site-packages (from tensorboard) (3.4.1)
Requirement already satisfied: werkzeug>=1.0.1 in /net/cephfs/data/zifjia/condaenvs/audio_clf/lib/python3.8/site-packages (from tensorboard) (2.1.2)
Requirement already satisfied: requests<3,>=2.21.0 in /net/cephfs/data/zifjia/condaenvs/audio_clf/lib/python3.8/site-packages (from tensorboard) (2.28.1)
Requirement already satisfied: setuptools>=41.0.0 in /net/cephfs/data/zifjia/condaenvs/audio_clf/lib/python3.8/site-packages (from tensorboard) (60.8.1)
Requirement already satisfied: grpcio>=1.24.3 in /net/cephfs/home/zifjia/.local/lib/python3.8/site-packages (from tensorboard) (1.47.0)
Requirement already satisfied: tensorboard-plugin-wit>=1.6.0 in /net/cephfs/home/zifjia/.local/lib/python3.8/site-packages (from tensorboard) (1.8.1)
Requirement already satisfied: google-auth<3,>=1.6.3 in /net/cephfs/home/zifjia/.local/lib/python3.8/site-packages (from tensorboard) (2.9.1)
Requirement already satisfied: protobuf<3.20,>=3.9.2 in /net/cephfs/home/zifjia/.local/lib/python3.8/site-packages (from tensorboard) (3.19.4)
Requirement already satisfied: tensorboard-data-server<0.7.0,>=0.6.0 in /net/cephfs/home/zifjia/.local/lib/python3.8/site-packages (from tensorboard) (0.6.1)
Requirement already satisfied: wheel>=0.26 in /net/cephfs/data/zifjia/condaenvs/audio_clf/lib/python3.8/site-packages (from tensorboard) (0.37.1)
Requirement already satisfied: numpy>=1.12.0 in /net/cephfs/data/zifjia/condaenvs/audio_clf/lib/python3.8/site-packages (from tensorboard) (1.22.3)
Requirement already satisfied: absl-py>=0.4 in /net/cephfs/home/zifjia/.local/lib/python3.8/site-packages (from tensorboard) (1.2.0)
Requirement already satisfied: google-auth-oauthlib<0.5,>=0.4.1 in /net/cephfs/home/zifjia/.local/lib/python3.8/site-packages (from tensorboard) (0.4.6)
Requirement already satisfied: cachetools<6.0,>=2.0.0 in /net/cephfs/home/zifjia/.local/lib/python3.8/site-packages (from google-auth<3,>=1.6.3->tensorboard) (5.2.0)
Requirement already satisfied: rsa<5,>=3.1.4 in /net/cephfs/home/zifjia/.local/lib/python3.8/site-packages (from google-auth<3,>=1.6.3->tensorboard) (4.9)
Requirement already satisfied: pyasn1-modules>=0.2.1 in /net/cephfs/home/zifjia/.local/lib/python3.8/site-packages (from google-auth<3,>=1.6.3->tensorboard) (0.2.8)
Requirement already satisfied: six>=1.9.0 in /net/cephfs/data/zifjia/condaenvs/audio_clf/lib/python3.8/site-packages (from google-auth<3,>=1.6.3->tensorboard) (1.16.0)
Requirement already satisfied: requests-oauthlib>=0.7.0 in /net/cephfs/home/zifjia/.local/lib/python3.8/site-packages (from google-auth-oauthlib<0.5,>=0.4.1->tensorboard) (1.3.1)
Requirement already satisfied: importlib-metadata>=4.4 in /net/cephfs/home/zifjia/.local/lib/python3.8/site-packages (from markdown>=2.6.8->tensorboard) (4.12.0)
Requirement already satisfied: idna<4,>=2.5 in /net/cephfs/data/zifjia/condaenvs/audio_clf/lib/python3.8/site-packages (from requests<3,>=2.21.0->tensorboard) (3.4)
Requirement already satisfied: certifi>=2017.4.17 in /net/cephfs/data/zifjia/condaenvs/audio_clf/lib/python3.8/site-packages (from requests<3,>=2.21.0->tensorboard) (2022.9.14)
Requirement already satisfied: charset-normalizer<3,>=2 in /net/cephfs/data/zifjia/condaenvs/audio_clf/lib/python3.8/site-packages (from requests<3,>=2.21.0->tensorboard) (2.1.1)
Requirement already satisfied: urllib3<1.27,>=1.21.1 in /net/cephfs/data/zifjia/condaenvs/audio_clf/lib/python3.8/site-packages (from requests<3,>=2.21.0->tensorboard) (1.26.12)
Requirement already satisfied: zipp>=0.5 in /net/cephfs/data/zifjia/condaenvs/audio_clf/lib/python3.8/site-packages (from importlib-metadata>=4.4->markdown>=2.6.8->tensorboard) (3.8.0)
Requirement already satisfied: pyasn1<0.5.0,>=0.4.6 in /net/cephfs/home/zifjia/.local/lib/python3.8/site-packages (from pyasn1-modules>=0.2.1->google-auth<3,>=1.6.3->tensorboard) (0.4.8)
Requirement already satisfied: oauthlib>=3.0.0 in /net/cephfs/home/zifjia/.local/lib/python3.8/site-packages (from requests-oauthlib>=0.7.0->google-auth-oauthlib<0.5,>=0.4.1->tensorboard) (3.2.0)
Requirement already satisfied: torch in /net/cephfs/data/zifjia/condaenvs/audio_clf/lib/python3.8/site-packages (1.12.1)
Requirement already satisfied: torchvision in /net/cephfs/data/zifjia/condaenvs/audio_clf/lib/python3.8/site-packages (0.13.1)
Requirement already satisfied: torchaudio in /net/cephfs/data/zifjia/condaenvs/audio_clf/lib/python3.8/site-packages (0.12.1)
Requirement already satisfied: typing-extensions in /net/cephfs/data/zifjia/condaenvs/audio_clf/lib/python3.8/site-packages (from torch) (4.0.1)
Requirement already satisfied: requests in /net/cephfs/data/zifjia/condaenvs/audio_clf/lib/python3.8/site-packages (from torchvision) (2.28.1)
Requirement already satisfied: numpy in /net/cephfs/data/zifjia/condaenvs/audio_clf/lib/python3.8/site-packages (from torchvision) (1.22.3)
Requirement already satisfied: pillow!=8.3.*,>=5.3.0 in /net/cephfs/data/zifjia/condaenvs/audio_clf/lib/python3.8/site-packages (from torchvision) (9.0.1)
Requirement already satisfied: idna<4,>=2.5 in /net/cephfs/data/zifjia/condaenvs/audio_clf/lib/python3.8/site-packages (from requests->torchvision) (3.4)
Requirement already satisfied: charset-normalizer<3,>=2 in /net/cephfs/data/zifjia/condaenvs/audio_clf/lib/python3.8/site-packages (from requests->torchvision) (2.1.1)
Requirement already satisfied: urllib3<1.27,>=1.21.1 in /net/cephfs/data/zifjia/condaenvs/audio_clf/lib/python3.8/site-packages (from requests->torchvision) (1.26.12)
Requirement already satisfied: certifi>=2017.4.17 in /net/cephfs/data/zifjia/condaenvs/audio_clf/lib/python3.8/site-packages (from requests->torchvision) (2022.9.14)
{'name': 'chimp_spectrogram_lstm_42', 'data_path': '/home/cluster/zifjia/data/data_chimp/spectrogram_split_42', 'test_only': False, 'balance_weights': True, 'model_type': 'lstm', 'n_embedding': 201, 'd_hid': 1024, 'nlayers': 2, 'batch_size': 1, 'n_epoch': 200, 'lr': 0.0001, 'dropout': 0.4, 'patience': 10, 'step_factor': 0.7, 'seed': 42}
cuda
Reading data ...
train, dev, test number of files: 188, 23, 24.
dev files:  ['ASO1624_02 HW single ph_01', 'ASO1138 Sonso PS single ph_01', 'ASO1331 Sonso FK single ph feeding_01', 'ASO3453 KT pg pant ph intro, 1_20 unk hoo, 16_20 KT single ph_01', 'ASO0471 Sonso KT single ph feeding, group ph_01', 'ASO1514 MS single ph intro, KC group ph_01', 'ASO0481 Sonso KT single ph, KZ single ph feeding_01', 'ASO3132 KT single ph rest_01', 'ASO3129 KT single ph resting_01', 'ASO1614 HW single ph feeding_01', 'ASO3829 PS IN IS group ph resting, 1_30 HW single ph_01', 'ASO3462 PS single ph drum traveling_01', 'ASO3574 KT single ph feeding_01', 'ASO3856 MS single ph feeding_01', 'ASO3455 KT single ph_01', 'ASO3015 PS single ph feeding_01', 'ASO2125 KL OK KC JS group ph, FK single ph, OK KL KC KO group ph, PS single ph, PS single ph feeding_02', 'ASO3403 ZL single ph, KC fg_01', 'ASO3954 FK single ph drum traveling_01', 'ASO3404 ZL KC group ph, inf single ph other party, 3_50 KS PS ZL KC group ph, PS display, KS fg. 6_10 PS single ph_01', 'ASO3179 FK single ph resting looking at monkeys_01', 'ASO0780 Sonso ZL single ph drum_01', 'ASO3150 KT single ph_01']
test files:  ['ASO3080 HW single ph drum traveling, 2_00 HW single ph drum traveling-resting, 5_20 HW single ph drum traveling-resting_02', 'ASO4567 KC display drum (not visible), FK SM group ph drum, 1_50 ZL single ph drum travel_01', 'ASO3457 KT single ph_01', 'ASO0334 Sonso PS single ph_01', 'ASO0020 Sonso SQ single ph, PS single ph other party 2_01', 'ASO3737 HW single ph drum resting-traveling, 1_15 JN single ph feeding, HW single ph_02', 'ASO0107 Sonso Thermal Camera KZ single ph 2_50 with reply ZD, KZ SQ group ph 3_34_01', 'ASO3016 ZL single ph feeding_01', 'ASO3770 MS single ph drum traveling-resting_01', 'ASO1487 ZL single ph start, DL unk group ph, PS single ph start_01', 'ASO0910 Sonso Thermal Camera HW resting, 2_05 HW single ph, 13_45 HW PS group ph drum traveling_01', 'ASO1487 ZL single ph start, DL unk group ph, PS single ph start_02', 'ASO1035 Sonso unk group ph 100m, 0_30 ZD single ph drum, FK unk single ph drum 100m_01', 'ASO1093 Sonso SQ single ph_01', 'ASO0094 Sonso ZL single ph_01', 'ASO2877 FK single ph, KO pg-whimper, unk MB group ph_01', 'ASO2546 FK single fg ph feeding, HW single ph drum, FK fg, FK single ph, FK fg_01', 'ASO2392 group ph, 1_30 pg to ph, 1_45 NB group ph, 2_30 SM PS MB group ph, MB fg, 3_40 PS unk group ph, SM single ph, unk display to DL, 5_46 DL single ph intro_01', 'ASO2544 HW single ph drum traveling_01', 'ASO0088 Sonso HW single ph drum,  group ph, unk F ph_01', 'ASO3874 unk pg-ph start, unk group ph, 1_50 HW single ph feeding_01', 'ASO1581 HW single ph drum, MS NB unk group ph other party, HW single ph B-U, KT HW group ph_01', 'ASO3870 FK scream, MS FK group ph drum, FK MS group fg, FK MS group ph drum, MS FK fg, MS single ph intro, FK MS group ph. FK fg, 3_19 MS FK group ph feeding, 4_24 FK single ph_01', 'ASO4619 ZL unk group ph, PS single ph intro_01']
train_data_all: (78704, 202)
Labels in train_data_all:  {0.0: 866, 1.0: 38429, 2.0: 17370, 3.0: 15944, 4.0: 6095}
--- 0.6398448944091797 seconds ---
LSTM(
  (lstm): LSTM(201, 1024, num_layers=2, dropout=0.4, bidirectional=True)
  (hidden2tag): Linear(in_features=2048, out_features=5, bias=True)
)
Number of parameters: 35244037

Train Epoch: 1 accuracy: 0.31 
 precision: [0.00352208 0.61593142 0.35883171 0.60661818 0.08870376] 
 recall: [0.01501155 0.22998257 0.23765112 0.5231435  0.51534044] 
 f1: [0.00570551 0.33491227 0.28593198 0.561797   0.15135526] 
 f1_avg: 0.3522276485623221


Validation Epoch: 1 accuracy: 0.26 
 precision: [0.0015528  0.62972292 0.21758636 0.65776294 0.12612991] 
 recall: [0.14285714 0.04691312 0.2863046  0.65776294 0.60180542] 
 f1: [0.0030722  0.08732099 0.24725975 0.65776294 0.20855057] 
 f1_avg: 0.23148798963589678

New best val score, save model ...
--- 8.718092203140259 seconds ---

Train Epoch: 2 accuracy: 0.27 
 precision: [0.0308415  0.62682285 0.3424613  0.64062924 0.10382293] 
 recall: [0.34872979 0.06822972 0.30310881 0.59257401 0.58949959] 
 f1: [0.05667105 0.12306393 0.32158563 0.61566532 0.17655152] 
 f1_avg: 0.2700814770222513


Validation Epoch: 2 accuracy: 0.24 
 precision: [0.00105319 0.62790698 0.2213988  0.65650517 0.11863426] 
 recall: [0.28571429 0.05573278 0.28217237 0.67111853 0.4112337 ] 
 f1: [0.00209864 0.10237849 0.24811835 0.66373143 0.18414552] 
 f1_avg: 0.23841822100804302

New best val score, save model ...
--- 11.919370174407959 seconds ---

Train Epoch: 3 accuracy: 0.27 
 precision: [0.02307295 0.6194128  0.32123989 0.6475328  0.11274298] 
 recall: [0.46420323 0.07356424 0.34306275 0.6098846  0.42821985] 
 f1: [0.04396085 0.13150978 0.33179287 0.62814509 0.17849205] 
 f1_avg: 0.27899669590193193


Validation Epoch: 3 accuracy: 0.24 
 precision: [0.00158103 0.64383562 0.2038872  0.65285253 0.12125163] 
 recall: [0.57142857 0.06173766 0.31582054 0.67501391 0.27983952] 
 f1: [0.00315333 0.11267123 0.24779991 0.66374829 0.16919345] 
 f1_avg: 0.2424329869472107

New best val score, save model ...
--- 15.15389633178711 seconds ---

Train Epoch: 4 accuracy: 0.28 
 precision: [0.02115838 0.63600084 0.31446511 0.65162479 0.12742401] 
 recall: [0.54965358 0.07879466 0.38635579 0.62129955 0.31156686] 
 f1: [0.04074819 0.14021764 0.34672315 0.63610094 0.18087437] 
 f1_avg: 0.2883044780872153


Validation Epoch: 4 accuracy: 0.23 
 precision: [0.00156544 0.63740458 0.20560748 0.64928153 0.07473599] 
 recall: [0.71428571 0.06267592 0.36363636 0.67890929 0.09227683] 
 f1: [0.00312402 0.11412951 0.26268657 0.66376496 0.08258528] 
 f1_avg: 0.23700450027256956

--- 18.068791389465332 seconds ---

Train Epoch: 5 accuracy: 0.28 
 precision: [0.01981516 0.65146783 0.31219321 0.65392892 0.13717654] 
 recall: [0.58429561 0.08142288 0.41375936 0.62895133 0.22526661] 
 f1: [0.03833043 0.14475389 0.35587136 0.64119697 0.17051664] 
 f1_avg: 0.2927420477479735


Validation Epoch: 5 accuracy: 0.23 
 precision: [0.00207162 0.65595463 0.19592089 0.64870576 0.07623888] 
 recall: [1.         0.06511541 0.3742621  0.68336116 0.06018054] 
 f1: [0.00413467 0.11847047 0.25720081 0.66558266 0.06726457] 
 f1_avg: 0.23719167879725778

--- 20.986214637756348 seconds ---

Train Epoch: 6 accuracy: 0.29 
 precision: [0.01917376 0.67144026 0.31168723 0.65458781 0.14171683] 
 recall: [0.59006928 0.08540425 0.43189407 0.63447065 0.17768663] 
 f1: [0.03714068 0.15153404 0.36207437 0.64437225 0.15767635] 
 f1_avg: 0.29705740329688607


Validation Epoch: 6 accuracy: 0.23 
 precision: [0.00177148 0.66478343 0.19676138 0.64480588 0.08390646] 
 recall: [0.85714286 0.06624132 0.38016529 0.68391764 0.06118355] 
 f1: [0.00353565 0.12047782 0.25931146 0.66378612 0.07076566] 
 f1_avg: 0.23867077117097607

--- 23.870707035064697 seconds ---

Train Epoch: 7 accuracy: 0.29 
 precision: [0.01961584 0.69291339 0.31109308 0.65826294 0.14564134] 
 recall: [0.6108545  0.08930755 0.44156592 0.64030356 0.15816243] 
 f1: [0.03801107 0.1582223  0.36502082 0.64915906 0.15164386] 
 f1_avg: 0.3014855099549466


Validation Epoch: 7 accuracy: 0.24 
 precision: [0.00178042 0.66302368 0.19622756 0.64512767 0.08726753] 
 recall: [0.85714286 0.0683055  0.38075561 0.68892599 0.06118355] 
 f1: [0.00355345 0.12385165 0.25898414 0.66630786 0.07193396] 
 f1_avg: 0.2410243110674117

--- 26.77648401260376 seconds ---

Train Epoch: 8 accuracy: 0.29 
 precision: [0.01998954 0.70360773 0.31277603 0.65741511 0.14578255] 
 recall: [0.61778291 0.09185771 0.45256189 0.64475665 0.14716981] 
 f1: [0.03872602 0.16250058 0.3699033  0.65102435 0.14647289] 
 f1_avg: 0.30463732732426263


Validation Epoch: 8 accuracy: 0.24 
 precision: [0.00179641 0.66071429 0.1943271  0.6425974  0.08759124] 
 recall: [0.85714286 0.06943141 0.38016529 0.6883695  0.06018054] 
 f1: [0.0035853  0.12565801 0.2571885  0.6646964  0.07134364] 
 f1_avg: 0.24133987864475154

--- 29.652702808380127 seconds ---

Train Epoch: 9 accuracy: 0.30 
 precision: [0.01985037 0.71040812 0.31164665 0.65991825 0.14483955] 
 recall: [0.60969977 0.09466809 0.45860679 0.64808078 0.13699754] 
 f1: [0.03844894 0.16707233 0.37110713 0.65394595 0.14080944] 
 f1_avg: 0.30728549971843533


Validation Epoch: 9 accuracy: 0.24 
 precision: [0.00181433 0.66897747 0.19532654 0.64145078 0.08779762] 
 recall: [0.85714286 0.07243385 0.38488784 0.68892599 0.05917753] 
 f1: [0.003621   0.13071453 0.25914149 0.66434129 0.07070102] 
 f1_avg: 0.24428939084670964

New best val score, save model ...
--- 32.847774505615234 seconds ---

Train Epoch: 10 accuracy: 0.30 
 precision: [0.01984308 0.71523937 0.31141655 0.65857379 0.14775583] 
 recall: [0.60161663 0.09758255 0.46436385 0.64989965 0.13502871] 
 f1: [0.038419   0.17173475 0.3728132  0.65420797 0.14110587] 
 f1_avg: 0.31001426836566004


Validation Epoch: 10 accuracy: 0.24 
 precision: [0.00182537 0.6677686  0.19647656 0.64248705 0.09035222] 
 recall: [0.85714286 0.0758116  0.38842975 0.69003895 0.05917753] 
 f1: [0.00364299 0.13616448 0.26095578 0.66541454 0.07151515] 
 f1_avg: 0.24783750242093305

New best val score, save model ...
--- 36.02924871444702 seconds ---

Train Epoch: 11 accuracy: 0.30 
 precision: [0.01978709 0.72124976 0.31259815 0.65932332 0.14865845] 
 recall: [0.59237875 0.09971636 0.46983305 0.65510537 0.13453651] 
 f1: [0.03829501 0.17520918 0.37541689 0.65720758 0.14124537] 
 f1_avg: 0.3129024770323953


Validation Epoch: 11 accuracy: 0.24 
 precision: [0.00183824 0.67456556 0.19713689 0.64411157 0.09090909] 
 recall: [0.85714286 0.0801276  0.39020071 0.69393434 0.05817452] 
 f1: [0.0036686  0.14324052 0.26193778 0.66809537 0.07094801] 
 f1_avg: 0.25227805137767295

New best val score, save model ...
--- 39.23451209068298 seconds ---

Train Epoch: 12 accuracy: 0.30 
 precision: [0.02008095 0.72766116 0.31370986 0.65984767 0.15022255] 
 recall: [0.59584296 0.10192823 0.47582038 0.65748871 0.13289582] 
 f1: [0.0388525  0.17880946 0.37812243 0.65866608 0.14102899] 
 f1_avg: 0.31554235068770875


Validation Epoch: 12 accuracy: 0.25 
 precision: [0.00185071 0.67751938 0.19827842 0.6442953  0.09350238] 
 recall: [0.85714286 0.08200413 0.39433294 0.69449082 0.05917753] 
 f1: [0.00369344 0.14630064 0.26387517 0.66845206 0.07248157] 
 f1_avg: 0.2544929733313517

New best val score, save model ...
--- 42.415438413619995 seconds ---

Train Epoch: 13 accuracy: 0.31 
 precision: [0.02000709 0.72994309 0.31255656 0.65890162 0.14655012] 
 recall: [0.58660508 0.10346353 0.47720207 0.65993477 0.1292863 ] 
 f1: [0.03869444 0.18123803 0.37771702 0.65941779 0.13737796] 
 f1_avg: 0.31650648525053876


Validation Epoch: 13 accuracy: 0.25 
 precision: [0.00157233 0.69124424 0.19858365 0.64150943 0.09175739] 
 recall: [0.71428571 0.08444361 0.39728453 0.70005565 0.05917753] 
 f1: [0.00313775 0.15050167 0.26480425 0.66950506 0.07195122] 
 f1_avg: 0.25707041179314616

New best val score, save model ...
--- 45.58599495887756 seconds ---

Train Epoch: 14 accuracy: 0.31 
 precision: [0.02017383 0.73858239 0.31253047 0.65811114 0.14761642] 
 recall: [0.58429561 0.10520701 0.47973518 0.66256899 0.13158326] 
 f1: [0.03900108 0.18417876 0.37848886 0.66033254 0.13913949] 
 f1_avg: 0.3184378066758904


Validation Epoch: 14 accuracy: 0.25 
 precision: [0.00157233 0.69865067 0.19840331 0.64081633 0.09291339] 
 recall: [0.71428571 0.08744605 0.3961039  0.69894268 0.05917753] 
 f1: [0.00313775 0.15543696 0.2643814  0.66861858 0.07230392] 
 f1_avg: 0.2595482700574869

New best val score, save model ...
--- 48.77761793136597 seconds ---

Train Epoch: 15 accuracy: 0.31 
 precision: [0.02040489 0.7346126  0.31424513 0.65848963 0.14628253] 
 recall: [0.58775982 0.10559734 0.48399539 0.66501505 0.12912223] 
 f1: [0.03944055 0.18465179 0.3810711  0.66173625 0.13716776] 
 f1_avg: 0.3193751817117229


Validation Epoch: 15 accuracy: 0.25 
 precision: [0.00159033 0.70501475 0.19829612 0.6431853  0.09389671] 
 recall: [0.71428571 0.08969788 0.39846517 0.70116861 0.06018054] 
 f1: [0.0031736  0.15914766 0.26480973 0.67092652 0.07334963] 
 f1_avg: 0.26216330607106536

New best val score, save model ...
--- 51.964690923690796 seconds ---

Train Epoch: 16 accuracy: 0.31 
 precision: [0.02042474 0.74292368 0.31395262 0.65808642 0.14870571] 
 recall: [0.58083141 0.10791329 0.48526195 0.66865278 0.13289582] 
 f1: [0.03946181 0.18845289 0.38124746 0.66332753 0.14035696] 
 f1_avg: 0.3218396517828068


Validation Epoch: 16 accuracy: 0.25 
 precision: [0.00160823 0.69767442 0.19917985 0.6432958  0.09711684] 
 recall: [0.71428571 0.09007318 0.40141677 0.69949917 0.06419258] 
 f1: [0.00320924 0.15954795 0.26624902 0.67022127 0.07729469] 
 f1_avg: 0.2629000153242153

New best val score, save model ...
--- 55.13867926597595 seconds ---

Train Epoch: 17 accuracy: 0.31 
 precision: [0.02024424 0.74359431 0.31478177 0.65750983 0.15166909] 
 recall: [0.5704388  0.108746   0.48744963 0.67103613 0.13716161] 
 f1: [0.03910084 0.18974324 0.38253366 0.66420412 0.144051  ] 
 f1_avg: 0.32321324655575395


Validation Epoch: 17 accuracy: 0.25 
 precision: [0.00163773 0.70953757 0.19912536 0.64209456 0.09237537] 
 recall: [0.71428571 0.09213736 0.40318772 0.70283806 0.06318957] 
 f1: [0.00326797 0.16309583 0.2665886  0.67109458 0.07504467] 
 f1_avg: 0.26481455105873664

New best val score, save model ...
--- 58.3258593082428 seconds ---

Train Epoch: 18 accuracy: 0.31 
 precision: [0.02017482 0.74814028 0.31507816 0.65657122 0.1494151 ] 
 recall: [0.56235566 0.10991699 0.48854347 0.67304315 0.13831009] 
 f1: [0.03895221 0.19167328 0.38308918 0.66470515 0.14364829] 
 f1_avg: 0.3243469155049323


Validation Epoch: 18 accuracy: 0.26 
 precision: [0.00163452 0.70711297 0.19970803 0.64714946 0.09911243] 
 recall: [0.71428571 0.0951398  0.40377804 0.70116861 0.0672016 ] 
 f1: [0.00326158 0.16771419 0.2672397  0.67307692 0.08009564] 
 f1_avg: 0.2683072455372848

New best val score, save model ...
--- 61.49152112007141 seconds ---

Train Epoch: 19 accuracy: 0.32 
 precision: [0.02022135 0.75079365 0.31666048 0.65776284 0.1483304 ] 
 recall: [0.56120092 0.11077572 0.49130685 0.67492474 0.13847416] 
 f1: [0.03903614 0.1930656  0.3851083  0.66623328 0.14323292] 
 f1_avg: 0.3257506950978667


Validation Epoch: 19 accuracy: 0.26 
 precision: [0.0016292  0.7235543  0.20264706 0.64573762 0.09898108] 
 recall: [0.71428571 0.09626572 0.40672963 0.70395103 0.06820461] 
 f1: [0.00325098 0.16992382 0.27051433 0.67358892 0.0807601 ] 
 f1_avg: 0.2702315919446097

New best val score, save model ...
--- 64.66120958328247 seconds ---

Train Epoch: 20 accuracy: 0.32 
 precision: [0.02027905 0.75047818 0.31748034 0.65674    0.14094433] 
 recall: [0.55889145 0.11231102 0.49268854 0.67774711 0.13125513] 
 f1: [0.03913799 0.19538253 0.38613906 0.66707821 0.13592728] 
 f1_avg: 0.32671599789276445


Validation Epoch: 20 accuracy: 0.26 
 precision: [0.00163934 0.71827057 0.20370916 0.64260295 0.1038961 ] 
 recall: [0.71428571 0.09664102 0.40850059 0.70339455 0.07221665] 
 f1: [0.00327118 0.17036057 0.27185229 0.67162593 0.0852071 ] 
 f1_avg: 0.27079147211256815

New best val score, save model ...
--- 67.84698390960693 seconds ---

Train Epoch: 21 accuracy: 0.32 
 precision: [0.02023438 0.74905336 0.31711565 0.65556838 0.14617534] 
 recall: [0.55427252 0.11324781 0.49268854 0.6767436  0.13732568] 
 f1: [0.03904344 0.19674947 0.3858692  0.66598772 0.14161238] 
 f1_avg: 0.32754219327885864


Validation Epoch: 21 accuracy: 0.26 
 precision: [0.00165782 0.72524407 0.20275822 0.63897281 0.10186514] 
 recall: [0.71428571 0.09757928 0.40791027 0.70617696 0.07121364] 
 f1: [0.00330797 0.17201456 0.27087417 0.67089611 0.08382527] 
 f1_avg: 0.2712463014817332

New best val score, save model ...
--- 71.02703189849854 seconds ---

Train Epoch: 22 accuracy: 0.32 
 precision: [0.02037691 0.75115444 0.31665127 0.65540133 0.14707424] 
 recall: [0.55311778 0.11428869 0.49320668 0.68113397 0.13814602] 
 f1: [0.03930579 0.19839191 0.38568374 0.66801993 0.14247039] 
 f1_avg: 0.32878423755234354


Validation Epoch: 22 accuracy: 0.26 
 precision: [0.00167729 0.71763085 0.20245399 0.63718593 0.09659091] 
 recall: [0.71428571 0.09776694 0.40909091 0.70562048 0.06820461] 
 f1: [0.00334672 0.17208918 0.27086183 0.66965936 0.07995297] 
 f1_avg: 0.27066547306931926

--- 73.88864135742188 seconds ---

Train Epoch: 23 accuracy: 0.32 
 precision: [0.02019772 0.75118967 0.31800766 0.65474255 0.14427012] 
 recall: [0.54734411 0.1150173  0.49217041 0.6818866  0.1388023 ] 
 f1: [0.03895784 0.19948999 0.38636929 0.66803896 0.1414834 ] 
 f1_avg: 0.32939529536065665


Validation Epoch: 23 accuracy: 0.26 
 precision: [0.00169377 0.72591588 0.20291121 0.63969849 0.09859155] 
 recall: [0.71428571 0.10039407 0.41145218 0.70840289 0.07021063] 
 f1: [0.00337952 0.17639301 0.27178787 0.67229997 0.08201523] 
 f1_avg: 0.273852087033823

New best val score, save model ...
--- 77.07432270050049 seconds ---

Train Epoch: 24 accuracy: 0.32 
 precision: [0.02031263 0.75201884 0.31757409 0.65406575 0.14469453] 
 recall: [0.54618938 0.11631841 0.49228555 0.68257652 0.14027892] 
 f1: [0.0391686  0.20147387 0.38608452 0.66801706 0.14245252] 
 f1_avg: 0.3303740551236956


Validation Epoch: 24 accuracy: 0.26 
 precision: [0.00171057 0.72517007 0.20360151 0.63545817 0.0979021 ] 
 recall: [0.71428571 0.10001877 0.41381346 0.71007234 0.07021063] 
 f1: [0.00341297 0.17579156 0.27292194 0.67069645 0.0817757 ] 
 f1_avg: 0.2734037824903896

--- 79.94715213775635 seconds ---

Train Epoch: 25 accuracy: 0.32 
 precision: [0.02057311 0.75347746 0.3184737  0.65458038 0.14714214] 
 recall: [0.54965358 0.11699498 0.49395509 0.68389363 0.14487285] 
 f1: [0.03966171 0.20254077 0.38726276 0.66891602 0.14599868] 
 f1_avg: 0.3316171893098978


Validation Epoch: 25 accuracy: 0.26 
 precision: [0.00170999 0.72987722 0.20461179 0.63267327 0.10124827] 
 recall: [0.71428571 0.10039407 0.41381346 0.71118531 0.07321966] 
 f1: [0.0034118  0.1765094  0.27382813 0.66963584 0.08498254] 
 f1_avg: 0.2740808762421331

New best val score, save model ...
--- 83.132399559021 seconds ---

Train Epoch: 26 accuracy: 0.32 
 precision: [0.02060201 0.75379038 0.3191672  0.65351978 0.14805624] 
 recall: [0.54849885 0.11902469 0.49245826 0.68590065 0.14684167] 
 f1: [0.0397124  0.20558689 0.38731294 0.66931881 0.14744646] 
 f1_avg: 0.33330987901113923


Validation Epoch: 26 accuracy: 0.27 
 precision: [0.00172592 0.71936759 0.20505373 0.63736264 0.09820194] 
 recall: [0.71428571 0.10245825 0.41676505 0.71007234 0.07121364] 
 f1: [0.00344353 0.17936925 0.2748686  0.67175573 0.08255814] 
 f1_avg: 0.27595335458702774

New best val score, save model ...
--- 86.30413794517517 seconds ---

Train Epoch: 27 accuracy: 0.32 
 precision: [0.02054496 0.75493421 0.31853922 0.65378865 0.14670167] 
 recall: [0.54503464 0.11944105 0.49211284 0.68564977 0.1466776 ] 
 f1: [0.03959732 0.20625042 0.38674358 0.66934027 0.14668964] 
 f1_avg: 0.3334526754112871


Validation Epoch: 27 accuracy: 0.26 
 precision: [0.00176491 0.72739541 0.20200286 0.62881023 0.0998613 ] 
 recall: [0.71428571 0.10114468 0.41676505 0.71174179 0.07221665] 
 f1: [0.00352113 0.17759473 0.27211409 0.66771078 0.08381839] 
 f1_avg: 0.2739038507063493

--- 89.16320443153381 seconds ---

Train Epoch: 28 accuracy: 0.33 
 precision: [0.02054106 0.75468675 0.32055606 0.6532912  0.14570402] 
 recall: [0.54272517 0.12256369 0.49251583 0.68721776 0.14634947] 
 f1: [0.03958395 0.21087979 0.38835172 0.66982516 0.14602603] 
 f1_avg: 0.3361146744285941


Validation Epoch: 28 accuracy: 0.27 
 precision: [0.00173611 0.72463768 0.20527689 0.63163114 0.10013908] 
 recall: [0.71428571 0.10320886 0.41794569 0.70895938 0.07221665] 
 f1: [0.0034638  0.18068331 0.27532569 0.66806502 0.08391608] 
 f1_avg: 0.27620770636989755

New best val score, save model ...
--- 92.33861780166626 seconds ---

Train Epoch: 29 accuracy: 0.33 
 precision: [0.02058117 0.75134707 0.32052821 0.65343521 0.14852459] 
 recall: [0.54387991 0.12337037 0.49188256 0.68659057 0.14864643] 
 f1: [0.03966149 0.21194037 0.38813428 0.66960272 0.14858549] 
 f1_avg: 0.33673853806336834


Validation Epoch: 29 accuracy: 0.27 
 precision: [0.00174642 0.72990777 0.2056183  0.62838837 0.10416667] 
 recall: [0.71428571 0.10395947 0.41912633 0.70951586 0.07522568] 
 f1: [0.00348432 0.18199737 0.27588887 0.66649242 0.08736168] 
 f1_avg: 0.27707966182365223

New best val score, save model ...
--- 95.53923439979553 seconds ---

Train Epoch: 30 accuracy: 0.33 
 precision: [0.02057288 0.75187013 0.32182569 0.65304177 0.14997589] 
 recall: [0.54157044 0.122928   0.49320668 0.68740592 0.15307629] 
 f1: [0.03963994 0.21130793 0.38949761 0.66978336 0.15151023] 
 f1_avg: 0.33699347894052784


Validation Epoch: 30 accuracy: 0.27 
 precision: [0.00175685 0.72833118 0.20606936 0.63150074 0.10192837] 
 recall: [0.71428571 0.10564834 0.42089728 0.70951586 0.07422267] 
 f1: [0.00350508 0.18452966 0.27667831 0.66823899 0.08589669] 
 f1_avg: 0.27876024368026037

New best val score, save model ...
--- 98.70963335037231 seconds ---

Train Epoch: 31 accuracy: 0.33 
 precision: [0.02044683 0.75165877 0.32102016 0.65156111 0.14660936] 
 recall: [0.53579677 0.12381275 0.49130685 0.68715504 0.15110747] 
 f1: [0.03939047 0.21260529 0.38831506 0.66888489 0.14882443] 
 f1_avg: 0.33697320040294226


Validation Epoch: 31 accuracy: 0.27 
 precision: [0.0017934  0.73173971 0.20525264 0.62340842 0.100271  ] 
 recall: [0.71428571 0.10339651 0.4244392  0.70840289 0.07422267] 
 f1: [0.00357782 0.1811904  0.2766981  0.66319354 0.08530259] 
 f1_avg: 0.2759691292102235

--- 101.56667017936707 seconds ---

Train Epoch: 32 accuracy: 0.33 
 precision: [0.02037119 0.75550729 0.32186593 0.6533476  0.14957742] 
 recall: [0.53233256 0.12672721 0.49176742 0.68916207 0.15389664] 
 f1: [0.03924072 0.21704735 0.38907741 0.67077712 0.15170629] 
 f1_avg: 0.3399152531148489


Validation Epoch: 32 accuracy: 0.27 
 precision: [0.00175562 0.73409669 0.20812772 0.63364858 0.10190217] 
 recall: [0.71428571 0.10827547 0.42325856 0.70840289 0.07522568] 
 f1: [0.00350263 0.18871627 0.27904262 0.66894377 0.08655511] 
 f1_avg: 0.28163468249408513

New best val score, save model ...
--- 104.7517671585083 seconds ---

Train Epoch: 33 accuracy: 0.33 
 precision: [0.02051736 0.75520914 0.32259652 0.65273732 0.14999215] 
 recall: [0.53579677 0.12732572 0.49067358 0.68872303 0.15668581] 
 f1: [0.03952132 0.21791218 0.38926696 0.67024751 0.15326593] 
 f1_avg: 0.340395933500491


Validation Epoch: 33 accuracy: 0.27 
 precision: [0.00180245 0.73785166 0.20709382 0.62795276 0.10135135] 
 recall: [0.71428571 0.10827547 0.42739079 0.71007234 0.07522568] 
 f1: [0.00359583 0.1888398  0.27899807 0.66649256 0.08635579] 
 f1_avg: 0.2812254711488434

--- 107.6236355304718 seconds ---

Train Epoch: 34 accuracy: 0.33 
 precision: [0.02071387 0.75878862 0.32368212 0.65298618 0.15012523] 
 recall: [0.53810624 0.12974576 0.49170984 0.6905419  0.15734208] 
 f1: [0.03989214 0.2216     0.39038325 0.67123914 0.15364896] 
 f1_avg: 0.34267759422504795


Validation Epoch: 34 accuracy: 0.27 
 precision: [0.00177431 0.73730964 0.20906728 0.62864198 0.10410959] 
 recall: [0.71428571 0.10902608 0.42739079 0.70840289 0.07622869] 
 f1: [0.00353982 0.1899624  0.2807834  0.66614338 0.0880139 ] 
 f1_avg: 0.28224664079520706

New best val score, save model ...
--- 110.80203604698181 seconds ---

Train Epoch: 35 accuracy: 0.33 
 precision: [0.02021904 0.75431426 0.32420733 0.65274399 0.15059009] 
 recall: [0.52655889 0.1296677  0.49153713 0.69004014 0.15701395] 
 f1: [0.03894274 0.22129455 0.39071045 0.67087411 0.15373494] 
 f1_avg: 0.34252292581264576


Validation Epoch: 35 accuracy: 0.27 
 precision: [0.00180375 0.74107143 0.20930233 0.62512219 0.10554804] 
 recall: [0.71428571 0.10902608 0.43034238 0.71174179 0.0782347 ] 
 f1: [0.00359842 0.1900867  0.28163029 0.66562581 0.08986175] 
 f1_avg: 0.2825530003518868

New best val score, save model ...
--- 113.9865493774414 seconds ---

Train Epoch: 36 accuracy: 0.33 
 precision: [0.02018529 0.75642359 0.3246971  0.65228696 0.1493808 ] 
 recall: [0.52078522 0.13253012 0.490616   0.69229804 0.1583265 ] 
 f1: [0.03886423 0.2255436  0.39077403 0.67169719 0.15372362] 
 f1_avg: 0.34477665370437294


Validation Epoch: 36 accuracy: 0.27 
 precision: [0.00177179 0.7443038  0.21169997 0.62990561 0.10991957] 
 recall: [0.71428571 0.11033965 0.43152302 0.70562048 0.08224674] 
 f1: [0.00353482 0.19218827 0.28404896 0.6656168  0.09409065] 
 f1_avg: 0.28453753205601273

New best val score, save model ...
--- 117.15499877929688 seconds ---

Train Epoch: 37 accuracy: 0.33 
 precision: [0.02033686 0.75217327 0.3242326  0.65213012 0.15159452] 
 recall: [0.52424942 0.13284238 0.48952216 0.69029102 0.16144381] 
 f1: [0.03915481 0.22580502 0.39009061 0.67066817 0.15636421] 
 f1_avg: 0.344752698513918


Validation Epoch: 37 accuracy: 0.27 
 precision: [0.00179276 0.74936387 0.21128799 0.62262311 0.1076716 ] 
 recall: [0.71428571 0.1105273  0.4309327  0.71062883 0.08024072] 
 f1: [0.00357654 0.19264105 0.2835502  0.66372141 0.09195402] 
 f1_avg: 0.28413362784559726

--- 120.01158332824707 seconds ---

Train Epoch: 38 accuracy: 0.33 
 precision: [0.02037161 0.75603688 0.32547604 0.65222012 0.1523199 ] 
 recall: [0.52540416 0.13442973 0.4880829  0.6927998  0.16374077] 
 f1: [0.03922245 0.22827096 0.39052927 0.67189781 0.15782399] 
 f1_avg: 0.34641645386526654


Validation Epoch: 38 accuracy: 0.27 
 precision: [0.0018018  0.7380661  0.21205098 0.62697628 0.10978836] 
 recall: [0.71428571 0.11315444 0.43211334 0.70617696 0.08324975] 
 f1: [0.00359454 0.19622519 0.28449281 0.66422403 0.09469481] 
 f1_avg: 0.28661047450707267

New best val score, save model ...
--- 123.17904615402222 seconds ---

Train Epoch: 39 accuracy: 0.33 
 precision: [0.02045403 0.75171208 0.32543607 0.65146772 0.15136778] 
 recall: [0.52540416 0.13424757 0.48871618 0.69179629 0.16341263] 
 f1: [0.03937519 0.22781065 0.39070303 0.67102662 0.15715976] 
 f1_avg: 0.346003800353193


Validation Epoch: 39 accuracy: 0.27 
 precision: [0.00181357 0.74384236 0.21168305 0.62524558 0.1130092 ] 
 recall: [0.71428571 0.11334209 0.43211334 0.70840289 0.08625878] 
 f1: [0.00361795 0.19671063 0.28416149 0.66423167 0.09783845] 
 f1_avg: 0.28713712429356203

New best val score, save model ...
--- 126.36474061012268 seconds ---

Train Epoch: 40 accuracy: 0.33 
 precision: [0.02048976 0.75574918 0.32494147 0.65140099 0.1507447 ] 
 recall: [0.52078522 0.13768248 0.48744963 0.69405419 0.16439705] 
 f1: [0.03942825 0.23292978 0.38994174 0.6720515  0.15727515] 
 f1_avg: 0.3485524583074566


Validation Epoch: 40 accuracy: 0.28 
 precision: [0.0018018  0.74205379 0.21443178 0.62134503 0.11375661] 
 recall: [0.71428571 0.11390505 0.43329398 0.70951586 0.08625878] 
 f1: [0.00359454 0.19749471 0.28688685 0.66250974 0.09811751] 
 f1_avg: 0.2877457221934407

New best val score, save model ...
--- 129.5390145778656 seconds ---

Train Epoch: 41 accuracy: 0.33 
 precision: [0.02042569 0.75198188 0.32762015 0.65067969 0.15031   ] 
 recall: [0.52193995 0.13822894 0.48860104 0.69348971 0.1630845 ] 
 f1: [0.03931289 0.23353043 0.3922357  0.67140298 0.15643689] 
 f1_avg: 0.3491544535168526


Validation Epoch: 41 accuracy: 0.28 
 precision: [0.00178699 0.74177832 0.21558824 0.61976631 0.11984021] 
 recall: [0.71428571 0.11428035 0.43270366 0.70840289 0.09027081] 
 f1: [0.00356506 0.19804878 0.28778956 0.66112698 0.10297483] 
 f1_avg: 0.2884419281409842

New best val score, save model ...
--- 132.71294903755188 seconds ---

Train Epoch: 42 accuracy: 0.34 
 precision: [0.02025225 0.75747743 0.32806936 0.65152407 0.15018755] 
 recall: [0.51732102 0.1397122  0.48796776 0.69443051 0.16423298] 
 f1: [0.03897855 0.23591186 0.39235291 0.6722934  0.15689655] 
 f1_avg: 0.3505554069293001


Validation Epoch: 42 accuracy: 0.28 
 precision: [0.00181488 0.74154589 0.21455715 0.622244   0.11681643] 
 recall: [0.71428571 0.11521862 0.43329398 0.70673344 0.09127382] 
 f1: [0.00362056 0.19944778 0.28699902 0.66180302 0.10247748] 
 f1_avg: 0.28913772394317266

New best val score, save model ...
--- 135.93027710914612 seconds ---

Train Epoch: 43 accuracy: 0.34 
 precision: [0.02048603 0.75149161 0.32770467 0.65164635 0.15154211] 
 recall: [0.52078522 0.14093523 0.48601036 0.69386603 0.16767842] 
 f1: [0.03942135 0.23735647 0.39145858 0.6720938  0.15920243] 
 f1_avg: 0.35120640227246863


Validation Epoch: 43 accuracy: 0.28 
 precision: [0.00180505 0.74309724 0.21501907 0.62333826 0.1177977 ] 
 recall: [0.71428571 0.11615688 0.43270366 0.70450751 0.09227683] 
 f1: [0.00360101 0.2009088  0.28728199 0.66144201 0.10348706] 
 f1_avg: 0.2900154479885515

New best val score, save model ...
--- 139.11140418052673 seconds ---

Train Epoch: 44 accuracy: 0.34 
 precision: [0.02040909 0.75550293 0.32639564 0.65053163 0.15439324] 
 recall: [0.51963048 0.14111739 0.4830167  0.69455595 0.1709598 ] 
 f1: [0.03927558 0.23781437 0.38955311 0.67182334 0.16225475] 
 f1_avg: 0.3511894254912397


Validation Epoch: 44 accuracy: 0.28 
 precision: [0.00180832 0.74285714 0.21607301 0.62138303 0.11494253] 
 recall: [0.71428571 0.11709514 0.43329398 0.705064   0.09027081] 
 f1: [0.0036075  0.20230183 0.28835199 0.66058394 0.1011236 ] 
 f1_avg: 0.290558790614942

New best val score, save model ...
--- 142.2993242740631 seconds ---

Train Epoch: 45 accuracy: 0.34 
 precision: [0.02024624 0.75747189 0.328139   0.65119285 0.15074341] 
 recall: [0.51270208 0.14377163 0.48491652 0.6950577  0.16800656] 
 f1: [0.0389542  0.24167268 0.39141244 0.67241065 0.15890751] 
 f1_avg: 0.3533399146287493


Validation Epoch: 45 accuracy: 0.28 
 precision: [0.00184094 0.74349882 0.2147651  0.62151589 0.11139241] 
 recall: [0.71428571 0.1180334  0.43447462 0.70728993 0.08826479] 
 f1: [0.00367242 0.2037247  0.28744386 0.66163457 0.09848909] 
 f1_avg: 0.29109888485548024

New best val score, save model ...
--- 145.46978306770325 seconds ---

Train Epoch: 46 accuracy: 0.34 
 precision: [0.0202712  0.7531534  0.32790471 0.65186449 0.15012462] 
 recall: [0.51270208 0.14450025 0.48336212 0.69512042 0.16800656] 
 f1: [0.0390004  0.24247849 0.3907388  0.67279791 0.15856302] 
 f1_avg: 0.3536369805214142


Validation Epoch: 46 accuracy: 0.28 
 precision: [0.00179921 0.74189815 0.2188981  0.62561576 0.11483871] 
 recall: [0.71428571 0.12028523 0.43624557 0.70673344 0.0892678 ] 
 f1: [0.00358938 0.20700791 0.29151874 0.66370525 0.10045147] 
 f1_avg: 0.2941603707380793

New best val score, save model ...
--- 148.63298273086548 seconds ---

Train Epoch: 47 accuracy: 0.34 
 precision: [0.02036835 0.75500812 0.33048881 0.65247059 0.15139559] 
 recall: [0.51847575 0.1451508  0.48382268 0.6956849  0.16997539] 
 f1: [0.03919686 0.24349041 0.39271946 0.67338514 0.1601484 ] 
 f1_avg: 0.3548120990666731


Validation Epoch: 47 accuracy: 0.28 
 precision: [0.00183083 0.74709977 0.21712268 0.62413793 0.11346633] 
 recall: [0.71428571 0.12084819 0.43565525 0.705064   0.09127382] 
 f1: [0.0036523  0.20804393 0.28980954 0.66213744 0.10116732] 
 f1_avg: 0.29421354441332903

New best val score, save model ...
--- 151.80082178115845 seconds ---

Train Epoch: 48 accuracy: 0.34 
 precision: [0.02028166 0.75418994 0.33111067 0.65281289 0.15430396] 
 recall: [0.51385681 0.14754482 0.48313184 0.69650025 0.17440525] 
 f1: [0.03902311 0.2468061  0.39292988 0.67394932 0.16373999] 
 f1_avg: 0.35686802548557334


Validation Epoch: 48 accuracy: 0.28 
 precision: [0.00180766 0.74193548 0.2195122  0.62598425 0.11306533] 
 recall: [0.71428571 0.12084819 0.43565525 0.70784641 0.09027081] 
 f1: [0.0036062  0.2078425  0.29193038 0.66440324 0.10039041] 
 f1_avg: 0.294805564765707

New best val score, save model ...
--- 154.98775577545166 seconds ---

Train Epoch: 49 accuracy: 0.34 
 precision: [0.02037839 0.75497479 0.33067004 0.65230426 0.1509298 ] 
 recall: [0.51616628 0.14809129 0.48128958 0.69599849 0.17178015] 
 f1: [0.03920881 0.24761242 0.39200975 0.67344338 0.1606814 ] 
 f1_avg: 0.35672133823849883


Validation Epoch: 49 accuracy: 0.28 
 precision: [0.00184298 0.74712644 0.21813365 0.62080868 0.1127451 ] 
 recall: [0.71428571 0.1219741  0.43742621 0.70061213 0.09227683] 
 f1: [0.00367647 0.20971124 0.29110194 0.65830065 0.10148924] 
 f1_avg: 0.2946716916247783

--- 157.87657737731934 seconds ---

Train Epoch: 50 accuracy: 0.34 
 precision: [0.02002204 0.75175334 0.3305583  0.65073314 0.15395642] 
 recall: [0.5034642  0.14783107 0.48232585 0.69587306 0.17621001] 
 f1: [0.0385125  0.2470752  0.39227438 0.67254652 0.16433326] 
 f1_avg: 0.35661088963232046


Validation Epoch: 50 accuracy: 0.28 
 precision: [0.00182749 0.74256293 0.21971496 0.62217861 0.11262376] 
 recall: [0.71428571 0.12178645 0.43683589 0.70562048 0.09127382] 
 f1: [0.00364564 0.20925359 0.29237456 0.66127771 0.10083102] 
 f1_avg: 0.29512061786313565

New best val score, save model ...
--- 161.080406665802 seconds ---

Train Epoch: 51 accuracy: 0.34 
 precision: [0.01985816 0.75404911 0.3309421  0.65279415 0.15218634] 
 recall: [0.50115473 0.15022509 0.48071387 0.69455595 0.17473339] 
 f1: [0.03820254 0.25053705 0.39200958 0.67302784 0.16268235] 
 f1_avg: 0.3582090213937816


Validation Epoch: 51 accuracy: 0.28 
 precision: [0.00181818 0.74715262 0.21973763 0.6207575  0.11619283] 
 recall: [0.71428571 0.12310002 0.43506494 0.70228158 0.09428285] 
 f1: [0.00362713 0.21137425 0.29199683 0.65900783 0.10409745] 
 f1_avg: 0.29612211534775446

New best val score, save model ...
--- 164.27333450317383 seconds ---

Train Epoch: 52 accuracy: 0.34 
 precision: [0.01983365 0.7547023  0.33220649 0.65221994 0.15379092] 
 recall: [0.50115473 0.15139608 0.48088659 0.69562218 0.1757178 ] 
 f1: [0.0381572  0.25219992 0.39295291 0.67322225 0.16402481] 
 f1_avg: 0.35937199878512727


Validation Epoch: 52 accuracy: 0.28 
 precision: [0.00185322 0.74713959 0.21984551 0.61564626 0.1147343 ] 
 recall: [0.71428571 0.12253706 0.43683589 0.705064   0.09528586] 
 f1: [0.00369686 0.21054329 0.29249012 0.65732815 0.10410959] 
 f1_avg: 0.2954504524284311

--- 167.13200640678406 seconds ---

Train Epoch: 53 accuracy: 0.34 
 precision: [0.02012229 0.75090815 0.33173691 0.65384615 0.15554925] 
 recall: [0.50923788 0.15061542 0.47852619 0.69624937 0.17981952] 
 f1: [0.03871477 0.25090491 0.3918352  0.67438187 0.16680618] 
 f1_avg: 0.35894944982062627


Validation Epoch: 53 accuracy: 0.28 
 precision: [0.00183621 0.74825986 0.22132616 0.61501444 0.11316113] 
 recall: [0.71428571 0.12103584 0.43742621 0.71118531 0.09227683] 
 f1: [0.003663   0.20836698 0.29393098 0.6596129  0.10165746] 
 f1_avg: 0.29468742401733106

--- 169.9957616329193 seconds ---

Train Epoch: 54 accuracy: 0.34 
 precision: [0.02004932 0.75277563 0.33302635 0.65269145 0.15396645] 
 recall: [0.50692841 0.15173437 0.47881405 0.69813096 0.17768663] 
 f1: [0.03857306 0.25256091 0.39283015 0.67464695 0.16497829] 
 f1_avg: 0.3598881995611415


Validation Epoch: 54 accuracy: 0.28 
 precision: [0.00181488 0.74292186 0.22155509 0.62010896 0.11244019] 
 recall: [0.71428571 0.12310002 0.43565525 0.69671675 0.09428285] 
 f1: [0.00362056 0.21120412 0.29373134 0.65618449 0.1025641 ] 
 f1_avg: 0.29565685391414576

--- 172.8685486316681 seconds ---

Train Epoch: 55 accuracy: 0.34 
 precision: [0.01998725 0.75272961 0.33360083 0.65253988 0.15218626] 
 recall: [0.50692841 0.15248901 0.47864134 0.69530858 0.17588187] 
 f1: [0.03845817 0.2536028  0.39317129 0.67324568 0.16317832] 
 f1_avg: 0.3600476873629694


Validation Epoch: 55 accuracy: 0.28 
 precision: [0.00186567 0.74833703 0.2201426  0.61815491 0.11071849] 
 recall: [0.71428571 0.12666542 0.43742621 0.69727323 0.09428285] 
 f1: [0.00372162 0.21665864 0.29288538 0.65533473 0.10184182] 
 f1_avg: 0.2982411016981801

New best val score, save model ...
--- 176.08697772026062 seconds ---

Train Epoch: 56 accuracy: 0.34 
 precision: [0.0202271  0.75277459 0.33325312 0.65201831 0.15374912] 
 recall: [0.50808314 0.15355591 0.47835348 0.69700201 0.17998359] 
 f1: [0.03890535 0.2550791  0.39283266 0.67376016 0.16583522] 
 f1_avg: 0.36100868858205826


Validation Epoch: 56 accuracy: 0.28 
 precision: [0.00185874 0.74636872 0.22132857 0.61764706 0.11045131] 
 recall: [0.71428571 0.12535185 0.43860685 0.70116861 0.09327984] 
 f1: [0.00370782 0.21465296 0.29419917 0.6567631  0.10114192] 
 f1_avg: 0.2975699036324437

--- 178.97943258285522 seconds ---

Train Epoch: 57 accuracy: 0.34 
 precision: [0.02036875 0.75321043 0.33431132 0.65283329 0.15367514] 
 recall: [0.51154734 0.15415441 0.47887162 0.69656297 0.18146021] 
 f1: [0.03917754 0.25592949 0.39374216 0.67398956 0.16641589] 
 f1_avg: 0.3617190741672614


Validation Epoch: 57 accuracy: 0.28 
 precision: [0.00180897 0.74917492 0.22333031 0.62338949 0.11407767] 
 recall: [0.71428571 0.12779133 0.43624557 0.70005565 0.09428285] 
 f1: [0.00360881 0.21833921 0.29542275 0.65950197 0.10323998] 
 f1_avg: 0.30049433446311863

New best val score, save model ...
--- 182.203031539917 seconds ---

Train Epoch: 58 accuracy: 0.34 
 precision: [0.02006949 0.75319095 0.33386018 0.65455506 0.15903414] 
 recall: [0.50692841 0.15509121 0.47426598 0.69938535 0.18802297] 
 f1: [0.03861038 0.25721807 0.39186586 0.67622802 0.17231787] 
 f1_avg: 0.3628384433388458


Validation Epoch: 58 accuracy: 0.28 
 precision: [0.00186706 0.75       0.22272182 0.61285645 0.11189635] 
 recall: [0.71428571 0.1255395  0.43860685 0.70562048 0.09528586] 
 f1: [0.00372439 0.21507796 0.29542744 0.65597517 0.10292524] 
 f1_avg: 0.2980491092842952

--- 185.07865357398987 seconds ---

Train Epoch: 59 accuracy: 0.34 
 precision: [0.01987027 0.74894811 0.33525988 0.65185708 0.15393149] 
 recall: [0.50230947 0.15285331 0.4775475  0.6956849  0.18211649] 
 f1: [0.03822832 0.25389004 0.39394947 0.67305825 0.16684203] 
 f1_avg: 0.3606029085227313


Validation Epoch: 59 accuracy: 0.28 
 precision: [0.00184502 0.75027263 0.22279014 0.62022806 0.11241218] 
 recall: [0.71428571 0.1291049  0.43742621 0.69616027 0.09628887] 
 f1: [0.00368053 0.22030099 0.29521912 0.6560042  0.10372771] 
 f1_avg: 0.30093312488083174

New best val score, save model ...
--- 188.26346254348755 seconds ---

Train Epoch: 60 accuracy: 0.34 
 precision: [0.02000092 0.75413534 0.33336023 0.65472274 0.15588195] 
 recall: [0.50115473 0.15660048 0.47564767 0.69907175 0.18457752] 
 f1: [0.03846665 0.25934625 0.39199127 0.67617083 0.16902043] 
 f1_avg: 0.36363672386481866


Validation Epoch: 60 accuracy: 0.28 
 precision: [0.00184775 0.75328947 0.22416918 0.61707317 0.11347518] 
 recall: [0.71428571 0.12891725 0.43801653 0.70395103 0.09628887] 
 f1: [0.00368596 0.22015703 0.29656275 0.65765532 0.10417797] 
 f1_avg: 0.30143443926842795

New best val score, save model ...
--- 191.43119502067566 seconds ---

Train Epoch: 61 accuracy: 0.34 
 precision: [0.02027463 0.75040298 0.33687597 0.65427597 0.15778772] 
 recall: [0.50808314 0.15748523 0.47628094 0.69769192 0.19097621] 
 f1: [0.03899326 0.26033467 0.39462889 0.67528683 0.17280285] 
 f1_avg: 0.3648210954390128


Validation Epoch: 61 accuracy: 0.28 
 precision: [0.00182615 0.75434783 0.22532645 0.61958661 0.1117717 ] 
 recall: [0.71428571 0.13023081 0.43801653 0.70061213 0.09428285] 
 f1: [0.00364299 0.22211554 0.29757369 0.65761295 0.10228509] 
 f1_avg: 0.3024712697696147

New best val score, save model ...
--- 194.62169241905212 seconds ---

Train Epoch: 62 accuracy: 0.34 
 precision: [0.02034379 0.75179589 0.33682231 0.65490843 0.15853492] 
 recall: [0.51385681 0.15795363 0.47426598 0.69750376 0.19031993] 
 f1: [0.03913808 0.26105843 0.39389882 0.67553531 0.17297942] 
 f1_avg: 0.3650789658787952


Validation Epoch: 62 accuracy: 0.28 
 precision: [0.00182682 0.75218341 0.22606061 0.61883629 0.11150652] 
 recall: [0.71428571 0.12929255 0.4403778  0.6983862  0.09428285] 
 f1: [0.00364431 0.22065653 0.29875851 0.65620915 0.10217391] 
 f1_avg: 0.3016160712381476

--- 197.4965398311615 seconds ---

Train Epoch: 63 accuracy: 0.34 
 precision: [0.01980972 0.74950397 0.33676387 0.65347059 0.155874  ] 
 recall: [0.49769053 0.15727706 0.47472654 0.69675113 0.18917145] 
 f1: [0.03810282 0.25999613 0.39401758 0.67441719 0.1709161 ] 
 f1_avg: 0.36418879645880636


Validation Epoch: 63 accuracy: 0.29 
 precision: [0.00182415 0.75324675 0.22665044 0.62070658 0.11151079] 
 recall: [0.71428571 0.13060612 0.43978749 0.70395103 0.09327984] 
 f1: [0.00363901 0.22261315 0.29913672 0.65971317 0.10158383] 
 f1_avg: 0.30332371488667137

New best val score, save model ...
--- 200.69957613945007 seconds ---

Train Epoch: 64 accuracy: 0.34 
 precision: [0.01981288 0.75325793 0.33884535 0.65267533 0.15862163] 
 recall: [0.49884527 0.15943688 0.47541739 0.69925991 0.19031993] 
 f1: [0.03811204 0.26317033 0.39567811 0.67516502 0.17303103] 
 f1_avg: 0.3664205321271675


Validation Epoch: 64 accuracy: 0.29 
 precision: [0.00182017 0.7537797  0.22660996 0.6219151  0.11284514] 
 recall: [0.71428571 0.13098142 0.4403778  0.70116861 0.09428285] 
 f1: [0.00363108 0.22318145 0.29923787 0.65916819 0.10273224] 
 f1_avg: 0.3036662887942523

New best val score, save model ...
--- 203.88886523246765 seconds ---

Train Epoch: 65 accuracy: 0.34 
 precision: [0.0198518  0.75280488 0.33780403 0.65632923 0.15479452] 
 recall: [0.50115473 0.1606339  0.47415083 0.69819368 0.18539787] 
 f1: [0.03819078 0.26477085 0.39452947 0.6766145  0.16871967] 
 f1_avg: 0.36690914183113404


Validation Epoch: 65 accuracy: 0.29 
 precision: [0.00183621 0.75839653 0.22712071 0.61832435 0.11320755] 
 recall: [0.71428571 0.13135673 0.44096812 0.70228158 0.09628887] 
 f1: [0.003663   0.22392834 0.29981939 0.65763418 0.10406504] 
 f1_avg: 0.3040263940613897

New best val score, save model ...
--- 207.07235527038574 seconds ---

Train Epoch: 66 accuracy: 0.35 
 precision: [0.02002127 0.74957473 0.33867851 0.6537331  0.15926024] 
 recall: [0.5        0.16052981 0.47420841 0.69744104 0.19639048] 
 f1: [0.03850087 0.26442916 0.39514524 0.67488014 0.17588715] 
 f1_avg: 0.36708532727187815


Validation Epoch: 66 accuracy: 0.29 
 precision: [0.00183554 0.75185578 0.2273697  0.6199901  0.11345029] 
 recall: [0.71428571 0.1330456  0.4403778  0.69727323 0.09729188] 
 f1: [0.00366166 0.22608418 0.2998995  0.65636459 0.10475162] 
 f1_avg: 0.3050470812543491

New best val score, save model ...
--- 210.25074815750122 seconds ---

Train Epoch: 67 accuracy: 0.34 
 precision: [0.02005047 0.75093837 0.33943098 0.65445888 0.15427109] 
 recall: [0.50461894 0.16138853 0.47322971 0.6982564  0.1878589 ] 
 f1: [0.03856847 0.26567855 0.39531584 0.67564861 0.16941629] 
 f1_avg: 0.3673883301642086


Validation Epoch: 67 accuracy: 0.29 
 precision: [0.00183083 0.7537797  0.22720342 0.61557297 0.11583924] 
 recall: [0.71428571 0.13098142 0.43978749 0.69949917 0.09829488] 
 f1: [0.0036523  0.22318145 0.29961794 0.65485804 0.10634835] 
 f1_avg: 0.30331041476164194

--- 213.1164255142212 seconds ---

Train Epoch: 68 accuracy: 0.35 
 precision: [0.01971649 0.75113501 0.3380777  0.654281   0.1582514 ] 
 recall: [0.49307159 0.16360041 0.47040875 0.69687657 0.19540607] 
 f1: [0.0379168  0.26868095 0.39341342 0.67490737 0.17487703] 
 f1_avg: 0.36870001524585166


Validation Epoch: 68 accuracy: 0.29 
 precision: [0.00182749 0.75609756 0.22796818 0.61878997 0.11611374] 
 recall: [0.71428571 0.13379621 0.43978749 0.70005565 0.09829488] 
 f1: [0.00364564 0.22735969 0.30028214 0.65691906 0.10646388] 
 f1_avg: 0.30608014232716285

New best val score, save model ...
--- 216.30649995803833 seconds ---

Train Epoch: 69 accuracy: 0.35 
 precision: [0.01978113 0.74907308 0.34019718 0.65594249 0.15799306] 
 recall: [0.49884527 0.16297588 0.47081174 0.69819368 0.19425759] 
 f1: [0.03805329 0.26770677 0.3949866  0.67640893 0.17425859] 
 f1_avg: 0.3688293495402767


Validation Epoch: 69 accuracy: 0.29 
 precision: [0.00185805 0.75588865 0.22732806 0.61538462 0.11697248] 
 recall: [0.71428571 0.13248264 0.44096812 0.69894268 0.10230692] 
 f1: [0.00370645 0.22545106 0.3        0.65450756 0.10914928] 
 f1_avg: 0.30482762229769583

--- 219.1872580051422 seconds ---

Train Epoch: 70 accuracy: 0.35 
 precision: [0.01992234 0.7487503  0.33953739 0.65685465 0.16003688] 
 recall: [0.49769053 0.16370449 0.47156016 0.69838184 0.19934372] 
 f1: [0.03831111 0.26866819 0.39480407 0.676982   0.17754073] 
 f1_avg: 0.36963160430401065


Validation Epoch: 70 accuracy: 0.29 
 precision: [0.00185736 0.76046025 0.22855392 0.62029703 0.11547085] 
 recall: [0.71428571 0.13642334 0.4403778  0.69727323 0.10330993] 
 f1: [0.00370508 0.23134447 0.30092779 0.65653655 0.10905241] 
 f1_avg: 0.3085457786933694

New best val score, save model ...
--- 222.4044427871704 seconds ---

Train Epoch: 71 accuracy: 0.35 
 precision: [0.01996672 0.74875089 0.33926641 0.65508116 0.15541251] 
 recall: [0.49884527 0.16378256 0.46966033 0.69863271 0.19409352] 
 f1: [0.03839659 0.26877335 0.39395403 0.67615637 0.17261253] 
 f1_avg: 0.36894738020387763


Validation Epoch: 71 accuracy: 0.29 
 precision: [0.00187126 0.75732218 0.22807552 0.6194953  0.11560045] 
 recall: [0.71428571 0.13586039 0.44214876 0.69671675 0.10330993] 
 f1: [0.00373274 0.23038982 0.30092407 0.65584075 0.10911017] 
 f1_avg: 0.30790589436010146

--- 225.29971528053284 seconds ---

Train Epoch: 72 accuracy: 0.35 
 precision: [0.02023617 0.75271996 0.33960618 0.65630163 0.15891524] 
 recall: [0.50461894 0.16563012 0.47063903 0.6976292  0.19901559] 
 f1: [0.03891189 0.27151541 0.39452729 0.67633467 0.17671911] 
 f1_avg: 0.3707725837889955


Validation Epoch: 72 accuracy: 0.29 
 precision: [0.00184502 0.75687104 0.22955878 0.61530961 0.11757991] 
 recall: [0.71428571 0.13435917 0.43919717 0.70228158 0.10330993] 
 f1: [0.00368053 0.22820717 0.30151976 0.65592516 0.10998398] 
 f1_avg: 0.3069287239307008

--- 228.17883896827698 seconds ---

Train Epoch: 73 accuracy: 0.35 
 precision: [0.01982652 0.75108555 0.34188537 0.65594249 0.15943743] 
 recall: [0.49884527 0.16654089 0.46873921 0.69819368 0.19901559] 
 f1: [0.03813728 0.27263046 0.39538667 0.67640893 0.17704152] 
 f1_avg: 0.3715381849246509


Validation Epoch: 73 accuracy: 0.29 
 precision: [0.00186567 0.76012461 0.22930717 0.619517   0.11685393] 
 recall: [0.71428571 0.13736161 0.44155844 0.69949917 0.10431294] 
 f1: [0.00372162 0.23267641 0.30185634 0.65708312 0.11022787] 
 f1_avg: 0.30964768392472236

New best val score, save model ...
--- 231.35494780540466 seconds ---

Train Epoch: 74 accuracy: 0.35 
 precision: [0.0198295  0.74655193 0.34134535 0.65661376 0.16312149] 
 recall: [0.49422633 0.16479742 0.47092689 0.7005143  0.20508614] 
 f1: [0.03812918 0.26999488 0.39580007 0.67785398 0.18171246] 
 f1_avg: 0.3709969214281247


Validation Epoch: 74 accuracy: 0.29 
 precision: [0.00184638 0.75706806 0.23000926 0.61790607 0.11845103] 
 recall: [0.71428571 0.13567273 0.43978749 0.70283806 0.10431294] 
 f1: [0.00368324 0.23010821 0.30204744 0.65764124 0.11093333] 
 f1_avg: 0.30846118048889615

--- 234.22335052490234 seconds ---

Train Epoch: 75 accuracy: 0.35 
 precision: [0.01994577 0.7515323  0.34098554 0.65576278 0.15911458] 
 recall: [0.50115473 0.16591637 0.46689695 0.69907175 0.20049221] 
 f1: [0.03836464 0.27182231 0.39412937 0.67672505 0.17742287] 
 f1_avg: 0.37096217549929517


Validation Epoch: 75 accuracy: 0.29 
 precision: [0.00189107 0.75901133 0.22895623 0.61645193 0.11580087] 
 recall: [0.71428571 0.13829987 0.44155844 0.69226489 0.10732197] 
 f1: [0.00377216 0.23396825 0.30155211 0.65216252 0.11140031] 
 f1_avg: 0.3095149279478494

--- 237.09472942352295 seconds ---

Train Epoch: 76 accuracy: 0.35 
 precision: [0.01983702 0.75307053 0.34151525 0.65769435 0.15859486] 
 recall: [0.49191686 0.16752973 0.47179044 0.69882087 0.20147662] 
 f1: [0.03813616 0.27408574 0.39621912 0.67763418 0.1774823 ] 
 f1_avg: 0.3727148165402561


Validation Epoch: 76 accuracy: 0.29 
 precision: [0.00185254 0.75539568 0.23043746 0.61706349 0.11685393] 
 recall: [0.71428571 0.13792456 0.44155844 0.69226489 0.10431294] 
 f1: [0.00369549 0.23325928 0.30283401 0.65250459 0.11022787] 
 f1_avg: 0.3092949241425448

--- 240.0017478466034 seconds ---

Train Epoch: 77 accuracy: 0.35 
 precision: [0.01956793 0.74740245 0.34251603 0.65641751 0.16089876] 
 recall: [0.48845266 0.16846652 0.46741508 0.69894631 0.20442986] 
 f1: [0.03762843 0.274957   0.39533525 0.67701467 0.18007081] 
 f1_avg: 0.37301452920050915


Validation Epoch: 77 accuracy: 0.29 
 precision: [0.00186289 0.75804777 0.2304603  0.61576114 0.11259755] 
 recall: [0.71428571 0.1369863  0.4403778  0.70005565 0.10130391] 
 f1: [0.00371609 0.23204069 0.30257554 0.65520833 0.10665259] 
 f1_avg: 0.30872107133346155

--- 242.9073085784912 seconds ---

Train Epoch: 78 accuracy: 0.35 
 precision: [0.01966879 0.75034594 0.34194228 0.65569426 0.15815932] 
 recall: [0.48960739 0.16932525 0.46724237 0.69838184 0.20131255] 
 f1: [0.03781831 0.27629987 0.39489113 0.67636518 0.17714574] 
 f1_avg: 0.3732161894222356


Validation Epoch: 78 accuracy: 0.29 
 precision: [0.00186986 0.75631951 0.23005852 0.62018991 0.1128149 ] 
 recall: [0.71428571 0.14036405 0.44096812 0.69059544 0.10330993] 
 f1: [0.00372995 0.23678379 0.30236794 0.65350184 0.1078534 ] 
 f1_avg: 0.3110678834726882

New best val score, save model ...
--- 246.11833882331848 seconds ---

Train Epoch: 79 accuracy: 0.35 
 precision: [0.01992013 0.75253273 0.34335871 0.65647142 0.15934418] 
 recall: [0.49538106 0.17203154 0.46729994 0.6973156  0.20410172] 
 f1: [0.03830015 0.28004405 0.39585467 0.67627737 0.17896706] 
 f1_avg: 0.3753855858108162


Validation Epoch: 79 accuracy: 0.29 
 precision: [0.00186428 0.75963489 0.23131783 0.61633055 0.11358575] 
 recall: [0.71428571 0.1405517  0.4403778  0.69727323 0.10230692] 
 f1: [0.00371885 0.23721298 0.30331368 0.65430809 0.10765172] 
 f1_avg: 0.31159077873786073

New best val score, save model ...
--- 249.31025314331055 seconds ---

Train Epoch: 80 accuracy: 0.35 
 precision: [0.02004351 0.75111722 0.34380948 0.65699146 0.15952504] 
 recall: [0.5        0.17057431 0.46793322 0.6998871  0.20278917] 
 f1: [0.03854199 0.2780134  0.39638146 0.67776124 0.17857401] 
 f1_avg: 0.3747831646835275


Validation Epoch: 80 accuracy: 0.29 
 precision: [0.00186567 0.7568113  0.23155611 0.61774913 0.11098901] 
 recall: [0.71428571 0.14073935 0.44096812 0.69337785 0.10130391] 
 f1: [0.00372162 0.23734177 0.30365854 0.65338228 0.10592554] 
 f1_avg: 0.3113755727475149

--- 252.1905665397644 seconds ---

Train Epoch: 81 accuracy: 0.35 
 precision: [0.01967974 0.74799542 0.34367743 0.6576193  0.15881527] 
 recall: [0.48960739 0.16992376 0.46862406 0.69750376 0.20410172] 
 f1: [0.03783856 0.27693547 0.39654123 0.67697459 0.17863297] 
 f1_avg: 0.3741295655685678


Validation Epoch: 81 accuracy: 0.29 
 precision: [0.00189179 0.76464646 0.23155295 0.61565131 0.11468382] 
 recall: [0.71428571 0.14205292 0.44273908 0.6917084  0.10732197] 
 f1: [0.00377358 0.23959487 0.3040746  0.65146751 0.11088083] 
 f1_avg: 0.3128221861199707

New best val score, save model ...
--- 255.39984846115112 seconds ---

Train Epoch: 82 accuracy: 0.35 
 precision: [0.01943463 0.75008497 0.34369712 0.65897148 0.16080595] 
 recall: [0.48267898 0.17229176 0.46776051 0.70001254 0.20557834] 
 f1: [0.0373648  0.28021838 0.39624482 0.6788723  0.18045654] 
 f1_avg: 0.376187554055556


Validation Epoch: 82 accuracy: 0.29 
 precision: [0.00186776 0.75624376 0.23177164 0.61933234 0.11244541] 
 recall: [0.71428571 0.14205292 0.44096812 0.6917084  0.10330993] 
 f1: [0.00372578 0.23917852 0.30384381 0.65352261 0.10768427] 
 f1_avg: 0.3126080145854812

--- 258.27996802330017 seconds ---

Train Epoch: 83 accuracy: 0.35 
 precision: [0.01937124 0.75358362 0.34510454 0.65912992 0.160112  ] 
 recall: [0.48383372 0.17236982 0.46753022 0.69844456 0.20639869] 
 f1: [0.03725107 0.28056503 0.3970955  0.67821797 0.18033257] 
 f1_avg: 0.3764011482831292


Validation Epoch: 83 accuracy: 0.29 
 precision: [0.00190913 0.76080402 0.23117284 0.61401777 0.11122881] 
 recall: [0.71428571 0.14205292 0.44214876 0.69226489 0.10531595] 
 f1: [0.00380807 0.23940544 0.30360762 0.6507978  0.10819165] 
 f1_avg: 0.31224351423096414

--- 261.17741990089417 seconds ---

Train Epoch: 84 accuracy: 0.35 
 precision: [0.01981822 0.75223714 0.3441762  0.65767205 0.16015674] 
 recall: [0.48845266 0.17499805 0.46781808 0.69706473 0.20787531] 
 f1: [0.03809095 0.28394097 0.3965837  0.67679566 0.18092246] 
 f1_avg: 0.37770336688945616


Validation Epoch: 84 accuracy: 0.29 
 precision: [0.00190476 0.75790514 0.23148148 0.61742614 0.11157895] 
 recall: [0.71428571 0.14392944 0.44273908 0.68614357 0.10631896] 
 f1: [0.00379939 0.24191768 0.30401297 0.64997364 0.10888546] 
 f1_avg: 0.3135958186494924

New best val score, save model ...
--- 264.3764307498932 seconds ---

Train Epoch: 85 accuracy: 0.35 
 precision: [0.01985112 0.74822974 0.34542607 0.65888487 0.1624308 ] 
 recall: [0.48960739 0.17322855 0.46977547 0.69744104 0.21181296] 
 f1: [0.03815523 0.28132528 0.39811675 0.67761494 0.18386385] 
 f1_avg: 0.3771590033933547


Validation Epoch: 85 accuracy: 0.29 
 precision: [0.00190694 0.76086957 0.23171861 0.61826347 0.11322751] 
 recall: [0.71428571 0.1444924  0.4433294  0.68948247 0.10732197] 
 f1: [0.00380373 0.2428639  0.30435664 0.6519337  0.11019567] 
 f1_avg: 0.3146598584021472

New best val score, save model ...
--- 267.5662086009979 seconds ---

Train Epoch: 86 accuracy: 0.35 
 precision: [0.02004579 0.75494994 0.34486427 0.65804121 0.15940931] 
 recall: [0.49538106 0.17661141 0.4666091  0.69700201 0.20721903] 
 f1: [0.03853236 0.28625656 0.39660403 0.6769615  0.18019689] 
 f1_avg: 0.3788207558009916


Validation Epoch: 86 accuracy: 0.29 
 precision: [0.00192012 0.76011846 0.23217042 0.61804511 0.10996917] 
 recall: [0.71428571 0.1444924  0.44391972 0.68614357 0.10732197] 
 f1: [0.00382995 0.24282561 0.30488547 0.65031646 0.10862944] 
 f1_avg: 0.3142755162854053

--- 270.43659710884094 seconds ---

Train Epoch: 87 accuracy: 0.35 
 precision: [0.01958048 0.74882366 0.34644059 0.65858143 0.16053891] 
 recall: [0.48614319 0.17393115 0.4681635  0.69650025 0.20918786] 
 f1: [0.03764474 0.28229332 0.39820777 0.6770103  0.18166275] 
 f1_avg: 0.37735319570844195


Validation Epoch: 87 accuracy: 0.29 
 precision: [0.00187056 0.76344086 0.23398938 0.61897665 0.11269147] 
 recall: [0.71428571 0.14655658 0.44214876 0.69337785 0.10330993] 
 f1: [0.00373134 0.2459068  0.30602656 0.65406824 0.10779696] 
 f1_avg: 0.31674538423275267

New best val score, save model ...
--- 273.6117398738861 seconds ---

Train Epoch: 88 accuracy: 0.35 
 precision: [0.01953125 0.75276182 0.3468837  0.66079374 0.1584445 ] 
 recall: [0.48498845 0.17731401 0.4662061  0.69863271 0.20656276] 
 f1: [0.03755029 0.28702007 0.39778951 0.67918661 0.17933196] 
 f1_avg: 0.3798281699222883


Validation Epoch: 88 accuracy: 0.29 
 precision: [0.00190331 0.76129666 0.23426791 0.61538462 0.11111111] 
 recall: [0.71428571 0.14543066 0.44391972 0.69003895 0.10631896] 
 f1: [0.00379651 0.24420986 0.30668842 0.65057712 0.10866222] 
 f1_avg: 0.3153882782727847

--- 276.4819657802582 seconds ---

Train Epoch: 89 accuracy: 0.35 
 precision: [0.0196919  0.74988992 0.34719973 0.6600664  0.16185043] 
 recall: [0.48267898 0.17726196 0.46896949 0.69831912 0.21410993] 
 f1: [0.03784004 0.28674258 0.39900078 0.67865415 0.18434807] 
 f1_avg: 0.38024378442268536


Validation Epoch: 89 accuracy: 0.29 
 precision: [0.00187758 0.76787463 0.23448276 0.61580247 0.11351351] 
 recall: [0.71428571 0.14711953 0.44155844 0.69393434 0.10531595] 
 f1: [0.00374532 0.24692913 0.30630631 0.65253794 0.10926119] 
 f1_avg: 0.31721687013302297

New best val score, save model ...
--- 279.6670608520508 seconds ---

Train Epoch: 90 accuracy: 0.35 
 precision: [0.01980611 0.74796121 0.34774581 0.66014424 0.16249205] 
 recall: [0.49307159 0.17661141 0.46626367 0.70038886 0.20968007] 
 f1: [0.0380825  0.28575037 0.39837678 0.67967133 0.18309456] 
 f1_avg: 0.3797332578309156


Validation Epoch: 90 accuracy: 0.29 
 precision: [0.00188395 0.76544402 0.23476086 0.6215     0.11122995] 
 recall: [0.71428571 0.14880841 0.4433294  0.6917084  0.10431294] 
 f1: [0.00375799 0.24917518 0.30696914 0.65472742 0.10766046] 
 f1_avg: 0.3187875800699623

New best val score, save model ...
--- 282.8499355316162 seconds ---

Train Epoch: 91 accuracy: 0.35 
 precision: [0.01954747 0.75248933 0.34585337 0.65907343 0.1619816 ] 
 recall: [0.48383372 0.17895339 0.46384571 0.69863271 0.21082855] 
 f1: [0.03757679 0.28914396 0.3962524  0.67827675 0.18320502] 
 f1_avg: 0.3806418750711523


Validation Epoch: 91 accuracy: 0.29 
 precision: [0.00188893 0.76533593 0.23457563 0.61760318 0.1141649 ] 
 recall: [0.71428571 0.14749484 0.44214876 0.69115192 0.10832497] 
 f1: [0.0037679  0.24732536 0.30652752 0.65231092 0.1111683 ] 
 f1_avg: 0.31762198427977584

--- 285.7038016319275 seconds ---

Train Epoch: 92 accuracy: 0.35 
 precision: [0.02000467 0.74904902 0.3477683  0.65907208 0.16356029] 
 recall: [0.49422633 0.17934372 0.46695452 0.69850728 0.21164889] 
 f1: [0.0384529  0.28939744 0.3986435  0.67821692 0.18452296] 
 f1_avg: 0.38139294009081204


Validation Epoch: 92 accuracy: 0.29 
 precision: [0.00189251 0.76112186 0.23488882 0.61816357 0.11434511] 
 recall: [0.71428571 0.14768249 0.44273908 0.68558709 0.11033099] 
 f1: [0.00377501 0.24736759 0.30693677 0.65013193 0.11230219] 
 f1_avg: 0.31743196078382896

--- 288.5806016921997 seconds ---

Train Epoch: 93 accuracy: 0.35 
 precision: [0.01954034 0.74884995 0.34744557 0.66006992 0.16021479] 
 recall: [0.48498845 0.17791251 0.46396085 0.69869543 0.21050041] 
 f1: [0.03756708 0.28751656 0.39733761 0.67883367 0.1819471 ] 
 f1_avg: 0.3801020637483658


Validation Epoch: 93 accuracy: 0.30 
 precision: [0.00188466 0.76368876 0.23612418 0.61859771 0.11505376] 
 recall: [0.71428571 0.14918371 0.44451004 0.69226489 0.10732197] 
 f1: [0.0037594  0.24960754 0.30841696 0.65336134 0.11105345] 
 f1_avg: 0.31936622791748787

New best val score, save model ...
--- 291.7613317966461 seconds ---

Train Epoch: 94 accuracy: 0.35 
 precision: [0.01960139 0.74311435 0.34858472 0.66068564 0.15924041] 
 recall: [0.48152425 0.18043665 0.46580311 0.69744104 0.21050041] 
 f1: [0.03766938 0.29036851 0.39875804 0.67856598 0.18131713] 
 f1_avg: 0.3817061922059106


Validation Epoch: 94 accuracy: 0.30 
 precision: [0.00191498 0.7680462  0.2358106  0.61630219 0.11613566] 
 recall: [0.71428571 0.14974667 0.44391972 0.69003895 0.11334002] 
 f1: [0.00381971 0.25062814 0.30800737 0.65108952 0.11472081] 
 f1_avg: 0.3198058952208606

New best val score, save model ...
--- 294.92732548713684 seconds ---

Train Epoch: 95 accuracy: 0.36 
 precision: [0.01979362 0.75343058 0.34907164 0.66292402 0.16194482] 
 recall: [0.48729792 0.18145151 0.46649396 0.6998871  0.2147662 ] 
 f1: [0.03804201 0.29246707 0.39932977 0.68090429 0.18465228] 
 f1_avg: 0.38359312562803694


Validation Epoch: 95 accuracy: 0.30 
 precision: [0.00187547 0.76698113 0.2370676  0.6218656  0.11647429] 
 recall: [0.71428571 0.15256146 0.44096812 0.69003895 0.111334  ] 
 f1: [0.00374111 0.25449992 0.30835913 0.65418095 0.11384615] 
 f1_avg: 0.3224434480459803

New best val score, save model ...
--- 298.0962064266205 seconds ---

Train Epoch: 96 accuracy: 0.36 
 precision: [0.01979641 0.74890667 0.34928271 0.66170011 0.16075621] 
 recall: [0.48729792 0.18270056 0.46396085 0.69913447 0.21345365] 
 f1: [0.03804715 0.29374111 0.39853621 0.67990241 0.18339442] 
 f1_avg: 0.3837397453228541


Validation Epoch: 96 accuracy: 0.30 
 precision: [0.00190476 0.76403425 0.23686694 0.62018991 0.11673554] 
 recall: [0.71428571 0.15068493 0.44451004 0.69059544 0.11334002] 
 f1: [0.00379939 0.25172414 0.30904987 0.65350184 0.11501272] 
 f1_avg: 0.32105104817838825

--- 300.9586892127991 seconds ---

Train Epoch: 97 accuracy: 0.35 
 precision: [0.01943115 0.74981144 0.35003446 0.66180584 0.16140178] 
 recall: [0.47806005 0.1810872  0.46776051 0.69737832 0.21460213] 
 f1: [0.0373444  0.29172081 0.40042383 0.67912658 0.18423833] 
 f1_avg: 0.38307034234496484


Validation Epoch: 97 accuracy: 0.30 
 precision: [0.00189466 0.76515152 0.23701605 0.62074148 0.11506276] 
 recall: [0.71428571 0.15162319 0.44451004 0.68948247 0.11033099] 
 f1: [0.00377929 0.25309319 0.30917676 0.65330873 0.11264721] 
 f1_avg: 0.32154015991795326

--- 303.8204185962677 seconds ---

Train Epoch: 98 accuracy: 0.36 
 precision: [0.01966951 0.75077715 0.35035897 0.66229216 0.16150906] 
 recall: [0.48383372 0.18225819 0.46637881 0.69951079 0.21493027] 
 f1: [0.03780224 0.29331212 0.40012842 0.68039287 0.18442911] 
 f1_avg: 0.38405847380257585


Validation Epoch: 98 accuracy: 0.30 
 precision: [0.00188964 0.768431   0.23734177 0.62046696 0.11615628] 
 recall: [0.71428571 0.15256146 0.44273908 0.6950473  0.11033099] 
 f1: [0.00376932 0.25457961 0.30902349 0.65564304 0.11316872] 
 f1_avg: 0.32279994980949756

New best val score, save model ...
--- 307.0026054382324 seconds ---

Train Epoch: 99 accuracy: 0.35 
 precision: [0.01949783 0.7502956  0.34914447 0.66202878 0.16496116] 
 recall: [0.48152425 0.18163366 0.46401842 0.69831912 0.2195242 ] 
 f1: [0.03747809 0.29246627 0.39846743 0.67968988 0.18837111] 
 f1_avg: 0.38343818699939886


Validation Epoch: 99 accuracy: 0.30 
 precision: [0.00190042 0.76952023 0.23710035 0.61817279 0.11494253] 
 recall: [0.71428571 0.15349972 0.44214876 0.69282137 0.11033099] 
 f1: [0.00379075 0.25594493 0.30867505 0.65337182 0.11258956] 
 f1_avg: 0.3230062653567466

New best val score, save model ...
--- 310.1923894882202 seconds ---

Train Epoch: 100 accuracy: 0.36 
 precision: [0.01985568 0.74262537 0.3492937  0.66064961 0.16328801] 
 recall: [0.48614319 0.18342918 0.46407599 0.69781736 0.21673503] 
 f1: [0.03815307 0.29419253 0.39858584 0.67872503 0.18625308] 
 f1_avg: 0.38395514200114284


Validation Epoch: 100 accuracy: 0.30 
 precision: [0.00158793 0.7700831  0.23702314 0.6226606  0.10792741] 
 recall: [0.57142857 0.15650216 0.44746163 0.68503061 0.11334002] 
 f1: [0.00316706 0.26013724 0.3098937  0.65235824 0.11056751] 
 f1_avg: 0.3250994544679335

New best val score, save model ...
--- 313.36125230789185 seconds ---

Train Epoch: 101 accuracy: 0.36 
 precision: [0.0192926  0.74725157 0.35032094 0.66073342 0.16071429] 
 recall: [0.47113164 0.18218012 0.4681635  0.69612393 0.21558655] 
 f1: [0.03706732 0.29294113 0.40075894 0.67796714 0.18414967] 
 f1_avg: 0.3834953488570471


Validation Epoch: 101 accuracy: 0.30 
 precision: [0.00193798 0.77059925 0.23794516 0.61736973 0.11234818] 
 recall: [0.71428571 0.15443798 0.44569067 0.69226489 0.111334  ] 
 f1: [0.00386548 0.25730811 0.31025272 0.65267576 0.11183879] 
 f1_avg: 0.3238143039398022

--- 316.2167992591858 seconds ---

Train Epoch: 102 accuracy: 0.36 
 precision: [0.01977092 0.74289025 0.35007999 0.66222724 0.16457852] 
 recall: [0.48036952 0.18353327 0.46614853 0.69856999 0.22198523] 
 f1: [0.03797873 0.29434718 0.39986172 0.67991332 0.18901928] 
 f1_avg: 0.3847652727490199


Validation Epoch: 102 accuracy: 0.30 
 precision: [0.00158604 0.77664504 0.23743719 0.62155388 0.10727969] 
 recall: [0.57142857 0.15725277 0.44628099 0.69003895 0.11233701] 
 f1: [0.00316331 0.26154806 0.3099631  0.65400844 0.10975012] 
 f1_avg: 0.3260956136548777

New best val score, save model ...
--- 319.3926041126251 seconds ---

Train Epoch: 103 accuracy: 0.36 
 precision: [0.01975763 0.74897076 0.35046182 0.66199025 0.16361626] 
 recall: [0.48383372 0.18462619 0.46528497 0.69844456 0.21853979] 
 f1: [0.03796493 0.2962298  0.39979224 0.67972899 0.18713122] 
 f1_avg: 0.3854854599386276


Validation Epoch: 103 accuracy: 0.30 
 precision: [0.00189322 0.77437326 0.23848841 0.62032885 0.11578947] 
 recall: [0.71428571 0.15650216 0.4433294  0.69282137 0.11033099] 
 f1: [0.00377644 0.26038089 0.31013834 0.65457413 0.11299435] 
 f1_avg: 0.3259258602847002

--- 322.2489399909973 seconds ---

Train Epoch: 104 accuracy: 0.36 
 precision: [0.01992405 0.74880662 0.35027807 0.66206568 0.16350653] 
 recall: [0.49076212 0.1836894  0.46413356 0.6979428  0.21788351] 
 f1: [0.03829346 0.29501003 0.39924726 0.67953102 0.1868186 ] 
 f1_avg: 0.38470890310242917


Validation Epoch: 104 accuracy: 0.30 
 precision: [0.00188893 0.77377655 0.23901973 0.6234414  0.11510032] 
 recall: [0.71428571 0.15725277 0.4433294  0.69560378 0.10932798] 
 f1: [0.0037679  0.2613849  0.31058726 0.65754866 0.11213992] 
 f1_avg: 0.3270052712354295

New best val score, save model ...
--- 325.4248595237732 seconds ---

Train Epoch: 105 accuracy: 0.36 
 precision: [0.01951747 0.75298342 0.35061771 0.66303701 0.16128638] 
 recall: [0.47921478 0.18553696 0.46401842 0.69888359 0.21640689] 
 f1: [0.03750734 0.29771598 0.39942514 0.68048855 0.18482449] 
 f1_avg: 0.3861003028984216


Validation Epoch: 105 accuracy: 0.30 
 precision: [0.00192827 0.77451879 0.23883434 0.62218891 0.11608961] 
 recall: [0.71428571 0.15856634 0.44510035 0.69282137 0.11434303] 
 f1: [0.00384615 0.26323988 0.31086374 0.65560821 0.1152097 ] 
 f1_avg: 0.32801582130288925

New best val score, save model ...
--- 328.5862729549408 seconds ---

Train Epoch: 106 accuracy: 0.36 
 precision: [0.0196255  0.74410879 0.35127971 0.66249926 0.1671565 ] 
 recall: [0.47806005 0.1865258  0.46540012 0.6979428  0.22395406] 
 f1: [0.0377032  0.29828139 0.40036649 0.67975932 0.19143118] 
 f1_avg: 0.386950192972001


Validation Epoch: 106 accuracy: 0.30 
 precision: [0.00188466 0.77214022 0.23961661 0.61857708 0.113612  ] 
 recall: [0.71428571 0.15706512 0.44273908 0.69671675 0.10631896] 
 f1: [0.0037594  0.26103228 0.31094527 0.65532583 0.10984456] 
 f1_avg: 0.32623617303186403

--- 331.4587137699127 seconds ---

Train Epoch: 107 accuracy: 0.36 
 precision: [0.01967059 0.75297462 0.35203482 0.66319051 0.16241922] 
 recall: [0.48267898 0.18608343 0.4656304  0.69800552 0.21853979] 
 f1: [0.03780069 0.2984184  0.40094188 0.68015279 0.18634583] 
 f1_avg: 0.38683104019195147


Validation Epoch: 107 accuracy: 0.30 
 precision: [0.00189609 0.77070064 0.2392207  0.6198099  0.11795407] 
 recall: [0.71428571 0.15894164 0.44214876 0.68948247 0.11334002] 
 f1: [0.00378215 0.26353454 0.31046632 0.65279241 0.11560102] 
 f1_avg: 0.32763173391147576

--- 334.3533282279968 seconds ---

Train Epoch: 108 accuracy: 0.36 
 precision: [0.01959676 0.7534304  0.35202411 0.6639271  0.16434033] 
 recall: [0.48036952 0.18717635 0.46407599 0.69919719 0.2221493 ] 
 f1: [0.03765728 0.29985826 0.4003576  0.68110585 0.18892145] 
 f1_avg: 0.3877960927778708


Validation Epoch: 108 accuracy: 0.30 
 precision: [0.00193874 0.77248201 0.23895774 0.62237762 0.1148374 ] 
 recall: [0.71428571 0.16119347 0.44391972 0.69337785 0.11334002] 
 f1: [0.00386698 0.26672877 0.31067961 0.6559621  0.1140838 ] 
 f1_avg: 0.3298270938459257

New best val score, save model ...
--- 337.52392196655273 seconds ---

Train Epoch: 109 accuracy: 0.36 
 precision: [0.0201473  0.7456785  0.35148688 0.66395891 0.16522471] 
 recall: [0.48960739 0.18746259 0.46407599 0.69719017 0.22559475] 
 f1: [0.03870202 0.29960491 0.40000992 0.68016888 0.19074703] 
 f1_avg: 0.3875587152309441


Validation Epoch: 109 accuracy: 0.30 
 precision: [0.00189036 0.77181818 0.24014107 0.6215813  0.11801897] 
 recall: [0.71428571 0.15931695 0.44214876 0.69560378 0.11233701] 
 f1: [0.00377074 0.26411573 0.31124039 0.65651261 0.11510791] 
 f1_avg: 0.32871091814669656

--- 340.37625098228455 seconds ---

Train Epoch: 110 accuracy: 0.36 
 precision: [0.01973065 0.74526338 0.35355566 0.66301631 0.16171617] 
 recall: [0.48383372 0.1862916  0.46568797 0.69869543 0.21706317] 
 f1: [0.03791512 0.29807432 0.40194787 0.68038844 0.18534604] 
 f1_avg: 0.38685663487513133


Validation Epoch: 110 accuracy: 0.30 
 precision: [0.00190913 0.77232143 0.23982046 0.62399598 0.11704312] 
 recall: [0.71428571 0.16231938 0.44155844 0.6917084  0.11434303] 
 f1: [0.00380807 0.26825864 0.31082485 0.65610979 0.11567732] 
 f1_avg: 0.33087070986756345

New best val score, save model ...
--- 343.5465519428253 seconds ---

Train Epoch: 111 accuracy: 0.36 
 precision: [0.01979729 0.75191789 0.35120971 0.664184   0.16422607] 
 recall: [0.48267898 0.18873767 0.46298215 0.69913447 0.22264151] 
 f1: [0.03803458 0.30173687 0.39942386 0.68121123 0.18902354] 
 f1_avg: 0.38854069578342476


Validation Epoch: 111 accuracy: 0.30 
 precision: [0.00154979 0.77529096 0.23853503 0.62225549 0.11201629] 
 recall: [0.57142857 0.16250704 0.44214876 0.69393434 0.11033099] 
 f1: [0.00309119 0.26869376 0.30988829 0.65614312 0.11116726] 
 f1_avg: 0.330493120043504

--- 346.3957326412201 seconds ---

Train Epoch: 112 accuracy: 0.36 
 precision: [0.01966105 0.74509601 0.35272094 0.663844   0.16596156] 
 recall: [0.47690531 0.18780088 0.46643638 0.69819368 0.22526661] 
 f1: [0.03776518 0.29998961 0.40168567 0.6805857  0.19111915] 
 f1_avg: 0.3882193415751218


Validation Epoch: 112 accuracy: 0.31 
 precision: [0.00160836 0.7733564  0.23915816 0.62166247 0.11037736] 
 recall: [0.57142857 0.16776131 0.44273908 0.68670006 0.11735206] 
 f1: [0.0032077  0.27571318 0.31055901 0.65256478 0.1137579 ] 
 f1_avg: 0.3340248886581058

New best val score, save model ...
--- 349.5701267719269 seconds ---

Train Epoch: 113 accuracy: 0.36 
 precision: [0.01939676 0.75064162 0.35367351 0.6647751  0.16686689] 
 recall: [0.47228637 0.19027297 0.46447899 0.69800552 0.22789171] 
 f1: [0.03726312 0.30359145 0.40157284 0.68098516 0.19266246] 
 f1_avg: 0.39014803531848985


Validation Epoch: 113 accuracy: 0.30 
 precision: [0.00188395 0.77358491 0.23856732 0.62250996 0.10737527] 
 recall: [0.71428571 0.16156877 0.4403778  0.69560378 0.09929789] 
 f1: [0.00375799 0.26730829 0.30947936 0.65703022 0.10317874] 
 f1_avg: 0.3290230793715188

--- 352.42305517196655 seconds ---

Train Epoch: 114 accuracy: 0.36 
 precision: [0.02007516 0.74911158 0.35329473 0.66583095 0.16300676] 
 recall: [0.48729792 0.19199042 0.46361543 0.69957351 0.2216571 ] 
 f1: [0.0385617  0.30564646 0.40100588 0.68228529 0.18786067] 
 f1_avg: 0.39093212531641963


Validation Epoch: 114 accuracy: 0.30 
 precision: [0.00157171 0.77112676 0.23833866 0.62225549 0.10505451] 
 recall: [0.57142857 0.16438356 0.4403778  0.69393434 0.10631896] 
 f1: [0.0031348  0.27099768 0.3092869  0.65614312 0.10568295] 
 f1_avg: 0.3310826216701123

--- 355.29525566101074 seconds ---

Train Epoch: 115 accuracy: 0.36 
 precision: [0.01928939 0.74731348 0.35242888 0.66287382 0.16178774] 
 recall: [0.46766744 0.19001275 0.46361543 0.69788008 0.22034454] 
 f1: [0.03705059 0.30298755 0.40044754 0.67992667 0.18657961] 
 f1_avg: 0.38891697692698335


Validation Epoch: 115 accuracy: 0.30 
 precision: [0.00188822 0.77137714 0.23889247 0.62022806 0.11571125] 
 recall: [0.71428571 0.16081816 0.43801653 0.69616027 0.10932798] 
 f1: [0.00376648 0.26614907 0.30916667 0.6560042  0.11242909] 
 f1_avg: 0.3290914517725943

--- 358.179692029953 seconds ---

Train Epoch: 116 accuracy: 0.36 
 precision: [0.0197935  0.74587828 0.35366983 0.66272084 0.16401674] 
 recall: [0.48036952 0.19071535 0.46188831 0.69875815 0.22510254] 
 f1: [0.03802038 0.30376127 0.40059918 0.68026256 0.18976487] 
 f1_avg: 0.38965361574922375


Validation Epoch: 116 accuracy: 0.30 
 precision: [0.00155461 0.77885463 0.2388443  0.62257583 0.11111111] 
 recall: [0.57142857 0.16588478 0.43919717 0.69671675 0.11033099] 
 f1: [0.00310078 0.27351485 0.30941984 0.65756303 0.11071968] 
 f1_avg: 0.3332418393125083

--- 361.06646633148193 seconds ---

Train Epoch: 117 accuracy: 0.36 
 precision: [0.02018023 0.74536754 0.35462642 0.66280658 0.16702432] 
 recall: [0.48614319 0.19050717 0.46534254 0.70001254 0.22986054] 
 f1: [0.03875184 0.30345485 0.40250977 0.68090169 0.1934682 ] 
 f1_avg: 0.39034998858292547


Validation Epoch: 117 accuracy: 0.31 
 precision: [0.00163465 0.78385198 0.2389917  0.62113659 0.10687023] 
 recall: [0.57142857 0.1748921  0.44214876 0.69337785 0.11233701] 
 f1: [0.00325998 0.28597729 0.31027341 0.65527215 0.10953545] 
 f1_avg: 0.33961012540289254

New best val score, save model ...
--- 364.2497317790985 seconds ---

Train Epoch: 118 accuracy: 0.36 
 precision: [0.01986021 0.75182701 0.35423788 0.66471257 0.16633076] 
 recall: [0.47575058 0.19542533 0.46534254 0.69693929 0.23018868] 
 f1: [0.03812873 0.31021521 0.40225938 0.68044457 0.19311769] 
 f1_avg: 0.39346901914500304


Validation Epoch: 118 accuracy: 0.31 
 precision: [0.00155581 0.77862595 0.23983215 0.62313061 0.10515464] 
 recall: [0.57142857 0.17226497 0.43860685 0.69560378 0.10230692] 
 f1: [0.00310318 0.28211432 0.31010017 0.65737576 0.10371124] 
 f1_avg: 0.33727839535647675

--- 367.1058461666107 seconds ---

Train Epoch: 119 accuracy: 0.36 
 precision: [0.01961905 0.74363105 0.35377379 0.66334626 0.16394237] 
 recall: [0.47575058 0.19217258 0.46332758 0.69750376 0.2221493 ] 
 f1: [0.03768408 0.3054177  0.40120641 0.67999633 0.18865821] 
 f1_avg: 0.3904530888098301


Validation Epoch: 119 accuracy: 0.31 
 precision: [0.00161225 0.77927548 0.23936    0.62181091 0.10755814] 
 recall: [0.57142857 0.17357853 0.44155844 0.6917084  0.111334  ] 
 f1: [0.00321543 0.28391651 0.31043785 0.65489989 0.1094135 ] 
 f1_avg: 0.33844011598030255

--- 369.96182441711426 seconds ---

Train Epoch: 120 accuracy: 0.36 
 precision: [0.02007124 0.74603491 0.35302102 0.66393785 0.16990874] 
 recall: [0.48152425 0.19461865 0.46419113 0.69687657 0.23215751] 
 f1: [0.03853618 0.30870516 0.40104452 0.68000857 0.19621438] 
 f1_avg: 0.3926195564399774


Validation Epoch: 120 accuracy: 0.31 
 precision: [0.00191351 0.77998274 0.24043716 0.6234414  0.10576923] 
 recall: [0.71428571 0.16963783 0.44155844 0.69560378 0.09929789] 
 f1: [0.00381679 0.27866831 0.31134235 0.65754866 0.10243145] 
 f1_avg: 0.3355255688188066

--- 372.8176956176758 seconds ---

Train Epoch: 121 accuracy: 0.36 
 precision: [0.01955188 0.75140112 0.35554186 0.6674459  0.16652609] 
 recall: [0.47459584 0.19537329 0.46482441 0.69838184 0.22674323] 
 f1: [0.03755654 0.31011338 0.40290426 0.68256352 0.19202445] 
 f1_avg: 0.39389992837065363


Validation Epoch: 121 accuracy: 0.31 
 precision: [0.00188893 0.7819947  0.24304874 0.62383063 0.11610879] 
 recall: [0.71428571 0.16626009 0.43860685 0.705064   0.111334  ] 
 f1: [0.0037679  0.27421851 0.31277626 0.66196447 0.11367127] 
 f1_avg: 0.3353074311677175

--- 375.69819259643555 seconds ---

Train Epoch: 122 accuracy: 0.36 
 precision: [0.01996482 0.7452868  0.35553786 0.66710511 0.16517163] 
 recall: [0.48498845 0.19339561 0.46275187 0.69982439 0.22657916] 
 f1: [0.03835091 0.30710109 0.40212117 0.68307316 0.19106253] 
 f1_avg: 0.392293771584906


Validation Epoch: 122 accuracy: 0.31 
 precision: [0.00160901 0.77952106 0.23881074 0.62361809 0.10009911] 
 recall: [0.57142857 0.17714393 0.44096812 0.69059544 0.10130391] 
 f1: [0.00320899 0.28868502 0.30982995 0.65540005 0.10069791] 
 f1_avg: 0.34012892360601865

New best val score, save model ...
--- 378.92067646980286 seconds ---

Train Epoch: 123 accuracy: 0.36 
 precision: [0.01916675 0.74972392 0.35585685 0.66780822 0.16598851] 
 recall: [0.46535797 0.19433241 0.46540012 0.69712745 0.22756358] 
 f1: [0.0368171  0.30865881 0.40332277 0.68215294 0.19195903] 
 f1_avg: 0.3931856896192741


Validation Epoch: 123 accuracy: 0.31 
 precision: [0.00156433 0.77559727 0.23982046 0.62065541 0.09043659] 
 recall: [0.57142857 0.17057609 0.44155844 0.69560378 0.08726179] 
 f1: [0.00312012 0.27964928 0.31082485 0.6559958  0.08882083] 
 f1_avg: 0.334302625610454

--- 381.78587675094604 seconds ---

Train Epoch: 124 accuracy: 0.36 
 precision: [0.01940678 0.74937444 0.35508646 0.66748577 0.16935388] 
 recall: [0.46766744 0.19482682 0.46580311 0.69850728 0.23264971] 
 f1: [0.03726708 0.30925238 0.40297838 0.68264427 0.1960188 ] 
 f1_avg: 0.39381838574201494


Validation Epoch: 124 accuracy: 0.31 
 precision: [0.00162075 0.78446115 0.2392697  0.62202381 0.10381978] 
 recall: [0.57142857 0.17620567 0.44096812 0.69782972 0.10631896] 
 f1: [0.00323232 0.28777199 0.31021595 0.6577498  0.10505451] 
 f1_avg: 0.34057218158057234

New best val score, save model ...
--- 384.96465039253235 seconds ---

Train Epoch: 125 accuracy: 0.36 
 precision: [0.02032462 0.74957883 0.35654767 0.66620838 0.16840966] 
 recall: [0.48729792 0.19683052 0.46804836 0.69900903 0.22986054] 
 f1: [0.03902168 0.31178895 0.40475953 0.68221467 0.19439434] 
 f1_avg: 0.3952565027855945


Validation Epoch: 125 accuracy: 0.31 
 precision: [0.00187126 0.77422145 0.24382208 0.62344759 0.12025316] 
 recall: [0.71428571 0.16794896 0.43683589 0.6983862  0.11434303] 
 f1: [0.00373274 0.27602159 0.31296257 0.65879265 0.11722365] 
 f1_avg: 0.3360979379207174

Early stopping!

Test Epoch: accuracy: 0.33 
 precision: [0.02488479 0.67008682 0.32528958 0.53681392 0.12858556] 
 recall: [0.58064516 0.17322995 0.44635762 0.6474704  0.19117647] 
 f1: [0.04772426 0.27529183 0.37632607 0.58697243 0.15375517] 
 f1_avg: 0.3471644856985946

--- 388.3431463241577 seconds ---

Test Epoch: accuracy: 0.31 
 precision: [0.00162075 0.78446115 0.2392697  0.62202381 0.10381978] 
 recall: [0.57142857 0.17620567 0.44096812 0.69782972 0.10631896] 
 f1: [0.00323232 0.28777199 0.31021595 0.6577498  0.10505451] 
 f1_avg: 0.34057218158057234

--- 388.42504715919495 seconds ---
