Requirement already satisfied: scikit-learn in /net/cephfs/data/zifjia/condaenvs/audio_clf/lib/python3.8/site-packages (1.1.2)
Requirement already satisfied: numpy>=1.17.3 in /net/cephfs/data/zifjia/condaenvs/audio_clf/lib/python3.8/site-packages (from scikit-learn) (1.22.3)
Requirement already satisfied: joblib>=1.0.0 in /net/cephfs/data/zifjia/condaenvs/audio_clf/lib/python3.8/site-packages (from scikit-learn) (1.1.0)
Requirement already satisfied: scipy>=1.3.2 in /net/cephfs/data/zifjia/condaenvs/audio_clf/lib/python3.8/site-packages (from scikit-learn) (1.9.1)
Requirement already satisfied: threadpoolctl>=2.0.0 in /net/cephfs/data/zifjia/condaenvs/audio_clf/lib/python3.8/site-packages (from scikit-learn) (3.1.0)
Requirement already satisfied: tensorboard in /net/cephfs/data/zifjia/condaenvs/audio_clf/lib/python3.8/site-packages (2.10.1)
Requirement already satisfied: setuptools>=41.0.0 in /net/cephfs/data/zifjia/condaenvs/audio_clf/lib/python3.8/site-packages (from tensorboard) (60.8.1)
Requirement already satisfied: markdown>=2.6.8 in /net/cephfs/home/zifjia/.local/lib/python3.8/site-packages (from tensorboard) (3.4.1)
Requirement already satisfied: werkzeug>=1.0.1 in /net/cephfs/data/zifjia/condaenvs/audio_clf/lib/python3.8/site-packages (from tensorboard) (2.1.2)
Requirement already satisfied: grpcio>=1.24.3 in /net/cephfs/home/zifjia/.local/lib/python3.8/site-packages (from tensorboard) (1.47.0)
Requirement already satisfied: absl-py>=0.4 in /net/cephfs/home/zifjia/.local/lib/python3.8/site-packages (from tensorboard) (1.2.0)
Requirement already satisfied: wheel>=0.26 in /net/cephfs/data/zifjia/condaenvs/audio_clf/lib/python3.8/site-packages (from tensorboard) (0.37.1)
Requirement already satisfied: protobuf<3.20,>=3.9.2 in /net/cephfs/home/zifjia/.local/lib/python3.8/site-packages (from tensorboard) (3.19.4)
Requirement already satisfied: tensorboard-plugin-wit>=1.6.0 in /net/cephfs/home/zifjia/.local/lib/python3.8/site-packages (from tensorboard) (1.8.1)
Requirement already satisfied: google-auth-oauthlib<0.5,>=0.4.1 in /net/cephfs/home/zifjia/.local/lib/python3.8/site-packages (from tensorboard) (0.4.6)
Requirement already satisfied: numpy>=1.12.0 in /net/cephfs/data/zifjia/condaenvs/audio_clf/lib/python3.8/site-packages (from tensorboard) (1.22.3)
Requirement already satisfied: requests<3,>=2.21.0 in /net/cephfs/data/zifjia/condaenvs/audio_clf/lib/python3.8/site-packages (from tensorboard) (2.28.1)
Requirement already satisfied: google-auth<3,>=1.6.3 in /net/cephfs/home/zifjia/.local/lib/python3.8/site-packages (from tensorboard) (2.9.1)
Requirement already satisfied: tensorboard-data-server<0.7.0,>=0.6.0 in /net/cephfs/home/zifjia/.local/lib/python3.8/site-packages (from tensorboard) (0.6.1)
Requirement already satisfied: pyasn1-modules>=0.2.1 in /net/cephfs/home/zifjia/.local/lib/python3.8/site-packages (from google-auth<3,>=1.6.3->tensorboard) (0.2.8)
Requirement already satisfied: six>=1.9.0 in /net/cephfs/data/zifjia/condaenvs/audio_clf/lib/python3.8/site-packages (from google-auth<3,>=1.6.3->tensorboard) (1.16.0)
Requirement already satisfied: cachetools<6.0,>=2.0.0 in /net/cephfs/home/zifjia/.local/lib/python3.8/site-packages (from google-auth<3,>=1.6.3->tensorboard) (5.2.0)
Requirement already satisfied: rsa<5,>=3.1.4 in /net/cephfs/home/zifjia/.local/lib/python3.8/site-packages (from google-auth<3,>=1.6.3->tensorboard) (4.9)
Requirement already satisfied: requests-oauthlib>=0.7.0 in /net/cephfs/home/zifjia/.local/lib/python3.8/site-packages (from google-auth-oauthlib<0.5,>=0.4.1->tensorboard) (1.3.1)
Requirement already satisfied: importlib-metadata>=4.4 in /net/cephfs/home/zifjia/.local/lib/python3.8/site-packages (from markdown>=2.6.8->tensorboard) (4.12.0)
Requirement already satisfied: urllib3<1.27,>=1.21.1 in /net/cephfs/data/zifjia/condaenvs/audio_clf/lib/python3.8/site-packages (from requests<3,>=2.21.0->tensorboard) (1.26.12)
Requirement already satisfied: charset-normalizer<3,>=2 in /net/cephfs/data/zifjia/condaenvs/audio_clf/lib/python3.8/site-packages (from requests<3,>=2.21.0->tensorboard) (2.1.1)
Requirement already satisfied: certifi>=2017.4.17 in /net/cephfs/data/zifjia/condaenvs/audio_clf/lib/python3.8/site-packages (from requests<3,>=2.21.0->tensorboard) (2022.9.14)
Requirement already satisfied: idna<4,>=2.5 in /net/cephfs/data/zifjia/condaenvs/audio_clf/lib/python3.8/site-packages (from requests<3,>=2.21.0->tensorboard) (3.4)
Requirement already satisfied: zipp>=0.5 in /net/cephfs/data/zifjia/condaenvs/audio_clf/lib/python3.8/site-packages (from importlib-metadata>=4.4->markdown>=2.6.8->tensorboard) (3.8.0)
Requirement already satisfied: pyasn1<0.5.0,>=0.4.6 in /net/cephfs/home/zifjia/.local/lib/python3.8/site-packages (from pyasn1-modules>=0.2.1->google-auth<3,>=1.6.3->tensorboard) (0.4.8)
Requirement already satisfied: oauthlib>=3.0.0 in /net/cephfs/home/zifjia/.local/lib/python3.8/site-packages (from requests-oauthlib>=0.7.0->google-auth-oauthlib<0.5,>=0.4.1->tensorboard) (3.2.0)
Requirement already satisfied: torch in /net/cephfs/data/zifjia/condaenvs/audio_clf/lib/python3.8/site-packages (1.12.1)
Requirement already satisfied: torchvision in /net/cephfs/data/zifjia/condaenvs/audio_clf/lib/python3.8/site-packages (0.13.1)
Requirement already satisfied: torchaudio in /net/cephfs/data/zifjia/condaenvs/audio_clf/lib/python3.8/site-packages (0.12.1)
Requirement already satisfied: typing-extensions in /net/cephfs/data/zifjia/condaenvs/audio_clf/lib/python3.8/site-packages (from torch) (4.0.1)
Requirement already satisfied: numpy in /net/cephfs/data/zifjia/condaenvs/audio_clf/lib/python3.8/site-packages (from torchvision) (1.22.3)
Requirement already satisfied: requests in /net/cephfs/data/zifjia/condaenvs/audio_clf/lib/python3.8/site-packages (from torchvision) (2.28.1)
Requirement already satisfied: pillow!=8.3.*,>=5.3.0 in /net/cephfs/data/zifjia/condaenvs/audio_clf/lib/python3.8/site-packages (from torchvision) (9.0.1)
Requirement already satisfied: idna<4,>=2.5 in /net/cephfs/data/zifjia/condaenvs/audio_clf/lib/python3.8/site-packages (from requests->torchvision) (3.4)
Requirement already satisfied: certifi>=2017.4.17 in /net/cephfs/data/zifjia/condaenvs/audio_clf/lib/python3.8/site-packages (from requests->torchvision) (2022.9.14)
Requirement already satisfied: urllib3<1.27,>=1.21.1 in /net/cephfs/data/zifjia/condaenvs/audio_clf/lib/python3.8/site-packages (from requests->torchvision) (1.26.12)
Requirement already satisfied: charset-normalizer<3,>=2 in /net/cephfs/data/zifjia/condaenvs/audio_clf/lib/python3.8/site-packages (from requests->torchvision) (2.1.1)
{'name': 'chimp_wav2vec2_lstm_batch_8_0', 'data_path': '/home/cluster/zifjia/data/data_chimp/wav2vec2_split_0', 'test_only': False, 'balance_weights': True, 'model_type': 'lstm', 'n_embedding': 768, 'd_hid': 1024, 'nlayers': 2, 'batch_size': 8, 'n_epoch': 200, 'lr': 0.0001, 'dropout': 0.4, 'patience': 10, 'step_factor': 0.7, 'seed': 0}
cuda
Reading data ...
train, dev, test number of files: 188, 23, 24.
dev files:  ['ASO0485 Sonso MS single ph feeding_01', 'ASO2186 ZL single ph start_01', 'ASO0120 Sonso KZ single ph fg feeding_01', 'ASO4619 ZL unk group ph, PS single ph intro_01', 'ASO3700 HW single ph drum Travel_01', 'ASO0087 Sonso HW single ph feeding_01', 'ASO2860 PS single ph, PS ZL group ph fg, ZL single ph feeding, FK single ph, group fg, HW MS group ph drum, 7_15 FK single ph, 10_30 PS single ph start_01', 'ASO0907 Sonso PS single ph drum traveling_01', 'ASO3888 unk group ph resting, unk group pg, HW display drum, OK pg to HW, DL pg to HW, 1_35 unk single ph start, 3_30 KT single ph intro feeding_01', 'ASO3150 KT single ph_01', 'ASO3089 ZL single ph drum traveling_01', 'ASO0480 Sonso KZ KT group ph, KZ KT group ph, KT single ph feeding_01', 'ASO2860 MS comes back after long time, SM FK group scream, unk_m bark, FK SM fg, 3_30 PS single ph, PS ZL group ph fg, ZL single ph feeding, FK single ph, group fg, HW MS group ph drum, 7_15 FK single ph, 10_30 PS single ph start_01', 'ASO2038 HW single ph drum, IN DL JS group ph _01', 'ASO3192 FK single ph drum_01', 'ASO1579 HW single ph drum_01', 'ASO3106 ZD group ph drum, unk group ph other party, ZD single ph drum traveling-resting_02', 'ASO0651 Sonso FK single ph_01', 'ASO4567 KC display drum (not visible), FK SM group ph drum, 1_50 ZL single ph drum travel_01', 'ASO0782 Sonso ZL single ph drum_01', 'ASO4445 KT MS group ph drum traveling, 2_20 KT whimper, MS single ph drum, KT bark_01', 'ASO2554 PS single ph start nest_01', 'ASO1095 Sonso SQ single ph feeding_01']
test files:  ['ASO0778 Sonso ZL single ph start, ZL single ph drum_01', 'ASO0083 Sonso HW single ph slap_01', 'ASO3079 HW single ph drum traveling_01', 'ASO3654 HW single ph_01', 'ASO3041 MS single ph drum traveling_01', 'ASO2546 FK single fg ph feeding, HW single ph drum, FK fg, FK single ph, FK fg_01', 'ASO3457 KT single ph_01', 'ASO0020 Sonso SQ single ph, PS single ph other party 2_01', 'ASO0809 Sonso PS single ph_01', 'ASO3174 PS single ph feeding_01', 'ASO0089 Sonso HW single ph drum_01', 'ASO3799 KT single ph_01', 'ASO1472 MS single ph, SM KA group ph-pg_01', 'ASO1514 MS single ph intro, KC group ph_01', 'ASO3512 PS single ph_01', 'ASO2125 KL OK KC JS group ph, FK single ph, OK KL KC KO group ph, PS single ph, PS single ph feeding_01', 'ASO2860 PS single ph, PS ZL group ph fg, ZL single ph feeding, FK single ph, group fg, HW MS group ph drum, 7_15 FK single ph, 10_30 PS single ph start_02', 'ASO3995 PS MB group ph feeding, 1_40 PS single ph feeding, MB fg, 2_50 ML MB group ph-bark_01', 'ASO3737 HW single ph drum resting-traveling, 1_15 JN single ph feeding, HW single ph_01', 'ASO2125 KL OK KC JS group ph, FK single ph, OK KL KC KO group ph, PS single ph, PS single ph feeding_02', 'ASO1474 MS single ph intro_01', 'ASO3829 PS IN IS group ph resting, 1_30 HW single ph_01', 'ASO3128 KT single ph, ZL display drum, FK single ph drum display to KT, KT pg, ZL single ph drum 50m, FK single ph drum, KT single ph, ZL single ph drum 50m_01', 'ASO1624_02 HW single ph_01']
train_data_all: (78788, 769)
Labels in train_data_all:  {0: 924, 1: 38362, 2: 17480, 3: 15285, 4: 6737}
--- 4.8895487785339355 seconds ---
LSTM(
  (lstm): LSTM(768, 1024, num_layers=2, dropout=0.4, bidirectional=True)
  (hidden2tag): Linear(in_features=2048, out_features=5, bias=True)
)
Number of parameters: 39888901

Train Epoch: 1 accuracy: 0.30 
 precision: [0.         0.77275053 0.33494468 0.56649455 0.09949587] 
 recall: [0.         0.27558521 0.17837529 0.3229964  0.68843699] 
 f1: [0.         0.40627942 0.23278211 0.41141667 0.17386415] 
 f1_avg: 0.3441456699971636


Validation Epoch: 1 accuracy: 0.63 
 precision: [1.         0.62093373 0.67910448 0.6473667  0.2       ] 
 recall: [0.         0.82542543 0.08860759 0.83256205 0.00194553] 
 f1: [0.         0.70872368 0.15676141 0.72837689 0.00385356] 
 f1_avg: 0.5612232002670349

New best val score, save model ...
--- 18.57353401184082 seconds ---

Train Epoch: 2 accuracy: 0.59 
 precision: [0.375      0.65806334 0.40022035 0.57938877 0.4       ] 
 recall: [0.00974026 0.75501799 0.31172769 0.8        0.00178121] 
 f1: [0.01898734 0.70321453 0.35047435 0.67205276 0.00354662] 
 f1_avg: 0.5510581788803829


Validation Epoch: 2 accuracy: 0.64 
 precision: [0.21276596 0.74267927 0.47660691 0.66092943 0.27411168] 
 recall: [0.33333333 0.64484484 0.53067186 0.80774085 0.21011673] 
 f1: [0.25974026 0.6903129  0.50218844 0.72699735 0.23788546] 
 f1_avg: 0.6356816476640912

New best val score, save model ...
--- 28.784547328948975 seconds ---

Train Epoch: 3 accuracy: 0.63 
 precision: [0.23888889 0.72723831 0.43282892 0.59613268 0.57270408] 
 recall: [0.0465368  0.75102966 0.42871854 0.81485116 0.06664688] 
 f1: [0.07789855 0.73894254 0.43076392 0.68854    0.11939902] 
 f1_avg: 0.600063083795696


Validation Epoch: 3 accuracy: 0.61 
 precision: [0.04672897 0.81978022 0.47777778 0.6736161  0.22222222] 
 recall: [0.33333333 0.52272272 0.69084713 0.78838873 0.3540856 ] 
 f1: [0.08196721 0.63838631 0.56488854 0.72649738 0.27306827] 
 f1_avg: 0.6237433345358412

--- 38.64968252182007 seconds ---

Train Epoch: 4 accuracy: 0.64 
 precision: [0.28707483 0.76956355 0.44658784 0.64175066 0.49661466] 
 recall: [0.22835498 0.7326521  0.49267735 0.79142951 0.25040819] 
 f1: [0.2543701  0.75065435 0.4685018  0.70877399 0.33293862] 
 f1_avg: 0.6383925118448568


Validation Epoch: 4 accuracy: 0.57 
 precision: [0.01792115 0.85467684 0.50644824 0.66986837 0.18775181] 
 recall: [0.33333333 0.42622623 0.70740019 0.79217501 0.45330739] 
 f1: [0.03401361 0.56879508 0.59029047 0.72590594 0.26552707] 
 f1_avg: 0.5934370921828573

--- 48.60270667076111 seconds ---

Train Epoch: 5 accuracy: 0.67 
 precision: [0.18393481 0.79282494 0.47653736 0.6878944  0.53493237] 
 recall: [0.34199134 0.74717168 0.44908467 0.77736343 0.5693929 ] 
 f1: [0.23921272 0.76932161 0.46240391 0.72989741 0.55162496] 
 f1_avg: 0.6687483880227547


Validation Epoch: 5 accuracy: 0.50 
 precision: [0.01177856 0.95285935 0.44076986 0.65748709 0.18248175] 
 recall: [0.33333333 0.24684685 0.7916261  0.80353387 0.43774319] 
 f1: [0.02275313 0.39211321 0.56625457 0.7232109  0.25758443] 
 f1_avg: 0.49888121386710405

--- 58.61832356452942 seconds ---

Train Epoch: 6 accuracy: 0.69 
 precision: [0.17241379 0.81484286 0.54699814 0.71460377 0.54059084] 
 recall: [0.49242424 0.78536051 0.4367849  0.77697089 0.68992133] 
 f1: [0.25540275 0.79983009 0.48571792 0.74448345 0.60619498] 
 f1_avg: 0.6964612453259214


Validation Epoch: 6 accuracy: 0.43 
 precision: [0.01234568 0.97857143 0.35980921 0.6574359  0.19335347] 
 recall: [0.33333333 0.08228228 0.84469328 0.80900294 0.37354086] 
 f1: [0.02380952 0.15180055 0.50465387 0.72538665 0.25481088] 
 f1_avg: 0.3661719108786062

--- 68.64212703704834 seconds ---

Train Epoch: 7 accuracy: 0.72 
 precision: [0.18159204 0.84643646 0.61886313 0.75370842 0.53880346] 
 recall: [0.63203463 0.79873312 0.55743707 0.75459601 0.66572658] 
 f1: [0.2821256  0.82189319 0.58654628 0.75415196 0.59557798] 
 f1_avg: 0.7308549651316032


Validation Epoch: 7 accuracy: 0.42 
 precision: [0.01273148 0.99696049 0.36846671 0.62468274 0.1913215 ] 
 recall: [0.36666667 0.06566567 0.8271665  0.82835507 0.37743191] 
 f1: [0.0246085  0.12321563 0.50982746 0.71224453 0.2539267 ] 
 f1_avg: 0.34974016847682876

--- 78.65925335884094 seconds ---

Train Epoch: 8 accuracy: 0.74 
 precision: [0.20704686 0.89957809 0.61708046 0.74573915 0.59979594] 
 recall: [0.61688312 0.75587821 0.68535469 0.80726202 0.6980852 ] 
 f1: [0.31003535 0.8214913  0.64942809 0.77528196 0.64521882] 
 f1_avg: 0.7532815782891803


Validation Epoch: 8 accuracy: 0.43 
 precision: [0.00981267 0.99771167 0.38913603 0.63531733 0.17909091] 
 recall: [0.36666667 0.08728729 0.80915287 0.81278923 0.38326848] 
 f1: [0.01911381 0.16053019 0.5255336  0.71317829 0.244114  ] 
 f1_avg: 0.3713708256906345

--- 88.70557117462158 seconds ---

Train Epoch: 9 accuracy: 0.76 
 precision: [0.2298631  0.91803841 0.64630584 0.75847868 0.62014091] 
 recall: [0.78138528 0.76760857 0.69610984 0.81936539 0.75775568] 
 f1: [0.35522755 0.83611119 0.67028397 0.78774727 0.68207629] 
 f1_avg: 0.7711270307370456


Validation Epoch: 9 accuracy: 0.44 
 precision: [0.00861394 0.98606811 0.40665343 0.64085447 0.1827957 ] 
 recall: [0.36666667 0.12752753 0.79746835 0.80774085 0.36381323] 
 f1: [0.01683244 0.22584648 0.53863861 0.71468453 0.24333116] 
 f1_avg: 0.40710623851280886

--- 98.81806182861328 seconds ---

Train Epoch: 10 accuracy: 0.77 
 precision: [0.25436328 0.91700154 0.66543835 0.76915963 0.63775012] 
 recall: [0.8517316  0.79114749 0.69216247 0.81615963 0.77586463] 
 f1: [0.39173718 0.84943814 0.67853738 0.79196293 0.70006027] 
 f1_avg: 0.7822308446234247


Validation Epoch: 10 accuracy: 0.45 
 precision: [0.00821509 0.96928747 0.42533579 0.65006821 0.17463235] 
 recall: [0.36666667 0.15795796 0.78627069 0.80185107 0.36964981] 
 f1: [0.01607012 0.27164744 0.55204239 0.71802599 0.2372035 ] 
 f1_avg: 0.4332925304735892

--- 108.91072583198547 seconds ---

Train Epoch: 11 accuracy: 0.78 
 precision: [0.2705314  0.9219066  0.68301449 0.76769722 0.64067091] 
 recall: [0.90909091 0.79610031 0.70669336 0.81877658 0.77675523] 
 f1: [0.41697692 0.85439718 0.6946522  0.7924146  0.70218048] 
 f1_avg: 0.7887855856154747


Validation Epoch: 11 accuracy: 0.46 
 precision: [0.00922819 0.95837897 0.42988382 0.65784894 0.17195972] 
 recall: [0.36666667 0.17517518 0.77458617 0.7951199  0.43190661] 
 f1: [0.01800327 0.29620853 0.55291051 0.72       0.24598338] 
 f1_avg: 0.44670565291008546

--- 118.99641823768616 seconds ---

Train Epoch: 12 accuracy: 0.79 
 precision: [0.33245283 0.92122009 0.69914636 0.76450657 0.64114258] 
 recall: [0.9534632  0.80381628 0.71218535 0.82662741 0.79293454] 
 f1: [0.49300504 0.858523   0.70560562 0.79435433 0.70900524] 
 f1_avg: 0.7950761118411517


Validation Epoch: 12 accuracy: 0.46 
 precision: [0.0110331  0.95842217 0.43461643 0.66917024 0.16180203] 
 recall: [0.36666667 0.17997998 0.77507303 0.78712663 0.49610895] 
 f1: [0.02142162 0.30305073 0.55693546 0.72337135 0.24401914] 
 f1_avg: 0.4516756294802553

--- 129.0843861103058 seconds ---

Train Epoch: 13 accuracy: 0.80 
 precision: [0.38953219 0.91193059 0.70224623 0.79667812 0.64922901] 
 recall: [0.91017316 0.8219071  0.70646453 0.81903827 0.84369898] 
 f1: [0.54557249 0.86458176 0.70434907 0.80770347 0.73379809] 
 f1_avg: 0.8030735842819491


Validation Epoch: 13 accuracy: 0.46 
 precision: [0.0109671  0.96745932 0.45801749 0.62634496 0.15739078] 
 recall: [0.36666667 0.15475475 0.76484907 0.80816155 0.51167315] 
 f1: [0.02129719 0.26682775 0.57293946 0.70573108 0.24073227] 
 f1_avg: 0.4324493835919993

--- 139.24015998840332 seconds ---

Train Epoch: 14 accuracy: 0.77 
 precision: [0.33693555 0.90851521 0.70675802 0.74628044 0.58525298] 
 recall: [0.94480519 0.80405088 0.64914188 0.80399084 0.84473801] 
 f1: [0.49672831 0.85309695 0.67672581 0.77406148 0.69145252] 
 f1_avg: 0.7806327708320131


Validation Epoch: 14 accuracy: 0.45 
 precision: [0.01071081 0.97765363 0.42363776 0.66966211 0.14908854] 
 recall: [0.36666667 0.14014014 0.80623174 0.78376104 0.44552529] 
 f1: [0.02081362 0.24514096 0.55542512 0.72223299 0.22341463] 
 f1_avg: 0.4210160105516555

--- 149.37472414970398 seconds ---

Train Epoch: 15 accuracy: 0.79 
 precision: [0.31016231 0.94295656 0.68072775 0.76230555 0.7022628 ] 
 recall: [0.9512987  0.77003285 0.77271167 0.85920837 0.78773935] 
 f1: [0.46780202 0.84776651 0.72380901 0.80786147 0.74254932] 
 f1_avg: 0.7990705014231156


Validation Epoch: 15 accuracy: 0.48 
 precision: [0.01126126 0.96911197 0.44850684 0.67414917 0.16049383] 
 recall: [0.33333333 0.201001   0.78237585 0.78334034 0.5311284 ] 
 f1: [0.02178649 0.33294644 0.57016143 0.7246546  0.24650113] 
 f1_avg: 0.46981326307403987

--- 159.50567293167114 seconds ---

Train Epoch: 16 accuracy: 0.82 
 precision: [0.39360284 0.92765775 0.76291294 0.78114603 0.63876751] 
 recall: [0.95887446 0.84502893 0.7173913  0.82944063 0.84622235] 
 f1: [0.55811024 0.88441759 0.73945219 0.80456925 0.72800409] 
 f1_avg: 0.8195632606528839


Validation Epoch: 16 accuracy: 0.45 
 precision: [0.0135318  0.9730821  0.4240457  0.70458075 0.13051917] 
 recall: [0.33333333 0.14474474 0.79503408 0.76356752 0.5233463 ] 
 f1: [0.0260078  0.25200418 0.5530906  0.73288916 0.20893204] 
 f1_avg: 0.42578313118692895

--- 169.62797212600708 seconds ---

Train Epoch: 17 accuracy: 0.82 
 precision: [0.42593569 0.9345118  0.71795281 0.80865504 0.68793476] 
 recall: [0.87445887 0.82133361 0.77122426 0.84965653 0.85141754] 
 f1: [0.57284651 0.87427509 0.74363571 0.82864891 0.76099502] 
 f1_avg: 0.823218326163166


Validation Epoch: 17 accuracy: 0.45 
 precision: [0.01081613 0.98362892 0.437974   0.69583493 0.14128728] 
 recall: [0.36666667 0.14434434 0.7872444  0.76609171 0.52529183] 
 f1: [0.02101242 0.25174581 0.56282631 0.72927513 0.22268041] 
 f1_avg: 0.42749154051461236

--- 179.7975616455078 seconds ---

Train Epoch: 18 accuracy: 0.81 
 precision: [0.468361   0.94371917 0.7419611  0.78510081 0.60767301] 
 recall: [0.97727273 0.8178145  0.74845538 0.84324501 0.86284696] 
 f1: [0.63323983 0.87626735 0.74519409 0.81313482 0.71312028] 
 f1_avg: 0.8181389483261903


Validation Epoch: 18 accuracy: 0.44 
 precision: [0.01036269 0.97936726 0.4328841  0.72226688 0.12644231] 
 recall: [0.33333333 0.14254254 0.781889   0.75599495 0.51167315] 
 f1: [0.0201005  0.24886403 0.55725191 0.73874615 0.20277564] 
 f1_avg: 0.42612844015802864

--- 189.96257543563843 seconds ---

Train Epoch: 19 accuracy: 0.82 
 precision: [0.34353741 0.94826116 0.69372439 0.82661838 0.72272008] 
 recall: [0.98376623 0.81171472 0.80377574 0.83624468 0.81401217] 
 f1: [0.5092437  0.87469101 0.74470623 0.83140367 0.76565445] 
 f1_avg: 0.8238452768570395


Validation Epoch: 19 accuracy: 0.46 
 precision: [0.0137741  0.97468354 0.4573508  0.69087523 0.13303769] 
 recall: [0.33333333 0.16956957 0.76484907 0.78039546 0.58365759] 
 f1: [0.02645503 0.28888131 0.57241756 0.73291189 0.21668472] 
 f1_avg: 0.4486468387549129

--- 200.09502243995667 seconds ---

Train Epoch: 20 accuracy: 0.84 
 precision: [0.61807989 0.94945595 0.76050349 0.80892717 0.68729715] 
 recall: [0.95454545 0.84614984 0.7673341  0.87857377 0.91153332] 
 f1: [0.75031901 0.89483115 0.76390352 0.84231324 0.78369066] 
 f1_avg: 0.8443966442534634


Validation Epoch: 20 accuracy: 0.45 
 precision: [0.01183432 0.97423313 0.45504481 0.71706349 0.12741313] 
 recall: [0.33333333 0.15895896 0.76630964 0.76020194 0.57782101] 
 f1: [0.02285714 0.27332186 0.57101397 0.73800286 0.20878735] 
 f1_avg: 0.4413581323019094

--- 210.2529957294464 seconds ---

Train Epoch: 21 accuracy: 0.84 
 precision: [0.55891425 0.95360468 0.73685318 0.81881279 0.71569202] 
 recall: [0.98051948 0.82511339 0.80160183 0.87988224 0.90648657] 
 f1: [0.71198428 0.88471805 0.76786497 0.84824976 0.79986902] 
 f1_avg: 0.842436947607837


Validation Epoch: 21 accuracy: 0.46 
 precision: [0.01242236 0.97574421 0.46058824 0.72956486 0.12796999] 
 recall: [0.33333333 0.17717718 0.7624148  0.75473286 0.59727626] 
 f1: [0.0239521  0.29989834 0.57425743 0.74193548 0.21077927] 
 f1_avg: 0.4563848253699898

--- 220.39442896842957 seconds ---

Train Epoch: 22 accuracy: 0.85 
 precision: [0.56160991 0.95049704 0.78242701 0.82815413 0.71953782] 
 recall: [0.98160173 0.86238986 0.79267735 0.87176971 0.91509574] 
 f1: [0.71445451 0.90430243 0.78751883 0.84940239 0.80561908] 
 f1_avg: 0.8570772966470418


Validation Epoch: 22 accuracy: 0.45 
 precision: [0.01293661 0.97538101 0.45613016 0.73303167 0.1238365 ] 
 recall: [0.33333333 0.16656657 0.76436222 0.74968448 0.59533074] 
 f1: [0.0249066  0.28454172 0.5713246  0.74126456 0.20502513] 
 f1_avg: 0.4476331601805671

--- 230.564110994339 seconds ---

Train Epoch: 23 accuracy: 0.86 
 precision: [0.65983906 0.95718645 0.76232804 0.8268467  0.7418779 ] 
 recall: [0.97619048 0.84213545 0.82425629 0.88537782 0.92533769] 
 f1: [0.78742907 0.89598269 0.79208356 0.85511184 0.82351387] 
 f1_avg: 0.8575327546322006


Validation Epoch: 23 accuracy: 0.46 
 precision: [0.01215067 0.97761953 0.47276029 0.74441164 0.12615508] 
 recall: [0.33333333 0.19239239 0.76046738 0.7425326  0.61089494] 
 f1: [0.02344666 0.32151221 0.58305338 0.74347094 0.20912421] 
 f1_avg: 0.4693047934688539

--- 240.7011754512787 seconds ---

Train Epoch: 24 accuracy: 0.86 
 precision: [0.63066202 0.95289803 0.78165939 0.83966218 0.74504216] 
 recall: [0.97943723 0.860122   0.81922197 0.8781158  0.93127505] 
 f1: [0.76727427 0.90413624 0.8        0.85845859 0.8278137 ] 
 f1_avg: 0.8640396534357723


Validation Epoch: 24 accuracy: 0.47 
 precision: [0.0128866  0.97843137 0.47228916 0.74362192 0.12505075] 
 recall: [0.33333333 0.1997998  0.76338851 0.74800168 0.59922179] 
 f1: [0.0248139  0.33183707 0.58355043 0.74580537 0.20691972] 
 f1_avg: 0.47502700881452153

--- 250.86596250534058 seconds ---

Train Epoch: 25 accuracy: 0.86 
 precision: [0.64714286 0.95263721 0.78551382 0.83474132 0.7625    ] 
 recall: [0.98051948 0.85829727 0.8326087  0.88563952 0.914502  ] 
 f1: [0.77969019 0.90300994 0.80837592 0.8594375  0.83161234] 
 f1_avg: 0.8660098819800556


Validation Epoch: 25 accuracy: 0.49 
 precision: [0.01269036 0.9699187  0.48848944 0.75042017 0.13077884] 
 recall: [0.33333333 0.23883884 0.75413827 0.75136727 0.61089494] 
 f1: [0.02444988 0.38329317 0.59291866 0.75089342 0.21543739] 
 f1_avg: 0.5043877935726474

--- 261.0570933818817 seconds ---

Train Epoch: 26 accuracy: 0.85 
 precision: [0.61800819 0.95364909 0.76349424 0.8223133  0.75483165] 
 recall: [0.98051948 0.83452375 0.82700229 0.89257442 0.92177527] 
 f1: [0.758159   0.89011845 0.79398034 0.85600452 0.82999198] 
 f1_avg: 0.8554821042045483


Validation Epoch: 26 accuracy: 0.52 
 precision: [0.01321004 0.95320197 0.50664452 0.77077865 0.13868295] 
 recall: [0.33333333 0.30990991 0.74245375 0.74127051 0.61867704] 
 f1: [0.02541296 0.46774437 0.60229068 0.75573665 0.22657642] 
 f1_avg: 0.5503607702125962

--- 271.2390511035919 seconds ---

Train Epoch: 27 accuracy: 0.85 
 precision: [0.68593156 0.91242813 0.77297805 0.83319071 0.76250158] 
 recall: [0.97619048 0.86043481 0.75343249 0.89178934 0.89401811] 
 f1: [0.80571684 0.88566905 0.76308013 0.86149471 0.82303908] 
 f1_avg: 0.847488452971909


Validation Epoch: 27 accuracy: 0.50 
 precision: [0.01259446 0.96523669 0.47816923 0.77264732 0.13683266] 
 recall: [0.33333333 0.26126126 0.77312561 0.73916702 0.59338521] 
 f1: [0.02427184 0.4112179  0.59088372 0.75553644 0.22238425] 
 f1_avg: 0.5194235056683673

--- 281.39506483078003 seconds ---

Train Epoch: 28 accuracy: 0.87 
 precision: [0.66180758 0.92397724 0.81623436 0.84341105 0.77592312] 
 recall: [0.98268398 0.8931234  0.76510297 0.88518155 0.91079115] 
 f1: [0.79094077 0.90828838 0.78984202 0.86379162 0.83796518] 
 f1_avg: 0.8659878755866187


Validation Epoch: 28 accuracy: 0.46 
 precision: [0.01261034 0.97108674 0.45605023 0.76929863 0.12900541] 
 recall: [0.33333333 0.19499499 0.77799416 0.73369794 0.60311284] 
 f1: [0.02430134 0.32477492 0.57502699 0.75107666 0.21254714] 
 f1_avg: 0.47127820148535804

--- 291.5623092651367 seconds ---

Train Epoch: 29 accuracy: 0.87 
 precision: [0.58926261 0.94804543 0.78401276 0.86642927 0.76108469] 
 recall: [0.98593074 0.88569418 0.8152746  0.87549886 0.87902627] 
 f1: [0.73765182 0.91580976 0.79933814 0.87094045 0.81581485] 
 f1_avg: 0.8706247698442008


Validation Epoch: 29 accuracy: 0.46 
 precision: [0.01344086 0.9762419  0.47200482 0.76669558 0.12387725] 
 recall: [0.33333333 0.18098098 0.76338851 0.7437947  0.64396887] 
 f1: [0.02583979 0.30535383 0.58333333 0.75507154 0.20778406] 
 f1_avg: 0.46397093902445125

--- 301.72643637657166 seconds ---

Train Epoch: 30 accuracy: 0.86 
 precision: [0.64371895 0.96932237 0.73555522 0.86193492 0.73585136] 
 recall: [0.98160173 0.83600959 0.84845538 0.89937848 0.89357281] 
 f1: [0.77753965 0.89774381 0.78798183 0.88025869 0.8070787 ] 
 f1_avg: 0.860837443350465


Validation Epoch: 30 accuracy: 0.47 
 precision: [0.01373626 0.97294686 0.50643196 0.76500858 0.11742554] 
 recall: [0.33333333 0.2016016  0.72833496 0.75052587 0.66731518] 
 f1: [0.02638522 0.33399668 0.59744409 0.75769803 0.19970888] 
 f1_avg: 0.48143969095018

--- 311.9475998878479 seconds ---

Train Epoch: 31 accuracy: 0.87 
 precision: [0.67062315 0.9710221  0.79310534 0.86029321 0.71633172] 
 recall: [0.97835498 0.86825504 0.82786041 0.91370625 0.9205878 ] 
 f1: [0.79577465 0.91676759 0.81011028 0.88619563 0.80571614] 
 f1_avg: 0.8762587140131223


Validation Epoch: 31 accuracy: 0.48 
 precision: [0.01428571 0.97241379 0.5040997  0.77678968 0.12197724] 
 recall: [0.33333333 0.22582583 0.74829601 0.73496003 0.66731518] 
 f1: [0.02739726 0.36653128 0.60239075 0.75529615 0.20625376] 
 f1_avg: 0.49852654217222625

--- 322.10432529449463 seconds ---

Train Epoch: 32 accuracy: 0.89 
 precision: [0.75711893 0.95752041 0.83692013 0.86513727 0.74050707] 
 recall: [0.97835498 0.90193421 0.80091533 0.91534184 0.94077483] 
 f1: [0.85363551 0.92889647 0.81852198 0.88953174 0.82871339] 
 f1_avg: 0.8873227453672352


Validation Epoch: 32 accuracy: 0.47 
 precision: [0.01414427 0.97050428 0.4842203  0.78215103 0.12057245] 
 recall: [0.33333333 0.2042042  0.76192795 0.7189735  0.65564202] 
 f1: [0.02713704 0.33741317 0.59213016 0.74923279 0.20368691] 
 f1_avg: 0.4802457005861631

--- 332.2573482990265 seconds ---

Train Epoch: 33 accuracy: 0.89 
 precision: [0.74264706 0.96292491 0.84842819 0.86420058 0.77548794] 
 recall: [0.98376623 0.90383713 0.83066362 0.91553811 0.94953243] 
 f1: [0.84636872 0.93244588 0.83945193 0.88912892 0.85373015] 
 f1_avg: 0.8956702629235921


Validation Epoch: 33 accuracy: 0.46 
 precision: [0.01457726 0.97001034 0.46584579 0.78684701 0.12020275] 
 recall: [0.33333333 0.18778779 0.77361246 0.70971813 0.6459144 ] 
 f1: [0.02793296 0.31465951 0.58151876 0.74629507 0.2026862 ] 
 f1_avg: 0.46591031596974186

--- 342.42233633995056 seconds ---

Train Epoch: 34 accuracy: 0.90 
 precision: [0.72270916 0.96942033 0.83505893 0.87722598 0.8246728 ] 
 recall: [0.98160173 0.90240342 0.86744851 0.91527641 0.94463411] 
 f1: [0.83249197 0.93471217 0.85094562 0.89584734 0.88058669] 
 f1_avg: 0.9027608199597682


Validation Epoch: 34 accuracy: 0.45 
 precision: [0.01492537 0.97002141 0.47071067 0.79731672 0.11591221] 
 recall: [0.33333333 0.18138138 0.77069133 0.70004207 0.65758755] 
 f1: [0.02857143 0.30561646 0.58445634 0.74551971 0.19708455] 
 f1_avg: 0.46151319044335926

--- 352.61535692214966 seconds ---

Train Epoch: 35 accuracy: 0.90 
 precision: [0.74630542 0.97218867 0.82218562 0.89134213 0.83716349] 
 recall: [0.98376623 0.90211668 0.88535469 0.90592084 0.94626688] 
 f1: [0.8487395  0.93584283 0.85260171 0.89857236 0.88837793] 
 f1_avg: 0.9050641786117878


Validation Epoch: 35 accuracy: 0.46 
 precision: [0.01497006 0.9664293  0.47998768 0.79678639 0.11539763] 
 recall: [0.33333333 0.19019019 0.75900682 0.70929743 0.66342412] 
 f1: [0.0286533  0.31783205 0.58807997 0.75050078 0.19659844] 
 f1_avg: 0.46954251779577877

--- 362.76369738578796 seconds ---

Train Epoch: 36 accuracy: 0.90 
 precision: [0.72931727 0.97525341 0.81769339 0.89738288 0.84232748] 
 recall: [0.98268398 0.89786768 0.89679634 0.90853778 0.94760279] 
 f1: [0.83725219 0.934962   0.85542004 0.90292588 0.89186924] 
 f1_avg: 0.9062689829733358


Validation Epoch: 36 accuracy: 0.47 
 precision: [0.01526718 0.96750232 0.49405336 0.78689996 0.11801242] 
 recall: [0.33333333 0.20860861 0.74829601 0.73790492 0.66536965] 
 f1: [0.02919708 0.34321476 0.59515973 0.76161528 0.20046893] 
 f1_avg: 0.4865689333872371

--- 372.8811659812927 seconds ---

Train Epoch: 37 accuracy: 0.91 
 precision: [0.75583333 0.97407782 0.83138349 0.88986533 0.84291188] 
 recall: [0.98160173 0.90313331 0.88627002 0.92083742 0.94700905] 
 f1: [0.85404896 0.93726498 0.85794983 0.90508649 0.89193345] 
 f1_avg: 0.9085732097259386


Validation Epoch: 37 accuracy: 0.48 
 precision: [0.01515152 0.96945899 0.5        0.78258948 0.11915641] 
 recall: [0.33333333 0.22242242 0.74391431 0.74505679 0.65953307] 
 f1: [0.02898551 0.36183032 0.59804305 0.76336207 0.20184579] 
 f1_avg: 0.49697621071099357

--- 383.02087593078613 seconds ---

Train Epoch: 38 accuracy: 0.91 
 precision: [0.77210884 0.96719827 0.86040551 0.87955685 0.84878114] 
 recall: [0.98268398 0.91851311 0.86424485 0.92973503 0.94062639] 
 f1: [0.8647619  0.94222721 0.86232091 0.90395013 0.89234669] 
 f1_avg: 0.9118996196765895


Validation Epoch: 38 accuracy: 0.47 
 precision: [0.01529052 0.96791934 0.49419355 0.78933092 0.11740474] 
 recall: [0.33333333 0.21141141 0.74586173 0.73453934 0.66536965] 
 f1: [0.02923977 0.34702596 0.59448972 0.7609501  0.19959148] 
 f1_avg: 0.48813662497067706

--- 393.2085952758789 seconds ---

Train Epoch: 39 accuracy: 0.92 
 precision: [0.77958834 0.97080532 0.87107419 0.88068987 0.86003258] 
 recall: [0.98376623 0.92229289 0.87585812 0.93542689 0.94032952] 
 f1: [0.86985646 0.94592752 0.87345961 0.9072335  0.89839041] 
 f1_avg: 0.9173860630630484


Validation Epoch: 39 accuracy: 0.46 
 precision: [0.01572327 0.96856582 0.48856417 0.79683131 0.11449371] 
 recall: [0.33333333 0.1973974  0.74878286 0.71939419 0.67315175] 
 f1: [0.03003003 0.3279561  0.59131103 0.75613531 0.19570136] 
 f1_avg: 0.47658160343077616

--- 403.4101994037628 seconds ---

Train Epoch: 40 accuracy: 0.92 
 precision: [0.77531915 0.97630029 0.86024879 0.89041351 0.86647611] 
 recall: [0.98593074 0.91598457 0.89410755 0.9382401  0.94493098] 
 f1: [0.8680324  0.94518116 0.87685144 0.91370138 0.90400454] 
 f1_avg: 0.919488613913833


Validation Epoch: 40 accuracy: 0.45 
 precision: [0.01655629 0.96747967 0.48736808 0.80191388 0.11090047] 
 recall: [0.33333333 0.19059059 0.74196689 0.70509045 0.68287938] 
 f1: [0.03154574 0.3184479  0.58830342 0.75039176 0.19081272] 
 f1_avg: 0.46958152569145073

--- 413.5603015422821 seconds ---

Train Epoch: 41 accuracy: 0.92 
 precision: [0.78887924 0.97895444 0.8500861  0.90079166 0.86495611] 
 recall: [0.98268398 0.91183984 0.90377574 0.93797841 0.95071991] 
 f1: [0.87518072 0.94420601 0.87610914 0.91900901 0.90581247] 
 f1_avg: 0.9201172378632105


Validation Epoch: 41 accuracy: 0.45 
 precision: [0.01677852 0.96446701 0.49261569 0.80801172 0.107739  ] 
 recall: [0.33333333 0.19019019 0.73076923 0.69583509 0.69066148] 
 f1: [0.03194888 0.31772575 0.58851206 0.7477396  0.18640063] 
 f1_avg: 0.4684041446763658

--- 423.7343273162842 seconds ---

Train Epoch: 42 accuracy: 0.92 
 precision: [0.79181185 0.97985189 0.8524314  0.90469561 0.84126569] 
 recall: [0.98376623 0.91402951 0.89754005 0.93529604 0.95502449] 
 f1: [0.87741313 0.94579686 0.87440435 0.91974137 0.89454293] 
 f1_avg: 0.9197182252323475


Validation Epoch: 42 accuracy: 0.45 
 precision: [0.01694915 0.96236012 0.49667995 0.81345868 0.1058264 ] 
 recall: [0.33333333 0.18938939 0.72833496 0.6916281  0.692607  ] 
 f1: [0.03225806 0.31649381 0.59060403 0.74761255 0.18359979] 
 f1_avg: 0.4680441650241375

--- 433.95079827308655 seconds ---

Train Epoch: 43 accuracy: 0.92 
 precision: [0.81216458 0.97896198 0.86198147 0.90778025 0.83262521] 
 recall: [0.98268398 0.91945154 0.89393593 0.93509977 0.95992281] 
 f1: [0.88932419 0.94827401 0.87766794 0.92123751 0.891754  ] 
 f1_avg: 0.9218398829384534


Validation Epoch: 43 accuracy: 0.45 
 precision: [0.01709402 0.95943205 0.499332   0.81690845 0.10481503] 
 recall: [0.33333333 0.18938939 0.7278481  0.68700042 0.69455253] 
 f1: [0.03252033 0.31633506 0.59231379 0.74634369 0.18214286] 
 f1_avg: 0.4679400346958483

--- 444.1124584674835 seconds ---

Train Epoch: 44 accuracy: 0.92 
 precision: [0.81143878 0.97780293 0.86846355 0.91330931 0.81491261] 
 recall: [0.98268398 0.92323132 0.89216247 0.92842656 0.96200089] 
 f1: [0.88888889 0.94973385 0.88015351 0.92080589 0.88236896] 
 f1_avg: 0.9222108003621722


Validation Epoch: 44 accuracy: 0.45 
 precision: [0.01677852 0.96074583 0.49950348 0.81809145 0.10535822] 
 recall: [0.33333333 0.195996   0.73466407 0.6924695  0.68093385] 
 f1: [0.03194888 0.32557366 0.5946798  0.75005696 0.18248175] 
 f1_avg: 0.4739570949292615

--- 454.2774839401245 seconds ---

Train Epoch: 45 accuracy: 0.92 
 precision: [0.79737991 0.97786903 0.87191546 0.9139154  0.83476919] 
 recall: [0.98809524 0.92489964 0.90154462 0.92724894 0.96363366] 
 f1: [0.88255196 0.95064705 0.88648253 0.92053389 0.89458454] 
 f1_avg: 0.9249770459542574


Validation Epoch: 45 accuracy: 0.46 
 precision: [0.01675042 0.9606947  0.49402648 0.81952663 0.1109702 ] 
 recall: [0.33333333 0.21041041 0.74488802 0.69920067 0.68093385] 
 f1: [0.03189793 0.34521268 0.59405941 0.75459705 0.19083969] 
 f1_avg: 0.4851816524856829

--- 464.47902965545654 seconds ---

Train Epoch: 46 accuracy: 0.92 
 precision: [0.79686138 0.97666098 0.86849869 0.91625616 0.84831683] 
 recall: [0.98917749 0.92502998 0.90943936 0.92482826 0.95383702] 
 f1: [0.88266538 0.95014459 0.88849765 0.92052225 0.8979877 ] 
 f1_avg: 0.9254695410346906


Validation Epoch: 46 accuracy: 0.48 
 precision: [0.01677852 0.96100731 0.49658314 0.81747948 0.11537179] 
 recall: [0.33333333 0.23683684 0.7429406  0.71224232 0.67315175] 
 f1: [0.03194888 0.38001927 0.59527989 0.76124101 0.19698264] 
 f1_avg: 0.5047721750010665

--- 474.6507728099823 seconds ---

Train Epoch: 47 accuracy: 0.92 
 precision: [0.78806228 0.97124383 0.86505418 0.91699168 0.85712334] 
 recall: [0.98593074 0.9279756  0.90434783 0.92293098 0.93142348] 
 f1: [0.87596154 0.94911684 0.8842647  0.91995174 0.89273012] 
 f1_avg: 0.9233911371454836


Validation Epoch: 47 accuracy: 0.48 
 precision: [0.01672241 0.96129542 0.50692334 0.81624941 0.11492734] 
 recall: [0.33333333 0.24364364 0.73076923 0.72696676 0.6770428 ] 
 f1: [0.03184713 0.38875579 0.59860419 0.76902537 0.19649915] 
 f1_avg: 0.5116647389662404

--- 484.85937118530273 seconds ---

Train Epoch: 48 accuracy: 0.93 
 precision: [0.80263158 0.96599849 0.87849577 0.91163862 0.89036827] 
 recall: [0.99025974 0.9346228  0.89673913 0.93215571 0.93305626] 
 f1: [0.88662791 0.95005167 0.88752371 0.92178301 0.91121258] 
 f1_avg: 0.9266301126264896


Validation Epoch: 48 accuracy: 0.47 
 precision: [0.0170068  0.96267361 0.50916638 0.81948424 0.10939908] 
 recall: [0.33333333 0.22202202 0.71665044 0.72191838 0.69066148] 
 f1: [0.03236246 0.36082642 0.59534884 0.76761351 0.18888002] 
 f1_avg: 0.4962735198372829

--- 495.00030851364136 seconds ---

Train Epoch: 49 accuracy: 0.93 
 precision: [0.80721831 0.97239645 0.89030161 0.91575534 0.87156956] 
 recall: [0.99242424 0.93756843 0.89330664 0.94229637 0.95695413] 
 f1: [0.89029126 0.9546649  0.89180159 0.92883629 0.91226829] 
 f1_avg: 0.9313269785865707


Validation Epoch: 49 accuracy: 0.46 
 precision: [0.0174216  0.96363636 0.50425026 0.81638554 0.10704648] 
 recall: [0.33333333 0.2016016  0.72200584 0.71266302 0.69455253] 
 f1: [0.03311258 0.33344371 0.59379379 0.76100629 0.18550273] 
 f1_avg: 0.48048721226751523

--- 505.1816008090973 seconds ---

Train Epoch: 50 accuracy: 0.93 
 precision: [0.82194245 0.97751297 0.88150322 0.91342236 0.85953574] 
 recall: [0.98917749 0.9280538  0.89370709 0.95322211 0.96734452] 
 f1: [0.8978389  0.95214153 0.88756321 0.93289794 0.9102591 ] 
 f1_avg: 0.929862693153175


Validation Epoch: 50 accuracy: 0.45 
 precision: [0.01769912 0.96336634 0.49587867 0.81769567 0.10680787] 
 recall: [0.33333333 0.19479479 0.7322298  0.70761464 0.68677043] 
 f1: [0.03361345 0.32406328 0.59131119 0.7586829  0.18486515] 
 f1_avg: 0.4746908340552379

--- 515.3577535152435 seconds ---

Train Epoch: 51 accuracy: 0.93 
 precision: [0.81915846 0.98304849 0.86705389 0.91911858 0.8948448 ] 
 recall: [0.99025974 0.92062458 0.92231121 0.95237161 0.97135223] 
 f1: [0.8966193  0.95081305 0.89382935 0.93544967 0.93153025] 
 f1_avg: 0.9329056587447723


Validation Epoch: 51 accuracy: 0.46 
 precision: [0.01788909 0.9620133  0.49637681 0.8197446  0.10742544] 
 recall: [0.33333333 0.2028028  0.73369036 0.70214556 0.68677043] 
 f1: [0.03395586 0.33498677 0.59214145 0.75640154 0.18578947] 
 f1_avg: 0.47983935834096336

--- 525.5325992107391 seconds ---

Train Epoch: 52 accuracy: 0.93 
 precision: [0.8345521  0.98482689 0.85703055 0.92888662 0.90819307] 
 recall: [0.98809524 0.91872165 0.93552632 0.95027805 0.96912572] 
 f1: [0.90485629 0.95062644 0.89455978 0.93946058 0.93767054] 
 f1_avg: 0.9343766189291459


Validation Epoch: 52 accuracy: 0.47 
 precision: [0.01798561 0.96331058 0.50320405 0.8237037  0.10854859] 
 recall: [0.33333333 0.22602603 0.72638754 0.70172486 0.68677043] 
 f1: [0.03412969 0.36614237 0.59454075 0.75783735 0.18746681] 
 f1_avg: 0.49637201959792265

--- 535.6729180812836 seconds ---

Train Epoch: 53 accuracy: 0.94 
 precision: [0.82730561 0.98101161 0.87300561 0.93002878 0.91239346] 
 recall: [0.99025974 0.92925291 0.92654462 0.95132483 0.96927416] 
 f1: [0.90147783 0.95443106 0.89897869 0.94055627 0.93997409] 
 f1_avg: 0.9375793936285993


Validation Epoch: 53 accuracy: 0.47 
 precision: [0.01814882 0.96150762 0.50600343 0.82606541 0.10929299] 
 recall: [0.33333333 0.24004004 0.718111   0.70130416 0.68871595] 
 f1: [0.03442341 0.38417174 0.59368082 0.75858931 0.18864908] 
 f1_avg: 0.5054687419382164

Early stopping!

Test Epoch: accuracy: 0.65 
 precision: [0.40740741 0.82009926 0.4245534  0.64683301 0.26642336] 
 recall: [0.91666667 0.62334968 0.62228412 0.86990191 0.14011516] 
 f1: [0.56410256 0.70831547 0.50474469 0.74196389 0.1836478 ] 
 f1_avg: 0.648180114395245

--- 546.8253479003906 seconds ---

Test Epoch: accuracy: 0.64 
 precision: [0.21276596 0.74267927 0.47660691 0.66092943 0.27411168] 
 recall: [0.33333333 0.64484484 0.53067186 0.80774085 0.21011673] 
 f1: [0.25974026 0.6903129  0.50218844 0.72699735 0.23788546] 
 f1_avg: 0.6356816476640912

--- 547.2848455905914 seconds ---
