Requirement already satisfied: scikit-learn in /net/cephfs/data/zifjia/condaenvs/audio_clf/lib/python3.8/site-packages (1.1.2)
Requirement already satisfied: numpy>=1.17.3 in /net/cephfs/data/zifjia/condaenvs/audio_clf/lib/python3.8/site-packages (from scikit-learn) (1.22.3)
Requirement already satisfied: threadpoolctl>=2.0.0 in /net/cephfs/data/zifjia/condaenvs/audio_clf/lib/python3.8/site-packages (from scikit-learn) (3.1.0)
Requirement already satisfied: scipy>=1.3.2 in /net/cephfs/data/zifjia/condaenvs/audio_clf/lib/python3.8/site-packages (from scikit-learn) (1.9.1)
Requirement already satisfied: joblib>=1.0.0 in /net/cephfs/data/zifjia/condaenvs/audio_clf/lib/python3.8/site-packages (from scikit-learn) (1.1.0)
Requirement already satisfied: tensorboard in /net/cephfs/data/zifjia/condaenvs/audio_clf/lib/python3.8/site-packages (2.10.1)
Requirement already satisfied: setuptools>=41.0.0 in /net/cephfs/data/zifjia/condaenvs/audio_clf/lib/python3.8/site-packages (from tensorboard) (60.8.1)
Requirement already satisfied: markdown>=2.6.8 in /net/cephfs/home/zifjia/.local/lib/python3.8/site-packages (from tensorboard) (3.4.1)
Requirement already satisfied: tensorboard-data-server<0.7.0,>=0.6.0 in /net/cephfs/home/zifjia/.local/lib/python3.8/site-packages (from tensorboard) (0.6.1)
Requirement already satisfied: wheel>=0.26 in /net/cephfs/data/zifjia/condaenvs/audio_clf/lib/python3.8/site-packages (from tensorboard) (0.37.1)
Requirement already satisfied: google-auth-oauthlib<0.5,>=0.4.1 in /net/cephfs/home/zifjia/.local/lib/python3.8/site-packages (from tensorboard) (0.4.6)
Requirement already satisfied: werkzeug>=1.0.1 in /net/cephfs/data/zifjia/condaenvs/audio_clf/lib/python3.8/site-packages (from tensorboard) (2.1.2)
Requirement already satisfied: grpcio>=1.24.3 in /net/cephfs/home/zifjia/.local/lib/python3.8/site-packages (from tensorboard) (1.47.0)
Requirement already satisfied: protobuf<3.20,>=3.9.2 in /net/cephfs/home/zifjia/.local/lib/python3.8/site-packages (from tensorboard) (3.19.4)
Requirement already satisfied: requests<3,>=2.21.0 in /net/cephfs/data/zifjia/condaenvs/audio_clf/lib/python3.8/site-packages (from tensorboard) (2.28.1)
Requirement already satisfied: absl-py>=0.4 in /net/cephfs/home/zifjia/.local/lib/python3.8/site-packages (from tensorboard) (1.2.0)
Requirement already satisfied: numpy>=1.12.0 in /net/cephfs/data/zifjia/condaenvs/audio_clf/lib/python3.8/site-packages (from tensorboard) (1.22.3)
Requirement already satisfied: tensorboard-plugin-wit>=1.6.0 in /net/cephfs/home/zifjia/.local/lib/python3.8/site-packages (from tensorboard) (1.8.1)
Requirement already satisfied: google-auth<3,>=1.6.3 in /net/cephfs/home/zifjia/.local/lib/python3.8/site-packages (from tensorboard) (2.9.1)
Requirement already satisfied: pyasn1-modules>=0.2.1 in /net/cephfs/home/zifjia/.local/lib/python3.8/site-packages (from google-auth<3,>=1.6.3->tensorboard) (0.2.8)
Requirement already satisfied: cachetools<6.0,>=2.0.0 in /net/cephfs/home/zifjia/.local/lib/python3.8/site-packages (from google-auth<3,>=1.6.3->tensorboard) (5.2.0)
Requirement already satisfied: six>=1.9.0 in /net/cephfs/data/zifjia/condaenvs/audio_clf/lib/python3.8/site-packages (from google-auth<3,>=1.6.3->tensorboard) (1.16.0)
Requirement already satisfied: rsa<5,>=3.1.4 in /net/cephfs/home/zifjia/.local/lib/python3.8/site-packages (from google-auth<3,>=1.6.3->tensorboard) (4.9)
Requirement already satisfied: requests-oauthlib>=0.7.0 in /net/cephfs/home/zifjia/.local/lib/python3.8/site-packages (from google-auth-oauthlib<0.5,>=0.4.1->tensorboard) (1.3.1)
Requirement already satisfied: importlib-metadata>=4.4 in /net/cephfs/home/zifjia/.local/lib/python3.8/site-packages (from markdown>=2.6.8->tensorboard) (4.12.0)
Requirement already satisfied: charset-normalizer<3,>=2 in /net/cephfs/data/zifjia/condaenvs/audio_clf/lib/python3.8/site-packages (from requests<3,>=2.21.0->tensorboard) (2.1.1)
Requirement already satisfied: idna<4,>=2.5 in /net/cephfs/data/zifjia/condaenvs/audio_clf/lib/python3.8/site-packages (from requests<3,>=2.21.0->tensorboard) (3.4)
Requirement already satisfied: urllib3<1.27,>=1.21.1 in /net/cephfs/data/zifjia/condaenvs/audio_clf/lib/python3.8/site-packages (from requests<3,>=2.21.0->tensorboard) (1.26.12)
Requirement already satisfied: certifi>=2017.4.17 in /net/cephfs/data/zifjia/condaenvs/audio_clf/lib/python3.8/site-packages (from requests<3,>=2.21.0->tensorboard) (2022.9.14)
Requirement already satisfied: zipp>=0.5 in /net/cephfs/data/zifjia/condaenvs/audio_clf/lib/python3.8/site-packages (from importlib-metadata>=4.4->markdown>=2.6.8->tensorboard) (3.8.0)
Requirement already satisfied: pyasn1<0.5.0,>=0.4.6 in /net/cephfs/home/zifjia/.local/lib/python3.8/site-packages (from pyasn1-modules>=0.2.1->google-auth<3,>=1.6.3->tensorboard) (0.4.8)
Requirement already satisfied: oauthlib>=3.0.0 in /net/cephfs/home/zifjia/.local/lib/python3.8/site-packages (from requests-oauthlib>=0.7.0->google-auth-oauthlib<0.5,>=0.4.1->tensorboard) (3.2.0)
Requirement already satisfied: torch in /net/cephfs/data/zifjia/condaenvs/audio_clf/lib/python3.8/site-packages (1.12.1)
Requirement already satisfied: torchvision in /net/cephfs/data/zifjia/condaenvs/audio_clf/lib/python3.8/site-packages (0.13.1)
Requirement already satisfied: torchaudio in /net/cephfs/data/zifjia/condaenvs/audio_clf/lib/python3.8/site-packages (0.12.1)
Requirement already satisfied: typing-extensions in /net/cephfs/data/zifjia/condaenvs/audio_clf/lib/python3.8/site-packages (from torch) (4.0.1)
Requirement already satisfied: numpy in /net/cephfs/data/zifjia/condaenvs/audio_clf/lib/python3.8/site-packages (from torchvision) (1.22.3)
Requirement already satisfied: requests in /net/cephfs/data/zifjia/condaenvs/audio_clf/lib/python3.8/site-packages (from torchvision) (2.28.1)
Requirement already satisfied: pillow!=8.3.*,>=5.3.0 in /net/cephfs/data/zifjia/condaenvs/audio_clf/lib/python3.8/site-packages (from torchvision) (9.0.1)
Requirement already satisfied: certifi>=2017.4.17 in /net/cephfs/data/zifjia/condaenvs/audio_clf/lib/python3.8/site-packages (from requests->torchvision) (2022.9.14)
Requirement already satisfied: idna<4,>=2.5 in /net/cephfs/data/zifjia/condaenvs/audio_clf/lib/python3.8/site-packages (from requests->torchvision) (3.4)
Requirement already satisfied: charset-normalizer<3,>=2 in /net/cephfs/data/zifjia/condaenvs/audio_clf/lib/python3.8/site-packages (from requests->torchvision) (2.1.1)
Requirement already satisfied: urllib3<1.27,>=1.21.1 in /net/cephfs/data/zifjia/condaenvs/audio_clf/lib/python3.8/site-packages (from requests->torchvision) (1.26.12)
{'name': 'chimp_spectrogram_lstm_3407', 'data_path': '/home/cluster/zifjia/data/data_chimp/spectrogram_split_3407', 'test_only': False, 'balance_weights': True, 'model_type': 'lstm', 'n_embedding': 201, 'd_hid': 1024, 'nlayers': 2, 'batch_size': 1, 'n_epoch': 200, 'lr': 0.0001, 'dropout': 0.4, 'patience': 10, 'step_factor': 0.7, 'seed': 3407}
cuda
Reading data ...
train, dev, test number of files: 188, 23, 24.
dev files:  ['ASO4445 KT MS group ph drum traveling, 2_20 KT whimper, MS single ph drum, KT bark_01', 'ASO0481 Sonso KT single ph, KZ single ph feeding_02', 'ASO2186 ZL single ph start_01', 'ASO0662 Sonso KT single ph feeding_01', 'ASO2904 PS single ph_01', 'ASO1433 Sonso FK single ph, inf voc_01', 'ASO4255 PS display drum, SM single ph B-U_01', 'ASO2877 FK single ph, KO pg-whimper, unk MB group ph_01', 'ASO1581 HW single ph drum, MS NB unk group ph other party, HW single ph B-U, KT HW group ph_01', 'ASO3737 HW single ph drum resting-traveling, 1_15 JN single ph feeding, HW single ph_01', 'ASO3150 KT single ph_01', 'ASO3574 KT single ph feeding_01', 'ASO3484 Thermal Camera HW ZL groom, 3_40 HW single ph, 4_10 FK single ph 50m, 15_30 HW ZL KT group ph, 16_50 HW ZL group ph _01', 'ASO0107 Sonso Thermal Camera KZ single ph 2_50 with reply ZD, KZ SQ group ph 3_34_01', 'ASO1051 Sonso ZD single ph_01', 'ASO3015 PS single ph feeding_01', 'ASO4271 SM PS IN group ph drum, 1_50 SM PS group ph drum, 4_00 PS group ph, 6_40 FK MB PS KT unk group ph, 9_00 SM display drum, 11_00 PS single ph feeding, FK single ph feeding, 17_05 unk single ph_01', 'ASO1487 ZL single ph start, DL unk group ph, PS single ph start_01', 'ASO1231 Sonso KZ single ph drum traveling_01', 'ASO3870 FK scream, MS FK group ph drum, FK MS group fg, FK MS group ph drum, MS FK fg, MS single ph intro, FK MS group ph. FK fg, 3_19 MS FK group ph feeding, 4_24 FK single ph_01', 'ASO1731 ZL single ph, unk fg, JN stranger F MB group ph_01', 'ASO0412 Sonso PS single ph, SQ single ph, PS single ph 1_25_01', 'ASO1265 Sonso HW single ph start_01']
test files:  ['ASO2103 DL single ph, KL KO group ph, DL single ph, KT single ph, KT DL MS group ph_01', 'ASO3799 KT single ph_01', 'ASO3006 ZL single ph drum traveling_01', 'ASO2392 group ph, 1_30 pg to ph, 1_45 NB group ph, 2_30 SM PS MB group ph, MB fg, 3_40 PS unk group ph, SM single ph, unk display to DL, 5_46 DL single ph intro_01', 'ASO0376 Sonso MS single ph _01', 'ASO3995 PS MB group ph feeding, 1_40 PS single ph feeding, MB fg, 2_50 ML MB group ph-bark_01', 'ASO1920 SM single ph feeding_01', 'ASO3819 KT single ph feeding_01', 'ASO3149 KT single ph rest_01', 'ASO1577 HW single ph_01', 'ASO4443 MS single ph display drum to KT, 1_30 MS display (ph), KT single ph_01', 'ASO3080 HW single ph drum traveling, 2_00 HW single ph drum traveling-resting, 5_20 HW single ph drum traveling-resting_03', 'ASO2585 MS single ph drum_01', 'ASO2544 HW single ph drum traveling_01', 'ASO3174 PS single ph feeding_01', 'ASO1624_02 HW single ph_01', 'ASO3856 MS single ph feeding_01', 'ASO3152 KT single ph resting_01', 'ASO3512 PS single ph_01', 'ASO0020 Sonso SQ single ph, PS single ph other party 2_01', 'ASO0480 Sonso KZ KT group ph, KZ KT group ph, KT single ph feeding_01', 'ASO3901 Thermal Camera MS KT HW groom, 4_30 unk pg 30m, 7_00 rest hoo, 10_25 HW single ph groom, 12_50 JS single ph drum 50m, HW single ph B-U, 20_15 KT HW group ph_01', 'ASO2125 KL OK KC JS group ph, FK single ph, OK KL KC KO group ph, PS single ph, PS single ph feeding_02', 'ASO3885 unk KJ group ph-pg, group ph,KC pg-ph start, KC scream, KL pg pant to HW, 1_30 infant single ph, group ph, group ph (video), 4_00 group bark, 4_20 KT single ph feeding, 5_30 unk group ph, KC single ph, 6_40 unk group pg-ph start, ,,,_01']
train_data_all: (80197, 202)
Labels in train_data_all:  {0.0: 650, 1.0: 39659, 2.0: 17778, 3.0: 15670, 4.0: 6440}
--- 0.4925212860107422 seconds ---
LSTM(
  (lstm): LSTM(201, 1024, num_layers=2, dropout=0.4, bidirectional=True)
  (hidden2tag): Linear(in_features=2048, out_features=5, bias=True)
)
Number of parameters: 35244037

Train Epoch: 1 accuracy: 0.29 
 precision: [0.02503499 0.59248699 0.36172232 0.58690286 0.08163147] 
 recall: [0.24769231 0.20958673 0.23579705 0.51589024 0.43571429] 
 f1: [0.0454738  0.30964089 0.28549052 0.54911018 0.13750184] 
 f1_avg: 0.3351138401285387


Validation Epoch: 1 accuracy: 0.25 
 precision: [0.01273885 0.73441734 0.207223   0.62684032 0.08588458] 
 recall: [0.01960784 0.05791836 0.33946008 0.62401353 0.48844376] 
 f1: [0.01544402 0.10736926 0.25734814 0.62542373 0.14608295] 
 f1_avg: 0.23603227146912062

New best val score, save model ...
--- 8.094387292861938 seconds ---

Train Epoch: 2 accuracy: 0.25 
 precision: [0.01709674 0.58909091 0.34880124 0.61744698 0.11060677] 
 recall: [0.57692308 0.06535717 0.30442119 0.59081047 0.40108696] 
 f1: [0.03320935 0.11766041 0.32510362 0.60383512 0.17339644] 
 f1_avg: 0.2624330309749096


Validation Epoch: 2 accuracy: 0.25 
 precision: [0.06352299 0.69010989 0.20874822 0.62410171 0.06502986] 
 recall: [0.53267974 0.06710836 0.33716255 0.63641488 0.15100154] 
 f1: [0.11350975 0.12232178 0.25785197 0.63019816 0.09090909] 
 f1_avg: 0.24406704335027865

New best val score, save model ...
--- 11.361038446426392 seconds ---

Train Epoch: 3 accuracy: 0.25 
 precision: [0.01261266 0.60397647 0.34888512 0.62842533 0.14963382] 
 recall: [0.72769231 0.07506493 0.32388345 0.61174218 0.13959627] 
 f1: [0.02479555 0.13353369 0.33591972 0.61997154 0.14444087] 
 f1_avg: 0.27343995094099854


Validation Epoch: 3 accuracy: 0.25 
 precision: [0.04557786 0.69519833 0.21625544 0.62324324 0.0978836 ] 
 recall: [0.54901961 0.07116905 0.34233199 0.64994363 0.05701079] 
 f1: [0.08416834 0.12911981 0.2650656  0.63631347 0.07205453] 
 f1_avg: 0.2477833430259539

New best val score, save model ...
--- 14.606196403503418 seconds ---

Train Epoch: 4 accuracy: 0.25 
 precision: [0.01217464 0.62041683 0.36649481 0.63459784 0.15397924] 
 recall: [0.75846154 0.08106609 0.32388345 0.62131461 0.08291925] 
 f1: [0.02396461 0.14339555 0.34387411 0.62788598 0.10779168] 
 f1_avg: 0.2786768441980551


Validation Epoch: 4 accuracy: 0.25 
 precision: [0.04316912 0.70645793 0.23309467 0.62741935 0.10122699] 
 recall: [0.55555556 0.07715324 0.33658817 0.6578354  0.05084746] 
 f1: [0.0801131  0.13911368 0.27544066 0.64226747 0.06769231] 
 f1_avg: 0.2555781517412983

New best val score, save model ...
--- 17.81608819961548 seconds ---

Train Epoch: 5 accuracy: 0.25 
 precision: [0.01216273 0.64123285 0.37066126 0.6361179  0.14526509] 
 recall: [0.75384615 0.08603344 0.32917089 0.63075941 0.07360248] 
 f1: [0.02393922 0.15171187 0.34868617 0.63342733 0.09770174] 
 f1_avg: 0.2841284559863574


Validation Epoch: 5 accuracy: 0.26 
 precision: [0.04353328 0.7212806  0.24074827 0.62953092 0.10843373] 
 recall: [0.5620915  0.0818551  0.34003446 0.66572717 0.05546995] 
 f1: [0.08080808 0.14702495 0.28190476 0.64712329 0.0733945 ] 
 f1_avg: 0.26222351661766446

New best val score, save model ...
--- 21.06108069419861 seconds ---

Train Epoch: 6 accuracy: 0.26 
 precision: [0.01207809 0.65438886 0.37045663 0.63623022 0.1392638 ] 
 recall: [0.73384615 0.09004261 0.33997075 0.63631142 0.07049689] 
 f1: [0.02376504 0.15830304 0.35455959 0.63627082 0.09360825] 
 f1_avg: 0.28891540533265025


Validation Epoch: 6 accuracy: 0.26 
 precision: [0.04373402 0.72577697 0.24503043 0.63031915 0.11239193] 
 recall: [0.55882353 0.08484719 0.34692705 0.66798196 0.06009245] 
 f1: [0.08111954 0.15193264 0.28720875 0.64860427 0.07831325] 
 f1_avg: 0.26638923726828123

New best val score, save model ...
--- 24.30829620361328 seconds ---

Train Epoch: 7 accuracy: 0.26 
 precision: [0.01211368 0.67248442 0.3657859  0.64088187 0.13934672] 
 recall: [0.72       0.09521168 0.34807065 0.64186343 0.07220497] 
 f1: [0.02382649 0.16680656 0.35670846 0.64137227 0.0951212 ] 
 f1_avg: 0.29471570609905134


Validation Epoch: 7 accuracy: 0.27 
 precision: [0.04445022 0.73646209 0.24949779 0.62906611 0.11048159] 
 recall: [0.55882353 0.08719812 0.35669156 0.67587373 0.06009245] 
 f1: [0.08235011 0.1559335  0.29361702 0.65163043 0.07784431] 
 f1_avg: 0.27024948717562064

New best val score, save model ...
--- 27.534126043319702 seconds ---

Train Epoch: 8 accuracy: 0.27 
 precision: [0.01231989 0.67833848 0.36626175 0.64141831 0.13881442] 
 recall: [0.71692308 0.09964951 0.35954551 0.64416082 0.07236025] 
 f1: [0.02422352 0.17377157 0.36287255 0.64278664 0.09513116] 
 f1_avg: 0.299806871394666


Validation Epoch: 8 accuracy: 0.27 
 precision: [0.04527403 0.73674912 0.25129637 0.62584328 0.09139785] 
 recall: [0.55882353 0.08912161 0.361861   0.67981962 0.05238829] 
 f1: [0.08376194 0.15900858 0.29661017 0.65171575 0.06660137] 
 f1_avg: 0.27165795578102203

New best val score, save model ...
--- 30.798349380493164 seconds ---

Train Epoch: 9 accuracy: 0.27 
 precision: [0.01250405 0.68788846 0.36383528 0.64189958 0.14169927] 
 recall: [0.71230769 0.10325525 0.36477669 0.64779834 0.07872671] 
 f1: [0.02457668 0.17955801 0.36430538 0.64483547 0.10121781] 
 f1_avg: 0.3038779693153958


Validation Epoch: 9 accuracy: 0.27 
 precision: [0.04591837 0.74331551 0.25197785 0.62654321 0.09183673] 
 recall: [0.55882353 0.08912161 0.36588168 0.68658399 0.05546995] 
 f1: [0.08486352 0.15916031 0.29843055 0.65519096 0.06916427] 
 f1_avg: 0.27297445222093536

New best val score, save model ...
--- 34.0586199760437 seconds ---

Train Epoch: 10 accuracy: 0.27 
 precision: [0.01258224 0.69249713 0.36451452 0.64152841 0.13807079] 
 recall: [0.70615385 0.10635669 0.36933288 0.65143586 0.07934783] 
 f1: [0.02472394 0.18439344 0.36690788 0.64644418 0.10077902] 
 f1_avg: 0.3071263955580487


Validation Epoch: 10 accuracy: 0.27 
 precision: [0.04607046 0.72193437 0.25433071 0.62435501 0.10447761] 
 recall: [0.55555556 0.08933533 0.37105112 0.68207441 0.06471495] 
 f1: [0.08508509 0.15899582 0.30179865 0.65193966 0.07992388] 
 f1_avg: 0.2736714884235653

New best val score, save model ...
--- 37.2778000831604 seconds ---

Train Epoch: 11 accuracy: 0.28 
 precision: [0.01270559 0.69898206 0.36185325 0.64194982 0.14106823] 
 recall: [0.7        0.10907991 0.37253909 0.65469049 0.08571429] 
 f1: [0.02495817 0.18871052 0.36711843 0.64825756 0.10663576] 
 f1_avg: 0.3101344817962801


Validation Epoch: 11 accuracy: 0.27 
 precision: [0.04674182 0.73024055 0.2546169  0.62512821 0.10574713] 
 recall: [0.55555556 0.09083137 0.37219989 0.68714769 0.07087827] 
 f1: [0.08622876 0.16156624 0.30237984 0.6546724  0.08487085] 
 f1_avg: 0.2760157133433137

New best val score, save model ...
--- 40.53565692901611 seconds ---

Train Epoch: 12 accuracy: 0.28 
 precision: [0.01289406 0.70283912 0.3624006  0.64263401 0.14221891] 
 recall: [0.69846154 0.11235785 0.37940151 0.65641353 0.08897516] 
 f1: [0.02532069 0.19374334 0.37070624 0.64945069 0.10946604] 
 f1_avg: 0.31388200003967837


Validation Epoch: 12 accuracy: 0.28 
 precision: [0.04712772 0.73846154 0.25539427 0.6255123  0.10062893] 
 recall: [0.55228758 0.09232742 0.37392303 0.68827508 0.07395994] 
 f1: [0.08684481 0.16413374 0.3034965  0.65539452 0.08525755] 
 f1_avg: 0.27772933914130016

New best val score, save model ...
--- 43.78465294837952 seconds ---

Train Epoch: 13 accuracy: 0.28 
 precision: [0.01280248 0.70841825 0.36258598 0.64181323 0.14201183] 
 recall: [0.68615385 0.11394639 0.37951401 0.66139119 0.0931677 ] 
 f1: [0.02513597 0.19631609 0.37085692 0.65145515 0.11251758] 
 f1_avg: 0.31582288460850666


Validation Epoch: 13 accuracy: 0.28 
 precision: [0.04752475 0.73399015 0.25648075 0.62321063 0.10536779] 
 recall: [0.54901961 0.09553323 0.3750718  0.68714769 0.0816641 ] 
 f1: [0.08747722 0.16906203 0.30464194 0.6536193  0.09201389] 
 f1_avg: 0.28062395133274814

New best val score, save model ...
--- 47.04885458946228 seconds ---

Train Epoch: 14 accuracy: 0.28 
 precision: [0.0128086  0.71517028 0.36278747 0.64148844 0.13947129] 
 recall: [0.67846154 0.1164931  0.38243897 0.66228462 0.09503106] 
 f1: [0.02514253 0.20035127 0.37235412 0.65172067 0.11304027] 
 f1_avg: 0.3182441640797555


Validation Epoch: 14 accuracy: 0.28 
 precision: [0.04791966 0.74183007 0.25645035 0.62340317 0.10986965] 
 recall: [0.54575163 0.09702928 0.37679495 0.68771139 0.09090909] 
 f1: [0.0881034  0.17161217 0.30518725 0.65398017 0.0994941 ] 
 f1_avg: 0.28265345761417987

New best val score, save model ...
--- 50.298574686050415 seconds ---

Train Epoch: 15 accuracy: 0.29 
 precision: [0.01301716 0.72063784 0.36267288 0.6401918  0.14073252] 
 recall: [0.68153846 0.1185103  0.38497019 0.664582   0.0984472 ] 
 f1: [0.02554639 0.20354691 0.37348904 0.65215894 0.11585199] 
 f1_avg: 0.3203907599913536


Validation Epoch: 15 accuracy: 0.28 
 precision: [0.04804892 0.74198718 0.25671991 0.62379258 0.11131059] 
 recall: [0.53921569 0.09895277 0.37851809 0.69165727 0.09553159] 
 f1: [0.08823529 0.17461814 0.30594243 0.65597434 0.10281924] 
 f1_avg: 0.28496144024183206

New best val score, save model ...
--- 53.5230917930603 seconds ---

Train Epoch: 16 accuracy: 0.29 
 precision: [0.01289458 0.72232305 0.36238436 0.63858878 0.14397564] 
 recall: [0.66615385 0.12042664 0.38778265 0.66764518 0.10279503] 
 f1: [0.02529944 0.206436   0.37465355 0.65279381 0.11994927] 
 f1_avg: 0.3225286849600477


Validation Epoch: 16 accuracy: 0.28 
 precision: [0.04824561 0.7456     0.25675147 0.62164896 0.11363636] 
 recall: [0.53921569 0.09959393 0.37679495 0.69278467 0.10015408] 
 f1: [0.08856683 0.17571644 0.30540037 0.65529192 0.10647011] 
 f1_avg: 0.2855577321487596

New best val score, save model ...
--- 56.72018504142761 seconds ---

Train Epoch: 17 accuracy: 0.29 
 precision: [0.01290265 0.72533093 0.36457893 0.63726323 0.14384567] 
 recall: [0.66307692 0.12158653 0.38767015 0.66987875 0.10652174] 
 f1: [0.02531274 0.20826225 0.37577013 0.65316408 0.12240164] 
 f1_avg: 0.3239487142001124


Validation Epoch: 17 accuracy: 0.28 
 precision: [0.04925373 0.75079872 0.25634128 0.61947791 0.11917098] 
 recall: [0.53921569 0.10044881 0.38311315 0.69560316 0.10631741] 
 f1: [0.09026258 0.17719133 0.30716095 0.65533723 0.11237785] 
 f1_avg: 0.28713162714214197

New best val score, save model ...
--- 59.95104765892029 seconds ---

Train Epoch: 18 accuracy: 0.29 
 precision: [0.01296184 0.72660578 0.36401674 0.6385586  0.14446261] 
 recall: [0.65846154 0.12236819 0.39149511 0.67172942 0.10978261] 
 f1: [0.02542323 0.20946092 0.37725622 0.65472414 0.12475737] 
 f1_avg: 0.3253658045084592


Validation Epoch: 18 accuracy: 0.29 
 precision: [0.04987908 0.74339036 0.25732775 0.62329114 0.12080537] 
 recall: [0.53921569 0.10215858 0.3882826  0.69391206 0.11093991] 
 f1: [0.09131157 0.17963172 0.30952381 0.65670846 0.11566265] 
 f1_avg: 0.2893633137811507

New best val score, save model ...
--- 63.175485372543335 seconds ---

Train Epoch: 19 accuracy: 0.29 
 precision: [0.0128914  0.73022768 0.36253194 0.63588693 0.14294258] 
 recall: [0.64923077 0.12292292 0.39110136 0.67326101 0.1113354 ] 
 f1: [0.02528081 0.21042409 0.37627513 0.65404048 0.12517458] 
 f1_avg: 0.32552338947382004


Validation Epoch: 19 accuracy: 0.29 
 precision: [0.0501836  0.75117371 0.25655644 0.61807289 0.12828947] 
 recall: [0.53594771 0.10258602 0.38770821 0.69785795 0.1201849 ] 
 f1: [0.09177392 0.18051899 0.30878317 0.65554673 0.12410501] 
 f1_avg: 0.29006522328778833

New best val score, save model ...
--- 66.40530848503113 seconds ---

Train Epoch: 20 accuracy: 0.30 
 precision: [0.01286787 0.7335987  0.36271962 0.63672391 0.14489877] 
 recall: [0.64307692 0.12546963 0.39250759 0.67670708 0.11335404] 
 f1: [0.02523088 0.21428879 0.37702615 0.65610692 0.12719986] 
 f1_avg: 0.3281670463541954


Validation Epoch: 20 accuracy: 0.29 
 precision: [0.05033763 0.75230769 0.25829836 0.61710592 0.136289  ] 
 recall: [0.53594771 0.10450951 0.38885698 0.69954904 0.12788906] 
 f1: [0.09203143 0.18352411 0.31040807 0.65574637 0.13195548] 
 f1_avg: 0.29251552705263134

New best val score, save model ...
--- 69.6038556098938 seconds ---

Train Epoch: 21 accuracy: 0.30 
 precision: [0.01285785 0.73640784 0.36512746 0.63487608 0.14661582] 
 recall: [0.63846154 0.12602436 0.39318259 0.67843012 0.11940994] 
 f1: [0.02520804 0.21521767 0.37863604 0.6559309  0.13162174] 
 f1_avg: 0.32930378443418235


Validation Epoch: 21 accuracy: 0.29 
 precision: [0.05107443 0.75113809 0.25846974 0.61314229 0.13853503] 
 recall: [0.53594771 0.10579184 0.39000574 0.69954904 0.13405239] 
 f1: [0.0932613  0.18546272 0.31089744 0.65350184 0.13625685] 
 f1_avg: 0.29351114093205016

New best val score, save model ...
--- 72.82409596443176 seconds ---

Train Epoch: 22 accuracy: 0.30 
 precision: [0.01283529 0.73742528 0.36465989 0.6337701  0.1400076 ] 
 recall: [0.63384615 0.12753726 0.39352008 0.67906828 0.11444099] 
 f1: [0.02516107 0.21746421 0.3785407  0.65563771 0.12593985] 
 f1_avg: 0.32987966918880457


Validation Epoch: 22 accuracy: 0.29 
 precision: [0.05085803 0.75075988 0.25961172 0.61247544 0.13804173] 
 recall: [0.53267974 0.10557811 0.39172889 0.70293123 0.13251156] 
 f1: [0.09285104 0.18512273 0.31227106 0.65459318 0.13522013] 
 f1_avg: 0.2937230012046155

New best val score, save model ...
--- 76.0196361541748 seconds ---

Train Epoch: 23 accuracy: 0.30 
 precision: [0.01296739 0.7403943  0.36273851 0.63409267 0.14800902] 
 recall: [0.63384615 0.12973096 0.39458882 0.68034461 0.12236025] 
 f1: [0.02541484 0.22077755 0.37799391 0.65640489 0.13396804] 
 f1_avg: 0.33219361052682495


Validation Epoch: 23 accuracy: 0.29 
 precision: [0.0516968  0.76212121 0.25896565 0.61162677 0.1390625 ] 
 recall: [0.53267974 0.1075016  0.39402642 0.70574972 0.13713405] 
 f1: [0.09424689 0.1884248  0.31252847 0.65532583 0.13809154] 
 f1_avg: 0.2958531742059577

New best val score, save model ...
--- 79.27716016769409 seconds ---

Train Epoch: 24 accuracy: 0.30 
 precision: [0.01289708 0.74266173 0.36353341 0.63255759 0.1453769 ] 
 recall: [0.62461538 0.13142036 0.39723253 0.68168475 0.12158385] 
 f1: [0.02527233 0.22332198 0.3796366  0.65620297 0.13242009] 
 f1_avg: 0.3336511178026192


Validation Epoch: 24 accuracy: 0.30 
 precision: [0.05172961 0.76319759 0.25976488 0.60901163 0.14037855] 
 recall: [0.53267974 0.10814277 0.39345204 0.70856821 0.13713405] 
 f1: [0.09430142 0.18944216 0.31292828 0.65502866 0.13873733] 
 f1_avg: 0.29643956604398547

New best val score, save model ...
--- 82.54121851921082 seconds ---

Train Epoch: 25 accuracy: 0.30 
 precision: [0.01290302 0.74311798 0.36505541 0.6323625  0.14685189] 
 recall: [0.62307692 0.13341234 0.39464507 0.6830887  0.12639752] 
 f1: [0.02528248 0.22621262 0.379274   0.65674755 0.13585913] 
 f1_avg: 0.33538286780408916


Validation Epoch: 25 accuracy: 0.30 
 precision: [0.05226034 0.76268657 0.26101695 0.60976789 0.14756672] 
 recall: [0.53267974 0.10921137 0.3980471  0.710823   0.14483821] 
 f1: [0.09518248 0.19106375 0.31528662 0.65642894 0.14618974] 
 f1_avg: 0.29854729732790414

New best val score, save model ...
--- 85.75035762786865 seconds ---

Train Epoch: 26 accuracy: 0.30 
 precision: [0.01286576 0.74347222 0.36428941 0.63271696 0.15003602] 
 recall: [0.61692308 0.13497567 0.39650129 0.6834716  0.12934783] 
 f1: [0.02520586 0.22847265 0.37971342 0.65711569 0.13892595] 
 f1_avg: 0.3369154940476081


Validation Epoch: 26 accuracy: 0.30 
 precision: [0.05247907 0.75988287 0.26082047 0.61040856 0.14683153] 
 recall: [0.53267974 0.11092114 0.3980471  0.70744081 0.14637904] 
 f1: [0.09554513 0.19358448 0.31514325 0.65535248 0.14660494] 
 f1_avg: 0.29964202723754063

New best val score, save model ...
--- 89.02514457702637 seconds ---

Train Epoch: 27 accuracy: 0.31 
 precision: [0.01303514 0.75166962 0.36642208 0.63108912 0.15169903] 
 recall: [0.61692308 0.13906049 0.39886376 0.68372687 0.13586957] 
 f1: [0.02553083 0.23470083 0.38195529 0.65635434 0.14334862] 
 f1_avg: 0.34070144577775974


Validation Epoch: 27 accuracy: 0.30 
 precision: [0.05312907 0.76651982 0.26254682 0.60642378 0.14130435] 
 recall: [0.53267974 0.1115623  0.40264216 0.71307779 0.14021572] 
 f1: [0.09662122 0.19477612 0.31784176 0.65544041 0.14075793] 
 f1_avg: 0.3004032407184186

New best val score, save model ...
--- 92.26548743247986 seconds ---

Train Epoch: 28 accuracy: 0.31 
 precision: [0.013029   0.7496977  0.36541144 0.63076561 0.15038248] 
 recall: [0.61384615 0.14069946 0.39790753 0.68506701 0.13431677] 
 f1: [0.0255164  0.23693261 0.38096777 0.65679586 0.14189633] 
 f1_avg: 0.34155572800523465


Validation Epoch: 28 accuracy: 0.30 
 precision: [0.0528363  0.76080692 0.26246224 0.60771084 0.14528594] 
 recall: [0.53267974 0.11284462 0.39919586 0.710823   0.14483821] 
 f1: [0.09613683 0.19653825 0.31670084 0.65523513 0.14506173] 
 f1_avg: 0.3013366128012878

New best val score, save model ...
--- 95.46928405761719 seconds ---

Train Epoch: 29 accuracy: 0.31 
 precision: [0.01285995 0.7507086  0.36521604 0.62973368 0.151603  ] 
 recall: [0.60461538 0.14024559 0.3960513  0.6865986  0.13804348] 
 f1: [0.02518424 0.23633891 0.38000918 0.65693787 0.14450585] 
 f1_avg: 0.34128423750317133


Validation Epoch: 29 accuracy: 0.30 
 precision: [0.05381314 0.76319544 0.26153274 0.60848602 0.14307458] 
 recall: [0.53267974 0.11434067 0.40379092 0.7113867  0.14483821] 
 f1: [0.09775112 0.19888476 0.31745315 0.65592516 0.143951  ] 
 f1_avg: 0.3027888277094227

New best val score, save model ...
--- 98.69515347480774 seconds ---

Train Epoch: 30 accuracy: 0.31 
 precision: [0.01306044 0.74980227 0.3654044  0.62969253 0.14924863] 
 recall: [0.60769231 0.14342268 0.39948251 0.68615188 0.13571429] 
 f1: [0.02557131 0.24078738 0.38168431 0.65671095 0.14216005] 
 f1_avg: 0.34362586191039696


Validation Epoch: 30 accuracy: 0.30 
 precision: [0.05271883 0.76504298 0.26284438 0.60652591 0.14285714] 
 recall: [0.51960784 0.11412695 0.40551407 0.71251409 0.14637904] 
 f1: [0.09572547 0.19862377 0.31895189 0.65526179 0.14459665] 
 f1_avg: 0.3027899754445715

New best val score, save model ...
--- 101.94277429580688 seconds ---

Train Epoch: 31 accuracy: 0.31 
 precision: [0.0129999  0.75222397 0.36701576 0.62875787 0.15178876] 
 recall: [0.60461538 0.14498601 0.39818877 0.68870453 0.13835404] 
 f1: [0.02545254 0.24311354 0.3819673  0.65736736 0.14476036] 
 f1_avg: 0.345175033821999


Validation Epoch: 31 accuracy: 0.30 
 precision: [0.05247426 0.76790831 0.26362957 0.60380048 0.14307458] 
 recall: [0.51633987 0.11455439 0.40551407 0.71645998 0.14483821] 
 f1: [0.09526681 0.19936768 0.31952931 0.65532354 0.143951  ] 
 f1_avg: 0.30323113734074425

New best val score, save model ...
--- 105.15112686157227 seconds ---

Train Epoch: 32 accuracy: 0.31 
 precision: [0.01319288 0.75492113 0.36771417 0.63018561 0.15227235] 
 recall: [0.61076923 0.14601982 0.39886376 0.69119336 0.14099379] 
 f1: [0.02582786 0.24470737 0.38265609 0.65928113 0.14641619] 
 f1_avg: 0.34662585051709005


Validation Epoch: 32 accuracy: 0.30 
 precision: [0.05337838 0.76901408 0.26344878 0.60594439 0.14285714] 
 recall: [0.51633987 0.1166916  0.41068352 0.71251409 0.14946071] 
 f1: [0.09675444 0.202635   0.32098765 0.65492228 0.14608434] 
 f1_avg: 0.30530291572671747

New best val score, save model ...
--- 108.37411427497864 seconds ---

Train Epoch: 33 accuracy: 0.31 
 precision: [0.01310336 0.75374677 0.36807851 0.62952614 0.15525571] 
 recall: [0.60307692 0.14710406 0.40083249 0.69010849 0.1447205 ] 
 f1: [0.02564941 0.24616553 0.38375788 0.65842669 0.1498031 ] 
 f1_avg: 0.3476947601738841


Validation Epoch: 33 accuracy: 0.30 
 precision: [0.05319865 0.77195467 0.26276556 0.6        0.14328358] 
 recall: [0.51633987 0.11647788 0.40493969 0.71702368 0.14791988] 
 f1: [0.0964591  0.20241411 0.31871609 0.65331279 0.14556482] 
 f1_avg: 0.3043988737723408

--- 111.26970028877258 seconds ---

Train Epoch: 34 accuracy: 0.31 
 precision: [0.01299571 0.75523933 0.36876939 0.62745892 0.15249708] 
 recall: [0.59692308 0.14720492 0.40116999 0.69208679 0.14177019] 
 f1: [0.02543762 0.24638629 0.38428795 0.6581902  0.14693812] 
 f1_avg: 0.3476434469651505


Validation Epoch: 34 accuracy: 0.30 
 precision: [0.0537415  0.76847978 0.26333333 0.60323501 0.14347826] 
 recall: [0.51633987 0.11776021 0.40838599 0.71476888 0.15254237] 
 f1: [0.09735059 0.20422535 0.32019815 0.65428277 0.14787155] 
 f1_avg: 0.3059887361175046

New best val score, save model ...
--- 114.46238231658936 seconds ---

Train Epoch: 35 accuracy: 0.31 
 precision: [0.0130997  0.75484447 0.3678577  0.62776007 0.15521173] 
 recall: [0.59692308 0.14929776 0.4001575  0.69125718 0.14798137] 
 f1: [0.02563679 0.24928952 0.38332839 0.65798026 0.15151033] 
 f1_avg: 0.34919418823630294


Validation Epoch: 35 accuracy: 0.30 
 precision: [0.05404475 0.7605042  0.26482505 0.60094563 0.14142857] 
 recall: [0.5130719  0.11605044 0.41298105 0.71645998 0.15254237] 
 f1: [0.09778885 0.20137215 0.32271095 0.65363847 0.14677539] 
 f1_avg: 0.3048196862374746

--- 117.36220264434814 seconds ---

Train Epoch: 36 accuracy: 0.32 
 precision: [0.01342259 0.75618063 0.3676245  0.62799189 0.15314878] 
 recall: [0.60461538 0.15116367 0.40443244 0.69151244 0.14689441] 
 f1: [0.02626215 0.25195957 0.38515106 0.65822323 0.14995641] 
 f1_avg: 0.35084638887773695


Validation Epoch: 36 accuracy: 0.30 
 precision: [0.05378554 0.76388889 0.26270872 0.59934087 0.14327062] 
 recall: [0.5130719  0.11754648 0.40666284 0.71758737 0.15254237] 
 f1: [0.09736434 0.20374143 0.31920649 0.65315546 0.14776119] 
 f1_avg: 0.3053265895729255

--- 120.2369487285614 seconds ---

Train Epoch: 37 accuracy: 0.32 
 precision: [0.013063   0.75901473 0.36844548 0.62678736 0.15518914] 
 recall: [0.59076923 0.15073502 0.40195748 0.69374601 0.14906832] 
 f1: [0.02556081 0.25151993 0.3844726  0.65856909 0.15206716] 
 f1_avg: 0.3507099721486412


Validation Epoch: 37 accuracy: 0.31 
 precision: [0.05451389 0.76616231 0.26391449 0.59877416 0.14265537] 
 recall: [0.5130719  0.11904253 0.4112579  0.71589628 0.15562404] 
 f1: [0.09855618 0.20606733 0.32150876 0.6521181  0.14885777] 
 f1_avg: 0.3068707171356663

New best val score, save model ...
--- 123.43947625160217 seconds ---

Train Epoch: 38 accuracy: 0.32 
 precision: [0.01296074 0.75034123 0.3684724  0.62771566 0.15279782] 
 recall: [0.58153846 0.15247485 0.40364495 0.69144863 0.14798137] 
 f1: [0.02535636 0.25344734 0.38525756 0.65804257 0.15035103] 
 f1_avg: 0.3515947762643828


Validation Epoch: 38 accuracy: 0.31 
 precision: [0.05514577 0.76406036 0.26350365 0.59697971 0.14145658] 
 recall: [0.5130719  0.11904253 0.41470419 0.71307779 0.15562404] 
 f1: [0.09958769 0.20599112 0.3222495  0.64988441 0.14820249] 
 f1_avg: 0.30652760293263037

--- 126.321852684021 seconds ---

Train Epoch: 39 accuracy: 0.32 
 precision: [0.01336166 0.75393455 0.36955846 0.62741935 0.1573972 ] 
 recall: [0.6        0.15219748 0.40111374 0.69508615 0.15512422] 
 f1: [0.02614116 0.2532676  0.38469008 0.65952165 0.15625244] 
 f1_avg: 0.35214935162777883


Validation Epoch: 39 accuracy: 0.31 
 precision: [0.05466574 0.76438356 0.26344878 0.59663079 0.14511494] 
 recall: [0.5130719  0.11925625 0.41068352 0.71871477 0.15562404] 
 f1: [0.09880428 0.2063228  0.32098765 0.65200716 0.15018587] 
 f1_avg: 0.30698320118428407

New best val score, save model ...
--- 129.51958394050598 seconds ---

Train Epoch: 40 accuracy: 0.32 
 precision: [0.01290881 0.75665073 0.36880998 0.62643314 0.15807015] 
 recall: [0.57384615 0.15562672 0.4042637  0.69387364 0.15465839] 
 f1: [0.02524962 0.25815627 0.38572387 0.65843098 0.15634566] 
 f1_avg: 0.354583214304626


Validation Epoch: 40 accuracy: 0.31 
 precision: [0.05532065 0.76261937 0.26327353 0.59430439 0.14184397] 
 recall: [0.5130719  0.11946997 0.41298105 0.71758737 0.1540832 ] 
 f1: [0.09987277 0.20657797 0.32155635 0.65015322 0.14771049] 
 f1_avg: 0.30672258540616837

--- 132.39530038833618 seconds ---

Train Epoch: 41 accuracy: 0.32 
 precision: [0.01325909 0.75618676 0.36905494 0.62758303 0.15673047] 
 recall: [0.58615385 0.15640838 0.40505119 0.69578813 0.15512422] 
 f1: [0.0259316  0.25920354 0.38621614 0.65992797 0.15592321] 
 f1_avg: 0.3554743478136196


Validation Epoch: 41 accuracy: 0.31 
 precision: [0.05551627 0.76788124 0.26483516 0.59764706 0.14482759] 
 recall: [0.5130719  0.12160718 0.41527858 0.71589628 0.16178737] 
 f1: [0.10019145 0.2099631  0.32341758 0.65144909 0.15283843] 
 f1_avg: 0.3094336821174398

New best val score, save model ...
--- 135.64079022407532 seconds ---

Train Epoch: 42 accuracy: 0.32 
 precision: [0.01309266 0.75429262 0.36982081 0.62737424 0.16039789] 
 recall: [0.57692308 0.1572909  0.40516369 0.69559668 0.16024845] 
 f1: [0.02560426 0.2603017  0.38668635 0.65972643 0.16032313] 
 f1_avg: 0.3564329306738014


Validation Epoch: 42 accuracy: 0.31 
 precision: [0.05595153 0.7680764  0.26673945 0.59382312 0.1462069 ] 
 recall: [0.5130719  0.12032486 0.4210224  0.71533258 0.1633282 ] 
 f1: [0.10089974 0.20805617 0.32657607 0.64893889 0.15429403] 
 f1_avg: 0.3086996952840564

--- 138.50040316581726 seconds ---

Train Epoch: 43 accuracy: 0.32 
 precision: [0.01281256 0.75753141 0.37357559 0.62545746 0.15995647] 
 recall: [0.57230769 0.1566101  0.4001575  0.6980217  0.15978261] 
 f1: [0.02506401 0.25955953 0.38640993 0.65975029 0.15986949] 
 f1_avg: 0.35596849344479503


Validation Epoch: 43 accuracy: 0.31 
 precision: [0.05431755 0.76145553 0.26741155 0.59340149 0.13896848] 
 recall: [0.50980392 0.1207523  0.41240666 0.71984216 0.14946071] 
 f1: [0.09817495 0.20844863 0.32444645 0.6505349  0.14402376] 
 f1_avg: 0.3079849439576299

--- 141.37967681884766 seconds ---

Train Epoch: 44 accuracy: 0.32 
 precision: [0.01291817 0.7568283  0.37018245 0.62738908 0.16042698] 
 recall: [0.56615385 0.15860208 0.40628867 0.69757498 0.16102484] 
 f1: [0.02525998 0.26224724 0.38739608 0.66062309 0.16072536] 
 f1_avg: 0.35775708495351943


Validation Epoch: 44 accuracy: 0.31 
 precision: [0.05559515 0.76454668 0.26683655 0.59171322 0.14104372] 
 recall: [0.50980392 0.1207523  0.4210224  0.71645998 0.1540832 ] 
 f1: [0.10025707 0.20856405 0.32664884 0.6481387  0.14727541] 
 f1_avg: 0.3082987502758859

--- 144.26853370666504 seconds ---

Train Epoch: 45 accuracy: 0.32 
 precision: [0.01327402 0.75649697 0.37073471 0.62701242 0.16360575] 
 recall: [0.57846154 0.16074535 0.40701991 0.69591576 0.16599379] 
 f1: [0.02595251 0.26514994 0.38803089 0.65966971 0.16479112] 
 f1_avg: 0.359479069223


Validation Epoch: 45 accuracy: 0.31 
 precision: [0.05537692 0.76697736 0.26773958 0.58945908 0.13960114] 
 recall: [0.50653595 0.12310323 0.42044802 0.71871477 0.15100154] 
 f1: [0.09983897 0.2121547  0.32715084 0.6477013  0.14507772] 
 f1_avg: 0.3099759203453221

New best val score, save model ...
--- 147.46997356414795 seconds ---

Train Epoch: 46 accuracy: 0.32 
 precision: [0.01351879 0.75303119 0.37080554 0.62616072 0.16162844] 
 recall: [0.58615385 0.16130008 0.40651367 0.69712827 0.16521739] 
 f1: [0.02642805 0.26568925 0.38783943 0.65974151 0.16340321] 
 f1_avg: 0.3596097576042801


Validation Epoch: 46 accuracy: 0.31 
 precision: [0.05589837 0.75962815 0.26821312 0.58899676 0.14464534] 
 recall: [0.50326797 0.12224834 0.42504308 0.71815107 0.16024653] 
 f1: [0.10062071 0.21060383 0.32888889 0.64719329 0.15204678] 
 f1_avg: 0.3099355204876343

--- 150.37391757965088 seconds ---

Train Epoch: 47 accuracy: 0.32 
 precision: [0.01325447 0.75345191 0.37113932 0.62681263 0.16065279] 
 recall: [0.57230769 0.16235911 0.40623242 0.69789407 0.16661491] 
 f1: [0.0259089  0.26715071 0.38789376 0.6604463  0.16357954] 
 f1_avg: 0.36049218571079394


Validation Epoch: 47 accuracy: 0.31 
 precision: [0.05614291 0.76253298 0.27006508 0.58989805 0.14917127] 
 recall: [0.50326797 0.12353067 0.42906376 0.71758737 0.16640986] 
 f1: [0.10101673 0.21261725 0.33148436 0.64750763 0.15731974] 
 f1_avg: 0.31190737270594865

New best val score, save model ...
--- 153.60746955871582 seconds ---

Train Epoch: 48 accuracy: 0.33 
 precision: [0.01334526 0.75549065 0.37258717 0.62744873 0.16781129] 
 recall: [0.57384615 0.16306513 0.40932613 0.69904276 0.17453416] 
 f1: [0.02608392 0.26823451 0.39009354 0.66131369 0.17110671] 
 f1_avg: 0.36229114447577504


Validation Epoch: 48 accuracy: 0.31 
 precision: [0.05606116 0.76339869 0.26870007 0.5892692  0.14701803] 
 recall: [0.50326797 0.12481299 0.42504308 0.71815107 0.1633282 ] 
 f1: [0.10088438 0.21454813 0.32925473 0.64735772 0.15474453] 
 f1_avg: 0.3122544083096009

New best val score, save model ...
--- 156.8235764503479 seconds ---

Train Epoch: 49 accuracy: 0.33 
 precision: [0.01302362 0.75552955 0.36982203 0.6265074  0.16666667] 
 recall: [0.56153846 0.16278777 0.40325121 0.69955329 0.17453416] 
 f1: [0.02545683 0.26786159 0.38581385 0.66101848 0.17050971] 
 f1_avg: 0.3610473007870481


Validation Epoch: 49 accuracy: 0.31 
 precision: [0.05606449 0.77044855 0.26859206 0.58883249 0.14344828] 
 recall: [0.5        0.12481299 0.42734061 0.71927847 0.16024653] 
 f1: [0.10082372 0.21482435 0.32986034 0.64755138 0.15138282] 
 f1_avg: 0.31230797475744293

New best val score, save model ...
--- 160.07321524620056 seconds ---

Train Epoch: 50 accuracy: 0.33 
 precision: [0.01333958 0.75566287 0.37094622 0.62639373 0.16504568] 
 recall: [0.56923077 0.1657127  0.40662617 0.69910657 0.17391304] 
 f1: [0.02606827 0.27181735 0.38796758 0.66075575 0.16936338] 
 f1_avg: 0.3633425107831935


Validation Epoch: 50 accuracy: 0.31 
 precision: [0.05579869 0.76394293 0.26974882 0.58954188 0.14285714] 
 recall: [0.5        0.1258816  0.42561746 0.71815107 0.16024653] 
 f1: [0.1003937  0.21614679 0.3302139  0.64752224 0.15105301] 
 f1_avg: 0.3130081492807095

New best val score, save model ...
--- 163.286452293396 seconds ---

Train Epoch: 51 accuracy: 0.33 
 precision: [0.01341415 0.75675362 0.37021036 0.62814789 0.16366588] 
 recall: [0.57538462 0.16457803 0.40488244 0.7003829  0.17220497] 
 f1: [0.0262171  0.27035871 0.38677091 0.66230161 0.16782688] 
 f1_avg: 0.362535777928091


Validation Epoch: 51 accuracy: 0.31 
 precision: [0.05645756 0.76570681 0.26957777 0.58902214 0.14266304] 
 recall: [0.5        0.12502672 0.42906376 0.71984216 0.16178737] 
 f1: [0.10145889 0.21495499 0.33111702 0.64789447 0.15162455] 
 f1_avg: 0.3127188396372594

--- 166.16096472740173 seconds ---

Train Epoch: 52 accuracy: 0.33 
 precision: [0.01304945 0.75549702 0.37136396 0.62644137 0.16673993] 
 recall: [0.55538462 0.16634307 0.40645742 0.70031908 0.17670807] 
 f1: [0.02549975 0.27265401 0.38811902 0.66132337 0.17157934] 
 f1_avg: 0.36407407086927035


Validation Epoch: 52 accuracy: 0.31 
 precision: [0.05652659 0.76245211 0.27020202 0.58962483 0.1461126 ] 
 recall: [0.49673203 0.12759137 0.43021252 0.71758737 0.16795069] 
 f1: [0.1015025  0.21860124 0.33192998 0.647343   0.1562724 ] 
 f1_avg: 0.31496254767844406

New best val score, save model ...
--- 169.38994121551514 seconds ---

Train Epoch: 53 accuracy: 0.33 
 precision: [0.01355488 0.7550836  0.37143586 0.62642395 0.16551926] 
 recall: [0.57230769 0.16853678 0.40960738 0.69834078 0.17546584] 
 f1: [0.02648252 0.27556637 0.38958885 0.66043031 0.17034748] 
 f1_avg: 0.365574665509296


Validation Epoch: 53 accuracy: 0.32 
 precision: [0.0562963  0.77360931 0.27072023 0.58866882 0.14420485] 
 recall: [0.49673203 0.12780509 0.42963814 0.72040586 0.16486903] 
 f1: [0.10113107 0.21936904 0.3321492  0.64790875 0.15384615] 
 f1_avg: 0.3153220971776162

New best val score, save model ...
--- 172.61586928367615 seconds ---

Train Epoch: 54 accuracy: 0.33 
 precision: [0.01353669 0.75877292 0.3713555  0.62769424 0.16746204] 
 recall: [0.57076923 0.16901586 0.4083699  0.70063816 0.17981366] 
 f1: [0.02644616 0.27645227 0.38898414 0.66216338 0.1734182 ] 
 f1_avg: 0.3664636346523859


Validation Epoch: 54 accuracy: 0.32 
 precision: [0.05663189 0.77231565 0.27302393 0.58758621 0.14624506] 
 recall: [0.49673203 0.12759137 0.43251005 0.72040586 0.17103236] 
 f1: [0.10167224 0.2190022  0.33474105 0.64725247 0.15767045] 
 f1_avg: 0.3157898331535899

New best val score, save model ...
--- 175.8479130268097 seconds ---

Train Epoch: 55 accuracy: 0.33 
 precision: [0.01325688 0.75446078 0.37146384 0.62794411 0.16760502] 
 recall: [0.55846154 0.16952016 0.40623242 0.70268028 0.1802795 ] 
 f1: [0.02589897 0.27683755 0.38807093 0.66321337 0.17371138] 
 f1_avg: 0.36667599392772054


Validation Epoch: 55 accuracy: 0.32 
 precision: [0.05642168 0.76530612 0.27338651 0.5882082  0.14690027] 
 recall: [0.49673203 0.12823253 0.43308443 0.71984216 0.16795069] 
 f1: [0.10133333 0.21965953 0.3351856  0.64740177 0.15672178] 
 f1_avg: 0.3161609180416744

New best val score, save model ...
--- 179.0879442691803 seconds ---

Train Epoch: 56 accuracy: 0.33 
 precision: [0.01325037 0.7543036  0.37177643 0.6284312  0.16911553] 
 recall: [0.55692308 0.17015053 0.40707616 0.7027441  0.18229814] 
 f1: [0.02588488 0.27766691 0.38862636 0.66351339 0.17545957] 
 f1_avg: 0.36740814330076843


Validation Epoch: 56 accuracy: 0.32 
 precision: [0.0574235  0.76767677 0.27684022 0.58690641 0.14285714] 
 recall: [0.49673203 0.1299423  0.44284894 0.71758737 0.16640986] 
 f1: [0.10294616 0.22226284 0.34069819 0.64570124 0.15373665] 
 f1_avg: 0.31805377566085447

New best val score, save model ...
--- 182.30548191070557 seconds ---

Train Epoch: 57 accuracy: 0.33 
 precision: [0.01365527 0.75588268 0.371735   0.62730543 0.16711514] 
 recall: [0.57076923 0.17090698 0.40746991 0.70108488 0.18322981] 
 f1: [0.02667242 0.2787809  0.38878304 0.66214628 0.17480187] 
 f1_avg: 0.3676802107953924


Validation Epoch: 57 accuracy: 0.32 
 precision: [0.05797101 0.77411168 0.27920228 0.58894009 0.14323259] 
 recall: [0.49673203 0.13036974 0.45031591 0.72040586 0.16795069] 
 f1: [0.10382514 0.22315712 0.34469114 0.64807302 0.15460993] 
 f1_avg: 0.3198222034674667

New best val score, save model ...
--- 185.5293641090393 seconds ---

Train Epoch: 58 accuracy: 0.33 
 precision: [0.01325337 0.75440151 0.37120245 0.62747334 0.16979522] 
 recall: [0.55076923 0.17178951 0.40893239 0.70223357 0.18540373] 
 f1: [0.02588388 0.27985213 0.38915505 0.66275183 0.17725653] 
 f1_avg: 0.36860146422884343


Validation Epoch: 58 accuracy: 0.32 
 precision: [0.05803742 0.7755102  0.28088288 0.58742542 0.14643799] 
 recall: [0.49673203 0.1299423  0.45318782 0.72153326 0.17103236] 
 f1: [0.10393162 0.22258832 0.34681319 0.64760941 0.15778252] 
 f1_avg: 0.32007383740265494

New best val score, save model ...
--- 188.73231387138367 seconds ---

Train Epoch: 59 accuracy: 0.33 
 precision: [0.01324625 0.75748771 0.37205822 0.62662873 0.1669269 ] 
 recall: [0.55538462 0.17090698 0.40550118 0.70280791 0.1826087 ] 
 f1: [0.02587535 0.27888987 0.3880605  0.66253572 0.17441602] 
 f1_avg: 0.36761257833981437


Validation Epoch: 59 accuracy: 0.32 
 precision: [0.0576116  0.77594937 0.28341673 0.58866545 0.14494681] 
 recall: [0.49346405 0.1310109  0.45548535 0.72604284 0.16795069] 
 f1: [0.10317731 0.22417261 0.34941617 0.65017668 0.15560314] 
 f1_avg: 0.3216973785596391

New best val score, save model ...
--- 191.92246747016907 seconds ---

Train Epoch: 60 accuracy: 0.33 
 precision: [0.01337323 0.75315414 0.37114781 0.62841967 0.16881279] 
 recall: [0.55692308 0.17310068 0.40578243 0.70216975 0.18524845] 
 f1: [0.02611927 0.28150244 0.38769313 0.66325085 0.17664914] 
 f1_avg: 0.36914414087259584


Validation Epoch: 60 accuracy: 0.32 
 precision: [0.05742726 0.77415307 0.2842368  0.58688675 0.14701987] 
 recall: [0.49019608 0.13186578 0.45778288 0.72153326 0.17103236] 
 f1: [0.10281014 0.22534697 0.35071507 0.64728192 0.15811966] 
 f1_avg: 0.32215008160911246

New best val score, save model ...
--- 195.12603569030762 seconds ---

Train Epoch: 61 accuracy: 0.33 
 precision: [0.01357887 0.75013663 0.37257319 0.62666667 0.16913822] 
 recall: [0.56153846 0.17305025 0.4080324  0.70185067 0.18773292] 
 f1: [0.02651653 0.28122439 0.38949742 0.66213125 0.17795113] 
 f1_avg: 0.3692956209277413


Validation Epoch: 61 accuracy: 0.32 
 precision: [0.05771451 0.77735849 0.28448892 0.5879397  0.14713542] 
 recall: [0.49019608 0.1320795  0.4572085  0.72547914 0.17411402] 
 f1: [0.10327022 0.22579467 0.35073805 0.64950795 0.15949188] 
 f1_avg: 0.32292777401109485

New best val score, save model ...
--- 198.3179214000702 seconds ---

Train Epoch: 62 accuracy: 0.33 
 precision: [0.01366201 0.75400954 0.37306877 0.62883243 0.16887648] 
 recall: [0.56615385 0.17544567 0.40611992 0.70287173 0.1878882 ] 
 f1: [0.0266802  0.28465645 0.38889338 0.66379388 0.17787578] 
 f1_avg: 0.37117908429117885


Validation Epoch: 62 accuracy: 0.32 
 precision: [0.05745342 0.77415307 0.28358738 0.58611238 0.14229765] 
 recall: [0.48366013 0.13186578 0.45950603 0.72322435 0.16795069] 
 f1: [0.10270645 0.22534697 0.35072337 0.64748928 0.1540636 ] 
 f1_avg: 0.32190067517602206

--- 201.21015119552612 seconds ---

Train Epoch: 63 accuracy: 0.33 
 precision: [0.01334929 0.75216357 0.37248872 0.62722298 0.17053397] 
 recall: [0.54923077 0.1753196  0.40881989 0.70223357 0.18944099] 
 f1: [0.02606505 0.28435883 0.3898096  0.66261215 0.17949095] 
 f1_avg: 0.37112882595167496


Validation Epoch: 63 accuracy: 0.32 
 precision: [0.05690119 0.77586207 0.28540773 0.59113982 0.14100906] 
 recall: [0.48366013 0.13464415 0.45835727 0.72209696 0.16795069] 
 f1: [0.10182319 0.2294664  0.3517743  0.65008881 0.1533052 ] 
 f1_avg: 0.32462814090484393

New best val score, save model ...
--- 204.4245240688324 seconds ---

Train Epoch: 64 accuracy: 0.34 
 precision: [0.0135559  0.75199139 0.37494202 0.62920324 0.16880223] 
 recall: [0.55846154 0.17615169 0.40921363 0.70453095 0.18819876] 
 f1: [0.0264693  0.28543995 0.3913289  0.66473988 0.17797357] 
 f1_avg: 0.37229742964236784


Validation Epoch: 64 accuracy: 0.32 
 precision: [0.05760996 0.77075589 0.2855615  0.58638026 0.14487179] 
 recall: [0.48366013 0.13293439 0.46008041 0.72322435 0.17411402] 
 f1: [0.10295652 0.22675902 0.35239771 0.6476527  0.15815255] 
 f1_avg: 0.32327155753078585

--- 207.32252955436707 seconds ---

Train Epoch: 65 accuracy: 0.33 
 precision: [0.01350296 0.75538245 0.37348084 0.62701074 0.17109635] 
 recall: [0.55846154 0.17605083 0.40448869 0.7039566  0.19192547] 
 f1: [0.02636836 0.28555069 0.38836682 0.66325948 0.18091335] 
 f1_avg: 0.3716415532154244


Validation Epoch: 65 accuracy: 0.32 
 precision: [0.05776031 0.77188656 0.28551136 0.58718535 0.14267677] 
 recall: [0.48039216 0.13378927 0.46180356 0.72322435 0.17411402] 
 f1: [0.10312171 0.228051   0.35286373 0.64814347 0.15683553] 
 f1_avg: 0.3240282440526993

--- 210.20379042625427 seconds ---

Train Epoch: 66 accuracy: 0.34 
 precision: [0.01364685 0.7504494  0.37318023 0.62981402 0.17387733] 
 recall: [0.55538462 0.17895055 0.40949488 0.7023612  0.19720497] 
 f1: [0.02663912 0.28898933 0.39049509 0.66411223 0.18480792] 
 f1_avg: 0.37429538204457075


Validation Epoch: 66 accuracy: 0.33 
 precision: [0.05835649 0.77045177 0.28591699 0.58577982 0.14655172] 
 recall: [0.48039216 0.13485788 0.46295233 0.71984216 0.18335901] 
 f1: [0.1040708  0.22953801 0.35350877 0.64592817 0.16290212] 
 f1_avg: 0.3249440223055772

New best val score, save model ...
--- 213.38890171051025 seconds ---

Train Epoch: 67 accuracy: 0.34 
 precision: [0.01361919 0.75447102 0.37346094 0.62901938 0.17327139] 
 recall: [0.56       0.17658035 0.40606367 0.70408424 0.19689441] 
 f1: [0.02659166 0.28618132 0.38908052 0.66443842 0.18432912] 
 f1_avg: 0.3726180863886743


Validation Epoch: 67 accuracy: 0.33 
 precision: [0.05812574 0.77613776 0.28748232 0.58688675 0.14661654] 
 recall: [0.48039216 0.13485788 0.466973   0.72153326 0.18027735] 
 f1: [0.1037037  0.22978878 0.35587656 0.64728192 0.16171389] 
 f1_avg: 0.3256887732251208

New best val score, save model ...
--- 216.58611464500427 seconds ---

Train Epoch: 68 accuracy: 0.34 
 precision: [0.01336675 0.75443383 0.37295417 0.62935423 0.17043431] 
 recall: [0.54153846 0.18127033 0.41016987 0.70216975 0.1931677 ] 
 f1: [0.02608953 0.29230707 0.39067774 0.663771   0.18109033] 
 f1_avg: 0.37560689671448017


Validation Epoch: 68 accuracy: 0.33 
 precision: [0.05887064 0.77454545 0.28632025 0.5859375  0.14963504] 
 recall: [0.48039216 0.13656764 0.46524986 0.71871477 0.18952234] 
 f1: [0.10488762 0.23219477 0.35448578 0.64556962 0.16723317] 
 f1_avg: 0.32675368923810977

New best val score, save model ...
--- 219.80018711090088 seconds ---

Train Epoch: 69 accuracy: 0.34 
 precision: [0.01364722 0.75248572 0.37369798 0.63090743 0.17358389] 
 recall: [0.55384615 0.17937921 0.40966363 0.70370134 0.19937888] 
 f1: [0.02663806 0.28969926 0.39085518 0.66531917 0.18558936] 
 f1_avg: 0.37502485423323956


Validation Epoch: 69 accuracy: 0.33 
 precision: [0.05870607 0.77872861 0.28747795 0.58600183 0.14640199] 
 recall: [0.48039216 0.1361402  0.46812177 0.72209696 0.18181818] 
 f1: [0.10462633 0.23176278 0.35620629 0.6469697  0.16219931] 
 f1_avg: 0.32676581684214684

New best val score, save model ...
--- 222.9989595413208 seconds ---

Train Epoch: 70 accuracy: 0.34 
 precision: [0.01330893 0.74979036 0.37156432 0.62910584 0.17149099] 
 recall: [0.53692308 0.18036259 0.40910114 0.70402042 0.19503106] 
 f1: [0.02597403 0.29077827 0.38943028 0.66445823 0.18250509] 
 f1_avg: 0.3748212934260496


Validation Epoch: 70 accuracy: 0.33 
 precision: [0.05814873 0.77118644 0.28739316 0.58516484 0.14694894] 
 recall: [0.48039216 0.1361402  0.46352671 0.72040586 0.18181818] 
 f1: [0.1037403  0.23142598 0.35480325 0.6457807  0.16253444] 
 f1_avg: 0.32609016767037813

--- 225.85058522224426 seconds ---

Train Epoch: 71 accuracy: 0.34 
 precision: [0.01359311 0.75676533 0.37358783 0.63078856 0.17226377] 
 recall: [0.55384615 0.18051388 0.40735741 0.70497766 0.19673913] 
 f1: [0.02653497 0.29149616 0.38974249 0.66582286 0.18368974] 
 f1_avg: 0.37561183244044255


Validation Epoch: 71 accuracy: 0.33 
 precision: [0.05766967 0.77791262 0.28872987 0.58636364 0.14596671] 
 recall: [0.48039216 0.13699508 0.46352671 0.72717024 0.17565485] 
 f1: [0.10297723 0.23296384 0.35582011 0.64921993 0.15944056] 
 f1_avg: 0.3274920442843149

New best val score, save model ...
--- 229.0517234802246 seconds ---

Train Epoch: 72 accuracy: 0.34 
 precision: [0.01352481 0.75337026 0.37489682 0.6291776  0.17298322] 
 recall: [0.54769231 0.18177463 0.40876364 0.70402042 0.1984472 ] 
 f1: [0.02639775 0.2928821  0.39109843 0.66449825 0.18484235] 
 f1_avg: 0.37643041554871737


Validation Epoch: 72 accuracy: 0.33 
 precision: [0.06       0.77442702 0.28746929 0.58402204 0.15776987] 
 recall: [0.48039216 0.13720881 0.4704193  0.71702368 0.20493066] 
 f1: [0.10667634 0.23311547 0.35686275 0.6437247  0.17828418] 
 f1_avg: 0.32816289456435654

New best val score, save model ...
--- 232.25986671447754 seconds ---

Train Epoch: 73 accuracy: 0.34 
 precision: [0.01332773 0.74935267 0.37408919 0.63132902 0.17326601] 
 recall: [0.53692308 0.18243022 0.40718866 0.70421187 0.20248447] 
 f1: [0.02600984 0.2934258  0.38993778 0.66578177 0.18673922] 
 f1_avg: 0.37684196660914393


Validation Epoch: 73 accuracy: 0.33 
 precision: [0.05905986 0.77925211 0.28723028 0.5834854  0.14655172] 
 recall: [0.48039216 0.13806369 0.46639862 0.72096956 0.18335901] 
 f1: [0.10518784 0.2345679  0.35551664 0.64498235 0.16290212] 
 f1_avg: 0.32775246685871023

--- 235.10737872123718 seconds ---

Train Epoch: 74 accuracy: 0.34 
 precision: [0.01368031 0.75953291 0.37504502 0.63147034 0.17480926] 
 recall: [0.55076923 0.18532994 0.41000112 0.70299936 0.20279503] 
 f1: [0.02669749 0.29795687 0.39174482 0.66531783 0.18776508] 
 f1_avg: 0.3794805504934873


Validation Epoch: 74 accuracy: 0.33 
 precision: [0.05988515 0.77376655 0.28671574 0.58264463 0.16136631] 
 recall: [0.47712418 0.13742253 0.46984492 0.71533258 0.21109399] 
 f1: [0.10641399 0.23339383 0.35611667 0.64220648 0.18291055] 
 f1_avg: 0.32818830211398486

New best val score, save model ...
--- 238.31728649139404 seconds ---

Train Epoch: 75 accuracy: 0.34 
 precision: [0.01361875 0.75195957 0.37370616 0.63098511 0.1733951 ] 
 recall: [0.54615385 0.18384226 0.40820115 0.70306318 0.20341615] 
 f1: [0.02657484 0.29545132 0.39019276 0.66507697 0.18720972] 
 f1_avg: 0.37780479524765015


Validation Epoch: 75 accuracy: 0.33 
 precision: [0.05964052 0.77251185 0.28772423 0.58452326 0.15776987] 
 recall: [0.47712418 0.13934601 0.46984492 0.71533258 0.20493066] 
 f1: [0.1060276  0.23610357 0.35689354 0.64334601 0.17828418] 
 f1_avg: 0.3296018082551786

New best val score, save model ...
--- 241.53613662719727 seconds ---

Train Epoch: 76 accuracy: 0.34 
 precision: [0.01370127 0.75061025 0.37380389 0.63050944 0.17477143] 
 recall: [0.54615385 0.18608639 0.40870739 0.70293555 0.20481366] 
 f1: [0.02673193 0.29823604 0.39047721 0.66475558 0.1886037 ] 
 f1_avg: 0.3792953691204844


Validation Epoch: 76 accuracy: 0.33 
 precision: [0.05849133 0.76832151 0.28885735 0.5852982  0.15421115] 
 recall: [0.47385621 0.13891857 0.46754739 0.71364149 0.20030817] 
 f1: [0.10412926 0.23529412 0.35709585 0.64312929 0.17426273] 
 f1_avg: 0.32883555385578667

--- 244.4009382724762 seconds ---

Train Epoch: 77 accuracy: 0.34 
 precision: [0.01369757 0.74905872 0.37585069 0.63103903 0.17560463] 
 recall: [0.54615385 0.1856073  0.41005737 0.70268028 0.20745342] 
 f1: [0.02672488 0.29749828 0.39220961 0.66493554 0.19020501] 
 f1_avg: 0.37947826097161363


Validation Epoch: 77 accuracy: 0.33 
 precision: [0.05806968 0.77577938 0.28952043 0.58413133 0.15308642] 
 recall: [0.47385621 0.13827741 0.46812177 0.72209696 0.19106317] 
 f1: [0.10346058 0.23471794 0.35776997 0.64582808 0.16997944] 
 f1_avg: 0.328866255509578

--- 247.24468207359314 seconds ---

Train Epoch: 78 accuracy: 0.34 
 precision: [0.01362303 0.75332049 0.3761586  0.63116913 0.172638  ] 
 recall: [0.54307692 0.18734713 0.41090111 0.70350989 0.20201863] 
 f1: [0.02657932 0.30006866 0.39276305 0.66537904 0.1861763 ] 
 f1_avg: 0.38063401302146666


Validation Epoch: 78 accuracy: 0.33 
 precision: [0.05894309 0.77473182 0.28940843 0.58079199 0.15662651] 
 recall: [0.47385621 0.13891857 0.46927053 0.71927847 0.20030817] 
 f1: [0.10484454 0.23559261 0.35801928 0.64265928 0.17579446] 
 f1_avg: 0.32920537391378396

--- 250.09167170524597 seconds ---

Train Epoch: 79 accuracy: 0.34 
 precision: [0.01367067 0.75118174 0.37620411 0.63059295 0.17296092] 
 recall: [0.54615385 0.18833052 0.40640117 0.70242502 0.20481366] 
 f1: [0.02667368 0.30115721 0.39072006 0.66457358 0.18754443] 
 f1_avg: 0.38067268354094475


Validation Epoch: 79 accuracy: 0.33 
 precision: [0.05923203 0.76905041 0.28953857 0.58706697 0.15995261] 
 recall: [0.47385621 0.1402009  0.47214245 0.71645998 0.20801233] 
 f1: [0.10530138 0.23716558 0.35895197 0.64534146 0.18084394] 
 f1_avg: 0.3310808627192365

New best val score, save model ...
--- 253.29002904891968 seconds ---

Train Epoch: 80 accuracy: 0.34 
 precision: [0.01341682 0.74959759 0.3744005  0.63314017 0.17687427] 
 recall: [0.53076923 0.18787665 0.4083699  0.70421187 0.2121118 ] 
 f1: [0.02617205 0.30044961 0.39064812 0.66678752 0.19289699] 
 f1_avg: 0.381165155883946


Validation Epoch: 80 accuracy: 0.33 
 precision: [0.05806452 0.77095632 0.29057406 0.58617512 0.15662651] 
 recall: [0.47058824 0.13955973 0.47099368 0.71702368 0.20030817] 
 f1: [0.10337401 0.23633731 0.35941267 0.64503043 0.17579446] 
 f1_avg: 0.33026197107971383

--- 256.14341473579407 seconds ---

Train Epoch: 81 accuracy: 0.34 
 precision: [0.01331733 0.74427214 0.37480576 0.63150057 0.17527942] 
 recall: [0.52923077 0.18757407 0.40701991 0.70363752 0.20698758] 
 f1: [0.02598089 0.29963346 0.39024916 0.66562028 0.18981844] 
 f1_avg: 0.38019628358179536


Validation Epoch: 81 accuracy: 0.33 
 precision: [0.06022585 0.77804014 0.28846828 0.58113036 0.15740741] 
 recall: [0.47058824 0.14084206 0.47271683 0.71871477 0.20955316] 
 f1: [0.10678532 0.23850887 0.35829343 0.64264113 0.17977528] 
 f1_avg: 0.33109276114841435

New best val score, save model ...
--- 259.3421585559845 seconds ---

Train Epoch: 82 accuracy: 0.34 
 precision: [0.0136917  0.7541713  0.37313356 0.63239001 0.17368217] 
 recall: [0.54153846 0.18805315 0.40763865 0.70446713 0.20822981] 
 f1: [0.02670815 0.30104141 0.38962366 0.66648554 0.1893934 ] 
 f1_avg: 0.3808947097717799


Validation Epoch: 82 accuracy: 0.33 
 precision: [0.0584628  0.77122642 0.29128278 0.58436782 0.15967366] 
 recall: [0.46732026 0.13977346 0.47214245 0.71645998 0.21109399] 
 f1: [0.10392442 0.23665641 0.36028928 0.64370727 0.18181818] 
 f1_avg: 0.33078113107689666

--- 262.2107353210449 seconds ---

Train Epoch: 83 accuracy: 0.34 
 precision: [0.01372526 0.75474525 0.37694414 0.63190501 0.17677688] 
 recall: [0.54307692 0.190499   0.41033862 0.70299936 0.21086957] 
 f1: [0.02677386 0.3042139  0.39293313 0.66555901 0.19232403] 
 f1_avg: 0.38325203659617296


Validation Epoch: 83 accuracy: 0.33 
 precision: [0.05789474 0.77438308 0.29068941 0.5850966  0.15714286] 
 recall: [0.46732026 0.14084206 0.46984492 0.71702368 0.20338983] 
 f1: [0.10302594 0.23833635 0.35916575 0.6443769  0.1773002 ] 
 f1_avg: 0.3312057853370616

New best val score, save model ...
--- 265.44185876846313 seconds ---

Train Epoch: 84 accuracy: 0.34 
 precision: [0.01370237 0.75017404 0.37693578 0.63285829 0.17350361] 
 recall: [0.54       0.19019642 0.41073237 0.70280791 0.20885093] 
 f1: [0.02672657 0.30345577 0.39310902 0.66600145 0.1895434 ] 
 f1_avg: 0.38277889339913773


Validation Epoch: 84 accuracy: 0.33 
 precision: [0.05911534 0.77119628 0.2897064  0.58444547 0.15880322] 
 recall: [0.46732026 0.14191066 0.4704193  0.71589628 0.21263482] 
 f1: [0.10495413 0.23971119 0.35858144 0.64352673 0.18181818] 
 f1_avg: 0.3320178517111314

New best val score, save model ...
--- 268.6716194152832 seconds ---

Train Epoch: 85 accuracy: 0.34 
 precision: [0.01345186 0.7483998  0.37458125 0.63363657 0.18019625] 
 recall: [0.52615385 0.19163368 0.40881989 0.70229738 0.21956522] 
 f1: [0.02623303 0.3051351  0.39095237 0.66620255 0.19794219] 
 f1_avg: 0.38384100910118013


Validation Epoch: 85 accuracy: 0.33 
 precision: [0.05884774 0.78128655 0.2917847  0.58547794 0.16087963] 
 recall: [0.46732026 0.14276555 0.47329121 0.71815107 0.21417565] 
 f1: [0.10453216 0.2414167  0.36100767 0.64506329 0.18374091] 
 f1_avg: 0.3337720018677926

New best val score, save model ...
--- 271.91522550582886 seconds ---

Train Epoch: 86 accuracy: 0.34 
 precision: [0.0136981  0.75483549 0.37640712 0.63137075 0.1756129 ] 
 recall: [0.54153846 0.19090244 0.4081449  0.70280791 0.2113354 ] 
 f1: [0.02672031 0.30473545 0.39163406 0.66517682 0.19182523] 
 f1_avg: 0.38310681311600087


Validation Epoch: 86 accuracy: 0.33 
 precision: [0.05791191 0.77039627 0.29098652 0.58429031 0.15758294] 
 recall: [0.46405229 0.1412695  0.47099368 0.71702368 0.20493066] 
 f1: [0.10297317 0.23875745 0.35972801 0.64388762 0.17816477] 
 f1_avg: 0.331492834512133

--- 274.797372341156 seconds ---

Train Epoch: 87 accuracy: 0.35 
 precision: [0.01360571 0.75352388 0.37710594 0.63365882 0.17467928] 
 recall: [0.53384615 0.19410474 0.41045112 0.70402042 0.20931677] 
 f1: [0.02653514 0.30869173 0.39307261 0.66698912 0.19043583] 
 f1_avg: 0.3856232059947287


Validation Epoch: 87 accuracy: 0.33 
 precision: [0.05800654 0.77325581 0.29079275 0.5853211  0.15683962] 
 recall: [0.46405229 0.14212439 0.46984492 0.71927847 0.20493066] 
 f1: [0.10312273 0.24011554 0.35924462 0.64542236 0.17768871] 
 f1_avg: 0.332364226237249

--- 277.6813201904297 seconds ---

Train Epoch: 88 accuracy: 0.34 
 precision: [0.01367668 0.74854493 0.37640216 0.63368155 0.17353356] 
 recall: [0.53846154 0.1913311  0.4076949  0.70453095 0.20993789] 
 f1: [0.02667581 0.30476343 0.3914241  0.66723075 0.19000773] 
 f1_avg: 0.3833291217015314


Validation Epoch: 88 accuracy: 0.33 
 precision: [0.05744337 0.76860465 0.29221943 0.58367721 0.15820543] 
 recall: [0.46405229 0.1412695  0.46812177 0.71758737 0.20647149] 
 f1: [0.10223182 0.23867124 0.3598234  0.6437421  0.17914439] 
 f1_avg: 0.3314833750308313

--- 280.55053305625916 seconds ---

Train Epoch: 89 accuracy: 0.34 
 precision: [0.01362741 0.74968172 0.37489044 0.63266009 0.17277756] 
 recall: [0.53230769 0.1930205  0.40898864 0.70363752 0.20854037] 
 f1: [0.0265745  0.3069982  0.39119791 0.66626382 0.18898192] 
 f1_avg: 0.3841119866405018


Validation Epoch: 89 accuracy: 0.33 
 precision: [0.05892256 0.77116705 0.29049296 0.58414016 0.15730337] 
 recall: [0.45751634 0.14404787 0.47386559 0.71420519 0.21571649] 
 f1: [0.1043997  0.24275167 0.36018337 0.64265787 0.18193632] 
 f1_avg: 0.33369902023105336

--- 283.43194007873535 seconds ---

Train Epoch: 90 accuracy: 0.35 
 precision: [0.01351139 0.75154366 0.37633235 0.63468168 0.17550969] 
 recall: [0.52923077 0.19334829 0.40713241 0.70491385 0.21521739] 
 f1: [0.02635006 0.30756889 0.39112696 0.6679567  0.19334589] 
 f1_avg: 0.385057874297126


Validation Epoch: 90 accuracy: 0.33 
 precision: [0.05821206 0.76826484 0.29286475 0.5843318  0.1600454 ] 
 recall: [0.45751634 0.14383415 0.47386559 0.71476888 0.21725732] 
 f1: [0.10328292 0.24230423 0.36200088 0.64300203 0.18431373] 
 f1_avg: 0.33401407828078267

New best val score, save model ...
--- 286.64037442207336 seconds ---

Train Epoch: 91 accuracy: 0.35 
 precision: [0.01366563 0.75056092 0.37637462 0.6342361  0.17732299] 
 recall: [0.53230769 0.19400388 0.41005737 0.70389279 0.21661491] 
 f1: [0.02664716 0.30831497 0.39249468 0.66725144 0.19500944] 
 f1_avg: 0.38572821058795226


Validation Epoch: 91 accuracy: 0.33 
 precision: [0.05912162 0.76801802 0.2917256  0.58268438 0.1553288 ] 
 recall: [0.45751634 0.14575764 0.47386559 0.71702368 0.21109399] 
 f1: [0.10471204 0.24501527 0.36112935 0.6429113  0.17896799] 
 f1_avg: 0.3348857135345385

New best val score, save model ...
--- 289.8490159511566 seconds ---

Train Epoch: 92 accuracy: 0.35 
 precision: [0.01343058 0.75007237 0.37530105 0.63533272 0.1742839 ] 
 recall: [0.51846154 0.19599586 0.41196985 0.7043395  0.21257764] 
 f1: [0.02618289 0.31078326 0.39278149 0.66805883 0.1915355 ] 
 f1_avg: 0.38688743777409795


Validation Epoch: 92 accuracy: 0.33 
 precision: [0.05768438 0.76861397 0.29380342 0.58548983 0.16077537] 
 recall: [0.45751634 0.14340671 0.47386559 0.71420519 0.21725732] 
 f1: [0.10245152 0.2417147  0.36271708 0.64347384 0.18479685] 
 f1_avg: 0.3339468171566873

--- 292.70046281814575 seconds ---

Train Epoch: 93 accuracy: 0.35 
 precision: [0.0135087  0.75633624 0.37509632 0.63491697 0.17377587] 
 recall: [0.52461538 0.19488641 0.41073237 0.7027441  0.21381988] 
 f1: [0.02633917 0.3099162  0.39210632 0.66711092 0.19172932] 
 f1_avg: 0.3861406045782719


Validation Epoch: 93 accuracy: 0.33 
 precision: [0.056071   0.77056779 0.29403307 0.58474966 0.16037736] 
 recall: [0.45424837 0.14212439 0.46984492 0.71758737 0.20955316] 
 f1: [0.09982047 0.23998556 0.36170683 0.64439382 0.18169673] 
 f1_avg: 0.33274072954272776

--- 295.5564296245575 seconds ---

Train Epoch: 94 accuracy: 0.35 
 precision: [0.01367769 0.74992648 0.37872163 0.63435871 0.17436948] 
 recall: [0.53692308 0.19289442 0.40926988 0.7067007  0.21149068] 
 f1: [0.02667584 0.30685921 0.39340362 0.6685785  0.19114448] 
 f1_avg: 0.3851589673850896


Validation Epoch: 94 accuracy: 0.33 
 precision: [0.05919932 0.76503341 0.29101839 0.58518519 0.15519126] 
 recall: [0.45424837 0.14682624 0.47271683 0.71251409 0.21879815] 
 f1: [0.10474755 0.24636902 0.36025388 0.64260295 0.18158568] 
 f1_avg: 0.33553854234294866

New best val score, save model ...
--- 298.7405867576599 seconds ---

Train Epoch: 95 accuracy: 0.35 
 precision: [0.01374612 0.75165113 0.37647362 0.63443029 0.17677837] 
 recall: [0.53076923 0.19513856 0.41135111 0.70248883 0.22034161] 
 f1: [0.0267982  0.30983885 0.39314034 0.66672723 0.1961706 ] 
 f1_avg: 0.38661697197946887


Validation Epoch: 95 accuracy: 0.33 
 precision: [0.05774823 0.76490439 0.29315264 0.58537714 0.15765766] 
 recall: [0.45424837 0.1453302  0.47214245 0.71307779 0.21571649] 
 f1: [0.10246959 0.24425287 0.36171617 0.6429479  0.18217306] 
 f1_avg: 0.33476693020872134

--- 301.5879216194153 seconds ---

Train Epoch: 96 accuracy: 0.35 
 precision: [0.01369972 0.74739985 0.37780426 0.63468401 0.17485858] 
 recall: [0.53076923 0.19569329 0.41016987 0.70370134 0.21599379] 
 f1: [0.02671002 0.31017325 0.39332237 0.66741315 0.19326155] 
 f1_avg: 0.3867223944838917


Validation Epoch: 96 accuracy: 0.33 
 precision: [0.05845248 0.77062147 0.29219858 0.58337182 0.15649279] 
 recall: [0.45424837 0.14575764 0.47329121 0.71195039 0.21725732] 
 f1: [0.10357675 0.24514738 0.36132427 0.64127951 0.18193548] 
 f1_avg: 0.3348464966900047

--- 304.44440627098083 seconds ---

Train Epoch: 97 accuracy: 0.35 
 precision: [0.01347805 0.75308642 0.37842457 0.63492795 0.17660264] 
 recall: [0.52153846 0.19687839 0.41101361 0.70299936 0.21987578] 
 f1: [0.02627703 0.31215144 0.39404643 0.66723198 0.19587771] 
 f1_avg: 0.3880323333284126


Validation Epoch: 97 accuracy: 0.33 
 precision: [0.05618432 0.7716263  0.29435192 0.58318099 0.15501166] 
 recall: [0.45424837 0.14297927 0.466973   0.71927847 0.20493066] 
 f1: [0.1        0.24125496 0.3610926  0.64411913 0.17650962] 
 f1_avg: 0.332857827127753

--- 307.2840931415558 seconds ---

Train Epoch: 98 accuracy: 0.35 
 precision: [0.01343532 0.74975883 0.37858142 0.63626412 0.17313019] 
 recall: [0.52153846 0.19597065 0.41101361 0.7047224  0.21350932] 
 f1: [0.02619581 0.31072464 0.39413145 0.66874584 0.19121124] 
 f1_avg: 0.38726601002873146


Validation Epoch: 98 accuracy: 0.33 
 precision: [0.05770851 0.76845638 0.29390809 0.58425926 0.15864333] 
 recall: [0.44771242 0.14682624 0.47386559 0.7113867  0.22342065] 
 f1: [0.10223881 0.24654585 0.36279683 0.64158617 0.18554063] 
 f1_avg: 0.3361123742071664

New best val score, save model ...
--- 310.46440839767456 seconds ---

Train Epoch: 99 accuracy: 0.35 
 precision: [0.0134819  0.75180723 0.37830949 0.63651031 0.17908774] 
 recall: [0.52307692 0.19667667 0.40910114 0.70491385 0.22313665] 
 f1: [0.02628629 0.31178798 0.39310326 0.66896802 0.19870022] 
 f1_avg: 0.388209457848023


Validation Epoch: 99 accuracy: 0.33 
 precision: [0.05733558 0.76837416 0.29315264 0.58553547 0.15359477] 
 recall: [0.44444444 0.14746741 0.47214245 0.71195039 0.21725732] 
 f1: [0.10156833 0.24744486 0.36171617 0.64258458 0.17996171] 
 f1_avg: 0.3361419259441645

New best val score, save model ...
--- 313.63740372657776 seconds ---

Train Epoch: 100 accuracy: 0.35 
 precision: [0.01382231 0.75188328 0.37848193 0.63634261 0.17639044] 
 recall: [0.53230769 0.19881994 0.41118236 0.70216975 0.22111801] 
 f1: [0.02694494 0.31448171 0.39415507 0.66763751 0.19623786] 
 f1_avg: 0.3893223558899673


Validation Epoch: 100 accuracy: 0.33 
 precision: [0.05721498 0.76248613 0.29439085 0.58719852 0.15174672] 
 recall: [0.44444444 0.14682624 0.47329121 0.71364149 0.21417565] 
 f1: [0.10137905 0.24623656 0.36299559 0.64427481 0.17763578] 
 f1_avg: 0.33592385128150193

--- 316.4795181751251 seconds ---

Train Epoch: 101 accuracy: 0.35 
 precision: [0.01380718 0.75040643 0.37810249 0.63591338 0.1736712 ] 
 recall: [0.53076923 0.19786177 0.41045112 0.70465858 0.2181677 ] 
 f1: [0.02691423 0.31315348 0.39361329 0.66852334 0.19339298] 
 f1_avg: 0.3884898048568492


Validation Epoch: 101 accuracy: 0.33 
 precision: [0.05535354 0.76185102 0.29570284 0.58487085 0.15446224] 
 recall: [0.44771242 0.14426159 0.46639862 0.71476888 0.20801233] 
 f1: [0.09852571 0.2425876  0.36193448 0.64332826 0.17728168] 
 f1_avg: 0.3335516801400351

--- 319.3507733345032 seconds ---

Train Epoch: 102 accuracy: 0.35 
 precision: [0.01343958 0.75231636 0.37944355 0.63775068 0.17454003] 
 recall: [0.52153846 0.19859301 0.40887614 0.70421187 0.21801242] 
 f1: [0.02620391 0.31423556 0.3936104  0.66933552 0.1938691 ] 
 f1_avg: 0.3892154402602528


Validation Epoch: 102 accuracy: 0.33 
 precision: [0.05720339 0.76957494 0.29487179 0.58537714 0.1511879 ] 
 recall: [0.44117647 0.14703997 0.47558874 0.71307779 0.21571649] 
 f1: [0.10127532 0.24690472 0.36403605 0.6429479  0.17777778] 
 f1_avg: 0.33621287063062466

New best val score, save model ...
--- 322.575945854187 seconds ---

Train Epoch: 103 accuracy: 0.35 
 precision: [0.0134912  0.74942551 0.3764845  0.63780755 0.178497  ] 
 recall: [0.51538462 0.19735747 0.4119136  0.7047224  0.22608696] 
 f1: [0.0262941  0.31243638 0.39340299 0.66959738 0.19949305] 
 f1_avg: 0.38878324839996264


Validation Epoch: 103 accuracy: 0.33 
 precision: [0.05497171 0.76530612 0.29651163 0.5876098  0.15489749] 
 recall: [0.44444444 0.14426159 0.46869615 0.71645998 0.20955316] 
 f1: [0.09784173 0.24276209 0.36323169 0.64566929 0.17812705] 
 f1_avg: 0.3343787907979507

--- 325.44712138175964 seconds ---

Train Epoch: 104 accuracy: 0.35 
 precision: [0.01349786 0.7509761  0.37797247 0.63817993 0.17510109] 
 recall: [0.52       0.19884515 0.4076949  0.70529675 0.22189441] 
 f1: [0.02631272 0.31443381 0.39227147 0.67006184 0.19574002] 
 f1_avg: 0.38930970992167857


Validation Epoch: 104 accuracy: 0.34 
 precision: [0.05924596 0.77118644 0.2930791  0.58532024 0.14811133] 
 recall: [0.43137255 0.1555888  0.47673751 0.70574972 0.22958398] 
 f1: [0.10418311 0.25893651 0.36300022 0.63991822 0.18006042] 
 f1_avg: 0.34184080066001177

New best val score, save model ...
--- 328.69895243644714 seconds ---

Train Epoch: 105 accuracy: 0.35 
 precision: [0.01375198 0.75147873 0.37831164 0.63758701 0.17770204] 
 recall: [0.52153846 0.20182052 0.41365733 0.70146777 0.22670807] 
 f1: [0.02679736 0.31818724 0.39519574 0.66800365 0.19923581] 
 f1_avg: 0.39169659307701765


Validation Epoch: 105 accuracy: 0.33 
 precision: [0.05719092 0.76931691 0.29716134 0.58341014 0.15459459] 
 recall: [0.44444444 0.14682624 0.47501436 0.71364149 0.22033898] 
 f1: [0.10134128 0.24659009 0.36560566 0.64198783 0.18170267] 
 f1_avg: 0.3364451166430982

--- 331.5521981716156 seconds ---

Train Epoch: 106 accuracy: 0.35 
 precision: [0.01352165 0.75       0.37864379 0.63672976 0.17672574] 
 recall: [0.51846154 0.19811392 0.41208235 0.70625399 0.22142857] 
 f1: [0.02635592 0.31343373 0.39465604 0.66969229 0.19656765] 
 f1_avg: 0.38933836066751837


Validation Epoch: 106 accuracy: 0.33 
 precision: [0.05461847 0.76357466 0.29689214 0.58630264 0.15472127] 
 recall: [0.44444444 0.14426159 0.46639862 0.71420519 0.20955316] 
 f1: [0.09728183 0.24267482 0.36282395 0.64396442 0.17801047] 
 f1_avg: 0.33389899226995773

--- 334.41108322143555 seconds ---

Train Epoch: 107 accuracy: 0.35 
 precision: [0.01345632 0.7510044  0.37777084 0.63543107 0.17812769] 
 recall: [0.51846154 0.19796263 0.4083699  0.70363752 0.22484472] 
 f1: [0.02623181 0.31333187 0.39247486 0.66779723 0.19877823] 
 f1_avg: 0.3886106927114905


Validation Epoch: 107 accuracy: 0.33 
 precision: [0.05740819 0.76607539 0.29681346 0.58596654 0.15326902] 
 recall: [0.44444444 0.14768113 0.47616312 0.710823   0.22033898] 
 f1: [0.10168224 0.24762587 0.36568152 0.64238411 0.18078382] 
 f1_avg: 0.3370123349128934

--- 337.2700023651123 seconds ---

Train Epoch: 108 accuracy: 0.35 
 precision: [0.01387307 0.75356875 0.37729652 0.63765182 0.17575979] 
 recall: [0.52461538 0.20232482 0.41354483 0.70357371 0.22360248] 
 f1: [0.02703131 0.31900133 0.39458995 0.66899272 0.19681542] 
 f1_avg: 0.3919656787251161


Validation Epoch: 108 accuracy: 0.33 
 precision: [0.05674653 0.76718404 0.29666786 0.58749417 0.15631692] 
 recall: [0.44117647 0.14789485 0.47558874 0.7096956  0.22496148] 
 f1: [0.10055866 0.24798423 0.36540159 0.64283891 0.18445989] 
 f1_avg: 0.3374537136292669

--- 340.10767579078674 seconds ---

Train Epoch: 109 accuracy: 0.35 
 precision: [0.01344184 0.74894968 0.37719843 0.63923357 0.17556594] 
 recall: [0.51076923 0.20227439 0.41016987 0.70682833 0.22158385] 
 f1: [0.02619433 0.31852293 0.3929938  0.67133376 0.19590884] 
 f1_avg: 0.3917531072422883


Validation Epoch: 109 accuracy: 0.33 
 precision: [0.0572762  0.76659292 0.29529244 0.58515081 0.15392896] 
 recall: [0.44117647 0.14810857 0.47558874 0.710823   0.22033898] 
 f1: [0.10138941 0.24825363 0.36435644 0.64189361 0.18124208] 
 f1_avg: 0.3370088327855891

--- 342.9795641899109 seconds ---

Train Epoch: 110 accuracy: 0.35 
 precision: [0.01400629 0.75170036 0.37587019 0.63885025 0.1790297 ] 
 recall: [0.52769231 0.20343428 0.41303859 0.70350989 0.22748447] 
 f1: [0.02728828 0.32020956 0.39357882 0.66962279 0.20036928] 
 f1_avg: 0.39274960063271547


Validation Epoch: 110 accuracy: 0.33 
 precision: [0.05618449 0.76464088 0.29676259 0.58667288 0.15326902] 
 recall: [0.4379085  0.14789485 0.47386559 0.7096956  0.22033898] 
 f1: [0.09959123 0.247851   0.3649635  0.64234694 0.18078382] 
 f1_avg: 0.33691369394331927

--- 345.8414931297302 seconds ---

Train Epoch: 111 accuracy: 0.35 
 precision: [0.01350477 0.75265582 0.37651655 0.63741299 0.17514749] 
 recall: [0.51384615 0.20187095 0.41196985 0.70127632 0.22127329] 
 f1: [0.02631786 0.31835534 0.39344615 0.66782133 0.19552689] 
 f1_avg: 0.39105452726771794


Validation Epoch: 111 accuracy: 0.33 
 precision: [0.05639098 0.76464088 0.29768786 0.58553547 0.15567568] 
 recall: [0.44117647 0.14789485 0.47329121 0.71195039 0.22187982] 
 f1: [0.1        0.247851   0.36549124 0.64258458 0.18297332] 
 f1_avg: 0.33722918628118415

--- 348.6834146976471 seconds ---

Train Epoch: 112 accuracy: 0.35 
 precision: [0.01393728 0.75126145 0.37798697 0.63858003 0.17318232] 
 recall: [0.52923077 0.20272826 0.41106986 0.70370134 0.22080745] 
 f1: [0.02715932 0.31929469 0.39383488 0.66956099 0.19411644] 
 f1_avg: 0.391838708239


Validation Epoch: 112 accuracy: 0.34 
 precision: [0.05759162 0.76781857 0.29619082 0.58785047 0.15274949] 
 recall: [0.43137255 0.15195555 0.47788627 0.70913191 0.23112481] 
 f1: [0.10161663 0.25370205 0.36571429 0.64282064 0.18393624] 
 f1_avg: 0.3404321345191603

--- 351.5524334907532 seconds ---

Train Epoch: 113 accuracy: 0.35 
 precision: [0.01381735 0.75184252 0.37646938 0.63808476 0.17874864] 
 recall: [0.52       0.20320734 0.41253234 0.70331844 0.22934783] 
 f1: [0.0269194  0.31994124 0.3936767  0.66911541 0.20091138] 
 f1_avg: 0.39258001594702496


Validation Epoch: 113 accuracy: 0.33 
 precision: [0.05687606 0.7654185  0.29752066 0.58452987 0.15270414] 
 recall: [0.4379085  0.14853601 0.47558874 0.7113867  0.22187982] 
 f1: [0.10067618 0.24879184 0.36604775 0.6417493  0.18090452] 
 f1_avg: 0.3375301500116905

--- 354.41267824172974 seconds ---

Train Epoch: 114 accuracy: 0.35 
 precision: [0.0136537  0.75034738 0.37762346 0.63738426 0.1774991 ] 
 recall: [0.51230769 0.20424116 0.41292609 0.70287173 0.22857143] 
 f1: [0.02659851 0.32108455 0.39448654 0.66852807 0.19982353] 
 f1_avg: 0.39312020872046316


Validation Epoch: 114 accuracy: 0.33 
 precision: [0.05546426 0.76614699 0.29919532 0.58603145 0.15526602] 
 recall: [0.44117647 0.14703997 0.46984492 0.71420519 0.22033898] 
 f1: [0.09854015 0.24672763 0.36558659 0.64380081 0.18216561] 
 f1_avg: 0.33680251925808

--- 357.26802277565 seconds ---

Train Epoch: 115 accuracy: 0.35 
 precision: [0.01346247 0.75296516 0.37934646 0.63924087 0.17108818] 
 recall: [0.51538462 0.20489674 0.40746991 0.70504148 0.21630435] 
 f1: [0.02623952 0.32213435 0.39290557 0.67053076 0.19105747] 
 f1_avg: 0.3929733540411987


Validation Epoch: 115 accuracy: 0.34 
 precision: [0.05916893 0.7667364  0.29440906 0.58619092 0.15376884] 
 recall: [0.42810458 0.15665741 0.47788627 0.71307779 0.2357473 ] 
 f1: [0.10396825 0.26015972 0.36435297 0.64343845 0.18613139] 
 f1_avg: 0.3438298392783371

New best val score, save model ...
--- 360.4658555984497 seconds ---

Train Epoch: 116 accuracy: 0.35 
 precision: [0.01394579 0.75095576 0.37741869 0.63932812 0.17858426] 
 recall: [0.51846154 0.2080234  0.41253234 0.70440332 0.23152174] 
 f1: [0.02716099 0.32579722 0.39419511 0.67028997 0.20163635] 
 f1_avg: 0.3958805058893438


Validation Epoch: 116 accuracy: 0.33 
 precision: [0.05560132 0.76106195 0.2980664  0.58692629 0.15451578] 
 recall: [0.44117647 0.14703997 0.46927053 0.71364149 0.21879815] 
 f1: [0.0987564  0.24646248 0.36456939 0.64411091 0.18112245] 
 f1_avg: 0.3364667085035995

--- 363.33535289764404 seconds ---

Train Epoch: 117 accuracy: 0.35 
 precision: [0.01325306 0.75338151 0.38099953 0.63916691 0.17493888] 
 recall: [0.50461538 0.20504803 0.41123861 0.70504148 0.22220497] 
 f1: [0.02582779 0.32235942 0.39554197 0.67049006 0.19575923] 
 f1_avg: 0.39403536697706354


Validation Epoch: 117 accuracy: 0.34 
 precision: [0.05607477 0.76521739 0.2984104  0.58635097 0.15424974] 
 recall: [0.43137255 0.1504595  0.47443998 0.71195039 0.22650231] 
 f1: [0.09924812 0.25147348 0.36637835 0.64307536 0.1835206 ] 
 f1_avg: 0.3393594482246384

--- 366.2286512851715 seconds ---

Train Epoch: 118 accuracy: 0.35 
 precision: [0.01384438 0.7488626  0.37834349 0.63917107 0.17746615] 
 recall: [0.51846154 0.2075191  0.4121386  0.70268028 0.22795031] 
 f1: [0.02696863 0.32498174 0.39451863 0.66942274 0.19956498] 
 f1_avg: 0.3952116088923209


Validation Epoch: 118 accuracy: 0.33 
 precision: [0.05636208 0.76252723 0.29748201 0.5854681  0.14968815] 
 recall: [0.43137255 0.14960462 0.47501436 0.70856821 0.22187982] 
 f1: [0.09969789 0.250134   0.36584826 0.64116297 0.17877095] 
 f1_avg: 0.3378808416537996

--- 369.11064743995667 seconds ---

Train Epoch: 119 accuracy: 0.35 
 precision: [0.01388719 0.74921485 0.37852726 0.6385389  0.17835311] 
 recall: [0.52307692 0.20451852 0.40971988 0.70504148 0.2310559 ] 
 f1: [0.02705606 0.32132317 0.39350639 0.67014436 0.20131232] 
 f1_avg: 0.39346000412347865


Validation Epoch: 119 accuracy: 0.34 
 precision: [0.05874317 0.76985743 0.29493088 0.59027128 0.15711462] 
 recall: [0.42156863 0.16157299 0.47788627 0.7113867  0.2449923 ] 
 f1: [0.10311751 0.26709062 0.3647523  0.64519427 0.19145093] 
 f1_avg: 0.3481397991959017

New best val score, save model ...
--- 372.36468982696533 seconds ---

Train Epoch: 120 accuracy: 0.36 
 precision: [0.0139502  0.75142573 0.37621782 0.63876984 0.17853728] 
 recall: [0.51538462 0.20930936 0.41270109 0.70382897 0.23198758] 
 f1: [0.0271651  0.32741687 0.39361588 0.6697231  0.20178282] 
 f1_avg: 0.396454088679198


Validation Epoch: 120 accuracy: 0.33 
 precision: [0.0540762  0.76803552 0.29959663 0.58837209 0.15376344] 
 recall: [0.43137255 0.14789485 0.46927053 0.71307779 0.22033898] 
 f1: [0.09610484 0.24802867 0.36571173 0.64475025 0.1811273 ] 
 f1_avg: 0.33752070517298133

--- 375.25170612335205 seconds ---

Train Epoch: 121 accuracy: 0.35 
 precision: [0.01364334 0.75041444 0.38073732 0.63862874 0.17580547] 
 recall: [0.52       0.20545147 0.4078074  0.70497766 0.22453416] 
 f1: [0.02658905 0.32258448 0.39380771 0.67016501 0.19720423] 
 f1_avg: 0.39382090441555506


Validation Epoch: 121 accuracy: 0.34 
 precision: [0.05588484 0.75809935 0.29992764 0.58623896 0.15433404] 
 recall: [0.43137255 0.15003206 0.47616312 0.710823   0.22496148] 
 f1: [0.09895052 0.25049063 0.36803552 0.64254777 0.1830721 ] 
 f1_avg: 0.3390280802186255

--- 378.1340594291687 seconds ---

Train Epoch: 122 accuracy: 0.35 
 precision: [0.01358213 0.75225184 0.37761447 0.64144679 0.17701975] 
 recall: [0.50615385 0.20847727 0.41331983 0.70280791 0.22965839] 
 f1: [0.02645439 0.32647581 0.39466122 0.67072688 0.19993241] 
 f1_avg: 0.396262227251605


Validation Epoch: 122 accuracy: 0.33 
 precision: [0.05388729 0.76431718 0.29978038 0.58837209 0.15409483] 
 recall: [0.42810458 0.14832229 0.4704193  0.71307779 0.22033898] 
 f1: [0.09572525 0.24843386 0.36619718 0.64475025 0.18135701] 
 f1_avg: 0.3378239066616466

--- 381.0256378650665 seconds ---

Train Epoch: 123 accuracy: 0.35 
 precision: [0.0139806  0.75359646 0.38121633 0.63960625 0.17792602] 
 recall: [0.52769231 0.20605663 0.41393858 0.70491385 0.22779503] 
 f1: [0.02723952 0.32362434 0.39690416 0.67067395 0.19979571] 
 f1_avg: 0.3953343727234165


Validation Epoch: 123 accuracy: 0.34 
 precision: [0.0566206  0.76899063 0.2976361  0.58601399 0.15376984] 
 recall: [0.41503268 0.15793973 0.47731189 0.70856821 0.23882897] 
 f1: [0.09964692 0.26205674 0.36664461 0.64149018 0.18708509] 
 f1_avg: 0.3447814504631746

--- 383.9075675010681 seconds ---

Train Epoch: 124 accuracy: 0.35 
 precision: [0.01385871 0.75268817 0.37976388 0.64170781 0.17467196] 
 recall: [0.52       0.20827555 0.41253234 0.70497766 0.22531056] 
 f1: [0.02699788 0.32626943 0.39547048 0.67185647 0.19678579] 
 f1_avg: 0.3963119991914056


Validation Epoch: 124 accuracy: 0.33 
 precision: [0.053404   0.76803552 0.30011033 0.58858998 0.15217391] 
 recall: [0.42810458 0.14789485 0.46869615 0.71533258 0.21571649] 
 f1: [0.09496194 0.24802867 0.36591928 0.64580153 0.17845762] 
 f1_avg: 0.33753644022176643

--- 386.78347277641296 seconds ---

Train Epoch: 125 accuracy: 0.35 
 precision: [0.01377287 0.75274725 0.38042402 0.64040838 0.1760241 ] 
 recall: [0.52       0.20726695 0.41078862 0.70453095 0.22686335] 
 f1: [0.02683498 0.32503608 0.39502366 0.67094108 0.19823609] 
 f1_avg: 0.39553931677143206


Validation Epoch: 125 accuracy: 0.34 
 precision: [0.05510466 0.76616379 0.2997472  0.59018692 0.15345005] 
 recall: [0.42156863 0.15195555 0.47673751 0.71195039 0.22958398] 
 f1: [0.09746883 0.25361156 0.36807095 0.64537557 0.18395062] 
 f1_avg: 0.3411920087725356

Early stopping!

Test Epoch: accuracy: 0.36 
 precision: [0.00385888 0.67485667 0.31969309 0.68441433 0.0797546 ] 
 recall: [0.7        0.1906966  0.48342541 0.65614849 0.13323572] 
 f1: [0.00767544 0.29736557 0.38486914 0.66998342 0.0997807 ] 
 f1_avg: 0.3890824171766562

--- 390.1624596118927 seconds ---

Test Epoch: accuracy: 0.34 
 precision: [0.05874317 0.76985743 0.29493088 0.59027128 0.15711462] 
 recall: [0.42156863 0.16157299 0.47788627 0.7113867  0.2449923 ] 
 f1: [0.10311751 0.26709062 0.3647523  0.64519427 0.19145093] 
 f1_avg: 0.3481397991959017

--- 390.23882389068604 seconds ---
