Requirement already satisfied: scikit-learn in /net/cephfs/data/zifjia/condaenvs/audio_clf/lib/python3.8/site-packages (1.1.2)
Requirement already satisfied: numpy>=1.17.3 in /net/cephfs/data/zifjia/condaenvs/audio_clf/lib/python3.8/site-packages (from scikit-learn) (1.22.3)
Requirement already satisfied: threadpoolctl>=2.0.0 in /net/cephfs/data/zifjia/condaenvs/audio_clf/lib/python3.8/site-packages (from scikit-learn) (3.1.0)
Requirement already satisfied: joblib>=1.0.0 in /net/cephfs/data/zifjia/condaenvs/audio_clf/lib/python3.8/site-packages (from scikit-learn) (1.1.0)
Requirement already satisfied: scipy>=1.3.2 in /net/cephfs/data/zifjia/condaenvs/audio_clf/lib/python3.8/site-packages (from scikit-learn) (1.9.1)
Requirement already satisfied: tensorboard in /net/cephfs/data/zifjia/condaenvs/audio_clf/lib/python3.8/site-packages (2.10.1)
Requirement already satisfied: numpy>=1.12.0 in /net/cephfs/data/zifjia/condaenvs/audio_clf/lib/python3.8/site-packages (from tensorboard) (1.22.3)
Requirement already satisfied: setuptools>=41.0.0 in /net/cephfs/data/zifjia/condaenvs/audio_clf/lib/python3.8/site-packages (from tensorboard) (60.8.1)
Requirement already satisfied: google-auth<3,>=1.6.3 in /net/cephfs/home/zifjia/.local/lib/python3.8/site-packages (from tensorboard) (2.9.1)
Requirement already satisfied: wheel>=0.26 in /net/cephfs/data/zifjia/condaenvs/audio_clf/lib/python3.8/site-packages (from tensorboard) (0.37.1)
Requirement already satisfied: tensorboard-plugin-wit>=1.6.0 in /net/cephfs/home/zifjia/.local/lib/python3.8/site-packages (from tensorboard) (1.8.1)
Requirement already satisfied: tensorboard-data-server<0.7.0,>=0.6.0 in /net/cephfs/home/zifjia/.local/lib/python3.8/site-packages (from tensorboard) (0.6.1)
Requirement already satisfied: markdown>=2.6.8 in /net/cephfs/home/zifjia/.local/lib/python3.8/site-packages (from tensorboard) (3.4.1)
Requirement already satisfied: requests<3,>=2.21.0 in /net/cephfs/data/zifjia/condaenvs/audio_clf/lib/python3.8/site-packages (from tensorboard) (2.28.1)
Requirement already satisfied: absl-py>=0.4 in /net/cephfs/home/zifjia/.local/lib/python3.8/site-packages (from tensorboard) (1.2.0)
Requirement already satisfied: google-auth-oauthlib<0.5,>=0.4.1 in /net/cephfs/home/zifjia/.local/lib/python3.8/site-packages (from tensorboard) (0.4.6)
Requirement already satisfied: protobuf<3.20,>=3.9.2 in /net/cephfs/home/zifjia/.local/lib/python3.8/site-packages (from tensorboard) (3.19.4)
Requirement already satisfied: werkzeug>=1.0.1 in /net/cephfs/data/zifjia/condaenvs/audio_clf/lib/python3.8/site-packages (from tensorboard) (2.1.2)
Requirement already satisfied: grpcio>=1.24.3 in /net/cephfs/home/zifjia/.local/lib/python3.8/site-packages (from tensorboard) (1.47.0)
Requirement already satisfied: cachetools<6.0,>=2.0.0 in /net/cephfs/home/zifjia/.local/lib/python3.8/site-packages (from google-auth<3,>=1.6.3->tensorboard) (5.2.0)
Requirement already satisfied: six>=1.9.0 in /net/cephfs/data/zifjia/condaenvs/audio_clf/lib/python3.8/site-packages (from google-auth<3,>=1.6.3->tensorboard) (1.16.0)
Requirement already satisfied: pyasn1-modules>=0.2.1 in /net/cephfs/home/zifjia/.local/lib/python3.8/site-packages (from google-auth<3,>=1.6.3->tensorboard) (0.2.8)
Requirement already satisfied: rsa<5,>=3.1.4 in /net/cephfs/home/zifjia/.local/lib/python3.8/site-packages (from google-auth<3,>=1.6.3->tensorboard) (4.9)
Requirement already satisfied: requests-oauthlib>=0.7.0 in /net/cephfs/home/zifjia/.local/lib/python3.8/site-packages (from google-auth-oauthlib<0.5,>=0.4.1->tensorboard) (1.3.1)
Requirement already satisfied: importlib-metadata>=4.4 in /net/cephfs/home/zifjia/.local/lib/python3.8/site-packages (from markdown>=2.6.8->tensorboard) (4.12.0)
Requirement already satisfied: charset-normalizer<3,>=2 in /net/cephfs/data/zifjia/condaenvs/audio_clf/lib/python3.8/site-packages (from requests<3,>=2.21.0->tensorboard) (2.1.1)
Requirement already satisfied: certifi>=2017.4.17 in /net/cephfs/data/zifjia/condaenvs/audio_clf/lib/python3.8/site-packages (from requests<3,>=2.21.0->tensorboard) (2022.9.14)
Requirement already satisfied: urllib3<1.27,>=1.21.1 in /net/cephfs/data/zifjia/condaenvs/audio_clf/lib/python3.8/site-packages (from requests<3,>=2.21.0->tensorboard) (1.26.12)
Requirement already satisfied: idna<4,>=2.5 in /net/cephfs/data/zifjia/condaenvs/audio_clf/lib/python3.8/site-packages (from requests<3,>=2.21.0->tensorboard) (3.4)
Requirement already satisfied: zipp>=0.5 in /net/cephfs/data/zifjia/condaenvs/audio_clf/lib/python3.8/site-packages (from importlib-metadata>=4.4->markdown>=2.6.8->tensorboard) (3.8.0)
Requirement already satisfied: pyasn1<0.5.0,>=0.4.6 in /net/cephfs/home/zifjia/.local/lib/python3.8/site-packages (from pyasn1-modules>=0.2.1->google-auth<3,>=1.6.3->tensorboard) (0.4.8)
Requirement already satisfied: oauthlib>=3.0.0 in /net/cephfs/home/zifjia/.local/lib/python3.8/site-packages (from requests-oauthlib>=0.7.0->google-auth-oauthlib<0.5,>=0.4.1->tensorboard) (3.2.0)
Requirement already satisfied: torch in /net/cephfs/data/zifjia/condaenvs/audio_clf/lib/python3.8/site-packages (1.12.1)
Requirement already satisfied: torchvision in /net/cephfs/data/zifjia/condaenvs/audio_clf/lib/python3.8/site-packages (0.13.1)
Requirement already satisfied: torchaudio in /net/cephfs/data/zifjia/condaenvs/audio_clf/lib/python3.8/site-packages (0.12.1)
Requirement already satisfied: typing-extensions in /net/cephfs/data/zifjia/condaenvs/audio_clf/lib/python3.8/site-packages (from torch) (4.0.1)
Requirement already satisfied: requests in /net/cephfs/data/zifjia/condaenvs/audio_clf/lib/python3.8/site-packages (from torchvision) (2.28.1)
Requirement already satisfied: numpy in /net/cephfs/data/zifjia/condaenvs/audio_clf/lib/python3.8/site-packages (from torchvision) (1.22.3)
Requirement already satisfied: pillow!=8.3.*,>=5.3.0 in /net/cephfs/data/zifjia/condaenvs/audio_clf/lib/python3.8/site-packages (from torchvision) (9.0.1)
Requirement already satisfied: charset-normalizer<3,>=2 in /net/cephfs/data/zifjia/condaenvs/audio_clf/lib/python3.8/site-packages (from requests->torchvision) (2.1.1)
Requirement already satisfied: idna<4,>=2.5 in /net/cephfs/data/zifjia/condaenvs/audio_clf/lib/python3.8/site-packages (from requests->torchvision) (3.4)
Requirement already satisfied: certifi>=2017.4.17 in /net/cephfs/data/zifjia/condaenvs/audio_clf/lib/python3.8/site-packages (from requests->torchvision) (2022.9.14)
Requirement already satisfied: urllib3<1.27,>=1.21.1 in /net/cephfs/data/zifjia/condaenvs/audio_clf/lib/python3.8/site-packages (from requests->torchvision) (1.26.12)
{'name': 'chimp_wav2vec2_lstm_dropout_0.2_binary_0', 'data_path': '/home/cluster/zifjia/data/data_chimp/wav2vec2_split_0', 'test_only': False, 'balance_weights': True, 'binary': True, 'model_type': 'lstm', 'n_embedding': 768, 'd_hid': 1024, 'nlayers': 2, 'batch_size': 1, 'n_epoch': 200, 'lr': 0.0001, 'dropout': 0.2, 'patience': 10, 'step_factor': 0.7, 'seed': 0}
cuda
Reading data ...
train, dev, test number of files: 188, 23, 24.
dev files:  ['ASO0485 Sonso MS single ph feeding_01', 'ASO2186 ZL single ph start_01', 'ASO0120 Sonso KZ single ph fg feeding_01', 'ASO4619 ZL unk group ph, PS single ph intro_01', 'ASO3700 HW single ph drum Travel_01', 'ASO0087 Sonso HW single ph feeding_01', 'ASO2860 PS single ph, PS ZL group ph fg, ZL single ph feeding, FK single ph, group fg, HW MS group ph drum, 7_15 FK single ph, 10_30 PS single ph start_01', 'ASO0907 Sonso PS single ph drum traveling_01', 'ASO3888 unk group ph resting, unk group pg, HW display drum, OK pg to HW, DL pg to HW, 1_35 unk single ph start, 3_30 KT single ph intro feeding_01', 'ASO3150 KT single ph_01', 'ASO3089 ZL single ph drum traveling_01', 'ASO0480 Sonso KZ KT group ph, KZ KT group ph, KT single ph feeding_01', 'ASO2860 MS comes back after long time, SM FK group scream, unk_m bark, FK SM fg, 3_30 PS single ph, PS ZL group ph fg, ZL single ph feeding, FK single ph, group fg, HW MS group ph drum, 7_15 FK single ph, 10_30 PS single ph start_01', 'ASO2038 HW single ph drum, IN DL JS group ph _01', 'ASO3192 FK single ph drum_01', 'ASO1579 HW single ph drum_01', 'ASO3106 ZD group ph drum, unk group ph other party, ZD single ph drum traveling-resting_02', 'ASO0651 Sonso FK single ph_01', 'ASO4567 KC display drum (not visible), FK SM group ph drum, 1_50 ZL single ph drum travel_01', 'ASO0782 Sonso ZL single ph drum_01', 'ASO4445 KT MS group ph drum traveling, 2_20 KT whimper, MS single ph drum, KT bark_01', 'ASO2554 PS single ph start nest_01', 'ASO1095 Sonso SQ single ph feeding_01']
test files:  ['ASO0778 Sonso ZL single ph start, ZL single ph drum_01', 'ASO0083 Sonso HW single ph slap_01', 'ASO3079 HW single ph drum traveling_01', 'ASO3654 HW single ph_01', 'ASO3041 MS single ph drum traveling_01', 'ASO2546 FK single fg ph feeding, HW single ph drum, FK fg, FK single ph, FK fg_01', 'ASO3457 KT single ph_01', 'ASO0020 Sonso SQ single ph, PS single ph other party 2_01', 'ASO0809 Sonso PS single ph_01', 'ASO3174 PS single ph feeding_01', 'ASO0089 Sonso HW single ph drum_01', 'ASO3799 KT single ph_01', 'ASO1472 MS single ph, SM KA group ph-pg_01', 'ASO1514 MS single ph intro, KC group ph_01', 'ASO3512 PS single ph_01', 'ASO2125 KL OK KC JS group ph, FK single ph, OK KL KC KO group ph, PS single ph, PS single ph feeding_01', 'ASO2860 PS single ph, PS ZL group ph fg, ZL single ph feeding, FK single ph, group fg, HW MS group ph drum, 7_15 FK single ph, 10_30 PS single ph start_02', 'ASO3995 PS MB group ph feeding, 1_40 PS single ph feeding, MB fg, 2_50 ML MB group ph-bark_01', 'ASO3737 HW single ph drum resting-traveling, 1_15 JN single ph feeding, HW single ph_01', 'ASO2125 KL OK KC JS group ph, FK single ph, OK KL KC KO group ph, PS single ph, PS single ph feeding_02', 'ASO1474 MS single ph intro_01', 'ASO3829 PS IN IS group ph resting, 1_30 HW single ph_01', 'ASO3128 KT single ph, ZL display drum, FK single ph drum display to KT, KT pg, ZL single ph drum 50m, FK single ph drum, KT single ph, ZL single ph drum 50m_01', 'ASO1624_02 HW single ph_01']
train_data_all: (78788, 769)
Labels in train_data_all:  {0: 924, 1: 77864}
--- 3.2054030895233154 seconds ---
LSTM(
  (lstm): LSTM(768, 1024, num_layers=2, dropout=0.2, bidirectional=True)
  (hidden2tag): Linear(in_features=2048, out_features=2, bias=True)
)
Number of parameters: 39882754

Train Epoch: 1 accuracy: 0.79 
 precision: [0.01867414 0.9900515 ] 
 recall: [0.32467532 0.79753159] 
 f1: [0.03531697 0.8834245 ] 
 f1_avg: 0.8734781698681937


Validation Epoch: 1 accuracy: 0.90 
 precision: [0.01108871 0.99788372] 
 recall: [0.36666667 0.90130785] 
 f1: [0.02152642 0.94714029] 
 f1_avg: 0.9443550924669463

New best val score, save model ...
--- 10.848802089691162 seconds ---

Train Epoch: 2 accuracy: 0.91 
 precision: [0.03861178 0.99075306] 
 recall: [0.27813853 0.91781825] 
 f1: [0.06781003 0.95289208] 
 f1_avg: 0.9425121231331137


Validation Epoch: 2 accuracy: 0.90 
 precision: [0.01157895 0.99789357] 
 recall: [0.36666667 0.9055332 ] 
 f1: [0.02244898 0.94947257] 
 f1_avg: 0.946683134739619

New best val score, save model ...
--- 14.64515733718872 seconds ---

Train Epoch: 3 accuracy: 0.91 
 precision: [0.04694474 0.99143739] 
 recall: [0.33008658 0.92047673] 
 f1: [0.08219916 0.95464021] 
 f1_avg: 0.9444085007818357


Validation Epoch: 3 accuracy: 0.90 
 precision: [0.01061571 0.99778467] 
 recall: [0.33333333 0.90623742] 
 f1: [0.02057613 0.94981021] 
 f1_avg: 0.947014116167436

New best val score, save model ...
--- 18.391931533813477 seconds ---

Train Epoch: 4 accuracy: 0.92 
 precision: [0.05984    0.99241777] 
 recall: [0.4047619  0.92453509] 
 f1: [0.1042654 0.9572745] 
 f1_avg: 0.9472706914410064


Validation Epoch: 4 accuracy: 0.92 
 precision: [0.01254705 0.99781969] 
 recall: [0.33333333 0.92082495] 
 f1: [0.0241838  0.95777743] 
 f1_avg: 0.9549682204531207

New best val score, save model ...
--- 22.226702451705933 seconds ---

Train Epoch: 5 accuracy: 0.93 
 precision: [0.08124672 0.99370527] 
 recall: [0.5021645  0.93261327] 
 f1: [0.13986436 0.96219052] 
 f1_avg: 0.9525465513238702


Validation Epoch: 5 accuracy: 0.93 
 precision: [0.01536098 0.99785385] 
 recall: [0.33333333 0.93551308] 
 f1: [0.02936858 0.96567838] 
 f1_avg: 0.9628610025618591

New best val score, save model ...
--- 26.038147926330566 seconds ---

Train Epoch: 6 accuracy: 0.94 
 precision: [0.09769094 0.99418076] 
 recall: [0.53571429 0.94128224] 
 f1: [0.16524787 0.96700861] 
 f1_avg: 0.9576058202665196


Validation Epoch: 6 accuracy: 0.94 
 precision: [0.01715266 0.99786939] 
 recall: [0.33333333 0.94235412] 
 f1: [0.03262643 0.96931754] 
 f1_avg: 0.9664990061449129

New best val score, save model ...
--- 29.88459801673889 seconds ---

Train Epoch: 7 accuracy: 0.94 
 precision: [0.11800699 0.99482563] 
 recall: [0.58441558 0.94816603] 
 f1: [0.19636364 0.97093558] 
 f1_avg: 0.9618516573325419


Validation Epoch: 7 accuracy: 0.95 
 precision: [0.02192982 0.99789783] 
 recall: [0.33333333 0.95513078] 
 f1: [0.04115226 0.97604606] 
 f1_avg: 0.9732329366218868

New best val score, save model ...
--- 33.72594738006592 seconds ---

Train Epoch: 8 accuracy: 0.95 
 precision: [0.13522538 0.99521416] 
 recall: [0.61363636 0.95343162] 
 f1: [0.22161423 0.97387494] 
 f1_avg: 0.9650526747837203


Validation Epoch: 8 accuracy: 0.96 
 precision: [0.02439024 0.99790795] 
 recall: [0.33333333 0.95975855] 
 f1: [0.04545455 0.97846154] 
 f1_avg: 0.9756540951525906

New best val score, save model ...
--- 37.58132219314575 seconds ---

Train Epoch: 9 accuracy: 0.95 
 precision: [0.15412748 0.99554429] 
 recall: [0.63852814 0.95841467] 
 f1: [0.2483165  0.97662671] 
 f1_avg: 0.9680853229456033


Validation Epoch: 9 accuracy: 0.96 
 precision: [0.02610966 0.99791384] 
 recall: [0.33333333 0.96247485] 
 f1: [0.04842615 0.97987402] 
 f1_avg: 0.9770712687198811

New best val score, save model ...
--- 41.4385461807251 seconds ---

Train Epoch: 10 accuracy: 0.96 
 precision: [0.17468499 0.99582979] 
 recall: [0.66017316 0.96298675] 
 f1: [0.27626812 0.97913293] 
 f1_avg: 0.970889963255181


Validation Epoch: 10 accuracy: 0.96 
 precision: [0.02518892 0.99791079] 
 recall: [0.33333333 0.9610664 ] 
 f1: [0.04683841 0.97914211] 
 f1_avg: 0.9763367832979952

--- 44.867478132247925 seconds ---

Train Epoch: 11 accuracy: 0.96 
 precision: [0.18901304 0.99583146] 
 recall: [0.65909091 0.96644149] 
 f1: [0.29377713 0.98091638] 
 f1_avg: 0.9728578335737098


Validation Epoch: 11 accuracy: 0.96 
 precision: [0.02583979 0.99791297] 
 recall: [0.33333333 0.96207243] 
 f1: [0.04796163 0.97966501] 
 f1_avg: 0.9768614897989157

--- 48.271857500076294 seconds ---

Train Epoch: 12 accuracy: 0.96 
 precision: [0.1982976  0.99609871] 
 recall: [0.68073593 0.96734049] 
 f1: [0.30712891 0.98150899] 
 f1_avg: 0.9736000814300156


Validation Epoch: 12 accuracy: 0.96 
 precision: [0.0255102  0.99791188] 
 recall: [0.33333333 0.96156942] 
 f1: [0.04739336 0.97940363] 
 f1_avg: 0.976599183301007

--- 51.65781092643738 seconds ---

Train Epoch: 13 accuracy: 0.96 
 precision: [0.19627025 0.99626574] 
 recall: [0.69480519 0.966236  ] 
 f1: [0.30607867 0.98102112] 
 f1_avg: 0.9731056121203713


Validation Epoch: 13 accuracy: 0.96 
 precision: [0.02531646 0.99791123] 
 recall: [0.33333333 0.96126761] 
 f1: [0.04705882 0.97924673] 
 f1_avg: 0.976441754616837

--- 55.06468677520752 seconds ---

Train Epoch: 14 accuracy: 0.96 
 precision: [0.1975089  0.99657898] 
 recall: [0.72077922 0.9652471 ] 
 f1: [0.31005587 0.98066284] 
 f1_avg: 0.9727981791053438


Validation Epoch: 14 accuracy: 0.96 
 precision: [0.0245098  0.99790839] 
 recall: [0.33333333 0.95995976] 
 f1: [0.0456621 0.9785663] 
 f1_avg: 0.9757591668888995

--- 58.45704174041748 seconds ---

Train Epoch: 15 accuracy: 0.96 
 precision: [0.19662008 0.99578661] 
 recall: [0.6547619  0.96825234] 
 f1: [0.30242439 0.98182647] 
 f1_avg: 0.9738586629182997


Validation Epoch: 15 accuracy: 0.95 
 precision: [0.02267574 0.99790114] 
 recall: [0.33333333 0.95663984] 
 f1: [0.04246285 0.97683497] 
 f1_avg: 0.9740234173880487

--- 61.85340070724487 seconds ---

Train Epoch: 16 accuracy: 0.96 
 precision: [0.16074313 0.9956443 ] 
 recall: [0.6461039  0.95996866] 
 f1: [0.25743855 0.97748107] 
 f1_avg: 0.9690366466330815


Validation Epoch: 16 accuracy: 0.96 
 precision: [0.02352941 0.99790466] 
 recall: [0.33333333 0.9582495 ] 
 f1: [0.04395604 0.97767513] 
 f1_avg: 0.9748655486886345

--- 65.28124761581421 seconds ---

Train Epoch: 17 accuracy: 0.96 
 precision: [0.18442623 0.99668566] 
 recall: [0.73051948 0.96166393] 
 f1: [0.29450262 0.97886164] 
 f1_avg: 0.970835700133622


Validation Epoch: 17 accuracy: 0.96 
 precision: [0.02590674 0.99791319] 
 recall: [0.33333333 0.96217304] 
 f1: [0.04807692 0.97971727] 
 f1_avg: 0.9769139400139809

--- 68.67966747283936 seconds ---

Train Epoch: 18 accuracy: 0.97 
 precision: [0.21128107 0.9965499 ] 
 recall: [0.71753247 0.96821381] 
 f1: [0.32644018 0.98217752] 
 f1_avg: 0.9744872472943282


Validation Epoch: 18 accuracy: 0.95 
 precision: [0.02267574 0.99790114] 
 recall: [0.33333333 0.95663984] 
 f1: [0.04246285 0.97683497] 
 f1_avg: 0.9740234173880487

--- 72.06997394561768 seconds ---

Train Epoch: 19 accuracy: 0.96 
 precision: [0.20595533 0.99655921] 
 recall: [0.71861472 0.96712216] 
 f1: [0.32015429 0.98162004] 
 f1_avg: 0.9738625884000215


Validation Epoch: 19 accuracy: 0.96 
 precision: [0.02518892 0.99791079] 
 recall: [0.33333333 0.9610664 ] 
 f1: [0.04683841 0.97914211] 
 f1_avg: 0.9763367832979952

--- 75.45123648643494 seconds ---

Train Epoch: 20 accuracy: 0.97 
 precision: [0.22462562 0.9967143 ] 
 recall: [0.73051948 0.97007603] 
 f1: [0.34359888 0.98321477] 
 f1_avg: 0.9757135646926086


Validation Epoch: 20 accuracy: 0.96 
 precision: [0.02666667 0.99791558] 
 recall: [0.33333333 0.96327968] 
 f1: [0.04938272 0.98029178] 
 f1_avg: 0.9774906533819053

New best val score, save model ...
--- 79.28057765960693 seconds ---

Train Epoch: 21 accuracy: 0.96 
 precision: [0.19878823 0.99688006] 
 recall: [0.745671   0.96433525] 
 f1: [0.31389522 0.98033763] 
 f1_avg: 0.9725218092363659


Validation Epoch: 21 accuracy: 0.96 
 precision: [0.0257732  0.99791275] 
 recall: [0.33333333 0.96197183] 
 f1: [0.04784689 0.97961274] 
 f1_avg: 0.9768090359058395

--- 82.67486691474915 seconds ---

Train Epoch: 22 accuracy: 0.96 
 precision: [0.19702381 0.99652649] 
 recall: [0.71645022 0.96534984] 
 f1: [0.30905696 0.98069045] 
 f1_avg: 0.9728137481835414


Validation Epoch: 22 accuracy: 0.96 
 precision: [0.02631579 0.99791449] 
 recall: [0.33333333 0.96277666] 
 f1: [0.04878049 0.98003072] 
 f1_avg: 0.9772285647921999

--- 86.07636952400208 seconds ---

Train Epoch: 23 accuracy: 0.97 
 precision: [0.22061192 0.99684209] 
 recall: [0.74134199 0.96892017] 
 f1: [0.34003475 0.98268283] 
 f1_avg: 0.9751460594227641


Validation Epoch: 23 accuracy: 0.96 
 precision: [0.025      0.99791014] 
 recall: [0.33333333 0.96076459] 
 f1: [0.04651163 0.97898514] 
 f1_avg: 0.9761792977899044

--- 89.46910619735718 seconds ---

Train Epoch: 24 accuracy: 0.97 
 precision: [0.2373502  0.99721577] 
 recall: [0.77164502 0.9705769 ] 
 f1: [0.36303462 0.98371603] 
 f1_avg: 0.9764368769247199


Validation Epoch: 24 accuracy: 0.96 
 precision: [0.02695418 0.99791645] 
 recall: [0.33333333 0.96368209] 
 f1: [0.04987531 0.98050054] 
 f1_avg: 0.9777002608802473

New best val score, save model ...
--- 93.32200288772583 seconds ---

Train Epoch: 25 accuracy: 0.96 
 precision: [0.19510775 0.99662924] 
 recall: [0.72510823 0.96450221] 
 f1: [0.3074805  0.98030258] 
 f1_avg: 0.9724119372254393


Validation Epoch: 25 accuracy: 0.96 
 precision: [0.0228833  0.99790202] 
 recall: [0.33333333 0.95704225] 
 f1: [0.04282655 0.97704514] 
 f1_avg: 0.97423405039585

--- 96.72951555252075 seconds ---

Train Epoch: 26 accuracy: 0.97 
 precision: [0.21983312 0.99684163] 
 recall: [0.74134199 0.9687789 ] 
 f1: [0.33910891 0.98260994] 
 f1_avg: 0.9750631711644334


Validation Epoch: 26 accuracy: 0.96 
 precision: [0.02538071 0.99791145] 
 recall: [0.33333333 0.96136821] 
 f1: [0.04716981 0.97929904] 
 f1_avg: 0.9764942346054977

--- 100.14870548248291 seconds ---

Train Epoch: 27 accuracy: 0.97 
 precision: [0.22943445 0.99722501] 
 recall: [0.77272727 0.96920271] 
 f1: [0.35381566 0.9830142 ] 
 f1_avg: 0.9756351627388645


Validation Epoch: 27 accuracy: 0.96 
 precision: [0.02849003 0.99792078] 
 recall: [0.33333333 0.96569416] 
 f1: [0.05249344 0.98154302] 
 f1_avg: 0.9787474883098252

New best val score, save model ...
--- 104.05027842521667 seconds ---

Train Epoch: 28 accuracy: 0.97 
 precision: [0.22399489 0.99706559] 
 recall: [0.75974026 0.96876605] 
 f1: [0.34598324 0.98271212] 
 f1_avg: 0.9752447760394248


Validation Epoch: 28 accuracy: 0.96 
 precision: [0.02890173 0.99792186] 
 recall: [0.33333333 0.96619718] 
 f1: [0.05319149 0.98180331] 
 f1_avg: 0.979009094083191

New best val score, save model ...
--- 107.90347123146057 seconds ---

Train Epoch: 29 accuracy: 0.97 
 precision: [0.22287199 0.99685643] 
 recall: [0.74242424 0.96927977] 
 f1: [0.34282859 0.98287471] 
 f1_avg: 0.9753684529479034


Validation Epoch: 29 accuracy: 0.96 
 precision: [0.0265252  0.99791515] 
 recall: [0.33333333 0.96307847] 
 f1: [0.04914005 0.98018738] 
 f1_avg: 0.9773858285931136

--- 111.30333638191223 seconds ---

Train Epoch: 30 accuracy: 0.97 
 precision: [0.21444201 0.99685139] 
 recall: [0.74242424 0.96772578] 
 f1: [0.3327674  0.98207269] 
 f1_avg: 0.9744578458772342


Validation Epoch: 30 accuracy: 0.96 
 precision: [0.02739726 0.99791775] 
 recall: [0.33333333 0.96428571] 
 f1: [0.05063291 0.98081351] 
 f1_avg: 0.9780145686873614

--- 114.70478963851929 seconds ---

Train Epoch: 31 accuracy: 0.97 
 precision: [0.24547627 0.99729762] 
 recall: [0.77813853 0.97161718] 
 f1: [0.37321568 0.98428992] 
 f1_avg: 0.9771234443520288


Validation Epoch: 31 accuracy: 0.96 
 precision: [0.02512563 0.99791057] 
 recall: [0.33333333 0.96096579] 
 f1: [0.04672897 0.97908979] 
 f1_avg: 0.9762842919442422

--- 118.10518145561218 seconds ---

Train Epoch: 32 accuracy: 0.97 
 precision: [0.22560597 0.99737991] 
 recall: [0.78571429 0.96799548] 
 f1: [0.35055529 0.98246803] 
 f1_avg: 0.9750571650252111


Validation Epoch: 32 accuracy: 0.96 
 precision: [0.02583979 0.99791297] 
 recall: [0.33333333 0.96207243] 
 f1: [0.04796163 0.97966501] 
 f1_avg: 0.9768614897989157

--- 121.50077772140503 seconds ---

Train Epoch: 33 accuracy: 0.97 
 precision: [0.23036649 0.99709502] 
 recall: [0.76190476 0.96979349] 
 f1: [0.35376884 0.98325477] 
 f1_avg: 0.975872366341183


Validation Epoch: 33 accuracy: 0.96 
 precision: [0.02659574 0.99791536] 
 recall: [0.33333333 0.96317907] 
 f1: [0.04926108 0.98023958] 
 f1_avg: 0.9774382427527056

--- 124.89579343795776 seconds ---

Train Epoch: 34 accuracy: 0.97 
 precision: [0.21882353 0.99639903] 
 recall: [0.70454545 0.97015309] 
 f1: [0.33393178 0.98310092] 
 f1_avg: 0.975487675219643


Validation Epoch: 34 accuracy: 0.96 
 precision: [0.0243309  0.99790773] 
 recall: [0.33333333 0.95965795] 
 f1: [0.04535147 0.97840915] 
 f1_avg: 0.9756015533739053

--- 128.31700491905212 seconds ---

Train Epoch: 35 accuracy: 0.97 
 precision: [0.21877002 0.99681495] 
 recall: [0.73917749 0.96867615] 
 f1: [0.3376174  0.98254413] 
 f1_avg: 0.974980637589255


Validation Epoch: 35 accuracy: 0.96 
 precision: [0.02380952 0.99790576] 
 recall: [0.33333333 0.95875252] 
 f1: [0.04444444 0.9779374 ] 
 f1_avg: 0.9751284982019774

--- 131.74555706977844 seconds ---

Train Epoch: 36 accuracy: 0.96 
 precision: [0.20487504 0.99655843] 
 recall: [0.71861472 0.96690383] 
 f1: [0.31884754 0.98150719] 
 f1_avg: 0.9737357365239854


Validation Epoch: 36 accuracy: 0.96 
 precision: [0.02512563 0.99791057] 
 recall: [0.33333333 0.96096579] 
 f1: [0.04672897 0.97908979] 
 f1_avg: 0.9762842919442422

--- 135.15056657791138 seconds ---

Train Epoch: 37 accuracy: 0.97 
 precision: [0.2360515  0.99724125] 
 recall: [0.77380952 0.97028152] 
 f1: [0.36175057 0.98357668] 
 f1_avg: 0.9762841039180404


Validation Epoch: 37 accuracy: 0.96 
 precision: [0.0265252  0.99791515] 
 recall: [0.33333333 0.96307847] 
 f1: [0.04914005 0.98018738] 
 f1_avg: 0.9773858285931136

--- 138.5478196144104 seconds ---

Train Epoch: 38 accuracy: 0.97 
 precision: [0.25154852 0.99745658] 
 recall: [0.79112554 0.97206668] 
 f1: [0.38172324 0.98459797] 
 f1_avg: 0.9775276547578509


Validation Epoch: 38 accuracy: 0.97 
 precision: [0.03076923 0.99792639] 
 recall: [0.33333333 0.96830986] 
 f1: [0.05633803 0.98289507] 
 f1_avg: 0.9801070375202743

New best val score, save model ...
--- 142.30106949806213 seconds ---

Train Epoch: 39 accuracy: 0.97 
 precision: [0.27876106 0.99779168] 
 recall: [0.81818182 0.97487928] 
 f1: [0.41584158 0.98620242] 
 f1_avg: 0.9795134104703325


Validation Epoch: 39 accuracy: 0.96 
 precision: [0.02777778 0.99791883] 
 recall: [0.33333333 0.96478873] 
 f1: [0.05128205 0.98107417] 
 f1_avg: 0.9782763991364217

--- 145.705171585083 seconds ---

Train Epoch: 40 accuracy: 0.97 
 precision: [0.22105931 0.99699874] 
 recall: [0.754329   0.96845782] 
 f1: [0.34191808 0.98252106] 
 f1_avg: 0.9750082756658663


Validation Epoch: 40 accuracy: 0.96 
 precision: [0.02564103 0.99791232] 
 recall: [0.33333333 0.96177062] 
 f1: [0.04761905 0.9795082 ] 
 f1_avg: 0.9767041170349456

--- 149.11119842529297 seconds ---

Train Epoch: 41 accuracy: 0.97 
 precision: [0.2089701  0.99610705] 
 recall: [0.68073593 0.96942104] 
 f1: [0.31977631 0.98258289] 
 f1_avg: 0.9748097078395491


Validation Epoch: 41 accuracy: 0.96 
 precision: [0.0245098  0.99790839] 
 recall: [0.33333333 0.95995976] 
 f1: [0.0456621 0.9785663] 
 f1_avg: 0.9757591668888995

--- 152.50760006904602 seconds ---

Train Epoch: 42 accuracy: 0.97 
 precision: [0.25541579 0.99745805] 
 recall: [0.79112554 0.97263177] 
 f1: [0.38615954 0.98488848] 
 f1_avg: 0.9778667862078382


Validation Epoch: 42 accuracy: 0.96 
 precision: [0.0273224  0.99791753] 
 recall: [0.33333333 0.96418511] 
 f1: [0.05050505 0.98076136] 
 f1_avg: 0.9779621925601412

--- 155.90950393676758 seconds ---

Train Epoch: 43 accuracy: 0.97 
 precision: [0.23971948 0.9977264 ] 
 recall: [0.81385281 0.96936967] 
 f1: [0.37035213 0.98334365] 
 f1_avg: 0.9761546823597932


Validation Epoch: 43 accuracy: 0.97 
 precision: [0.03003003 0.99792467] 
 recall: [0.33333333 0.96750503] 
 f1: [0.05509642 0.98247944] 
 f1_avg: 0.9796889195332126

--- 159.31681847572327 seconds ---

Train Epoch: 44 accuracy: 0.97 
 precision: [0.24939467 0.99732532] 
 recall: [0.78030303 0.97213089] 
 f1: [0.37798165 0.98456696] 
 f1_avg: 0.9774531229232728


Validation Epoch: 44 accuracy: 0.96 
 precision: [0.02881844 0.99792165] 
 recall: [0.33333333 0.96609658] 
 f1: [0.0530504  0.98175127] 
 f1_avg: 0.9789567790834068

--- 162.71129941940308 seconds ---

Train Epoch: 45 accuracy: 0.97 
 precision: [0.23092236 0.99699105] 
 recall: [0.75324675 0.97023014] 
 f1: [0.35347892 0.98342858] 
 f1_avg: 0.9760407345034254


Validation Epoch: 45 accuracy: 0.96 
 precision: [0.02604167 0.99791362] 
 recall: [0.33333333 0.96237425] 
 f1: [0.04830918 0.97982178] 
 f1_avg: 0.9770188294614696

--- 166.1195046901703 seconds ---

Train Epoch: 46 accuracy: 0.97 
 precision: [0.24473258 0.99776759] 
 recall: [0.81709957 0.97007603] 
 f1: [0.37665253 0.98372697] 
 f1_avg: 0.9766074012955246


Validation Epoch: 46 accuracy: 0.97 
 precision: [0.0308642 0.9979266] 
 recall: [0.33333333 0.96841046] 
 f1: [0.05649718 0.982947  ] 
 f1_avg: 0.9801592903399747

New best val score, save model ...
--- 169.86442279815674 seconds ---

Train Epoch: 47 accuracy: 0.97 
 precision: [0.23072271 0.99786701] 
 recall: [0.82575758 0.96732765] 
 f1: [0.36067124 0.98236004] 
 f1_avg: 0.9750690740624977


Validation Epoch: 47 accuracy: 0.96 
 precision: [0.02949853 0.99792337] 
 recall: [0.33333333 0.96690141] 
 f1: [0.05420054 0.98216749] 
 f1_avg: 0.9793752150336228

--- 173.27297234535217 seconds ---

Train Epoch: 48 accuracy: 0.97 
 precision: [0.27599244 0.99745216] 
 recall: [0.79004329 0.97540584] 
 f1: [0.40907817 0.98630582] 
 f1_avg: 0.9795362794811


Validation Epoch: 48 accuracy: 0.96 
 precision: [0.02762431 0.9979184 ] 
 recall: [0.33333333 0.96458753] 
 f1: [0.05102041 0.98096992] 
 f1_avg: 0.9781716769305424

--- 176.67683362960815 seconds ---

Train Epoch: 49 accuracy: 0.97 
 precision: [0.26435536 0.99747432] 
 recall: [0.79220779 0.973839  ] 
 f1: [0.39642567 0.98551497] 
 f1_avg: 0.9786063217534046


Validation Epoch: 49 accuracy: 0.96 
 precision: [0.02857143 0.997921  ] 
 recall: [0.33333333 0.96579477] 
 f1: [0.05263158 0.98159509] 
 f1_avg: 0.9787998156562034

--- 180.07958221435547 seconds ---

Train Epoch: 50 accuracy: 0.97 
 precision: [0.24907811 0.99761229] 
 recall: [0.80411255 0.97123189] 
 f1: [0.38034297 0.98424536] 
 f1_avg: 0.9771629880783955


Validation Epoch: 50 accuracy: 0.96 
 precision: [0.02785515 0.99791905] 
 recall: [0.33333333 0.96488934] 
 f1: [0.05141388 0.98112629] 
 f1_avg: 0.9783287553010508

--- 183.48475098609924 seconds ---

Train Epoch: 51 accuracy: 0.97 
 precision: [0.25516774 0.99774516] 
 recall: [0.81493506 0.97177129] 
 f1: [0.38864516 0.98458696] 
 f1_avg: 0.977597946524308


Validation Epoch: 51 accuracy: 0.97 
 precision: [0.03030303 0.99792531] 
 recall: [0.33333333 0.96780684] 
 f1: [0.05555556 0.98263534] 
 f1_avg: 0.9798457340014596

--- 186.87472701072693 seconds ---

Train Epoch: 52 accuracy: 0.97 
 precision: [0.28615267 0.99766346] 
 recall: [0.80735931 0.97609935] 
 f1: [0.42254319 0.98676361] 
 f1_avg: 0.9801466147472312


Validation Epoch: 52 accuracy: 0.97 
 precision: [0.03289474 0.99793089] 
 recall: [0.33333333 0.97042254] 
 f1: [0.05988024 0.98398449] 
 f1_avg: 0.9812038398132348

New best val score, save model ...
--- 190.61329126358032 seconds ---

Train Epoch: 53 accuracy: 0.98 
 precision: [0.29862475 0.99784898] 
 recall: [0.82251082 0.97707541] 
 f1: [0.43816662 0.98735294] 
 f1_avg: 0.9809122647608418


Validation Epoch: 53 accuracy: 0.97 
 precision: [0.03174603 0.99792853] 
 recall: [0.33333333 0.9693159 ] 
 f1: [0.05797101 0.98341414] 
 f1_avg: 0.9806294528437036

--- 194.0122265815735 seconds ---

Train Epoch: 54 accuracy: 0.97 
 precision: [0.27914555 0.99798753] 
 recall: [0.83441558 0.97442977] 
 f1: [0.41833966 0.98606797] 
 f1_avg: 0.979409837972362


Validation Epoch: 54 accuracy: 0.97 
 precision: [0.0308642 0.9979266] 
 recall: [0.33333333 0.96841046] 
 f1: [0.05649718 0.982947  ] 
 f1_avg: 0.9801592903399747

--- 197.40657114982605 seconds ---

Train Epoch: 55 accuracy: 0.97 
 precision: [0.27168459 0.99781573] 
 recall: [0.82034632 0.97390322] 
 f1: [0.40818525 0.98571447] 
 f1_avg: 0.9789413967637511


Validation Epoch: 55 accuracy: 0.97 
 precision: [0.03067485 0.99792617] 
 recall: [0.33333333 0.96820926] 
 f1: [0.05617978 0.98284314] 
 f1_avg: 0.9800547821035258

--- 200.79857516288757 seconds ---

Train Epoch: 56 accuracy: 0.97 
 precision: [0.28603688 0.99784582] 
 recall: [0.82251082 0.97563701] 
 f1: [0.42446244 0.98661645] 
 f1_avg: 0.9800236894941958


Validation Epoch: 56 accuracy: 0.96 
 precision: [0.02898551 0.99792208] 
 recall: [0.33333333 0.96629779] 
 f1: [0.05333333 0.98185535] 
 f1_avg: 0.9790614060428153

--- 204.19252228736877 seconds ---

Train Epoch: 57 accuracy: 0.97 
 precision: [0.28158184 0.99796205] 
 recall: [0.83225108 0.97480222] 
 f1: [0.42079343 0.98624619] 
 f1_avg: 0.9796147454748109


Validation Epoch: 57 accuracy: 0.97 
 precision: [0.03194888 0.99792896] 
 recall: [0.33333333 0.9695171 ] 
 f1: [0.05830904 0.98351789] 
 f1_avg: 0.9807339069127181

--- 207.58843755722046 seconds ---

Train Epoch: 58 accuracy: 0.97 
 precision: [0.28212814 0.99775352] 
 recall: [0.81493506 0.97539299] 
 f1: [0.41914834 0.98644656] 
 f1_avg: 0.979793467149612


Validation Epoch: 58 accuracy: 0.97 
 precision: [0.03246753 0.99793004] 
 recall: [0.33333333 0.97002012] 
 f1: [0.0591716  0.98377717] 
 f1_avg: 0.9809950024018805

--- 210.98826265335083 seconds ---

Train Epoch: 59 accuracy: 0.97 
 precision: [0.29155206 0.9976129 ] 
 recall: [0.8030303  0.97684424] 
 f1: [0.42778899 0.98711934] 
 f1_avg: 0.9805596949975736


Validation Epoch: 59 accuracy: 0.96 
 precision: [0.02840909 0.99792057] 
 recall: [0.33333333 0.96559356] 
 f1: [0.05235602 0.98149095] 
 f1_avg: 0.9786951578312387

--- 214.3891248703003 seconds ---

Train Epoch: 60 accuracy: 0.97 
 precision: [0.25041681 0.99771735] 
 recall: [0.81277056 0.97112915] 
 f1: [0.38287025 0.98424372] 
 f1_avg: 0.9771910058713406


Validation Epoch: 60 accuracy: 0.97 
 precision: [0.02967359 0.9979238 ] 
 recall: [0.33333333 0.96710262] 
 f1: [0.05449591 0.9822715 ] 
 f1_avg: 0.9794797945926927

--- 217.79463958740234 seconds ---

Train Epoch: 61 accuracy: 0.97 
 precision: [0.26241135 0.99757793] 
 recall: [0.8008658  0.97328676] 
 f1: [0.39529915 0.98528265] 
 f1_avg: 0.9783635116853793


Validation Epoch: 61 accuracy: 0.97 
 precision: [0.03508772 0.99793495] 
 recall: [0.33333333 0.972334  ] 
 f1: [0.06349206 0.98496815] 
 f1_avg: 0.9821954063585966

New best val score, save model ...
--- 221.55150294303894 seconds ---

Train Epoch: 62 accuracy: 0.98 
 precision: [0.29955947 0.99769304] 
 recall: [0.80952381 0.97753776] 
 f1: [0.43729904 0.98751257] 
 f1_avg: 0.9810598434256691


Validation Epoch: 62 accuracy: 0.97 
 precision: [0.03311258 0.99793132] 
 recall: [0.33333333 0.97062374] 
 f1: [0.06024096 0.98408813] 
 f1_avg: 0.9813082461612617

--- 224.95292592048645 seconds ---

Train Epoch: 63 accuracy: 0.97 
 precision: [0.25436148 0.99743157] 
 recall: [0.78896104 0.97255471] 
 f1: [0.38469657 0.98483607] 
 f1_avg: 0.9777978303225665


Validation Epoch: 63 accuracy: 0.97 
 precision: [0.03144654 0.99792789] 
 recall: [0.33333333 0.96901408] 
 f1: [0.05747126 0.98325847] 
 f1_avg: 0.9804727540642795

--- 228.3471601009369 seconds ---

Train Epoch: 64 accuracy: 0.97 
 precision: [0.23402226 0.99751464] 
 recall: [0.7965368  0.96906144] 
 f1: [0.36175965 0.9830822 ] 
 f1_avg: 0.9757955361392933


Validation Epoch: 64 accuracy: 0.96 
 precision: [0.02688172 0.99791623] 
 recall: [0.33333333 0.96358149] 
 f1: [0.04975124 0.98044836] 
 f1_avg: 0.9776478642295494

--- 231.74599528312683 seconds ---

Train Epoch: 65 accuracy: 0.97 
 precision: [0.2486541  0.99755988] 
 recall: [0.79978355 0.97132179] 
 f1: [0.37936345 0.98426601] 
 f1_avg: 0.9771719071302505


Validation Epoch: 65 accuracy: 0.96 
 precision: [0.02923977 0.99792273] 
 recall: [0.33333333 0.9665996 ] 
 f1: [0.05376344 0.98201145] 
 f1_avg: 0.9792183238714642

--- 235.14076852798462 seconds ---

Train Epoch: 66 accuracy: 0.97 
 precision: [0.27602131 0.9980651 ] 
 recall: [0.84090909 0.97382616] 
 f1: [0.41561915 0.98579665] 
 f1_avg: 0.9791097988443885


Validation Epoch: 66 accuracy: 0.97 
 precision: [0.03003003 0.99792467] 
 recall: [0.33333333 0.96750503] 
 f1: [0.05509642 0.98247944] 
 f1_avg: 0.9796889195332126

--- 238.53103947639465 seconds ---

Train Epoch: 67 accuracy: 0.97 
 precision: [0.28074074 0.99781832] 
 recall: [0.82034632 0.97505908] 
 f1: [0.4183223  0.98630742] 
 f1_avg: 0.9796462759649159


Validation Epoch: 67 accuracy: 0.97 
 precision: [0.03225806 0.99792961] 
 recall: [0.33333333 0.96981891] 
 f1: [0.05882353 0.98367347] 
 f1_avg: 0.9808905708722808

--- 241.92485165596008 seconds ---

Train Epoch: 68 accuracy: 0.97 
 precision: [0.27484529 0.99777751] 
 recall: [0.81709957 0.97441693] 
 f1: [0.41133206 0.98595887] 
 f1_avg: 0.9792198346964048


Validation Epoch: 68 accuracy: 0.97 
 precision: [0.03246753 0.99793004] 
 recall: [0.33333333 0.97002012] 
 f1: [0.0591716  0.98377717] 
 f1_avg: 0.9809950024018805

Early stopping!

Test Epoch: accuracy: 0.97 
 precision: [0.04494382 1.        ] 
 recall: [1.        0.9733124] 
 f1: [0.08602151 0.98647574] 
 f1_avg: 0.9853462856056339

--- 245.8293216228485 seconds ---

Test Epoch: accuracy: 0.97 
 precision: [0.03508772 0.99793495] 
 recall: [0.33333333 0.972334  ] 
 f1: [0.06349206 0.98496815] 
 f1_avg: 0.9821954063585966

--- 245.92567777633667 seconds ---
