Requirement already satisfied: scikit-learn in /net/cephfs/data/zifjia/condaenvs/audio_clf/lib/python3.8/site-packages (1.1.2)
Requirement already satisfied: joblib>=1.0.0 in /net/cephfs/data/zifjia/condaenvs/audio_clf/lib/python3.8/site-packages (from scikit-learn) (1.1.0)
Requirement already satisfied: threadpoolctl>=2.0.0 in /net/cephfs/data/zifjia/condaenvs/audio_clf/lib/python3.8/site-packages (from scikit-learn) (3.1.0)
Requirement already satisfied: numpy>=1.17.3 in /net/cephfs/data/zifjia/condaenvs/audio_clf/lib/python3.8/site-packages (from scikit-learn) (1.22.3)
Requirement already satisfied: scipy>=1.3.2 in /net/cephfs/data/zifjia/condaenvs/audio_clf/lib/python3.8/site-packages (from scikit-learn) (1.9.1)
Requirement already satisfied: tensorboard in /net/cephfs/data/zifjia/condaenvs/audio_clf/lib/python3.8/site-packages (2.10.1)
Requirement already satisfied: wheel>=0.26 in /net/cephfs/data/zifjia/condaenvs/audio_clf/lib/python3.8/site-packages (from tensorboard) (0.37.1)
Requirement already satisfied: absl-py>=0.4 in /net/cephfs/home/zifjia/.local/lib/python3.8/site-packages (from tensorboard) (1.2.0)
Requirement already satisfied: numpy>=1.12.0 in /net/cephfs/data/zifjia/condaenvs/audio_clf/lib/python3.8/site-packages (from tensorboard) (1.22.3)
Requirement already satisfied: tensorboard-plugin-wit>=1.6.0 in /net/cephfs/home/zifjia/.local/lib/python3.8/site-packages (from tensorboard) (1.8.1)
Requirement already satisfied: setuptools>=41.0.0 in /net/cephfs/data/zifjia/condaenvs/audio_clf/lib/python3.8/site-packages (from tensorboard) (60.8.1)
Requirement already satisfied: protobuf<3.20,>=3.9.2 in /net/cephfs/home/zifjia/.local/lib/python3.8/site-packages (from tensorboard) (3.19.4)
Requirement already satisfied: google-auth<3,>=1.6.3 in /net/cephfs/home/zifjia/.local/lib/python3.8/site-packages (from tensorboard) (2.9.1)
Requirement already satisfied: requests<3,>=2.21.0 in /net/cephfs/data/zifjia/condaenvs/audio_clf/lib/python3.8/site-packages (from tensorboard) (2.28.1)
Requirement already satisfied: tensorboard-data-server<0.7.0,>=0.6.0 in /net/cephfs/home/zifjia/.local/lib/python3.8/site-packages (from tensorboard) (0.6.1)
Requirement already satisfied: grpcio>=1.24.3 in /net/cephfs/home/zifjia/.local/lib/python3.8/site-packages (from tensorboard) (1.47.0)
Requirement already satisfied: markdown>=2.6.8 in /net/cephfs/home/zifjia/.local/lib/python3.8/site-packages (from tensorboard) (3.4.1)
Requirement already satisfied: google-auth-oauthlib<0.5,>=0.4.1 in /net/cephfs/home/zifjia/.local/lib/python3.8/site-packages (from tensorboard) (0.4.6)
Requirement already satisfied: werkzeug>=1.0.1 in /net/cephfs/data/zifjia/condaenvs/audio_clf/lib/python3.8/site-packages (from tensorboard) (2.1.2)
Requirement already satisfied: cachetools<6.0,>=2.0.0 in /net/cephfs/home/zifjia/.local/lib/python3.8/site-packages (from google-auth<3,>=1.6.3->tensorboard) (5.2.0)
Requirement already satisfied: six>=1.9.0 in /net/cephfs/data/zifjia/condaenvs/audio_clf/lib/python3.8/site-packages (from google-auth<3,>=1.6.3->tensorboard) (1.16.0)
Requirement already satisfied: pyasn1-modules>=0.2.1 in /net/cephfs/home/zifjia/.local/lib/python3.8/site-packages (from google-auth<3,>=1.6.3->tensorboard) (0.2.8)
Requirement already satisfied: rsa<5,>=3.1.4 in /net/cephfs/home/zifjia/.local/lib/python3.8/site-packages (from google-auth<3,>=1.6.3->tensorboard) (4.9)
Requirement already satisfied: requests-oauthlib>=0.7.0 in /net/cephfs/home/zifjia/.local/lib/python3.8/site-packages (from google-auth-oauthlib<0.5,>=0.4.1->tensorboard) (1.3.1)
Requirement already satisfied: importlib-metadata>=4.4 in /net/cephfs/home/zifjia/.local/lib/python3.8/site-packages (from markdown>=2.6.8->tensorboard) (4.12.0)
Requirement already satisfied: charset-normalizer<3,>=2 in /net/cephfs/data/zifjia/condaenvs/audio_clf/lib/python3.8/site-packages (from requests<3,>=2.21.0->tensorboard) (2.1.1)
Requirement already satisfied: certifi>=2017.4.17 in /net/cephfs/data/zifjia/condaenvs/audio_clf/lib/python3.8/site-packages (from requests<3,>=2.21.0->tensorboard) (2022.9.14)
Requirement already satisfied: urllib3<1.27,>=1.21.1 in /net/cephfs/data/zifjia/condaenvs/audio_clf/lib/python3.8/site-packages (from requests<3,>=2.21.0->tensorboard) (1.26.12)
Requirement already satisfied: idna<4,>=2.5 in /net/cephfs/data/zifjia/condaenvs/audio_clf/lib/python3.8/site-packages (from requests<3,>=2.21.0->tensorboard) (3.4)
Requirement already satisfied: zipp>=0.5 in /net/cephfs/data/zifjia/condaenvs/audio_clf/lib/python3.8/site-packages (from importlib-metadata>=4.4->markdown>=2.6.8->tensorboard) (3.8.0)
Requirement already satisfied: pyasn1<0.5.0,>=0.4.6 in /net/cephfs/home/zifjia/.local/lib/python3.8/site-packages (from pyasn1-modules>=0.2.1->google-auth<3,>=1.6.3->tensorboard) (0.4.8)
Requirement already satisfied: oauthlib>=3.0.0 in /net/cephfs/home/zifjia/.local/lib/python3.8/site-packages (from requests-oauthlib>=0.7.0->google-auth-oauthlib<0.5,>=0.4.1->tensorboard) (3.2.0)
Requirement already satisfied: torch in /net/cephfs/data/zifjia/condaenvs/audio_clf/lib/python3.8/site-packages (1.12.1)
Requirement already satisfied: torchvision in /net/cephfs/data/zifjia/condaenvs/audio_clf/lib/python3.8/site-packages (0.13.1)
Requirement already satisfied: torchaudio in /net/cephfs/data/zifjia/condaenvs/audio_clf/lib/python3.8/site-packages (0.12.1)
Requirement already satisfied: typing-extensions in /net/cephfs/data/zifjia/condaenvs/audio_clf/lib/python3.8/site-packages (from torch) (4.0.1)
Requirement already satisfied: pillow!=8.3.*,>=5.3.0 in /net/cephfs/data/zifjia/condaenvs/audio_clf/lib/python3.8/site-packages (from torchvision) (9.0.1)
Requirement already satisfied: numpy in /net/cephfs/data/zifjia/condaenvs/audio_clf/lib/python3.8/site-packages (from torchvision) (1.22.3)
Requirement already satisfied: requests in /net/cephfs/data/zifjia/condaenvs/audio_clf/lib/python3.8/site-packages (from torchvision) (2.28.1)
Requirement already satisfied: certifi>=2017.4.17 in /net/cephfs/data/zifjia/condaenvs/audio_clf/lib/python3.8/site-packages (from requests->torchvision) (2022.9.14)
Requirement already satisfied: urllib3<1.27,>=1.21.1 in /net/cephfs/data/zifjia/condaenvs/audio_clf/lib/python3.8/site-packages (from requests->torchvision) (1.26.12)
Requirement already satisfied: idna<4,>=2.5 in /net/cephfs/data/zifjia/condaenvs/audio_clf/lib/python3.8/site-packages (from requests->torchvision) (3.4)
Requirement already satisfied: charset-normalizer<3,>=2 in /net/cephfs/data/zifjia/condaenvs/audio_clf/lib/python3.8/site-packages (from requests->torchvision) (2.1.1)
{'name': 'chimp_waveform_lstm_0', 'data_path': '/home/cluster/zifjia/data/data_chimp/waveform_split_0', 'test_only': False, 'balance_weights': True, 'model_type': 'lstm', 'n_embedding': 320, 'd_hid': 1024, 'nlayers': 2, 'batch_size': 1, 'n_epoch': 200, 'lr': 0.0001, 'dropout': 0.4, 'patience': 10, 'step_factor': 0.7, 'seed': 0}
cuda
Reading data ...
train, dev, test number of files: 188, 23, 24.
dev files:  ['ASO0485 Sonso MS single ph feeding_01', 'ASO2186 ZL single ph start_01', 'ASO0120 Sonso KZ single ph fg feeding_01', 'ASO4619 ZL unk group ph, PS single ph intro_01', 'ASO3700 HW single ph drum Travel_01', 'ASO0087 Sonso HW single ph feeding_01', 'ASO2860 PS single ph, PS ZL group ph fg, ZL single ph feeding, FK single ph, group fg, HW MS group ph drum, 7_15 FK single ph, 10_30 PS single ph start_01', 'ASO0907 Sonso PS single ph drum traveling_01', 'ASO3888 unk group ph resting, unk group pg, HW display drum, OK pg to HW, DL pg to HW, 1_35 unk single ph start, 3_30 KT single ph intro feeding_01', 'ASO3150 KT single ph_01', 'ASO3089 ZL single ph drum traveling_01', 'ASO0480 Sonso KZ KT group ph, KZ KT group ph, KT single ph feeding_01', 'ASO2860 MS comes back after long time, SM FK group scream, unk_m bark, FK SM fg, 3_30 PS single ph, PS ZL group ph fg, ZL single ph feeding, FK single ph, group fg, HW MS group ph drum, 7_15 FK single ph, 10_30 PS single ph start_01', 'ASO2038 HW single ph drum, IN DL JS group ph _01', 'ASO3192 FK single ph drum_01', 'ASO1579 HW single ph drum_01', 'ASO3106 ZD group ph drum, unk group ph other party, ZD single ph drum traveling-resting_02', 'ASO0651 Sonso FK single ph_01', 'ASO4567 KC display drum (not visible), FK SM group ph drum, 1_50 ZL single ph drum travel_01', 'ASO0782 Sonso ZL single ph drum_01', 'ASO4445 KT MS group ph drum traveling, 2_20 KT whimper, MS single ph drum, KT bark_01', 'ASO2554 PS single ph start nest_01', 'ASO1095 Sonso SQ single ph feeding_01']
test files:  ['ASO0778 Sonso ZL single ph start, ZL single ph drum_01', 'ASO0083 Sonso HW single ph slap_01', 'ASO3079 HW single ph drum traveling_01', 'ASO3654 HW single ph_01', 'ASO3041 MS single ph drum traveling_01', 'ASO2546 FK single fg ph feeding, HW single ph drum, FK fg, FK single ph, FK fg_01', 'ASO3457 KT single ph_01', 'ASO0020 Sonso SQ single ph, PS single ph other party 2_01', 'ASO0809 Sonso PS single ph_01', 'ASO3174 PS single ph feeding_01', 'ASO0089 Sonso HW single ph drum_01', 'ASO3799 KT single ph_01', 'ASO1472 MS single ph, SM KA group ph-pg_01', 'ASO1514 MS single ph intro, KC group ph_01', 'ASO3512 PS single ph_01', 'ASO2125 KL OK KC JS group ph, FK single ph, OK KL KC KO group ph, PS single ph, PS single ph feeding_01', 'ASO2860 PS single ph, PS ZL group ph fg, ZL single ph feeding, FK single ph, group fg, HW MS group ph drum, 7_15 FK single ph, 10_30 PS single ph start_02', 'ASO3995 PS MB group ph feeding, 1_40 PS single ph feeding, MB fg, 2_50 ML MB group ph-bark_01', 'ASO3737 HW single ph drum resting-traveling, 1_15 JN single ph feeding, HW single ph_01', 'ASO2125 KL OK KC JS group ph, FK single ph, OK KL KC KO group ph, PS single ph, PS single ph feeding_02', 'ASO1474 MS single ph intro_01', 'ASO3829 PS IN IS group ph resting, 1_30 HW single ph_01', 'ASO3128 KT single ph, ZL display drum, FK single ph drum display to KT, KT pg, ZL single ph drum 50m, FK single ph drum, KT single ph, ZL single ph drum 50m_01', 'ASO1624_02 HW single ph_01']
train_data_all: (78788, 321)
Labels in train_data_all:  {0: 924, 1: 38362, 2: 17480, 3: 15285, 4: 6737}
--- 5.0162577629089355 seconds ---
LSTM(
  (lstm): LSTM(320, 1024, num_layers=2, dropout=0.4, bidirectional=True)
  (hidden2tag): Linear(in_features=2048, out_features=5, bias=True)
)
Number of parameters: 36218885

Train Epoch: 1 accuracy: 0.31 
 precision: [1.         0.54332678 1.         1.         0.12083893] 
 recall: [0.         0.50406652 0.         0.         0.77482559] 
 f1: [0.         0.52296084 0.         0.         0.20907179] 
 f1_avg: 0.2725077473113863


Validation Epoch: 1 accuracy: 0.50 
 precision: [1.         0.50100301 1.         1.         1.        ] 
 recall: [0. 1. 0. 0. 0.] 
 f1: [0.         0.66755763 0.         0.         0.        ] 
 f1_avg: 0.3344483835737081

New best val score, save model ...
--- 22.773154497146606 seconds ---

Train Epoch: 2 accuracy: 0.49 
 precision: [1.         0.48690156 1.         1.         1.        ] 
 recall: [0. 1. 0. 0. 0.] 
 f1: [0.         0.65492104 0.         0.         0.        ] 
 f1_avg: 0.3188820758260588


Validation Epoch: 2 accuracy: 0.50 
 precision: [1.         0.50100301 1.         1.         1.        ] 
 recall: [0. 1. 0. 0. 0.] 
 f1: [0.         0.66755763 0.         0.         0.        ] 
 f1_avg: 0.3344483835737081

--- 36.50105428695679 seconds ---

Train Epoch: 3 accuracy: 0.49 
 precision: [1.         0.48690774 1.         1.         0.        ] 
 recall: [0. 1. 0. 0. 0.] 
 f1: [0.         0.65492663 0.         0.         0.        ] 
 f1_avg: 0.3188847978473806


Validation Epoch: 3 accuracy: 0.50 
 precision: [1.         0.50100301 1.         1.         1.        ] 
 recall: [0. 1. 0. 0. 0.] 
 f1: [0.         0.66755763 0.         0.         0.        ] 
 f1_avg: 0.3344483835737081

--- 50.301926136016846 seconds ---

Train Epoch: 4 accuracy: 0.49 
 precision: [1.         0.48690774 1.         1.         0.        ] 
 recall: [0. 1. 0. 0. 0.] 
 f1: [0.         0.65492663 0.         0.         0.        ] 
 f1_avg: 0.3188847978473806


Validation Epoch: 4 accuracy: 0.50 
 precision: [1.         0.50100301 1.         1.         1.        ] 
 recall: [0. 1. 0. 0. 0.] 
 f1: [0.         0.66755763 0.         0.         0.        ] 
 f1_avg: 0.3344483835737081

--- 64.14607429504395 seconds ---

Train Epoch: 5 accuracy: 0.49 
 precision: [1.         0.48690774 1.         1.         0.        ] 
 recall: [0. 1. 0. 0. 0.] 
 f1: [0.         0.65492663 0.         0.         0.        ] 
 f1_avg: 0.3188847978473806


Validation Epoch: 5 accuracy: 0.50 
 precision: [1.         0.50100301 1.         1.         1.        ] 
 recall: [0. 1. 0. 0. 0.] 
 f1: [0.         0.66755763 0.         0.         0.        ] 
 f1_avg: 0.3344483835737081

--- 78.03659296035767 seconds ---

Train Epoch: 6 accuracy: 0.49 
 precision: [1.         0.48690774 1.         1.         1.        ] 
 recall: [0.00000000e+00 1.00000000e+00 0.00000000e+00 6.54236179e-05
 0.00000000e+00] 
 f1: [0.00000000e+00 6.54926632e-01 0.00000000e+00 1.30838676e-04
 0.00000000e+00] 
 f1_avg: 0.3189101807630699


Validation Epoch: 6 accuracy: 0.50 
 precision: [1.         0.50100301 1.         1.         1.        ] 
 recall: [0. 1. 0. 0. 0.] 
 f1: [0.         0.66755763 0.         0.         0.        ] 
 f1_avg: 0.3344483835737081

--- 91.97482299804688 seconds ---

Train Epoch: 7 accuracy: 0.49 
 precision: [1.         0.48690774 1.         1.         1.        ] 
 recall: [0.00000000e+00 1.00000000e+00 0.00000000e+00 6.54236179e-05
 0.00000000e+00] 
 f1: [0.00000000e+00 6.54926632e-01 0.00000000e+00 1.30838676e-04
 0.00000000e+00] 
 f1_avg: 0.3189101807630699


Validation Epoch: 7 accuracy: 0.50 
 precision: [1.         0.50100301 1.         1.         1.        ] 
 recall: [0. 1. 0. 0. 0.] 
 f1: [0.         0.66755763 0.         0.         0.        ] 
 f1_avg: 0.3344483835737081

--- 105.91179823875427 seconds ---

Train Epoch: 8 accuracy: 0.49 
 precision: [1.         0.48690774 1.         1.         1.        ] 
 recall: [0.00000000e+00 1.00000000e+00 0.00000000e+00 6.54236179e-05
 0.00000000e+00] 
 f1: [0.00000000e+00 6.54926632e-01 0.00000000e+00 1.30838676e-04
 0.00000000e+00] 
 f1_avg: 0.3189101807630699


Validation Epoch: 8 accuracy: 0.50 
 precision: [1.         0.50100301 1.         1.         1.        ] 
 recall: [0. 1. 0. 0. 0.] 
 f1: [0.         0.66755763 0.         0.         0.        ] 
 f1_avg: 0.3344483835737081

--- 119.87951397895813 seconds ---

Train Epoch: 9 accuracy: 0.49 
 precision: [1.         0.48690156 1.         1.         1.        ] 
 recall: [0. 1. 0. 0. 0.] 
 f1: [0.         0.65492104 0.         0.         0.        ] 
 f1_avg: 0.3188820758260588


Validation Epoch: 9 accuracy: 0.50 
 precision: [1.         0.50100301 1.         1.         1.        ] 
 recall: [0. 1. 0. 0. 0.] 
 f1: [0.         0.66755763 0.         0.         0.        ] 
 f1_avg: 0.3344483835737081

--- 133.8507797718048 seconds ---

Train Epoch: 10 accuracy: 0.49 
 precision: [1.         0.48690156 1.         1.         1.        ] 
 recall: [0. 1. 0. 0. 0.] 
 f1: [0.         0.65492104 0.         0.         0.        ] 
 f1_avg: 0.3188820758260588


Validation Epoch: 10 accuracy: 0.50 
 precision: [1.         0.50100301 1.         1.         1.        ] 
 recall: [0. 1. 0. 0. 0.] 
 f1: [0.         0.66755763 0.         0.         0.        ] 
 f1_avg: 0.3344483835737081

--- 147.81719994544983 seconds ---

Train Epoch: 11 accuracy: 0.49 
 precision: [1.         0.48690156 1.         1.         1.        ] 
 recall: [0. 1. 0. 0. 0.] 
 f1: [0.         0.65492104 0.         0.         0.        ] 
 f1_avg: 0.3188820758260588


Validation Epoch: 11 accuracy: 0.50 
 precision: [1.         0.50100301 1.         1.         1.        ] 
 recall: [0. 1. 0. 0. 0.] 
 f1: [0.         0.66755763 0.         0.         0.        ] 
 f1_avg: 0.3344483835737081

--- 161.77497482299805 seconds ---

Train Epoch: 12 accuracy: 0.49 
 precision: [1.         0.48690156 1.         1.         1.        ] 
 recall: [0. 1. 0. 0. 0.] 
 f1: [0.         0.65492104 0.         0.         0.        ] 
 f1_avg: 0.3188820758260588


Validation Epoch: 12 accuracy: 0.50 
 precision: [1.         0.50100301 1.         1.         1.        ] 
 recall: [0. 1. 0. 0. 0.] 
 f1: [0.         0.66755763 0.         0.         0.        ] 
 f1_avg: 0.3344483835737081

--- 175.75331354141235 seconds ---

Train Epoch: 13 accuracy: 0.49 
 precision: [1.         0.48690156 1.         1.         1.        ] 
 recall: [0. 1. 0. 0. 0.] 
 f1: [0.         0.65492104 0.         0.         0.        ] 
 f1_avg: 0.3188820758260588


Validation Epoch: 13 accuracy: 0.50 
 precision: [1.         0.50100301 1.         1.         1.        ] 
 recall: [0. 1. 0. 0. 0.] 
 f1: [0.         0.66755763 0.         0.         0.        ] 
 f1_avg: 0.3344483835737081

--- 189.69350004196167 seconds ---

Train Epoch: 14 accuracy: 0.49 
 precision: [1.         0.48690156 1.         1.         1.        ] 
 recall: [0. 1. 0. 0. 0.] 
 f1: [0.         0.65492104 0.         0.         0.        ] 
 f1_avg: 0.3188820758260588


Validation Epoch: 14 accuracy: 0.50 
 precision: [1.         0.50100301 1.         1.         1.        ] 
 recall: [0. 1. 0. 0. 0.] 
 f1: [0.         0.66755763 0.         0.         0.        ] 
 f1_avg: 0.3344483835737081

--- 203.6341414451599 seconds ---

Train Epoch: 15 accuracy: 0.49 
 precision: [1.         0.48690156 1.         1.         1.        ] 
 recall: [0. 1. 0. 0. 0.] 
 f1: [0.         0.65492104 0.         0.         0.        ] 
 f1_avg: 0.3188820758260588


Validation Epoch: 15 accuracy: 0.50 
 precision: [1.         0.50100301 1.         1.         1.        ] 
 recall: [0. 1. 0. 0. 0.] 
 f1: [0.         0.66755763 0.         0.         0.        ] 
 f1_avg: 0.3344483835737081

--- 217.56983280181885 seconds ---

Train Epoch: 16 accuracy: 0.49 
 precision: [1.         0.48690156 1.         1.         1.        ] 
 recall: [0. 1. 0. 0. 0.] 
 f1: [0.         0.65492104 0.         0.         0.        ] 
 f1_avg: 0.3188820758260588


Validation Epoch: 16 accuracy: 0.50 
 precision: [1.         0.50100301 1.         1.         1.        ] 
 recall: [0. 1. 0. 0. 0.] 
 f1: [0.         0.66755763 0.         0.         0.        ] 
 f1_avg: 0.3344483835737081

--- 231.47765350341797 seconds ---

Train Epoch: 17 accuracy: 0.49 
 precision: [1.         0.48690156 1.         1.         1.        ] 
 recall: [0. 1. 0. 0. 0.] 
 f1: [0.         0.65492104 0.         0.         0.        ] 
 f1_avg: 0.3188820758260588


Validation Epoch: 17 accuracy: 0.50 
 precision: [1.         0.50100301 1.         1.         1.        ] 
 recall: [0. 1. 0. 0. 0.] 
 f1: [0.         0.66755763 0.         0.         0.        ] 
 f1_avg: 0.3344483835737081

--- 245.37946462631226 seconds ---

Train Epoch: 18 accuracy: 0.49 
 precision: [1.         0.48690156 1.         1.         1.        ] 
 recall: [0. 1. 0. 0. 0.] 
 f1: [0.         0.65492104 0.         0.         0.        ] 
 f1_avg: 0.3188820758260588


Validation Epoch: 18 accuracy: 0.50 
 precision: [1.         0.50100301 1.         1.         1.        ] 
 recall: [0. 1. 0. 0. 0.] 
 f1: [0.         0.66755763 0.         0.         0.        ] 
 f1_avg: 0.3344483835737081

--- 259.28249526023865 seconds ---

Train Epoch: 19 accuracy: 0.49 
 precision: [1.         0.48690156 1.         1.         1.        ] 
 recall: [0. 1. 0. 0. 0.] 
 f1: [0.         0.65492104 0.         0.         0.        ] 
 f1_avg: 0.3188820758260588


Validation Epoch: 19 accuracy: 0.50 
 precision: [1.         0.50100301 1.         1.         1.        ] 
 recall: [0. 1. 0. 0. 0.] 
 f1: [0.         0.66755763 0.         0.         0.        ] 
 f1_avg: 0.3344483835737081

--- 273.1620104312897 seconds ---

Train Epoch: 20 accuracy: 0.49 
 precision: [1.         0.48690156 1.         1.         1.        ] 
 recall: [0. 1. 0. 0. 0.] 
 f1: [0.         0.65492104 0.         0.         0.        ] 
 f1_avg: 0.3188820758260588


Validation Epoch: 20 accuracy: 0.50 
 precision: [1.         0.50100301 1.         1.         1.        ] 
 recall: [0. 1. 0. 0. 0.] 
 f1: [0.         0.66755763 0.         0.         0.        ] 
 f1_avg: 0.3344483835737081

--- 287.0129163265228 seconds ---

Train Epoch: 21 accuracy: 0.49 
 precision: [1.         0.48690156 1.         1.         1.        ] 
 recall: [0. 1. 0. 0. 0.] 
 f1: [0.         0.65492104 0.         0.         0.        ] 
 f1_avg: 0.3188820758260588


Validation Epoch: 21 accuracy: 0.50 
 precision: [1.         0.50100301 1.         1.         1.        ] 
 recall: [0. 1. 0. 0. 0.] 
 f1: [0.         0.66755763 0.         0.         0.        ] 
 f1_avg: 0.3344483835737081

--- 300.8507070541382 seconds ---

Train Epoch: 22 accuracy: 0.49 
 precision: [1.         0.48690156 1.         1.         1.        ] 
 recall: [0. 1. 0. 0. 0.] 
 f1: [0.         0.65492104 0.         0.         0.        ] 
 f1_avg: 0.3188820758260588


Validation Epoch: 22 accuracy: 0.50 
 precision: [1.         0.50100301 1.         1.         1.        ] 
 recall: [0. 1. 0. 0. 0.] 
 f1: [0.         0.66755763 0.         0.         0.        ] 
 f1_avg: 0.3344483835737081

--- 314.7011651992798 seconds ---

Train Epoch: 23 accuracy: 0.49 
 precision: [1.         0.48690156 1.         1.         1.        ] 
 recall: [0. 1. 0. 0. 0.] 
 f1: [0.         0.65492104 0.         0.         0.        ] 
 f1_avg: 0.3188820758260588


Validation Epoch: 23 accuracy: 0.50 
 precision: [1.         0.50100301 1.         1.         1.        ] 
 recall: [0. 1. 0. 0. 0.] 
 f1: [0.         0.66755763 0.         0.         0.        ] 
 f1_avg: 0.3344483835737081

--- 328.5475068092346 seconds ---

Train Epoch: 24 accuracy: 0.49 
 precision: [1.         0.48690156 1.         1.         1.        ] 
 recall: [0. 1. 0. 0. 0.] 
 f1: [0.         0.65492104 0.         0.         0.        ] 
 f1_avg: 0.3188820758260588


Validation Epoch: 24 accuracy: 0.50 
 precision: [1.         0.50100301 1.         1.         1.        ] 
 recall: [0. 1. 0. 0. 0.] 
 f1: [0.         0.66755763 0.         0.         0.        ] 
 f1_avg: 0.3344483835737081

--- 342.39833402633667 seconds ---

Train Epoch: 25 accuracy: 0.49 
 precision: [1.         0.48690156 1.         1.         1.        ] 
 recall: [0. 1. 0. 0. 0.] 
 f1: [0.         0.65492104 0.         0.         0.        ] 
 f1_avg: 0.3188820758260588


Validation Epoch: 25 accuracy: 0.50 
 precision: [1.         0.50100301 1.         1.         1.        ] 
 recall: [0. 1. 0. 0. 0.] 
 f1: [0.         0.66755763 0.         0.         0.        ] 
 f1_avg: 0.3344483835737081

--- 356.23805832862854 seconds ---

Train Epoch: 26 accuracy: 0.49 
 precision: [1.         0.48690156 1.         1.         1.        ] 
 recall: [0. 1. 0. 0. 0.] 
 f1: [0.         0.65492104 0.         0.         0.        ] 
 f1_avg: 0.3188820758260588


Validation Epoch: 26 accuracy: 0.50 
 precision: [1.         0.50100301 1.         1.         1.        ] 
 recall: [0. 1. 0. 0. 0.] 
 f1: [0.         0.66755763 0.         0.         0.        ] 
 f1_avg: 0.3344483835737081

--- 370.06278228759766 seconds ---

Train Epoch: 27 accuracy: 0.49 
 precision: [1.         0.48690156 1.         1.         1.        ] 
 recall: [0. 1. 0. 0. 0.] 
 f1: [0.         0.65492104 0.         0.         0.        ] 
 f1_avg: 0.3188820758260588


Validation Epoch: 27 accuracy: 0.50 
 precision: [1.         0.50100301 1.         1.         1.        ] 
 recall: [0. 1. 0. 0. 0.] 
 f1: [0.         0.66755763 0.         0.         0.        ] 
 f1_avg: 0.3344483835737081

--- 383.91742038726807 seconds ---

Train Epoch: 28 accuracy: 0.49 
 precision: [1.         0.48690156 1.         1.         1.        ] 
 recall: [0. 1. 0. 0. 0.] 
 f1: [0.         0.65492104 0.         0.         0.        ] 
 f1_avg: 0.3188820758260588


Validation Epoch: 28 accuracy: 0.50 
 precision: [1.         0.50100301 1.         1.         1.        ] 
 recall: [0. 1. 0. 0. 0.] 
 f1: [0.         0.66755763 0.         0.         0.        ] 
 f1_avg: 0.3344483835737081

--- 397.76735281944275 seconds ---

Train Epoch: 29 accuracy: 0.49 
 precision: [1.         0.48690156 1.         1.         1.        ] 
 recall: [0. 1. 0. 0. 0.] 
 f1: [0.         0.65492104 0.         0.         0.        ] 
 f1_avg: 0.3188820758260588


Validation Epoch: 29 accuracy: 0.50 
 precision: [1.         0.50100301 1.         1.         1.        ] 
 recall: [0. 1. 0. 0. 0.] 
 f1: [0.         0.66755763 0.         0.         0.        ] 
 f1_avg: 0.3344483835737081

--- 411.6192624568939 seconds ---

Train Epoch: 30 accuracy: 0.49 
 precision: [1.         0.48690156 1.         1.         1.        ] 
 recall: [0. 1. 0. 0. 0.] 
 f1: [0.         0.65492104 0.         0.         0.        ] 
 f1_avg: 0.3188820758260588


Validation Epoch: 30 accuracy: 0.50 
 precision: [1.         0.50100301 1.         1.         1.        ] 
 recall: [0. 1. 0. 0. 0.] 
 f1: [0.         0.66755763 0.         0.         0.        ] 
 f1_avg: 0.3344483835737081

--- 425.4721083641052 seconds ---

Train Epoch: 31 accuracy: 0.49 
 precision: [1.         0.48690156 1.         1.         1.        ] 
 recall: [0. 1. 0. 0. 0.] 
 f1: [0.         0.65492104 0.         0.         0.        ] 
 f1_avg: 0.3188820758260588


Validation Epoch: 31 accuracy: 0.50 
 precision: [1.         0.50100301 1.         1.         1.        ] 
 recall: [0. 1. 0. 0. 0.] 
 f1: [0.         0.66755763 0.         0.         0.        ] 
 f1_avg: 0.3344483835737081

--- 439.32887172698975 seconds ---

Train Epoch: 32 accuracy: 0.49 
 precision: [1.         0.48690156 1.         1.         1.        ] 
 recall: [0. 1. 0. 0. 0.] 
 f1: [0.         0.65492104 0.         0.         0.        ] 
 f1_avg: 0.3188820758260588


Validation Epoch: 32 accuracy: 0.50 
 precision: [1.         0.50100301 1.         1.         1.        ] 
 recall: [0. 1. 0. 0. 0.] 
 f1: [0.         0.66755763 0.         0.         0.        ] 
 f1_avg: 0.3344483835737081

--- 453.1779112815857 seconds ---

Train Epoch: 33 accuracy: 0.49 
 precision: [1.         0.48690156 1.         1.         1.        ] 
 recall: [0. 1. 0. 0. 0.] 
 f1: [0.         0.65492104 0.         0.         0.        ] 
 f1_avg: 0.3188820758260588


Validation Epoch: 33 accuracy: 0.50 
 precision: [1.         0.50100301 1.         1.         1.        ] 
 recall: [0. 1. 0. 0. 0.] 
 f1: [0.         0.66755763 0.         0.         0.        ] 
 f1_avg: 0.3344483835737081

--- 467.02706265449524 seconds ---

Train Epoch: 34 accuracy: 0.49 
 precision: [1.         0.48690156 1.         1.         1.        ] 
 recall: [0. 1. 0. 0. 0.] 
 f1: [0.         0.65492104 0.         0.         0.        ] 
 f1_avg: 0.3188820758260588


Validation Epoch: 34 accuracy: 0.50 
 precision: [1.         0.50100301 1.         1.         1.        ] 
 recall: [0. 1. 0. 0. 0.] 
 f1: [0.         0.66755763 0.         0.         0.        ] 
 f1_avg: 0.3344483835737081

--- 480.85885667800903 seconds ---

Train Epoch: 35 accuracy: 0.49 
 precision: [1.         0.48690156 1.         1.         1.        ] 
 recall: [0. 1. 0. 0. 0.] 
 f1: [0.         0.65492104 0.         0.         0.        ] 
 f1_avg: 0.3188820758260588


Validation Epoch: 35 accuracy: 0.50 
 precision: [1.         0.50100301 1.         1.         1.        ] 
 recall: [0. 1. 0. 0. 0.] 
 f1: [0.         0.66755763 0.         0.         0.        ] 
 f1_avg: 0.3344483835737081

--- 494.692791223526 seconds ---

Train Epoch: 36 accuracy: 0.49 
 precision: [1.         0.48690156 1.         1.         1.        ] 
 recall: [0. 1. 0. 0. 0.] 
 f1: [0.         0.65492104 0.         0.         0.        ] 
 f1_avg: 0.3188820758260588


Validation Epoch: 36 accuracy: 0.50 
 precision: [1.         0.50100301 1.         1.         1.        ] 
 recall: [0. 1. 0. 0. 0.] 
 f1: [0.         0.66755763 0.         0.         0.        ] 
 f1_avg: 0.3344483835737081

--- 508.54675102233887 seconds ---

Train Epoch: 37 accuracy: 0.49 
 precision: [1.         0.48690156 1.         1.         1.        ] 
 recall: [0. 1. 0. 0. 0.] 
 f1: [0.         0.65492104 0.         0.         0.        ] 
 f1_avg: 0.3188820758260588


Validation Epoch: 37 accuracy: 0.50 
 precision: [1.         0.50100301 1.         1.         1.        ] 
 recall: [0. 1. 0. 0. 0.] 
 f1: [0.         0.66755763 0.         0.         0.        ] 
 f1_avg: 0.3344483835737081

--- 522.3913452625275 seconds ---

Train Epoch: 38 accuracy: 0.49 
 precision: [1.         0.48690156 1.         1.         1.        ] 
 recall: [0. 1. 0. 0. 0.] 
 f1: [0.         0.65492104 0.         0.         0.        ] 
 f1_avg: 0.3188820758260588


Validation Epoch: 38 accuracy: 0.50 
 precision: [1.         0.50100301 1.         1.         1.        ] 
 recall: [0. 1. 0. 0. 0.] 
 f1: [0.         0.66755763 0.         0.         0.        ] 
 f1_avg: 0.3344483835737081

--- 536.2645778656006 seconds ---

Train Epoch: 39 accuracy: 0.49 
 precision: [1.         0.48690156 1.         1.         1.        ] 
 recall: [0. 1. 0. 0. 0.] 
 f1: [0.         0.65492104 0.         0.         0.        ] 
 f1_avg: 0.3188820758260588


Validation Epoch: 39 accuracy: 0.50 
 precision: [1.         0.50100301 1.         1.         1.        ] 
 recall: [0. 1. 0. 0. 0.] 
 f1: [0.         0.66755763 0.         0.         0.        ] 
 f1_avg: 0.3344483835737081

--- 550.1148595809937 seconds ---

Train Epoch: 40 accuracy: 0.49 
 precision: [1.         0.48690156 1.         1.         1.        ] 
 recall: [0. 1. 0. 0. 0.] 
 f1: [0.         0.65492104 0.         0.         0.        ] 
 f1_avg: 0.3188820758260588


Validation Epoch: 40 accuracy: 0.50 
 precision: [1.         0.50100301 1.         1.         1.        ] 
 recall: [0. 1. 0. 0. 0.] 
 f1: [0.         0.66755763 0.         0.         0.        ] 
 f1_avg: 0.3344483835737081

--- 563.9544687271118 seconds ---

Train Epoch: 41 accuracy: 0.49 
 precision: [1.         0.48690156 1.         1.         1.        ] 
 recall: [0. 1. 0. 0. 0.] 
 f1: [0.         0.65492104 0.         0.         0.        ] 
 f1_avg: 0.3188820758260588


Validation Epoch: 41 accuracy: 0.50 
 precision: [1.         0.50100301 1.         1.         1.        ] 
 recall: [0. 1. 0. 0. 0.] 
 f1: [0.         0.66755763 0.         0.         0.        ] 
 f1_avg: 0.3344483835737081

--- 577.7994222640991 seconds ---

Train Epoch: 42 accuracy: 0.49 
 precision: [1.         0.48690156 1.         1.         1.        ] 
 recall: [0. 1. 0. 0. 0.] 
 f1: [0.         0.65492104 0.         0.         0.        ] 
 f1_avg: 0.3188820758260588


Validation Epoch: 42 accuracy: 0.50 
 precision: [1.         0.50100301 1.         1.         1.        ] 
 recall: [0. 1. 0. 0. 0.] 
 f1: [0.         0.66755763 0.         0.         0.        ] 
 f1_avg: 0.3344483835737081

--- 591.6559355258942 seconds ---

Train Epoch: 43 accuracy: 0.49 
 precision: [1.         0.48690156 1.         1.         1.        ] 
 recall: [0. 1. 0. 0. 0.] 
 f1: [0.         0.65492104 0.         0.         0.        ] 
 f1_avg: 0.3188820758260588


Validation Epoch: 43 accuracy: 0.50 
 precision: [1.         0.50100301 1.         1.         1.        ] 
 recall: [0. 1. 0. 0. 0.] 
 f1: [0.         0.66755763 0.         0.         0.        ] 
 f1_avg: 0.3344483835737081

--- 605.5306317806244 seconds ---

Train Epoch: 44 accuracy: 0.49 
 precision: [1.         0.48690156 1.         1.         1.        ] 
 recall: [0. 1. 0. 0. 0.] 
 f1: [0.         0.65492104 0.         0.         0.        ] 
 f1_avg: 0.3188820758260588


Validation Epoch: 44 accuracy: 0.50 
 precision: [1.         0.50100301 1.         1.         1.        ] 
 recall: [0. 1. 0. 0. 0.] 
 f1: [0.         0.66755763 0.         0.         0.        ] 
 f1_avg: 0.3344483835737081

--- 619.3660840988159 seconds ---

Train Epoch: 45 accuracy: 0.49 
 precision: [1.         0.48690156 1.         1.         1.        ] 
 recall: [0. 1. 0. 0. 0.] 
 f1: [0.         0.65492104 0.         0.         0.        ] 
 f1_avg: 0.3188820758260588


Validation Epoch: 45 accuracy: 0.50 
 precision: [1.         0.50100301 1.         1.         1.        ] 
 recall: [0. 1. 0. 0. 0.] 
 f1: [0.         0.66755763 0.         0.         0.        ] 
 f1_avg: 0.3344483835737081

--- 633.2493667602539 seconds ---

Train Epoch: 46 accuracy: 0.49 
 precision: [1.         0.48690156 1.         1.         1.        ] 
 recall: [0. 1. 0. 0. 0.] 
 f1: [0.         0.65492104 0.         0.         0.        ] 
 f1_avg: 0.3188820758260588


Validation Epoch: 46 accuracy: 0.50 
 precision: [1.         0.50100301 1.         1.         1.        ] 
 recall: [0. 1. 0. 0. 0.] 
 f1: [0.         0.66755763 0.         0.         0.        ] 
 f1_avg: 0.3344483835737081

--- 647.0991649627686 seconds ---

Train Epoch: 47 accuracy: 0.49 
 precision: [1.         0.48690156 1.         1.         1.        ] 
 recall: [0. 1. 0. 0. 0.] 
 f1: [0.         0.65492104 0.         0.         0.        ] 
 f1_avg: 0.3188820758260588


Validation Epoch: 47 accuracy: 0.50 
 precision: [1.         0.50100301 1.         1.         1.        ] 
 recall: [0. 1. 0. 0. 0.] 
 f1: [0.         0.66755763 0.         0.         0.        ] 
 f1_avg: 0.3344483835737081

--- 660.9442672729492 seconds ---

Train Epoch: 48 accuracy: 0.49 
 precision: [1.         0.48690156 1.         1.         1.        ] 
 recall: [0. 1. 0. 0. 0.] 
 f1: [0.         0.65492104 0.         0.         0.        ] 
 f1_avg: 0.3188820758260588


Validation Epoch: 48 accuracy: 0.50 
 precision: [1.         0.50100301 1.         1.         1.        ] 
 recall: [0. 1. 0. 0. 0.] 
 f1: [0.         0.66755763 0.         0.         0.        ] 
 f1_avg: 0.3344483835737081

--- 674.8310453891754 seconds ---

Train Epoch: 49 accuracy: 0.49 
 precision: [1.         0.48690156 1.         1.         1.        ] 
 recall: [0. 1. 0. 0. 0.] 
 f1: [0.         0.65492104 0.         0.         0.        ] 
 f1_avg: 0.3188820758260588


Validation Epoch: 49 accuracy: 0.50 
 precision: [1.         0.50100301 1.         1.         1.        ] 
 recall: [0. 1. 0. 0. 0.] 
 f1: [0.         0.66755763 0.         0.         0.        ] 
 f1_avg: 0.3344483835737081

--- 688.6623647212982 seconds ---

Train Epoch: 50 accuracy: 0.49 
 precision: [1.         0.48690156 1.         1.         1.        ] 
 recall: [0. 1. 0. 0. 0.] 
 f1: [0.         0.65492104 0.         0.         0.        ] 
 f1_avg: 0.3188820758260588


Validation Epoch: 50 accuracy: 0.50 
 precision: [1.         0.50100301 1.         1.         1.        ] 
 recall: [0. 1. 0. 0. 0.] 
 f1: [0.         0.66755763 0.         0.         0.        ] 
 f1_avg: 0.3344483835737081

--- 702.5064294338226 seconds ---

Train Epoch: 51 accuracy: 0.49 
 precision: [1.         0.48690156 1.         1.         1.        ] 
 recall: [0. 1. 0. 0. 0.] 
 f1: [0.         0.65492104 0.         0.         0.        ] 
 f1_avg: 0.3188820758260588


Validation Epoch: 51 accuracy: 0.50 
 precision: [1.         0.50100301 1.         1.         1.        ] 
 recall: [0. 1. 0. 0. 0.] 
 f1: [0.         0.66755763 0.         0.         0.        ] 
 f1_avg: 0.3344483835737081

--- 716.3636860847473 seconds ---

Train Epoch: 52 accuracy: 0.49 
 precision: [1.         0.48690156 1.         1.         1.        ] 
 recall: [0. 1. 0. 0. 0.] 
 f1: [0.         0.65492104 0.         0.         0.        ] 
 f1_avg: 0.3188820758260588


Validation Epoch: 52 accuracy: 0.50 
 precision: [1.         0.50100301 1.         1.         1.        ] 
 recall: [0. 1. 0. 0. 0.] 
 f1: [0.         0.66755763 0.         0.         0.        ] 
 f1_avg: 0.3344483835737081

Early stopping!

Test Epoch: accuracy: 0.55 
 precision: [1.         0.55419672 1.         1.         1.        ] 
 recall: [0. 1. 0. 0. 0.] 
 f1: [0.         0.71316161 0.         0.         0.        ] 
 f1_avg: 0.39523182436250703

--- 731.1516053676605 seconds ---

Test Epoch: accuracy: 0.50 
 precision: [1.         0.50100301 1.         1.         1.        ] 
 recall: [0. 1. 0. 0. 0.] 
 f1: [0.         0.66755763 0.         0.         0.        ] 
 f1_avg: 0.3344483835737081

--- 731.5773339271545 seconds ---
