Requirement already satisfied: scikit-learn in /net/cephfs/data/zifjia/condaenvs/audio_clf/lib/python3.8/site-packages (1.1.2)
Requirement already satisfied: scipy>=1.3.2 in /net/cephfs/data/zifjia/condaenvs/audio_clf/lib/python3.8/site-packages (from scikit-learn) (1.9.1)
Requirement already satisfied: numpy>=1.17.3 in /net/cephfs/data/zifjia/condaenvs/audio_clf/lib/python3.8/site-packages (from scikit-learn) (1.22.3)
Requirement already satisfied: threadpoolctl>=2.0.0 in /net/cephfs/data/zifjia/condaenvs/audio_clf/lib/python3.8/site-packages (from scikit-learn) (3.1.0)
Requirement already satisfied: joblib>=1.0.0 in /net/cephfs/data/zifjia/condaenvs/audio_clf/lib/python3.8/site-packages (from scikit-learn) (1.1.0)
Requirement already satisfied: tensorboard in /net/cephfs/data/zifjia/condaenvs/audio_clf/lib/python3.8/site-packages (2.10.1)
Requirement already satisfied: tensorboard-plugin-wit>=1.6.0 in /net/cephfs/home/zifjia/.local/lib/python3.8/site-packages (from tensorboard) (1.8.1)
Requirement already satisfied: grpcio>=1.24.3 in /net/cephfs/home/zifjia/.local/lib/python3.8/site-packages (from tensorboard) (1.47.0)
Requirement already satisfied: protobuf<3.20,>=3.9.2 in /net/cephfs/home/zifjia/.local/lib/python3.8/site-packages (from tensorboard) (3.19.4)
Requirement already satisfied: setuptools>=41.0.0 in /net/cephfs/data/zifjia/condaenvs/audio_clf/lib/python3.8/site-packages (from tensorboard) (60.8.1)
Requirement already satisfied: numpy>=1.12.0 in /net/cephfs/data/zifjia/condaenvs/audio_clf/lib/python3.8/site-packages (from tensorboard) (1.22.3)
Requirement already satisfied: google-auth<3,>=1.6.3 in /net/cephfs/home/zifjia/.local/lib/python3.8/site-packages (from tensorboard) (2.9.1)
Requirement already satisfied: wheel>=0.26 in /net/cephfs/data/zifjia/condaenvs/audio_clf/lib/python3.8/site-packages (from tensorboard) (0.37.1)
Requirement already satisfied: requests<3,>=2.21.0 in /net/cephfs/data/zifjia/condaenvs/audio_clf/lib/python3.8/site-packages (from tensorboard) (2.28.1)
Requirement already satisfied: tensorboard-data-server<0.7.0,>=0.6.0 in /net/cephfs/home/zifjia/.local/lib/python3.8/site-packages (from tensorboard) (0.6.1)
Requirement already satisfied: absl-py>=0.4 in /net/cephfs/home/zifjia/.local/lib/python3.8/site-packages (from tensorboard) (1.2.0)
Requirement already satisfied: google-auth-oauthlib<0.5,>=0.4.1 in /net/cephfs/home/zifjia/.local/lib/python3.8/site-packages (from tensorboard) (0.4.6)
Requirement already satisfied: markdown>=2.6.8 in /net/cephfs/home/zifjia/.local/lib/python3.8/site-packages (from tensorboard) (3.4.1)
Requirement already satisfied: werkzeug>=1.0.1 in /net/cephfs/data/zifjia/condaenvs/audio_clf/lib/python3.8/site-packages (from tensorboard) (2.1.2)
Requirement already satisfied: pyasn1-modules>=0.2.1 in /net/cephfs/home/zifjia/.local/lib/python3.8/site-packages (from google-auth<3,>=1.6.3->tensorboard) (0.2.8)
Requirement already satisfied: rsa<5,>=3.1.4 in /net/cephfs/home/zifjia/.local/lib/python3.8/site-packages (from google-auth<3,>=1.6.3->tensorboard) (4.9)
Requirement already satisfied: cachetools<6.0,>=2.0.0 in /net/cephfs/home/zifjia/.local/lib/python3.8/site-packages (from google-auth<3,>=1.6.3->tensorboard) (5.2.0)
Requirement already satisfied: six>=1.9.0 in /net/cephfs/data/zifjia/condaenvs/audio_clf/lib/python3.8/site-packages (from google-auth<3,>=1.6.3->tensorboard) (1.16.0)
Requirement already satisfied: requests-oauthlib>=0.7.0 in /net/cephfs/home/zifjia/.local/lib/python3.8/site-packages (from google-auth-oauthlib<0.5,>=0.4.1->tensorboard) (1.3.1)
Requirement already satisfied: importlib-metadata>=4.4 in /net/cephfs/home/zifjia/.local/lib/python3.8/site-packages (from markdown>=2.6.8->tensorboard) (4.12.0)
Requirement already satisfied: charset-normalizer<3,>=2 in /net/cephfs/data/zifjia/condaenvs/audio_clf/lib/python3.8/site-packages (from requests<3,>=2.21.0->tensorboard) (2.1.1)
Requirement already satisfied: idna<4,>=2.5 in /net/cephfs/data/zifjia/condaenvs/audio_clf/lib/python3.8/site-packages (from requests<3,>=2.21.0->tensorboard) (3.4)
Requirement already satisfied: urllib3<1.27,>=1.21.1 in /net/cephfs/data/zifjia/condaenvs/audio_clf/lib/python3.8/site-packages (from requests<3,>=2.21.0->tensorboard) (1.26.12)
Requirement already satisfied: certifi>=2017.4.17 in /net/cephfs/data/zifjia/condaenvs/audio_clf/lib/python3.8/site-packages (from requests<3,>=2.21.0->tensorboard) (2022.9.14)
Requirement already satisfied: zipp>=0.5 in /net/cephfs/data/zifjia/condaenvs/audio_clf/lib/python3.8/site-packages (from importlib-metadata>=4.4->markdown>=2.6.8->tensorboard) (3.8.0)
Requirement already satisfied: pyasn1<0.5.0,>=0.4.6 in /net/cephfs/home/zifjia/.local/lib/python3.8/site-packages (from pyasn1-modules>=0.2.1->google-auth<3,>=1.6.3->tensorboard) (0.4.8)
Requirement already satisfied: oauthlib>=3.0.0 in /net/cephfs/home/zifjia/.local/lib/python3.8/site-packages (from requests-oauthlib>=0.7.0->google-auth-oauthlib<0.5,>=0.4.1->tensorboard) (3.2.0)
Requirement already satisfied: torch in /net/cephfs/data/zifjia/condaenvs/audio_clf/lib/python3.8/site-packages (1.12.1)
Requirement already satisfied: torchvision in /net/cephfs/data/zifjia/condaenvs/audio_clf/lib/python3.8/site-packages (0.13.1)
Requirement already satisfied: torchaudio in /net/cephfs/data/zifjia/condaenvs/audio_clf/lib/python3.8/site-packages (0.12.1)
Requirement already satisfied: typing-extensions in /net/cephfs/data/zifjia/condaenvs/audio_clf/lib/python3.8/site-packages (from torch) (4.0.1)
Requirement already satisfied: numpy in /net/cephfs/data/zifjia/condaenvs/audio_clf/lib/python3.8/site-packages (from torchvision) (1.22.3)
Requirement already satisfied: pillow!=8.3.*,>=5.3.0 in /net/cephfs/data/zifjia/condaenvs/audio_clf/lib/python3.8/site-packages (from torchvision) (9.0.1)
Requirement already satisfied: requests in /net/cephfs/data/zifjia/condaenvs/audio_clf/lib/python3.8/site-packages (from torchvision) (2.28.1)
Requirement already satisfied: idna<4,>=2.5 in /net/cephfs/data/zifjia/condaenvs/audio_clf/lib/python3.8/site-packages (from requests->torchvision) (3.4)
Requirement already satisfied: certifi>=2017.4.17 in /net/cephfs/data/zifjia/condaenvs/audio_clf/lib/python3.8/site-packages (from requests->torchvision) (2022.9.14)
Requirement already satisfied: charset-normalizer<3,>=2 in /net/cephfs/data/zifjia/condaenvs/audio_clf/lib/python3.8/site-packages (from requests->torchvision) (2.1.1)
Requirement already satisfied: urllib3<1.27,>=1.21.1 in /net/cephfs/data/zifjia/condaenvs/audio_clf/lib/python3.8/site-packages (from requests->torchvision) (1.26.12)
{'name': 'longcall_wav2vec2_lstm_42', 'data_path': '/home/cluster/zifjia/data/data_greatarc_longcall/wav2vec2_split_42', 'test_only': False, 'balance_weights': True, 'model_type': 'lstm', 'n_embedding': 768, 'd_hid': 1024, 'nlayers': 2, 'batch_size': 1, 'n_epoch': 200, 'lr': 0.0005, 'dropout': 0.2, 'patience': 10, 'step_factor': 0.7, 'seed': 42}
cuda
Reading data ...
train, dev, test number of files: 50, 6, 7.
dev files:  ['15T6lcZeke', '2T6lcZeke', '125dat LC Rambo', '75datA LC Kay', '52dat LC Sultan', '137dat LC Fugit']
test files:  ['24dat LC Male', '23datA LC Fugit', '48datA LC Niko', '7T6lcZeke', '2T7lcNico', '28T5lcNiko', '47dat LC Sultan']
train_data_all: (180390, 769)
Labels in train_data_all:  {0: 106395, 1: 0, 2: 30659, 3: 3407, 4: 23440, 5: 14653, 6: 1807, 7: 29}
--- 2.238156795501709 seconds ---
LSTM(
  (lstm): LSTM(768, 1024, num_layers=2, dropout=0.2, bidirectional=True)
  (hidden2tag): Linear(in_features=2048, out_features=8, bias=True)
)
Number of parameters: 39895048

Train Epoch: 1 accuracy: 0.49 
 precision: [0.86143683 0.         0.39737093 0.09146815 0.53374477 0.23076652
 0.00965504 0.        ] 
 recall: [0.52822971 1.         0.4219968  0.41473437 0.45750853 0.44768989
 0.05700055 0.        ] 
 f1: [0.65488592 0.         0.4093138  0.14988067 0.49269503 0.30454968
 0.01651303 0.        ] 
 f1_avg: 0.5475778027192085


Validation Epoch: 1 accuracy: 0.46 
 precision: [0.96070372 0.         0.18275862 0.13351648 0.45596067 0.16071429
 0.0201005  0.0131406  1.        ] 
 recall: [0.46695437 1.         0.26903553 0.75232198 0.60620915 0.39130435
 0.17391304 0.09090909 0.        ] 
 f1: [0.62844851 0.         0.21765914 0.22678488 0.52045827 0.2278481
 0.03603604 0.02296211 0.        ] 
 f1_avg: 0.5375322614562111

New best val score, save model ...
--- 11.200412273406982 seconds ---

Train Epoch: 2 accuracy: 0.56 
 precision: [0.91431816 0.         0.51128166 0.1559744  0.56090146 0.33757105
 0.02468844 0.        ] 
 recall: [0.61291414 1.         0.39763202 0.64367479 0.59035836 0.53094929
 0.17321527 0.        ] 
 f1: [0.73387464 0.         0.44735152 0.25110208 0.57525306 0.4127321
 0.04321712 0.        ] 
 f1_avg: 0.6223251635326353


Validation Epoch: 2 accuracy: 0.49 
 precision: [0.96394006 0.         0.15323436 0.16076971 0.49773414 0.17848259
 0.01547231 0.012939   1.        ] 
 recall: [0.49348677 1.         0.24450085 0.80185759 0.71786492 0.38394649
 0.27536232 0.06363636 0.        ] 
 f1: [0.65278292 0.         0.18839635 0.26783868 0.58786798 0.24368499
 0.02929838 0.02150538 0.        ] 
 f1_avg: 0.5618732442198854

New best val score, save model ...
--- 16.199206113815308 seconds ---

Train Epoch: 3 accuracy: 0.56 
 precision: [9.23758127e-01 0.00000000e+00 5.26040736e-01 1.77654142e-01
 5.76308906e-01 3.61792855e-01 3.24335491e-02 3.03091534e-04] 
 recall: [0.60492504 1.         0.38412864 0.68417963 0.62973549 0.52112195
 0.26065302 0.10344828] 
 f1: [7.31092532e-01 0.00000000e+00 4.44021340e-01 2.82066796e-01
 6.01838827e-01 4.27081294e-01 5.76887746e-02 6.04412209e-04] 
 f1_avg: 0.6254683035238829


Validation Epoch: 3 accuracy: 0.48 
 precision: [0.9682132  0.         0.15767635 0.16595224 0.5035461  0.17420436
 0.01237113 0.02351624 1.        ] 
 recall: [0.48197874 1.         0.2250423  0.83900929 0.73474946 0.34782609
 0.26086957 0.19090909 0.        ] 
 f1: [0.64358126 0.         0.18543046 0.27709611 0.59756368 0.23214286
 0.02362205 0.04187438 0.        ] 
 f1_avg: 0.5554616337675844

--- 20.787580251693726 seconds ---

Train Epoch: 4 accuracy: 0.55 
 precision: [9.29404645e-01 0.00000000e+00 5.41266617e-01 1.83682876e-01
 5.72684194e-01 3.68758567e-01 4.67158672e-02 4.91521258e-04] 
 recall: [0.57736736 1.         0.38246518 0.70179043 0.63933447 0.51409268
 0.35030437 0.27586207] 
 f1: [0.71226158 0.         0.44821589 0.29115928 0.60417675 0.42946324
 0.08243798 0.00098129] 
 f1_avg: 0.6159915913313316


Validation Epoch: 4 accuracy: 0.48 
 precision: [0.96779311 0.         0.17586912 0.16772959 0.51677594 0.18576937
 0.01442673 0.02120383 1.        ] 
 recall: [0.48749301 1.         0.21827411 0.81424149 0.72984749 0.35451505
 0.27536232 0.28181818 0.        ] 
 f1: [0.64838435 0.         0.19479049 0.2781597  0.60510273 0.24379025
 0.02741703 0.0394402  0.        ] 
 f1_avg: 0.5612786070131511

--- 25.49819016456604 seconds ---

Train Epoch: 5 accuracy: 0.54 
 precision: [9.32816779e-01 0.00000000e+00 5.60835958e-01 1.87678751e-01
 5.76333145e-01 3.73725604e-01 5.92316805e-02 6.86476415e-04] 
 recall: [0.56350392 1.         0.38337845 0.71265043 0.65243174 0.52535317
 0.3873824  0.48275862] 
 f1: [0.70258457 0.         0.45543135 0.29711209 0.61202601 0.43675357
 0.10275229 0.001371  ] 
 f1_avg: 0.6134384854800266


Validation Epoch: 5 accuracy: 0.50 
 precision: [0.96512336 0.         0.18559762 0.17156208 0.54987427 0.21146822
 0.01713255 0.02913632 1.        ] 
 recall: [0.50643331 1.         0.21150592 0.79566563 0.71459695 0.38729097
 0.27536232 0.50909091 0.        ] 
 f1: [0.66429058 0.         0.1977066  0.28226249 0.6215064  0.27356485
 0.03225806 0.05511811 0.        ] 
 f1_avg: 0.5771572047004664

New best val score, save model ...
--- 30.553858995437622 seconds ---

Train Epoch: 6 accuracy: 0.55 
 precision: [9.34190897e-01 0.00000000e+00 5.75454678e-01 1.94000317e-01
 5.81080577e-01 3.80496762e-01 6.99801193e-02 9.23446302e-04] 
 recall: [0.57678462 1.         0.38494406 0.71940123 0.66484642 0.53736436
 0.38959602 0.68965517] 
 f1: [0.71321731 0.         0.46130394 0.30559192 0.62014764 0.44552579
 0.11864835 0.00184442] 
 f1_avg: 0.6227951957908762


Validation Epoch: 6 accuracy: 0.51 
 precision: [0.96517119 0.         0.18921032 0.17208017 0.57718121 0.22550091
 0.01966568 0.03685742 1.        ] 
 recall: [0.52265644 1.         0.20473773 0.77089783 0.70261438 0.41404682
 0.28985507 0.69090909 0.        ] 
 f1: [0.67810669 0.         0.19666802 0.28135593 0.63375092 0.29198113
 0.03683241 0.06998158 0.        ] 
 f1_avg: 0.5897994061773216

New best val score, save model ...
--- 35.555720806121826 seconds ---

Train Epoch: 7 accuracy: 0.57 
 precision: [0.93518572 0.         0.5857722  0.20141775 0.59167794 0.39042188
 0.07427555 0.00123226] 
 recall: [0.60863762 1.         0.38647705 0.72556501 0.67154437 0.55135467
 0.39291644 0.86206897] 
 f1: [0.7373761  0.         0.46569851 0.31530612 0.6290864  0.45713801
 0.12493401 0.00246099] 
 f1_avg: 0.6401423795501461


Validation Epoch: 7 accuracy: 0.53 
 precision: [0.96194889 0.         0.18968386 0.17851959 0.59175162 0.22940969
 0.02478632 0.04556075 1.        ] 
 recall: [0.54751059 1.         0.1928934  0.76160991 0.69553377 0.43411371
 0.42028986 0.70909091 0.        ] 
 f1: [0.6978355  0.         0.19127517 0.28924162 0.63945919 0.30018501
 0.04681195 0.0856202  0.        ] 
 f1_avg: 0.6049815901006206

New best val score, save model ...
--- 40.61952996253967 seconds ---

Train Epoch: 8 accuracy: 0.60 
 precision: [0.93632581 0.         0.59189937 0.20481117 0.59692192 0.39498852
 0.07306929 0.00151267] 
 recall: [0.64503031 1.         0.38370462 0.71470502 0.67841297 0.56370709
 0.42778085 0.82758621] 
 f1: [0.76384885 0.         0.46558753 0.31838389 0.6350639  0.46450162
 0.12481834 0.00301982] 
 f1_avg: 0.6571692145301478


Validation Epoch: 8 accuracy: 0.48 
 precision: [0.9687136  0.         0.15967742 0.1651436  0.57330155 0.2674513
 0.02202899 0.04019139 1.        ] 
 recall: [0.4651962  1.         0.16751269 0.78328173 0.78594771 0.44080268
 0.55072464 0.76363636 0.        ] 
 f1: [0.62854983 0.         0.16350124 0.27277628 0.66299104 0.33291235
 0.04236343 0.07636364 0.        ] 
 f1_avg: 0.5588841127408413

--- 45.27233934402466 seconds ---

Train Epoch: 9 accuracy: 0.57 
 precision: [9.40016103e-01 0.00000000e+00 5.67024129e-01 2.25248227e-01
 6.01593928e-01 4.11385551e-01 6.31734629e-02 7.55515261e-04] 
 recall: [0.59255604 1.         0.4001109  0.69914881 0.67627986 0.54446188
 0.49640288 0.51724138] 
 f1: [0.72689853 0.         0.46916413 0.34072379 0.63675437 0.46866005
 0.11208297 0.00150883] 
 f1_avg: 0.6368351578944945


Validation Epoch: 9 accuracy: 0.55 
 precision: [0.96156404 0.         0.20886076 0.21455939 0.54923005 0.23577525
 0.01829925 0.07325684 1.        ] 
 recall: [0.57779909 1.         0.19543147 0.69349845 0.64106754 0.44347826
 0.49275362 0.75454545 0.        ] 
 f1: [0.72184505 0.         0.20192308 0.32772495 0.59160593 0.30787091
 0.03528801 0.13354787 0.        ] 
 f1_avg: 0.6193351799592555

New best val score, save model ...
--- 50.24899649620056 seconds ---

Train Epoch: 10 accuracy: 0.61 
 precision: [0.93537128 0.         0.60320313 0.20775499 0.59490768 0.39300659
 0.06096022 0.00149358] 
 recall: [0.67756943 1.         0.37222349 0.68095098 0.65290102 0.55763325
 0.50802435 0.51724138] 
 f1: [0.78586768 0.         0.46036548 0.31837519 0.6225567  0.46106534
 0.10885806 0.00297855] 
 f1_avg: 0.6672041351003425


Validation Epoch: 10 accuracy: 0.44 
 precision: [0.97915863 0.         0.14194066 0.11346516 0.47900262 0.2238255
 0.02317497 0.0647482  1.        ] 
 recall: [0.40549828 1.         0.14974619 0.74613003 0.79520697 0.44615385
 0.57971014 0.73636364 0.        ] 
 f1: [0.57349534 0.         0.14573899 0.19697589 0.5978706  0.29810056
 0.04456825 0.11903012 0.        ] 
 f1_avg: 0.5078716745409266

--- 54.86425304412842 seconds ---

Train Epoch: 11 accuracy: 0.55 
 precision: [0.9406978  0.         0.5636991  0.20007978 0.58826332 0.40644501
 0.08315043 0.00106957] 
 recall: [0.55522346 1.         0.39962164 0.73613149 0.6846843  0.56896199
 0.54510238 0.75862069] 
 f1: [0.69829543 0.         0.46768714 0.31464057 0.63282205 0.47416465
 0.14429063 0.00213613] 
 f1_avg: 0.6194801324253425


Validation Epoch: 11 accuracy: 0.52 
 precision: [0.95933294 0.         0.20932358 0.18276137 0.58020165 0.27142303
 0.02392605 0.04685647 1.        ] 
 recall: [0.52409494 1.         0.19373942 0.70897833 0.68954248 0.46822742
 0.63768116 0.71818182 0.        ] 
 f1: [0.67786449 0.         0.20123023 0.29060914 0.63016426 0.34364261
 0.04612159 0.08797327 0.        ] 
 f1_avg: 0.5942499842120881

--- 59.5136296749115 seconds ---

Train Epoch: 12 accuracy: 0.60 
 precision: [0.93594478 0.         0.61827817 0.21236582 0.59290142 0.36580973
 0.07908598 0.00107252] 
 recall: [0.63846045 1.         0.38814051 0.72585853 0.69769625 0.55449396
 0.5650249  0.44827586] 
 f1: [0.75909774 0.         0.47689657 0.32859421 0.64104423 0.44080946
 0.1387511  0.00213992] 
 f1_avg: 0.6554739155887662


Validation Epoch: 12 accuracy: 0.50 
 precision: [0.95843028 0.         0.18623124 0.13990826 0.58404908 0.31777463
 0.02272727 0.0482969  1.        ] 
 recall: [0.49380644 1.         0.178511   0.75541796 0.77777778 0.45083612
 0.57971014 0.86363636 0.        ] 
 f1: [0.65179325 0.         0.18228942 0.23609095 0.66713385 0.37278761
 0.04373975 0.09147809 0.        ] 
 f1_avg: 0.579839696966902

--- 64.19152164459229 seconds ---

Train Epoch: 13 accuracy: 0.58 
 precision: [9.49601729e-01 0.00000000e+00 5.80249801e-01 2.24932493e-01
 6.12804308e-01 4.34845482e-01 8.86194030e-02 7.17102904e-04] 
 recall: [0.60282908 1.         0.40457941 0.73348987 0.6991041  0.55408449
 0.57830659 0.55172414] 
 f1: [0.73748541 0.         0.47674687 0.34428601 0.65311572 0.48727644
 0.15368777 0.00143234] 
 f1_avg: 0.6484903513001239


Validation Epoch: 13 accuracy: 0.53 
 precision: [0.96318221 0.         0.2173189  0.19850498 0.56353135 0.31301804
 0.02001144 0.04615385 1.        ] 
 recall: [0.53312555 1.         0.22081218 0.73993808 0.74400871 0.42943144
 0.50724638 0.79090909 0.        ] 
 f1: [0.68635218 0.         0.21905162 0.31303209 0.64131455 0.36209814
 0.03850385 0.08721805 0.        ] 
 f1_avg: 0.6045510429980245

--- 68.79467058181763 seconds ---

Train Epoch: 14 accuracy: 0.60 
 precision: [0.94803215 0.         0.61318166 0.22873346 0.61803806 0.41830261
 0.09800693 0.00095158] 
 recall: [0.64298134 1.         0.40086108 0.74581743 0.6802901  0.57148707
 0.62589928 0.62068966] 
 f1: [0.7662625  0.         0.4847935  0.35009645 0.64767166 0.48304107
 0.16947629 0.00190024] 
 f1_avg: 0.6660473636910689


Validation Epoch: 14 accuracy: 0.55 
 precision: [0.96058315 0.         0.20225564 0.19896641 0.48782161 0.28336466
 0.02546523 0.05062459 1.        ] 
 recall: [0.56868856 1.         0.22758037 0.71517028 0.7745098  0.40334448
 0.37681159 0.7        0.        ] 
 f1: [0.71442197 0.         0.21417197 0.31132075 0.59861082 0.33287331
 0.04770642 0.0944206  0.        ] 
 f1_avg: 0.6172455713496623

--- 73.37184119224548 seconds ---

Train Epoch: 15 accuracy: 0.61 
 precision: [0.94740909 0.         0.61667329 0.23083876 0.61806506 0.41883846
 0.0992092  0.00131445] 
 recall: [0.65678838 1.         0.40461202 0.74963311 0.69389932 0.58568211
 0.61095739 0.75862069] 
 f1: [0.77577393 0.         0.48862629 0.35298183 0.6537905  0.48840452
 0.17069965 0.00262436] 
 f1_avg: 0.6736062998979334


Validation Epoch: 15 accuracy: 0.56 
 precision: [0.95895185 0.         0.19853431 0.22445081 0.4726806  0.35429262
 0.01828761 0.05890052 1.        ] 
 recall: [0.59370255 1.         0.25211506 0.72755418 0.70206972 0.39197324
 0.31884058 0.81818182 0.        ] 
 f1: [0.73336624 0.         0.2221394  0.34306569 0.56497918 0.37218164
 0.03459119 0.10989011 0.        ] 
 f1_avg: 0.6316546148589632

New best val score, save model ...
--- 78.39978528022766 seconds ---

Train Epoch: 16 accuracy: 0.63 
 precision: [0.94537368 0.         0.61402881 0.23849722 0.62279135 0.42627766
 0.10285451 0.00179583] 
 recall: [0.68528596 1.         0.39202192 0.75462284 0.69923208 0.59428103
 0.61815163 0.89655172] 
 f1: [0.79458803 0.         0.47853005 0.36244449 0.65880178 0.49645107
 0.17636378 0.00358448] 
 f1_avg: 0.684527405743006


Validation Epoch: 16 accuracy: 0.55 
 precision: [0.9627389  0.         0.15220126 0.19639935 0.48909339 0.30124688
 0.03116652 0.05382436 1.        ] 
 recall: [0.55957804 1.         0.20473773 0.74303406 0.78159041 0.40401338
 0.50724638 0.69090909 0.        ] 
 f1: [0.70777317 0.         0.17460317 0.31067961 0.60167715 0.34514286
 0.05872483 0.09986859 0.        ] 
 f1_avg: 0.6113105890486301

--- 83.04526734352112 seconds ---

Train Epoch: 17 accuracy: 0.60 
 precision: [0.94906392 0.         0.59560994 0.24349302 0.61799711 0.44208278
 0.09251534 0.00133674] 
 recall: [0.63465388 1.         0.40800417 0.75785148 0.71109215 0.5933256
 0.62589928 0.79310345] 
 f1: [0.76064953 0.         0.48427247 0.36856755 0.66128424 0.50665812
 0.16120296 0.00266899] 
 f1_avg: 0.6666015941124608


Validation Epoch: 17 accuracy: 0.53 
 precision: [0.96710711 0.         0.18226002 0.23110151 0.42109013 0.3388102
 0.01094656 0.06268437 1.        ] 
 recall: [0.54982818 1.         0.25380711 0.6625387  0.64379085 0.4
 0.24637681 0.77272727 0.        ] 
 f1: [0.70107505 0.         0.21216407 0.34267414 0.50915356 0.36687117
 0.02096178 0.1159618  0.        ] 
 f1_avg: 0.6018394721885953

--- 87.67668581008911 seconds ---

Train Epoch: 18 accuracy: 0.64 
 precision: [0.94282132 0.         0.61816644 0.23658492 0.61816163 0.42419323
 0.09327724 0.00141731] 
 recall: [0.69973213 1.         0.38135621 0.75315527 0.68886519 0.58848017
 0.63807416 0.55172414] 
 f1: [0.80328877 0.         0.47170839 0.36006455 0.65160106 0.49301049
 0.16276115 0.00282735] 
 f1_avg: 0.6871032713710554


Validation Epoch: 18 accuracy: 0.49 
 precision: [0.96828479 0.         0.11222172 0.18159408 0.45960224 0.32716763
 0.01919721 0.0519685  1.        ] 
 recall: [0.47822265 1.         0.20896785 0.68421053 0.80555556 0.37859532
 0.31884058 0.9        0.        ] 
 f1: [0.64023966 0.         0.14602424 0.28701299 0.58527899 0.35100775
 0.03621399 0.09826303 0.        ] 
 f1_avg: 0.5598223176985581

--- 92.3287365436554 seconds ---

Train Epoch: 19 accuracy: 0.56 
 precision: [9.55065543e-01 0.00000000e+00 5.57509484e-01 2.31331455e-01
 6.02380259e-01 4.57820834e-01 1.01516320e-01 6.33864195e-04] 
 recall: [0.5601579  1.         0.40741707 0.77105958 0.70610068 0.57408039
 0.65578307 0.55172414] 
 f1: [0.70614999 0.         0.47078999 0.35588972 0.65012963 0.5094014
 0.17581602 0.00126627] 
 f1_avg: 0.6308461014505373


Validation Epoch: 19 accuracy: 0.50 
 precision: [0.97127496 0.         0.21223022 0.22847682 0.46932631 0.37460913
 0.01416122 0.04469763 1.        ] 
 recall: [0.50531447 1.         0.29949239 0.64086687 0.6791939  0.4006689
 0.37681159 0.92727273 0.        ] 
 f1: [0.66477422 0.         0.24842105 0.33685924 0.55508569 0.38720103
 0.02729659 0.08528428 0.        ] 
 f1_avg: 0.5847736567762035

--- 96.91763520240784 seconds ---

Train Epoch: 20 accuracy: 0.60 
 precision: [0.9485649  0.         0.62728286 0.25282472 0.61591812 0.42828252
 0.10045388 0.00153928] 
 recall: [0.63180601 1.         0.42235559 0.76841796 0.7008959  0.57810687
 0.64914222 1.        ] 
 f1: [0.75844094 0.         0.50481463 0.38046796 0.65566508 0.49204229
 0.17398398 0.00307382] 
 f1_avg: 0.6672257524421946


Validation Epoch: 20 accuracy: 0.54 
 precision: [0.97036623 0.         0.18637771 0.23535792 0.48702959 0.25255302
 0.0294861  0.06071429 1.        ] 
 recall: [0.55478303 1.         0.25465313 0.67182663 0.72603486 0.43010033
 0.50724638 0.77272727 0.        ] 
 f1: [0.70595414 0.         0.2152306  0.34859438 0.5829871  0.31823806
 0.05573248 0.11258278 0.        ] 
 f1_avg: 0.6092817733193506

--- 101.52133798599243 seconds ---

Train Epoch: 21 accuracy: 0.60 
 precision: [0.94964605 0.         0.60873321 0.24801887 0.60295918 0.41401027
 0.09997509 0.0017414 ] 
 recall: [0.62412707 1.         0.41377736 0.77164661 0.71454778 0.58322528
 0.66629773 0.96551724] 
 f1: [0.75322142 0.         0.49266976 0.37538374 0.65402788 0.48426123
 0.17386282 0.00347653] 
 f1_avg: 0.6611411458768331


Validation Epoch: 21 accuracy: 0.57 
 precision: [0.95525952 0.         0.21295741 0.25566751 0.52908705 0.42750929
 0.01096642 0.05981873 1.        ] 
 recall: [0.60744825 1.         0.30033841 0.62848297 0.67864924 0.38461538
 0.23188406 0.9        0.        ] 
 f1: [0.74264778 0.         0.24921025 0.36347359 0.59460749 0.40492958
 0.02094241 0.1121813  0.        ] 
 f1_avg: 0.646225540009177

New best val score, save model ...
--- 106.5443742275238 seconds ---

Train Epoch: 22 accuracy: 0.60 
 precision: [0.94912957 0.         0.6154182  0.25379297 0.61644785 0.42777215
 0.10891175 0.0016412 ] 
 recall: [0.62517036 1.         0.41374474 0.7757558  0.72111775 0.60526855
 0.69120089 1.        ] 
 f1: [0.75381782 0.         0.49482163 0.38246147 0.66468738 0.50127169
 0.18817326 0.00327702] 
 f1_avg: 0.6649024895848954


Validation Epoch: 22 accuracy: 0.60 
 precision: [0.93846329 0.         0.21763959 0.27385892 0.55995986 0.37794774
 0.02118003 0.05630198 1.        ] 
 recall: [0.65691681 1.         0.29018613 0.6130031  0.60784314 0.39665552
 0.20289855 0.8        0.        ] 
 f1: [0.77284693 0.         0.24873096 0.37858509 0.58291982 0.38707572
 0.03835616 0.10520024 0.        ] 
 f1_avg: 0.665160162676877

New best val score, save model ...
--- 111.54804921150208 seconds ---

Train Epoch: 23 accuracy: 0.57 
 precision: [0.94696631 0.         0.61076555 0.23315183 0.61809027 0.40111163
 0.0860879  0.0016116 ] 
 recall: [0.57665304 1.         0.41635409 0.76665688 0.71744881 0.59100525
 0.65578307 0.96551724] 
 f1: [0.71680765 0.         0.49516088 0.35756331 0.66407361 0.47788538
 0.15219625 0.00321784] 
 f1_avg: 0.6403212872048545


Validation Epoch: 23 accuracy: 0.52 
 precision: [0.92818501 0.         0.21527778 0.27486188 0.62086093 0.39872068
 0.0152439  0.05869074 1.        ] 
 recall: [0.54846959 1.         0.26226734 0.61609907 0.6127451  0.37525084
 0.28985507 0.70909091 0.        ] 
 f1: [0.6895062  0.         0.23646072 0.38013372 0.61677632 0.38662991
 0.02896452 0.10840862 0.        ] 
 f1_avg: 0.6087974762424666

--- 116.26363229751587 seconds ---

Train Epoch: 24 accuracy: 0.61 
 precision: [0.94102618 0.         0.61812128 0.2542766  0.64097557 0.43612313
 0.10398319 0.00190996] 
 recall: [0.63694722 1.         0.42388858 0.77223364 0.71420648 0.59175595
 0.71223022 0.96551724] 
 f1: [0.75968836 0.         0.50290225 0.38257961 0.67561241 0.50215723
 0.18147208 0.00381238] 
 f1_avg: 0.6711650716486806


Validation Epoch: 24 accuracy: 0.58 
 precision: [0.94239631 0.         0.23194888 0.25839793 0.60359922 0.40714286
 0.01886792 0.05289814 1.        ] 
 recall: [0.62103412 1.         0.3071066  0.61919505 0.67592593 0.3812709
 0.39130435 0.85454545 0.        ] 
 f1: [0.74868732 0.         0.26428831 0.36463081 0.6377184  0.39378238
 0.036      0.09962904 0.        ] 
 f1_avg: 0.6550516707219807

--- 120.8123049736023 seconds ---

Train Epoch: 25 accuracy: 0.61 
 precision: [0.95312031 0.         0.60020918 0.25903972 0.64249737 0.45605689
 0.10481424 0.00096783] 
 recall: [0.6265896  1.         0.44923187 0.76959202 0.72922355 0.60840783
 0.70724958 0.5862069 ] 
 f1: [0.75610752 0.         0.51386039 0.3876118  0.68311886 0.52132979
 0.18257143 0.00193248] 
 f1_avg: 0.6735540358593123


Validation Epoch: 25 accuracy: 0.59 
 precision: [0.94260563 0.         0.22628726 0.27233429 0.60676533 0.40591966
 0.01993127 0.05430609 1.        ] 
 recall: [0.64181251 1.         0.28257191 0.58513932 0.62527233 0.38528428
 0.42028986 0.9        0.        ] 
 f1: [0.76365711 0.         0.25131678 0.37168142 0.61587983 0.39533288
 0.03805774 0.10243145 0.        ] 
 f1_avg: 0.6628034197352675

--- 125.48154258728027 seconds ---

Train Epoch: 26 accuracy: 0.65 
 precision: [0.94803918 0.         0.61881664 0.26075949 0.66131305 0.45488627
 0.11303454 0.00168399] 
 recall: [0.69777715 1.         0.42026811 0.78602876 0.7008959  0.61277554
 0.72993913 0.79310345] 
 f1: [0.8038808  0.         0.50057303 0.39160635 0.68052938 0.52215632
 0.19575542 0.00336085] 
 f1_avg: 0.6994110650152839


Validation Epoch: 26 accuracy: 0.60 
 precision: [0.94658095 0.         0.19168591 0.23915592 0.61579201 0.40715268
 0.02475248 0.04821327 1.        ] 
 recall: [0.64716695 1.         0.28087986 0.63157895 0.69662309 0.39598662
 0.36231884 0.77272727 0.        ] 
 f1: [0.76874881 0.         0.22786548 0.34693878 0.65371837 0.40149203
 0.0463392  0.09076348 0.        ] 
 f1_avg: 0.6688022094751565

New best val score, save model ...
--- 130.46909976005554 seconds ---

Train Epoch: 27 accuracy: 0.60 
 precision: [0.95711034 0.         0.60278335 0.26301186 0.65196004 0.47749437
 0.11284936 0.00121359] 
 recall: [0.60867522 1.         0.45066701 0.80686821 0.7293942  0.60813485
 0.71057001 0.93103448] 
 f1: [0.74412405 0.         0.51574252 0.39670972 0.68850677 0.53495422
 0.19476678 0.00242402] 
 f1_avg: 0.6689068967377151


Validation Epoch: 27 accuracy: 0.57 
 precision: [0.93884804 0.         0.23192771 0.2733711  0.58923815 0.36662679
 0.01604278 0.04821151 1.        ] 
 recall: [0.61224327 1.         0.2605753  0.59752322 0.60239651 0.41003344
 0.30434783 0.84545455 0.        ] 
 f1: [0.74115997 0.         0.24541833 0.37512148 0.59574468 0.38711715
 0.03047896 0.09122119 0.        ] 
 f1_avg: 0.6436483505685111

--- 135.16885542869568 seconds ---

Train Epoch: 28 accuracy: 0.64 
 precision: [0.94580317 0.         0.62989631 0.28222919 0.65069576 0.46133918
 0.10922677 0.00175901] 
 recall: [0.68151699 1.         0.4279983  0.74024068 0.72017918 0.6319525
 0.71997786 0.89655172] 
 f1: [0.79219928 0.         0.5096813  0.40865268 0.68367657 0.53333333
 0.1896778  0.00351114] 
 f1_avg: 0.6956472240475559


Validation Epoch: 28 accuracy: 0.60 
 precision: [0.94013304 0.         0.22188995 0.21148036 0.65060852 0.40134028
 0.02252816 0.05067385 1.        ] 
 recall: [0.64381044 1.         0.31387479 0.6501548  0.69880174 0.36053512
 0.26086957 0.85454545 0.        ] 
 f1: [0.76425387 0.         0.25998598 0.31914894 0.67384454 0.37984496
 0.04147465 0.0956743  0.        ] 
 f1_avg: 0.6675307034414542

--- 139.855810880661 seconds ---

Train Epoch: 29 accuracy: 0.60 
 precision: [9.57038187e-01 0.00000000e+00 5.94801540e-01 2.72773075e-01
 6.51786389e-01 4.90149940e-01 1.12585093e-01 9.06823849e-04] 
 recall: [0.60279148 1.         0.46873675 0.79454065 0.7362628  0.61127414
 0.71389043 0.68965517] 
 f1: [0.73968906 0.         0.5242977  0.40612107 0.69145398 0.54405199
 0.1944968  0.00181127] 
 f1_avg: 0.6690420668755818


Validation Epoch: 29 accuracy: 0.58 
 precision: [0.94223132 0.         0.23104693 0.23726852 0.66743783 0.37142857
 0.01877551 0.0438675  1.        ] 
 recall: [0.6256693  1.         0.27072758 0.63467492 0.62854031 0.4
 0.33333333 0.89090909 0.        ] 
 f1: [0.75199308 0.         0.24931827 0.34540859 0.64740533 0.38518519
 0.03554869 0.08361775 0.        ] 
 f1_avg: 0.6562179158080929

--- 144.45505738258362 seconds ---

Train Epoch: 30 accuracy: 0.65 
 precision: [0.94772188 0.         0.63966609 0.29113786 0.66849896 0.47378306
 0.12586459 0.00177229] 
 recall: [0.68308661 1.         0.45487459 0.78103904 0.72636519 0.63700266
 0.71499723 1.        ] 
 f1: [0.79393274 0.         0.53167115 0.42416514 0.69623178 0.54340106
 0.21404904 0.00353831] 
 f1_avg: 0.7033933588365648


Validation Epoch: 30 accuracy: 0.62 
 precision: [0.93772494 0.         0.24289008 0.21658031 0.7016734  0.36917098
 0.02186421 0.05473555 1.        ] 
 recall: [0.68712539 1.         0.26734349 0.64705882 0.66230937 0.3812709
 0.27536232 0.80909091 0.        ] 
 f1: [0.79310027 0.         0.25453081 0.32453416 0.68142337 0.3751234
 0.04051173 0.10253456 0.        ] 
 f1_avg: 0.6881245677622793

New best val score, save model ...
--- 149.38205862045288 seconds ---

Train Epoch: 31 accuracy: 0.63 
 precision: [0.95468829 0.         0.62532649 0.27462778 0.66457392 0.48742839
 0.11112066 0.00159899] 
 recall: [0.65389351 1.         0.45291758 0.79043146 0.74061433 0.62710708
 0.71555064 0.96551724] 
 f1: [0.77616753 0.         0.52533813 0.40762885 0.7005367  0.54851515
 0.19236778 0.0031927 ] 
 f1_avg: 0.6922842223452705


Validation Epoch: 31 accuracy: 0.61 
 precision: [0.94310522 0.         0.23924941 0.23144105 0.68492377 0.37055215
 0.01832994 0.05240707 1.        ] 
 recall: [0.6597139  1.         0.25888325 0.65634675 0.66067538 0.40401338
 0.39130435 0.78181818 0.        ] 
 f1: [0.77635663 0.         0.2486794  0.34221146 0.67258109 0.38656
 0.03501946 0.09822958 0.        ] 
 f1_avg: 0.6761965179283246

--- 153.99743580818176 seconds ---

Train Epoch: 32 accuracy: 0.66 
 precision: [0.94986022 0.         0.63686972 0.29749261 0.67369411 0.47764029
 0.12576313 0.00190389] 
 recall: [0.69299309 1.         0.45523337 0.79747579 0.7334471  0.63488705
 0.74100719 1.        ] 
 f1: [0.80134552 0.         0.53094686 0.43333333 0.70230193 0.54515089
 0.21503132 0.00380054] 
 f1_avg: 0.7087562945487548


Validation Epoch: 32 accuracy: 0.62 
 precision: [0.94169514 0.         0.24282715 0.23569794 0.67676211 0.3781457
 0.02117647 0.05394432 1.        ] 
 recall: [0.68280988 1.         0.29357022 0.6377709  0.66938998 0.3819398
 0.26086957 0.84545455 0.        ] 
 f1: [0.7916242  0.         0.26579854 0.34419382 0.67305586 0.38003328
 0.03917301 0.10141767 0.        ] 
 f1_avg: 0.6877260854059204

--- 158.5731701850891 seconds ---

Train Epoch: 33 accuracy: 0.63 
 precision: [0.9562066  0.         0.62394128 0.28520462 0.66767453 0.49555579
 0.10947616 0.0015756 ] 
 recall: [0.65096104 1.         0.46854105 0.7977693  0.74424061 0.63161127
 0.72053127 0.96551724] 
 f1: [0.77459654 0.         0.5351887  0.42019015 0.70388154 0.5553722
 0.19007299 0.00314607] 
 f1_avg: 0.6942377174577679


Validation Epoch: 33 accuracy: 0.61 
 precision: [0.94359791 0.         0.23990307 0.23348519 0.67345784 0.37755102
 0.01886792 0.05516804 1.        ] 
 recall: [0.66315032 1.         0.25126904 0.63467492 0.64814815 0.42073579
 0.43478261 0.79090909 0.        ] 
 f1: [0.77889895 0.         0.24545455 0.34138218 0.66056064 0.39797532
 0.03616637 0.10314167 0.        ] 
 f1_avg: 0.6775182471705132

--- 163.2181432247162 seconds ---

Train Epoch: 34 accuracy: 0.67 
 precision: [0.94947147 0.         0.63403285 0.29588135 0.6777     0.48041883
 0.12720714 0.00143702] 
 recall: [0.72181963 1.         0.45330898 0.81391253 0.73110068 0.63877704
 0.7415606  0.5862069 ] 
 f1: [0.82014097 0.         0.52865212 0.43399327 0.70338827 0.54839466
 0.2171623  0.00286702] 
 f1_avg: 0.719890247839928


Validation Epoch: 34 accuracy: 0.59 
 precision: [0.94850981 0.         0.22144928 0.21887967 0.66616841 0.39487179
 0.01915709 0.04892824 1.        ] 
 recall: [0.6256693  1.         0.32318105 0.65325077 0.72821351 0.36053512
 0.28985507 0.95454545 0.        ] 
 f1: [0.75398469 0.         0.2628139  0.32789433 0.69581056 0.37692308
 0.0359389  0.09308511 0.        ] 
 f1_avg: 0.6626036585914613

--- 167.80649328231812 seconds ---

Train Epoch: 35 accuracy: 0.61 
 precision: [9.58864848e-01 0.00000000e+00 6.11129323e-01 2.98573114e-01
 6.49295460e-01 5.15534312e-01 1.16098519e-01 6.94414305e-04] 
 recall: [0.60688002 1.         0.4864477  0.81684767 0.74308874 0.61830342
 0.71997786 0.55172414] 
 f1: [0.74330874 0.         0.54170677 0.43730358 0.69303306 0.56226146
 0.19995389 0.00138708] 
 f1_avg: 0.6764636804241781


Validation Epoch: 35 accuracy: 0.58 
 precision: [0.94144035 0.         0.23454952 0.24821853 0.6646778  0.36893733
 0.02968863 0.0325457  1.        ] 
 recall: [0.62055462 1.         0.26649746 0.64705882 0.60675381 0.45284281
 0.5942029  0.66363636 0.        ] 
 f1: [0.74803719 0.         0.24950495 0.35879828 0.63439636 0.40660661
 0.05655172 0.06204845 0.        ] 
 f1_avg: 0.6540816290889405

--- 172.43640732765198 seconds ---

Train Epoch: 36 accuracy: 0.66 
 precision: [0.95352476 0.         0.64094343 0.31991078 0.68059384 0.4976074
 0.12432483 0.00178604] 
 recall: [0.68726914 1.         0.47597769 0.79982389 0.73732935 0.6387088
 0.73879358 1.        ] 
 f1: [0.79879398 0.         0.5462781  0.45702306 0.70782651 0.55939751
 0.2128338  0.00356572] 
 f1_avg: 0.7121575596435884


Validation Epoch: 36 accuracy: 0.61 
 precision: [0.94932315 0.         0.26378676 0.23710209 0.74514563 0.32679097
 0.02514793 0.05349576 1.        ] 
 recall: [0.65571805 1.         0.2428088  0.66873065 0.66884532 0.44548495
 0.49275362 0.91818182 0.        ] 
 f1: [0.77566648 0.         0.25286344 0.35008104 0.70493685 0.3770167
 0.04785362 0.1011011  0.        ] 
 f1_avg: 0.6787547377415566

--- 177.07985138893127 seconds ---

Train Epoch: 37 accuracy: 0.65 
 precision: [0.95537148 0.         0.6404374  0.30931129 0.66353928 0.49196057
 0.12662307 0.00160809] 
 recall: [0.67101837 1.         0.46801918 0.82389199 0.74223549 0.63686617
 0.73934698 0.96551724] 
 f1: [0.78833721 0.         0.54081863 0.44976767 0.70068466 0.55511272
 0.21621622 0.00321083] 
 f1_avg: 0.7036829369607156


Validation Epoch: 37 accuracy: 0.61 
 precision: [0.94510821 0.         0.23070674 0.27320261 0.70973451 0.3597561
 0.02531646 0.04961411 1.        ] 
 recall: [0.67010309 1.         0.24027073 0.64705882 0.65522876 0.43411371
 0.52173913 0.81818182 0.        ] 
 f1: [0.78419453 0.         0.23539163 0.38419118 0.68139337 0.39345256
 0.04828974 0.09355509 0.        ] 
 f1_avg: 0.6831489192878277

--- 181.63967990875244 seconds ---

Train Epoch: 38 accuracy: 0.67 
 precision: [0.95615158 0.         0.634402   0.30715706 0.69102761 0.49822343
 0.11901028 0.0019935 ] 
 recall: [0.72306969 1.         0.43823999 0.81626064 0.72811433 0.65071999
 0.75594909 0.93103448] 
 f1: [0.82343434 0.         0.5183842  0.44635262 0.70908638 0.56435145
 0.20564546 0.00397849] 
 f1_avg: 0.7222423872899666


Validation Epoch: 38 accuracy: 0.57 
 precision: [0.95367882 0.         0.23404255 0.21792453 0.6689015  0.35885714
 0.0255848  0.04377682 1.        ] 
 recall: [0.59562055 1.         0.2605753  0.71517028 0.70642702 0.42006689
 0.50724638 0.92727273 0.        ] 
 f1: [0.7332743  0.         0.24659728 0.3340564  0.68715232 0.38705701
 0.0487126  0.08360656 0.        ] 
 f1_avg: 0.646909669436388

--- 186.18980979919434 seconds ---

Train Epoch: 39 accuracy: 0.62 
 precision: [0.95714909 0.         0.65294532 0.30027519 0.66656472 0.49954995
 0.13724103 0.0010604 ] 
 recall: [0.61848771 1.         0.4837405  0.83269739 0.74385666 0.64389545
 0.75152186 0.82758621] 
 f1: [0.75142311 0.         0.55574916 0.44138468 0.70309287 0.56261181
 0.23209708 0.00211808] 
 f1_avg: 0.6853710349727182


Validation Epoch: 39 accuracy: 0.58 
 precision: [0.94237695 0.         0.2294159  0.24308063 0.6296729  0.34381551
 0.02417303 0.0363716  1.        ] 
 recall: [0.62734756 1.         0.27580372 0.625387   0.58714597 0.43879599
 0.27536232 0.75454545 0.        ] 
 f1: [0.75325049 0.         0.25048022 0.35008666 0.60766629 0.38554217
 0.04444444 0.06939799 0.        ] 
 f1_avg: 0.6531180473006918

--- 190.77064085006714 seconds ---

Train Epoch: 40 accuracy: 0.64 
 precision: [0.95339098 0.         0.65574588 0.31246494 0.68810566 0.4817361
 0.10896794 0.00162038] 
 recall: [0.65905353 1.         0.47199843 0.81743469 0.75127986 0.6408244
 0.72219148 1.        ] 
 f1: [0.77935791 0.         0.54890284 0.45211039 0.71830641 0.55000732
 0.18936371 0.00323552] 
 f1_avg: 0.7014112227911098


Validation Epoch: 40 accuracy: 0.61 
 precision: [0.94485294 0.         0.24957841 0.22316684 0.7322503  0.34310532
 0.02321981 0.05268996 1.        ] 
 recall: [0.65723647 1.         0.25042301 0.6501548  0.66285403 0.42274247
 0.43478261 0.86363636 0.        ] 
 f1: [0.77522741 0.         0.25       0.33227848 0.69582619 0.37878334
 0.04408523 0.09932044 0.        ] 
 f1_avg: 0.6771034052517432

--- 195.38122415542603 seconds ---

Train Epoch: 41 accuracy: 0.66 
 precision: [0.95795416 0.         0.6504543  0.30313476 0.70087953 0.51460554
 0.14034052 0.00163934] 
 recall: [0.69060576 1.         0.47633648 0.82594658 0.75132253 0.65884119
 0.78915329 0.96551724] 
 f1: [0.8026019  0.         0.54994257 0.44349882 0.72522495 0.57785892
 0.23830214 0.00327313] 
 f1_avg: 0.7187863256270823


Validation Epoch: 41 accuracy: 0.62 
 precision: [0.94941016 0.         0.2693662  0.2038835  0.75582127 0.29575095
 0.02982107 0.05115713 1.        ] 
 recall: [0.66890434 1.         0.25888325 0.6501548  0.65413943 0.47023411
 0.43478261 0.76363636 0.        ] 
 f1: [0.78484692 0.         0.26402071 0.31042129 0.70131387 0.36311983
 0.05581395 0.09589041 0.        ] 
 f1_avg: 0.6837250841040199

--- 199.95224499702454 seconds ---

Train Epoch: 42 accuracy: 0.67 
 precision: [0.95666476 0.         0.64892473 0.3176076  0.69942403 0.50526426
 0.14084363 0.0018541 ] 
 recall: [0.7079562  1.         0.47242245 0.83387144 0.75119454 0.65829523
 0.76314333 1.        ] 
 f1: [0.81373089 0.         0.54678269 0.46000648 0.72438548 0.57171645
 0.23779962 0.00370134] 
 f1_avg: 0.7245119948817532


Validation Epoch: 42 accuracy: 0.60 
 precision: [0.94360725 0.         0.25560897 0.22801303 0.73443008 0.38785626
 0.0209546  0.05103149 1.        ] 
 recall: [0.64053384 1.         0.26988156 0.6501548  0.68082789 0.4187291
 0.52173913 0.85454545 0.        ] 
 f1: [0.76307897 0.         0.26255144 0.33762058 0.70661391 0.40270183
 0.04029099 0.09631148 0.        ] 
 f1_avg: 0.6725474758154688

--- 204.6086597442627 seconds ---

Train Epoch: 43 accuracy: 0.67 
 precision: [0.95818272 0.         0.65556178 0.33776784 0.69951262 0.52341991
 0.14181999 0.00160707] 
 recall: [0.69260774 1.         0.4961349  0.84208982 0.75925768 0.65051525
 0.78915329 0.96551724] 
 f1: [0.80403271 0.         0.56481378 0.48214436 0.7281617  0.58008763
 0.24043163 0.0032088 ] 
 f1_avg: 0.7234715847605786


Validation Epoch: 43 accuracy: 0.62 
 precision: [0.94558659 0.         0.24619289 0.2249467  0.72754854 0.32304725
 0.0344186  0.04885057 1.        ] 
 recall: [0.67633661 1.         0.24619289 0.65325077 0.65305011 0.44816054
 0.53623188 0.77272727 0.        ] 
 f1: [0.78861296 0.         0.24619289 0.33465504 0.68828932 0.37545531
 0.06468531 0.09189189 0.        ] 
 f1_avg: 0.6853429859644532

--- 209.2201738357544 seconds ---

Train Epoch: 44 accuracy: 0.68 
 precision: [0.95642316 0.         0.65587008 0.33206019 0.70455547 0.51779714
 0.15366008 0.00193153] 
 recall: [0.72159406 1.         0.47685835 0.84208982 0.75021331 0.67310448
 0.80852241 1.        ] 
 f1: [0.8225771  0.         0.55221907 0.47630115 0.72666791 0.58532388
 0.25824127 0.00385561] 
 f1_avg: 0.7325679569849047


Validation Epoch: 44 accuracy: 0.61 
 precision: [0.9484548  0.         0.24289196 0.22631579 0.73729792 0.36203966
 0.02582496 0.05179063 1.        ] 
 recall: [0.65731639 1.         0.25296108 0.66563467 0.69553377 0.42742475
 0.52173913 0.85454545 0.        ] 
 f1: [0.7764928  0.         0.24782429 0.33778476 0.71580717 0.39202454
 0.04921394 0.09766234 0.        ] 
 f1_avg: 0.6811618730491685

--- 213.7970564365387 seconds ---

Train Epoch: 45 accuracy: 0.67 
 precision: [0.96007498 0.         0.65705601 0.33880491 0.69740668 0.52706271
 0.14501149 0.00157454] 
 recall: [0.69319047 1.         0.49355817 0.84208982 0.7572099  0.65392752
 0.80354178 0.96551724] 
 f1: [0.80509131 0.         0.56369089 0.4832     0.72607895 0.58368105
 0.24568528 0.00314395] 
 f1_avg: 0.723998920270299


Validation Epoch: 45 accuracy: 0.61 
 precision: [0.94814646 0.         0.24697337 0.2248954  0.7172619  0.30647415
 0.03779367 0.04888889 1.        ] 
 recall: [0.666347   1.         0.25888325 0.66563467 0.65631808 0.44013378
 0.53623188 0.8        0.        ] 
 f1: [0.78265359 0.         0.2527881  0.33620016 0.685438   0.36133992
 0.07061069 0.0921466  0.        ] 
 f1_avg: 0.6801250013254806

--- 218.40220594406128 seconds ---

Train Epoch: 46 accuracy: 0.68 
 precision: [0.9562406  0.         0.65974261 0.33755571 0.70433982 0.51201823
 0.15482152 0.00193527] 
 recall: [0.72275953 1.         0.47653218 0.84473144 0.75055461 0.67453764
 0.80409519 1.        ] 
 f1: [0.82326617 0.         0.55336717 0.48235984 0.72671321 0.58214801
 0.25964975 0.00386306] 
 f1_avg: 0.733045954844084


Validation Epoch: 46 accuracy: 0.59 
 precision: [0.94340966 0.         0.2306525  0.21904762 0.70657016 0.35792683
 0.02666667 0.05392732 1.        ] 
 recall: [0.63549908 1.         0.2571912  0.64086687 0.69117647 0.39264214
 0.43478261 0.83636364 0.        ] 
 f1: [0.75943081 0.         0.2432     0.32649842 0.69878855 0.37448166
 0.05025126 0.10132159 0.        ] 
 f1_avg: 0.6653335784950094

--- 222.95513248443604 seconds ---

Train Epoch: 47 accuracy: 0.67 
 precision: [0.96012848 0.         0.65541126 0.32195829 0.70577732 0.52360562
 0.14453242 0.00163743] 
 recall: [0.69393299 1.         0.49381911 0.84737306 0.75883106 0.65925067
 0.79800775 0.96551724] 
 f1: [0.80561072 0.         0.56325452 0.46662357 0.73134328 0.58365053
 0.24473863 0.00326931] 
 f1_avg: 0.7245901370952385


Validation Epoch: 47 accuracy: 0.62 
 precision: [0.9506523  0.         0.23088128 0.23725055 0.70175439 0.33316089
 0.03309481 0.05047506 1.        ] 
 recall: [0.66970351 1.         0.26818951 0.6625387  0.67538126 0.43076923
 0.53623188 0.77272727 0.        ] 
 f1: [0.78582146 0.         0.2481409  0.34938776 0.68831529 0.37572929
 0.06234204 0.09476031 0.        ] 
 f1_avg: 0.6837999466963282

--- 227.5335865020752 seconds ---

Train Epoch: 48 accuracy: 0.68 
 precision: [0.95722064 0.         0.65912429 0.33095758 0.70511478 0.51072539
 0.14486839 0.00198413] 
 recall: [0.72535364 1.         0.46841058 0.84502495 0.74692833 0.67269501
 0.78583287 1.        ] 
 f1: [0.82531093 0.         0.54763857 0.47563192 0.72541952 0.58062616
 0.24463778 0.0039604 ] 
 f1_avg: 0.7327091821601779


Validation Epoch: 48 accuracy: 0.61 
 precision: [0.94504249 0.         0.21644737 0.22945205 0.66718107 0.37882823
 0.028125   0.05555556 1.        ] 
 recall: [0.66650683 1.         0.27834179 0.62229102 0.70642702 0.38060201
 0.39130435 0.83636364 0.        ] 
 f1: [0.781704   0.         0.24352332 0.3352794  0.68624339 0.37971305
 0.05247813 0.10419026 0.        ] 
 f1_avg: 0.6804584074247633

--- 232.09827780723572 seconds ---

Train Epoch: 49 accuracy: 0.66 
 precision: [0.96042594 0.         0.66081147 0.31829684 0.69758424 0.52130326
 0.13085773 0.00158255] 
 recall: [0.68157338 1.         0.48713265 0.84913414 0.76749147 0.65297209
 0.7742114  0.96551724] 
 f1: [0.79732159 0.         0.56083365 0.46302817 0.73087002 0.57975581
 0.22387582 0.00315991] 
 f1_avg: 0.718634938995435


Validation Epoch: 49 accuracy: 0.62 
 precision: [0.94759144 0.         0.22957198 0.24556962 0.6584976  0.37885752
 0.0300273  0.0509177  1.        ] 
 recall: [0.6791337  1.         0.29949239 0.6006192  0.67320261 0.38595318
 0.47826087 0.78181818 0.        ] 
 f1: [0.79121084 0.         0.25991189 0.34860737 0.66576892 0.38237243
 0.05650685 0.09560867 0.        ] 
 f1_avg: 0.6865922274397394

--- 236.6338827610016 seconds ---

Train Epoch: 50 accuracy: 0.68 
 precision: [0.95745818 0.         0.65888481 0.3490318  0.70295174 0.52148407
 0.13484    0.00196105] 
 recall: [0.72408478 1.         0.46211553 0.857059   0.75183447 0.67337747
 0.78583287 1.        ] 
 f1: [0.82457708 0.         0.5432307  0.49605028 0.72657184 0.58777626
 0.23018317 0.00391442] 
 f1_avg: 0.732498565136387


Validation Epoch: 50 accuracy: 0.63 
 precision: [0.94913015 0.         0.20992823 0.24223602 0.60300328 0.39343066
 0.0273224  0.05939316 1.        ] 
 recall: [0.68888356 1.         0.29695431 0.60371517 0.69989107 0.36053512
 0.36231884 0.83636364 0.        ] 
 f1: [0.79833295 0.         0.24597057 0.34574468 0.64784472 0.37626527
 0.05081301 0.11091019 0.        ] 
 f1_avg: 0.6883452372297019

New best val score, save model ...
--- 241.5607624053955 seconds ---

Train Epoch: 51 accuracy: 0.67 
 precision: [0.96102755 0.         0.65307469 0.32801259 0.68850888 0.52213506
 0.13455024 0.00166212] 
 recall: [0.68881996 1.         0.48426237 0.85647197 0.76608362 0.64955982
 0.79136691 0.96551724] 
 f1: [0.80246805 0.         0.55614032 0.47435585 0.72522768 0.57891856
 0.22999598 0.00331852] 
 f1_avg: 0.7203467734670618


Validation Epoch: 51 accuracy: 0.60 
 precision: [0.95052717 0.         0.21878941 0.24904215 0.61665005 0.37051533
 0.02899751 0.05049912 1.        ] 
 recall: [0.65563814 1.         0.29357022 0.60371517 0.67374728 0.37993311
 0.50724638 0.78181818 0.        ] 
 f1: [0.77601211 0.         0.25072254 0.35262206 0.64393545 0.37516513
 0.05485893 0.09487038 0.        ] 
 f1_avg: 0.672394499311209

--- 246.21955513954163 seconds ---

Train Epoch: 52 accuracy: 0.68 
 precision: [0.95772733 0.         0.6558099  0.35202719 0.69780328 0.51909657
 0.13985606 0.0019467 ] 
 recall: [0.72165985 1.         0.46629049 0.85118873 0.75755119 0.66505153
 0.79579413 1.        ] 
 f1: [0.82310187 0.         0.54504556 0.49806784 0.72645079 0.58307904
 0.23790223 0.00388584] 
 f1_avg: 0.7316550696955566


Validation Epoch: 52 accuracy: 0.62 
 precision: [0.94931553 0.         0.21598536 0.25940337 0.61030126 0.39341917
 0.03183521 0.05578884 1.        ] 
 recall: [0.67058259 1.         0.29949239 0.61919505 0.68409586 0.36789298
 0.49275362 0.84545455 0.        ] 
 f1: [0.78596853 0.         0.25097483 0.36563071 0.64509502 0.38022814
 0.05980651 0.10467079 0.        ] 
 f1_avg: 0.6803312261736338

--- 250.83873867988586 seconds ---

Train Epoch: 53 accuracy: 0.67 
 precision: [0.96151913 0.         0.65575794 0.34119718 0.68935348 0.53170979
 0.13725111 0.00159617] 
 recall: [0.68341557 1.         0.50259304 0.85324332 0.77649317 0.64369071
 0.78583287 0.96551724] 
 f1: [0.79895834 0.         0.56904925 0.48746541 0.73033325 0.58236602
 0.23368716 0.00318707] 
 f1_avg: 0.7216987284379717


Validation Epoch: 53 accuracy: 0.61 
 precision: [0.94771689 0.         0.24877708 0.24786325 0.64953527 0.34652897
 0.02857143 0.05084746 1.        ] 
 recall: [0.66346999 1.         0.30118443 0.62848297 0.64705882 0.40401338
 0.52173913 0.79090909 0.        ] 
 f1: [0.78051991 0.         0.27248374 0.35551664 0.64829468 0.3730698
 0.05417607 0.09555189 0.        ] 
 f1_avg: 0.6773739309381979

--- 255.46376585960388 seconds ---

Train Epoch: 54 accuracy: 0.69 
 precision: [0.9584054  0.         0.66723313 0.3581996  0.71055852 0.52350046
 0.14554038 0.00198345] 
 recall: [0.729179   1.         0.4866434  0.83856765 0.76800341 0.66054733
 0.80188157 1.        ] 
 f1: [0.82822417 0.         0.56280649 0.50197663 0.73816504 0.58409269
 0.24636572 0.00395904] 
 f1_avg: 0.7394579810203744


Validation Epoch: 54 accuracy: 0.63 
 precision: [0.94937131 0.         0.24193548 0.22903226 0.6609534  0.3474478
 0.03487358 0.05886076 1.        ] 
 recall: [0.68185088 1.         0.27918782 0.65944272 0.67211329 0.4006689
 0.57971014 0.84545455 0.        ] 
 f1: [0.79367442 0.         0.25923016 0.33998404 0.66648663 0.37216527
 0.06578947 0.11005917 0.        ] 
 f1_avg: 0.6874710113699655

--- 260.03686141967773 seconds ---

Train Epoch: 55 accuracy: 0.68 
 precision: [0.9609538  0.         0.66301428 0.33253095 0.70974651 0.53521285
 0.14891203 0.00167454] 
 recall: [0.70111377 1.         0.50722463 0.85148224 0.77760239 0.65037876
 0.79911455 0.96551724] 
 f1: [0.81072269 0.         0.5747496  0.47827879 0.74212659 0.58720232
 0.25104312 0.00334328] 
 f1_avg: 0.7315318975728448


Validation Epoch: 55 accuracy: 0.60 
 precision: [0.95303998 0.         0.26582278 0.21400394 0.68671964 0.28111401
 0.03030303 0.0512334  1.        ] 
 recall: [0.64389035 1.         0.28426396 0.67182663 0.65904139 0.43210702
 0.55072464 0.73636364 0.        ] 
 f1: [0.76854104 0.         0.27473426 0.32460733 0.67259589 0.34062747
 0.0574452  0.0958013  0.        ] 
 f1_avg: 0.6682685584381358

--- 264.6117570400238 seconds ---

Train Epoch: 56 accuracy: 0.69 
 precision: [0.95854528 0.         0.67623391 0.35608674 0.71738699 0.52216081
 0.14326155 0.00202486] 
 recall: [0.73326754 1.         0.49336247 0.8482536  0.77116041 0.65768102
 0.78417266 1.        ] 
 f1: [0.83090769 0.         0.57050182 0.50160548 0.74330242 0.58213779
 0.24226363 0.00404153] 
 f1_avg: 0.7428093017753895


Validation Epoch: 56 accuracy: 0.61 
 precision: [0.95240312 0.         0.24525316 0.19354839 0.69759642 0.3146011
 0.03259984 0.05738706 1.        ] 
 recall: [0.6540398  1.         0.26226734 0.66873065 0.67973856 0.41939799
 0.57971014 0.85454545 0.        ] 
 f1: [0.77551407 0.         0.25347506 0.30020848 0.68855172 0.35951835
 0.0617284  0.10755149 0.        ] 
 f1_avg: 0.6746862870808148

--- 269.1583275794983 seconds ---

Train Epoch: 57 accuracy: 0.68 
 precision: [0.96153846 0.         0.67475066 0.34400281 0.71539579 0.53402881
 0.15027038 0.00169379] 
 recall: [0.7044504  1.         0.51635735 0.86116818 0.77768771 0.66027435
 0.79966796 0.96551724] 
 f1: [0.81315808 0.         0.58502245 0.49162198 0.74524233 0.5904791
 0.25299834 0.00338164] 
 f1_avg: 0.7356569089699353


Validation Epoch: 57 accuracy: 0.59 
 precision: [0.9563623  0.         0.25833333 0.20439963 0.70512066 0.23535714
 0.03278689 0.05433455 1.        ] 
 recall: [0.62526972 1.         0.26226734 0.69040248 0.65250545 0.44080268
 0.49275362 0.80909091 0.        ] 
 f1: [0.75616121 0.         0.26028547 0.31541726 0.67779349 0.30686845
 0.06148282 0.10183066 0.        ] 
 f1_avg: 0.6561009484386398

--- 273.84553599357605 seconds ---

Train Epoch: 58 accuracy: 0.69 
 precision: [0.95977384 0.         0.67896351 0.34438176 0.72184981 0.51349607
 0.14388922 0.00195234] 
 recall: [0.72433855 1.         0.498255   0.85999413 0.77180034 0.65174367
 0.79358052 1.        ] 
 f1: [0.82559952 0.         0.57473946 0.49181704 0.74598986 0.57441881
 0.24360826 0.00389706] 
 f1_avg: 0.7399495139007458


Validation Epoch: 58 accuracy: 0.59 
 precision: [0.95661132 0.         0.23726115 0.19154443 0.69467326 0.31450455
 0.02733006 0.05819775 1.        ] 
 recall: [0.63078398 1.         0.25211506 0.6873065  0.68899782 0.43946488
 0.56521739 0.84545455 0.        ] 
 f1: [0.76025814 0.         0.24446267 0.29959514 0.6918239  0.36662946
 0.05213904 0.1088993  0.        ] 
 f1_avg: 0.6641783442324005

--- 278.4169821739197 seconds ---

Train Epoch: 59 accuracy: 0.69 
 precision: [0.96219188 0.         0.67722814 0.34066952 0.71840855 0.53424435
 0.15992015 0.00183987] 
 recall: [0.71543776 1.         0.51798819 0.86322278 0.77418942 0.67235378
 0.79800775 1.        ] 
 f1: [0.82066791 0.         0.58700031 0.48853821 0.74525667 0.59539494
 0.26644494 0.00367298] 
 f1_avg: 0.7409000784515007


Validation Epoch: 59 accuracy: 0.60 
 precision: [0.95743154 0.         0.25801012 0.20844812 0.72770511 0.2374273
 0.04038005 0.05509289 1.        ] 
 recall: [0.63989451 1.         0.25888325 0.70278638 0.66666667 0.46421405
 0.49275362 0.78181818 0.        ] 
 f1: [0.76710098 0.         0.25844595 0.32152975 0.69584991 0.31416931
 0.07464325 0.10293238 0.        ] 
 f1_avg: 0.6663916358303464

--- 283.1595973968506 seconds ---

Train Epoch: 60 accuracy: 0.69 
 precision: [0.96111153 0.         0.6785572  0.34040826 0.72118812 0.51881604
 0.14287154 0.00193591] 
 recall: [0.72103012 1.         0.50008154 0.8614617  0.77687713 0.65672559
 0.78472607 1.        ] 
 f1: [0.82393818 0.         0.57580651 0.48798736 0.74799754 0.57968133
 0.24173202 0.00386435] 
 f1_avg: 0.7397482229414488


Validation Epoch: 60 accuracy: 0.61 
 precision: [0.95846645 0.         0.21991701 0.22345804 0.67066806 0.32242063
 0.03122212 0.05589307 1.        ] 
 recall: [0.64732678 1.         0.26903553 0.68421053 0.69989107 0.43478261
 0.50724638 0.83636364 0.        ] 
 f1: [0.77275329 0.         0.24200913 0.33689024 0.68496802 0.37026488
 0.05882353 0.1047836  0.        ] 
 f1_avg: 0.6731426309133474

--- 287.73794174194336 seconds ---

Train Epoch: 61 accuracy: 0.69 
 precision: [0.96311398 0.         0.67863344 0.34392281 0.71800134 0.53564723
 0.15661509 0.00184643] 
 recall: [0.71488322 1.         0.50989921 0.85793954 0.77610922 0.68143042
 0.82346431 1.        ] 
 f1: [0.82063787 0.         0.58228885 0.49101293 0.74592533 0.59980777
 0.26317651 0.00368605] 
 f1_avg: 0.740540943474857


Validation Epoch: 61 accuracy: 0.62 
 precision: [0.95815513 0.         0.25125268 0.22292324 0.68703108 0.27715997
 0.03374578 0.05476804 1.        ] 
 recall: [0.66243107 1.         0.29695431 0.65634675 0.69825708 0.43344482
 0.43478261 0.77272727 0.        ] 
 f1: [0.78331128 0.         0.27219853 0.33281005 0.6925986  0.33811636
 0.06263048 0.1022864  0.        ] 
 f1_avg: 0.6806384588293399

--- 292.36133193969727 seconds ---

Train Epoch: 62 accuracy: 0.69 
 precision: [0.96332958 0.         0.67489491 0.35329198 0.71481714 0.51973958
 0.1567188  0.00193967] 
 recall: [0.72443254 1.         0.4922535  0.86938656 0.77879693 0.68102095
 0.81516325 1.        ] 
 f1: [0.82697353 0.         0.56928387 0.5024171  0.74543673 0.58954893
 0.26289488 0.00387183] 
 f1_avg: 0.7413832148043114


Validation Epoch: 62 accuracy: 0.61 
 precision: [0.95860315 0.         0.21100917 0.22771214 0.65853659 0.30575342
 0.03219107 0.05769231 1.        ] 
 recall: [0.66251099 1.         0.29187817 0.65634675 0.72058824 0.37324415
 0.44927536 0.79090909 0.        ] 
 f1: [0.78351685 0.         0.24494143 0.33811802 0.68816645 0.33614458
 0.06007752 0.10754017 0.        ] 
 f1_avg: 0.6784525168073924

--- 296.91040992736816 seconds ---

Train Epoch: 63 accuracy: 0.69 
 precision: [0.96373859 0.         0.66420743 0.37013313 0.72279752 0.53614787
 0.16048198 0.00187073] 
 recall: [0.72017482 1.         0.50800744 0.86498386 0.78613481 0.669078
 0.83287216 1.        ] 
 f1: [0.82434199 0.         0.57570045 0.5184273  0.75313688 0.59528219
 0.26911042 0.00373447] 
 f1_avg: 0.7427525747576244


Validation Epoch: 63 accuracy: 0.61 
 precision: [0.95750873 0.         0.23120567 0.20769231 0.66700925 0.31917211
 0.0317029  0.05602061 1.        ] 
 recall: [0.65731639 1.         0.27580372 0.66873065 0.70697168 0.39197324
 0.50724638 0.79090909 0.        ] 
 f1: [0.77951002 0.         0.25154321 0.31694791 0.68640931 0.35184629
 0.05967604 0.10463019 0.        ] 
 f1_avg: 0.6767954610917255

Early stopping!

Test Epoch: accuracy: 0.60 
 precision: [0.91882876 0.         0.56264775 0.17758621 0.37769486 0.481334
 0.03726708 0.        ] 
 recall: [0.67793984 1.         0.38598767 0.61676647 0.55616606 0.53015351
 0.43373494 1.        ] 
 f1: [0.78021402 0.         0.45786841 0.27576975 0.44987654 0.50456561
 0.0686368  0.        ] 
 f1_avg: 0.6574462102975208

--- 302.08024740219116 seconds ---

Test Epoch: accuracy: 0.63 
 precision: [0.94913015 0.         0.20992823 0.24223602 0.60300328 0.39343066
 0.0273224  0.05939316 1.        ] 
 recall: [0.68888356 1.         0.29695431 0.60371517 0.69989107 0.36053512
 0.36231884 0.83636364 0.        ] 
 f1: [0.79833295 0.         0.24597057 0.34574468 0.64784472 0.37626527
 0.05081301 0.11091019 0.        ] 
 f1_avg: 0.6883452372297019

--- 302.22442650794983 seconds ---
