Requirement already satisfied: scikit-learn in /net/cephfs/data/zifjia/condaenvs/audio_clf/lib/python3.8/site-packages (1.1.2)
Requirement already satisfied: numpy>=1.17.3 in /net/cephfs/data/zifjia/condaenvs/audio_clf/lib/python3.8/site-packages (from scikit-learn) (1.22.3)
Requirement already satisfied: scipy>=1.3.2 in /net/cephfs/data/zifjia/condaenvs/audio_clf/lib/python3.8/site-packages (from scikit-learn) (1.9.1)
Requirement already satisfied: threadpoolctl>=2.0.0 in /net/cephfs/data/zifjia/condaenvs/audio_clf/lib/python3.8/site-packages (from scikit-learn) (3.1.0)
Requirement already satisfied: joblib>=1.0.0 in /net/cephfs/data/zifjia/condaenvs/audio_clf/lib/python3.8/site-packages (from scikit-learn) (1.1.0)
Requirement already satisfied: tensorboard in /net/cephfs/data/zifjia/condaenvs/audio_clf/lib/python3.8/site-packages (2.10.1)
Requirement already satisfied: setuptools>=41.0.0 in /net/cephfs/data/zifjia/condaenvs/audio_clf/lib/python3.8/site-packages (from tensorboard) (60.8.1)
Requirement already satisfied: requests<3,>=2.21.0 in /net/cephfs/data/zifjia/condaenvs/audio_clf/lib/python3.8/site-packages (from tensorboard) (2.28.1)
Requirement already satisfied: wheel>=0.26 in /net/cephfs/data/zifjia/condaenvs/audio_clf/lib/python3.8/site-packages (from tensorboard) (0.37.1)
Requirement already satisfied: werkzeug>=1.0.1 in /net/cephfs/data/zifjia/condaenvs/audio_clf/lib/python3.8/site-packages (from tensorboard) (2.1.2)
Requirement already satisfied: google-auth-oauthlib<0.5,>=0.4.1 in /net/cephfs/home/zifjia/.local/lib/python3.8/site-packages (from tensorboard) (0.4.6)
Requirement already satisfied: absl-py>=0.4 in /net/cephfs/home/zifjia/.local/lib/python3.8/site-packages (from tensorboard) (1.2.0)
Requirement already satisfied: protobuf<3.20,>=3.9.2 in /net/cephfs/home/zifjia/.local/lib/python3.8/site-packages (from tensorboard) (3.19.4)
Requirement already satisfied: numpy>=1.12.0 in /net/cephfs/data/zifjia/condaenvs/audio_clf/lib/python3.8/site-packages (from tensorboard) (1.22.3)
Requirement already satisfied: tensorboard-plugin-wit>=1.6.0 in /net/cephfs/home/zifjia/.local/lib/python3.8/site-packages (from tensorboard) (1.8.1)
Requirement already satisfied: markdown>=2.6.8 in /net/cephfs/home/zifjia/.local/lib/python3.8/site-packages (from tensorboard) (3.4.1)
Requirement already satisfied: google-auth<3,>=1.6.3 in /net/cephfs/home/zifjia/.local/lib/python3.8/site-packages (from tensorboard) (2.9.1)
Requirement already satisfied: tensorboard-data-server<0.7.0,>=0.6.0 in /net/cephfs/home/zifjia/.local/lib/python3.8/site-packages (from tensorboard) (0.6.1)
Requirement already satisfied: grpcio>=1.24.3 in /net/cephfs/home/zifjia/.local/lib/python3.8/site-packages (from tensorboard) (1.47.0)
Requirement already satisfied: pyasn1-modules>=0.2.1 in /net/cephfs/home/zifjia/.local/lib/python3.8/site-packages (from google-auth<3,>=1.6.3->tensorboard) (0.2.8)
Requirement already satisfied: six>=1.9.0 in /net/cephfs/data/zifjia/condaenvs/audio_clf/lib/python3.8/site-packages (from google-auth<3,>=1.6.3->tensorboard) (1.16.0)
Requirement already satisfied: rsa<5,>=3.1.4 in /net/cephfs/home/zifjia/.local/lib/python3.8/site-packages (from google-auth<3,>=1.6.3->tensorboard) (4.9)
Requirement already satisfied: cachetools<6.0,>=2.0.0 in /net/cephfs/home/zifjia/.local/lib/python3.8/site-packages (from google-auth<3,>=1.6.3->tensorboard) (5.2.0)
Requirement already satisfied: requests-oauthlib>=0.7.0 in /net/cephfs/home/zifjia/.local/lib/python3.8/site-packages (from google-auth-oauthlib<0.5,>=0.4.1->tensorboard) (1.3.1)
Requirement already satisfied: importlib-metadata>=4.4 in /net/cephfs/home/zifjia/.local/lib/python3.8/site-packages (from markdown>=2.6.8->tensorboard) (4.12.0)
Requirement already satisfied: certifi>=2017.4.17 in /net/cephfs/data/zifjia/condaenvs/audio_clf/lib/python3.8/site-packages (from requests<3,>=2.21.0->tensorboard) (2022.9.14)
Requirement already satisfied: idna<4,>=2.5 in /net/cephfs/data/zifjia/condaenvs/audio_clf/lib/python3.8/site-packages (from requests<3,>=2.21.0->tensorboard) (3.4)
Requirement already satisfied: urllib3<1.27,>=1.21.1 in /net/cephfs/data/zifjia/condaenvs/audio_clf/lib/python3.8/site-packages (from requests<3,>=2.21.0->tensorboard) (1.26.12)
Requirement already satisfied: charset-normalizer<3,>=2 in /net/cephfs/data/zifjia/condaenvs/audio_clf/lib/python3.8/site-packages (from requests<3,>=2.21.0->tensorboard) (2.1.1)
Requirement already satisfied: zipp>=0.5 in /net/cephfs/data/zifjia/condaenvs/audio_clf/lib/python3.8/site-packages (from importlib-metadata>=4.4->markdown>=2.6.8->tensorboard) (3.8.0)
Requirement already satisfied: pyasn1<0.5.0,>=0.4.6 in /net/cephfs/home/zifjia/.local/lib/python3.8/site-packages (from pyasn1-modules>=0.2.1->google-auth<3,>=1.6.3->tensorboard) (0.4.8)
Requirement already satisfied: oauthlib>=3.0.0 in /net/cephfs/home/zifjia/.local/lib/python3.8/site-packages (from requests-oauthlib>=0.7.0->google-auth-oauthlib<0.5,>=0.4.1->tensorboard) (3.2.0)
Requirement already satisfied: torch in /net/cephfs/data/zifjia/condaenvs/audio_clf/lib/python3.8/site-packages (1.12.1)
Requirement already satisfied: torchvision in /net/cephfs/data/zifjia/condaenvs/audio_clf/lib/python3.8/site-packages (0.13.1)
Requirement already satisfied: torchaudio in /net/cephfs/data/zifjia/condaenvs/audio_clf/lib/python3.8/site-packages (0.12.1)
Requirement already satisfied: typing-extensions in /net/cephfs/data/zifjia/condaenvs/audio_clf/lib/python3.8/site-packages (from torch) (4.0.1)
Requirement already satisfied: pillow!=8.3.*,>=5.3.0 in /net/cephfs/data/zifjia/condaenvs/audio_clf/lib/python3.8/site-packages (from torchvision) (9.0.1)
Requirement already satisfied: numpy in /net/cephfs/data/zifjia/condaenvs/audio_clf/lib/python3.8/site-packages (from torchvision) (1.22.3)
Requirement already satisfied: requests in /net/cephfs/data/zifjia/condaenvs/audio_clf/lib/python3.8/site-packages (from torchvision) (2.28.1)
Requirement already satisfied: charset-normalizer<3,>=2 in /net/cephfs/data/zifjia/condaenvs/audio_clf/lib/python3.8/site-packages (from requests->torchvision) (2.1.1)
Requirement already satisfied: certifi>=2017.4.17 in /net/cephfs/data/zifjia/condaenvs/audio_clf/lib/python3.8/site-packages (from requests->torchvision) (2022.9.14)
Requirement already satisfied: urllib3<1.27,>=1.21.1 in /net/cephfs/data/zifjia/condaenvs/audio_clf/lib/python3.8/site-packages (from requests->torchvision) (1.26.12)
Requirement already satisfied: idna<4,>=2.5 in /net/cephfs/data/zifjia/condaenvs/audio_clf/lib/python3.8/site-packages (from requests->torchvision) (3.4)
{'name': 'chimp_wav2vec2_lstm_batch_8_42', 'data_path': '/home/cluster/zifjia/data/data_chimp/wav2vec2_split_42', 'test_only': False, 'balance_weights': True, 'model_type': 'lstm', 'n_embedding': 768, 'd_hid': 1024, 'nlayers': 2, 'batch_size': 8, 'n_epoch': 200, 'lr': 0.0001, 'dropout': 0.4, 'patience': 10, 'step_factor': 0.7, 'seed': 42}
cuda
Reading data ...
train, dev, test number of files: 188, 23, 24.
dev files:  ['ASO1624_02 HW single ph_01', 'ASO1138 Sonso PS single ph_01', 'ASO1331 Sonso FK single ph feeding_01', 'ASO3453 KT pg pant ph intro, 1_20 unk hoo, 16_20 KT single ph_01', 'ASO0471 Sonso KT single ph feeding, group ph_01', 'ASO1514 MS single ph intro, KC group ph_01', 'ASO0481 Sonso KT single ph, KZ single ph feeding_01', 'ASO3132 KT single ph rest_01', 'ASO3129 KT single ph resting_01', 'ASO1614 HW single ph feeding_01', 'ASO3829 PS IN IS group ph resting, 1_30 HW single ph_01', 'ASO3462 PS single ph drum traveling_01', 'ASO3574 KT single ph feeding_01', 'ASO3856 MS single ph feeding_01', 'ASO3455 KT single ph_01', 'ASO3015 PS single ph feeding_01', 'ASO2125 KL OK KC JS group ph, FK single ph, OK KL KC KO group ph, PS single ph, PS single ph feeding_02', 'ASO3403 ZL single ph, KC fg_01', 'ASO3954 FK single ph drum traveling_01', 'ASO3404 ZL KC group ph, inf single ph other party, 3_50 KS PS ZL KC group ph, PS display, KS fg. 6_10 PS single ph_01', 'ASO3179 FK single ph resting looking at monkeys_01', 'ASO0780 Sonso ZL single ph drum_01', 'ASO3150 KT single ph_01']
test files:  ['ASO3080 HW single ph drum traveling, 2_00 HW single ph drum traveling-resting, 5_20 HW single ph drum traveling-resting_02', 'ASO4567 KC display drum (not visible), FK SM group ph drum, 1_50 ZL single ph drum travel_01', 'ASO3457 KT single ph_01', 'ASO0334 Sonso PS single ph_01', 'ASO0020 Sonso SQ single ph, PS single ph other party 2_01', 'ASO3737 HW single ph drum resting-traveling, 1_15 JN single ph feeding, HW single ph_02', 'ASO0107 Sonso Thermal Camera KZ single ph 2_50 with reply ZD, KZ SQ group ph 3_34_01', 'ASO3016 ZL single ph feeding_01', 'ASO3770 MS single ph drum traveling-resting_01', 'ASO1487 ZL single ph start, DL unk group ph, PS single ph start_01', 'ASO0910 Sonso Thermal Camera HW resting, 2_05 HW single ph, 13_45 HW PS group ph drum traveling_01', 'ASO1487 ZL single ph start, DL unk group ph, PS single ph start_02', 'ASO1035 Sonso unk group ph 100m, 0_30 ZD single ph drum, FK unk single ph drum 100m_01', 'ASO1093 Sonso SQ single ph_01', 'ASO0094 Sonso ZL single ph_01', 'ASO2877 FK single ph, KO pg-whimper, unk MB group ph_01', 'ASO2546 FK single fg ph feeding, HW single ph drum, FK fg, FK single ph, FK fg_01', 'ASO2392 group ph, 1_30 pg to ph, 1_45 NB group ph, 2_30 SM PS MB group ph, MB fg, 3_40 PS unk group ph, SM single ph, unk display to DL, 5_46 DL single ph intro_01', 'ASO2544 HW single ph drum traveling_01', 'ASO0088 Sonso HW single ph drum,  group ph, unk F ph_01', 'ASO3874 unk pg-ph start, unk group ph, 1_50 HW single ph feeding_01', 'ASO1581 HW single ph drum, MS NB unk group ph other party, HW single ph B-U, KT HW group ph_01', 'ASO3870 FK scream, MS FK group ph drum, FK MS group fg, FK MS group ph drum, MS FK fg, MS single ph intro, FK MS group ph. FK fg, 3_19 MS FK group ph feeding, 4_24 FK single ph_01', 'ASO4619 ZL unk group ph, PS single ph intro_01']
train_data_all: (78704, 769)
Labels in train_data_all:  {0: 866, 1: 38429, 2: 17370, 3: 15944, 4: 6095}
--- 4.986615180969238 seconds ---
LSTM(
  (lstm): LSTM(768, 1024, num_layers=2, dropout=0.4, bidirectional=True)
  (hidden2tag): Linear(in_features=2048, out_features=5, bias=True)
)
Number of parameters: 39888901

Train Epoch: 1 accuracy: 0.29 
 precision: [0.         0.74543611 0.30770212 0.58761215 0.08739855] 
 recall: [0.         0.28689271 0.13891767 0.3409433  0.67136998] 
 f1: [0.         0.41432571 0.19141679 0.43151419 0.15466314] 
 f1_avg: 0.34394397199312365


Validation Epoch: 1 accuracy: 0.63 
 precision: [1.         0.67267399 0.45138889 0.54991243 1.        ] 
 recall: [0.         0.86151248 0.03837072 0.87367835 0.        ] 
 f1: [0.         0.75547145 0.07072905 0.6749785  0.        ] 
 f1_avg: 0.5454660772982818

New best val score, save model ...
--- 19.183959007263184 seconds ---

Train Epoch: 2 accuracy: 0.62 
 precision: [0.5625     0.66503935 0.45880507 0.58252119 0.23369565] 
 recall: [0.01039261 0.82239975 0.23563615 0.80600853 0.00705496] 
 f1: [0.02040816 0.73539575 0.3113613  0.67627944 0.01369645] 
 f1_avg: 0.5660782389100245


Validation Epoch: 2 accuracy: 0.63 
 precision: [0.4        0.77982247 0.40781648 0.64628245 0.24333925] 
 recall: [0.85714286 0.67592419 0.56670602 0.81747357 0.13741224] 
 f1: [0.54545455 0.72416566 0.4743083  0.72186732 0.17564103] 
 f1_avg: 0.6248661372616495

New best val score, save model ...
--- 29.755070209503174 seconds ---

Train Epoch: 3 accuracy: 0.64 
 precision: [0.51648352 0.72612283 0.48507411 0.62092954 0.37442792] 
 recall: [0.05427252 0.76483905 0.40132412 0.78932514 0.2147662 ] 
 f1: [0.09822362 0.74497827 0.43924262 0.69507346 0.27296424] 
 f1_avg: 0.6237223513466532


Validation Epoch: 3 accuracy: 0.60 
 precision: [0.05932203 0.84238522 0.39397664 0.68166901 0.25033467] 
 recall: [1.         0.56464628 0.75678867 0.80912632 0.18756269] 
 f1: [0.112      0.67610381 0.51818917 0.73994911 0.21444954] 
 f1_avg: 0.6132988993866144

--- 39.963284969329834 seconds ---

Train Epoch: 4 accuracy: 0.65 
 precision: [0.34680135 0.78087805 0.47685426 0.67595681 0.3930924 ] 
 recall: [0.11893764 0.72898072 0.52780656 0.74993728 0.36226415] 
 f1: [0.17712812 0.75403747 0.50103836 0.71102786 0.37704918] 
 f1_avg: 0.6539448838634656


Validation Epoch: 4 accuracy: 0.57 
 precision: [0.02302632 0.87318841 0.38858025 0.67472628 0.21863118] 
 recall: [1.         0.49746669 0.74321133 0.8230384  0.23069208] 
 f1: [0.04501608 0.63383144 0.51033644 0.74153923 0.22449976] 
 f1_avg: 0.5902773868493866

--- 50.208388328552246 seconds ---

Train Epoch: 5 accuracy: 0.68 
 precision: [0.22857143 0.81109111 0.51273502 0.71116344 0.48511676] 
 recall: [0.27713626 0.73873897 0.54006908 0.73877321 0.62034454] 
 f1: [0.25052192 0.7732262  0.52604722 0.72470545 0.54445964] 
 f1_avg: 0.6853766902351643


Validation Epoch: 5 accuracy: 0.50 
 precision: [0.01190476 0.90684411 0.35044451 0.64909248 0.18332081] 
 recall: [1.         0.35804091 0.72136954 0.83583751 0.2447342 ] 
 f1: [0.02352941 0.51338625 0.47172361 0.73072245 0.20962199] 
 f1_avg: 0.5147802520178367

--- 60.529701948165894 seconds ---

Train Epoch: 6 accuracy: 0.70 
 precision: [0.20540236 0.83367152 0.5365235  0.73328523 0.54539073] 
 recall: [0.42147806 0.73769809 0.54801382 0.76492725 0.76488925] 
 f1: [0.27620129 0.78275396 0.54220779 0.7487721  0.63675476] 
 f1_avg: 0.7059010227364624


Validation Epoch: 6 accuracy: 0.44 
 precision: [0.00958904 0.89931034 0.32025283 0.63425926 0.17267165] 
 recall: [1.         0.24469882 0.71782763 0.83861992 0.25476429] 
 f1: [0.01899593 0.38471751 0.44290657 0.72226216 0.20583468] 
 f1_avg: 0.4380800695477063

--- 70.81853532791138 seconds ---

Train Epoch: 7 accuracy: 0.71 
 precision: [0.20617284 0.83522431 0.55994039 0.75265941 0.56730996] 
 recall: [0.57852194 0.75091728 0.54075993 0.77659308 0.79097621] 
 f1: [0.30400485 0.79083024 0.55018304 0.76443896 0.66072775] 
 f1_avg: 0.7169408574510767


Validation Epoch: 7 accuracy: 0.38 
 precision: [0.01017442 0.91878173 0.29295775 0.62081633 0.17094017] 
 recall: [1.         0.13586039 0.73671783 0.84641068 0.28084253] 
 f1: [0.02014388 0.23671735 0.41921397 0.71627031 0.21252372] 
 f1_avg: 0.35329602027339585

--- 81.14738750457764 seconds ---

Train Epoch: 8 accuracy: 0.73 
 precision: [0.20743034 0.84753401 0.62678754 0.75841413 0.55137482] 
 recall: [0.61893764 0.77808426 0.5652274  0.7702584  0.81263331] 
 f1: [0.31072464 0.81132562 0.59441787 0.76429038 0.65698368] 
 f1_avg: 0.7364647231914162


Validation Epoch: 8 accuracy: 0.37 
 precision: [0.01121795 0.92764378 0.29040462 0.59358082 0.16514286] 
 recall: [1.         0.09382623 0.74144038 0.85420145 0.28986961] 
 f1: [0.022187   0.17041581 0.41734507 0.70043349 0.21041136] 
 f1_avg: 0.3138989058406858

--- 91.54546570777893 seconds ---

Train Epoch: 9 accuracy: 0.74 
 precision: [0.25271248 0.89184442 0.6196066  0.76184402 0.54969684] 
 recall: [0.64549654 0.73985792 0.6746114  0.78669092 0.83297785] 
 f1: [0.36322287 0.8087727  0.64594014 0.77406813 0.66231818] 
 f1_avg: 0.7495607461588987


Validation Epoch: 9 accuracy: 0.38 
 precision: [0.00739958 0.91145833 0.29808178 0.59750876 0.1709943 ] 
 recall: [1.         0.13135673 0.69716647 0.85420145 0.27081244] 
 f1: [0.01469045 0.22962113 0.41760962 0.70316079 0.20962733] 
 f1_avg: 0.346474235056044

--- 101.95064425468445 seconds ---

Train Epoch: 10 accuracy: 0.76 
 precision: [0.32574743 0.9044812  0.627513   0.76491668 0.58349683] 
 recall: [0.84295612 0.76262718 0.67386298 0.80324887 0.8295324 ] 
 f1: [0.46990666 0.82751902 0.64986259 0.78361428 0.68509485] 
 f1_avg: 0.7644513634650371


Validation Epoch: 10 accuracy: 0.39 
 precision: [0.00712106 0.91108787 0.30861505 0.6318408  0.16121884] 
 recall: [1.         0.1634453  0.66824085 0.84808013 0.29187563] 
 f1: [0.01414141 0.27716786 0.42223051 0.72416251 0.20770878] 
 f1_avg: 0.376709149329107

--- 112.36828112602234 seconds ---

Train Epoch: 11 accuracy: 0.76 
 precision: [0.22203485 0.91625449 0.65218127 0.76815812 0.60164639] 
 recall: [0.91224018 0.77610659 0.66528497 0.7946563  0.82739951] 
 f1: [0.35714286 0.84037757 0.65866796 0.78118256 0.6966913 ] 
 f1_avg: 0.7718378497485403


Validation Epoch: 11 accuracy: 0.40 
 precision: [0.01206897 0.90471698 0.32086451 0.65794066 0.14060447] 
 recall: [1.         0.17995872 0.68358914 0.83917641 0.3219659 ] 
 f1: [0.02385009 0.30020347 0.43673392 0.73758865 0.19573171] 
 f1_avg: 0.3929529576222403

--- 122.79210686683655 seconds ---

Train Epoch: 12 accuracy: 0.77 
 precision: [0.29994107 0.90213409 0.66918726 0.78154714 0.54134706] 
 recall: [0.58775982 0.80741107 0.64703512 0.79904666 0.84528302] 
 f1: [0.39719079 0.85214836 0.65792478 0.79020003 0.66000512] 
 f1_avg: 0.7768475610112597


Validation Epoch: 12 accuracy: 0.40 
 precision: [0.00609225 0.90734266 0.31764706 0.66564283 0.15658747] 
 recall: [1.         0.19478326 0.63754427 0.84418475 0.29087262] 
 f1: [0.01211073 0.32071682 0.42402827 0.74435721 0.2035802 ] 
 f1_avg: 0.40391571562637596

--- 133.19818687438965 seconds ---

Train Epoch: 13 accuracy: 0.78 
 precision: [0.44098361 0.90710784 0.68452989 0.77838161 0.54292688] 
 recall: [0.93187067 0.80400219 0.65595855 0.8174862  0.83937654] 
 f1: [0.59866469 0.85244861 0.66993973 0.7974548  0.65936332] 
 f1_avg: 0.7832827217533436


Validation Epoch: 13 accuracy: 0.42 
 precision: [0.00703518 0.90930979 0.30385016 0.68177738 0.1833223 ] 
 recall: [1.         0.21261025 0.68949233 0.84529772 0.2778335 ] 
 f1: [0.01397206 0.34463878 0.42181293 0.75478261 0.22089314] 
 f1_avg: 0.4201754674535369

--- 143.67176795005798 seconds ---

Train Epoch: 14 accuracy: 0.78 
 precision: [0.38983856 0.91571166 0.69382672 0.76588338 0.5411658 ] 
 recall: [0.94803695 0.802597   0.67357513 0.82789764 0.78293683] 
 f1: [0.55248991 0.85543121 0.68355096 0.79568402 0.63997854] 
 f1_avg: 0.7853750455622123


Validation Epoch: 14 accuracy: 0.40 
 precision: [0.00676983 0.90924806 0.3022677  0.69014085 0.15418502] 
 recall: [1.         0.1974104  0.64521842 0.84529772 0.28084253] 
 f1: [0.01344861 0.324391   0.41167608 0.75987994 0.19907572] 
 f1_avg: 0.40616203044537186

--- 154.13602471351624 seconds ---

Train Epoch: 15 accuracy: 0.81 
 precision: [0.50061652 0.91569155 0.69527357 0.79744482 0.71213179] 
 recall: [0.93764434 0.8145411  0.76303972 0.833856   0.8369155 ] 
 f1: [0.65273312 0.86215967 0.72758214 0.81524405 0.76949766] 
 f1_avg: 0.8134737994486616


Validation Epoch: 15 accuracy: 0.39 
 precision: [0.00690335 0.9298419  0.3184478  0.69122328 0.13520408] 
 recall: [1.         0.17658097 0.61038961 0.8458542  0.31895687] 
 f1: [0.01371205 0.29679861 0.41853876 0.76076076 0.18990744] 
 f1_avg: 0.39160883993705736

--- 164.56693530082703 seconds ---

Train Epoch: 16 accuracy: 0.81 
 precision: [0.51016636 0.92524863 0.69991797 0.80132568 0.65972729] 
 recall: [0.95612009 0.81102813 0.73678756 0.84922228 0.88908942] 
 f1: [0.66532744 0.8643814  0.71787968 0.82457903 0.7574254 ] 
 f1_avg: 0.8135120472271357


Validation Epoch: 16 accuracy: 0.39 
 precision: [0.00684262 0.93374108 0.31620314 0.69888992 0.13787234] 
 recall: [1.         0.17188966 0.61747344 0.84084585 0.32497492] 
 f1: [0.01359223 0.29033281 0.41823271 0.76332407 0.19360621] 
 f1_avg: 0.38889287684844415

--- 175.01641702651978 seconds ---

Train Epoch: 17 accuracy: 0.82 
 precision: [0.50791717 0.92556843 0.71194983 0.80414391 0.66610272] 
 recall: [0.9630485  0.82094252 0.73195164 0.84953588 0.90434783] 
 f1: [0.66507177 0.87012163 0.72181219 0.82621691 0.76715379] 
 f1_avg: 0.8182651316165198


Validation Epoch: 17 accuracy: 0.39 
 precision: [0.00702811 0.94297782 0.31438617 0.71057602 0.13787234] 
 recall: [1.         0.16757365 0.63341204 0.83750696 0.32497492] 
 f1: [0.01395813 0.28457616 0.42020756 0.7688378  0.19360621] 
 f1_avg: 0.38711956560370886

--- 185.52005648612976 seconds ---

Train Epoch: 18 accuracy: 0.82 
 precision: [0.55334659 0.92967693 0.71681657 0.80507626 0.70011417] 
 recall: [0.96420323 0.82219157 0.75705239 0.85743853 0.90549631] 
 f1: [0.70315789 0.87263688 0.73638527 0.8304328  0.78966948] 
 f1_avg: 0.8257263396063343


Validation Epoch: 18 accuracy: 0.38 
 precision: [0.00675676 0.93857759 0.3168437  0.72171401 0.13022508] 
 recall: [1.         0.1634453  0.6162928  0.83416806 0.32497492] 
 f1: [0.01342282 0.27840818 0.41852075 0.77387713 0.18593974] 
 f1_avg: 0.3836262656310016

--- 195.99600553512573 seconds ---

Train Epoch: 19 accuracy: 0.82 
 precision: [0.54515919 0.93222811 0.70478247 0.81321534 0.71825449] 
 recall: [0.96882217 0.81503552 0.77035118 0.86452584 0.89926169] 
 f1: [0.6977131  0.86970164 0.73610958 0.83808597 0.79863034] 
 f1_avg: 0.8264167255434255


Validation Epoch: 19 accuracy: 0.38 
 precision: [0.00675024 0.9382199  0.32371592 0.730151   0.12457143] 
 recall: [1.         0.16813661 0.60271547 0.83416806 0.32798395] 
 f1: [0.01340996 0.28516868 0.42120462 0.7787013  0.18056322] 
 f1_avg: 0.38809305516723125

--- 206.44887948036194 seconds ---

Train Epoch: 20 accuracy: 0.83 
 precision: [0.56919946 0.93301478 0.70001556 0.82427052 0.7290821 ] 
 recall: [0.96882217 0.81297978 0.77702936 0.86991972 0.91353568] 
 f1: [0.71709402 0.86887115 0.73651469 0.84648012 0.81095252] 
 f1_avg: 0.8289686388417471


Validation Epoch: 20 accuracy: 0.38 
 precision: [0.00661001 0.93687375 0.3306852  0.73624754 0.12361624] 
 recall: [1.         0.17545506 0.58972845 0.83416806 0.33600802] 
 f1: [0.01313321 0.29555872 0.42375398 0.78215497 0.18073914] 
 f1_avg: 0.3948180960485828

--- 216.92672514915466 seconds ---

Train Epoch: 21 accuracy: 0.83 
 precision: [0.59449929 0.93622341 0.69157409 0.83253128 0.72172792] 
 recall: [0.97344111 0.80868615 0.78485895 0.86803813 0.91829368] 
 f1: [0.73817863 0.86779387 0.73526953 0.84991403 0.80823105] 
 f1_avg: 0.8288847116552965


Validation Epoch: 21 accuracy: 0.39 
 precision: [0.00627803 0.93494424 0.34425639 0.73330083 0.12156863] 
 recall: [1.         0.18877838 0.56434475 0.83695047 0.34202608] 
 f1: [0.01247772 0.31412959 0.42764482 0.78170478 0.17937927] 
 f1_avg: 0.40534190421061195

--- 227.41941285133362 seconds ---

Train Epoch: 22 accuracy: 0.83 
 precision: [0.60285714 0.93840828 0.70809881 0.83354208 0.71650931] 
 recall: [0.97459584 0.81831429 0.78221071 0.87656799 0.92141099] 
 f1: [0.74492498 0.87425632 0.743312   0.85451377 0.80614369] 
 f1_avg: 0.8346595355602993


Validation Epoch: 22 accuracy: 0.40 
 precision: [0.00606586 0.9300813  0.36289063 0.73810692 0.12425202] 
 recall: [1.         0.21467442 0.54840614 0.83750696 0.35406219] 
 f1: [0.01205857 0.34883366 0.4367654  0.78467153 0.18394997] 
 f1_avg: 0.4267459746751475

--- 237.85023999214172 seconds ---

Train Epoch: 23 accuracy: 0.84 
 precision: [0.58402204 0.93766536 0.73821218 0.8361649  0.72736719] 
 recall: [0.97921478 0.83923599 0.77875648 0.88283994 0.91878589] 
 f1: [0.73166523 0.88572449 0.75794251 0.85886875 0.81194722] 
 f1_avg: 0.8446738606774945


Validation Epoch: 23 accuracy: 0.41 
 precision: [0.00645756 0.92546125 0.37455268 0.75125125 0.12604457] 
 recall: [1.         0.23531619 0.55608028 0.83528102 0.36308927] 
 f1: [0.01283226 0.37522442 0.44761226 0.79104084 0.18712846] 
 f1_avg: 0.44442013190320623

--- 248.30429005622864 seconds ---

Train Epoch: 24 accuracy: 0.85 
 precision: [0.64466616 0.93211813 0.76646465 0.83095364 0.73592284] 
 recall: [0.96997691 0.85828411 0.76447899 0.88697943 0.92633306] 
 f1: [0.77455048 0.89367871 0.76547053 0.85805297 0.82022227] 
 f1_avg: 0.8511665743240214


Validation Epoch: 24 accuracy: 0.41 
 precision: [0.0063234  0.91362621 0.3722373  0.76576115 0.12728551] 
 recall: [1.         0.23024958 0.56670602 0.83138564 0.36308927] 
 f1: [0.01256732 0.36780576 0.44933302 0.79722519 0.18849258] 
 f1_avg: 0.4419621073687579

--- 258.77158856391907 seconds ---

Train Epoch: 25 accuracy: 0.85 
 precision: [0.63134328 0.93001259 0.78076787 0.82904681 0.74373186] 
 recall: [0.97690531 0.86481563 0.76332758 0.8875439  0.92469237] 
 f1: [0.76699909 0.89622998 0.77194923 0.85729864 0.82439845] 
 f1_avg: 0.8539296504532601


Validation Epoch: 25 accuracy: 0.40 
 precision: [0.00638686 0.90614618 0.3484116  0.78613333 0.12313839] 
 recall: [1.         0.20472884 0.59563164 0.82025598 0.34002006] 
 f1: [0.01269266 0.33399663 0.43965142 0.80283224 0.1808    ] 
 f1_avg: 0.42219803995130833

--- 269.2724812030792 seconds ---

Train Epoch: 26 accuracy: 0.86 
 precision: [0.63283582 0.93683066 0.79527786 0.83403003 0.78331936] 
 recall: [0.97921478 0.87410549 0.79504893 0.8884847  0.91993437] 
 f1: [0.76881233 0.90438177 0.79516338 0.86039661 0.84614804] 
 f1_avg: 0.8653651963916615


Validation Epoch: 26 accuracy: 0.39 
 precision: [0.00639269 0.90677966 0.34673191 0.79193548 0.11812627] 
 recall: [1.         0.18070933 0.58559622 0.8196995  0.34904714] 
 f1: [0.01270417 0.30136129 0.43556531 0.80557834 0.17651534] 
 f1_avg: 0.4038579967161784

--- 279.72409677505493 seconds ---

Train Epoch: 27 accuracy: 0.87 
 precision: [0.62142333 0.94646548 0.77879084 0.85156824 0.76898734] 
 recall: [0.97806005 0.86996799 0.82613702 0.87186402 0.91698113] 
 f1: [0.75998205 0.90660592 0.80176556 0.86159663 0.83648881] 
 f1_avg: 0.867306200363354


Validation Epoch: 27 accuracy: 0.38 
 precision: [0.00673077 0.91806515 0.35083363 0.77563769 0.12009238] 
 recall: [1.         0.17451679 0.58382527 0.82915971 0.36509529] 
 f1: [0.01337154 0.29328288 0.43828939 0.80150619 0.18073486] 
 f1_avg: 0.39962943154152125

--- 290.21844029426575 seconds ---

Train Epoch: 28 accuracy: 0.87 
 precision: [0.70450751 0.95478181 0.7826087  0.86136558 0.7401413 ] 
 recall: [0.97459584 0.86484166 0.83523316 0.88459609 0.94536505] 
 f1: [0.81782946 0.90758896 0.80806506 0.87282629 0.83025937] 
 f1_avg: 0.8716055030606815


Validation Epoch: 28 accuracy: 0.39 
 precision: [0.0064695  0.92545983 0.35955056 0.76044288 0.12419845] 
 recall: [1.         0.17939576 0.58559622 0.84084585 0.36910732] 
 f1: [0.01285583 0.30053442 0.44554233 0.79862579 0.18585859] 
 f1_avg: 0.4048064128904642

--- 300.68126821517944 seconds ---

Train Epoch: 29 accuracy: 0.88 
 precision: [0.68357488 0.95485116 0.79566648 0.86288616 0.76046699] 
 recall: [0.98036952 0.87558875 0.83506045 0.89519568 0.92977851] 
 f1: [0.80550285 0.91350383 0.81488764 0.87874404 0.8366428 ] 
 f1_avg: 0.8775568605313628


Validation Epoch: 29 accuracy: 0.39 
 precision: [0.00664767 0.93152064 0.36128104 0.75462269 0.1257505 ] 
 recall: [1.         0.17357853 0.59268005 0.84028937 0.3781344 ] 
 f1: [0.01320755 0.29262891 0.44891572 0.79515534 0.18873592] 
 f1_avg: 0.40075723036235866

--- 311.16137075424194 seconds ---

Train Epoch: 30 accuracy: 0.88 
 precision: [0.68856448 0.95588857 0.80970742 0.86267418 0.76261882] 
 recall: [0.98036952 0.88305707 0.82210708 0.91250627 0.93453651] 
 f1: [0.80895665 0.91803057 0.81586014 0.88689079 0.83987024] 
 f1_avg: 0.8819201024447056


Validation Epoch: 30 accuracy: 0.39 
 precision: [0.00691017 0.93531828 0.35136963 0.76064909 0.12345254] 
 recall: [1.         0.1709514  0.6133412  0.83472454 0.36008024] 
 f1: [0.01372549 0.2890687  0.44678564 0.7959671  0.18386684] 
 f1_avg: 0.3981134113052956

--- 321.6296646595001 seconds ---

Train Epoch: 31 accuracy: 0.88 
 precision: [0.72108844 0.9594614  0.79710622 0.85420572 0.76828123] 
 recall: [0.97921478 0.86778214 0.8373057  0.91463874 0.93945857] 
 f1: [0.83055828 0.91132184 0.81671159 0.88338987 0.84529082] 
 f1_avg: 0.8787805744489372


Validation Epoch: 31 accuracy: 0.40 
 precision: [0.00698603 0.93457944 0.34551387 0.77061856 0.12340735] 
 recall: [1.         0.18765247 0.62514758 0.83194213 0.34002006] 
 f1: [0.01387512 0.31254884 0.44505148 0.80010704 0.18108974] 
 f1_avg: 0.41102665943279043

--- 332.0686140060425 seconds ---

Train Epoch: 32 accuracy: 0.88 
 precision: [0.75221239 0.96354392 0.77490071 0.86745767 0.80155928] 
 recall: [0.98152425 0.8679643  0.86488198 0.91250627 0.89401148] 
 f1: [0.85170341 0.91326014 0.81742253 0.88941191 0.84526487] 
 f1_avg: 0.8813345092524191


Validation Epoch: 32 accuracy: 0.41 
 precision: [0.00667939 0.92025518 0.35670178 0.77991675 0.12223393] 
 recall: [1.         0.21655095 0.57969303 0.83416806 0.34904714] 
 f1: [0.01327014 0.35060003 0.44164605 0.80613068 0.18106139] 
 f1_avg: 0.4321787367913537

--- 342.5167474746704 seconds ---

Train Epoch: 33 accuracy: 0.88 
 precision: [0.68633791 0.96012836 0.79028065 0.87980211 0.78882253] 
 recall: [0.98036952 0.87977829 0.85757052 0.90347466 0.91009024] 
 f1: [0.80741797 0.91819885 0.8225517  0.89148126 0.84512836] 
 f1_avg: 0.8847993160802614


Validation Epoch: 33 accuracy: 0.42 
 precision: [0.00678295 0.91702742 0.36999611 0.76626016 0.12460733] 
 recall: [1.         0.23850629 0.56198347 0.83917641 0.35807422] 
 f1: [0.01347449 0.37855547 0.44621514 0.80106242 0.1848783 ] 
 f1_avg: 0.44759137949790256

--- 352.99484872817993 seconds ---

Train Epoch: 34 accuracy: 0.88 
 precision: [0.68881686 0.95531337 0.79773463 0.89309283 0.77122577] 
 recall: [0.98152425 0.88729865 0.85146805 0.89124436 0.92698934] 
 f1: [0.80952381 0.92005073 0.82372598 0.89216763 0.84196409] 
 f1_avg: 0.8858798686920183


Validation Epoch: 34 accuracy: 0.43 
 precision: [0.00686275 0.92302405 0.38532478 0.7504902  0.1250444 ] 
 recall: [1.         0.25201726 0.56729634 0.85197551 0.35305918] 
 f1: [0.01363194 0.3959316  0.45893028 0.79801929 0.18467996] 
 f1_avg: 0.45863287909169054

--- 363.4627261161804 seconds ---

Train Epoch: 35 accuracy: 0.89 
 precision: [0.73890339 0.95100272 0.81745488 0.87477997 0.78626597] 
 recall: [0.98036952 0.90205314 0.82394934 0.9039137  0.91862182] 
 f1: [0.8426799  0.92588141 0.82068926 0.88910824 0.8473063 ] 
 f1_avg: 0.8882153840068524


Validation Epoch: 35 accuracy: 0.42 
 precision: [0.00692384 0.92600897 0.37399924 0.757      0.12622721] 
 recall: [1.         0.23250141 0.57910272 0.8425153  0.36108325] 
 f1: [0.01375246 0.37168142 0.45448228 0.79747169 0.18706157] 
 f1_avg: 0.4448530667015604

--- 373.900203704834 seconds ---

Train Epoch: 36 accuracy: 0.89 
 precision: [0.67087609 0.95424657 0.85094455 0.8396488  0.76669381] 
 recall: [0.98152425 0.90254756 0.8039148  0.91169092 0.92682527] 
 f1: [0.79699953 0.92767733 0.8267614  0.87418812 0.83918889] 
 f1_avg: 0.8862785978595775


Validation Epoch: 36 accuracy: 0.39 
 precision: [0.00719424 0.92140921 0.35880043 0.78709677 0.12293221] 
 recall: [1.         0.19140552 0.59327037 0.81469115 0.38014042] 
 f1: [0.01428571 0.31696706 0.44716352 0.80065628 0.18578431] 
 f1_avg: 0.41436469328212233

--- 384.33207178115845 seconds ---

Train Epoch: 37 accuracy: 0.89 
 precision: [0.7408056  0.96934823 0.82304097 0.87763126 0.76617647] 
 recall: [0.97690531 0.89206068 0.86165803 0.90999749 0.94027892] 
 f1: [0.84262948 0.92909993 0.8419069  0.89352137 0.84434622] 
 f1_avg: 0.8951338701006775


Validation Epoch: 37 accuracy: 0.39 
 precision: [0.00666032 0.92488263 0.36856061 0.78652291 0.1232493 ] 
 recall: [1.         0.18483768 0.57438017 0.81190874 0.39719157] 
 f1: [0.01323251 0.30810135 0.44900784 0.79901424 0.18812352] 
 f1_avg: 0.4098098245593824

--- 394.80057430267334 seconds ---

Train Epoch: 38 accuracy: 0.89 
 precision: [0.7089241  0.97172695 0.81948661 0.90367089 0.70251938] 
 recall: [0.98152425 0.89346587 0.85463443 0.89550928 0.95159967] 
 f1: [0.82324455 0.93095454 0.83669156 0.89957157 0.80830604] 
 f1_avg: 0.8931097378504865


Validation Epoch: 38 accuracy: 0.41 
 precision: [0.00693756 0.93243243 0.35837354 0.77627471 0.12931956] 
 recall: [1.         0.20716832 0.61393152 0.83027268 0.36409228] 
 f1: [0.01377953 0.33901428 0.45256745 0.80236623 0.19085174] 
 f1_avg: 0.4280826650058721

--- 405.274044752121 seconds ---

Train Epoch: 39 accuracy: 0.90 
 precision: [0.755084   0.97238084 0.82643697 0.90172382 0.79064006] 
 recall: [0.98614319 0.89507924 0.8865285  0.9219142  0.94241181] 
 f1: [0.85528292 0.93213013 0.85542871 0.91170724 0.85988024] 
 f1_avg: 0.9046240454187517


Validation Epoch: 39 accuracy: 0.42 
 precision: [0.00706357 0.92769231 0.36727403 0.76497462 0.12698987] 
 recall: [1.         0.22630888 0.6068477  0.83861992 0.35205617] 
 f1: [0.01402806 0.36385579 0.45760071 0.80010619 0.18665249] 
 f1_avg: 0.44158638290966407

--- 415.7225568294525 seconds ---

Train Epoch: 40 accuracy: 0.92 
 precision: [0.78308824 0.96807254 0.85023624 0.89907318 0.8647509 ] 
 recall: [0.98383372 0.91683364 0.89096143 0.93696688 0.90844955] 
 f1: [0.87205732 0.94175666 0.87012257 0.91762899 0.88606177] 
 f1_avg: 0.9159791155967566


Validation Epoch: 40 accuracy: 0.40 
 precision: [0.00712106 0.92288557 0.37404871 0.77719665 0.12213247] 
 recall: [1.         0.2088572  0.58028335 0.82693378 0.37913741] 
 f1: [0.01414141 0.34062739 0.454882   0.80129415 0.18475073] 
 f1_avg: 0.4285417884944204

--- 426.18347454071045 seconds ---

Train Epoch: 41 accuracy: 0.92 
 precision: [0.78360958 0.97035492 0.86364924 0.9065048  0.8264297 ] 
 recall: [0.98267898 0.91990424 0.87772021 0.94135725 0.94602133] 
 f1: [0.87192623 0.94445632 0.87062787 0.92360235 0.88219094] 
 f1_avg: 0.9183176942306932


Validation Epoch: 41 accuracy: 0.40 
 precision: [0.00730689 0.92491166 0.36801471 0.78575254 0.12170321] 
 recall: [1.         0.19647213 0.59090909 0.8163606  0.38415246] 
 f1: [0.01450777 0.32409844 0.45355686 0.80076419 0.18484556] 
 f1_avg: 0.41926015155911833

--- 436.64907336235046 seconds ---

Train Epoch: 42 accuracy: 0.92 
 precision: [0.78413284 0.97486879 0.85864519 0.90571983 0.81101273] 
 recall: [0.98152425 0.91352885 0.88370754 0.93753136 0.96177194] 
 f1: [0.87179487 0.94320258 0.87099611 0.92135108 0.87998199] 
 f1_avg: 0.9171582214852739


Validation Epoch: 42 accuracy: 0.40 
 precision: [0.00730689 0.92863595 0.35922671 0.78927411 0.1232073 ] 
 recall: [1.         0.19290674 0.60330579 0.81079577 0.37913741] 
 f1: [0.01450777 0.31945308 0.45031945 0.7998902  0.18597786] 
 f1_avg: 0.4161370897301185

--- 447.1077356338501 seconds ---

Train Epoch: 43 accuracy: 0.92 
 precision: [0.81791908 0.97589422 0.84956522 0.91313949 0.83293081] 
 recall: [0.98036952 0.91230581 0.89994243 0.93364275 0.96193601] 
 f1: [0.89180672 0.94302929 0.87402852 0.92327731 0.89279732] 
 f1_avg: 0.9193457211525754


Validation Epoch: 43 accuracy: 0.40 
 precision: [0.00725389 0.92480553 0.35644938 0.79040948 0.12322755] 
 recall: [1.         0.20078814 0.6068477  0.8163606  0.36609829] 
 f1: [0.01440329 0.32994141 0.44910441 0.80317547 0.18439   ] 
 f1_avg: 0.42205666069981446

--- 457.56030464172363 seconds ---

Train Epoch: 44 accuracy: 0.92 
 precision: [0.80451128 0.97732445 0.85032561 0.91852898 0.87644202] 
 recall: [0.98845266 0.9163132  0.91709845 0.93834671 0.94733388] 
 f1: [0.88704663 0.94583596 0.8824507  0.92833209 0.91051013] 
 f1_avg: 0.9249182681715594


Validation Epoch: 44 accuracy: 0.40 
 precision: [0.00723888 0.92620865 0.36952521 0.78762006 0.12050534] 
 recall: [1.         0.20491649 0.59268005 0.82136895 0.37311936] 
 f1: [0.01437372 0.33558697 0.45522557 0.80414056 0.18217434] 
 f1_avg: 0.42612623193069904

--- 468.003778219223 seconds ---

Train Epoch: 45 accuracy: 0.93 
 precision: [0.80451128 0.97566736 0.86243473 0.92482174 0.87956204] 
 recall: [0.98845266 0.92445809 0.91278066 0.94361515 0.94897457] 
 f1: [0.88704663 0.94937267 0.88689377 0.93412393 0.91295083] 
 f1_avg: 0.9289880670100549


Validation Epoch: 45 accuracy: 0.40 
 precision: [0.00736842 0.92457627 0.37523737 0.78571429 0.12025118] 
 recall: [1.         0.20472884 0.58323495 0.82025598 0.38415246] 
 f1: [0.01462905 0.33522815 0.45666744 0.80261367 0.18316595] 
 f1_avg: 0.4260017346703002

--- 478.5767123699188 seconds ---

Train Epoch: 46 accuracy: 0.93 
 precision: [0.82591876 0.97722227 0.87307864 0.92243801 0.85241359] 
 recall: [0.98614319 0.92773687 0.9025331  0.9473156  0.95898277] 
 f1: [0.89894737 0.95183682 0.88756157 0.93471131 0.90256331] 
 f1_avg: 0.9297841349443287


Validation Epoch: 46 accuracy: 0.40 
 precision: [0.00728408 0.9250646  0.37302185 0.78737183 0.12081377] 
 recall: [1.         0.20153875 0.58441558 0.81190874 0.38716148] 
 f1: [0.01446281 0.33097072 0.45538178 0.79945205 0.18416031] 
 f1_avg: 0.4229930923358203

--- 489.07487392425537 seconds ---

Train Epoch: 47 accuracy: 0.93 
 precision: [0.82335907 0.97708858 0.88281913 0.91466361 0.8524519 ] 
 recall: [0.98498845 0.92885581 0.89781232 0.9498871  0.96685808] 
 f1: [0.89695058 0.95236189 0.8902526  0.93194265 0.90605781] 
 f1_avg: 0.9303221965968664


Validation Epoch: 47 accuracy: 0.40 
 precision: [0.00733753 0.92327812 0.36719884 0.79310345 0.12101911] 
 recall: [1.         0.19872396 0.5974026  0.80634391 0.38114343] 
 f1: [0.01456816 0.32705374 0.45483146 0.79966887 0.183708  ] 
 f1_avg: 0.42076727189998175

--- 499.5091073513031 seconds ---

Train Epoch: 48 accuracy: 0.93 
 precision: [0.82466281 0.9794664  0.87913486 0.91295142 0.87158672] 
 recall: [0.98845266 0.92474433 0.91496834 0.94656297 0.96882691] 
 f1: [0.89915966 0.95131908 0.89669375 0.92945343 0.91763792] 
 f1_avg: 0.9316514058360453


Validation Epoch: 48 accuracy: 0.40 
 precision: [0.00732984 0.91928632 0.36758321 0.79658214 0.12138728] 
 recall: [1.         0.20303997 0.59976387 0.80411797 0.37913741] 
 f1: [0.01455301 0.33261605 0.45580978 0.80033232 0.18389686] 
 f1_avg: 0.42409373966845165

--- 509.9473686218262 seconds ---

Train Epoch: 49 accuracy: 0.93 
 precision: [0.83090379 0.97789813 0.87213203 0.92875793 0.89558846] 
 recall: [0.98729792 0.93028702 0.92786413 0.9370296  0.96259229] 
 f1: [0.90237467 0.95349861 0.89913529 0.93287543 0.92788233] 
 f1_avg: 0.9347764154210841


Validation Epoch: 49 accuracy: 0.40 
 precision: [0.00729167 0.91701593 0.37424699 0.79442318 0.11927181] 
 recall: [1.         0.2052918  0.58677686 0.80856984 0.38114343] 
 f1: [0.01447777 0.33547991 0.45701149 0.80143409 0.18168778] 
 f1_avg: 0.4258317440151001

--- 520.4374759197235 seconds ---

Train Epoch: 50 accuracy: 0.94 
 precision: [0.83625731 0.97449948 0.87994257 0.93598303 0.88519683] 
 recall: [0.99076212 0.93476281 0.91732873 0.94085549 0.97030353] 
 f1: [0.90697674 0.95421764 0.8982468  0.93841294 0.92579837] 
 f1_avg: 0.9359424584338132


Validation Epoch: 50 accuracy: 0.40 
 precision: [0.00729927 0.92016807 0.37547028 0.78930308 0.12034112] 
 recall: [1.         0.20547945 0.58913813 0.8130217  0.38214644] 
 f1: [0.01449275 0.3359411  0.45863971 0.80098684 0.18304108] 
 f1_avg: 0.42641821211954223

--- 530.9179027080536 seconds ---

Train Epoch: 51 accuracy: 0.94 
 precision: [0.83059051 0.97291026 0.89020318 0.93232112 0.88339329] 
 recall: [0.99076212 0.9383018  0.90552677 0.95126693 0.96702215] 
 f1: [0.90363349 0.95529268 0.89779959 0.94169875 0.92331793] 
 f1_avg: 0.936805444375856


Validation Epoch: 51 accuracy: 0.40 
 precision: [0.00730689 0.92128028 0.37218738 0.7887931  0.12026726] 
 recall: [1.         0.19984988 0.59563164 0.81469115 0.37913741] 
 f1: [0.01450777 0.32845027 0.45811578 0.80153299 0.1826087 ] 
 f1_avg: 0.42232052280564664

--- 541.3731179237366 seconds ---

Train Epoch: 52 accuracy: 0.94 
 precision: [0.82915058 0.97509522 0.89362665 0.93012328 0.89556096] 
 recall: [0.99191686 0.93936871 0.90972942 0.95590818 0.96652994] 
 f1: [0.90325973 0.95689861 0.90160614 0.94283947 0.92969305] 
 f1_avg: 0.9391503581667024


Validation Epoch: 52 accuracy: 0.39 
 precision: [0.00735294 0.92307692 0.36773728 0.79027027 0.11948298] 
 recall: [1.         0.18690186 0.60153483 0.81357819 0.38014042] 
 f1: [0.01459854 0.31086142 0.45643897 0.80175487 0.18181818] 
 f1_avg: 0.41245078910872174

--- 551.8214771747589 seconds ---

Train Epoch: 53 accuracy: 0.94 
 precision: [0.84102061 0.97795613 0.89119546 0.93336189 0.90699107] 
 recall: [0.98960739 0.93856202 0.9218768  0.95666081 0.96636587] 
 f1: [0.90928382 0.9578542  0.90627653 0.94486774 0.93573755] 
 f1_avg: 0.9415929804862506


Validation Epoch: 53 accuracy: 0.39 
 precision: [0.00749465 0.92654261 0.36379928 0.79119086 0.11759259] 
 recall: [1.         0.17751923 0.59917355 0.8096828  0.38214644] 
 f1: [0.01487779 0.29795276 0.45272079 0.80033003 0.17984423] 
 f1_avg: 0.40434661610205075

Early stopping!

Test Epoch: accuracy: 0.57 
 precision: [0.42307692 0.70730491 0.4818332  0.53405689 0.22222222] 
 recall: [0.11827957 0.57886146 0.51523179 0.76803014 0.21764706] 
 f1: [0.18487395 0.63666966 0.49797312 0.63002208 0.21991085] 
 f1_avg: 0.5701276694091975

--- 563.2935416698456 seconds ---

Test Epoch: accuracy: 0.63 
 precision: [0.4        0.77982247 0.40781648 0.64628245 0.24333925] 
 recall: [0.85714286 0.67592419 0.56670602 0.81747357 0.13741224] 
 f1: [0.54545455 0.72416566 0.4743083  0.72186732 0.17564103] 
 f1_avg: 0.6248661372616495

--- 563.7621333599091 seconds ---
