Requirement already satisfied: scikit-learn in /net/cephfs/data/zifjia/condaenvs/audio_clf/lib/python3.8/site-packages (1.1.2)
Requirement already satisfied: numpy>=1.17.3 in /net/cephfs/data/zifjia/condaenvs/audio_clf/lib/python3.8/site-packages (from scikit-learn) (1.22.3)
Requirement already satisfied: threadpoolctl>=2.0.0 in /net/cephfs/data/zifjia/condaenvs/audio_clf/lib/python3.8/site-packages (from scikit-learn) (3.1.0)
Requirement already satisfied: scipy>=1.3.2 in /net/cephfs/data/zifjia/condaenvs/audio_clf/lib/python3.8/site-packages (from scikit-learn) (1.9.1)
Requirement already satisfied: joblib>=1.0.0 in /net/cephfs/data/zifjia/condaenvs/audio_clf/lib/python3.8/site-packages (from scikit-learn) (1.1.0)
Requirement already satisfied: tensorboard in /net/cephfs/data/zifjia/condaenvs/audio_clf/lib/python3.8/site-packages (2.10.1)
Requirement already satisfied: tensorboard-data-server<0.7.0,>=0.6.0 in /net/cephfs/home/zifjia/.local/lib/python3.8/site-packages (from tensorboard) (0.6.1)
Requirement already satisfied: absl-py>=0.4 in /net/cephfs/home/zifjia/.local/lib/python3.8/site-packages (from tensorboard) (1.2.0)
Requirement already satisfied: protobuf<3.20,>=3.9.2 in /net/cephfs/home/zifjia/.local/lib/python3.8/site-packages (from tensorboard) (3.19.4)
Requirement already satisfied: markdown>=2.6.8 in /net/cephfs/home/zifjia/.local/lib/python3.8/site-packages (from tensorboard) (3.4.1)
Requirement already satisfied: werkzeug>=1.0.1 in /net/cephfs/data/zifjia/condaenvs/audio_clf/lib/python3.8/site-packages (from tensorboard) (2.1.2)
Requirement already satisfied: wheel>=0.26 in /net/cephfs/data/zifjia/condaenvs/audio_clf/lib/python3.8/site-packages (from tensorboard) (0.37.1)
Requirement already satisfied: google-auth-oauthlib<0.5,>=0.4.1 in /net/cephfs/home/zifjia/.local/lib/python3.8/site-packages (from tensorboard) (0.4.6)
Requirement already satisfied: tensorboard-plugin-wit>=1.6.0 in /net/cephfs/home/zifjia/.local/lib/python3.8/site-packages (from tensorboard) (1.8.1)
Requirement already satisfied: grpcio>=1.24.3 in /net/cephfs/home/zifjia/.local/lib/python3.8/site-packages (from tensorboard) (1.47.0)
Requirement already satisfied: numpy>=1.12.0 in /net/cephfs/data/zifjia/condaenvs/audio_clf/lib/python3.8/site-packages (from tensorboard) (1.22.3)
Requirement already satisfied: requests<3,>=2.21.0 in /net/cephfs/data/zifjia/condaenvs/audio_clf/lib/python3.8/site-packages (from tensorboard) (2.28.1)
Requirement already satisfied: google-auth<3,>=1.6.3 in /net/cephfs/home/zifjia/.local/lib/python3.8/site-packages (from tensorboard) (2.9.1)
Requirement already satisfied: setuptools>=41.0.0 in /net/cephfs/data/zifjia/condaenvs/audio_clf/lib/python3.8/site-packages (from tensorboard) (60.8.1)
Requirement already satisfied: pyasn1-modules>=0.2.1 in /net/cephfs/home/zifjia/.local/lib/python3.8/site-packages (from google-auth<3,>=1.6.3->tensorboard) (0.2.8)
Requirement already satisfied: rsa<5,>=3.1.4 in /net/cephfs/home/zifjia/.local/lib/python3.8/site-packages (from google-auth<3,>=1.6.3->tensorboard) (4.9)
Requirement already satisfied: cachetools<6.0,>=2.0.0 in /net/cephfs/home/zifjia/.local/lib/python3.8/site-packages (from google-auth<3,>=1.6.3->tensorboard) (5.2.0)
Requirement already satisfied: six>=1.9.0 in /net/cephfs/data/zifjia/condaenvs/audio_clf/lib/python3.8/site-packages (from google-auth<3,>=1.6.3->tensorboard) (1.16.0)
Requirement already satisfied: requests-oauthlib>=0.7.0 in /net/cephfs/home/zifjia/.local/lib/python3.8/site-packages (from google-auth-oauthlib<0.5,>=0.4.1->tensorboard) (1.3.1)
Requirement already satisfied: importlib-metadata>=4.4 in /net/cephfs/home/zifjia/.local/lib/python3.8/site-packages (from markdown>=2.6.8->tensorboard) (4.12.0)
Requirement already satisfied: certifi>=2017.4.17 in /net/cephfs/data/zifjia/condaenvs/audio_clf/lib/python3.8/site-packages (from requests<3,>=2.21.0->tensorboard) (2022.9.14)
Requirement already satisfied: idna<4,>=2.5 in /net/cephfs/data/zifjia/condaenvs/audio_clf/lib/python3.8/site-packages (from requests<3,>=2.21.0->tensorboard) (3.4)
Requirement already satisfied: urllib3<1.27,>=1.21.1 in /net/cephfs/data/zifjia/condaenvs/audio_clf/lib/python3.8/site-packages (from requests<3,>=2.21.0->tensorboard) (1.26.12)
Requirement already satisfied: charset-normalizer<3,>=2 in /net/cephfs/data/zifjia/condaenvs/audio_clf/lib/python3.8/site-packages (from requests<3,>=2.21.0->tensorboard) (2.1.1)
Requirement already satisfied: zipp>=0.5 in /net/cephfs/data/zifjia/condaenvs/audio_clf/lib/python3.8/site-packages (from importlib-metadata>=4.4->markdown>=2.6.8->tensorboard) (3.8.0)
Requirement already satisfied: pyasn1<0.5.0,>=0.4.6 in /net/cephfs/home/zifjia/.local/lib/python3.8/site-packages (from pyasn1-modules>=0.2.1->google-auth<3,>=1.6.3->tensorboard) (0.4.8)
Requirement already satisfied: oauthlib>=3.0.0 in /net/cephfs/home/zifjia/.local/lib/python3.8/site-packages (from requests-oauthlib>=0.7.0->google-auth-oauthlib<0.5,>=0.4.1->tensorboard) (3.2.0)
Requirement already satisfied: torch in /net/cephfs/data/zifjia/condaenvs/audio_clf/lib/python3.8/site-packages (1.12.1)
Requirement already satisfied: torchvision in /net/cephfs/data/zifjia/condaenvs/audio_clf/lib/python3.8/site-packages (0.13.1)
Requirement already satisfied: torchaudio in /net/cephfs/data/zifjia/condaenvs/audio_clf/lib/python3.8/site-packages (0.12.1)
Requirement already satisfied: typing-extensions in /net/cephfs/data/zifjia/condaenvs/audio_clf/lib/python3.8/site-packages (from torch) (4.0.1)
Requirement already satisfied: requests in /net/cephfs/data/zifjia/condaenvs/audio_clf/lib/python3.8/site-packages (from torchvision) (2.28.1)
Requirement already satisfied: pillow!=8.3.*,>=5.3.0 in /net/cephfs/data/zifjia/condaenvs/audio_clf/lib/python3.8/site-packages (from torchvision) (9.0.1)
Requirement already satisfied: numpy in /net/cephfs/data/zifjia/condaenvs/audio_clf/lib/python3.8/site-packages (from torchvision) (1.22.3)
Requirement already satisfied: idna<4,>=2.5 in /net/cephfs/data/zifjia/condaenvs/audio_clf/lib/python3.8/site-packages (from requests->torchvision) (3.4)
Requirement already satisfied: charset-normalizer<3,>=2 in /net/cephfs/data/zifjia/condaenvs/audio_clf/lib/python3.8/site-packages (from requests->torchvision) (2.1.1)
Requirement already satisfied: certifi>=2017.4.17 in /net/cephfs/data/zifjia/condaenvs/audio_clf/lib/python3.8/site-packages (from requests->torchvision) (2022.9.14)
Requirement already satisfied: urllib3<1.27,>=1.21.1 in /net/cephfs/data/zifjia/condaenvs/audio_clf/lib/python3.8/site-packages (from requests->torchvision) (1.26.12)
{'name': 'longcall_wav2vec2_lstm_binary_ar_42', 'data_path': '/home/cluster/zifjia/data/data_greatarc_longcall/wav2vec2_split_42', 'test_only': False, 'balance_weights': True, 'binary': True, 'model_type': 'lstm', 'model_autoregressive': True, 'n_embedding': 768, 'd_hid': 1024, 'nlayers': 2, 'batch_size': 1, 'n_epoch': 200, 'lr': 0.0005, 'dropout': 0.2, 'patience': 10, 'step_factor': 0.7, 'seed': 42}
cuda
Reading data ...
train, dev, test number of files: 50, 6, 7.
dev files:  ['15T6lcZeke', '2T6lcZeke', '125dat LC Rambo', '75datA LC Kay', '52dat LC Sultan', '137dat LC Fugit']
test files:  ['24dat LC Male', '23datA LC Fugit', '48datA LC Niko', '7T6lcZeke', '2T7lcNico', '28T5lcNiko', '47dat LC Sultan']
train_data_all: (180390, 769)
Labels in train_data_all:  {0: 106395, 1: 73995}
--- 1.881500005722046 seconds ---
LSTM(
  (lstm): LSTM(770, 1024, num_layers=2, dropout=0.2, bidirectional=True)
  (hidden2tag): Linear(in_features=2048, out_features=2, bias=True)
)
Number of parameters: 39899138

Train Epoch: 1 accuracy: 0.79 
 precision: [0.82440154 0.73957834] 
 recall: [0.81633535 0.74998311] 
 f1: [0.82034862 0.74474438] 
 f1_avg: 0.7893361716614771


Validation Epoch: 1 accuracy: 0.82 
 precision: [0.91522277 0.66000315] 
 recall: [0.82737953 0.8138587 ] 
 f1: [0.86908709 0.72890048] 
 f1_avg: 0.8282016452029116

New best val score, save model ...
--- 456.8073592185974 seconds ---

Train Epoch: 2 accuracy: 0.85 
 precision: [0.86983291 0.81574626] 
 recall: [0.87240002 0.81228461] 
 f1: [0.87111457 0.81401176] 
 f1_avg: 0.8476913069328726


Validation Epoch: 2 accuracy: 0.84 
 precision: [0.92736486 0.67554932] 
 recall: [0.83361304 0.84142081] 
 f1: [0.87799335 0.74941654] 
 f1_avg: 0.8404939048935061

New best val score, save model ...
--- 909.3158736228943 seconds ---

Train Epoch: 3 accuracy: 0.87 
 precision: [0.88632439 0.84962851] 
 recall: [0.89727901 0.83452936] 
 f1: [0.89176806 0.84201125] 
 f1_avg: 0.8713580846970349


Validation Epoch: 3 accuracy: 0.85 
 precision: [0.93198238 0.6935867 ] 
 recall: [0.84536082 0.85015528] 
 f1: [0.88656078 0.76393128] 
 f1_avg: 0.8507958707179899

New best val score, save model ...
--- 1361.7553465366364 seconds ---

Train Epoch: 4 accuracy: 0.88 
 precision: [0.89790908 0.85241586] 
 recall: [0.89725081 0.85331441] 
 f1: [0.89757983 0.8528649 ] 
 f1_avg: 0.8792380058879484


Validation Epoch: 4 accuracy: 0.85 
 precision: [0.93371732 0.69028213] 
 recall: [0.84208423 0.85481366] 
 f1: [0.8855366  0.76378772] 
 f1_avg: 0.8500285203200976

--- 1814.0947377681732 seconds ---

Train Epoch: 5 accuracy: 0.89 
 precision: [0.90582535 0.85717536] 
 recall: [0.89970393 0.86550443] 
 f1: [0.90275427 0.86131976] 
 f1_avg: 0.8857580559091931


Validation Epoch: 5 accuracy: 0.85 
 precision: [0.93307605 0.7006705 ] 
 recall: [0.85015584 0.85190217] 
 f1: [0.88968805 0.76892081] 
 f1_avg: 0.8544662656771475

New best val score, save model ...
--- 2266.491797685623 seconds ---

Train Epoch: 6 accuracy: 0.89 
 precision: [0.91208283 0.86795744] 
 recall: [0.90750505 0.87422123] 
 f1: [0.90978818 0.87107807] 
 f1_avg: 0.8939095049511515


Validation Epoch: 6 accuracy: 0.87 
 precision: [0.9351939  0.73445856] 
 recall: [0.87301207 0.85306677] 
 f1: [0.90303381 0.7893319 ] 
 f1_avg: 0.8698726292674367

New best val score, save model ...
--- 2718.9248468875885 seconds ---

Train Epoch: 7 accuracy: 0.91 
 precision: [0.9249514 0.8872931] 
 recall: [0.92115231 0.89253328] 
 f1: [0.92304794 0.88990548] 
 f1_avg: 0.909453082927719


Validation Epoch: 7 accuracy: 0.86 
 precision: [0.92312216 0.73520736] 
 recall: [0.87804683 0.82239907] 
 f1: [0.90002048 0.7763628 ] 
 f1_avg: 0.8639556988359

--- 3171.2773044109344 seconds ---

Train Epoch: 8 accuracy: 0.91 
 precision: [0.92036546 0.88539809] 
 recall: [0.92028761 0.88550578] 
 f1: [0.92032653 0.88545193] 
 f1_avg: 0.9060211593531728


Validation Epoch: 8 accuracy: 0.82 
 precision: [0.96136789 0.63314711] 
 recall: [0.77958923 0.92391304] 
 f1: [0.86098853 0.75138122] 
 f1_avg: 0.829021536846946

--- 3623.4556930065155 seconds ---

Train Epoch: 9 accuracy: 0.91 
 precision: [0.92871952 0.88381489] 
 recall: [0.91783448 0.89870937] 
 f1: [0.92324492 0.8911999 ] 
 f1_avg: 0.9101002276592562


Validation Epoch: 9 accuracy: 0.83 
 precision: [0.9591678  0.64127931] 
 recall: [0.78846    0.91847826] 
 f1: [0.86547656 0.75524699] 
 f1_avg: 0.8333280851709621

--- 4075.7582292556763 seconds ---

Train Epoch: 10 accuracy: 0.92 
 precision: [0.93808422 0.89114883] 
 recall: [0.92248696 0.91245354] 
 f1: [0.93022022 0.90167536] 
 f1_avg: 0.9185112696141611


Validation Epoch: 10 accuracy: 0.83 
 precision: [0.95711105 0.64190294] 
 recall: [0.79005834 0.91401398] 
 f1: [0.86559846 0.754164  ] 
 f1_avg: 0.8330985809229184

--- 4527.788959741592 seconds ---

Train Epoch: 11 accuracy: 0.92 
 precision: [0.93712555 0.9049744 ] 
 recall: [0.93354951 0.90993986] 
 f1: [0.93533411 0.90745034] 
 f1_avg: 0.9238963379708987


Validation Epoch: 11 accuracy: 0.84 
 precision: [0.9404471  0.67926239] 
 recall: [0.83041637 0.87228261] 
 f1: [0.88201341 0.76376615] 
 f1_avg: 0.8475265779039008

--- 4979.829380750656 seconds ---

Train Epoch: 12 accuracy: 0.92 
 precision: [0.94252238 0.90024769] 
 recall: [0.9292166  0.91852152] 
 f1: [0.9358222 0.9092928] 
 f1_avg: 0.9249399832149164


Validation Epoch: 12 accuracy: 0.79 
 precision: [0.95392898 0.58793405] 
 recall: [0.73635419 0.91362578] 
 f1: [0.83113837 0.71545828] 
 f1_avg: 0.7974002546021217

--- 5432.102978229523 seconds ---

Train Epoch: 13 accuracy: 0.93 
 precision: [0.94363518 0.91669924] 
 recall: [0.94191456 0.91910264] 
 f1: [0.94277409 0.91789937] 
 f1_avg: 0.9325706128266539


Validation Epoch: 13 accuracy: 0.85 
 precision: [0.95484107 0.69042679] 
 recall: [0.83305362 0.90430901] 
 f1: [0.8897994  0.78302521] 
 f1_avg: 0.8586586926424203

--- 5884.480845689774 seconds ---

Train Epoch: 14 accuracy: 0.93 
 precision: [0.94759002 0.90827476] 
 recall: [0.93498755 0.92564362] 
 f1: [0.9412466  0.91687695] 
 f1_avg: 0.9312502995205313


Validation Epoch: 14 accuracy: 0.88 
 precision: [0.94141156 0.75580017] 
 recall: [0.88475985 0.86626553] 
 f1: [0.91220698 0.80727141] 
 f1_avg: 0.8816025044461043

New best val score, save model ...
--- 6336.152731180191 seconds ---

Train Epoch: 15 accuracy: 0.93 
 precision: [0.94772546 0.91156272] 
 recall: [0.93754406 0.92564362] 
 f1: [0.94260727 0.91854921] 
 f1_avg: 0.932738783615401


Validation Epoch: 15 accuracy: 0.87 
 precision: [0.95436016 0.72668861] 
 recall: [0.86062495 0.90003882] 
 f1: [0.90507207 0.80412729] 
 f1_avg: 0.8756315068168429

--- 6787.404784679413 seconds ---

Train Epoch: 16 accuracy: 0.94 
 precision: [0.95069292 0.92358518] 
 recall: [0.94652004 0.92941415] 
 f1: [0.94860189 0.9264905 ] 
 f1_avg: 0.939531919789426


Validation Epoch: 16 accuracy: 0.88 
 precision: [0.94438217 0.74274885] 
 recall: [0.87524974 0.8748059 ] 
 f1: [0.9085027  0.80338681] 
 f1_avg: 0.877845631254576

--- 7238.671487092972 seconds ---

Train Epoch: 17 accuracy: 0.94 
 precision: [0.95479439 0.92483634] 
 recall: [0.94712158 0.93552267] 
 f1: [0.95094251 0.93014881] 
 f1_avg: 0.9424130456452298


Validation Epoch: 17 accuracy: 0.88 
 precision: [0.94932638 0.74172078] 
 recall: [0.87285223 0.88684006] 
 f1: [0.90948455 0.80781471] 
 f1_avg: 0.8798325276522777

--- 7690.151069641113 seconds ---

Train Epoch: 18 accuracy: 0.94 
 precision: [0.95426389 0.93029263] 
 recall: [0.9513041  0.93444152] 
 f1: [0.9527817  0.93236246] 
 f1_avg: 0.944405838320798


Validation Epoch: 18 accuracy: 0.85 
 precision: [0.95455813 0.67540556] 
 recall: [0.82090626 0.9050854 ] 
 f1: [0.88270173 0.77355674] 
 f1_avg: 0.8508695733373349

--- 8141.518051624298 seconds ---

Train Epoch: 19 accuracy: 0.95 
 precision: [0.96000534 0.92449107] 
 recall: [0.94641665 0.94330698] 
 f1: [0.95316257 0.93380425] 
 f1_avg: 0.9452218904273416


Validation Epoch: 19 accuracy: 0.83 
 precision: [0.96332065 0.64418667] 
 recall: [0.78917925 0.92701863] 
 f1: [0.86759796 0.76014643] 
 f1_avg: 0.8362597048338631

--- 8592.688776731491 seconds ---

Train Epoch: 20 accuracy: 0.94 
 precision: [0.95299938 0.92443885] 
 recall: [0.94697119 0.93284681] 
 f1: [0.94997572 0.9286238 ] 
 f1_avg: 0.9412172787923491


Validation Epoch: 20 accuracy: 0.83 
 precision: [0.96781541 0.63790141] 
 recall: [0.78102773 0.9369177 ] 
 f1: [0.86444651 0.75902194] 
 f1_avg: 0.8336994153113351

--- 9043.578338623047 seconds ---

Train Epoch: 21 accuracy: 0.94 
 precision: [0.95879656 0.92061038] 
 recall: [0.94352178 0.94169876] 
 f1: [0.95109785 0.93103517] 
 f1_avg: 0.9428682472167623


Validation Epoch: 21 accuracy: 0.83 
 precision: [0.96646133 0.64654477] 
 recall: [0.78989851 0.93342391] 
 f1: [0.86930519 0.76393963] 
 f1_avg: 0.8385753087320532

--- 9494.922639608383 seconds ---

Train Epoch: 22 accuracy: 0.94 
 precision: [0.95727114 0.92348064] 
 recall: [0.94587152 0.9392932 ] 
 f1: [0.95153719 0.9313198 ] 
 f1_avg: 0.9432441250116645


Validation Epoch: 22 accuracy: 0.85 
 precision: [0.96480468 0.67624169] 
 recall: [0.81715016 0.92760093] 
 f1: [0.88486002 0.7822244 ] 
 f1_avg: 0.8549263291793304

--- 9946.229329586029 seconds ---

Train Epoch: 23 accuracy: 0.95 
 precision: [0.96596964 0.93088818] 
 recall: [0.95085295 0.95183458] 
 f1: [0.95835169 0.94124486] 
 f1_avg: 0.9513345608467738


Validation Epoch: 23 accuracy: 0.89 
 precision: [0.9433277  0.76927039] 
 recall: [0.8925917  0.86975932] 
 f1: [0.91725865 0.81643436] 
 f1_avg: 0.8878532337385144

New best val score, save model ...
--- 10398.309907197952 seconds ---

Train Epoch: 24 accuracy: 0.94 
 precision: [0.9582474  0.92586631] 
 recall: [0.94761972 0.94063112] 
 f1: [0.95290393 0.93319032] 
 f1_avg: 0.9448175122140199


Validation Epoch: 24 accuracy: 0.88 
 precision: [0.94817987 0.7590985 ] 
 recall: [0.88467993 0.88256988] 
 f1: [0.91532992 0.81619099] 
 f1_avg: 0.8864160322813293

--- 10849.853595972061 seconds ---

Train Epoch: 25 accuracy: 0.95 
 precision: [0.96259271 0.93456161] 
 recall: [0.95389821 0.9466991 ] 
 f1: [0.95822574 0.9405912 ] 
 f1_avg: 0.9509921469887123


Validation Epoch: 25 accuracy: 0.87 
 precision: [0.95756757 0.71302361] 
 recall: [0.84943659 0.90857919] 
 f1: [0.9002668  0.79900999] 
 f1_avg: 0.87073523583325

--- 11301.342769622803 seconds ---

Train Epoch: 26 accuracy: 0.95 
 precision: [0.96517739 0.93802854] 
 recall: [0.95633253 0.95038854] 
 f1: [0.9607346  0.94416809] 
 f1_avg: 0.9539391106696046


Validation Epoch: 26 accuracy: 0.86 
 precision: [0.96209752 0.69757174] 
 recall: [0.8357708  0.92003106] 
 f1: [0.894496   0.79350465] 
 f1_avg: 0.8650418567127903

--- 11752.807629823685 seconds ---

Train Epoch: 27 accuracy: 0.95 
 precision: [0.96474648 0.93830193] 
 recall: [0.95656751 0.94973985] 
 f1: [0.96063958 0.94398625] 
 f1_avg: 0.9538084741697915


Validation Epoch: 27 accuracy: 0.86 
 precision: [0.95434118 0.71020034] 
 recall: [0.8485575  0.90139752] 
 f1: [0.89834595 0.79445727] 
 f1_avg: 0.8680468043483058

--- 12209.138156175613 seconds ---

Train Epoch: 28 accuracy: 0.96 
 precision: [0.96759009 0.94080324] 
 recall: [0.95825932 0.95384823] 
 f1: [0.9629021  0.94728083] 
 f1_avg: 0.9564943384407931


Validation Epoch: 28 accuracy: 0.86 
 precision: [0.96215066 0.69150022] 
 recall: [0.83089587 0.92061335] 
 f1: [0.8917192  0.78977604] 
 f1_avg: 0.86198746036346

--- 12662.298375844955 seconds ---

Train Epoch: 29 accuracy: 0.95 
 precision: [0.96660428 0.93801988] 
 recall: [0.95622915 0.95249679] 
 f1: [0.96138872 0.94520291] 
 f1_avg: 0.9547493879896531


Validation Epoch: 29 accuracy: 0.87 
 precision: [0.94719704 0.72231038] 
 recall: [0.86014545 0.88354037] 
 f1: [0.9015748 0.7948315] 
 f1_avg: 0.8704431021432903

--- 13113.681797504425 seconds ---

Train Epoch: 30 accuracy: 0.95 
 precision: [0.96351629 0.9246163 ] 
 recall: [0.94621928 0.94848301] 
 f1: [0.95478945 0.9363976 ] 
 f1_avg: 0.9472452143790092


Validation Epoch: 30 accuracy: 0.87 
 precision: [0.95493811 0.72187694] 
 recall: [0.85694877 0.90178571] 
 f1: [0.90329374 0.801864  ] 
 f1_avg: 0.8737117404770293

--- 13564.756864309311 seconds ---

Train Epoch: 31 accuracy: 0.95 
 precision: [0.96571304 0.93754079] 
 recall: [0.95592838 0.95119941] 
 f1: [0.9607958  0.94432071] 
 f1_avg: 0.9540378073674519


Validation Epoch: 31 accuracy: 0.89 
 precision: [0.95580732 0.7605703 ] 
 recall: [0.88324143 0.90081522] 
 f1: [0.91809271 0.82477341] 
 f1_avg: 0.8908761202350903

New best val score, save model ...
--- 14016.104063272476 seconds ---

Train Epoch: 32 accuracy: 0.95 
 precision: [0.9668859  0.93610694] 
 recall: [0.95476291 0.95298331] 
 f1: [0.96078617 0.94446974] 
 f1_avg: 0.9540932593560194


Validation Epoch: 32 accuracy: 0.89 
 precision: [0.94614412 0.77810345] 
 recall: [0.89714697 0.8759705 ] 
 f1: [0.92099434 0.82414171] 
 f1_avg: 0.892747254575804

New best val score, save model ...
--- 14467.67947101593 seconds ---

Train Epoch: 33 accuracy: 0.96 
 precision: [0.96704716 0.9392313 ] 
 recall: [0.95711265 0.95310494] 
 f1: [0.96205426 0.94611726] 
 f1_avg: 0.955516988562632


Validation Epoch: 33 accuracy: 0.90 
 precision: [0.95381644 0.79951355] 
 recall: [0.90777591 0.89324534] 
 f1: [0.93022684 0.84378438] 
 f1_avg: 0.9050158859210614

New best val score, save model ...
--- 14919.168859243393 seconds ---

Train Epoch: 34 accuracy: 0.96 
 precision: [0.9666123  0.94050606] 
 recall: [0.95809953 0.9524157 ] 
 f1: [0.96233709 0.94642342] 
 f1_avg: 0.9558093883117029


Validation Epoch: 34 accuracy: 0.87 
 precision: [0.950562   0.73108173] 
 recall: [0.8651003  0.89072205] 
 f1: [0.90581984 0.80304489] 
 f1_avg: 0.8758455087362561

--- 15370.160740375519 seconds ---

Train Epoch: 35 accuracy: 0.96 
 precision: [0.97163749 0.9423942 ] 
 recall: [0.95919921 0.95974052] 
 f1: [0.96537828 0.95098827] 
 f1_avg: 0.9594755784718871


Validation Epoch: 35 accuracy: 0.87 
 precision: [0.94967004 0.72698413] 
 recall: [0.86254296 0.88897516] 
 f1: [0.90401206 0.79986029] 
 f1_avg: 0.8736361799485944

--- 15821.701134443283 seconds ---

Train Epoch: 36 accuracy: 0.96 
 precision: [0.97251728 0.94513046] 
 recall: [0.96120118 0.96094331] 
 f1: [0.96682612 0.95297129] 
 f1_avg: 0.9611429466174015


Validation Epoch: 36 accuracy: 0.85 
 precision: [0.95614924 0.6866373 ] 
 recall: [0.82945736 0.9076087 ] 
 f1: [0.8883088  0.78180906] 
 f1_avg: 0.8572481336776144

--- 16273.244177103043 seconds ---

Train Epoch: 37 accuracy: 0.96 
 precision: [0.97295808 0.94681021] 
 recall: [0.96243245 0.96153794] 
 f1: [0.96766664 0.95411724] 
 f1_avg: 0.9621087514657193


Validation Epoch: 37 accuracy: 0.90 
 precision: [0.93444596 0.83333333] 
 recall: [0.93071206 0.84142081] 
 f1: [0.93257527 0.83735754] 
 f1_avg: 0.9048050066930128

--- 16725.349289894104 seconds ---

Train Epoch: 38 accuracy: 0.96 
 precision: [0.97017228 0.93998965] 
 recall: [0.9574792  0.95767282] 
 f1: [0.96378395 0.94874885] 
 f1_avg: 0.9576166330433077


Validation Epoch: 38 accuracy: 0.90 
 precision: [0.9459617  0.79628647] 
 recall: [0.90793575 0.8740295 ] 
 f1: [0.92655874 0.83334876] 
 f1_avg: 0.8993740340397638

--- 17177.01573729515 seconds ---

Train Epoch: 39 accuracy: 0.96 
 precision: [0.97256355 0.95005145] 
 recall: [0.96486677 0.96086222] 
 f1: [0.96869987 0.95542625] 
 f1_avg: 0.9632551039021497


Validation Epoch: 39 accuracy: 0.88 
 precision: [0.94297719 0.7474596 ] 
 recall: [0.878846   0.87092391] 
 f1: [0.90978283 0.80448229] 
 f1_avg: 0.8790719150388806

--- 17628.719317913055 seconds ---

Train Epoch: 40 accuracy: 0.97 
 precision: [0.9755401  0.95231555] 
 recall: [0.9663894  0.96515981] 
 f1: [0.97094319 0.95869466] 
 f1_avg: 0.965918909120552


Validation Epoch: 40 accuracy: 0.88 
 precision: [0.9468702  0.76258629] 
 recall: [0.88731719 0.87907609] 
 f1: [0.9161269  0.81669822] 
 f1_avg: 0.887128513175295

--- 18080.497905492783 seconds ---

Train Epoch: 41 accuracy: 0.97 
 precision: [0.97480846 0.95368922] 
 recall: [0.96744208 0.96405163] 
 f1: [0.9711113  0.95884243] 
 f1_avg: 0.9660786744669388


Validation Epoch: 41 accuracy: 0.89 
 precision: [0.94340738 0.76930999] 
 recall: [0.8925917  0.86995342] 
 f1: [0.91729632 0.81654218] 
 f1_avg: 0.8879113584483482

--- 18532.099555253983 seconds ---

Train Epoch: 42 accuracy: 0.97 
 precision: [0.97692337 0.95253687] 
 recall: [0.96648339 0.96717346] 
 f1: [0.97167534 0.95979937] 
 f1_avg: 0.9668038776508855


Validation Epoch: 42 accuracy: 0.91 
 precision: [0.94023968 0.84269878] 
 recall: [0.9342284  0.85578416] 
 f1: [0.9372244  0.84919106] 
 f1_avg: 0.9115494669494256

New best val score, save model ...
--- 18984.174540758133 seconds ---

Train Epoch: 43 accuracy: 0.96 
 precision: [0.97251744 0.95139381] 
 recall: [0.96586306 0.96075411] 
 f1: [0.96917883 0.95605105] 
 f1_avg: 0.963793882755441


Validation Epoch: 43 accuracy: 0.90 
 precision: [0.94819297 0.80824853] 
 recall: [0.91416926 0.87868789] 
 f1: [0.93087033 0.84199758] 
 f1_avg: 0.9049505763369974

--- 19435.874457359314 seconds ---

Train Epoch: 44 accuracy: 0.97 
 precision: [0.97645744 0.95607936] 
 recall: [0.96912449 0.96640314] 
 f1: [0.97277715 0.96121353] 
 f1_avg: 0.9680338137615386


Validation Epoch: 44 accuracy: 0.90 
 precision: [0.94861262 0.79131799] 
 recall: [0.90433949 0.88101708] 
 f1: [0.92594714 0.83376194] 
 f1_avg: 0.8990613121156052

--- 19887.742926359177 seconds ---

Train Epoch: 45 accuracy: 0.97 
 precision: [0.97457539 0.95452781] 
 recall: [0.96807181 0.96368674] 
 f1: [0.97131271 0.95908541] 
 f1_avg: 0.9662971378313112


Validation Epoch: 45 accuracy: 0.90 
 precision: [0.94081767 0.80137358] 
 recall: [0.91217134 0.86063665] 
 f1: [0.92627308 0.82994853] 
 f1_avg: 0.8981800071953027

--- 20339.774707078934 seconds ---

Train Epoch: 46 accuracy: 0.97 
 precision: [0.97661814 0.95789305] 
 recall: [0.97044974 0.96659234] 
 f1: [0.97352417 0.96222303] 
 f1_avg: 0.9688885037053331


Validation Epoch: 46 accuracy: 0.89 
 precision: [0.94     0.776028] 
 recall: [0.89770639 0.86083075] 
 f1: [0.91836651 0.81623263] 
 f1_avg: 0.8885791501683767

--- 20791.291524887085 seconds ---

Train Epoch: 47 accuracy: 0.97 
 precision: [0.97718186 0.95956942] 
 recall: [0.9716528  0.96737617] 
 f1: [0.97440949 0.96345698] 
 f1_avg: 0.9699168285571127


Validation Epoch: 47 accuracy: 0.87 
 precision: [0.95000438 0.73366432] 
 recall: [0.86709822 0.88916925] 
 f1: [0.90665998 0.8039663 ] 
 f1_avg: 0.8767093545426998

--- 21242.787592172623 seconds ---

Train Epoch: 48 accuracy: 0.97 
 precision: [0.97586226 0.95738522] 
 recall: [0.97011138 0.96549767] 
 f1: [0.97297832 0.96142433] 
 f1_avg: 0.9682389388333906


Validation Epoch: 48 accuracy: 0.89 
 precision: [0.94380897 0.78744726] 
 recall: [0.90338048 0.86937112] 
 f1: [0.92315231 0.82638376] 
 f1_avg: 0.8949297463676589

--- 21694.53284049034 seconds ---

Train Epoch: 49 accuracy: 0.97 
 precision: [0.97817654 0.95651942] 
 recall: [0.96936886 0.9689033 ] 
 f1: [0.97375279 0.96267154] 
 f1_avg: 0.9692073170253316


Validation Epoch: 49 accuracy: 0.88 
 precision: [0.95271909 0.75298349] 
 recall: [0.87924558 0.89402174] 
 f1: [0.91450896 0.81746384] 
 f1_avg: 0.8862057327607754

--- 22146.45101094246 seconds ---

Train Epoch: 50 accuracy: 0.97 
 precision: [0.97553046 0.95737749] 
 recall: [0.97012078 0.96501115] 
 f1: [0.9728181  0.96117916] 
 f1_avg: 0.9680438687585319


Validation Epoch: 50 accuracy: 0.89 
 precision: [0.95566759 0.75344912] 
 recall: [0.87860625 0.90100932] 
 f1: [0.91551817 0.82064881] 
 f1_avg: 0.8878495099857275

--- 22597.80427289009 seconds ---

Train Epoch: 51 accuracy: 0.97 
 precision: [0.97851572 0.95802113] 
 recall: [0.97045914 0.96936279] 
 f1: [0.97447078 0.96365859] 
 f1_avg: 0.9700356767914645


Validation Epoch: 51 accuracy: 0.88 
 precision: [0.95370208 0.74098413] 
 recall: [0.87085431 0.89732143] 
 f1: [0.91039726 0.81169344] 
 f1_avg: 0.8816102759590703

--- 23049.111148118973 seconds ---

Train Epoch: 52 accuracy: 0.97 
 precision: [0.97944499 0.96058632] 
 recall: [0.97230133 0.97066018] 
 f1: [0.97586008 0.96559698] 
 f1_avg: 0.9716502139003271


Validation Epoch: 52 accuracy: 0.87 
 precision: [0.95008393 0.72281752] 
 recall: [0.8594262  0.89033385] 
 f1: [0.90248406 0.79787789] 
 f1_avg: 0.8719756512571255

--- 23500.895137786865 seconds ---

Train Epoch: 53 accuracy: 0.97 
 precision: [0.97983783 0.95895657] 
 recall: [0.97108887 0.97126833] 
 f1: [0.97544373 0.96507318] 
 f1_avg: 0.9711897888461697


Validation Epoch: 53 accuracy: 0.88 
 precision: [0.95383944 0.74504432] 
 recall: [0.87357149 0.89732143] 
 f1: [0.9119426  0.81412345] 
 f1_avg: 0.8834136306018214

--- 23952.174914836884 seconds ---

Train Epoch: 54 accuracy: 0.97 
 precision: [0.97877213 0.96018842] 
 recall: [0.97203816 0.96968714] 
 f1: [0.97539352 0.9649144 ] 
 f1_avg: 0.9710950460560495


Validation Epoch: 54 accuracy: 0.88 
 precision: [0.94103714 0.76232033] 
 recall: [0.88899544 0.86471273] 
 f1: [0.91427632 0.81029465] 
 f1_avg: 0.8839500513633808

--- 24403.686785936356 seconds ---

Train Epoch: 55 accuracy: 0.98 
 precision: [0.98141152 0.96657183] 
 recall: [0.97658725 0.97340361] 
 f1: [0.97899344 0.96997569] 
 f1_avg: 0.9752944073416256


Validation Epoch: 55 accuracy: 0.86 
 precision: [0.94980764 0.70761406] 
 recall: [0.84839767 0.89111025] 
 f1: [0.89624314 0.78883162] 
 f1_avg: 0.8649165524482029

--- 24855.65292620659 seconds ---

Train Epoch: 56 accuracy: 0.97 
 precision: [0.98078321 0.96665816] 
 recall: [0.97667184 0.97248463] 
 f1: [0.9787232  0.96956264] 
 f1_avg: 0.9749655901423967


Validation Epoch: 56 accuracy: 0.86 
 precision: [0.95781278 0.70796193] 
 recall: [0.84552066 0.90954969] 
 f1: [0.89817055 0.79619404] 
 f1_avg: 0.8684290842496407

--- 25307.945880413055 seconds ---

Train Epoch: 57 accuracy: 0.97 
 precision: [0.98191526 0.96191722] 
 recall: [0.97317543 0.97422799] 
 f1: [0.97752581 0.96803346] 
 f1_avg: 0.9736321005906322


Validation Epoch: 57 accuracy: 0.88 
 precision: [0.95706065 0.73265306] 
 recall: [0.86390154 0.9058618 ] 
 f1: [0.90809812 0.81010241] 
 f1_avg: 0.8795176555138376

--- 25759.437829971313 seconds ---

Train Epoch: 58 accuracy: 0.98 
 precision: [0.98259915 0.96514319] 
 recall: [0.97550637 0.97516048] 
 f1: [0.97903991 0.97012598] 
 f1_avg: 0.9753834633342274


Validation Epoch: 58 accuracy: 0.86 
 precision: [0.95204867 0.711577  ] 
 recall: [0.85047551 0.89596273] 
 f1: [0.89840024 0.79319529] 
 f1_avg: 0.8677171978815288

--- 26211.007687807083 seconds ---

Train Epoch: 59 accuracy: 0.97 
 precision: [0.98379966 0.96122701] 
 recall: [0.9725927  0.97697142] 
 f1: [0.97816408 0.96903527] 
 f1_avg: 0.9744194914413605


Validation Epoch: 59 accuracy: 0.87 
 precision: [0.95243185 0.71719211] 
 recall: [0.85447135 0.89635093] 
 f1: [0.90079616 0.79682512] 
 f1_avg: 0.8704729895954124

--- 26662.943091392517 seconds ---

Train Epoch: 60 accuracy: 0.97 
 precision: [0.98258716 0.96203072] 
 recall: [0.97323182 0.97520103] 
 f1: [0.97788712 0.9685711 ] 
 f1_avg: 0.9740657384630591


Validation Epoch: 60 accuracy: 0.89 
 precision: [0.94739526 0.76856562] 
 recall: [0.89091345 0.87985248] 
 f1: [0.91828666 0.82045249] 
 f1_avg: 0.8897533056489937

--- 27114.35766506195 seconds ---

Train Epoch: 61 accuracy: 0.97 
 precision: [0.98151834 0.96213942] 
 recall: [0.97335401 0.97364687] 
 f1: [0.97741913 0.96785894] 
 f1_avg: 0.9734975906735973


Validation Epoch: 61 accuracy: 0.87 
 precision: [0.94653674 0.72409946] 
 recall: [0.86166387 0.88179348] 
 f1: [0.90210843 0.79520392] 
 f1_avg: 0.8709297159190709

--- 27565.23961997032 seconds ---

Train Epoch: 62 accuracy: 0.97 
 precision: [0.981833   0.96272155] 
 recall: [0.97376756 0.97409284] 
 f1: [0.97778365 0.96837382] 
 f1_avg: 0.9739237878860488


Validation Epoch: 62 accuracy: 0.88 
 precision: [0.94581831 0.75112145] 
 recall: [0.8802845  0.87752329] 
 f1: [0.91187549 0.80941724] 
 f1_avg: 0.8819935268370457

Early stopping!

Test Epoch: accuracy: 0.92 
 precision: [0.91996134 0.92182359] 
 recall: [0.95451231 0.86593083] 
 f1: [0.9369184  0.89300349] 
 f1_avg: 0.9201212231570534

--- 28023.34756088257 seconds ---

Test Epoch: accuracy: 0.91 
 precision: [0.94023968 0.84269878] 
 recall: [0.9342284  0.85578416] 
 f1: [0.9372244  0.84919106] 
 f1_avg: 0.9115494669494256

--- 28030.877301692963 seconds ---
