{'name': 'bonobo_wav2vec2_lstm_binary_ar_bi_0', 'data_path': '/data/zifjia/data_bonobo/wav2vec2_split_0', 'test_only': False, 'balance_weights': True, 'binary': True, 'model_type': 'lstm', 'model_autoregressive': True, 'n_embedding': 768, 'd_hid': 1024, 'nlayers': 2, 'batch_size': 1, 'n_epoch': 200, 'lr': 0.0001, 'dropout': 0.4, 'patience': 10, 'step_factor': 0.7, 'seed': 0}
cuda
Reading data ...
train, dev, test number of files: 22, 3, 3.
dev files:  ['861', '54', '251']
test files:  ['563', '1328', '1433']
data_all: (33867, 769)
train_data_all: (30975, 769)
Labels in train_data_all:  {0: 28557, 1: 2418}
--- 1.9505867958068848 seconds ---
LSTM(
  (lstm_forward): LSTM(770, 1024, num_layers=2, dropout=0.4)
  (hidden2tag_forward): Linear(in_features=1024, out_features=2, bias=True)
  (lstm_backward): LSTM(770, 1024, num_layers=2, dropout=0.4)
  (hidden2tag_backward): Linear(in_features=1024, out_features=2, bias=True)
)
Number of parameters: 31510532

Train Epoch: 1 accuracy: 0.76 
 precision: [0.93800349 0.13419411] 
 recall: [0.79101446 0.38254756] 
 f1: [0.85826099 0.19868972] 
 f1_avg: 0.8067729040123642


Validation Epoch: 1 accuracy: 0.64 
 precision: [1.         0.38968481] 
 recall: [0.52928177 1.        ] 
 f1: [0.69219653 0.56082474] 
 f1_avg: 0.6618370358271737

New best val score, save model ...
--- 91.4598867893219 seconds ---

Train Epoch: 2 accuracy: 0.62 
 precision: [0.98822715 0.16223346] 
 recall: [0.59964282 0.91563275] 
 f1: [0.74638771 0.27563025] 
 f1_avg: 0.7096389907473676


Validation Epoch: 2 accuracy: 0.85 
 precision: [0.99062918 0.61627907] 
 recall: [0.81767956 0.97426471] 
 f1: [0.89588378 0.75498575] 
 f1_avg: 0.863322806931234

New best val score, save model ...
--- 177.0091688632965 seconds ---

Train Epoch: 3 accuracy: 0.79 
 precision: [0.98585841 0.25338328] 
 recall: [0.78362573 0.86724566] 
 f1: [0.87318558 0.39218253] 
 f1_avg: 0.8356370596213446


Validation Epoch: 3 accuracy: 0.91 
 precision: [0.94209354 0.78853047] 
 recall: [0.93480663 0.80882353] 
 f1: [0.93843594 0.79854809] 
 f1_avg: 0.9061084175531358

New best val score, save model ...
--- 262.7901928424835 seconds ---

Train Epoch: 4 accuracy: 0.87 
 precision: [0.97583362 0.34807916] 
 recall: [0.88234058 0.74193548] 
 f1: [0.92673508 0.47385103] 
 f1_avg: 0.8913816101925393


Validation Epoch: 4 accuracy: 0.90 
 precision: [0.98520345 0.71038251] 
 recall: [0.88287293 0.95588235] 
 f1: [0.93123543 0.81504702] 
 f1_avg: 0.9043847538119943

--- 348.9088034629822 seconds ---

Train Epoch: 5 accuracy: 0.88 
 precision: [0.99091162 0.37885081] 
 recall: [0.87432153 0.90529363] 
 f1: [0.92897273 0.53416301] 
 f1_avg: 0.8981527145029079


Validation Epoch: 5 accuracy: 0.90 
 precision: [0.98875    0.69761273] 
 recall: [0.87403315 0.96691176] 
 f1: [0.92785924 0.81047766] 
 f1_avg: 0.9007328232192626

--- 435.27008032798767 seconds ---

Train Epoch: 6 accuracy: 0.89 
 precision: [0.99306295 0.40007138] 
 recall: [0.88227055 0.92721257] 
 f1: [0.93439401 0.55896285] 
 f1_avg: 0.9050867418687679


Validation Epoch: 6 accuracy: 0.87 
 precision: [0.98209719 0.65316456] 
 recall: [0.84861878 0.94852941] 
 f1: [0.910492   0.77361319] 
 f1_avg: 0.8788598525572441

--- 521.3385512828827 seconds ---

Train Epoch: 7 accuracy: 0.89 
 precision: [0.99613076 0.41083761] 
 recall: [0.88349617 0.95947064] 
 f1: [0.93643871 0.57532548] 
 f1_avg: 0.9082491464865068


Validation Epoch: 7 accuracy: 0.85 
 precision: [0.99193548 0.61431871] 
 recall: [0.81546961 0.97794118] 
 f1: [0.89508793 0.75460993] 
 f1_avg: 0.8626240265434698

--- 607.0596115589142 seconds ---

Train Epoch: 8 accuracy: 0.89 
 precision: [0.99671781 0.41058555] 
 recall: [0.88262072 0.96567411] 
 f1: [0.93620578 0.57618754] 
 f1_avg: 0.908101688743722


Validation Epoch: 8 accuracy: 0.85 
 precision: [0.98795181 0.61162791] 
 recall: [0.81546961 0.96691176] 
 f1: [0.89346247 0.74928775] 
 f1_avg: 0.8601442675575417

--- 692.5988619327545 seconds ---

Train Epoch: 9 accuracy: 0.91 
 precision: [0.99505257 0.44875563] 
 recall: [0.90149526 0.94706369] 
 f1: [0.9459663  0.60896157] 
 f1_avg: 0.9196587199565451


Validation Epoch: 9 accuracy: 0.90 
 precision: [0.94282511 0.7754386 ] 
 recall: [0.92928177 0.8125    ] 
 f1: [0.93600445 0.7935368 ] 
 f1_avg: 0.9030807474164063

--- 778.2377338409424 seconds ---

Train Epoch: 10 accuracy: 0.91 
 precision: [0.99217915 0.46462314] 
 recall: [0.91070491 0.91521919] 
 f1: [0.94969782 0.6163487 ] 
 f1_avg: 0.9236756044443699


Validation Epoch: 10 accuracy: 0.90 
 precision: [0.94594595 0.77508651] 
 recall: [0.9281768  0.82352941] 
 f1: [0.93697713 0.79857398] 
 f1_avg: 0.9049927160961244

--- 863.8940188884735 seconds ---

Train Epoch: 11 accuracy: 0.90 
 precision: [0.98905891 0.4409514 ] 
 recall: [0.9053472  0.88172043] 
 f1: [0.94535349 0.58789466] 
 f1_avg: 0.9174492007866227


Validation Epoch: 11 accuracy: 0.81 
 precision: [0.79964539 0.93877551] 
 recall: [0.99668508 0.16911765] 
 f1: [0.88735858 0.28660436] 
 f1_avg: 0.7485266816028869

--- 949.7263290882111 seconds ---

Train Epoch: 12 accuracy: 0.92 
 precision: [0.97655398 0.51168831] 
 recall: [0.94075008 0.73325062] 
 f1: [0.95831773 0.6027537 ] 
 f1_avg: 0.9305613484958472


Validation Epoch: 12 accuracy: 0.91 
 precision: [0.93879781 0.82442748] 
 recall: [0.94917127 0.79411765] 
 f1: [0.94395604 0.80898876] 
 f1_avg: 0.9127656445203437

New best val score, save model ...
--- 1035.4001297950745 seconds ---

Train Epoch: 13 accuracy: 0.91 
 precision: [0.99483984 0.47434033] 
 recall: [0.91140526 0.94416873] 
 f1: [0.95129662 0.63144793] 
 f1_avg: 0.9263282908391244


Validation Epoch: 13 accuracy: 0.83 
 precision: [0.9862069  0.57964602] 
 recall: [0.79005525 0.96323529] 
 f1: [0.87730061 0.72375691] 
 f1_avg: 0.8418172758434687

--- 1121.2771997451782 seconds ---

Train Epoch: 14 accuracy: 0.87 
 precision: [0.99858213 0.37885533] 
 recall: [0.86318591 0.98552523] 
 f1: [0.92596071 0.54731282] 
 f1_avg: 0.8964023347453923


Validation Epoch: 14 accuracy: 0.89 
 precision: [0.91073326 0.79661017] 
 recall: [0.94696133 0.69117647] 
 f1: [0.92849404 0.74015748] 
 f1_avg: 0.8849702140226062

--- 1207.1983473300934 seconds ---

Train Epoch: 15 accuracy: 0.93 
 precision: [0.99520833 0.53730643] 
 recall: [0.93094513 0.94706369] 
 f1: [0.9620047  0.68562874] 
 f1_avg: 0.9404299801986984


Validation Epoch: 15 accuracy: 0.86 
 precision: [0.89585547 0.73728814] 
 recall: [0.93149171 0.63970588] 
 f1: [0.91332611 0.68503937] 
 f1_avg: 0.8605699563910377

--- 1292.780138015747 seconds ---

Train Epoch: 16 accuracy: 0.93 
 precision: [0.99512762 0.53283652] 
 recall: [0.92975453 0.94623656] 
 f1: [0.96133097 0.681764  ] 
 f1_avg: 0.93950714483731


Validation Epoch: 16 accuracy: 0.83 
 precision: [0.82191781 0.93902439] 
 recall: [0.99447514 0.28308824] 
 f1: [0.9        0.43502825] 
 f1_avg: 0.7925468849752074

--- 1378.9371490478516 seconds ---

Train Epoch: 17 accuracy: 0.95 
 precision: [0.97929658 0.63083791] 
 recall: [0.96235599 0.75971878] 
 f1: [0.97075238 0.68930582] 
 f1_avg: 0.9487818338124554


Validation Epoch: 17 accuracy: 0.90 
 precision: [0.97593261 0.7283237 ] 
 recall: [0.8961326  0.92647059] 
 f1: [0.9343318  0.81553398] 
 f1_avg: 0.9068780961904354

--- 1464.3743789196014 seconds ---

Train Epoch: 18 accuracy: 0.90 
 precision: [0.99764271 0.4270192 ] 
 recall: [0.88920405 0.9751861 ] 
 f1: [0.94030735 0.59395466] 
 f1_avg: 0.9132700363428465


Validation Epoch: 18 accuracy: 0.89 
 precision: [0.95332555 0.725     ] 
 recall: [0.90276243 0.85294118] 
 f1: [0.92735528 0.78378378] 
 f1_avg: 0.8941764790683288

--- 1550.149873495102 seconds ---

Train Epoch: 19 accuracy: 0.93 
 precision: [0.99838309 0.54211367] 
 recall: [0.92975453 0.98221671] 
 f1: [0.96284746 0.69863215] 
 f1_avg: 0.94222202809585


Validation Epoch: 19 accuracy: 0.90 
 precision: [0.92997812 0.79087452] 
 recall: [0.93922652 0.76470588] 
 f1: [0.93457944 0.77757009] 
 f1_avg: 0.8982952064094522

--- 1636.1112189292908 seconds ---

Train Epoch: 20 accuracy: 0.95 
 precision: [0.99756206 0.60261337] 
 recall: [0.94568757 0.97270471] 
 f1: [0.97093243 0.74418605] 
 f1_avg: 0.953231935036592


Validation Epoch: 20 accuracy: 0.87 
 precision: [0.88774459 0.79126214] 
 recall: [0.95248619 0.59926471] 
 f1: [0.91897655 0.68200837] 
 f1_avg: 0.8642141462513464

--- 1721.8650951385498 seconds ---

Train Epoch: 21 accuracy: 0.95 
 precision: [0.99823445 0.62565998] 
 recall: [0.95034492 0.98014888] 
 f1: [0.97370121 0.76377699] 
 f1_avg: 0.9573139011337645


Validation Epoch: 21 accuracy: 0.85 
 precision: [0.83988764 0.9266055 ] 
 recall: [0.99116022 0.37132353] 
 f1: [0.90927522 0.53018373] 
 f1_avg: 0.8216686862340936

--- 1807.982322692871 seconds ---

Train Epoch: 22 accuracy: 0.96 
 precision: [0.9968291  0.65884681] 
 recall: [0.95773366 0.96401985] 
 f1: [0.97689038 0.78274009] 
 f1_avg: 0.9617344361830533


Validation Epoch: 22 accuracy: 0.83 
 precision: [0.82208029 0.95061728] 
 recall: [0.99558011 0.28308824] 
 f1: [0.90054973 0.43626062] 
 f1_avg: 0.7932543676871614

--- 1893.8848795890808 seconds ---

Train Epoch: 23 accuracy: 0.95 
 precision: [0.99808971 0.63026105] 
 recall: [0.95139545 0.97849462] 
 f1: [0.97418337 0.76668827] 
 f1_avg: 0.9579856893275883


Validation Epoch: 23 accuracy: 0.82 
 precision: [0.81555154 0.95774648] 
 recall: [0.99668508 0.25      ] 
 f1: [0.89706614 0.39650146] 
 f1_avg: 0.7813876378999748

--- 1979.3665239810944 seconds ---

Train Epoch: 24 accuracy: 0.96 
 precision: [0.99404289 0.68751907] 
 recall: [0.96414189 0.93176179] 
 f1: [0.9788641  0.79122037] 
 f1_avg: 0.9642160769326985


Validation Epoch: 24 accuracy: 0.91 
 precision: [0.94848824 0.79577465] 
 recall: [0.9359116  0.83088235] 
 f1: [0.94215795 0.81294964] 
 f1_avg: 0.9122984281036209

--- 2065.415905237198 seconds ---

Train Epoch: 25 accuracy: 0.93 
 precision: [0.99818841 0.52913597] 
 recall: [0.9261477  0.98014888] 
 f1: [0.96081957 0.68725533] 
 f1_avg: 0.9394643407570009


Validation Epoch: 25 accuracy: 0.88 
 precision: [0.97858942 0.66579634] 
 recall: [0.85856354 0.9375    ] 
 f1: [0.91465568 0.77862595] 
 f1_avg: 0.8832197534167642

--- 2151.379238128662 seconds ---

Train Epoch: 26 accuracy: 0.91 
 precision: [0.99880512 0.47445836] 
 recall: [0.90741324 0.98717949] 
 f1: [0.95091833 0.64089139] 
 f1_avg: 0.9267167132569017


Validation Epoch: 26 accuracy: 0.90 
 precision: [0.96666667 0.72403561] 
 recall: [0.89723757 0.89705882] 
 f1: [0.93065903 0.80131363] 
 f1_avg: 0.9007678210695533

--- 2237.222413301468 seconds ---

Train Epoch: 27 accuracy: 0.93 
 precision: [0.99834555 0.54200913] 
 recall: [0.92975453 0.98180314] 
 f1: [0.96283    0.69844072] 
 f1_avg: 0.9421909889567446


Validation Epoch: 27 accuracy: 0.87 
 precision: [0.87240356 0.86144578] 
 recall: [0.97458564 0.52573529] 
 f1: [0.92066806 0.65296804] 
 f1_avg: 0.8588036523686934

--- 2323.1588742733 seconds ---

Train Epoch: 28 accuracy: 0.97 
 precision: [0.99274248 0.7373502 ] 
 recall: [0.97237105 0.91604632] 
 f1: [0.98245117 0.81704168] 
 f1_avg: 0.9695388210276892


Validation Epoch: 28 accuracy: 0.88 
 precision: [0.92333333 0.73285199] 
 recall: [0.91823204 0.74632353] 
 f1: [0.92077562 0.73952641] 
 f1_avg: 0.8788896542302701

--- 2408.403669118881 seconds ---

Train Epoch: 29 accuracy: 0.93 
 precision: [0.99966065 0.54086215] 
 recall: [0.92838884 0.99627792] 
 f1: [0.96270743 0.70110594] 
 f1_avg: 0.9422860475507969


Validation Epoch: 29 accuracy: 0.87 
 precision: [0.86236766 0.93478261] 
 recall: [0.99005525 0.47426471] 
 f1: [0.9218107  0.62926829] 
 f1_avg: 0.8542053175338385

--- 2493.711881160736 seconds ---

Train Epoch: 30 accuracy: 0.96 
 precision: [0.99731777 0.69226226] 
 recall: [0.96351157 0.9693962 ] 
 f1: [0.98012325 0.80771881] 
 f1_avg: 0.966664850581949


Validation Epoch: 30 accuracy: 0.85 
 precision: [0.85382381 0.84027778] 
 recall: [0.97458564 0.44485294] 
 f1: [0.91021672 0.58173077] 
 f1_avg: 0.8343049271552498

--- 2579.4293715953827 seconds ---

Train Epoch: 31 accuracy: 0.97 
 precision: [0.99779529 0.71273057] 
 recall: [0.9667332  0.97477254] 
 f1: [0.98201867 0.82340611] 
 f1_avg: 0.9696369098807239


Validation Epoch: 31 accuracy: 0.87 
 precision: [0.88717949 0.8019802 ] 
 recall: [0.9558011  0.59558824] 
 f1: [0.92021277 0.6835443 ] 
 f1_avg: 0.8655196294175027

--- 2665.176393032074 seconds ---

Train Epoch: 32 accuracy: 0.96 
 precision: [0.9993779  0.65816886] 
 recall: [0.95633295 0.9929694 ] 
 f1: [0.97738172 0.79162545] 
 f1_avg: 0.9628810364341054


Validation Epoch: 32 accuracy: 0.86 
 precision: [0.85185185 0.93548387] 
 recall: [0.99116022 0.42647059] 
 f1: [0.91624106 0.58585859] 
 f1_avg: 0.8398909912852234

--- 2751.0548429489136 seconds ---

Train Epoch: 33 accuracy: 0.97 
 precision: [0.9983731 0.7158371] 
 recall: [0.96701334 0.98138958] 
 f1: [0.98244303 0.82783883] 
 f1_avg: 0.9703741722719997


Validation Epoch: 33 accuracy: 0.85 
 precision: [0.8411215  0.95327103] 
 recall: [0.99447514 0.375     ] 
 f1: [0.91139241 0.53825858] 
 f1_avg: 0.8251626669805475

--- 2836.8520786762238 seconds ---

Train Epoch: 34 accuracy: 0.97 
 precision: [0.99770032 0.74848967] 
 recall: [0.97230101 0.97353184] 
 f1: [0.98483693 0.84630595] 
 f1_avg: 0.9740227929427372


Validation Epoch: 34 accuracy: 0.86 
 precision: [0.8678501  0.84662577] 
 recall: [0.97237569 0.50735294] 
 f1: [0.91714435 0.63448276] 
 f1_avg: 0.8518223818921743

--- 2922.027549266815 seconds ---

Train Epoch: 35 accuracy: 0.97 
 precision: [0.99941875 0.69663573] 
 recall: [0.9633715  0.99338296] 
 f1: [0.98106412 0.8189567 ] 
 f1_avg: 0.968409534157193


Validation Epoch: 35 accuracy: 0.87 
 precision: [0.86575875 0.89932886] 
 recall: [0.98342541 0.49264706] 
 f1: [0.92084842 0.63657957] 
 f1_avg: 0.8551550261204296

--- 3007.93328499794 seconds ---

Train Epoch: 36 accuracy: 0.97 
 precision: [0.99927607 0.71624851] 
 recall: [0.9667332 0.9917287] 
 f1: [0.9827353  0.83177246] 
 f1_avg: 0.9709506931449137


Validation Epoch: 36 accuracy: 0.85 
 precision: [0.84097287 0.94444444] 
 recall: [0.99337017 0.375     ] 
 f1: [0.91084093 0.53684211] 
 f1_avg: 0.8244112966847422

--- 3093.7992763519287 seconds ---

Train Epoch: 37 accuracy: 0.97 
 precision: [0.99834794 0.75758544] 
 recall: [0.97342158 0.98097601] 
 f1: [0.9857272  0.85492882] 
 f1_avg: 0.9755166949189226


Validation Epoch: 37 accuracy: 0.85 
 precision: [0.85260116 0.85611511] 
 recall: [0.97790055 0.4375    ] 
 f1: [0.91096243 0.57907543] 
 f1_avg: 0.8342646680298054

--- 3179.405437707901 seconds ---

Train Epoch: 38 accuracy: 0.97 
 precision: [0.99888248 0.73786708] 
 recall: [0.970305   0.98717949] 
 f1: [0.98438638 0.84450734] 
 f1_avg: 0.9734670084611027


Validation Epoch: 38 accuracy: 0.86 
 precision: [0.86005831 0.86486486] 
 recall: [0.97790055 0.47058824] 
 f1: [0.91520165 0.60952381] 
 f1_avg: 0.8445607252380296

--- 3265.2503418922424 seconds ---

Train Epoch: 39 accuracy: 0.97 
 precision: [0.99924338 0.74440994] 
 recall: [0.97118045 0.99131514] 
 f1: [0.98501208 0.85030153] 
 f1_avg: 0.9744961720947971


Validation Epoch: 39 accuracy: 0.85 
 precision: [0.84535104 0.88617886] 
 recall: [0.98453039 0.40073529] 
 f1: [0.90964778 0.55189873] 
 f1_avg: 0.8269734036745902

--- 3350.8056814670563 seconds ---

Train Epoch: 40 accuracy: 0.97 
 precision: [0.99920766 0.74665005] 
 recall: [0.97153062 0.99090157] 
 f1: [0.9851748  0.85160832] 
 f1_avg: 0.9747482015231972


Validation Epoch: 40 accuracy: 0.85 
 precision: [0.83813953 0.96078431] 
 recall: [0.99558011 0.36029412] 
 f1: [0.91010101 0.52406417] 
 f1_avg: 0.820889438136677

--- 3437.096394300461 seconds ---

Train Epoch: 41 accuracy: 0.98 
 precision: [0.99838941 0.78187809] 
 recall: [0.97681829 0.98138958] 
 f1: [0.98748606 0.8703466 ] 
 f1_avg: 0.9783418086952939


Validation Epoch: 41 accuracy: 0.86 
 precision: [0.86305419 0.82098765] 
 recall: [0.9679558  0.48897059] 
 f1: [0.9125     0.61290323] 
 f1_avg: 0.843264381834626

--- 3523.0686960220337 seconds ---

Train Epoch: 42 accuracy: 0.97 
 precision: [0.9994942  0.72936893] 
 recall: [0.96876423 0.99421009] 
 f1: [0.98388932 0.84144207] 
 f1_avg: 0.9727694703274105


Validation Epoch: 42 accuracy: 0.86 
 precision: [0.86345776 0.83647799] 
 recall: [0.97127072 0.48897059] 
 f1: [0.91419657 0.61716937] 
 f1_avg: 0.8455547693469202

--- 3609.0658004283905 seconds ---

Train Epoch: 43 accuracy: 0.97 
 precision: [0.99913691 0.75568182] 
 recall: [0.97289631 0.99007444] 
 f1: [0.98584203 0.85714286] 
 f1_avg: 0.9757953894634719


Validation Epoch: 43 accuracy: 0.85 
 precision: [0.84828244 0.87596899] 
 recall: [0.98232044 0.41544118] 
 f1: [0.91039427 0.56359102] 
 f1_avg: 0.8302494206801874

--- 3695.0831224918365 seconds ---

Train Epoch: 44 accuracy: 0.98 
 precision: [0.99885123 0.76498878] 
 recall: [0.97433204 0.98676592] 
 f1: [0.9864393  0.86183854] 
 f1_avg: 0.9767125928875195


Validation Epoch: 44 accuracy: 0.84 
 precision: [0.8344186  0.92156863] 
 recall: [0.99116022 0.34558824] 
 f1: [0.90606061 0.5026738 ] 
 f1_avg: 0.8128395252439432

--- 3781.4221246242523 seconds ---

Train Epoch: 45 accuracy: 0.98 
 precision: [0.99821384 0.79409792] 
 recall: [0.97849914 0.97932175] 
 f1: [0.98825818 0.87703704] 
 f1_avg: 0.979575927745653


Validation Epoch: 45 accuracy: 0.86 
 precision: [0.86363636 0.81212121] 
 recall: [0.96574586 0.49264706] 
 f1: [0.91184142 0.61327231] 
 f1_avg: 0.842843290348011

--- 3867.024642467499 seconds ---

Train Epoch: 46 accuracy: 0.97 
 precision: [0.99945776 0.72554348] 
 recall: [0.96816893 0.99379653] 
 f1: [0.98356457 0.83874346] 
 f1_avg: 0.972259403944653


Validation Epoch: 46 accuracy: 0.86 
 precision: [0.87051793 0.82080925] 
 recall: [0.96574586 0.52205882] 
 f1: [0.91566265 0.63820225] 
 f1_avg: 0.851542659329767

--- 3952.6583211421967 seconds ---

Train Epoch: 47 accuracy: 0.97 
 precision: [0.99938845 0.75574441] 
 recall: [0.97282628 0.9929694 ] 
 f1: [0.98592849 0.85826631] 
 f1_avg: 0.9759628021710584


Validation Epoch: 47 accuracy: 0.85 
 precision: [0.84799235 0.86259542] 
 recall: [0.9801105  0.41544118] 
 f1: [0.90927729 0.56079404] 
 f1_avg: 0.8287442064089615

--- 4038.366950750351 seconds ---

Train Epoch: 48 accuracy: 0.98 
 precision: [0.9987492  0.79619111] 
 recall: [0.97863921 0.98552523] 
 f1: [0.98859195 0.88079837] 
 f1_avg: 0.9801772607542739


Validation Epoch: 48 accuracy: 0.86 
 precision: [0.85825243 0.85714286] 
 recall: [0.97679558 0.46323529] 
 f1: [0.91369509 0.60143198] 
 f1_avg: 0.8415323327563532

--- 4124.224890708923 seconds ---

Train Epoch: 49 accuracy: 0.98 
 precision: [0.99910381 0.77720039] 
 recall: [0.97597787 0.98966088] 
 f1: [0.98740545 0.87065672] 
 f1_avg: 0.978291701547117


Validation Epoch: 49 accuracy: 0.85 
 precision: [0.8590998  0.82580645] 
 recall: [0.97016575 0.47058824] 
 f1: [0.91126103 0.59953162] 
 f1_avg: 0.8392216052868635

--- 4210.691926240921 seconds ---

Train Epoch: 50 accuracy: 0.98 
 precision: [0.9993907  0.78106701] 
 recall: [0.9764331 0.9929694] 
 f1: [0.98777853 0.87436271] 
 f1_avg: 0.9789249519846589


Validation Epoch: 50 accuracy: 0.85 
 precision: [0.84813754 0.86923077] 
 recall: [0.98121547 0.41544118] 
 f1: [0.90983607 0.56218905] 
 f1_avg: 0.8294962295920428

--- 4296.644752264023 seconds ---

Train Epoch: 51 accuracy: 0.98 
 precision: [0.99910765 0.80871916] 
 recall: [0.98017999 0.98966088] 
 f1: [0.98955332 0.89008741] 
 f1_avg: 0.9817887176421874


Validation Epoch: 51 accuracy: 0.85 
 precision: [0.85120773 0.83098592] 
 recall: [0.97348066 0.43382353] 
 f1: [0.90824742 0.57004831] 
 f1_avg: 0.8300909580479113

--- 4382.339240789413 seconds ---

Train Epoch: 52 accuracy: 0.98 
 precision: [0.99917654 0.78679369] 
 recall: [0.97727352 0.99048801] 
 f1: [0.98810367 0.87696814] 
 f1_avg: 0.9794281006995331


Validation Epoch: 52 accuracy: 0.85 
 precision: [0.85769981 0.83443709] 
 recall: [0.97237569 0.46323529] 
 f1: [0.91144485 0.59574468] 
 f1_avg: 0.8384877994342479

--- 4468.476460456848 seconds ---

Train Epoch: 53 accuracy: 0.98 
 precision: [0.99906817 0.77839245] 
 recall: [0.97615296 0.98924731] 
 f1: [0.98747764 0.87124385] 
 f1_avg: 0.9784040860244634


Validation Epoch: 53 accuracy: 0.86 
 precision: [0.85994123 0.82692308] 
 recall: [0.97016575 0.47426471] 
 f1: [0.91173416 0.60280374] 
 f1_avg: 0.8403415763010487

--- 4554.165434360504 seconds ---

Train Epoch: 54 accuracy: 0.98 
 precision: [0.99939022 0.7755168 ] 
 recall: [0.97566271 0.9929694 ] 
 f1: [0.98738394 0.87087414] 
 f1_avg: 0.97828884011177


Validation Epoch: 54 accuracy: 0.86 
 precision: [0.85853659 0.83552632] 
 recall: [0.97237569 0.46691176] 
 f1: [0.9119171 0.5990566] 
 f1_avg: 0.8396162874423783

--- 4640.348056316376 seconds ---

Train Epoch: 55 accuracy: 0.98 
 precision: [0.9990698  0.79100529] 
 recall: [0.97786882 0.98924731] 
 f1: [0.98835563 0.87908857] 
 f1_avg: 0.9798259215298406


Validation Epoch: 55 accuracy: 0.86 
 precision: [0.85783836 0.84      ] 
 recall: [0.97348066 0.46323529] 
 f1: [0.91200828 0.5971564 ] 
 f1_avg: 0.8392472685712632

Early stopping!

Test Epoch: accuracy: 0.89 
 precision: [0.91154791 0.82591093] 
 recall: [0.92827356 0.79069767] 
 f1: [0.91983471 0.80792079] 
 f1_avg: 0.8861626512505479

--- 4727.986515283585 seconds ---

Test Epoch: accuracy: 0.91 
 precision: [0.93879781 0.82442748] 
 recall: [0.94917127 0.79411765] 
 f1: [0.94395604 0.80898876] 
 f1_avg: 0.9127656445203437

--- 4728.77395772934 seconds ---
