Requirement already satisfied: scikit-learn in /net/cephfs/data/zifjia/condaenvs/audio_clf/lib/python3.8/site-packages (1.1.2)
Requirement already satisfied: numpy>=1.17.3 in /net/cephfs/data/zifjia/condaenvs/audio_clf/lib/python3.8/site-packages (from scikit-learn) (1.22.3)
Requirement already satisfied: joblib>=1.0.0 in /net/cephfs/data/zifjia/condaenvs/audio_clf/lib/python3.8/site-packages (from scikit-learn) (1.1.0)
Requirement already satisfied: threadpoolctl>=2.0.0 in /net/cephfs/data/zifjia/condaenvs/audio_clf/lib/python3.8/site-packages (from scikit-learn) (3.1.0)
Requirement already satisfied: scipy>=1.3.2 in /net/cephfs/data/zifjia/condaenvs/audio_clf/lib/python3.8/site-packages (from scikit-learn) (1.9.1)
Requirement already satisfied: tensorboard in /net/cephfs/data/zifjia/condaenvs/audio_clf/lib/python3.8/site-packages (2.10.1)
Requirement already satisfied: setuptools>=41.0.0 in /net/cephfs/data/zifjia/condaenvs/audio_clf/lib/python3.8/site-packages (from tensorboard) (60.8.1)
Requirement already satisfied: wheel>=0.26 in /net/cephfs/data/zifjia/condaenvs/audio_clf/lib/python3.8/site-packages (from tensorboard) (0.37.1)
Requirement already satisfied: tensorboard-plugin-wit>=1.6.0 in /net/cephfs/home/zifjia/.local/lib/python3.8/site-packages (from tensorboard) (1.8.1)
Requirement already satisfied: markdown>=2.6.8 in /net/cephfs/home/zifjia/.local/lib/python3.8/site-packages (from tensorboard) (3.4.1)
Requirement already satisfied: tensorboard-data-server<0.7.0,>=0.6.0 in /net/cephfs/home/zifjia/.local/lib/python3.8/site-packages (from tensorboard) (0.6.1)
Requirement already satisfied: grpcio>=1.24.3 in /net/cephfs/home/zifjia/.local/lib/python3.8/site-packages (from tensorboard) (1.47.0)
Requirement already satisfied: protobuf<3.20,>=3.9.2 in /net/cephfs/home/zifjia/.local/lib/python3.8/site-packages (from tensorboard) (3.19.4)
Requirement already satisfied: numpy>=1.12.0 in /net/cephfs/data/zifjia/condaenvs/audio_clf/lib/python3.8/site-packages (from tensorboard) (1.22.3)
Requirement already satisfied: google-auth-oauthlib<0.5,>=0.4.1 in /net/cephfs/home/zifjia/.local/lib/python3.8/site-packages (from tensorboard) (0.4.6)
Requirement already satisfied: absl-py>=0.4 in /net/cephfs/home/zifjia/.local/lib/python3.8/site-packages (from tensorboard) (1.2.0)
Requirement already satisfied: werkzeug>=1.0.1 in /net/cephfs/data/zifjia/condaenvs/audio_clf/lib/python3.8/site-packages (from tensorboard) (2.1.2)
Requirement already satisfied: google-auth<3,>=1.6.3 in /net/cephfs/home/zifjia/.local/lib/python3.8/site-packages (from tensorboard) (2.9.1)
Requirement already satisfied: requests<3,>=2.21.0 in /net/cephfs/data/zifjia/condaenvs/audio_clf/lib/python3.8/site-packages (from tensorboard) (2.28.1)
Requirement already satisfied: cachetools<6.0,>=2.0.0 in /net/cephfs/home/zifjia/.local/lib/python3.8/site-packages (from google-auth<3,>=1.6.3->tensorboard) (5.2.0)
Requirement already satisfied: pyasn1-modules>=0.2.1 in /net/cephfs/home/zifjia/.local/lib/python3.8/site-packages (from google-auth<3,>=1.6.3->tensorboard) (0.2.8)
Requirement already satisfied: rsa<5,>=3.1.4 in /net/cephfs/home/zifjia/.local/lib/python3.8/site-packages (from google-auth<3,>=1.6.3->tensorboard) (4.9)
Requirement already satisfied: six>=1.9.0 in /net/cephfs/data/zifjia/condaenvs/audio_clf/lib/python3.8/site-packages (from google-auth<3,>=1.6.3->tensorboard) (1.16.0)
Requirement already satisfied: requests-oauthlib>=0.7.0 in /net/cephfs/home/zifjia/.local/lib/python3.8/site-packages (from google-auth-oauthlib<0.5,>=0.4.1->tensorboard) (1.3.1)
Requirement already satisfied: importlib-metadata>=4.4 in /net/cephfs/home/zifjia/.local/lib/python3.8/site-packages (from markdown>=2.6.8->tensorboard) (4.12.0)
Requirement already satisfied: idna<4,>=2.5 in /net/cephfs/data/zifjia/condaenvs/audio_clf/lib/python3.8/site-packages (from requests<3,>=2.21.0->tensorboard) (3.4)
Requirement already satisfied: urllib3<1.27,>=1.21.1 in /net/cephfs/data/zifjia/condaenvs/audio_clf/lib/python3.8/site-packages (from requests<3,>=2.21.0->tensorboard) (1.26.12)
Requirement already satisfied: charset-normalizer<3,>=2 in /net/cephfs/data/zifjia/condaenvs/audio_clf/lib/python3.8/site-packages (from requests<3,>=2.21.0->tensorboard) (2.1.1)
Requirement already satisfied: certifi>=2017.4.17 in /net/cephfs/data/zifjia/condaenvs/audio_clf/lib/python3.8/site-packages (from requests<3,>=2.21.0->tensorboard) (2022.9.14)
Requirement already satisfied: zipp>=0.5 in /net/cephfs/data/zifjia/condaenvs/audio_clf/lib/python3.8/site-packages (from importlib-metadata>=4.4->markdown>=2.6.8->tensorboard) (3.8.0)
Requirement already satisfied: pyasn1<0.5.0,>=0.4.6 in /net/cephfs/home/zifjia/.local/lib/python3.8/site-packages (from pyasn1-modules>=0.2.1->google-auth<3,>=1.6.3->tensorboard) (0.4.8)
Requirement already satisfied: oauthlib>=3.0.0 in /net/cephfs/home/zifjia/.local/lib/python3.8/site-packages (from requests-oauthlib>=0.7.0->google-auth-oauthlib<0.5,>=0.4.1->tensorboard) (3.2.0)
Requirement already satisfied: torch in /net/cephfs/data/zifjia/condaenvs/audio_clf/lib/python3.8/site-packages (1.12.1)
Requirement already satisfied: torchvision in /net/cephfs/data/zifjia/condaenvs/audio_clf/lib/python3.8/site-packages (0.13.1)
Requirement already satisfied: torchaudio in /net/cephfs/data/zifjia/condaenvs/audio_clf/lib/python3.8/site-packages (0.12.1)
Requirement already satisfied: typing-extensions in /net/cephfs/data/zifjia/condaenvs/audio_clf/lib/python3.8/site-packages (from torch) (4.0.1)
Requirement already satisfied: numpy in /net/cephfs/data/zifjia/condaenvs/audio_clf/lib/python3.8/site-packages (from torchvision) (1.22.3)
Requirement already satisfied: pillow!=8.3.*,>=5.3.0 in /net/cephfs/data/zifjia/condaenvs/audio_clf/lib/python3.8/site-packages (from torchvision) (9.0.1)
Requirement already satisfied: requests in /net/cephfs/data/zifjia/condaenvs/audio_clf/lib/python3.8/site-packages (from torchvision) (2.28.1)
Requirement already satisfied: urllib3<1.27,>=1.21.1 in /net/cephfs/data/zifjia/condaenvs/audio_clf/lib/python3.8/site-packages (from requests->torchvision) (1.26.12)
Requirement already satisfied: idna<4,>=2.5 in /net/cephfs/data/zifjia/condaenvs/audio_clf/lib/python3.8/site-packages (from requests->torchvision) (3.4)
Requirement already satisfied: charset-normalizer<3,>=2 in /net/cephfs/data/zifjia/condaenvs/audio_clf/lib/python3.8/site-packages (from requests->torchvision) (2.1.1)
Requirement already satisfied: certifi>=2017.4.17 in /net/cephfs/data/zifjia/condaenvs/audio_clf/lib/python3.8/site-packages (from requests->torchvision) (2022.9.14)
{'name': 'chimp_wav2vec2_lstm_3407', 'data_path': '/home/cluster/zifjia/data/data_chimp/wav2vec2_split_3407', 'test_only': False, 'balance_weights': True, 'model_type': 'lstm', 'n_embedding': 768, 'd_hid': 1024, 'nlayers': 2, 'batch_size': 1, 'n_epoch': 200, 'lr': 0.0001, 'dropout': 0.4, 'patience': 10, 'step_factor': 0.7, 'seed': 3407}
cuda
Reading data ...
train, dev, test number of files: 188, 23, 24.
dev files:  ['ASO4445 KT MS group ph drum traveling, 2_20 KT whimper, MS single ph drum, KT bark_01', 'ASO0481 Sonso KT single ph, KZ single ph feeding_02', 'ASO2186 ZL single ph start_01', 'ASO0662 Sonso KT single ph feeding_01', 'ASO2904 PS single ph_01', 'ASO1433 Sonso FK single ph, inf voc_01', 'ASO4255 PS display drum, SM single ph B-U_01', 'ASO2877 FK single ph, KO pg-whimper, unk MB group ph_01', 'ASO1581 HW single ph drum, MS NB unk group ph other party, HW single ph B-U, KT HW group ph_01', 'ASO3737 HW single ph drum resting-traveling, 1_15 JN single ph feeding, HW single ph_01', 'ASO3150 KT single ph_01', 'ASO3574 KT single ph feeding_01', 'ASO3484 Thermal Camera HW ZL groom, 3_40 HW single ph, 4_10 FK single ph 50m, 15_30 HW ZL KT group ph, 16_50 HW ZL group ph _01', 'ASO0107 Sonso Thermal Camera KZ single ph 2_50 with reply ZD, KZ SQ group ph 3_34_01', 'ASO1051 Sonso ZD single ph_01', 'ASO3015 PS single ph feeding_01', 'ASO4271 SM PS IN group ph drum, 1_50 SM PS group ph drum, 4_00 PS group ph, 6_40 FK MB PS KT unk group ph, 9_00 SM display drum, 11_00 PS single ph feeding, FK single ph feeding, 17_05 unk single ph_01', 'ASO1487 ZL single ph start, DL unk group ph, PS single ph start_01', 'ASO1231 Sonso KZ single ph drum traveling_01', 'ASO3870 FK scream, MS FK group ph drum, FK MS group fg, FK MS group ph drum, MS FK fg, MS single ph intro, FK MS group ph. FK fg, 3_19 MS FK group ph feeding, 4_24 FK single ph_01', 'ASO1731 ZL single ph, unk fg, JN stranger F MB group ph_01', 'ASO0412 Sonso PS single ph, SQ single ph, PS single ph 1_25_01', 'ASO1265 Sonso HW single ph start_01']
test files:  ['ASO2103 DL single ph, KL KO group ph, DL single ph, KT single ph, KT DL MS group ph_01', 'ASO3799 KT single ph_01', 'ASO3006 ZL single ph drum traveling_01', 'ASO2392 group ph, 1_30 pg to ph, 1_45 NB group ph, 2_30 SM PS MB group ph, MB fg, 3_40 PS unk group ph, SM single ph, unk display to DL, 5_46 DL single ph intro_01', 'ASO0376 Sonso MS single ph _01', 'ASO3995 PS MB group ph feeding, 1_40 PS single ph feeding, MB fg, 2_50 ML MB group ph-bark_01', 'ASO1920 SM single ph feeding_01', 'ASO3819 KT single ph feeding_01', 'ASO3149 KT single ph rest_01', 'ASO1577 HW single ph_01', 'ASO4443 MS single ph display drum to KT, 1_30 MS display (ph), KT single ph_01', 'ASO3080 HW single ph drum traveling, 2_00 HW single ph drum traveling-resting, 5_20 HW single ph drum traveling-resting_03', 'ASO2585 MS single ph drum_01', 'ASO2544 HW single ph drum traveling_01', 'ASO3174 PS single ph feeding_01', 'ASO1624_02 HW single ph_01', 'ASO3856 MS single ph feeding_01', 'ASO3152 KT single ph resting_01', 'ASO3512 PS single ph_01', 'ASO0020 Sonso SQ single ph, PS single ph other party 2_01', 'ASO0480 Sonso KZ KT group ph, KZ KT group ph, KT single ph feeding_01', 'ASO3901 Thermal Camera MS KT HW groom, 4_30 unk pg 30m, 7_00 rest hoo, 10_25 HW single ph groom, 12_50 JS single ph drum 50m, HW single ph B-U, 20_15 KT HW group ph_01', 'ASO2125 KL OK KC JS group ph, FK single ph, OK KL KC KO group ph, PS single ph, PS single ph feeding_02', 'ASO3885 unk KJ group ph-pg, group ph,KC pg-ph start, KC scream, KL pg pant to HW, 1_30 infant single ph, group ph, group ph (video), 4_00 group bark, 4_20 KT single ph feeding, 5_30 unk group ph, KC single ph, 6_40 unk group pg-ph start, ,,,_01']
train_data_all: (80197, 769)
Labels in train_data_all:  {0: 650, 1: 39659, 2: 17778, 3: 15670, 4: 6440}
--- 6.313180446624756 seconds ---
LSTM(
  (lstm): LSTM(768, 1024, num_layers=2, dropout=0.4, bidirectional=True)
  (hidden2tag): Linear(in_features=2048, out_features=5, bias=True)
)
Number of parameters: 39888901

Train Epoch: 1 accuracy: 0.46 
 precision: [0.04878049 0.73518411 0.35863834 0.60504402 0.15878631] 
 recall: [0.07384615 0.4460526  0.260153   0.64913848 0.62732919] 
 f1: [0.05875153 0.55523297 0.30155832 0.62631611 0.25342659] 
 f1_avg: 0.48462807103235483


Validation Epoch: 1 accuracy: 0.66 
 precision: [0.52380952 0.63412112 0.68773704 0.76388003 1.        ] 
 recall: [0.03594771 0.91750374 0.3124641  0.67474634 0.        ] 
 f1: [0.06727829 0.74993449 0.42969984 0.71655193 0.        ] 
 f1_avg: 0.6064926433764366

New best val score, save model ...
--- 24.826690673828125 seconds ---

Train Epoch: 2 accuracy: 0.66 
 precision: [0.21043165 0.80776874 0.55620758 0.72824957 0.27603948] 
 recall: [0.18       0.67641645 0.61311734 0.80446713 0.40822981] 
 f1: [0.19402985 0.73628017 0.58327759 0.76446331 0.32936607] 
 f1_avg: 0.6707984270420452


Validation Epoch: 2 accuracy: 0.68 
 precision: [0.5        0.66249033 0.69230769 0.75113895 0.88571429] 
 recall: [0.03594771 0.91536653 0.34635267 0.74351747 0.04776579] 
 f1: [0.06707317 0.76866475 0.46171516 0.74730878 0.09064327] 
 f1_avg: 0.6345508936248546

New best val score, save model ...
--- 40.20396184921265 seconds ---

Train Epoch: 3 accuracy: 0.71 
 precision: [0.28985507 0.83564078 0.60785346 0.75855391 0.32441585] 
 recall: [0.18461538 0.73509166 0.64956688 0.82482451 0.44627329] 
 f1: [0.22556391 0.78214794 0.62801827 0.79030236 0.37571083] 
 f1_avg: 0.7124249803806761


Validation Epoch: 3 accuracy: 0.71 
 precision: [0.5        0.68538791 0.7182377  0.76595745 0.90322581] 
 recall: [0.03594771 0.9232742  0.40264216 0.77113867 0.08628659] 
 f1: [0.06707317 0.78674194 0.51601031 0.76853933 0.15752461] 
 f1_avg: 0.662988972973397

New best val score, save model ...
--- 55.70520257949829 seconds ---

Train Epoch: 4 accuracy: 0.73 
 precision: [0.30065359 0.8571469  0.64407601 0.77248895 0.37082204] 
 recall: [0.21230769 0.76358456 0.67302284 0.83682195 0.50993789] 
 f1: [0.24887286 0.80766512 0.65823133 0.80336958 0.42939331] 
 f1_avg: 0.7387943356721718


Validation Epoch: 4 accuracy: 0.72 
 precision: [0.52173913 0.70481633 0.7150838  0.77113063 0.86666667] 
 recall: [0.03921569 0.92263304 0.44112579 0.79199549 0.14021572] 
 f1: [0.07294833 0.79914846 0.54564831 0.7814238  0.24137931] 
 f1_avg: 0.6836170688254797

New best val score, save model ...
--- 71.2281858921051 seconds ---

Train Epoch: 5 accuracy: 0.75 
 precision: [0.30518234 0.87392172 0.66664852 0.78488372 0.4186781 ] 
 recall: [0.24461538 0.78423561 0.68866014 0.84428845 0.57639752] 
 f1: [0.27156277 0.8266532  0.67747558 0.81350304 0.48503855] 
 f1_avg: 0.7590827202337983


Validation Epoch: 5 accuracy: 0.73 
 precision: [0.5        0.72560976 0.70973154 0.76349206 0.84172662] 
 recall: [0.03921569 0.91558025 0.48592763 0.81341601 0.18027735] 
 f1: [0.07272727 0.8096003  0.57688374 0.78766376 0.29695431] 
 f1_avg: 0.7000511311003887

New best val score, save model ...
--- 86.79354095458984 seconds ---

Train Epoch: 6 accuracy: 0.77 
 precision: [0.2917342  0.88742001 0.68726293 0.79312813 0.46926753] 
 recall: [0.27692308 0.79722131 0.70322871 0.84850032 0.65559006] 
 f1: [0.28413575 0.83990596 0.69515416 0.81988037 0.54699747] 
 f1_avg: 0.7758788799351137


Validation Epoch: 6 accuracy: 0.74 
 precision: [0.5        0.73981626 0.71214511 0.76120959 0.80232558] 
 recall: [0.03594771 0.91216072 0.51866743 0.82299887 0.21263482] 
 f1: [0.06707317 0.81699847 0.6001994  0.79089924 0.3361754 ] 
 f1_avg: 0.7114920176953412

New best val score, save model ...
--- 102.38818430900574 seconds ---

Train Epoch: 7 accuracy: 0.79 
 precision: [0.28794326 0.8967531  0.70695098 0.80197427 0.51018581] 
 recall: [0.31230769 0.80922363 0.71796603 0.85545629 0.70776398] 
 f1: [0.299631   0.85074291 0.71241593 0.8278524  0.59294913] 
 f1_avg: 0.7904378341402852


Validation Epoch: 7 accuracy: 0.75 
 precision: [0.55       0.75061598 0.71014493 0.75793245 0.79120879] 
 recall: [0.03594771 0.91151956 0.53475014 0.83483653 0.22187982] 
 f1: [0.06748466 0.82327961 0.61009174 0.7945279  0.3465704 ] 
 f1_avg: 0.7180415330635037

New best val score, save model ...
--- 117.98572254180908 seconds ---

Train Epoch: 8 accuracy: 0.80 
 precision: [0.33124216 0.90285428 0.71721583 0.80918515 0.54296786] 
 recall: [0.40615385 0.81832623 0.72972213 0.85679643 0.73975155] 
 f1: [0.36489288 0.85851465 0.72341493 0.83231046 0.62626528] 
 f1_avg: 0.8007947528984404


Validation Epoch: 8 accuracy: 0.75 
 precision: [0.55       0.7603291  0.7123696  0.75024925 0.77368421] 
 recall: [0.03594771 0.90852746 0.54910971 0.84836528 0.22650231] 
 f1: [0.06748466 0.8278481  0.62017515 0.7962963  0.35041716] 
 f1_avg: 0.7229125461157457

New best val score, save model ...
--- 133.6027693748474 seconds ---

Train Epoch: 9 accuracy: 0.81 
 precision: [0.36201117 0.90844797 0.72951274 0.8166727  0.57296984] 
 recall: [0.49846154 0.82591593 0.74108449 0.8633695  0.76692547] 
 f1: [0.41941748 0.86521825 0.73525308 0.83937213 0.65590969] 
 f1_avg: 0.8109363327193396


Validation Epoch: 9 accuracy: 0.75 
 precision: [0.57894737 0.76644975 0.71386431 0.74305217 0.77486911] 
 recall: [0.03594771 0.90617653 0.5560023  0.85907554 0.22804314] 
 f1: [0.06769231 0.83047694 0.62512108 0.79686275 0.35238095] 
 f1_avg: 0.725454256139973

New best val score, save model ...
--- 149.21759414672852 seconds ---

Train Epoch: 10 accuracy: 0.81 
 precision: [0.40595112 0.91225938 0.7380477  0.82254545 0.59434073] 
 recall: [0.58769231 0.83290048 0.74850939 0.86611359 0.78602484] 
 f1: [0.48020113 0.87077556 0.74324173 0.84376749 0.6768737 ] 
 f1_avg: 0.8184903832448901


Validation Epoch: 10 accuracy: 0.75 
 precision: [0.61111111 0.77505978 0.70916905 0.73549001 0.74489796] 
 recall: [0.03594771 0.90061979 0.56863871 0.87147689 0.22496148] 
 f1: [0.06790123 0.83313563 0.63117628 0.79772962 0.34556213] 
 f1_avg: 0.727657607299562

New best val score, save model ...
--- 164.79592418670654 seconds ---

Train Epoch: 11 accuracy: 0.82 
 precision: [0.44642857 0.91441454 0.74631597 0.82909467 0.61438609] 
 recall: [0.69230769 0.83864949 0.75492181 0.86962348 0.80108696] 
 f1: [0.54282268 0.87489478 0.75059422 0.8488756  0.6954236 ] 
 f1_avg: 0.8251525569275097


Validation Epoch: 11 accuracy: 0.75 
 precision: [0.61111111 0.78025061 0.70559094 0.7219917  0.74257426] 
 recall: [0.03594771 0.89164351 0.57265939 0.88275085 0.23112481] 
 f1: [0.06790123 0.83223619 0.63221306 0.79431905 0.35252644] 
 f1_avg: 0.7272276184867552

--- 180.04798197746277 seconds ---

Train Epoch: 12 accuracy: 0.83 
 precision: [0.4787234  0.91801569 0.75257102 0.83380178 0.63011241] 
 recall: [0.76153846 0.84364205 0.76150298 0.87083599 0.8181677 ] 
 f1: [0.58788599 0.87925892 0.75701065 0.85191659 0.71193082] 
 f1_avg: 0.8310180957744573


Validation Epoch: 12 accuracy: 0.75 
 precision: [0.55       0.78491567 0.70083102 0.71552117 0.72037915] 
 recall: [0.03594771 0.88523189 0.58127513 0.88613303 0.23420647] 
 f1: [0.06748466 0.83206107 0.63547881 0.79174012 0.35348837] 
 f1_avg: 0.7273137576806726

--- 195.25219058990479 seconds ---

Train Epoch: 13 accuracy: 0.83 
 precision: [0.49904215 0.92134432 0.75803319 0.83880049 0.64373107] 
 recall: [0.80153846 0.84886154 0.76830915 0.87466496 0.82515528] 
 f1: [0.61511216 0.88361899 0.76313658 0.85635739 0.7232392 ] 
 f1_avg: 0.8365286890921498


Validation Epoch: 13 accuracy: 0.75 
 precision: [0.5        0.78925063 0.69230769 0.70439414 0.71028037] 
 recall: [0.03594771 0.87561445 0.58414704 0.8945885  0.23420647] 
 f1: [0.06707317 0.8301925  0.63364486 0.78817979 0.35225956] 
 f1_avg: 0.7252178605210121

--- 210.4545705318451 seconds ---

Train Epoch: 14 accuracy: 0.84 
 precision: [0.5047259  0.92352813 0.76316954 0.84461122 0.65796249] 
 recall: [0.82153846 0.85355153 0.7757903  0.87619655 0.83338509] 
 f1: [0.62529274 0.88716208 0.76942817 0.86011401 0.73535658] 
 f1_avg: 0.8414651213698081


Validation Epoch: 14 accuracy: 0.75 
 precision: [0.5        0.79294209 0.6839654  0.69868421 0.70232558] 
 recall: [0.03594771 0.86920282 0.59046525 0.89797069 0.23266564] 
 f1: [0.06707317 0.829323   0.63378545 0.78589048 0.34953704] 
 f1_avg: 0.724162906263054

--- 225.66853618621826 seconds ---

Train Epoch: 15 accuracy: 0.84 
 precision: [0.53250478 0.92524967 0.76809347 0.84894743 0.67037174] 
 recall: [0.85692308 0.85735899 0.780234   0.88015316 0.84285714] 
 f1: [0.65683962 0.89001152 0.77411614 0.86426871 0.74678407] 
 f1_avg: 0.8458985898126465


Validation Epoch: 15 accuracy: 0.75 
 precision: [0.47826087 0.79348253 0.68061089 0.69097972 0.6937799 ] 
 recall: [0.03594771 0.8638598  0.5887421  0.90248027 0.22342065] 
 f1: [0.0668693  0.82717692 0.63135202 0.78269372 0.33799534] 
 f1_avg: 0.7211568792197358

--- 240.84266757965088 seconds ---

Train Epoch: 16 accuracy: 0.85 
 precision: [0.52641335 0.92778019 0.77309437 0.85347805 0.68205706] 
 recall: [0.87384615 0.86164553 0.78614017 0.88321634 0.84642857] 
 f1: [0.65702718 0.89349074 0.7795627  0.86809258 0.75540466] 
 f1_avg: 0.850267455574559


Validation Epoch: 16 accuracy: 0.74 
 precision: [0.5        0.79776625 0.67601043 0.67932489 0.67942584] 
 recall: [0.03594771 0.85488352 0.59563469 0.90755355 0.21879815] 
 f1: [0.06707317 0.82533787 0.63328244 0.77702703 0.33100233] 
 f1_avg: 0.7189956812940146

--- 256.02130699157715 seconds ---

Train Epoch: 17 accuracy: 0.85 
 precision: [0.55240793 0.929707   0.77522026 0.85656853 0.69232704] 
 recall: [0.9        0.86409138 0.7918776  0.88379068 0.85465839] 
 f1: [0.68461088 0.89569911 0.7834604  0.86996671 0.76497568] 
 f1_avg: 0.8535819131826047


Validation Epoch: 17 accuracy: 0.74 
 precision: [0.5        0.80343088 0.67216233 0.67643365 0.68932039] 
 recall: [0.03594771 0.85082283 0.60884549 0.91093574 0.21879815] 
 f1: [0.06707317 0.826448   0.63893912 0.7763632  0.33216374] 
 f1_avg: 0.7205935249385022

--- 271.21075773239136 seconds ---

Train Epoch: 18 accuracy: 0.86 
 precision: [0.55149813 0.93148755 0.78203573 0.85886275 0.702017  ] 
 recall: [0.90615385 0.8669911  0.79778378 0.88774729 0.85931677] 
 f1: [0.68568102 0.89808285 0.78983126 0.87306618 0.77274314] 
 f1_avg: 0.8574110441582428


Validation Epoch: 18 accuracy: 0.74 
 precision: [0.5        0.80501734 0.67025316 0.66571077 0.67980296] 
 recall: [0.03594771 0.84355632 0.60827111 0.91600902 0.21263482] 
 f1: [0.06707317 0.82383636 0.63775971 0.77105575 0.32394366] 
 f1_avg: 0.7174212173547228

--- 286.2833607196808 seconds ---

Train Epoch: 19 accuracy: 0.86 
 precision: [0.56388088 0.93263562 0.78353071 0.86332715 0.70991978] 
 recall: [0.90307692 0.86958824 0.80014625 0.89087428 0.86568323] 
 f1: [0.69426375 0.90000913 0.79175131 0.87688442 0.78010215] 
 f1_avg: 0.8601958338244011


Validation Epoch: 19 accuracy: 0.74 
 precision: [0.5        0.81051546 0.66666667 0.66368078 0.70646766] 
 recall: [0.03594771 0.84013678 0.62033314 0.91882751 0.21879815] 
 f1: [0.06707317 0.82506034 0.64266587 0.77068558 0.33411765] 
 f1_avg: 0.7196307341523891

--- 301.385370016098 seconds ---

Train Epoch: 20 accuracy: 0.86 
 precision: [0.58644401 0.93552486 0.78823788 0.86722377 0.72210122] 
 recall: [0.91846154 0.87258882 0.8081899  0.89406509 0.87515528] 
 f1: [0.71582734 0.90296151 0.79808921 0.88043991 0.79129519] 
 f1_avg: 0.8648291421346029


Validation Epoch: 20 accuracy: 0.74 
 precision: [0.52380952 0.81759162 0.66184448 0.65318382 0.69543147] 
 recall: [0.03594771 0.83436632 0.63067203 0.91939121 0.21109399] 
 f1: [0.06727829 0.8258938  0.64588235 0.76375556 0.32387707] 
 f1_avg: 0.7186057505999129

--- 316.51368260383606 seconds ---

Train Epoch: 21 accuracy: 0.87 
 precision: [0.59922179 0.93699258 0.79343523 0.86844714 0.72953141] 
 recall: [0.94769231 0.87594241 0.8117336  0.89438417 0.87996894] 
 f1: [0.73420739 0.90543957 0.80248012 0.88122485 0.79771959] 
 f1_avg: 0.8678462022052553


Validation Epoch: 21 accuracy: 0.74 
 precision: [0.52380952 0.81766442 0.6616131  0.64622642 0.69109948] 
 recall: [0.03594771 0.8290233  0.62665135 0.92671928 0.20338983] 
 f1: [0.06727829 0.82330468 0.64365782 0.76146364 0.31428571] 
 f1_avg: 0.7157335162749361

--- 331.599383354187 seconds ---

Train Epoch: 22 accuracy: 0.87 
 precision: [0.59664694 0.94020237 0.802461   0.87637805 0.75033008] 
 recall: [0.93076923 0.88330518 0.82168973 0.90299936 0.88245342] 
 f1: [0.72716346 0.91086612 0.81196154 0.88948956 0.8110461 ] 
 f1_avg: 0.8752595001063218


Validation Epoch: 22 accuracy: 0.75 
 precision: [0.5        0.83369708 0.66008135 0.66557511 0.65879265] 
 recall: [0.03594771 0.81641376 0.65249856 0.91657272 0.38674884] 
 f1: [0.06707317 0.82496491 0.65626805 0.77116433 0.48737864] 
 f1_avg: 0.733135002361687

New best val score, save model ...
--- 347.0959508419037 seconds ---

Train Epoch: 23 accuracy: 0.88 
 precision: [0.60982949 0.94395185 0.80862741 0.87917881 0.75556428] 
 recall: [0.93538462 0.88585189 0.82877714 0.90459477 0.89611801] 
 f1: [0.73831208 0.91397947 0.81857829 0.89170572 0.81986078] 
 f1_avg: 0.8794971352883403


Validation Epoch: 23 accuracy: 0.75 
 precision: [0.52380952 0.83029909 0.66130952 0.66031617 0.65940054] 
 recall: [0.03594771 0.81876469 0.638139   0.91826381 0.37288136] 
 f1: [0.06727829 0.82449155 0.64951768 0.76821504 0.47637795] 
 f1_avg: 0.7302630013707954

--- 362.19701743125916 seconds ---

Train Epoch: 24 accuracy: 0.88 
 precision: [0.62062062 0.94442208 0.80882674 0.88500655 0.76302632] 
 recall: [0.95384615 0.88736478 0.83293959 0.90516911 0.90046584] 
 f1: [0.75197089 0.91500481 0.82070609 0.89497429 0.82606838] 
 f1_avg: 0.8817237198311253


Validation Epoch: 24 accuracy: 0.75 
 precision: [0.52380952 0.8284915  0.66109785 0.66003249 0.65597668] 
 recall: [0.03594771 0.82282539 0.63641585 0.91600902 0.34668721] 
 f1: [0.06727829 0.82564872 0.6485221  0.76723324 0.45362903] 
 f1_avg: 0.7288612429118184

--- 377.2727391719818 seconds ---

Train Epoch: 25 accuracy: 0.88 
 precision: [0.63617886 0.94597279 0.81195883 0.88718045 0.76475237] 
 recall: [0.96307692 0.88872639 0.83867702 0.90580728 0.9015528 ] 
 f1: [0.76621787 0.91645649 0.82510169 0.89639711 0.82753706] 
 f1_avg: 0.8839274347724424


Validation Epoch: 25 accuracy: 0.74 
 precision: [0.52380952 0.82934196 0.66546547 0.65500603 0.65395894] 
 recall: [0.03594771 0.82154306 0.63641585 0.91826381 0.34360555] 
 f1: [0.06727829 0.82542409 0.65061656 0.76460925 0.45050505] 
 f1_avg: 0.7284145258051842

--- 392.39088916778564 seconds ---

Train Epoch: 26 accuracy: 0.88 
 precision: [0.64271047 0.94681963 0.81400676 0.88893051 0.7709187 ] 
 recall: [0.96307692 0.89066794 0.83946451 0.90861519 0.90559006] 
 f1: [0.77093596 0.91788582 0.82653965 0.89866507 0.83284541] 
 f1_avg: 0.8858606947984026


Validation Epoch: 26 accuracy: 0.74 
 precision: [0.52380952 0.826721   0.66890244 0.65252202 0.65749235] 
 recall: [0.03594771 0.82389399 0.63009765 0.91882751 0.33127889] 
 f1: [0.06727829 0.82530507 0.64892044 0.76310861 0.44057377] 
 f1_avg: 0.7270354287197714

--- 407.50639367103577 seconds ---

Train Epoch: 27 accuracy: 0.89 
 precision: [0.64410256 0.94830865 0.81595125 0.89117261 0.78191277] 
 recall: [0.96615385 0.892786   0.84362695 0.91033823 0.91024845] 
 f1: [0.77292308 0.91971011 0.82955834 0.90065347 0.84121403] 
 f1_avg: 0.8885086708578004


Validation Epoch: 27 accuracy: 0.75 
 precision: [0.52380952 0.82935227 0.65978774 0.66151343 0.66360856] 
 recall: [0.03594771 0.82368027 0.64273406 0.91657272 0.33436055] 
 f1: [0.06727829 0.82650654 0.65114926 0.768431   0.44467213] 
 f1_avg: 0.7293967569561561

--- 422.5242919921875 seconds ---

Train Epoch: 28 accuracy: 0.89 
 precision: [0.65935214 0.94865696 0.82137413 0.89391947 0.78485577] 
 recall: [0.97076923 0.8949797  0.84863314 0.91097639 0.91257764] 
 f1: [0.78531425 0.92103693 0.83478117 0.90236733 0.84391155] 
 f1_avg: 0.8909745212867692


Validation Epoch: 28 accuracy: 0.74 
 precision: [0.5        0.82895304 0.66525167 0.65045835 0.65443425] 
 recall: [0.03594771 0.82239795 0.63009765 0.9199549  0.32973806] 
 f1: [0.06707317 0.82566248 0.64719764 0.76208265 0.43852459] 
 f1_avg: 0.7265392197940611

--- 437.4583775997162 seconds ---

Train Epoch: 29 accuracy: 0.89 
 precision: [0.66147456 0.94972873 0.82311334 0.89739893 0.78738474] 
 recall: [0.98       0.89603873 0.85093936 0.91372049 0.91490683] 
 f1: [0.78983261 0.92210286 0.83679509 0.90548617 0.84636932] 
 f1_avg: 0.8927914784920244


Validation Epoch: 29 accuracy: 0.75 
 precision: [0.55       0.82952848 0.65654206 0.66707819 0.69      ] 
 recall: [0.03594771 0.83094678 0.64560597 0.91375423 0.31895223] 
 f1: [0.06748466 0.83023703 0.65102809 0.77117031 0.43624868] 
 f1_avg: 0.7312220787113788

--- 452.3132507801056 seconds ---

Train Epoch: 30 accuracy: 0.89 
 precision: [0.6784188  0.95101365 0.82368564 0.90176496 0.79304791] 
 recall: [0.97692308 0.89777856 0.85482056 0.91620932 0.91754658] 
 f1: [0.80075662 0.92362967 0.83896434 0.90892976 0.85076668] 
 f1_avg: 0.8951419064589594


Validation Epoch: 30 accuracy: 0.75 
 precision: [0.5        0.82946237 0.65669014 0.66003249 0.66881029] 
 recall: [0.03594771 0.82432144 0.64273406 0.91600902 0.32049307] 
 f1: [0.06707317 0.82688391 0.64963716 0.76723324 0.43333333] 
 f1_avg: 0.7282585630634671

--- 467.14723467826843 seconds ---

Train Epoch: 31 accuracy: 0.90 
 precision: [0.68128342 0.9520915  0.82774679 0.90321363 0.80108328] 
 recall: [0.98       0.90047656 0.85982675 0.9165284  0.91863354] 
 f1: [0.80378549 0.925565   0.84348186 0.90982231 0.85584087] 
 f1_avg: 0.8977068239077594


Validation Epoch: 31 accuracy: 0.75 
 precision: [0.5        0.833153   0.65174986 0.66123779 0.66775244] 
 recall: [0.03594771 0.82282539 0.65249856 0.91544532 0.31587057] 
 f1: [0.06707317 0.82795699 0.652124   0.7678487  0.42887029] 
 f1_avg: 0.7290833350531165

--- 481.94395089149475 seconds ---

Train Epoch: 32 accuracy: 0.90 
 precision: [0.68540541 0.95358267 0.83000271 0.90562716 0.80110572] 
 recall: [0.97538462 0.90133387 0.86207672 0.91920868 0.92251553] 
 f1: [0.80507937 0.92672241 0.84573573 0.91236738 0.85753464] 
 f1_avg: 0.8994226116466886


Validation Epoch: 32 accuracy: 0.74 
 precision: [0.52380952 0.83559248 0.64612776 0.65542169 0.67457627] 
 recall: [0.03594771 0.81684121 0.65651924 0.9199549  0.30662558] 
 f1: [0.06727829 0.82611045 0.65128205 0.76547842 0.42161017] 
 f1_avg: 0.7270110099582331

--- 496.7357106208801 seconds ---

Train Epoch: 33 accuracy: 0.90 
 precision: [0.69498911 0.95461692 0.83310807 0.90718469 0.80748373] 
 recall: [0.98153846 0.90325021 0.86680166 0.91940013 0.92484472] 
 f1: [0.81377551 0.92822347 0.84962095 0.91325156 0.86218877] 
 f1_avg: 0.9016431712592292


Validation Epoch: 33 accuracy: 0.75 
 precision: [0.5        0.83326106 0.64900285 0.65660225 0.71376812] 
 recall: [0.03594771 0.82132934 0.65422171 0.91939121 0.30354391] 
 f1: [0.06707317 0.82725218 0.65160183 0.76608736 0.42594595] 
 f1_avg: 0.7280745469233311

--- 511.5248234272003 seconds ---

Train Epoch: 34 accuracy: 0.90 
 precision: [0.69381107 0.95646392 0.8394781  0.91009186 0.81149111] 
 recall: [0.98307692 0.90683073 0.8722016  0.92310147 0.92111801] 
 f1: [0.81349459 0.93098628 0.85552705 0.9165505  0.86283636] 
 f1_avg: 0.9050130150581175


Validation Epoch: 34 accuracy: 0.76 
 precision: [0.5        0.83591594 0.65552408 0.71389769 0.68325792] 
 recall: [0.03594771 0.84163283 0.6645606  0.88895152 0.46533128] 
 f1: [0.06707317 0.83876464 0.66001141 0.79186543 0.55362053] 
 f1_avg: 0.7496177739055403

New best val score, save model ...
--- 526.6312091350555 seconds ---

Train Epoch: 35 accuracy: 0.91 
 precision: [0.71014493 0.9581659  0.84041462 0.91604065 0.81288219] 
 recall: [0.98       0.90786455 0.8756328  0.92603701 0.92888199] 
 f1: [0.82352941 0.93233725 0.85766232 0.92101171 0.86701935] 
 f1_avg: 0.9074433718143985


Validation Epoch: 35 accuracy: 0.76 
 precision: [0.47826087 0.82924293 0.67528563 0.70790531 0.69711538] 
 recall: [0.03594771 0.85210515 0.64503159 0.8934611  0.44684129] 
 f1: [0.0668693  0.8405186  0.65981199 0.78993272 0.54460094] 
 f1_avg: 0.7494554460427488

--- 541.3865854740143 seconds ---

Train Epoch: 36 accuracy: 0.91 
 precision: [0.70568928 0.95809752 0.84285328 0.91797888 0.81514325] 
 recall: [0.99230769 0.90920094 0.87732028 0.92635609 0.92779503] 
 f1: [0.82480818 0.93300903 0.85974148 0.92214846 0.86782861] 
 f1_avg: 0.908533948701387


Validation Epoch: 36 accuracy: 0.76 
 precision: [0.5        0.82556701 0.67835178 0.69969177 0.72105263] 
 recall: [0.03594771 0.85573841 0.63354394 0.8957159  0.42218798] 
 f1: [0.06707317 0.84038199 0.65518266 0.78566131 0.53255588] 
 f1_avg: 0.7468287968968513

--- 556.1404542922974 seconds ---

Train Epoch: 37 accuracy: 0.91 
 precision: [0.71190211 0.95871669 0.84588318 0.9191051  0.82256072] 
 recall: [0.98461538 0.91172243 0.87895151 0.92807913 0.93074534] 
 f1: [0.82633957 0.9346292  0.86210036 0.92357032 0.87331536] 
 f1_avg: 0.9105889029443156


Validation Epoch: 37 accuracy: 0.76 
 precision: [0.52380952 0.82178419 0.68434343 0.70066225 0.73184358] 
 recall: [0.03594771 0.86428724 0.62263067 0.8945885  0.403698  ] 
 f1: [0.06727829 0.8425     0.65203008 0.78583808 0.5203575 ] 
 f1_avg: 0.746487898614662

--- 570.8777022361755 seconds ---

Train Epoch: 38 accuracy: 0.91 
 precision: [0.71460424 0.95960212 0.84709447 0.92032828 0.82440231] 
 recall: [0.98615385 0.91220152 0.88063899 0.9303127  0.93167702] 
 f1: [0.82870071 0.93530165 0.86354109 0.92529356 0.87476308] 
 f1_avg: 0.9117129228598497


Validation Epoch: 38 accuracy: 0.76 
 precision: [0.45833333 0.82127573 0.68822023 0.69685039 0.72162162] 
 recall: [0.03594771 0.86129515 0.61746123 0.89797069 0.41140216] 
 f1: [0.06666667 0.84080951 0.6509234  0.78472906 0.52404318] 
 f1_avg: 0.7454387083989812

--- 585.6158947944641 seconds ---

Train Epoch: 39 accuracy: 0.91 
 precision: [0.71302428 0.96035745 0.84903721 0.92162196 0.82589592] 
 recall: [0.99384615 0.91321012 0.88294521 0.92973835 0.93400621] 
 f1: [0.83033419 0.93619056 0.8656593  0.92566237 0.87663047] 
 f1_avg: 0.9128573293016268


Validation Epoch: 39 accuracy: 0.76 
 precision: [0.45833333 0.81679389 0.69121447 0.70729537 0.74074074] 
 recall: [0.03594771 0.8689891  0.61458932 0.89627959 0.40061633] 
 f1: [0.06666667 0.84208346 0.65065369 0.79065142 0.52      ] 
 f1_avg: 0.7469004500952542

--- 600.3565409183502 seconds ---

Train Epoch: 40 accuracy: 0.91 
 precision: [0.71923937 0.960519   0.85120564 0.92318868 0.83011583] 
 recall: [0.98923077 0.91464737 0.8836202  0.9326739  0.93478261] 
 f1: [0.83290155 0.93702211 0.86711009 0.92790705 0.8793456 ] 
 f1_avg: 0.9142675954393564


Validation Epoch: 40 accuracy: 0.76 
 precision: [0.44       0.8161082  0.69342105 0.69387755 0.74063401] 
 recall: [0.03594771 0.86407352 0.6053992  0.90078918 0.39599384] 
 f1: [0.06646526 0.83940621 0.64642748 0.78390974 0.51606426] 
 f1_avg: 0.7431338756537773

--- 615.0804738998413 seconds ---

Train Epoch: 41 accuracy: 0.91 
 precision: [0.72178771 0.96080766 0.85349593 0.92449134 0.83268859] 
 recall: [0.99384615 0.91547946 0.88575768 0.93369496 0.93586957] 
 f1: [0.83624595 0.93759603 0.86932759 0.92907036 0.88126919] 
 f1_avg: 0.9154518622095879


Validation Epoch: 41 accuracy: 0.77 
 precision: [0.45833333 0.81876892 0.68765743 0.70904208 0.74425287] 
 recall: [0.03594771 0.86706561 0.62722573 0.89289741 0.3990755 ] 
 f1: [0.06666667 0.84222545 0.65605287 0.79041916 0.51955868] 
 f1_avg: 0.7479241562688629

--- 629.7980601787567 seconds ---

Train Epoch: 42 accuracy: 0.92 
 precision: [0.72328459 0.96186519 0.85395812 0.92711628 0.83508432] 
 recall: [0.98923077 0.91646285 0.8877264  0.93516273 0.93804348] 
 f1: [0.83560754 0.93861529 0.87051491 0.93112212 0.88357467] 
 f1_avg: 0.9167999722768245


Validation Epoch: 42 accuracy: 0.77 
 precision: [0.42307692 0.81601124 0.68682368 0.71357466 0.74301676] 
 recall: [0.03594771 0.86920282 0.61975876 0.88895152 0.40986133] 
 f1: [0.06626506 0.84176757 0.65157005 0.79166667 0.52830189] 
 f1_avg: 0.7476856049586006

--- 644.5442848205566 seconds ---

Train Epoch: 43 accuracy: 0.92 
 precision: [0.7268623  0.96304135 0.85815026 0.92595396 0.83494877] 
 recall: [0.99076923 0.91787488 0.88986388 0.93688577 0.9363354 ] 
 f1: [0.83854167 0.93991583 0.87371938 0.93138779 0.88274045] 
 f1_avg: 0.9181621768676095


Validation Epoch: 43 accuracy: 0.76 
 precision: [0.45833333 0.81421421 0.69446254 0.70690423 0.74571429] 
 recall: [0.03594771 0.86920282 0.61229179 0.8945885  0.40215716] 
 f1: [0.06666667 0.84081042 0.65079365 0.78974869 0.52252252] 
 f1_avg: 0.7462799212451267

--- 659.2696735858917 seconds ---

Train Epoch: 44 accuracy: 0.92 
 precision: [0.71906355 0.96310197 0.85892499 0.92806574 0.8406159 ] 
 recall: [0.99230769 0.91878262 0.89076387 0.93694959 0.94099379] 
 f1: [0.83387201 0.94042043 0.87455474 0.9324865  0.88797714] 
 f1_avg: 0.9191942461486594


Validation Epoch: 44 accuracy: 0.77 
 precision: [0.55       0.82019055 0.68401254 0.70974955 0.74794521] 
 recall: [0.03594771 0.86471468 0.62665135 0.8945885  0.42064715] 
 f1: [0.06748466 0.84186434 0.65407674 0.7915212  0.53846154] 
 f1_avg: 0.7489453798137997

--- 674.0090112686157 seconds ---

Train Epoch: 45 accuracy: 0.92 
 precision: [0.72985244 0.96387898 0.86076773 0.92960152 0.83968408] 
 recall: [0.98923077 0.91979122 0.89301384 0.93790683 0.94099379] 
 f1: [0.83997387 0.94131916 0.87659433 0.93373571 0.88745698] 
 f1_avg: 0.9203425944034536


Validation Epoch: 45 accuracy: 0.77 
 precision: [0.52380952 0.8146664  0.69170984 0.71115092 0.75      ] 
 recall: [0.03594771 0.8689891  0.61344055 0.8951522  0.41602465] 
 f1: [0.06727829 0.8409514  0.65022831 0.79261293 0.53518335] 
 f1_avg: 0.7477183904231374

--- 688.7372319698334 seconds ---

Train Epoch: 46 accuracy: 0.92 
 precision: [0.74534884 0.96451451 0.86526979 0.93212183 0.84160757] 
 recall: [0.98615385 0.92248922 0.89661379 0.93943842 0.93975155] 
 f1: [0.84900662 0.9430339  0.88066298 0.93576582 0.88797594] 
 f1_avg: 0.9226040568582518


Validation Epoch: 46 accuracy: 0.77 
 precision: [0.40740741 0.81441048 0.69605263 0.72429691 0.73670886] 
 recall: [0.03594771 0.87689677 0.60769673 0.88556933 0.44838213] 
 f1: [0.06606607 0.84449933 0.64888071 0.79685519 0.55747126] 
 f1_avg: 0.751639507723541

New best val score, save model ...
--- 703.8145499229431 seconds ---

Train Epoch: 47 accuracy: 0.92 
 precision: [0.72727273 0.96564482 0.86591906 0.93249479 0.84274979] 
 recall: [0.99692308 0.92135455 0.89908876 0.94148054 0.94037267] 
 f1: [0.84101233 0.94297991 0.88219223 0.93696612 0.88888889] 
 f1_avg: 0.9231594110583673


Validation Epoch: 47 accuracy: 0.77 
 precision: [0.47826087 0.81075226 0.70094086 0.72258065 0.74102564] 
 recall: [0.03594771 0.87988887 0.59908099 0.88387824 0.44530046] 
 f1: [0.0668693  0.84390694 0.64602044 0.79513185 0.55630414] 
 f1_avg: 0.7504021683165675

--- 718.5550372600555 seconds ---

Train Epoch: 48 accuracy: 0.92 
 precision: [0.74566474 0.96429042 0.86703255 0.9331771  0.84709821] 
 recall: [0.99230769 0.9232961  0.89751378 0.94020421 0.94285714] 
 f1: [0.85148515 0.9433481  0.88200989 0.93667747 0.89241623] 
 f1_avg: 0.9236128063247587


Validation Epoch: 48 accuracy: 0.77 
 precision: [0.40740741 0.81199288 0.70465273 0.71925011 0.74185464] 
 recall: [0.03594771 0.87689677 0.60022975 0.88669673 0.45608629] 
 f1: [0.06606607 0.8431977  0.64826303 0.79424388 0.5648855 ] 
 f1_avg: 0.7508758884476829

--- 733.4111213684082 seconds ---

Train Epoch: 49 accuracy: 0.92 
 precision: [0.73137698 0.96534106 0.86965986 0.93468069 0.8486494 ] 
 recall: [0.99692308 0.92422905 0.89886376 0.94148054 0.94642857] 
 f1: [0.84375    0.94433781 0.88402069 0.93806829 0.89487594] 
 f1_avg: 0.9249545711365567


Validation Epoch: 49 accuracy: 0.77 
 precision: [0.44       0.8108747  0.70864534 0.72122879 0.74874372] 
 recall: [0.03594771 0.87967514 0.59793222 0.88669673 0.45916795] 
 f1: [0.06646526 0.84387494 0.64859813 0.7954488  0.56924546] 
 f1_avg: 0.7518422794440107

New best val score, save model ...
--- 748.7301254272461 seconds ---

Train Epoch: 50 accuracy: 0.92 
 precision: [0.74739282 0.96538836 0.86939264 0.93462853 0.85226637] 
 recall: [0.99230769 0.92483421 0.89937001 0.9425016  0.94596273] 
 f1: [0.85261071 0.94467625 0.88412729 0.93854855 0.89667354] 
 f1_avg: 0.9254555734434166


Validation Epoch: 50 accuracy: 0.77 
 precision: [0.40740741 0.81236378 0.71176071 0.7105618  0.74934037] 
 recall: [0.03594771 0.87625561 0.60137852 0.89120631 0.4375963 ] 
 f1: [0.06606607 0.84310097 0.65193026 0.79069767 0.55252918] 
 f1_avg: 0.7499601418511344

--- 763.601588010788 seconds ---

Train Epoch: 51 accuracy: 0.93 
 precision: [0.7268623  0.96675266 0.87287075 0.9372544  0.85020921] 
 recall: [0.99076923 0.92601931 0.90218247 0.9437141  0.94658385] 
 f1: [0.83854167 0.94594769 0.8872846  0.94047316 0.8958119 ] 
 f1_avg: 0.9269770693167367


Validation Epoch: 51 accuracy: 0.77 
 precision: [0.47619048 0.81355261 0.70449966 0.71785552 0.74936061] 
 recall: [0.03267974 0.87753794 0.60252728 0.89064262 0.45146379] 
 f1: [0.06116208 0.84433477 0.6495356  0.79496855 0.56346154] 
 f1_avg: 0.7515750613734818

--- 778.4545412063599 seconds ---

Train Epoch: 52 accuracy: 0.93 
 precision: [0.76331361 0.96709074 0.87390619 0.93641545 0.85672145] 
 recall: [0.99230769 0.92770872 0.90443244 0.94358647 0.94704969] 
 f1: [0.86287625 0.94699046 0.88890732 0.93998729 0.89962387] 
 f1_avg: 0.9282608713932231


Validation Epoch: 52 accuracy: 0.77 
 precision: [0.39285714 0.81564246 0.71063257 0.7082026  0.74744898] 
 recall: [0.03594771 0.87369096 0.60654796 0.89064262 0.45146379] 
 f1: [0.06586826 0.84366938 0.65447784 0.78901373 0.56292027] 
 f1_avg: 0.7511396084611185

--- 793.2911279201508 seconds ---

Train Epoch: 53 accuracy: 0.93 
 precision: [0.73714286 0.96795091 0.8733724  0.93798302 0.85710279] 
 recall: [0.99230769 0.92680098 0.90550118 0.94492661 0.94906832] 
 f1: [0.84590164 0.9469291  0.88914664 0.94144201 0.90074423] 
 f1_avg: 0.9285202136688016


Validation Epoch: 53 accuracy: 0.77 
 precision: [0.42307692 0.81770833 0.6946417  0.72194228 0.7443609 ] 
 recall: [0.03594771 0.87240863 0.61803561 0.88838782 0.45762712] 
 f1: [0.06626506 0.8441733  0.65410334 0.79656305 0.56679389] 
 f1_avg: 0.7530779320190512

New best val score, save model ...
--- 808.62921667099 seconds ---

Train Epoch: 54 accuracy: 0.93 
 precision: [0.75202781 0.96847451 0.87468848 0.94085919 0.85919056] 
 recall: [0.99846154 0.92798608 0.9081449  0.94620294 0.94937888] 
 f1: [0.85789822 0.94779809 0.89110277 0.9435235  0.902036  ] 
 f1_avg: 0.9299912534746898


Validation Epoch: 54 accuracy: 0.77 
 precision: [0.38461538 0.81761637 0.70709079 0.70866845 0.74744898] 
 recall: [0.03267974 0.87091259 0.61286617 0.8940248  0.45146379] 
 f1: [0.06024096 0.84342337 0.65661538 0.79062812 0.56292027] 
 f1_avg: 0.7515453697393393

--- 823.5047934055328 seconds ---

Train Epoch: 55 accuracy: 0.93 
 precision: [0.75058005 0.96859135 0.87455917 0.9394093  0.85866967] 
 recall: [0.99538462 0.92843995 0.90668242 0.94588385 0.94813665] 
 f1: [0.85582011 0.94809074 0.89033113 0.94263546 0.9011881 ] 
 f1_avg: 0.9297064680316204


Validation Epoch: 55 accuracy: 0.77 
 precision: [0.45833333 0.81765528 0.70222513 0.71740118 0.75578406] 
 recall: [0.03594771 0.87497328 0.61631246 0.89007892 0.45300462] 
 f1: [0.06666667 0.8453438  0.65646987 0.79446541 0.56647399] 
 f1_avg: 0.7537108877801689

New best val score, save model ...
--- 838.7853064537048 seconds ---

Train Epoch: 56 accuracy: 0.93 
 precision: [0.74970896 0.96906376 0.87827838 0.94060975 0.86114614] 
 recall: [0.99076923 0.92965027 0.9079199  0.94703255 0.95434783] 
 f1: [0.85354539 0.94894794 0.89285319 0.94381022 0.90535464] 
 f1_avg: 0.931235147518613


Validation Epoch: 56 accuracy: 0.77 
 precision: [0.42307692 0.81716343 0.70479947 0.70708872 0.75555556] 
 recall: [0.03594771 0.8730498  0.61573808 0.8940248  0.41910632] 
 f1: [0.06626506 0.84418268 0.65726548 0.78964401 0.53914767] 
 f1_avg: 0.7503817247366323

--- 853.6671142578125 seconds ---

Train Epoch: 57 accuracy: 0.93 
 precision: [0.74252874 0.96933708 0.87906294 0.94043847 0.86230248] 
 recall: [0.99384615 0.93023021 0.90971988 0.94716018 0.94906832] 
 f1: [0.85       0.9493811  0.8941287  0.94378736 0.90360733] 
 f1_avg: 0.9315585883559359


Validation Epoch: 57 accuracy: 0.77 
 precision: [0.45833333 0.81585728 0.7145749  0.71287129 0.75265957] 
 recall: [0.03594771 0.87967514 0.60827111 0.89289741 0.43605547] 
 f1: [0.06666667 0.8465652  0.65715172 0.79279279 0.55219512] 
 f1_avg: 0.7531280757514316

--- 868.5094182491302 seconds ---

Train Epoch: 58 accuracy: 0.93 
 precision: [0.7532014  0.96956008 0.88020663 0.94053198 0.86615841] 
 recall: [0.99538462 0.93083537 0.91050737 0.94773452 0.95263975] 
 f1: [0.85752154 0.94980317 0.89510064 0.94411952 0.90734305] 
 f1_avg: 0.932408623234795


Validation Epoch: 58 accuracy: 0.77 
 precision: [0.35483871 0.81583103 0.71438172 0.7214842  0.75590551] 
 recall: [0.03594771 0.8833084  0.61056864 0.88782413 0.44375963] 
 f1: [0.0652819  0.84822986 0.65840818 0.79605762 0.5592233 ] 
 f1_avg: 0.7553038098531829

New best val score, save model ...
--- 883.8005151748657 seconds ---

Train Epoch: 59 accuracy: 0.93 
 precision: [0.73888255 0.96990607 0.88165616 0.94242732 0.8704597 ] 
 recall: [0.99692308 0.93212133 0.91270109 0.94747926 0.95263975] 
 f1: [0.84872299 0.9506384  0.89691007 0.94494654 0.90969751] 
 f1_avg: 0.9335021192110945


Validation Epoch: 59 accuracy: 0.77 
 precision: [0.47826087 0.81699087 0.72172721 0.71312585 0.74271845] 
 recall: [0.03594771 0.87967514 0.60482481 0.89120631 0.47149461] 
 f1: [0.0668693  0.84717505 0.658125   0.79228264 0.57681433] 
 f1_avg: 0.755279440667381

--- 898.7018513679504 seconds ---

Train Epoch: 60 accuracy: 0.93 
 precision: [0.75764706 0.97053339 0.88117628 0.94215767 0.86363636] 
 recall: [0.99076923 0.93181875 0.91185735 0.94798979 0.95295031] 
 f1: [0.85866667 0.95078213 0.89625432 0.94506473 0.90609774] 
 f1_avg: 0.9332424542380992


Validation Epoch: 60 accuracy: 0.77 
 precision: [0.36666667 0.81905911 0.7124834  0.69982472 0.75910364] 
 recall: [0.03594771 0.87069887 0.61631246 0.90022548 0.41756549] 
 f1: [0.06547619 0.84408992 0.66091777 0.78747535 0.5387674 ] 
 f1_avg: 0.7505554258546996

--- 913.5361614227295 seconds ---

Train Epoch: 61 accuracy: 0.93 
 precision: [0.7377423  0.97061293 0.88211691 0.94520287 0.87245262] 
 recall: [0.99538462 0.93275171 0.91506356 0.94996809 0.95062112] 
 f1: [0.84741323 0.95130576 0.89828824 0.94757949 0.90986104] 
 f1_avg: 0.9346546330480655


Validation Epoch: 61 accuracy: 0.77 
 precision: [0.43478261 0.82132041 0.71275885 0.69864806 0.74934726] 
 recall: [0.03267974 0.86941654 0.61286617 0.90304397 0.4422188 ] 
 f1: [0.06079027 0.84468439 0.6590488  0.78780428 0.55620155] 
 f1_avg: 0.7516475693454135

--- 928.397579908371 seconds ---

Train Epoch: 62 accuracy: 0.94 
 precision: [0.76331361 0.97160834 0.88627707 0.94420492 0.87048321] 
 recall: [0.99230769 0.93451676 0.91618855 0.95035099 0.95388199] 
 f1: [0.86287625 0.95270166 0.90098462 0.94726799 0.91027636] 
 f1_avg: 0.9360404804669413


Validation Epoch: 62 accuracy: 0.77 
 precision: [0.35483871 0.8197245  0.70557717 0.72173913 0.7565445 ] 
 recall: [0.03594771 0.87753794 0.6249282  0.88895152 0.44530046] 
 f1: [0.0652819  0.84764657 0.66280841 0.79666582 0.56062076] 
 f1_avg: 0.7560599034957827

New best val score, save model ...
--- 943.7523972988129 seconds ---

Train Epoch: 63 accuracy: 0.94 
 precision: [0.73666288 0.97250886 0.88533131 0.94606257 0.87196593] 
 recall: [0.99846154 0.9339116  0.91765103 0.95143586 0.95388199] 
 f1: [0.84781189 0.95281951 0.90120149 0.94874161 0.91108639] 
 f1_avg: 0.936377721888265


Validation Epoch: 63 accuracy: 0.77 
 precision: [0.45454545 0.81940538 0.70860927 0.70324846 0.78393352] 
 recall: [0.03267974 0.87176747 0.61458932 0.90304397 0.43605547] 
 f1: [0.06097561 0.84477581 0.658259   0.79072063 0.56039604] 
 f1_avg: 0.7524132580194022

--- 958.6109082698822 seconds ---

Train Epoch: 64 accuracy: 0.94 
 precision: [0.7672209  0.97226373 0.8875     0.94592367 0.87393405] 
 recall: [0.99384615 0.93514713 0.91855102 0.95220166 0.95481366] 
 f1: [0.86595174 0.9533443  0.90275858 0.94905228 0.91258534] 
 f1_avg: 0.937310512865857


Validation Epoch: 64 accuracy: 0.77 
 precision: [0.37931034 0.81792829 0.71033575 0.71863636 0.7664042 ] 
 recall: [0.03594771 0.87753794 0.61975876 0.89120631 0.44992296] 
 f1: [0.06567164 0.84668523 0.66196319 0.79567187 0.56699029] 
 f1_avg: 0.7556795493406014

--- 973.4658343791962 seconds ---

Train Epoch: 65 accuracy: 0.94 
 precision: [0.75115741 0.97292125 0.89001959 0.94568731 0.87496444] 
 recall: [0.99846154 0.93585315 0.91995725 0.95226548 0.95512422] 
 f1: [0.85733157 0.95402727 0.90474083 0.94896499 0.91328879] 
 f1_avg: 0.9380572444454278


Validation Epoch: 65 accuracy: 0.77 
 precision: [0.47619048 0.82033287 0.7004519  0.71518419 0.78415301] 
 recall: [0.03267974 0.87433212 0.62320505 0.89740699 0.4422188 ] 
 f1: [0.06116208 0.84647217 0.65957447 0.796      0.56551724] 
 f1_avg: 0.754924332786694

--- 988.3767654895782 seconds ---

Train Epoch: 66 accuracy: 0.94 
 precision: [0.76904762 0.97264653 0.88808645 0.94807997 0.87747542] 
 recall: [0.99384615 0.93605487 0.91995725 0.95322272 0.95636646] 
 f1: [0.86711409 0.95399995 0.90374095 0.95064439 0.91522401] 
 f1_avg: 0.9383849149045266


Validation Epoch: 66 accuracy: 0.77 
 precision: [0.3030303  0.82352941 0.6981982  0.69353448 0.76300578] 
 recall: [0.03267974 0.86172259 0.62320505 0.90698985 0.40677966] 
 f1: [0.05899705 0.84219321 0.6585736  0.78602833 0.53065327] 
 f1_avg: 0.7480664553268237

--- 1003.2382197380066 seconds ---

Train Epoch: 67 accuracy: 0.94 
 precision: [0.74625144 0.97320095 0.89029375 0.94676131 0.87610242] 
 recall: [0.99538462 0.93673567 0.91888851 0.95328653 0.95636646] 
 f1: [0.85299934 0.95462021 0.90436516 0.95001272 0.91447661] 
 f1_avg: 0.9385321750875261


Validation Epoch: 67 accuracy: 0.77 
 precision: [0.52631579 0.82387396 0.68920596 0.72511416 0.77718833] 
 recall: [0.03267974 0.87176747 0.638139   0.8951522  0.45146379] 
 f1: [0.06153846 0.84714434 0.66269013 0.8012109  0.5711501 ] 
 f1_avg: 0.7572835499655377

New best val score, save model ...
--- 1018.5291695594788 seconds ---

Train Epoch: 68 accuracy: 0.94 
 precision: [0.77671068 0.9737862  0.89199326 0.94732171 0.87853269] 
 recall: [0.99538462 0.9376182  0.92305096 0.95366943 0.95574534] 
 f1: [0.87255563 0.95536001 0.90725639 0.95048497 0.91551391] 
 f1_avg: 0.9398730258856336


Validation Epoch: 68 accuracy: 0.77 
 precision: [0.35483871 0.82179825 0.70961282 0.68811248 0.76589595] 
 recall: [0.03594771 0.86535585 0.61056864 0.91037204 0.40832049] 
 f1: [0.0652819  0.84301478 0.65637542 0.78379034 0.53266332] 
 f1_avg: 0.7479871681737167

--- 1033.4188740253448 seconds ---

Train Epoch: 69 accuracy: 0.94 
 precision: [0.75086906 0.97364426 0.8934721  0.94840716 0.8799886 ] 
 recall: [0.99692308 0.93802163 0.92231972 0.95373325 0.95869565] 
 f1: [0.85657634 0.95550105 0.90766676 0.95106275 0.91765755] 
 f1_avg: 0.9401892606218876


Validation Epoch: 69 accuracy: 0.77 
 precision: [0.47619048 0.82193991 0.70382372 0.70927652 0.77479893] 
 recall: [0.03267974 0.87112631 0.62377944 0.90078918 0.44530046] 
 f1: [0.06116208 0.84581863 0.66138855 0.79364291 0.56555773] 
 f1_avg: 0.7544811393263069

--- 1048.2575178146362 seconds ---

Train Epoch: 70 accuracy: 0.94 
 precision: [0.75882353 0.97346453 0.892167   0.95008267 0.88105727] 
 recall: [0.99230769 0.9379712  0.92192598 0.95347798 0.96273292] 
 f1: [0.86       0.95538833 0.9068024  0.9517773  0.92008607] 
 f1_avg: 0.9403042930953281


Validation Epoch: 70 accuracy: 0.76 
 precision: [0.3030303  0.81911884 0.70755968 0.68680851 0.77096774] 
 recall: [0.03267974 0.86621073 0.61286617 0.90980834 0.36825886] 
 f1: [0.05899705 0.84200686 0.65681748 0.78273521 0.49843587] 
 f1_avg: 0.7447130344261077

Early stopping!

Test Epoch: accuracy: 0.78 
 precision: [0.2173913  0.79001996 0.70684434 0.81614559 0.6124031 ] 
 recall: [1.         0.91599167 0.64475138 0.81160093 0.11566618] 
 f1: [0.35714286 0.84835495 0.67437157 0.81386691 0.19458128] 
 f1_avg: 0.7547285784287552

--- 1064.1877000331879 seconds ---

Test Epoch: accuracy: 0.77 
 precision: [0.52631579 0.82387396 0.68920596 0.72511416 0.77718833] 
 recall: [0.03267974 0.87176747 0.638139   0.8951522  0.45146379] 
 f1: [0.06153846 0.84714434 0.66269013 0.8012109  0.5711501 ] 
 f1_avg: 0.7572835499655377

--- 1064.6151299476624 seconds ---
