{'name': 'bonobo_wav2vec2_lstm_ar_bi_42', 'data_path': '/data/zifjia/data_bonobo/wav2vec2_split_42', 'test_only': False, 'balance_weights': True, 'model_type': 'lstm', 'model_autoregressive': True, 'n_embedding': 768, 'd_hid': 1024, 'nlayers': 2, 'batch_size': 1, 'n_epoch': 200, 'lr': 0.0001, 'dropout': 0.4, 'patience': 10, 'step_factor': 0.7, 'seed': 42}
cuda
Reading data ...
train, dev, test number of files: 22, 3, 3.
dev files:  ['1758', '861', '2100']
test files:  ['960', '1398', '852']
data_all: (33867, 769)
train_data_all: (29950, 769)
Labels in train_data_all:  {0: 27185, 1: 100, 2: 230, 3: 90, 4: 131, 5: 473, 6: 70, 7: 878, 8: 0, 9: 0, 10: 38, 11: 205, 12: 129, 13: 19, 14: 124, 15: 90, 16: 148, 17: 32, 18: 8}
--- 1.4646515846252441 seconds ---
LSTM(
  (lstm_forward): LSTM(787, 1024, num_layers=2, dropout=0.4)
  (hidden2tag_forward): Linear(in_features=1024, out_features=19, bias=True)
  (lstm_backward): LSTM(787, 1024, num_layers=2, dropout=0.4)
  (hidden2tag_backward): Linear(in_features=1024, out_features=19, bias=True)
)
Number of parameters: 31684646

Train Epoch: 1 accuracy: 0.22 
 precision: [0.89949971 0.         0.00494845 1.         0.         1.
 0.         0.0864994  0.         1.         1.         0.
 1.         0.         0.         0.         1.         0.
 0.        ] 
 recall: [0.22486665 0.         0.05217391 0.         0.         0.
 0.         0.41230068 1.         1.         0.         0.
 0.         0.         0.         0.         0.         0.
 0.        ] 
 f1: [0.35978929 0.         0.00903955 0.         0.         0.
 0.         0.14299822 0.         1.         0.         0.
 0.         0.         0.         0.         0.         0.
 0.        ] 
 f1_avg: 0.3308348411742657


Validation Epoch: 1 accuracy: 0.15 
 precision: [1.        1.        1.        1.        1.        1.        1.
 0.0446281 1.        1.        1.        1.        1.        1.
 1.        1.        1.        1.        1.       ] 
 recall: [0.11769481 0.         0.         1.         0.         0.
 0.         1.         1.         1.         1.         1.
 1.         1.         1.         1.         1.         1.
 1.        ] 
 f1: [0.21060276 0.         0.         1.         0.         0.
 0.         0.08544304 1.         1.         1.         1.
 1.         1.         1.         1.         1.         1.
 1.        ] 
 f1_avg: 0.19489042354641303

New best val score, save model ...
--- 90.02888560295105 seconds ---

Train Epoch: 2 accuracy: 0.10 
 precision: [1.         1.         1.         1.         1.         1.
 1.         0.03160206 1.         1.         1.         1.
 1.         1.         1.         1.         1.         1.
 1.        ] 
 recall: [0.07971308 0.         0.         0.         0.         0.
 0.         1.         1.         1.         0.         0.
 0.         0.         0.         0.         0.         0.
 0.        ] 
 f1: [0.14765604 0.         0.         0.         0.         0.
 0.         0.06126793 1.         1.         0.         0.
 0.         0.         0.         0.         0.         0.
 0.        ] 
 f1_avg: 0.1358204542862559


Validation Epoch: 2 accuracy: 0.42 
 precision: [0.98359073 1.         1.         1.         1.         1.
 1.         0.06451613 1.         1.         1.         1.
 1.         1.         1.         1.         1.         1.
 1.        ] 
 recall: [0.41355519 0.         0.         1.         0.         0.
 0.         1.         1.         1.         1.         1.
 1.         1.         1.         1.         1.         1.
 1.        ] 
 f1: [0.58228571 0.         0.         1.         0.         0.
 0.         0.12121212 1.         1.         1.         1.
 1.         1.         1.         1.         1.         1.
 1.        ] 
 f1_avg: 0.5342593760483059

New best val score, save model ...
--- 174.41622519493103 seconds ---

Train Epoch: 3 accuracy: 0.55 
 precision: [0.97170282 0.2293578  1.         0.21641791 1.         1.
 1.         0.05554323 1.         1.         1.         0.42424242
 1.         1.         1.         1.         1.         1.
 1.        ] 
 recall: [0.57347802 0.5        0.         0.32222222 0.         0.
 0.         0.85535308 1.         1.         0.         0.06829268
 0.         0.         0.         0.         0.         0.
 0.        ] 
 f1: [0.72127507 0.31446541 0.         0.25892857 0.         0.
 0.         0.1043128  1.         1.         0.         0.11764706
 0.         0.         0.         0.         0.         0.
 0.        ] 
 f1_avg: 0.6603778689359313


Validation Epoch: 3 accuracy: 0.57 
 precision: [0.97350543 0.01075269 1.         0.         1.         1.
 1.         0.10865191 1.         1.         0.         1.
 1.         1.         1.         1.         1.         1.
 1.        ] 
 recall: [0.58157468 0.02272727 0.         1.         0.         0.
 0.         1.         1.         1.         1.         1.
 1.         1.         1.         1.         1.         1.
 1.        ] 
 f1: [0.72815041 0.01459854 0.         0.         0.         0.
 0.         0.19600726 1.         1.         0.         1.
 1.         1.         1.         1.         1.         1.
 1.        ] 
 f1_avg: 0.6701010042145675

New best val score, save model ...
--- 259.13298201560974 seconds ---

Train Epoch: 4 accuracy: 0.52 
 precision: [0.99021486 0.02784903 1.         0.0284658  1.         1.
 1.         0.08757615 1.         1.         0.00470958 0.25
 1.         1.         1.         1.         1.         1.
 0.38095238] 
 recall: [0.53231562 0.76       0.         0.85555556 0.         0.
 0.         0.91685649 1.         1.         0.07894737 0.06341463
 0.         0.         0.         0.         0.         0.
 1.        ] 
 f1: [0.69240891 0.05372923 0.         0.05509839 0.         0.
 0.         0.15988083 1.         1.         0.00888889 0.10116732
 0.         0.         0.         0.         0.         0.
 0.55172414] 
 f1_avg: 0.634368421392615


Validation Epoch: 4 accuracy: 0.48 
 precision: [0.98671096 0.         1.         0.         1.         1.
 1.         0.20037106 1.         1.         0.         1.
 1.         1.         1.         1.         1.         1.
 0.        ] 
 recall: [0.48214286 0.         0.         1.         0.         0.
 0.         1.         1.         1.         1.         1.
 1.         1.         1.         1.         1.         1.
 1.        ] 
 f1: [0.64776445 0.         0.         0.         0.         0.
 0.         0.33384853 1.         1.         0.         1.
 1.         1.         1.         1.         1.         1.
 0.        ] 
 f1_avg: 0.6022683558949752

--- 343.5866606235504 seconds ---

Train Epoch: 5 accuracy: 0.46 
 precision: [0.99722222 0.09285051 0.19075145 0.01409026 1.         0.77272727
 1.         0.13100642 1.         1.         0.00706714 0.2610687
 0.04651163 1.         1.         1.         1.         1.
 0.01353638] 
 recall: [0.46220342 1.         0.14347826 0.76666667 0.         0.0359408
 0.         0.95330296 1.         1.         0.57894737 0.83414634
 0.13953488 0.         0.         0.51111111 0.         0.
 1.        ] 
 f1: [0.63164509 0.16992353 0.16377171 0.02767195 0.         0.06868687
 0.         0.23035641 1.         1.         0.01396382 0.39767442
 0.06976744 0.         0.         0.67647059 0.         0.
 0.02671119] 
 f1_avg: 0.5881573921567566


Validation Epoch: 5 accuracy: 0.58 
 precision: [0.97666667 0.10550459 1.         0.         1.         0.
 1.         0.17551963 1.         1.         0.         1.
 1.         1.         1.         0.         1.         1.
 1.        ] 
 recall: [0.59456169 0.52272727 0.         1.         0.         0.
 0.         0.7037037  1.         1.         1.         1.
 1.         1.         1.         1.         1.         1.
 1.        ] 
 f1: [0.73915237 0.17557252 0.         0.         0.         0.
 0.         0.28096118 1.         1.         0.         1.
 1.         1.         1.         0.         1.         1.
 1.        ] 
 f1_avg: 0.6861034839815415

New best val score, save model ...
--- 428.4606204032898 seconds ---

Train Epoch: 6 accuracy: 0.60 
 precision: [0.99039723 0.11013216 0.41269841 0.04709937 1.         0.50980392
 1.         0.2103879  1.         1.         0.00629891 0.61061947
 0.17094017 0.09134615 0.27525253 0.11538462 1.         1.
 0.02      ] 
 recall: [0.61081479 1.         0.33913043 0.91111111 0.         0.05496829
 0.         0.72892938 1.         1.         0.86842105 0.33658537
 0.15503876 1.         0.87903226 1.         0.         0.
 1.        ] 
 f1: [0.75561421 0.1984127  0.37231504 0.08956854 0.         0.09923664
 0.         0.32653061 1.         1.         0.01250711 0.43396226
 0.16260163 0.16740088 0.41923077 0.20689655 0.         0.
 0.03921569] 
 f1_avg: 0.7069466680087524


Validation Epoch: 6 accuracy: 0.58 
 precision: [0.97327989 1.         0.         0.         1.         1.
 1.         0.10475267 1.         1.         1.         0.
 0.         1.         1.         1.         1.         1.
 0.        ] 
 recall: [0.59131494 0.         0.         1.         0.         0.
 0.         1.         1.         1.         1.         1.
 1.         1.         1.         1.         1.         1.
 1.        ] 
 f1: [0.73567281 0.         0.         0.         0.         0.
 0.         0.18964004 1.         1.         1.         0.
 0.         1.         1.         1.         1.         1.
 0.        ] 
 f1_avg: 0.6764497887002782

--- 512.7330005168915 seconds ---

Train Epoch: 7 accuracy: 0.58 
 precision: [0.99702823 0.26702997 0.39370079 0.11401099 0.66666667 0.29545455
 0.16037736 0.11494436 1.         1.         0.0249501  0.30221519
 0.01461039 1.         0.2481203  0.50847458 1.         0.19230769
 0.00516462] 
 recall: [0.59238551 0.98       0.2173913  0.92222222 0.01526718 0.05496829
 0.48571429 0.82346241 1.         1.         0.65789474 0.93170732
 0.27906977 0.         0.26612903 1.         0.         0.15625
 1.        ] 
 f1: [0.74319865 0.41970021 0.28011204 0.20293399 0.02985075 0.09269162
 0.24113475 0.20172991 1.         1.         0.04807692 0.45639188
 0.02776707 0.         0.25680934 0.6741573  0.         0.17241379
 0.01027617] 
 f1_avg: 0.6934008103766893


Validation Epoch: 7 accuracy: 0.51 
 precision: [0.98831776 0.         0.         0.         1.         0.
 1.         0.12428078 1.         1.         0.         1.
 1.         1.         1.         1.         1.         1.
 1.        ] 
 recall: [0.51501623 0.         0.         1.         0.         0.
 0.         1.         1.         1.         1.         1.
 1.         1.         1.         1.         1.         1.
 1.        ] 
 f1: [0.67716115 0.         0.         0.         0.         0.
 0.         0.22108495 1.         1.         0.         1.
 1.         1.         1.         1.         1.         1.
 1.        ] 
 f1_avg: 0.6245026771469661

--- 596.7809047698975 seconds ---

Train Epoch: 8 accuracy: 0.58 
 precision: [0.99667328 0.22121896 0.0677452  0.05016502 0.83333333 0.57073171
 0.         0.1516165  1.         1.         0.01112347 0.51538462
 0.15808824 0.53125    0.25204918 0.60810811 1.         0.06680585
 0.21621622] 
 recall: [0.57307339 0.98       0.5826087  0.84444444 0.03816794 0.49471459
 0.         0.92938497 1.         1.         0.78947368 0.32682927
 0.66666667 0.89473684 0.99193548 1.         0.15540541 1.
 1.        ] 
 f1: [0.72771861 0.36095764 0.12137681 0.09470405 0.0729927  0.53001133
 0.         0.26070288 1.         1.         0.02193784 0.4
 0.25557207 0.66666667 0.40196078 0.75630252 0.26900585 0.12524462
 0.35555556] 
 f1_avg: 0.6890739677046628


Validation Epoch: 8 accuracy: 0.63 
 precision: [0.97104946 0.         0.         0.         0.         0.
 1.         0.15384615 1.         1.         1.         0.
 1.         1.         1.         0.         1.         1.
 1.        ] 
 recall: [0.65340909 0.         0.         1.         0.         0.
 0.         0.96296296 1.         1.         1.         1.
 1.         1.         1.         1.         1.         1.
 1.        ] 
 f1: [0.78117419 0.         0.         0.         0.         0.
 0.         0.26530612 1.         1.         1.         0.
 1.         1.         1.         0.         1.         1.
 1.        ] 
 f1_avg: 0.7208362578234107

New best val score, save model ...
--- 681.9366784095764 seconds ---

Train Epoch: 9 accuracy: 0.71 
 precision: [0.99782845 0.10672359 0.28823529 0.1457976  0.45695364 0.4982699
 0.08594816 0.215771   1.         1.         0.03527607 0.23264781
 0.12133891 0.36585366 0.24117647 0.36437247 0.27291242 0.07455013
 0.01149425] 
 recall: [0.70991356 1.         0.21304348 0.94444444 0.52671756 0.30443975
 0.9        0.91002278 1.         1.         0.60526316 0.88292683
 0.2248062  0.78947368 0.99193548 1.         0.90540541 0.90625
 1.        ] 
 f1: [0.82960065 0.19286403 0.245      0.2526003  0.4893617  0.37795276
 0.15691158 0.34883213 1.         1.         0.06666667 0.36826043
 0.1576087  0.5        0.38801262 0.53412463 0.41940532 0.13776722
 0.02272727] 
 f1_avg: 0.7840369293121725


Validation Epoch: 9 accuracy: 0.61 
 precision: [0.97069825 1.         0.         0.         1.         1.
 1.         0.13121019 1.         1.         0.         1.
 1.         1.         1.         1.         1.         1.
 0.        ] 
 recall: [0.63189935 0.         0.         1.         0.         0.
 0.         0.9537037  1.         1.         1.         1.
 1.         1.         1.         1.         1.         1.
 1.        ] 
 f1: [0.76548673 0.         0.         0.         0.         0.
 0.         0.23068309 1.         1.         0.         1.
 1.         1.         1.         1.         1.         1.
 0.        ] 
 f1_avg: 0.7051930132219892

--- 766.2797582149506 seconds ---

Train Epoch: 10 accuracy: 0.65 
 precision: [0.99815178 0.14754098 0.08281054 0.0854606  0.40769231 0.56022945
 0.16613419 0.17960353 1.         1.         0.02008032 0.06896552
 0.07351779 0.15966387 0.1226321  0.3358209  1.         0.
 0.2962963 ] 
 recall: [0.65558212 0.72       0.57391304 0.85555556 0.40458015 0.61945032
 0.74285714 0.85649203 1.         1.         0.65789474 0.0097561
 0.72093023 1.         0.99193548 1.         0.         0.
 1.        ] 
 f1: [0.79138544 0.24489796 0.14473684 0.15539859 0.40613027 0.58835341
 0.27154047 0.29693978 1.         1.         0.03897116 0.01709402
 0.13342898 0.27536232 0.21827862 0.5027933  0.         0.
 0.45714286] 
 f1_avg: 0.7445808974183985


Validation Epoch: 10 accuracy: 0.70 
 precision: [0.97085807 0.         1.         0.         1.         1.
 1.         0.16589147 1.         1.         0.         1.
 1.         1.         1.         1.         1.         1.
 1.        ] 
 recall: [0.73011364 0.         0.         1.         0.         0.
 0.         0.99074074 1.         1.         1.         1.
 1.         1.         1.         1.         1.         1.
 1.        ] 
 f1: [0.83344915 0.         0.         0.         0.         0.
 0.         0.28419655 1.         1.         0.         1.
 1.         1.         1.         1.         1.         1.
 1.        ] 
 f1_avg: 0.7691187984476188

New best val score, save model ...
--- 851.108300447464 seconds ---

Train Epoch: 11 accuracy: 0.76 
 precision: [0.9910257  0.11654676 1.         0.13754045 0.36440678 0.63565891
 0.13785558 0.38130312 1.         1.         0.01556824 0.41721854
 0.11764706 0.27659574 0.17372881 0.38461538 0.33806818 0.06464646
 0.03791469] 
 recall: [0.77586905 0.81       0.         0.94444444 0.65648855 0.17336152
 0.9        0.76651481 1.         1.         0.78947368 0.92195122
 0.31007752 0.68421053 0.99193548 1.         0.80405405 1.
 1.        ] 
 f1: [0.87034745 0.20377358 0.         0.24011299 0.46866485 0.27242525
 0.23908918 0.50926977 1.         1.         0.03053435 0.57446809
 0.17057569 0.39393939 0.29567308 0.55555556 0.476      0.12144213
 0.07305936] 
 f1_avg: 0.8235895705816637


Validation Epoch: 11 accuracy: 0.64 
 precision: [0.97832631 0.         1.         0.         0.         1.
 1.         0.13989637 1.         1.         1.         1.
 1.         1.         1.         1.         1.         1.
 1.        ] 
 recall: [0.65949675 0.         0.         1.         0.         0.
 0.         1.         1.         1.         1.         1.
 1.         1.         1.         1.         1.         1.
 1.        ] 
 f1: [0.78787879 0.         0.         0.         0.         0.
 0.         0.24545455 1.         1.         1.         1.
 1.         1.         1.         1.         1.         1.
 1.        ] 
 f1_avg: 0.7261411159566141

--- 935.7007031440735 seconds ---

Train Epoch: 12 accuracy: 0.71 
 precision: [0.9978534  0.08097166 0.65789474 0.24404762 0.22015915 0.42671984
 0.11165846 0.19654428 1.         1.         0.06236559 0.57777778
 0.19143577 0.17924528 0.20330579 0.45685279 0.125      0.00598802
 0.00892857] 
 recall: [0.70108516 1.         0.10869565 0.91111111 0.63358779 0.90486258
 0.97142857 0.93280182 1.         1.         0.76315789 0.50731707
 0.58914729 1.         0.99193548 1.         0.06081081 0.03125
 1.        ] 
 f1: [0.82354975 0.14981273 0.18656716 0.38497653 0.32677165 0.5799458
 0.20029455 0.3246779  1.         1.         0.11530815 0.54025974
 0.28897338 0.304      0.33744856 0.6271777  0.08181818 0.01005025
 0.01769912] 
 f1_avg: 0.7801669165325108


Validation Epoch: 12 accuracy: 0.63 
 precision: [0.98523985 0.         1.         0.         1.         0.
 1.         0.17258065 1.         1.         0.         0.
 0.         1.         1.         1.         1.         1.
 1.        ] 
 recall: [0.65016234 0.         0.         1.         0.         0.
 0.         0.99074074 1.         1.         1.         1.
 1.         1.         1.         1.         1.         1.
 1.        ] 
 f1: [0.78337408 0.         0.         0.         0.         0.
 0.         0.29395604 1.         1.         0.         0.
 0.         1.         1.         1.         1.         1.
 1.        ] 
 f1_avg: 0.7239782264127484

--- 1019.5441944599152 seconds ---

Train Epoch: 13 accuracy: 0.67 
 precision: [0.99858457 0.18333333 0.48275862 0.12390671 0.26449275 0.51428571
 0.06779661 0.36062557 1.         1.         0.01003433 0.28613569
 0.15068493 0.         0.15932642 0.57692308 0.17269545 0.
 0.42105263] 
 recall: [0.6747471  0.99       0.06086957 0.94444444 0.55725191 0.07610994
 0.85714286 0.8929385  1.         1.         1.         0.94634146
 0.51162791 0.         0.99193548 1.         1.         0.
 1.        ] 
 f1: [0.80532994 0.309375   0.10810811 0.21907216 0.35872236 0.13259669
 0.12565445 0.51376147 1.         1.         0.01986928 0.4394111
 0.23280423 0.         0.27455357 0.73170732 0.29452736 0.
 0.59259259] 
 f1_avg: 0.7615057634054371


Validation Epoch: 13 accuracy: 0.78 
 precision: [0.94997662 0.         0.         0.         0.         1.
 1.         0.24166667 1.         1.         1.         1.
 1.         1.         1.         1.         1.         1.
 0.        ] 
 recall: [0.82467532 0.         0.         1.         0.         0.
 0.         0.80555556 1.         1.         1.         1.
 1.         1.         1.         1.         1.         1.
 1.        ] 
 f1: [0.88290245 0.         0.         0.         0.         0.
 0.         0.37179487 1.         1.         1.         1.
 1.         1.         1.         1.         1.         1.
 0.        ] 
 f1_avg: 0.8175739834237863

New best val score, save model ...
--- 1103.4763062000275 seconds ---

Train Epoch: 14 accuracy: 0.78 
 precision: [0.99577769 0.17391304 0.18983957 0.24148607 0.06847765 0.47826087
 0.09253731 0.41791045 1.         1.         0.17777778 0.75675676
 0.21925134 0.05775076 0.17299578 0.55214724 0.75675676 0.04712813
 0.18604651] 
 recall: [0.79812397 1.         0.30869565 0.86666667 0.92366412 0.34883721
 0.88571429 0.8929385  1.         1.         0.21052632 0.13658537
 0.31782946 1.         0.99193548 1.         0.18918919 1.
 1.        ] 
 f1: [0.88606199 0.2962963  0.23509934 0.37772397 0.12750263 0.40342298
 0.16756757 0.56935367 1.         1.         0.19277108 0.23140496
 0.25949367 0.1091954  0.29461078 0.71146245 0.3027027  0.09001406
 0.31372549] 
 f1_avg: 0.8402505302177293


Validation Epoch: 14 accuracy: 0.69 
 precision: [0.96312364 0.         1.         0.         1.         0.
 1.         0.16614907 1.         1.         0.         1.
 0.         1.         1.         1.         1.         1.
 1.        ] 
 recall: [0.72077922 0.         0.         1.         0.         0.
 0.         0.99074074 1.         1.         1.         1.
 1.         1.         1.         1.         1.         1.
 1.        ] 
 f1: [0.82451253 0.         0.         0.         0.         0.
 0.         0.28457447 1.         1.         0.         1.
 0.         1.         1.         1.         1.         1.
 1.        ] 
 f1_avg: 0.7610084606446729

--- 1187.4440519809723 seconds ---

Train Epoch: 15 accuracy: 0.75 
 precision: [0.99735799 0.20833333 0.67532468 0.20334928 0.45901639 0.4548552
 0.0781457  0.31018868 1.         1.         0.01518178 0.78205128
 0.3038674  1.         0.19870759 0.67164179 0.2890625  0.
 0.07692308] 
 recall: [0.74986206 1.         0.22608696 0.94444444 0.42748092 0.56448203
 0.84285714 0.93621868 1.         1.         1.         0.59512195
 0.85271318 0.         0.99193548 1.         1.         0.
 1.        ] 
 f1: [0.85608097 0.34482759 0.33876221 0.33464567 0.44268775 0.50377358
 0.1430303  0.46598639 1.         1.         0.02990948 0.67590028
 0.44806517 0.         0.33109017 0.80357143 0.44848485 0.
 0.14285714] 
 f1_avg: 0.8183270186183023


Validation Epoch: 15 accuracy: 0.64 
 precision: [0.98592411 0.         0.04       0.         0.10294118 0.
 0.         0.14153439 1.         1.         0.         0.
 0.         1.         1.         1.         1.         1.
 1.        ] 
 recall: [0.65381494 0.         0.02702703 1.         0.175      0.
 0.         0.99074074 1.         1.         1.         1.
 1.         1.         1.         1.         1.         1.
 1.        ] 
 f1: [0.78623719 0.         0.03225806 0.         0.12962963 0.
 0.         0.24768519 1.         1.         0.         0.
 0.         1.         1.         1.         1.         1.
 1.        ] 
 f1_avg: 0.727091205518236

--- 1271.7468502521515 seconds ---

Train Epoch: 16 accuracy: 0.70 
 precision: [0.99766124 0.17985612 0.26589595 0.19285714 0.0455187  0.28989362
 0.05728728 0.37963892 1.         1.         0.05860806 0.32214765
 0.26382979 1.         0.15994798 0.48913043 0.61403509 0.03897686
 0.15384615] 
 recall: [0.7061247  1.         0.4        0.9        0.98473282 0.23044397
 0.97142857 0.86218679 1.         1.         0.42105263 0.93658537
 0.48062016 0.47368421 0.99193548 1.         0.23648649 1.
 1.        ] 
 f1: [0.82695042 0.30487805 0.31944444 0.31764706 0.08701518 0.25677267
 0.10819411 0.52715877 1.         1.         0.10289389 0.47940075
 0.34065934 0.64285714 0.27547592 0.65693431 0.34146341 0.07502931
 0.26666667] 
 f1_avg: 0.7854145972979079


Validation Epoch: 16 accuracy: 0.65 
 precision: [0.97916667 0.         1.         0.         1.         0.
 1.         0.13235294 1.         1.         1.         1.
 1.         1.         1.         1.         1.         1.
 0.        ] 
 recall: [0.66761364 0.         0.         1.         0.         0.
 0.         1.         1.         1.         1.         1.
 1.         1.         1.         1.         1.         1.
 1.        ] 
 f1: [0.79391892 0.         0.         0.         0.         0.
 0.         0.23376623 1.         1.         1.         1.
 1.         1.         1.         1.         1.         1.
 0.        ] 
 f1_avg: 0.7311671474033098

--- 1355.6935753822327 seconds ---

Train Epoch: 17 accuracy: 0.78 
 precision: [0.99784038 0.25136612 0.35984848 0.18220339 0.18774704 0.45959596
 0.06666667 0.24835165 1.         1.         0.07494145 0.60352423
 0.31803279 0.2345679  0.1952381  0.63380282 0.5        1.
 0.13559322] 
 recall: [0.78182821 0.92       0.41304348 0.95555556 0.72519084 0.76955603
 0.91428571 0.90091116 1.         1.         0.84210526 0.66829268
 0.75193798 1.         0.99193548 1.         0.79054054 0.
 1.        ] 
 f1: [0.87672476 0.39484979 0.38461538 0.30604982 0.29827316 0.57549407
 0.12427184 0.38936746 1.         1.         0.13763441 0.63425926
 0.44700461 0.38       0.32625995 0.77586207 0.61256545 0.
 0.23880597] 
 f1_avg: 0.8365305693342868


Validation Epoch: 17 accuracy: 0.58 
 precision: [0.98563611 0.         0.18867925 0.         0.06666667 0.
 0.         0.11842105 1.         1.         0.         1.
 0.         1.         1.         1.         1.         1.
 1.        ] 
 recall: [0.58482143 0.         0.54054054 1.         0.05       0.
 0.         1.         1.         1.         1.         1.
 1.         1.         1.         1.         1.         1.
 1.        ] 
 f1: [0.73408049 0.         0.27972028 0.         0.05714286 0.
 0.         0.21176471 1.         1.         0.         1.
 0.         1.         1.         1.         1.         1.
 1.        ] 
 f1_avg: 0.6805462280012525

--- 1439.4858264923096 seconds ---

Train Epoch: 18 accuracy: 0.62 
 precision: [0.99970208 0.12254902 0.15847861 0.28301887 0.1637931  0.19354839
 0.03248731 0.2095689  1.         1.         0.01286174 0.45321637
 0.28278689 0.22093023 0.16576819 0.55921053 0.3968254  0.03010348
 0.08      ] 
 recall: [0.61717859 1.         0.43478261 0.83333333 0.4351145  0.06342495
 0.91428571 0.95785877 1.         1.         0.73684211 0.75609756
 0.53488372 1.         0.99193548 0.94444444 0.16891892 1.
 1.        ] 
 f1: [0.76319141 0.21834061 0.23228804 0.42253521 0.23799582 0.0955414
 0.0627451  0.34389695 1.         1.         0.02528217 0.56672761
 0.36997319 0.36190476 0.28406467 0.70247934 0.23696682 0.05844749
 0.14814815] 
 f1_avg: 0.7195881668576454


Validation Epoch: 18 accuracy: 0.85 
 precision: [0.96430145 1.         1.         0.         1.         1.
 1.         0.32704403 1.         1.         1.         1.
 1.         1.         1.         0.         1.         1.
 1.        ] 
 recall: [0.88798701 0.         0.         1.         0.         0.
 0.         0.96296296 1.         1.         1.         1.
 1.         1.         1.         1.         1.         1.
 1.        ] 
 f1: [0.92457215 0.         0.         0.         0.         0.
 0.         0.48826291 1.         1.         1.         1.
 1.         1.         1.         0.         1.         1.
 1.        ] 
 f1_avg: 0.8601026491810435

New best val score, save model ...
--- 1523.833280324936 seconds ---

Train Epoch: 19 accuracy: 0.82 
 precision: [0.99104217 0.39370079 0.54255319 0.215      0.11048478 0.4
 1.         0.4290201  1.         1.         0.01853172 0.62605042
 0.33663366 0.26760563 0.22610294 0.25280899 0.20612813 0.
 0.32      ] 
 recall: [0.83428361 1.         0.22173913 0.95555556 0.7480916  0.14799154
 0.         0.77790433 1.         1.         0.68421053 0.72682927
 0.79069767 1.         0.99193548 1.         1.         0.
 1.        ] 
 f1: [0.9059317  0.56497175 0.31481481 0.35102041 0.19253438 0.21604938
 0.         0.55303644 1.         1.         0.03608605 0.67268623
 0.47222222 0.42222222 0.36826347 0.40358744 0.34180139 0.
 0.48484848] 
 f1_avg: 0.8596291381753249


Validation Epoch: 19 accuracy: 0.66 
 precision: [0.98301113 0.         0.         0.         1.         0.
 1.         0.14134742 1.         1.         1.         1.
 1.         1.         1.         1.         1.         1.
 1.        ] 
 recall: [0.68100649 0.         0.         1.         0.         0.
 0.         0.99074074 1.         1.         1.         1.
 1.         1.         1.         1.         1.         1.
 1.        ] 
 f1: [0.80460321 0.         0.         0.         0.         0.
 0.         0.24739884 1.         1.         1.         1.
 1.         1.         1.         1.         1.         1.
 1.        ] 
 f1_avg: 0.7414248675778146

--- 1607.9852321147919 seconds ---

Train Epoch: 20 accuracy: 0.75 
 precision: [0.99867015 0.25906736 0.18379686 0.12396694 0.14634146 0.38448126
 0.04338843 0.27124958 1.         1.         0.10322581 0.56537102
 0.35714286 0.21111111 0.19554849 0.58064516 0.30555556 0.44444444
 0.23529412] 
 recall: [0.74585249 1.         0.66086957 1.         0.59541985 0.93234672
 0.9        0.91230068 1.         1.         0.42105263 0.7804878
 0.54263566 1.         0.99193548 1.         0.14864865 0.125
 1.        ] 
 f1: [0.85394205 0.41152263 0.28760643 0.22058824 0.23493976 0.54444444
 0.08278581 0.41816758 1.         1.         0.16580311 0.6557377
 0.43076923 0.34862385 0.32669323 0.73469388 0.2        0.19512195
 0.38095238] 
 f1_avg: 0.813063723142168


Validation Epoch: 20 accuracy: 0.68 
 precision: [0.97250281 0.         0.         0.         0.         1.
 0.         0.14023591 1.         1.         0.         1.
 1.         1.         1.         1.         1.         1.
 0.        ] 
 recall: [0.70332792 0.         0.         1.         0.         0.
 0.         0.99074074 1.         1.         1.         1.
 1.         1.         1.         1.         1.         1.
 1.        ] 
 f1: [0.81629769 0.         0.         0.         0.         0.
 0.         0.2456946  1.         1.         0.         1.
 1.         1.         1.         1.         1.         1.
 0.        ] 
 f1_avg: 0.7519898635331926

--- 1691.7518117427826 seconds ---

Train Epoch: 21 accuracy: 0.76 
 precision: [0.99851326 0.23474178 0.45901639 0.32098765 0.32155477 0.45714286
 0.05477308 0.30250272 1.         1.         0.0218712  0.67889908
 0.25368732 0.22352941 0.22693727 0.72       0.34343434 0.08659218
 0.22222222] 
 recall: [0.76586353 1.         0.24347826 0.86666667 0.69465649 0.23678647
 1.         0.9498861  1.         1.         0.94736842 0.72195122
 0.66666667 1.         0.99193548 1.         0.91891892 0.96875
 1.        ] 
 f1: [0.86684986 0.38022814 0.31818182 0.46846847 0.43961353 0.31197772
 0.10385757 0.45887208 1.         1.         0.04275534 0.69976359
 0.36752137 0.36538462 0.36936937 0.8372093  0.5        0.15897436
 0.36363636] 
 f1_avg: 0.8259289004017547


Validation Epoch: 21 accuracy: 0.68 
 precision: [0.97200448 0.         0.         0.         1.         0.
 1.         0.1448468  1.         1.         0.         1.
 1.         1.         1.         1.         1.         1.
 1.        ] 
 recall: [0.70454545 0.         0.         1.         0.         0.
 0.         0.96296296 1.         1.         1.         1.
 1.         1.         1.         1.         1.         1.
 1.        ] 
 f1: [0.81694118 0.         0.         0.         0.         0.
 0.         0.25181598 1.         1.         0.         1.
 1.         1.         1.         1.         1.         1.
 1.        ] 
 f1_avg: 0.7528188873548043

--- 1775.7621638774872 seconds ---

Train Epoch: 22 accuracy: 0.80 
 precision: [0.99931341 0.24449878 0.27923211 0.2284264  0.07625272 0.45423143
 0.2        0.33777038 1.         1.         0.06570842 0.49162011
 0.41333333 0.2375     0.20568562 0.58064516 0.51376147 0.11567164
 0.18604651] 
 recall: [0.80308994 1.         0.69565217 1.         0.80152672 0.55602537
 0.02857143 0.92482916 1.         1.         0.84210526 0.85853659
 0.48062016 1.         0.99193548 1.         0.75675676 0.96875
 1.        ] 
 f1: [0.89052048 0.39292731 0.3985056  0.37190083 0.13925729 0.5
 0.05       0.49482023 1.         1.         0.12190476 0.62522202
 0.44444444 0.38383838 0.34072022 0.73469388 0.61202186 0.20666667
 0.31372549] 
 f1_avg: 0.8504646878786002


Validation Epoch: 22 accuracy: 0.80 
 precision: [0.95460798 0.         0.         0.         1.         1.
 0.         0.23114355 1.         1.         1.         1.
 1.         1.         1.         1.         1.         1.
 1.        ] 
 recall: [0.84496753 0.         0.         1.         0.         0.
 0.         0.87962963 1.         1.         1.         1.
 1.         1.         1.         1.         1.         1.
 1.        ] 
 f1: [0.89644779 0.         0.         0.         0.         0.
 0.         0.36608863 1.         1.         1.         1.
 1.         1.         1.         1.         1.         1.
 1.        ] 
 f1_avg: 0.8296623376420615

--- 1859.789620399475 seconds ---

Train Epoch: 23 accuracy: 0.87 
 precision: [0.99658859 0.26041667 0.45814978 0.32954545 0.5170068  0.56355932
 0.07942238 0.54703135 1.         1.         0.06349206 0.94285714
 0.33333333 0.22891566 0.29216152 0.63380282 0.40882353 0.22222222
 0.25806452] 
 recall: [0.88118448 1.         0.45217391 0.96666667 0.58015267 0.56236786
 0.94285714 0.93394077 1.         1.         0.94736842 0.32195122
 0.84496124 1.         0.99193548 1.         0.93918919 0.75
 1.        ] 
 f1: [0.93534028 0.41322314 0.45514223 0.49152542 0.54676259 0.56296296
 0.14650388 0.68994531 1.         1.         0.11900826 0.48
 0.47807018 0.37254902 0.45137615 0.77586207 0.56967213 0.34285714
 0.41025641] 
 f1_avg: 0.9004152767150291


Validation Epoch: 23 accuracy: 0.68 
 precision: [0.96217105 0.         0.         0.         1.         0.
 1.         0.16433566 1.         1.         0.         0.
 1.         1.         1.         1.         1.         1.
 1.        ] 
 recall: [0.71225649 0.         0.         1.         0.         0.
 0.         0.87037037 1.         1.         1.         1.
 1.         1.         1.         1.         1.         1.
 1.        ] 
 f1: [0.81856343 0.         0.         0.         0.         0.
 0.         0.27647059 1.         1.         0.         0.
 1.         1.         1.         1.         1.         1.
 1.        ] 
 f1_avg: 0.7552764287958946

--- 1943.5981221199036 seconds ---

Train Epoch: 24 accuracy: 0.79 
 precision: [0.99828759 0.27777778 0.26791809 0.25069638 0.05939227 0.41906005
 0.44827586 0.55479918 1.         1.         0.04863222 0.27407407
 0.50724638 0.25675676 0.2046589  0.62068966 0.93548387 0.10062893
 0.25806452] 
 recall: [0.79345227 1.         0.6826087  1.         0.98473282 0.67864693
 0.18571429 0.92824601 1.         1.         0.84210526 0.90243902
 0.27131783 1.         0.99193548 1.         0.19594595 1.
 1.        ] 
 f1: [0.88416134 0.43478261 0.38480392 0.40089087 0.11202779 0.51815981
 0.26262626 0.69450362 1.         1.         0.09195402 0.42045455
 0.35353535 0.40860215 0.33931034 0.76595745 0.32402235 0.18285714
 0.41025641] 
 f1_avg: 0.8481826021954852


Validation Epoch: 24 accuracy: 0.67 
 precision: [0.96634885 0.         0.         0.         1.         1.
 0.         0.1370224  1.         1.         1.         0.
 1.         1.         1.         1.         1.         1.
 0.        ] 
 recall: [0.69926948 0.         0.         1.         0.         0.
 0.         0.96296296 1.         1.         1.         1.
 1.         1.         1.         1.         1.         1.
 1.        ] 
 f1: [0.81139628 0.         0.         0.         0.         0.
 0.         0.23990773 1.         1.         1.         0.
 1.         1.         1.         1.         1.         1.
 0.        ] 
 f1_avg: 0.7473027556638651

--- 2027.4090597629547 seconds ---

Train Epoch: 25 accuracy: 0.81 
 precision: [0.99802318 0.26666667 0.43010753 0.29765886 0.44444444 0.45394737
 0.06357856 0.42468619 1.         1.         0.03629417 0.505
 0.23310023 0.19       0.18552036 0.80733945 0.17050691 0.
 0.28571429] 
 recall: [0.81714181 1.         0.52173913 0.98888889 0.39694656 0.14587738
 1.         0.92482916 1.         1.         1.         0.49268293
 0.7751938  1.         0.99193548 0.97777778 1.         0.
 1.        ] 
 f1: [0.89857007 0.42105263 0.47151277 0.45758355 0.41935484 0.2208
 0.11955594 0.58207885 1.         1.         0.07004608 0.49876543
 0.35842294 0.31932773 0.31257942 0.88442211 0.29133858 0.
 0.44444444] 
 f1_avg: 0.8554395684403515


Validation Epoch: 25 accuracy: 0.66 
 precision: [0.96748431 0.         0.         0.         1.         0.
 1.         0.13910761 1.         1.         1.         1.
 1.         1.         1.         0.         1.         1.
 0.        ] 
 recall: [0.68831169 0.         0.         1.         0.         0.
 0.         0.98148148 1.         1.         1.         1.
 1.         1.         1.         1.         1.         1.
 1.        ] 
 f1: [0.80436329 0.         0.         0.         0.         0.
 0.         0.24367816 1.         1.         1.         1.
 1.         1.         1.         0.         1.         1.
 0.        ] 
 f1_avg: 0.7410584470428123

--- 2111.1564848423004 seconds ---

Train Epoch: 26 accuracy: 0.81 
 precision: [0.99955093 0.3125     0.29104478 0.26239067 0.10413081 0.31190476
 0.46031746 0.36564852 1.         1.         0.08515815 0.67730496
 0.48341232 0.88888889 0.2039801  0.33333333 1.         0.04426003
 0.13114754] 
 recall: [0.81876035 1.         0.67826087 1.         0.92366412 0.2769556
 0.41428571 0.94077449 1.         1.         0.92105263 0.93170732
 0.79069767 0.84210526 0.99193548 1.         0.         1.
 1.        ] 
 f1: [0.90016784 0.47619048 0.4073107  0.41570439 0.18716164 0.29339306
 0.43609023 0.52661779 1.         1.         0.155902   0.78439425
 0.6        0.86486486 0.33837689 0.5        0.         0.08476821
 0.23188406] 
 f1_avg: 0.8566961694060858


Validation Epoch: 26 accuracy: 0.70 
 precision: [0.96516613 0.         0.         0.         1.         1.
 0.         0.14542936 1.         1.         1.         1.
 1.         1.         1.         1.         1.         1.
 1.        ] 
 recall: [0.73092532 0.         0.         1.         0.         0.
 0.         0.97222222 1.         1.         1.         1.
 1.         1.         1.         1.         1.         1.
 1.        ] 
 f1: [0.83187067 0.         0.         0.         0.         0.
 0.         0.25301205 1.         1.         1.         1.
 1.         1.         1.         1.         1.         1.
 1.        ] 
 f1_avg: 0.7664408234165538

--- 2195.1470005512238 seconds ---

Train Epoch: 27 accuracy: 0.82 
 precision: [0.99950595 0.33557047 0.40860215 0.3037037  0.24833703 0.47773767
 0.0619469  0.34163265 1.         1.         0.07916667 0.68783069
 0.3625     0.13669065 0.24165029 0.37190083 1.         0.1147541
 0.36363636] 
 recall: [0.81861321 1.         0.49565217 0.91111111 0.85496183 0.83932347
 1.         0.95330296 1.         1.         1.         0.63414634
 0.6744186  1.         0.99193548 1.         0.22297297 0.4375
 1.        ] 
 f1: [0.90006067 0.50251256 0.44793713 0.45555556 0.38487973 0.60889571
 0.11666667 0.50300481 1.         1.         0.14671815 0.65989848
 0.47154472 0.24050633 0.38862559 0.54216867 0.36464088 0.18181818
 0.53333333] 
 f1_avg: 0.8620349802393222


Validation Epoch: 27 accuracy: 0.83 
 precision: [0.94588745 0.         0.         0.         1.         1.
 1.         0.26373626 1.         1.         1.         1.
 1.         1.         1.         1.         1.         1.
 1.        ] 
 recall: [0.88676948 0.         0.         1.         0.         0.
 0.         0.66666667 1.         1.         1.         1.
 1.         1.         1.         1.         1.         1.
 1.        ] 
 f1: [0.91537495 0.         0.         0.         0.         0.
 0.         0.37795276 1.         1.         1.         1.
 1.         1.         1.         1.         1.         1.
 1.        ] 
 f1_avg: 0.8473441950573938

--- 2279.6377379894257 seconds ---

Train Epoch: 28 accuracy: 0.88 
 precision: [0.99533017 0.27472527 0.34722222 0.21226415 0.18709677 0.53923541
 1.         0.58154982 1.         1.         0.0987013  0.5621118
 0.39776952 0.9375     0.29355609 0.4109589  0.74038462 0.09726444
 0.38095238] 
 recall: [0.89380173 1.         0.76086957 1.         0.44274809 0.56659619
 0.         0.89749431 1.         1.         1.         0.88292683
 0.82945736 0.78947368 0.99193548 1.         0.52027027 1.
 1.        ] 
 f1: [0.9418377  0.43103448 0.47683924 0.35019455 0.26303855 0.55257732
 0.         0.70577698 1.         1.         0.17966903 0.68690702
 0.53768844 0.85714286 0.45303867 0.58252427 0.61111111 0.17728532
 0.55172414] 
 f1_avg: 0.9063798832808645


Validation Epoch: 28 accuracy: 0.68 
 precision: [0.97593733 1.         1.         0.         1.         1.
 0.         0.14051842 1.         1.         1.         1.
 1.         1.         1.         1.         1.         1.
 0.        ] 
 recall: [0.70779221 0.         0.         1.         0.         0.
 0.         0.9537037  1.         1.         1.         1.
 1.         1.         1.         1.         1.         1.
 1.        ] 
 f1: [0.82051282 0.         0.         0.         0.         0.
 0.         0.24494649 1.         1.         1.         1.
 1.         1.         1.         1.         1.         1.
 0.        ] 
 f1_avg: 0.7557925501508742

--- 2363.6595821380615 seconds ---

Train Epoch: 29 accuracy: 0.75 
 precision: [0.9991157  0.40160643 0.5078125  0.24930748 0.03446461 0.50379363
 0.0952381  0.41626095 1.         1.         0.25242718 0.625
 0.49162011 0.17757009 0.23120301 0.55214724 0.55555556 0.29090909
 0.38095238] 
 recall: [0.74809638 1.         0.2826087  1.         1.         0.70190275
 0.97142857 0.9738041  1.         1.         0.68421053 0.65853659
 0.68217054 1.         0.99193548 1.         0.74324324 1.
 1.        ] 
 f1: [0.85557425 0.5730659  0.36312849 0.39911308 0.06663276 0.58657244
 0.17346939 0.58321965 1.         1.         0.36879433 0.64133017
 0.57142857 0.3015873  0.375      0.71146245 0.63583815 0.45070423
 0.55172414] 
 f1_avg: 0.8245182992903902


Validation Epoch: 29 accuracy: 0.73 
 precision: [0.96765914 0.         0.         0.         1.         1.
 0.         0.18198198 1.         1.         0.         0.
 0.         1.         1.         1.         1.         1.
 0.        ] 
 recall: [0.76501623 0.         0.         1.         0.         0.
 0.         0.93518519 1.         1.         1.         1.
 1.         1.         1.         1.         1.         1.
 1.        ] 
 f1: [0.85448776 0.         0.         0.         0.         0.
 0.         0.30467572 1.         1.         0.         0.
 0.         1.         1.         1.         1.         1.
 0.        ] 
 f1_avg: 0.789063771078959

--- 2447.92764210701 seconds ---

Train Epoch: 30 accuracy: 0.82 
 precision: [0.99950635 0.29239766 0.4095941  0.35019455 0.52542373 0.52007648
 0.06822612 0.56303116 1.         1.         0.02226128 0.39310345
 0.21940928 0.33333333 0.28873239 0.61643836 0.58641975 0.11072664
 0.36363636] 
 recall: [0.81927534 1.         0.4826087  1.         0.47328244 0.57505285
 1.         0.90546697 1.         1.         1.         0.83414634
 0.80620155 1.         0.99193548 1.         0.64189189 1.
 1.        ] 
 f1: [0.9004609  0.45248869 0.44311377 0.51873199 0.49799197 0.54618474
 0.12773723 0.69432314 1.         1.         0.04355301 0.534375
 0.34494196 0.5        0.44727273 0.76271186 0.61290323 0.19937695
 0.53333333] 
 f1_avg: 0.8683032367602795


Validation Epoch: 30 accuracy: 0.75 
 precision: [0.96357285 0.         0.         0.         1.         1.
 1.         0.16898955 1.         1.         1.         1.
 1.         1.         1.         1.         1.         1.
 1.        ] 
 recall: [0.78368506 0.         0.         1.         0.         0.
 0.         0.89814815 1.         1.         1.         1.
 1.         1.         1.         1.         1.         1.
 1.        ] 
 f1: [0.86436885 0.         0.         0.         0.         0.
 0.         0.28445748 1.         1.         1.         1.
 1.         1.         1.         1.         1.         1.
 1.        ] 
 f1_avg: 0.7972421557204542

--- 2532.200055837631 seconds ---

Train Epoch: 31 accuracy: 0.87 
 precision: [0.99894737 0.3875969  0.34570312 0.34362934 0.11688312 0.47587719
 0.13623978 0.55127368 1.         1.         0.21556886 0.70742358
 0.53588517 0.3220339  0.29078014 0.57324841 0.78947368 1.
 0.4       ] 
 recall: [0.87272393 1.         0.76956522 0.98888889 0.96183206 0.91754757
 0.71428571 0.96127563 1.         1.         0.94736842 0.7902439
 0.86821705 1.         0.99193548 1.         0.10135135 0.
 1.        ] 
 f1: [0.93157946 0.55865922 0.47708895 0.51002865 0.20843672 0.6267148
 0.22883295 0.70070569 1.         1.         0.35121951 0.74654378
 0.66272189 0.48717949 0.44972578 0.72874494 0.17964072 0.
 0.57142857] 
 f1_avg: 0.8983343087320635


Validation Epoch: 31 accuracy: 0.76 
 precision: [0.96732673 0.         0.         0.         0.         1.
 0.         0.2020202  1.         1.         0.         1.
 1.         1.         1.         0.         1.         1.
 0.        ] 
 recall: [0.79301948 0.         0.         1.         0.         0.
 0.         0.92592593 1.         1.         1.         1.
 1.         1.         1.         1.         1.         1.
 1.        ] 
 f1: [0.87154326 0.         0.         0.         0.         0.
 0.         0.33167496 1.         1.         0.         1.
 1.         1.         1.         0.         1.         1.
 0.        ] 
 f1_avg: 0.8056470480957624

--- 2616.1406943798065 seconds ---

Train Epoch: 32 accuracy: 0.82 
 precision: [0.99884542 0.36231884 0.47583643 0.32608696 0.14035088 0.65
 0.08819715 0.61716418 1.         1.         0.02909648 0.67567568
 0.47787611 0.39583333 0.23929961 0.61643836 0.5        0.0376914
 0.38095238] 
 recall: [0.82740482 1.         0.55652174 1.         0.97709924 0.05496829
 0.97142857 0.94191344 1.         1.         1.         0.85365854
 0.8372093  1.         0.99193548 1.         0.60135135 1.
 1.        ] 
 f1: [0.90507806 0.53191489 0.51302605 0.49180328 0.24544583 0.10136452
 0.16171225 0.74571686 1.         1.         0.05654762 0.75431034
 0.6084507  0.56716418 0.38557994 0.76271186 0.54601227 0.07264472
 0.55172414] 
 f1_avg: 0.8686546875105056


Validation Epoch: 32 accuracy: 0.69 
 precision: [0.96969697 1.         0.         0.         1.         1.
 1.         0.13866667 1.         1.         1.         1.
 1.         1.         1.         1.         1.         1.
 0.        ] 
 recall: [0.71428571 0.         0.         1.         0.         0.
 0.         0.96296296 1.         1.         1.         1.
 1.         1.         1.         1.         1.         1.
 1.        ] 
 f1: [0.82262211 0.         0.         0.         0.         0.
 0.         0.24242424 1.         1.         1.         1.
 1.         1.         1.         1.         1.         1.
 0.        ] 
 f1_avg: 0.7576098495268664

--- 2700.0374641418457 seconds ---

Train Epoch: 33 accuracy: 0.85 
 precision: [0.99892865 0.46082949 0.35010482 0.30405405 0.16234652 0.63414634
 0.07582938 0.46963788 1.         1.         0.36842105 0.7510917
 0.45038168 0.43181818 0.23883495 0.63380282 0.2154294  0.03977273
 0.38095238] 
 recall: [0.85745816 1.         0.72608696 1.         0.90839695 0.10993658
 0.91428571 0.96013667 1.         1.         0.92105263 0.83902439
 0.91472868 1.         0.99193548 1.         1.         0.21875
 1.        ] 
 f1: [0.92280285 0.63091483 0.47241867 0.46632124 0.27546296 0.18738739
 0.14004376 0.63075196 1.         1.         0.52631579 0.79262673
 0.60358056 0.6031746  0.38497653 0.77586207 0.35449102 0.06730769
 0.55172414] 
 f1_avg: 0.8826992661315901


Validation Epoch: 33 accuracy: 0.70 
 precision: [0.96661282 1.         0.         0.         1.         1.
 1.         0.14285714 1.         1.         0.         1.
 1.         1.         1.         1.         1.         1.
 0.        ] 
 recall: [0.72849026 0.         0.         1.         0.         0.
 0.         0.9537037  1.         1.         1.         1.
 1.         1.         1.         1.         1.         1.
 1.        ] 
 f1: [0.8308262  0.         0.         0.         0.         0.
 0.         0.24849216 1.         1.         0.         1.
 1.         1.         1.         1.         1.         1.
 0.        ] 
 f1_avg: 0.765311034752838

--- 2784.167043685913 seconds ---

Train Epoch: 34 accuracy: 0.83 
 precision: [0.99947057 0.36900369 0.46428571 0.29900332 0.10826446 0.53503185
 0.30208333 0.34379968 1.         1.         0.08558559 0.80660377
 0.44656489 0.52777778 0.27152318 0.62068966 0.37299035 0.06765328
 0.38095238] 
 recall: [0.8333272  1.         0.56521739 1.         1.         0.17758985
 0.82857143 0.98519362 1.         1.         1.         0.83414634
 0.90697674 1.         0.99193548 1.         0.78378378 1.
 1.        ] 
 f1: [0.90886843 0.53908356 0.50980392 0.46035806 0.19537658 0.26666667
 0.44274809 0.50972304 1.         1.         0.15767635 0.82014388
 0.59846547 0.69090909 0.42634315 0.76595745 0.50544662 0.12673267
 0.55172414] 
 f1_avg: 0.8687802715974221


Validation Epoch: 34 accuracy: 0.83 
 precision: [0.9436074  0.         0.         0.         1.         1.
 1.         0.25855513 1.         1.         1.         1.
 1.         1.         1.         1.         1.         1.
 1.        ] 
 recall: [0.88961039 0.         0.         1.         0.         0.
 0.         0.62962963 1.         1.         1.         1.
 1.         1.         1.         1.         1.         1.
 1.        ] 
 f1: [0.91581366 0.         0.         0.         0.         0.
 0.         0.36657682 1.         1.         1.         1.
 1.         1.         1.         1.         1.         1.
 1.        ] 
 f1_avg: 0.8472897268144078

--- 2868.517904281616 seconds ---

Train Epoch: 35 accuracy: 0.89 
 precision: [0.99632143 0.31948882 0.45027624 0.39555556 0.36156352 0.5990991
 0.09054594 0.67285588 1.         1.         0.09547739 0.74468085
 0.47598253 0.36538462 0.32887701 0.51136364 0.40065147 0.08376963
 0.4       ] 
 recall: [0.89667096 1.         0.70869565 0.98888889 0.84732824 0.28118393
 0.97142857 0.8667426  1.         1.         1.         0.85365854
 0.84496124 1.         0.99193548 1.         0.83108108 1.
 1.        ] 
 f1: [0.9438733  0.4842615  0.55067568 0.56507937 0.50684932 0.38273381
 0.16565164 0.75759084 1.         1.         0.17431193 0.79545455
 0.60893855 0.53521127 0.4939759  0.67669173 0.54065934 0.15458937
 0.57142857] 
 f1_avg: 0.9108324020809431


Validation Epoch: 35 accuracy: 0.70 
 precision: [0.96864865 0.         0.         0.         1.         1.
 1.         0.15259259 1.         1.         0.         1.
 1.         1.         1.         1.         1.         1.
 0.        ] 
 recall: [0.72727273 0.         0.         1.         0.         0.
 0.         0.9537037  1.         1.         1.         1.
 1.         1.         1.         1.         1.         1.
 1.        ] 
 f1: [0.8307835  0.         0.         0.         0.         0.
 0.         0.26309068 1.         1.         0.         1.
 1.         1.         1.         1.         1.         1.
 0.        ] 
 f1_avg: 0.7658539949266933

--- 2952.933937072754 seconds ---

Train Epoch: 36 accuracy: 0.81 
 precision: [0.99941022 0.42372881 0.33950617 0.23255814 0.07363687 0.39826087
 0.25991189 0.44229765 1.         1.         0.08203991 0.71259843
 0.43884892 0.81818182 0.2039801  0.64748201 0.52017937 0.1025641
 0.38095238] 
 recall: [0.81033658 1.         0.7173913  1.         1.         0.48414376
 0.84285714 0.96469248 1.         1.         0.97368421 0.88292683
 0.94573643 0.94736842 0.99193548 1.         0.78378378 1.
 1.        ] 
 f1: [0.89499665 0.5952381  0.46089385 0.37735849 0.13717277 0.4370229
 0.3973064  0.60651629 1.         1.         0.15132924 0.78867102
 0.5995086  0.87804878 0.33837689 0.7860262  0.62533693 0.18604651
 0.55172414] 
 f1_avg: 0.8611704709294639


Validation Epoch: 36 accuracy: 0.75 
 precision: [0.96348174 1.         0.         0.         1.         1.
 1.         0.16610169 1.         1.         1.         1.
 1.         1.         1.         1.         1.         1.
 0.        ] 
 recall: [0.78165584 0.         0.         1.         0.         0.
 0.         0.90740741 1.         1.         1.         1.
 1.         1.         1.         1.         1.         1.
 1.        ] 
 f1: [0.86309657 0.         0.         0.         0.         0.
 0.         0.28080229 1.         1.         1.         1.
 1.         1.         1.         1.         1.         1.
 0.        ] 
 f1_avg: 0.7959397049855789

--- 3037.5381643772125 seconds ---

Train Epoch: 37 accuracy: 0.88 
 precision: [0.99920738 0.4587156  0.47808765 0.32608696 0.44680851 0.50730689
 0.0877193  0.47828508 1.         1.         0.11014493 0.76328502
 0.54938272 0.18811881 0.2639485  0.65217391 0.53097345 0.1221374
 0.42105263] 
 recall: [0.88107412 1.         0.52173913 1.         0.80152672 0.51374207
 1.         0.97835991 1.         1.         1.         0.77073171
 0.68992248 1.         0.99193548 1.         0.81081081 1.
 1.        ] 
 f1: [0.93642974 0.62893082 0.4989605  0.49180328 0.57377049 0.5105042
 0.16129032 0.64248317 1.         1.         0.19843342 0.76699029
 0.61168385 0.31666667 0.41694915 0.78947368 0.64171123 0.21768707
 0.59259259] 
 f1_avg: 0.9031690663773955


Validation Epoch: 37 accuracy: 0.82 
 precision: [0.95055188 0.         0.         0.         0.         1.
 1.         0.2375     1.         1.         1.         1.
 1.         1.         1.         1.         1.         1.
 0.        ] 
 recall: [0.87378247 0.         0.         1.         0.         0.
 0.         0.7037037  1.         1.         1.         1.
 1.         1.         1.         1.         1.         1.
 1.        ] 
 f1: [0.91055191 0.         0.         0.         0.         0.
 0.         0.35514019 1.         1.         1.         1.
 1.         1.         1.         1.         1.         1.
 0.        ] 
 f1_avg: 0.8420498360156595

--- 3122.1563041210175 seconds ---

Train Epoch: 38 accuracy: 0.88 
 precision: [0.99866349 0.40322581 0.35934292 0.40358744 0.09417685 0.55581948
 0.67924528 0.69470143 1.         1.         0.08137045 0.85024155
 0.51417004 0.83333333 0.31139241 0.66666667 0.5        0.11940299
 0.44444444] 
 recall: [0.87956594 1.         0.76086957 1.         1.         0.49471459
 0.51428571 0.94077449 1.         1.         1.         0.85853659
 0.98449612 0.78947368 0.99193548 1.         0.81081081 1.
 1.        ] 
 f1: [0.93533876 0.57471264 0.48814505 0.57507987 0.17214192 0.52348993
 0.58536585 0.79922593 1.         1.         0.15049505 0.85436893
 0.67553191 0.81081081 0.47398844 0.8        0.6185567  0.21333333
 0.61538462] 
 f1_avg: 0.907480047226094


Validation Epoch: 38 accuracy: 0.74 
 precision: [0.96251266 1.         0.         0.         1.         1.
 1.         0.15384615 1.         1.         1.         1.
 1.         1.         1.         1.         1.         1.
 0.        ] 
 recall: [0.7711039  0.         0.         1.         0.         0.
 0.         0.87037037 1.         1.         1.         1.
 1.         1.         1.         1.         1.         1.
 1.        ] 
 f1: [0.85624155 0.         0.         0.         0.         0.
 0.         0.26147427 1.         1.         1.         1.
 1.         1.         1.         1.         1.         1.
 0.        ] 
 f1_avg: 0.7889366793177854

--- 3206.713278055191 seconds ---

Train Epoch: 39 accuracy: 0.87 
 precision: [0.99962033 0.52356021 0.47863248 0.28391167 0.39622642 0.52566372
 0.06493506 0.52123786 1.         1.         0.08796296 0.65900383
 0.63247863 0.2        0.26226013 0.65217391 0.47286822 0.20253165
 0.42105263] 
 recall: [0.87165716 1.         0.48695652 1.         0.80152672 0.62790698
 1.         0.97835991 1.         1.         1.         0.83902439
 0.57364341 1.         0.99193548 1.         0.82432432 1.
 1.        ] 
 f1: [0.93126351 0.68728522 0.48275862 0.44226044 0.53030303 0.57225434
 0.12195122 0.68012668 1.         1.         0.16170213 0.73819742
 0.60162602 0.33333333 0.4148398  0.78947368 0.60098522 0.33684211
 0.59259259] 
 f1_avg: 0.8998389072260495


Validation Epoch: 39 accuracy: 0.78 
 precision: [0.95091164 0.         0.         0.         1.         1.
 1.         0.17449664 1.         1.         1.         1.
 1.         1.         1.         1.         1.         1.
 0.        ] 
 recall: [0.82548701 0.         0.         1.         0.         0.
 0.         0.72222222 1.         1.         1.         1.
 1.         1.         1.         1.         1.         1.
 1.        ] 
 f1: [0.88377145 0.         0.         0.         0.         0.
 0.         0.28108108 1.         1.         1.         1.
 1.         1.         1.         1.         1.         1.
 0.        ] 
 f1_avg: 0.8147489365071031

--- 3291.1583359241486 seconds ---

Train Epoch: 40 accuracy: 0.90 
 precision: [0.99927276 0.48543689 0.42118863 0.35573123 0.23297491 0.48484848
 0.72413793 0.5566343  1.         1.         0.19095477 0.89385475
 0.48679245 0.72727273 0.3022113  0.65217391 0.58064516 0.05614035
 0.4       ] 
 recall: [0.9098032  1.         0.70869565 1.         0.99236641 0.33826638
 0.6        0.97949886 1.         1.         1.         0.7804878
 1.         0.84210526 0.99193548 1.         0.24324324 1.
 1.        ] 
 f1: [0.95244147 0.65359477 0.52836305 0.52478134 0.37735849 0.3985056
 0.65625    0.70986381 1.         1.         0.32067511 0.83333333
 0.65482234 0.7804878  0.46327684 0.78947368 0.34285714 0.10631229
 0.57142857] 
 f1_avg: 0.918293661848666


Validation Epoch: 40 accuracy: 0.79 
 precision: [0.9400545  0.         0.13186813 0.         0.         0.
 0.         0.18315018 1.         1.         0.         1.
 1.         1.         1.         1.         1.         1.
 0.        ] 
 recall: [0.8400974  0.         0.32432432 1.         0.         0.
 0.         0.46296296 1.         1.         1.         1.
 1.         1.         1.         1.         1.         1.
 1.        ] 
 f1: [0.88726961 0.         0.1875     0.         0.         0.
 0.         0.26246719 1.         1.         0.         1.
 1.         1.         1.         1.         1.         1.
 0.        ] 
 f1_avg: 0.8197477031718132

--- 3375.668449640274 seconds ---

Train Epoch: 41 accuracy: 0.82 
 precision: [0.99892536 0.4        0.21691678 0.39047619 0.13636364 0.53319058
 0.04428288 0.74863388 1.         1.         0.03097773 0.66077739
 0.6        0.44186047 0.29216152 0.64748201 0.31896552 1.
 0.26666667] 
 recall: [0.82063638 1.         0.69130435 0.91111111 0.77862595 0.52642706
 0.95714286 0.93621868 1.         1.         0.84210526 0.91219512
 0.86046512 1.         0.99193548 1.         1.         0.
 1.        ] 
 f1: [0.90104608 0.57142857 0.33021807 0.54666667 0.23208191 0.52978723
 0.0846494  0.83198381 1.         1.         0.05975724 0.76639344
 0.70700637 0.61290323 0.45137615 0.7860262  0.48366013 0.
 0.42105263] 
 f1_avg: 0.873406466747491


Validation Epoch: 41 accuracy: 0.76 
 precision: [0.95863747 0.         0.         0.         0.         0.
 1.         0.16502947 1.         1.         0.         1.
 1.         1.         1.         1.         1.         1.
 0.        ] 
 recall: [0.79951299 0.         0.         1.         0.         0.
 0.         0.77777778 1.         1.         1.         1.
 1.         1.         1.         1.         1.         1.
 1.        ] 
 f1: [0.87187431 0.         0.         0.         0.         0.
 0.         0.27228525 1.         1.         0.         1.
 1.         1.         1.         1.         1.         1.
 0.        ] 
 f1_avg: 0.8035812188983338

--- 3459.944699048996 seconds ---

Train Epoch: 42 accuracy: 0.87 
 precision: [0.99966226 0.41666667 0.47774481 0.3180212  0.11617516 0.48232848
 0.3        0.60265363 1.         1.         0.06859206 0.83333333
 0.50806452 0.76       0.28472222 0.66176471 0.29076621 1.
 0.32      ] 
 recall: [0.87103182 1.         0.7        1.         0.99236641 0.49048626
 0.94285714 0.98291572 1.         1.         1.         0.90243902
 0.97674419 1.         0.99193548 1.         1.         0.
 1.        ] 
 f1: [0.93092467 0.58823529 0.56790123 0.48257373 0.208      0.48637317
 0.45517241 0.74718615 1.         1.         0.12837838 0.86651054
 0.66843501 0.86363636 0.44244604 0.79646018 0.45053272 0.
 0.48484848] 
 f1_avg: 0.900417573267982


Validation Epoch: 42 accuracy: 0.80 
 precision: [0.94934419 0.         0.         0.         1.         1.
 1.         0.18324607 1.         1.         1.         1.
 1.         1.         1.         1.         1.         1.
 0.        ] 
 recall: [0.85186688 0.         0.         1.         0.         0.
 0.         0.64814815 1.         1.         1.         1.
 1.         1.         1.         1.         1.         1.
 1.        ] 
 f1: [0.89796791 0.         0.         0.         0.         0.
 0.         0.28571429 1.         1.         1.         1.
 1.         1.         1.         1.         1.         1.
 0.        ] 
 f1_avg: 0.8278413594219973

--- 3544.4635679721832 seconds ---

Train Epoch: 43 accuracy: 0.90 
 precision: [0.99955153 0.44052863 0.39529915 0.36585366 0.25903614 0.49861111
 0.26587302 0.65372907 1.         1.         0.08775982 0.8209607
 0.6185567  0.63333333 0.31865285 0.66666667 0.64571429 0.15789474
 0.4       ] 
 recall: [0.90185764 1.         0.80434783 1.         0.98473282 0.7589852
 0.95714286 0.97835991 1.         1.         1.         0.91707317
 0.93023256 1.         0.99193548 1.         0.76351351 0.46875
 1.        ] 
 f1: [0.94819484 0.6116208  0.53008596 0.53571429 0.41017488 0.60184409
 0.41614907 0.78375912 1.         1.         0.16135881 0.86635945
 0.74303406 0.7755102  0.48235294 0.8        0.6996904  0.23622047
 0.57142857] 
 f1_avg: 0.921718428497352


Validation Epoch: 43 accuracy: 0.82 
 precision: [0.94189602 0.         0.         0.         1.         0.
 1.         0.17799353 1.         1.         1.         1.
 1.         1.         1.         1.         1.         1.
 0.        ] 
 recall: [0.875      0.         0.         1.         0.         0.
 0.         0.50925926 1.         1.         1.         1.
 1.         1.         1.         1.         1.         1.
 1.        ] 
 f1: [0.90721649 0.         0.         0.         0.         0.
 0.         0.26378897 1.         1.         1.         1.
 1.         1.         1.         1.         1.         1.
 0.        ] 
 f1_avg: 0.8353766243291743

--- 3628.995861530304 seconds ---

Train Epoch: 44 accuracy: 0.90 
 precision: [0.99935249 0.43668122 0.36220472 0.38626609 0.25096525 0.45901639
 0.26459144 0.71634208 1.         1.         0.11728395 0.79423868
 0.62121212 0.9047619  0.31701031 0.66666667 0.5210084  0.12355212
 0.4       ] 
 recall: [0.90836859 1.         0.8        1.         0.99236641 0.47357294
 0.97142857 0.96355353 1.         1.         1.         0.94146341
 0.95348837 1.         0.99193548 1.         0.83783784 1.
 1.        ] 
 f1: [0.95169091 0.60790274 0.49864499 0.55727554 0.40061633 0.46618106
 0.41590214 0.82175814 1.         1.         0.20994475 0.86160714
 0.75229358 0.95       0.48046875 0.8        0.64248705 0.21993127
 0.57142857] 
 f1_avg: 0.9235035316625667


Validation Epoch: 44 accuracy: 0.80 
 precision: [0.95398633 1.         0.         0.         1.         0.
 1.         0.18069307 1.         1.         1.         1.
 1.         1.         1.         1.         1.         1.
 0.        ] 
 recall: [0.84983766 0.         0.         1.         0.         0.
 0.         0.67592593 1.         1.         1.         1.
 1.         1.         1.         1.         1.         1.
 1.        ] 
 f1: [0.89890534 0.         0.         0.         0.         0.
 0.         0.28515625 1.         1.         1.         1.
 1.         1.         1.         1.         1.         1.
 0.        ] 
 f1_avg: 0.8286714552894884

--- 3713.751519680023 seconds ---

Train Epoch: 45 accuracy: 0.90 
 precision: [0.99967265 0.48543689 0.33992806 0.36437247 0.23090586 0.49093904
 0.24820144 0.65329296 1.         1.         0.12297735 0.8245614
 0.6        0.57575758 0.29078014 0.66666667 0.61904762 0.14871795
 0.38095238] 
 recall: [0.89869413 1.         0.82173913 1.         0.99236641 0.63002114
 0.98571429 0.98291572 1.         1.         1.         0.91707317
 0.93023256 1.         0.99193548 1.         0.79054054 0.90625
 1.        ] 
 f1: [0.94649775 0.65359477 0.48091603 0.53412463 0.37463977 0.55185185
 0.39655172 0.78490223 1.         1.         0.21902017 0.86836028
 0.72948328 0.73076923 0.44972578 0.8        0.69436202 0.25550661
 0.55172414] 
 f1_avg: 0.9188325699575226


Validation Epoch: 45 accuracy: 0.81 
 precision: [0.93858885 1.         0.         0.         1.         1.
 1.         0.14826498 1.         1.         1.         1.
 1.         1.         1.         1.         1.         1.
 0.        ] 
 recall: [0.87459416 0.         0.         1.         0.         0.
 0.         0.43518519 1.         1.         1.         1.
 1.         1.         1.         1.         1.         1.
 1.        ] 
 f1: [0.90546218 0.         0.         0.         0.         0.
 0.         0.22117647 1.         1.         1.         1.
 1.         1.         1.         1.         1.         1.
 0.        ] 
 f1_avg: 0.8320833514217495

--- 3798.5387234687805 seconds ---

Train Epoch: 46 accuracy: 0.91 
 precision: [0.99943573 0.51282051 0.38293651 0.38297872 0.27991453 0.496337
 0.27131783 0.67133956 1.         1.         0.15019763 0.83050847
 0.65425532 1.         0.32539683 0.67164179 0.525      0.17391304
 0.44444444] 
 recall: [0.91215744 1.         0.83913043 1.         1.         0.57293869
 1.         0.98177677 1.         1.         1.         0.95609756
 0.95348837 0.94736842 0.99193548 1.         0.85135135 1.
 1.        ] 
 f1: [0.95380414 0.6779661  0.52588556 0.55384615 0.43739566 0.53189401
 0.42682927 0.79740981 1.         1.         0.26116838 0.88888889
 0.77602524 0.97297297 0.49003984 0.80357143 0.64948454 0.2962963
 0.61538462] 
 f1_avg: 0.9269117033299415


Validation Epoch: 46 accuracy: 0.83 
 precision: [0.93350168 0.         0.         0.         1.         0.
 1.         0.1302521  1.         1.         1.         1.
 1.         1.         1.         1.         1.         1.
 1.        ] 
 recall: [0.90016234 0.         0.         1.         0.         0.
 0.         0.28703704 1.         1.         1.         1.
 1.         1.         1.         1.         1.         1.
 1.        ] 
 f1: [0.91652893 0.         0.         0.         0.         0.
 0.         0.17919075 1.         1.         1.         1.
 1.         1.         1.         1.         1.         1.
 1.        ] 
 f1_avg: 0.840472278185735

--- 3882.865355491638 seconds ---

Train Epoch: 47 accuracy: 0.92 
 precision: [0.99935913 0.51813472 0.35304348 0.40540541 0.30424528 0.53295933
 0.33018868 0.77028259 1.         1.         0.14393939 0.82564103
 0.56593407 0.20652174 0.3037037  0.67164179 0.73417722 0.21212121
 0.42105263] 
 recall: [0.91778554 1.         0.8826087  1.         0.98473282 0.80338266
 1.         0.96241458 1.         1.         1.         0.78536585
 0.79844961 1.         0.99193548 1.         0.78378378 0.65625
 1.        ] 
 f1: [0.95683688 0.68259386 0.50434783 0.57692308 0.46486486 0.64080944
 0.4964539  0.8556962  1.         1.         0.25165563 0.805
 0.66237942 0.34234234 0.46502836 0.80357143 0.75816993 0.32061069
 0.59259259] 
 f1_avg: 0.9322731192853654


Validation Epoch: 47 accuracy: 0.77 
 precision: [0.95629454 1.         0.         0.         1.         1.
 1.         0.156      1.         1.         1.         1.
 1.         1.         1.         1.         1.         1.
 0.        ] 
 recall: [0.81696429 0.         0.         1.         0.         0.
 0.         0.72222222 1.         1.         1.         1.
 1.         1.         1.         1.         1.         1.
 1.        ] 
 f1: [0.88115561 0.         0.         0.         0.         0.
 0.         0.25657895 1.         1.         1.         1.
 1.         1.         1.         1.         1.         1.
 0.        ] 
 f1_avg: 0.8113940808171258

--- 3967.3454711437225 seconds ---

Train Epoch: 48 accuracy: 0.89 
 precision: [0.99967155 0.50505051 0.34774436 0.37815126 0.22508591 0.49242424
 0.2173913  0.60884831 1.         1.         0.13718412 0.83333333
 0.63265306 0.94736842 0.29285714 0.66176471 0.27153558 0.07216495
 0.34782609] 
 recall: [0.89567776 1.         0.80434783 1.         1.         0.27484144
 1.         0.98747153 1.         1.         1.         0.95121951
 0.96124031 0.94736842 0.99193548 1.         0.97972973 0.4375
 1.        ] 
 f1: [0.9448217  0.67114094 0.4855643  0.54878049 0.36746143 0.35278155
 0.35714286 0.75325804 1.         1.         0.24126984 0.88838269
 0.76307692 0.94736842 0.45220588 0.79646018 0.42521994 0.12389381
 0.51612903] 
 f1_avg: 0.9122213837678849


Validation Epoch: 48 accuracy: 0.81 
 precision: [0.93815789 1.         0.         0.         1.         1.
 1.         0.13432836 1.         1.         1.         1.
 1.         1.         1.         1.         1.         1.
 1.        ] 
 recall: [0.86810065 0.         0.         1.         0.         0.
 0.         0.41666667 1.         1.         1.         1.
 1.         1.         1.         1.         1.         1.
 1.        ] 
 f1: [0.90177066 0.         0.         0.         0.         0.
 0.         0.20316027 1.         1.         1.         1.
 1.         1.         1.         1.         1.         1.
 1.        ] 
 f1_avg: 0.828008933491137

--- 4051.4452188014984 seconds ---

Train Epoch: 49 accuracy: 0.90 
 precision: [0.99979692 0.54644809 0.33333333 0.36437247 0.37573964 0.46334311
 0.3908046  0.57493369 1.         1.         0.14615385 0.80508475
 0.64550265 0.61290323 0.34166667 0.67669173 0.625      0.05776173
 0.42105263] 
 recall: [0.90549936 1.         0.95652174 1.         0.96946565 0.33403805
 0.97142857 0.98747153 1.         1.         1.         0.92682927
 0.94573643 1.         0.99193548 1.         0.40540541 1.
 1.        ] 
 f1: [0.95031464 0.70671378 0.49438202 0.53412463 0.54157783 0.38820639
 0.55737705 0.72673931 1.         1.         0.25503356 0.861678
 0.7672956  0.76       0.50826446 0.80717489 0.49180328 0.10921502
 0.59259259] 
 f1_avg: 0.9186933251118569


Validation Epoch: 49 accuracy: 0.84 
 precision: [0.93313953 0.         0.         0.         1.         1.
 1.         0.15384615 1.         1.         1.         1.
 1.         1.         1.         1.         1.         1.
 1.        ] 
 recall: [0.91193182 0.         0.         1.         0.         0.
 0.         0.31481481 1.         1.         1.         1.
 1.         1.         1.         1.         1.         1.
 1.        ] 
 f1: [0.92241379 0.         0.         0.         0.         0.
 0.         0.20668693 1.         1.         1.         1.
 1.         1.         1.         1.         1.         1.
 1.        ] 
 f1_avg: 0.8469187360356991

--- 4135.634469985962 seconds ---

Train Epoch: 50 accuracy: 0.93 
 precision: [0.99842284 0.54644809 0.50632911 0.44117647 0.28982301 0.53895072
 0.24561404 0.82591093 1.         1.         0.2010582  0.84753363
 0.59447005 0.76       0.31457801 0.65693431 0.50185874 0.31746032
 0.47058824] 
 recall: [0.93146956 1.         0.69565217 1.         1.         0.7167019
 1.         0.92938497 1.         1.         1.         0.92195122
 1.         1.         0.99193548 1.         0.91216216 0.625
 1.        ] 
 f1: [0.9637848  0.70671378 0.58608059 0.6122449  0.44939966 0.61524501
 0.3943662  0.87459807 1.         1.         0.33480176 0.88317757
 0.74566474 0.86363636 0.4776699  0.79295154 0.64748201 0.42105263
 0.64      ] 
 f1_avg: 0.9401615434192631


Validation Epoch: 50 accuracy: 0.70 
 precision: [0.96627409 1.         0.03333333 0.         1.         1.
 1.         0.14183381 1.         1.         1.         1.
 1.         1.         1.         1.         1.         1.
 0.        ] 
 recall: [0.7325487  0.         0.02702703 1.         0.         0.
 0.         0.91666667 1.         1.         1.         1.
 1.         1.         1.         1.         1.         1.
 1.        ] 
 f1: [0.83333333 0.         0.02985075 0.         0.         0.
 0.         0.24565757 1.         1.         1.         1.
 1.         1.         1.         1.         1.         1.
 0.        ] 
 f1_avg: 0.7678851765000003

--- 4219.854319095612 seconds ---

Train Epoch: 51 accuracy: 0.86 
 precision: [0.99970045 0.53763441 0.20540541 0.27950311 0.23651452 0.45958796
 0.27777778 0.53956386 1.         1.         0.08920188 0.68728522
 0.56542056 1.         0.24748491 0.6870229  0.54545455 0.16753927
 0.34782609] 
 recall: [0.85933419 1.         0.99130435 1.         0.87022901 0.61310782
 0.92857143 0.98633257 1.         1.         1.         0.97560976
 0.9379845  1.         0.99193548 1.         0.81081081 1.
 1.        ] 
 f1: [0.92421815 0.6993007  0.34029851 0.4368932  0.37194127 0.52536232
 0.42763158 0.69754329 1.         1.         0.1637931  0.80645161
 0.70553936 1.         0.39613527 0.81447964 0.65217391 0.28699552
 0.51612903] 
 f1_avg: 0.8936830457330923


Validation Epoch: 51 accuracy: 0.76 
 precision: [0.95793037 1.         1.         0.         1.         1.
 1.         0.14973262 1.         1.         1.         1.
 1.         1.         1.         1.         1.         1.
 1.        ] 
 recall: [0.80397727 0.         0.         1.         0.         0.
 0.         0.77777778 1.         1.         1.         1.
 1.         1.         1.         1.         1.         1.
 1.        ] 
 f1: [0.87422771 0.         0.         0.         0.         0.
 0.         0.25112108 1.         1.         1.         1.
 1.         1.         1.         1.         1.         1.
 1.        ] 
 f1_avg: 0.8048775511482749

--- 4304.89200091362 seconds ---

Train Epoch: 52 accuracy: 0.89 
 precision: [0.99979417 0.61728395 0.6        0.36290323 0.20247295 0.49384615
 0.17241379 0.48079034 1.         1.         0.20879121 0.83783784
 0.63       0.79166667 0.30597015 0.65693431 0.55813953 0.21768707
 0.42105263] 
 recall: [0.89339709 1.         0.45652174 1.         1.         0.67864693
 1.         0.9977221  1.         1.         1.         0.90731707
 0.97674419 1.         0.99193548 1.         0.81081081 1.
 1.        ] 
 f1: [0.94360588 0.76335878 0.51851852 0.53254438 0.33676093 0.57168299
 0.29411765 0.64888889 1.         1.         0.34545455 0.87119438
 0.76595745 0.88372093 0.46768061 0.79295154 0.66115702 0.3575419
 0.59259259] 
 f1_avg: 0.9132219412439371


Validation Epoch: 52 accuracy: 0.83 
 precision: [0.94585303 0.         0.         0.         1.         0.
 1.         0.21863799 1.         1.         1.         1.
 1.         1.         1.         1.         1.         1.
 1.        ] 
 recall: [0.89326299 0.         0.         1.         0.         0.
 0.         0.56481481 1.         1.         1.         1.
 1.         1.         1.         1.         1.         1.
 1.        ] 
 f1: [0.91880609 0.         0.         0.         0.         0.
 0.         0.31524548 1.         1.         1.         1.
 1.         1.         1.         1.         1.         1.
 1.        ] 
 f1_avg: 0.8479648446933712

--- 4389.635927200317 seconds ---

Train Epoch: 53 accuracy: 0.93 
 precision: [0.99901431 0.54945055 0.44680851 0.44117647 0.35309973 0.53882726
 0.46308725 0.81511747 1.         1.         0.14901961 0.69257951
 0.6097561  1.         0.34844193 0.65217391 0.59701493 0.24806202
 0.44444444] 
 recall: [0.93205812 1.         0.91304348 1.         1.         0.71881607
 0.98571429 0.90888383 1.         1.         1.         0.95609756
 0.96899225 1.         0.99193548 1.         0.81081081 1.
 1.        ] 
 f1: [0.96437543 0.70921986 0.6        0.6122449  0.52191235 0.61594203
 0.63013699 0.85945073 1.         1.         0.25938567 0.80327869
 0.74850299 1.         0.51572327 0.78947368 0.68767908 0.39751553
 0.61538462] 
 f1_avg: 0.9410182482325596


Validation Epoch: 53 accuracy: 0.75 
 precision: [0.96134787 1.         0.         0.         1.         0.
 1.         0.16517056 1.         1.         1.         1.
 1.         1.         1.         1.         1.         1.
 0.        ] 
 recall: [0.78733766 0.         0.         1.         0.         0.
 0.         0.85185185 1.         1.         1.         1.
 1.         1.         1.         1.         1.         1.
 1.        ] 
 f1: [0.86568496 0.         0.         0.         0.         0.
 0.         0.27669173 1.         1.         1.         1.
 1.         1.         1.         1.         1.         1.
 0.        ] 
 f1_avg: 0.7981293185640735

--- 4474.397232055664 seconds ---

Train Epoch: 54 accuracy: 0.89 
 precision: [0.999752   0.51813472 0.34384858 0.34090909 0.33850129 0.49465649
 0.23972603 0.56703728 1.         1.         0.11515152 0.80753138
 0.52301255 0.82608696 0.27828054 0.64748201 0.53811659 0.21768707
 0.4       ] 
 recall: [0.88975538 1.         0.94782609 1.         1.         0.68498943
 1.         0.98747153 1.         1.         1.         0.94146341
 0.96899225 1.         0.99193548 1.         0.81081081 1.
 1.        ] 
 f1: [0.941552   0.68259386 0.50462963 0.50847458 0.50579151 0.57446809
 0.38674033 0.72039884 1.         1.         0.20652174 0.86936937
 0.67934783 0.9047619  0.43462898 0.7860262  0.64690027 0.3575419
 0.57142857] 
 f1_avg: 0.9132229471944928


Validation Epoch: 54 accuracy: 0.81 
 precision: [0.93895477 1.         0.         0.         1.         0.
 1.         0.13505747 1.         1.         1.         1.
 1.         1.         1.         1.         1.         1.
 1.        ] 
 recall: [0.86769481 0.         0.         1.         0.         0.
 0.         0.43518519 1.         1.         1.         1.
 1.         1.         1.         1.         1.         1.
 1.        ] 
 f1: [0.90191943 0.         0.         0.         0.         0.
 0.         0.20614035 1.         1.         1.         1.
 1.         1.         1.         1.         1.         1.
 1.        ] 
 f1_avg: 0.8282629609786145

--- 4559.073094844818 seconds ---

Train Epoch: 55 accuracy: 0.93 
 precision: [0.99968167 0.57142857 0.43512974 0.40540541 0.38988095 0.5646438
 0.36458333 0.6888     1.         1.         0.19895288 0.81818182
 0.62686567 1.         0.33423913 0.67164179 0.76923077 0.48214286
 0.44444444] 
 recall: [0.92414935 1.         0.94782609 1.         1.         0.90486258
 1.         0.98063781 1.         1.         1.         0.96585366
 0.97674419 1.         0.99193548 1.         0.81081081 0.84375
 1.        ] 
 f1: [0.96043275 0.72727273 0.59644323 0.57692308 0.56102784 0.69536962
 0.53435115 0.80921053 1.         1.         0.33187773 0.88590604
 0.76363636 1.         0.5        0.80357143 0.78947368 0.61363636
 0.61538462] 
 f1_avg: 0.9385291080797303


Validation Epoch: 55 accuracy: 0.82 
 precision: [0.93892473 1.         0.         0.         1.         0.
 1.         0.15087719 1.         1.         1.         1.
 1.         1.         1.         1.         1.         1.
 1.        ] 
 recall: [0.88595779 0.         0.         1.         0.         0.
 0.         0.39814815 1.         1.         1.         1.
 1.         1.         1.         1.         1.         1.
 1.        ] 
 f1: [0.91167258 0.         0.         0.         0.         0.
 0.         0.21882952 1.         1.         1.         1.
 1.         1.         1.         1.         1.         1.
 1.        ] 
 f1_avg: 0.8376364694852206

--- 4643.5359144210815 seconds ---

Train Epoch: 56 accuracy: 0.91 
 precision: [0.99964029 0.51020408 0.41779497 0.40540541 0.32425743 0.58823529
 0.31818182 0.71807629 1.         1.         0.15833333 0.84848485
 0.6281407  0.9047619  0.32712766 0.65693431 0.32941176 0.11832061
 0.42105263] 
 recall: [0.92002943 1.         0.93913043 1.         1.         0.31712474
 1.         0.98633257 1.         1.         1.         0.95609756
 0.96899225 1.         0.99193548 1.         0.94594595 0.96875
 1.        ] 
 f1: [0.95818408 0.67567568 0.57831325 0.57692308 0.48971963 0.41208791
 0.48275862 0.83109405 1.         1.         0.27338129 0.89908257
 0.76219512 0.95       0.492      0.79295154 0.4886562  0.21088435
 0.59259259] 
 f1_avg: 0.9299017988795505


Validation Epoch: 56 accuracy: 0.83 
 precision: [0.93744717 1.         0.         0.         1.         0.
 1.         0.1541502  1.         1.         1.         1.
 1.         1.         1.         1.         1.         1.
 1.        ] 
 recall: [0.90016234 0.         0.         1.         0.         0.
 0.         0.36111111 1.         1.         1.         1.
 1.         1.         1.         1.         1.         1.
 1.        ] 
 f1: [0.9184265  0.         0.         0.         0.         0.
 0.         0.21606648 1.         1.         1.         1.
 1.         1.         1.         1.         1.         1.
 1.        ] 
 f1_avg: 0.8436671876775373

--- 4727.932089805603 seconds ---

Train Epoch: 57 accuracy: 0.92 
 precision: [0.99956344 0.60240964 0.40774908 0.42857143 0.40557276 0.5382263
 0.31531532 0.75       1.         1.         0.1719457  0.83966245
 0.67021277 1.         0.34166667 0.69230769 0.69230769 0.05839416
 0.47058824] 
 recall: [0.9264668  1.         0.96086957 1.         1.         0.37209302
 1.         0.98405467 1.         1.         1.         0.97073171
 0.97674419 1.         0.99193548 1.         0.42567568 1.
 1.        ] 
 f1: [0.96162804 0.7518797  0.57253886 0.6        0.57709251 0.44
 0.47945205 0.85123153 1.         1.         0.29343629 0.90045249
 0.79495268 1.         0.50826446 0.81818182 0.52719665 0.11034483
 0.64      ] 
 f1_avg: 0.935159324026088


Validation Epoch: 57 accuracy: 0.84 
 precision: [0.93674068 1.         0.         0.         1.         1.
 1.         0.16101695 1.         1.         1.         1.
 1.         1.         1.         1.         1.         1.
 1.        ] 
 recall: [0.90746753 0.         0.         1.         0.         0.
 0.         0.35185185 1.         1.         1.         1.
 1.         1.         1.         1.         1.         1.
 1.        ] 
 f1: [0.92187178 0.         0.         0.         0.         0.
 0.         0.22093023 1.         1.         1.         1.
 1.         1.         1.         1.         1.         1.
 1.        ] 
 f1_avg: 0.8469935529920082

--- 4812.194758892059 seconds ---

Train Epoch: 58 accuracy: 0.93 
 precision: [0.99952443 0.60606061 0.41651032 0.4368932  0.35215054 0.60658579
 0.34482759 0.76257723 1.         1.         0.19095477 0.84140969
 0.62564103 0.63333333 0.31782946 0.703125   0.45597484 0.62962963
 0.47058824] 
 recall: [0.92775428 1.         0.96521739 1.         1.         0.73995772
 1.         0.98405467 1.         1.         1.         0.93170732
 0.94573643 1.         0.99193548 1.         0.97972973 0.53125
 1.        ] 
 f1: [0.96230303 0.75471698 0.5819135  0.60810811 0.52087475 0.66666667
 0.51282051 0.85927399 1.         1.         0.32067511 0.88425926
 0.75308642 0.7755102  0.481409   0.82568807 0.6223176  0.57627119
 0.64      ] 
 f1_avg: 0.9400056488349334


Validation Epoch: 58 accuracy: 0.84 
 precision: [0.93857804 1.         0.         0.         1.         0.
 1.         0.15853659 1.         1.         1.         1.
 1.         1.         1.         1.         1.         1.
 1.        ] 
 recall: [0.90543831 0.         0.         1.         0.         0.
 0.         0.36111111 1.         1.         1.         1.
 1.         1.         1.         1.         1.         1.
 1.        ] 
 f1: [0.92171039 0.         0.         0.         0.         0.
 0.         0.22033898 1.         1.         1.         1.
 1.         1.         1.         1.         1.         1.
 1.        ] 
 f1_avg: 0.8468232517168092

--- 4895.069678783417 seconds ---

Train Epoch: 59 accuracy: 0.93 
 precision: [0.99976218 0.6097561  0.43554688 0.44117647 0.41065831 0.53492063
 0.2991453  0.76274165 1.         1.         0.18811881 0.81707317
 0.6684492  1.         0.34166667 0.69767442 0.6741573  0.17679558
 0.44444444] 
 recall: [0.92782785 1.         0.96956522 1.         1.         0.71247357
 1.         0.98861048 1.         1.         1.         0.9804878
 0.96899225 1.         0.99193548 1.         0.81081081 1.
 1.        ] 
 f1: [0.96245278 0.75757576 0.60107817 0.6122449  0.58222222 0.61106074
 0.46052632 0.86111111 1.         1.         0.31666667 0.89135255
 0.79113924 1.         0.50826446 0.82191781 0.73619632 0.30046948
 0.61538462] 
 f1_avg: 0.9403436318492746


Validation Epoch: 59 accuracy: 0.85 
 precision: [0.93382961 1.         0.         0.         1.         0.
 1.         0.15714286 1.         1.         1.         1.
 1.         1.         1.         1.         1.         1.
 1.        ] 
 recall: [0.9163961  0.         0.         1.         0.         0.
 0.         0.30555556 1.         1.         1.         1.
 1.         1.         1.         1.         1.         1.
 1.        ] 
 f1: [0.92503073 0.         0.         0.         0.         0.
 0.         0.20754717 1.         1.         1.         1.
 1.         1.         1.         1.         1.         1.
 1.        ] 
 f1_avg: 0.8493323988993409

Early stopping!

Test Epoch: accuracy: 0.80 
 precision: [0.93831169 1.         1.         0.         1.         1.
 1.         0.44090909 1.         1.         1.         0.
 0.         1.         0.         0.         1.         1.
 1.        ] 
 recall: [0.85671937 1.         1.         1.         1.         1.
 1.         0.7080292  0.         0.         1.         1.
 1.         1.         1.         1.         1.         1.
 1.        ] 
 f1: [0.89566116 1.         1.         0.         1.         1.
 1.         0.54341737 0.         0.         1.         0.
 0.         1.         0.         0.         1.         1.
 1.        ] 
 f1_avg: 0.8126406546651198

--- 4978.693302154541 seconds ---

Test Epoch: accuracy: 0.85 
 precision: [0.96430145 1.         1.         0.         1.         1.
 1.         0.32704403 1.         1.         1.         1.
 1.         1.         1.         0.         1.         1.
 1.        ] 
 recall: [0.88798701 0.         0.         1.         0.         0.
 0.         0.96296296 1.         1.         1.         1.
 1.         1.         1.         1.         1.         1.
 1.        ] 
 f1: [0.92457215 0.         0.         0.         0.         0.
 0.         0.48826291 1.         1.         1.         1.
 1.         1.         1.         0.         1.         1.
 1.        ] 
 f1_avg: 0.8601026491810435

--- 4980.3411257267 seconds ---
