cpu
Reading data ...
Train: torch.Size([587, 8001])
Dev: torch.Size([73, 8001])
Test: torch.Size([74, 8001])
--- 5.103656053543091 seconds ---
M5(
  (conv1): Conv1d(1, 32, kernel_size=(80,), stride=(16,))
  (bn1): BatchNorm1d(32, eps=1e-05, momentum=0.1, affine=True, track_running_stats=True)
  (pool1): MaxPool1d(kernel_size=4, stride=4, padding=0, dilation=1, ceil_mode=False)
  (conv2): Conv1d(32, 32, kernel_size=(3,), stride=(1,))
  (bn2): BatchNorm1d(32, eps=1e-05, momentum=0.1, affine=True, track_running_stats=True)
  (pool2): MaxPool1d(kernel_size=4, stride=4, padding=0, dilation=1, ceil_mode=False)
  (conv3): Conv1d(32, 64, kernel_size=(3,), stride=(1,))
  (bn3): BatchNorm1d(64, eps=1e-05, momentum=0.1, affine=True, track_running_stats=True)
  (pool3): MaxPool1d(kernel_size=4, stride=4, padding=0, dilation=1, ceil_mode=False)
  (conv4): Conv1d(64, 64, kernel_size=(3,), stride=(1,))
  (bn4): BatchNorm1d(64, eps=1e-05, momentum=0.1, affine=True, track_running_stats=True)
  (pool4): MaxPool1d(kernel_size=4, stride=4, padding=0, dilation=1, ceil_mode=False)
  (fc1): Linear(in_features=64, out_features=5, bias=True)
)
Number of parameters: 24965
Train Epoch: 1 loss: 1.587890

Train Epoch: 1 accuracy: 0.24 
 precision: [0.         0.08287293 0.72222222 0.07936508 0.5       ] 
 recall: [0.         0.27272727 0.24880383 0.46511628 0.01408451] 
 f1: [0.         0.12711864 0.37010676 0.13559322 0.02739726] 
 f1_avg: 0.28870845947576956


Validation Epoch: 1 accuracy: 0.04 
 precision: [1.         1.         0.02777778 1.        ] 
 recall: [0.         0.01923077 1.         0.        ] 
 f1: [0.         0.03773585 0.05405405 0.        ] 
 f1_avg: 0.02836126382262335

New best val score, save model ...
--- 5.510435104370117 seconds ---
Train Epoch: 2 loss: 1.347926

Train Epoch: 2 accuracy: 0.39 
 precision: [0.16239316 0.87150838 0.15432099 0.66666667] 
 recall: [0.69090909 0.37320574 0.58139535 0.11267606] 
 f1: [0.26297578 0.52261307 0.24390244 0.19277108] 
 f1_avg: 0.43797356216797706


Validation Epoch: 2 accuracy: 0.03 
 precision: [1.         1.         0.02739726 1.        ] 
 recall: [0. 0. 1. 0.] 
 f1: [0.         0.         0.05333333 0.        ] 
 f1_avg: 0.0014611872146118718

--- 5.8753180503845215 seconds ---
Train Epoch: 3 loss: 1.254991

Train Epoch: 3 accuracy: 0.45 
 precision: [0.         0.17408907 0.91208791 0.21649485 0.56666667] 
 recall: [0.         0.78181818 0.39712919 0.48837209 0.47887324] 
 f1: [0.         0.28476821 0.55333333 0.3        0.51908397] 
 f1_avg: 0.5054694153680129


Validation Epoch: 3 accuracy: 0.16 
 precision: [1.         1.         0.         0.16666667] 
 recall: [0. 0. 0. 1.] 
 f1: [0.         0.         0.         0.28571429] 
 f1_avg: 0.046966731898238745

New best val score, save model ...
--- 6.2407002449035645 seconds ---
Train Epoch: 4 loss: 1.166031

Train Epoch: 4 accuracy: 0.55 
 precision: [0.21028037 0.91774892 0.34375    0.55128205] 
 recall: [0.81818182 0.50717703 0.51162791 0.6056338 ] 
 f1: [0.33457249 0.65331279 0.41121495 0.57718121] 
 f1_avg: 0.5965048407393966


Validation Epoch: 4 accuracy: 0.16 
 precision: [1.         1.         1.         0.16438356] 
 recall: [0. 0. 0. 1.] 
 f1: [0.         0.         0.         0.28235294] 
 f1_avg: 0.046414182111200644

--- 6.593239068984985 seconds ---
Train Epoch: 5 loss: 1.093064

Train Epoch: 5 accuracy: 0.63 
 precision: [0.27325581 0.93656716 0.47058824 0.52083333] 
 recall: [0.85454545 0.60047847 0.55813953 0.70422535] 
 f1: [0.41409692 0.73177843 0.5106383  0.5988024 ] 
 f1_avg: 0.6697293512590542


Validation Epoch: 5 accuracy: 0.16 
 precision: [1.         1.         1.         0.16438356] 
 recall: [0. 0. 0. 1.] 
 f1: [0.         0.         0.         0.28235294] 
 f1_avg: 0.046414182111200644

--- 6.936439037322998 seconds ---
Train Epoch: 6 loss: 1.032119

Train Epoch: 6 accuracy: 0.68 
 precision: [0.34328358 0.94197952 0.5        0.5       ] 
 recall: [0.83636364 0.66028708 0.53488372 0.8028169 ] 
 f1: [0.48677249 0.77637131 0.51685393 0.61621622] 
 f1_avg: 0.7108547938262634


Validation Epoch: 6 accuracy: 0.16 
 precision: [1.         1.         1.         0.16438356] 
 recall: [0. 0. 0. 1.] 
 f1: [0.         0.         0.         0.28235294] 
 f1_avg: 0.046414182111200644

--- 7.2815868854522705 seconds ---
Train Epoch: 7 loss: 0.970356

Train Epoch: 7 accuracy: 0.74 
 precision: [0.43269231 0.94461538 0.59574468 0.51351351] 
 recall: [0.81818182 0.73444976 0.65116279 0.8028169 ] 
 f1: [0.56603774 0.82637954 0.62222222 0.62637363] 
 f1_avg: 0.7628395353001378


Validation Epoch: 7 accuracy: 0.16 
 precision: [1.         1.         1.         0.16438356] 
 recall: [0. 0. 0. 1.] 
 f1: [0.         0.         0.         0.28235294] 
 f1_avg: 0.046414182111200644

--- 7.6283180713653564 seconds ---
Train Epoch: 8 loss: 0.899031

Train Epoch: 8 accuracy: 0.77 
 precision: [0.51111111 0.95522388 0.54716981 0.5412844 ] 
 recall: [0.83636364 0.76555024 0.6744186  0.83098592] 
 f1: [0.63448276 0.8499336  0.60416667 0.65555556] 
 f1_avg: 0.7882323802234391


Validation Epoch: 8 accuracy: 0.16 
 precision: [1.         1.         0.         0.16666667] 
 recall: [0. 0. 0. 1.] 
 f1: [0.         0.         0.         0.28571429] 
 f1_avg: 0.046966731898238745

--- 7.978546857833862 seconds ---
Train Epoch: 9 loss: 0.827461

Train Epoch: 9 accuracy: 0.81 
 precision: [0.61538462 0.96561605 0.55172414 0.58823529] 
 recall: [0.87272727 0.8062201  0.74418605 0.84507042] 
 f1: [0.72180451 0.87874837 0.63366337 0.69364162] 
 f1_avg: 0.8237004200349518


Validation Epoch: 9 accuracy: 0.16 
 precision: [1.         1.         0.         0.16666667] 
 recall: [0. 0. 0. 1.] 
 f1: [0.         0.         0.         0.28571429] 
 f1_avg: 0.046966731898238745

--- 8.398828983306885 seconds ---
Train Epoch: 10 loss: 0.761701

Train Epoch: 10 accuracy: 0.85 
 precision: [0.7        0.97759104 0.62962963 0.61320755] 
 recall: [0.89090909 0.83492823 0.79069767 0.91549296] 
 f1: [0.784      0.90064516 0.70103093 0.73446328] 
 f1_avg: 0.8549930152838658


Validation Epoch: 10 accuracy: 0.16 
 precision: [1.         1.         0.         0.17142857] 
 recall: [0. 0. 0. 1.] 
 f1: [0.         0.         0.         0.29268293] 
 f1_avg: 0.04811226194453725

New best val score, save model ...
--- 8.774188041687012 seconds ---
Train Epoch: 11 loss: 0.696837

Train Epoch: 11 accuracy: 0.87 
 precision: [0.76923077 0.98614958 0.63793103 0.6407767 ] 
 recall: [0.90909091 0.85167464 0.86046512 0.92957746] 
 f1: [0.83333333 0.9139923  0.73267327 0.75862069] 
 f1_avg: 0.8743596819109112


Validation Epoch: 11 accuracy: 0.16 
 precision: [1.         1.         0.         0.17142857] 
 recall: [0. 0. 0. 1.] 
 f1: [0.         0.         0.         0.29268293] 
 f1_avg: 0.04811226194453725

--- 9.138122081756592 seconds ---
Train Epoch: 12 loss: 0.637227

Train Epoch: 12 accuracy: 0.88 
 precision: [0.80952381 0.99445983 0.63934426 0.65686275] 
 recall: [0.92727273 0.85885167 0.90697674 0.94366197] 
 f1: [0.86440678 0.92169448 0.75       0.77456647] 
 f1_avg: 0.8859538078662045


Validation Epoch: 12 accuracy: 0.18 
 precision: [1.         1.         0.         0.17142857] 
 recall: [0.         0.01923077 0.         1.        ] 
 f1: [0.         0.03773585 0.         0.29268293] 
 f1_avg: 0.0749925927793783

New best val score, save model ...
--- 9.50560998916626 seconds ---
Train Epoch: 13 loss: 0.580668

Train Epoch: 13 accuracy: 0.89 
 precision: [0.83606557 0.99728261 0.67857143 0.67647059] 
 recall: [0.92727273 0.87799043 0.88372093 0.97183099] 
 f1: [0.87931034 0.93384224 0.76767677 0.79768786] 
 f1_avg: 0.9000921023944651


Validation Epoch: 13 accuracy: 0.19 
 precision: [1.         1.         0.         0.17142857] 
 recall: [0.         0.03846154 0.         1.        ] 
 f1: [0.         0.07407407 0.         0.29268293] 
 f1_avg: 0.10087735580552151

New best val score, save model ...
--- 9.860778093338013 seconds ---
Train Epoch: 14 loss: 0.527294

Train Epoch: 14 accuracy: 0.92 
 precision: [0.92857143 1.         0.78846154 0.69607843] 
 recall: [0.94545455 0.90191388 0.95348837 1.        ] 
 f1: [0.93693694 0.94842767 0.86315789 0.82080925] 
 f1_avg: 0.9256687307465282


Validation Epoch: 14 accuracy: 0.19 
 precision: [1.         1.         0.         0.16176471] 
 recall: [0.         0.05769231 0.         0.91666667] 
 f1: [0.         0.10909091 0.         0.275     ] 
 f1_avg: 0.12291407222914072

New best val score, save model ...
--- 10.30867314338684 seconds ---
Train Epoch: 15 loss: 0.475767

Train Epoch: 15 accuracy: 0.93 
 precision: [0.94545455 1.         0.82       0.69607843] 
 recall: [0.94545455 0.90909091 0.95348837 1.        ] 
 f1: [0.94545455 0.95238095 0.88172043 0.82080925] 
 f1_avg: 0.930641692056662


Validation Epoch: 15 accuracy: 0.21 
 precision: [1.        1.        0.        0.1641791] 
 recall: [0.         0.07692308 0.         0.91666667] 
 f1: [0.         0.14285714 0.         0.27848101] 
 f1_avg: 0.14753895315712554

New best val score, save model ...
--- 10.683022022247314 seconds ---
Train Epoch: 16 loss: 0.429432

Train Epoch: 16 accuracy: 0.94 
 precision: [0.94642857 1.         0.86       0.7244898 ] 
 recall: [0.96363636 0.91626794 1.         1.        ] 
 f1: [0.95495495 0.95630462 0.92473118 0.84023669] 
 f1_avg: 0.9398264036676657


Validation Epoch: 16 accuracy: 0.25 
 precision: [1.         1.         1.         0.17910448] 
 recall: [0.         0.11538462 0.         1.        ] 
 f1: [0.         0.20689655 0.         0.30379747] 
 f1_avg: 0.1973176754781964

New best val score, save model ...
--- 11.115748167037964 seconds ---
Train Epoch: 17 loss: 0.386662

Train Epoch: 17 accuracy: 0.94 
 precision: [0.96363636 1.         0.87755102 0.71717172] 
 recall: [0.96363636 0.91866029 1.         1.        ] 
 f1: [0.96363636 0.95760599 0.93478261 0.83529412] 
 f1_avg: 0.9417050021677857


Validation Epoch: 17 accuracy: 0.30 
 precision: [0.         1.         0.         0.18965517] 
 recall: [0.         0.21153846 0.         0.91666667] 
 f1: [0.         0.34920635 0.         0.31428571] 
 f1_avg: 0.30041313328984565

New best val score, save model ...
--- 11.48790717124939 seconds ---
Train Epoch: 18 loss: 0.348731

Train Epoch: 18 accuracy: 0.94 
 precision: [0.96428571 1.         0.89583333 0.73195876] 
 recall: [0.98181818 0.92344498 1.         1.        ] 
 f1: [0.97297297 0.960199   0.94505495 0.8452381 ] 
 f1_avg: 0.9463815417246728


Validation Epoch: 18 accuracy: 0.33 
 precision: [0.         0.875      0.         0.18518519] 
 recall: [0.         0.26923077 0.         0.83333333] 
 f1: [0.         0.41176471 0.         0.3030303 ] 
 f1_avg: 0.3431250457841917

New best val score, save model ...
--- 11.828423261642456 seconds ---
Train Epoch: 19 loss: 0.313358

Train Epoch: 19 accuracy: 0.95 
 precision: [1.         1.         0.87755102 0.74736842] 
 recall: [0.98181818 0.93062201 1.         1.        ] 
 f1: [0.99082569 0.96406444 0.93478261 0.85542169] 
 f1_avg: 0.9512860972770786


Validation Epoch: 19 accuracy: 0.48 
 precision: [0.5        0.88888889 0.25       0.225     ] 
 recall: [0.14285714 0.46153846 0.5        0.75      ] 
 f1: [0.22222222 0.60759494 0.33333333 0.34615385] 
 f1_avg: 0.5201507545880703

New best val score, save model ...
--- 12.180185079574585 seconds ---
Train Epoch: 20 loss: 0.281041

Train Epoch: 20 accuracy: 0.95 
 precision: [1.         1.         0.93478261 0.74736842] 
 recall: [0.98181818 0.93779904 1.         1.        ] 
 f1: [0.99082569 0.96790123 0.96629213 0.85542169] 
 f1_avg: 0.9563264573257383


Validation Epoch: 20 accuracy: 0.58 
 precision: [1.         0.90625    0.5        0.27027027] 
 recall: [0.28571429 0.55769231 0.5        0.83333333] 
 f1: [0.44444444 0.69047619 0.5        0.40816327] 
 f1_avg: 0.6152579753362533

New best val score, save model ...
--- 12.527613878250122 seconds ---
Train Epoch: 21 loss: 0.253617

Train Epoch: 21 accuracy: 0.96 
 precision: [1.         1.         0.91489362 0.77173913] 
 recall: [0.98181818 0.94258373 1.         1.        ] 
 f1: [0.99082569 0.97044335 0.95555556 0.87116564] 
 f1_avg: 0.9592544849508795


Validation Epoch: 21 accuracy: 0.56 
 precision: [1.         0.90625    0.33333333 0.25      ] 
 recall: [0.28571429 0.55769231 0.5        0.75      ] 
 f1: [0.44444444 0.69047619 0.4        0.375     ] 
 f1_avg: 0.6070667536420962

--- 12.872103214263916 seconds ---
Train Epoch: 22 loss: 0.230494

Train Epoch: 22 accuracy: 0.96 
 precision: [1.         1.         0.97727273 0.78021978] 
 recall: [0.98181818 0.95215311 1.         1.        ] 
 f1: [0.99082569 0.9754902  0.98850575 0.87654321] 
 f1_avg: 0.9659124869378064


Validation Epoch: 22 accuracy: 0.67 
 precision: [1.         0.90243902 1.         0.33333333] 
 recall: [0.28571429 0.71153846 0.         0.83333333] 
 f1: [0.44444444 0.79569892 0.         0.47619048] 
 f1_avg: 0.6876950809783334

New best val score, save model ...
--- 13.221861124038696 seconds ---
Train Epoch: 23 loss: 0.212598

Train Epoch: 23 accuracy: 0.96 
 precision: [1.         1.         0.86       0.81609195] 
 recall: [0.98181818 0.94736842 1.         1.        ] 
 f1: [0.99082569 0.97297297 0.92473118 0.89873418] 
 f1_avg: 0.9621323389935824


Validation Epoch: 23 accuracy: 0.66 
 precision: [1.         0.90243902 0.2        0.34615385] 
 recall: [0.14285714 0.71153846 0.5        0.75      ] 
 f1: [0.25       0.79569892 0.28571429 0.47368421] 
 f1_avg: 0.6764655230652858

--- 13.565503120422363 seconds ---
Train Epoch: 24 loss: 0.203703

Train Epoch: 24 accuracy: 0.97 
 precision: [1.         1.         0.95555556 0.81609195] 
 recall: [0.98181818 0.95933014 1.         1.        ] 
 f1: [0.99082569 0.97924298 0.97727273 0.89873418] 
 f1_avg: 0.9704460511458395


Validation Epoch: 24 accuracy: 0.75 
 precision: [1.         0.91489362 1.         0.41666667] 
 recall: [0.28571429 0.82692308 0.         0.83333333] 
 f1: [0.44444444 0.86868687 0.         0.55555556] 
 f1_avg: 0.7527328075273281

New best val score, save model ...
--- 13.905205965042114 seconds ---
Train Epoch: 25 loss: 0.200957

Train Epoch: 25 accuracy: 0.96 
 precision: [1.         1.         0.81132075 0.85542169] 
 recall: [0.98181818 0.94976077 1.         1.        ] 
 f1: [0.99082569 0.97423313 0.89583333 0.92207792] 
 f1_avg: 0.9637363313418454


Validation Epoch: 25 accuracy: 0.59 
 precision: [0.5        0.91428571 0.1        0.5       ] 
 recall: [0.14285714 0.61538462 1.         0.66666667] 
 f1: [0.22222222 0.73563218 0.18181818 0.57142857] 
 f1_avg: 0.6442357306788107

--- 14.256221294403076 seconds ---
Train Epoch: 26 loss: 0.210997

Train Epoch: 26 accuracy: 0.97 
 precision: [1.         1.         0.93181818 0.80681818] 
 recall: [0.98181818 0.95933014 0.95348837 1.        ] 
 f1: [0.99082569 0.97924298 0.94252874 0.89308176] 
 f1_avg: 0.9672172382133433


Validation Epoch: 26 accuracy: 0.77 
 precision: [1.         0.91666667 1.         0.43478261] 
 recall: [0.28571429 0.84615385 0.         0.83333333] 
 f1: [0.44444444 0.88       0.         0.57142857] 
 f1_avg: 0.7634007392911502

New best val score, save model ...
--- 14.604785203933716 seconds ---
Train Epoch: 27 loss: 0.177022

Train Epoch: 27 accuracy: 0.97 
 precision: [0.98214286 1.         0.76785714 0.93421053] 
 recall: [1.         0.95454545 1.         1.        ] 
 f1: [0.99099099 0.97674419 0.86868687 0.96598639] 
 f1_avg: 0.968862254921784


Validation Epoch: 27 accuracy: 0.74 
 precision: [0.28571429 0.90196078 0.5        0.38461538] 
 recall: [0.28571429 0.88461538 0.5        0.41666667] 
 f1: [0.28571429 0.89320388 0.5        0.4       ] 
 f1_avg: 0.7431041361883229

--- 14.947758197784424 seconds ---
Train Epoch: 28 loss: 0.153239

Train Epoch: 28 accuracy: 0.97 
 precision: [1.         1.         0.95555556 0.81609195] 
 recall: [0.98181818 0.95933014 1.         1.        ] 
 f1: [0.99082569 0.97924298 0.97727273 0.89873418] 
 f1_avg: 0.9704460511458395


Validation Epoch: 28 accuracy: 0.53 
 precision: [0.5        0.89655172 0.1        0.33333333] 
 recall: [0.28571429 0.5        0.5        0.83333333] 
 f1: [0.36363636 0.64197531 0.16666667 0.47619048] 
 f1_avg: 0.5750108170199495

--- 15.292461156845093 seconds ---
Train Epoch: 29 loss: 0.136942

Train Epoch: 29 accuracy: 0.99 
 precision: [1.         1.         0.97727273 0.92207792] 
 recall: [1.         0.98325359 1.         1.        ] 
 f1: [1.         0.99155609 0.98850575 0.95945946] 
 f1_avg: 0.9882415929623968


Validation Epoch: 29 accuracy: 0.79 
 precision: [0.66666667 0.90196078 1.         0.5       ] 
 recall: [0.28571429 0.88461538 0.5        0.75      ] 
 f1: [0.4        0.89320388 0.66666667 0.6       ] 
 f1_avg: 0.7915059626723411

New best val score, save model ...
--- 15.6420578956604 seconds ---
Train Epoch: 30 loss: 0.112492

Train Epoch: 30 accuracy: 0.98 
 precision: [1.         1.         0.97727273 0.85542169] 
 recall: [1.         0.96889952 1.         1.        ] 
 f1: [1.         0.98420413 0.98850575 0.92207792] 
 f1_avg: 0.9784848491430087


Validation Epoch: 30 accuracy: 0.77 
 precision: [0.5        0.90384615 0.5        0.4       ] 
 recall: [0.28571429 0.90384615 0.5        0.5       ] 
 f1: [0.36363636 0.90384615 0.5        0.44444444] 
 f1_avg: 0.7654628476546286

--- 15.983856201171875 seconds ---
Train Epoch: 31 loss: 0.109140

Train Epoch: 31 accuracy: 0.98 
 precision: [1.         1.         0.95555556 0.86585366] 
 recall: [1.         0.96889952 1.         1.        ] 
 f1: [1.         0.98420413 0.97727273 0.92810458] 
 f1_avg: 0.9783909351998389


Validation Epoch: 31 accuracy: 0.73 
 precision: [1.         0.91111111 0.25       0.40909091] 
 recall: [0.28571429 0.78846154 0.5        0.75      ] 
 f1: [0.44444444 0.84536082 0.33333333 0.52941176] 
 f1_avg: 0.7409518060389905

--- 16.3295841217041 seconds ---
Train Epoch: 32 loss: 0.092770

Train Epoch: 32 accuracy: 0.99 
 precision: [1.         1.         0.97727273 0.93421053] 
 recall: [1.         0.98564593 1.         1.        ] 
 f1: [1.         0.99277108 0.98850575 0.96598639] 
 f1_avg: 0.9898962425776051


Validation Epoch: 32 accuracy: 0.74 
 precision: [1.         0.89583333 0.25       0.42105263] 
 recall: [0.28571429 0.82692308 0.5        0.66666667] 
 f1: [0.44444444 0.86       0.33333333 0.51612903] 
 f1_avg: 0.749196248833898

--- 16.672852993011475 seconds ---
Train Epoch: 33 loss: 0.085060

Train Epoch: 33 accuracy: 0.98 
 precision: [1.         1.         1.         0.87654321] 
 recall: [1.         0.97607656 1.         1.        ] 
 f1: [1.         0.98789346 1.         0.93421053] 
 f1_avg: 0.9834214900864902


Validation Epoch: 33 accuracy: 0.79 
 precision: [1.         0.90384615 0.5        0.47058824] 
 recall: [0.28571429 0.90384615 0.5        0.66666667] 
 f1: [0.44444444 0.90384615 0.5        0.55172414] 
 f1_avg: 0.7908465858395004

--- 17.019304037094116 seconds ---
Train Epoch: 34 loss: 0.079783

Train Epoch: 34 accuracy: 0.98 
 precision: [1.         1.         0.95555556 0.8875    ] 
 recall: [1.         0.97368421 1.         1.        ] 
 f1: [1.         0.98666667 0.97727273 0.94039735] 
 f1_avg: 0.9816313558090692


Validation Epoch: 34 accuracy: 0.77 
 precision: [1.         0.9        0.5        0.42105263] 
 recall: [0.28571429 0.86538462 0.5        0.66666667] 
 f1: [0.44444444 0.88235294 0.5        0.51612903] 
 f1_avg: 0.7696851019093749

--- 17.361576080322266 seconds ---
Train Epoch: 35 loss: 0.071814

Train Epoch: 35 accuracy: 0.99 
 precision: [1.         1.         0.97727273 0.93421053] 
 recall: [1.         0.98564593 1.         1.        ] 
 f1: [1.         0.99277108 0.98850575 0.96598639] 
 f1_avg: 0.9898962425776051


Validation Epoch: 35 accuracy: 0.75 
 precision: [1.         0.91489362 0.33333333 0.42857143] 
 recall: [0.28571429 0.82692308 0.5        0.75      ] 
 f1: [0.44444444 0.86868687 0.4        0.54545455] 
 f1_avg: 0.7620312716203127

--- 17.705080032348633 seconds ---
Train Epoch: 36 loss: 0.067476

Train Epoch: 36 accuracy: 0.99 
 precision: [1.         1.         1.         0.94666667] 
 recall: [1.         0.99043062 1.         1.        ] 
 f1: [1.         0.99519231 1.         0.97260274] 
 f1_avg: 0.9932626561089141


Validation Epoch: 36 accuracy: 0.77 
 precision: [1.         0.9        0.5        0.42105263] 
 recall: [0.28571429 0.86538462 0.5        0.66666667] 
 f1: [0.44444444 0.88235294 0.5        0.51612903] 
 f1_avg: 0.7696851019093749

--- 18.044910192489624 seconds ---
Train Epoch: 37 loss: 0.061513

Train Epoch: 37 accuracy: 0.99 
 precision: [1.         1.         1.         0.94666667] 
 recall: [1.         0.99043062 1.         1.        ] 
 f1: [1.         0.99519231 1.         0.97260274] 
 f1_avg: 0.9932626561089141


Validation Epoch: 37 accuracy: 0.78 
 precision: [1.         0.90196078 0.5        0.44444444] 
 recall: [0.28571429 0.88461538 0.5        0.66666667] 
 f1: [0.44444444 0.89320388 0.5        0.53333333] 
 f1_avg: 0.780242644559708

--- 18.38764500617981 seconds ---
Train Epoch: 38 loss: 0.058489

Train Epoch: 38 accuracy: 0.99 
 precision: [1.         1.         1.         0.95945946] 
 recall: [1.         0.99282297 1.         1.        ] 
 f1: [1.         0.99639856 1.         0.97931034] 
 f1_avg: 0.9949329341088488


Validation Epoch: 38 accuracy: 0.79 
 precision: [1.         0.90384615 0.33333333 0.5       ] 
 recall: [0.28571429 0.90384615 0.5        0.66666667] 
 f1: [0.44444444 0.90384615 0.4        0.57142857] 
 f1_avg: 0.7913459447706024

--- 18.737123012542725 seconds ---
Train Epoch: 39 loss: 0.056715

Train Epoch: 39 accuracy: 0.99 
 precision: [1.         1.         1.         0.95945946] 
 recall: [1.         0.99282297 1.         1.        ] 
 f1: [1.         0.99639856 1.         0.97931034] 
 f1_avg: 0.9949329341088488


Validation Epoch: 39 accuracy: 0.78 
 precision: [1.         0.90196078 0.33333333 0.47058824] 
 recall: [0.28571429 0.88461538 0.5        0.66666667] 
 f1: [0.44444444 0.89320388 0.4        0.55172414] 
 f1_avg: 0.7805260644935766

--- 19.08372402191162 seconds ---
Train Epoch: 40 loss: 0.055008

Train Epoch: 40 accuracy: 0.99 
 precision: [1.         1.         1.         0.95945946] 
 recall: [1.         0.99282297 1.         1.        ] 
 f1: [1.         0.99639856 1.         0.97931034] 
 f1_avg: 0.9949329341088488


Validation Epoch: 40 accuracy: 0.78 
 precision: [1.         0.90196078 0.33333333 0.47058824] 
 recall: [0.28571429 0.88461538 0.5        0.66666667] 
 f1: [0.44444444 0.89320388 0.4        0.55172414] 
 f1_avg: 0.7805260644935766

--- 19.426037073135376 seconds ---
Train Epoch: 41 loss: 0.053986

Train Epoch: 41 accuracy: 0.99 
 precision: [1.         1.         1.         0.95945946] 
 recall: [1.         0.99282297 1.         1.        ] 
 f1: [1.         0.99639856 1.         0.97931034] 
 f1_avg: 0.9949329341088488


Validation Epoch: 41 accuracy: 0.78 
 precision: [0.66666667 0.90384615 0.33333333 0.46666667] 
 recall: [0.28571429 0.90384615 0.5        0.58333333] 
 f1: [0.4        0.90384615 0.4        0.51851852] 
 f1_avg: 0.778386605783866

--- 19.773566961288452 seconds ---
Train Epoch: 42 loss: 0.052911

Train Epoch: 42 accuracy: 0.99 
 precision: [1.         1.         1.         0.95945946] 
 recall: [1.         0.99282297 1.         1.        ] 
 f1: [1.         0.99639856 1.         0.97931034] 
 f1_avg: 0.9949329341088488


Validation Epoch: 42 accuracy: 0.79 
 precision: [0.66666667 0.90566038 0.33333333 0.5       ] 
 recall: [0.28571429 0.92307692 0.5        0.58333333] 
 f1: [0.4        0.91428571 0.4        0.53846154] 
 f1_avg: 0.7891013096492547

--- 20.123038053512573 seconds ---
Train Epoch: 43 loss: 0.051784

Train Epoch: 43 accuracy: 0.99 
 precision: [1.         1.         1.         0.95945946] 
 recall: [1.         0.99282297 1.         1.        ] 
 f1: [1.         0.99639856 1.         0.97931034] 
 f1_avg: 0.9949329341088488


Validation Epoch: 43 accuracy: 0.79 
 precision: [0.66666667 0.90566038 0.33333333 0.5       ] 
 recall: [0.28571429 0.92307692 0.5        0.58333333] 
 f1: [0.4        0.91428571 0.4        0.53846154] 
 f1_avg: 0.7891013096492547

--- 20.465062141418457 seconds ---
Train Epoch: 44 loss: 0.050961

Train Epoch: 44 accuracy: 0.99 
 precision: [1.         1.         1.         0.95945946] 
 recall: [1.         0.99282297 1.         1.        ] 
 f1: [1.         0.99639856 1.         0.97931034] 
 f1_avg: 0.9949329341088488


Validation Epoch: 44 accuracy: 0.79 
 precision: [0.66666667 0.90566038 0.33333333 0.5       ] 
 recall: [0.28571429 0.92307692 0.5        0.58333333] 
 f1: [0.4        0.91428571 0.4        0.53846154] 
 f1_avg: 0.7891013096492547

--- 20.820231199264526 seconds ---
Train Epoch: 45 loss: 0.050107

Train Epoch: 45 accuracy: 0.99 
 precision: [1.         1.         1.         0.95945946] 
 recall: [1.         0.99282297 1.         1.        ] 
 f1: [1.         0.99639856 1.         0.97931034] 
 f1_avg: 0.9949329341088488


Validation Epoch: 45 accuracy: 0.78 
 precision: [0.66666667 0.90566038 0.25       0.46153846] 
 recall: [0.28571429 0.92307692 0.5        0.5       ] 
 f1: [0.4        0.91428571 0.33333333 0.48      ] 
 f1_avg: 0.7776647097195042

--- 21.21401596069336 seconds ---
Train Epoch: 46 loss: 0.049067

Train Epoch: 46 accuracy: 0.99 
 precision: [1.         1.         1.         0.95945946] 
 recall: [1.         0.99282297 1.         1.        ] 
 f1: [1.         0.99639856 1.         0.97931034] 
 f1_avg: 0.9949329341088488


Validation Epoch: 46 accuracy: 0.78 
 precision: [0.66666667 0.90566038 0.25       0.46153846] 
 recall: [0.28571429 0.92307692 0.5        0.5       ] 
 f1: [0.4        0.91428571 0.33333333 0.48      ] 
 f1_avg: 0.7776647097195042

--- 21.67051410675049 seconds ---
Train Epoch: 47 loss: 0.048748

Train Epoch: 47 accuracy: 0.99 
 precision: [1.         1.         1.         0.95945946] 
 recall: [1.         0.99282297 1.         1.        ] 
 f1: [1.         0.99639856 1.         0.97931034] 
 f1_avg: 0.9949329341088488


Validation Epoch: 47 accuracy: 0.78 
 precision: [0.66666667 0.90566038 0.25       0.46153846] 
 recall: [0.28571429 0.92307692 0.5        0.5       ] 
 f1: [0.4        0.91428571 0.33333333 0.48      ] 
 f1_avg: 0.7776647097195042

--- 22.065348148345947 seconds ---
Train Epoch: 48 loss: 0.048440

Train Epoch: 48 accuracy: 0.99 
 precision: [1.         1.         1.         0.95945946] 
 recall: [1.         0.99282297 1.         1.        ] 
 f1: [1.         0.99639856 1.         0.97931034] 
 f1_avg: 0.9949329341088488


Validation Epoch: 48 accuracy: 0.79 
 precision: [0.66666667 0.90740741 0.25       0.5       ] 
 recall: [0.28571429 0.94230769 0.5        0.5       ] 
 f1: [0.4        0.9245283  0.33333333 0.5       ] 
 f1_avg: 0.7882484707504092

--- 22.505046129226685 seconds ---
Train Epoch: 49 loss: 0.048154

Train Epoch: 49 accuracy: 0.99 
 precision: [1.         1.         1.         0.95945946] 
 recall: [1.         0.99282297 1.         1.        ] 
 f1: [1.         0.99639856 1.         0.97931034] 
 f1_avg: 0.9949329341088488


Validation Epoch: 49 accuracy: 0.79 
 precision: [0.66666667 0.90740741 0.25       0.5       ] 
 recall: [0.28571429 0.94230769 0.5        0.5       ] 
 f1: [0.4        0.9245283  0.33333333 0.5       ] 
 f1_avg: 0.7882484707504092

--- 22.874836921691895 seconds ---
Train Epoch: 50 loss: 0.047882

Train Epoch: 50 accuracy: 0.99 
 precision: [1.         1.         1.         0.95945946] 
 recall: [1.         0.99282297 1.         1.        ] 
 f1: [1.         0.99639856 1.         0.97931034] 
 f1_avg: 0.9949329341088488


Validation Epoch: 50 accuracy: 0.79 
 precision: [0.66666667 0.90740741 0.25       0.5       ] 
 recall: [0.28571429 0.94230769 0.5        0.5       ] 
 f1: [0.4        0.9245283  0.33333333 0.5       ] 
 f1_avg: 0.7882484707504092

--- 23.226842164993286 seconds ---
Train Epoch: 51 loss: 0.047620

Train Epoch: 51 accuracy: 0.99 
 precision: [1.         1.         1.         0.95945946] 
 recall: [1.         0.99282297 1.         1.        ] 
 f1: [1.         0.99639856 1.         0.97931034] 
 f1_avg: 0.9949329341088488


Validation Epoch: 51 accuracy: 0.79 
 precision: [0.66666667 0.90740741 0.25       0.5       ] 
 recall: [0.28571429 0.94230769 0.5        0.5       ] 
 f1: [0.4        0.9245283  0.33333333 0.5       ] 
 f1_avg: 0.7882484707504092

--- 23.58296227455139 seconds ---
Train Epoch: 52 loss: 0.047365

Train Epoch: 52 accuracy: 0.99 
 precision: [1.         1.         1.         0.95945946] 
 recall: [1.         0.99282297 1.         1.        ] 
 f1: [1.         0.99639856 1.         0.97931034] 
 f1_avg: 0.9949329341088488


Validation Epoch: 52 accuracy: 0.79 
 precision: [0.66666667 0.90740741 0.25       0.5       ] 
 recall: [0.28571429 0.94230769 0.5        0.5       ] 
 f1: [0.4        0.9245283  0.33333333 0.5       ] 
 f1_avg: 0.7882484707504092

--- 23.96027708053589 seconds ---
Train Epoch: 53 loss: 0.047110

Train Epoch: 53 accuracy: 0.99 
 precision: [1.         1.         1.         0.95945946] 
 recall: [1.         0.99282297 1.         1.        ] 
 f1: [1.         0.99639856 1.         0.97931034] 
 f1_avg: 0.9949329341088488


Validation Epoch: 53 accuracy: 0.79 
 precision: [0.66666667 0.90740741 0.25       0.5       ] 
 recall: [0.28571429 0.94230769 0.5        0.5       ] 
 f1: [0.4        0.9245283  0.33333333 0.5       ] 
 f1_avg: 0.7882484707504092

--- 24.353760957717896 seconds ---
Train Epoch: 54 loss: 0.046853

Train Epoch: 54 accuracy: 0.99 
 precision: [1.         1.         1.         0.95945946] 
 recall: [1.         0.99282297 1.         1.        ] 
 f1: [1.         0.99639856 1.         0.97931034] 
 f1_avg: 0.9949329341088488


Validation Epoch: 54 accuracy: 0.79 
 precision: [0.66666667 0.90740741 0.25       0.5       ] 
 recall: [0.28571429 0.94230769 0.5        0.5       ] 
 f1: [0.4        0.9245283  0.33333333 0.5       ] 
 f1_avg: 0.7882484707504092

--- 24.725089073181152 seconds ---
Train Epoch: 55 loss: 0.046773

Train Epoch: 55 accuracy: 0.99 
 precision: [1.         1.         1.         0.95945946] 
 recall: [1.         0.99282297 1.         1.        ] 
 f1: [1.         0.99639856 1.         0.97931034] 
 f1_avg: 0.9949329341088488


Validation Epoch: 55 accuracy: 0.79 
 precision: [0.66666667 0.90740741 0.25       0.5       ] 
 recall: [0.28571429 0.94230769 0.5        0.5       ] 
 f1: [0.4        0.9245283  0.33333333 0.5       ] 
 f1_avg: 0.7882484707504092

--- 25.176069259643555 seconds ---
Train Epoch: 56 loss: 0.046692

Train Epoch: 56 accuracy: 0.99 
 precision: [1.         1.         1.         0.95945946] 
 recall: [1.         0.99282297 1.         1.        ] 
 f1: [1.         0.99639856 1.         0.97931034] 
 f1_avg: 0.9949329341088488


Validation Epoch: 56 accuracy: 0.79 
 precision: [0.66666667 0.90740741 0.25       0.5       ] 
 recall: [0.28571429 0.94230769 0.5        0.5       ] 
 f1: [0.4        0.9245283  0.33333333 0.5       ] 
 f1_avg: 0.7882484707504092

--- 25.59948706626892 seconds ---
Train Epoch: 57 loss: 0.046610

Train Epoch: 57 accuracy: 0.99 
 precision: [1.         1.         1.         0.95945946] 
 recall: [1.         0.99282297 1.         1.        ] 
 f1: [1.         0.99639856 1.         0.97931034] 
 f1_avg: 0.9949329341088488


Validation Epoch: 57 accuracy: 0.79 
 precision: [0.66666667 0.90740741 0.25       0.5       ] 
 recall: [0.28571429 0.94230769 0.5        0.5       ] 
 f1: [0.4        0.9245283  0.33333333 0.5       ] 
 f1_avg: 0.7882484707504092

--- 25.997008085250854 seconds ---
Train Epoch: 58 loss: 0.046528

Train Epoch: 58 accuracy: 0.99 
 precision: [1.         1.         1.         0.95945946] 
 recall: [1.         0.99282297 1.         1.        ] 
 f1: [1.         0.99639856 1.         0.97931034] 
 f1_avg: 0.9949329341088488


Validation Epoch: 58 accuracy: 0.79 
 precision: [0.66666667 0.90740741 0.25       0.5       ] 
 recall: [0.28571429 0.94230769 0.5        0.5       ] 
 f1: [0.4        0.9245283  0.33333333 0.5       ] 
 f1_avg: 0.7882484707504092

--- 26.35911512374878 seconds ---
Train Epoch: 59 loss: 0.046447

Train Epoch: 59 accuracy: 0.99 
 precision: [1.         1.         1.         0.95945946] 
 recall: [1.         0.99282297 1.         1.        ] 
 f1: [1.         0.99639856 1.         0.97931034] 
 f1_avg: 0.9949329341088488


Validation Epoch: 59 accuracy: 0.79 
 precision: [0.66666667 0.90740741 0.25       0.5       ] 
 recall: [0.28571429 0.94230769 0.5        0.5       ] 
 f1: [0.4        0.9245283  0.33333333 0.5       ] 
 f1_avg: 0.7882484707504092

--- 26.71522808074951 seconds ---
Train Epoch: 60 loss: 0.046366

Train Epoch: 60 accuracy: 0.99 
 precision: [1.         1.         1.         0.95945946] 
 recall: [1.         0.99282297 1.         1.        ] 
 f1: [1.         0.99639856 1.         0.97931034] 
 f1_avg: 0.9949329341088488


Validation Epoch: 60 accuracy: 0.79 
 precision: [0.66666667 0.90740741 0.25       0.5       ] 
 recall: [0.28571429 0.94230769 0.5        0.5       ] 
 f1: [0.4        0.9245283  0.33333333 0.5       ] 
 f1_avg: 0.7882484707504092

--- 27.076256036758423 seconds ---
Train Epoch: 61 loss: 0.046284

Train Epoch: 61 accuracy: 0.99 
 precision: [1.         1.         1.         0.95945946] 
 recall: [1.         0.99282297 1.         1.        ] 
 f1: [1.         0.99639856 1.         0.97931034] 
 f1_avg: 0.9949329341088488


Validation Epoch: 61 accuracy: 0.79 
 precision: [0.66666667 0.90740741 0.25       0.5       ] 
 recall: [0.28571429 0.94230769 0.5        0.5       ] 
 f1: [0.4        0.9245283  0.33333333 0.5       ] 
 f1_avg: 0.7882484707504092

--- 27.430840015411377 seconds ---
Train Epoch: 62 loss: 0.046203

Train Epoch: 62 accuracy: 0.99 
 precision: [1.         1.         1.         0.95945946] 
 recall: [1.         0.99282297 1.         1.        ] 
 f1: [1.         0.99639856 1.         0.97931034] 
 f1_avg: 0.9949329341088488


Validation Epoch: 62 accuracy: 0.79 
 precision: [0.66666667 0.90740741 0.25       0.5       ] 
 recall: [0.28571429 0.94230769 0.5        0.5       ] 
 f1: [0.4        0.9245283  0.33333333 0.5       ] 
 f1_avg: 0.7882484707504092

--- 27.778757095336914 seconds ---
Train Epoch: 63 loss: 0.046178

Train Epoch: 63 accuracy: 0.99 
 precision: [1.         1.         1.         0.95945946] 
 recall: [1.         0.99282297 1.         1.        ] 
 f1: [1.         0.99639856 1.         0.97931034] 
 f1_avg: 0.9949329341088488


Validation Epoch: 63 accuracy: 0.79 
 precision: [0.66666667 0.90740741 0.25       0.5       ] 
 recall: [0.28571429 0.94230769 0.5        0.5       ] 
 f1: [0.4        0.9245283  0.33333333 0.5       ] 
 f1_avg: 0.7882484707504092

--- 28.138856887817383 seconds ---
Train Epoch: 64 loss: 0.046153

Train Epoch: 64 accuracy: 0.99 
 precision: [1.         1.         1.         0.95945946] 
 recall: [1.         0.99282297 1.         1.        ] 
 f1: [1.         0.99639856 1.         0.97931034] 
 f1_avg: 0.9949329341088488


Validation Epoch: 64 accuracy: 0.79 
 precision: [0.66666667 0.90740741 0.25       0.5       ] 
 recall: [0.28571429 0.94230769 0.5        0.5       ] 
 f1: [0.4        0.9245283  0.33333333 0.5       ] 
 f1_avg: 0.7882484707504092

--- 28.50531005859375 seconds ---
Train Epoch: 65 loss: 0.046128

Train Epoch: 65 accuracy: 0.99 
 precision: [1.         1.         1.         0.95945946] 
 recall: [1.         0.99282297 1.         1.        ] 
 f1: [1.         0.99639856 1.         0.97931034] 
 f1_avg: 0.9949329341088488


Validation Epoch: 65 accuracy: 0.79 
 precision: [0.66666667 0.90740741 0.25       0.5       ] 
 recall: [0.28571429 0.94230769 0.5        0.5       ] 
 f1: [0.4        0.9245283  0.33333333 0.5       ] 
 f1_avg: 0.7882484707504092

--- 28.95358419418335 seconds ---
Train Epoch: 66 loss: 0.046103

Train Epoch: 66 accuracy: 0.99 
 precision: [1.         1.         1.         0.95945946] 
 recall: [1.         0.99282297 1.         1.        ] 
 f1: [1.         0.99639856 1.         0.97931034] 
 f1_avg: 0.9949329341088488


Validation Epoch: 66 accuracy: 0.79 
 precision: [0.66666667 0.90740741 0.25       0.5       ] 
 recall: [0.28571429 0.94230769 0.5        0.5       ] 
 f1: [0.4        0.9245283  0.33333333 0.5       ] 
 f1_avg: 0.7882484707504092

--- 29.29957914352417 seconds ---
Train Epoch: 67 loss: 0.046078

Train Epoch: 67 accuracy: 0.99 
 precision: [1.         1.         1.         0.95945946] 
 recall: [1.         0.99282297 1.         1.        ] 
 f1: [1.         0.99639856 1.         0.97931034] 
 f1_avg: 0.9949329341088488


Validation Epoch: 67 accuracy: 0.79 
 precision: [0.66666667 0.90740741 0.25       0.5       ] 
 recall: [0.28571429 0.94230769 0.5        0.5       ] 
 f1: [0.4        0.9245283  0.33333333 0.5       ] 
 f1_avg: 0.7882484707504092

--- 29.645775079727173 seconds ---
Train Epoch: 68 loss: 0.046053

Train Epoch: 68 accuracy: 0.99 
 precision: [1.         1.         1.         0.95945946] 
 recall: [1.         0.99282297 1.         1.        ] 
 f1: [1.         0.99639856 1.         0.97931034] 
 f1_avg: 0.9949329341088488


Validation Epoch: 68 accuracy: 0.79 
 precision: [0.66666667 0.90740741 0.25       0.5       ] 
 recall: [0.28571429 0.94230769 0.5        0.5       ] 
 f1: [0.4        0.9245283  0.33333333 0.5       ] 
 f1_avg: 0.7882484707504092

--- 29.98827815055847 seconds ---
Train Epoch: 69 loss: 0.046028

Train Epoch: 69 accuracy: 0.99 
 precision: [1.         1.         1.         0.95945946] 
 recall: [1.         0.99282297 1.         1.        ] 
 f1: [1.         0.99639856 1.         0.97931034] 
 f1_avg: 0.9949329341088488


Validation Epoch: 69 accuracy: 0.79 
 precision: [0.66666667 0.90740741 0.25       0.5       ] 
 recall: [0.28571429 0.94230769 0.5        0.5       ] 
 f1: [0.4        0.9245283  0.33333333 0.5       ] 
 f1_avg: 0.7882484707504092

--- 30.334465980529785 seconds ---
Train Epoch: 70 loss: 0.046002

Train Epoch: 70 accuracy: 0.99 
 precision: [1.         1.         1.         0.95945946] 
 recall: [1.         0.99282297 1.         1.        ] 
 f1: [1.         0.99639856 1.         0.97931034] 
 f1_avg: 0.9949329341088488


Validation Epoch: 70 accuracy: 0.79 
 precision: [0.66666667 0.90740741 0.25       0.5       ] 
 recall: [0.28571429 0.94230769 0.5        0.5       ] 
 f1: [0.4        0.9245283  0.33333333 0.5       ] 
 f1_avg: 0.7882484707504092

--- 30.692588090896606 seconds ---
Train Epoch: 71 loss: 0.045995

Train Epoch: 71 accuracy: 0.99 
 precision: [1.         1.         1.         0.95945946] 
 recall: [1.         0.99282297 1.         1.        ] 
 f1: [1.         0.99639856 1.         0.97931034] 
 f1_avg: 0.9949329341088488


Validation Epoch: 71 accuracy: 0.79 
 precision: [0.66666667 0.90740741 0.25       0.5       ] 
 recall: [0.28571429 0.94230769 0.5        0.5       ] 
 f1: [0.4        0.9245283  0.33333333 0.5       ] 
 f1_avg: 0.7882484707504092

--- 31.03544306755066 seconds ---
Train Epoch: 72 loss: 0.045987

Train Epoch: 72 accuracy: 0.99 
 precision: [1.         1.         1.         0.95945946] 
 recall: [1.         0.99282297 1.         1.        ] 
 f1: [1.         0.99639856 1.         0.97931034] 
 f1_avg: 0.9949329341088488


Validation Epoch: 72 accuracy: 0.79 
 precision: [0.66666667 0.90740741 0.25       0.5       ] 
 recall: [0.28571429 0.94230769 0.5        0.5       ] 
 f1: [0.4        0.9245283  0.33333333 0.5       ] 
 f1_avg: 0.7882484707504092

--- 31.381081104278564 seconds ---
Train Epoch: 73 loss: 0.045979

Train Epoch: 73 accuracy: 0.99 
 precision: [1.         1.         1.         0.95945946] 
 recall: [1.         0.99282297 1.         1.        ] 
 f1: [1.         0.99639856 1.         0.97931034] 
 f1_avg: 0.9949329341088488


Validation Epoch: 73 accuracy: 0.79 
 precision: [0.66666667 0.90740741 0.25       0.5       ] 
 recall: [0.28571429 0.94230769 0.5        0.5       ] 
 f1: [0.4        0.9245283  0.33333333 0.5       ] 
 f1_avg: 0.7882484707504092

--- 31.725767135620117 seconds ---
Train Epoch: 74 loss: 0.045971

Train Epoch: 74 accuracy: 0.99 
 precision: [1.         1.         1.         0.95945946] 
 recall: [1.         0.99282297 1.         1.        ] 
 f1: [1.         0.99639856 1.         0.97931034] 
 f1_avg: 0.9949329341088488


Validation Epoch: 74 accuracy: 0.79 
 precision: [0.66666667 0.90740741 0.25       0.5       ] 
 recall: [0.28571429 0.94230769 0.5        0.5       ] 
 f1: [0.4        0.9245283  0.33333333 0.5       ] 
 f1_avg: 0.7882484707504092

--- 32.073524951934814 seconds ---
Train Epoch: 75 loss: 0.045963

Train Epoch: 75 accuracy: 0.99 
 precision: [1.         1.         1.         0.95945946] 
 recall: [1.         0.99282297 1.         1.        ] 
 f1: [1.         0.99639856 1.         0.97931034] 
 f1_avg: 0.9949329341088488


Validation Epoch: 75 accuracy: 0.79 
 precision: [0.66666667 0.90740741 0.25       0.5       ] 
 recall: [0.28571429 0.94230769 0.5        0.5       ] 
 f1: [0.4        0.9245283  0.33333333 0.5       ] 
 f1_avg: 0.7882484707504092

--- 32.418620109558105 seconds ---
Train Epoch: 76 loss: 0.045955

Train Epoch: 76 accuracy: 0.99 
 precision: [1.         1.         1.         0.95945946] 
 recall: [1.         0.99282297 1.         1.        ] 
 f1: [1.         0.99639856 1.         0.97931034] 
 f1_avg: 0.9949329341088488


Validation Epoch: 76 accuracy: 0.79 
 precision: [0.66666667 0.90740741 0.25       0.5       ] 
 recall: [0.28571429 0.94230769 0.5        0.5       ] 
 f1: [0.4        0.9245283  0.33333333 0.5       ] 
 f1_avg: 0.7882484707504092

--- 32.75857615470886 seconds ---
Train Epoch: 77 loss: 0.045947

Train Epoch: 77 accuracy: 0.99 
 precision: [1.         1.         1.         0.95945946] 
 recall: [1.         0.99282297 1.         1.        ] 
 f1: [1.         0.99639856 1.         0.97931034] 
 f1_avg: 0.9949329341088488


Validation Epoch: 77 accuracy: 0.79 
 precision: [0.66666667 0.90740741 0.25       0.5       ] 
 recall: [0.28571429 0.94230769 0.5        0.5       ] 
 f1: [0.4        0.9245283  0.33333333 0.5       ] 
 f1_avg: 0.7882484707504092

--- 33.1023211479187 seconds ---
Train Epoch: 78 loss: 0.045939

Train Epoch: 78 accuracy: 0.99 
 precision: [1.         1.         1.         0.95945946] 
 recall: [1.         0.99282297 1.         1.        ] 
 f1: [1.         0.99639856 1.         0.97931034] 
 f1_avg: 0.9949329341088488


Validation Epoch: 78 accuracy: 0.79 
 precision: [0.66666667 0.90740741 0.25       0.5       ] 
 recall: [0.28571429 0.94230769 0.5        0.5       ] 
 f1: [0.4        0.9245283  0.33333333 0.5       ] 
 f1_avg: 0.7882484707504092

--- 33.441781997680664 seconds ---
Train Epoch: 79 loss: 0.045936

Train Epoch: 79 accuracy: 0.99 
 precision: [1.         1.         1.         0.95945946] 
 recall: [1.         0.99282297 1.         1.        ] 
 f1: [1.         0.99639856 1.         0.97931034] 
 f1_avg: 0.9949329341088488


Validation Epoch: 79 accuracy: 0.79 
 precision: [0.66666667 0.90740741 0.25       0.5       ] 
 recall: [0.28571429 0.94230769 0.5        0.5       ] 
 f1: [0.4        0.9245283  0.33333333 0.5       ] 
 f1_avg: 0.7882484707504092

--- 33.79957723617554 seconds ---
Train Epoch: 80 loss: 0.045934

Train Epoch: 80 accuracy: 0.99 
 precision: [1.         1.         1.         0.95945946] 
 recall: [1.         0.99282297 1.         1.        ] 
 f1: [1.         0.99639856 1.         0.97931034] 
 f1_avg: 0.9949329341088488


Validation Epoch: 80 accuracy: 0.79 
 precision: [0.66666667 0.90740741 0.25       0.5       ] 
 recall: [0.28571429 0.94230769 0.5        0.5       ] 
 f1: [0.4        0.9245283  0.33333333 0.5       ] 
 f1_avg: 0.7882484707504092

--- 34.15370488166809 seconds ---
Train Epoch: 81 loss: 0.045931

Train Epoch: 81 accuracy: 0.99 
 precision: [1.         1.         1.         0.95945946] 
 recall: [1.         0.99282297 1.         1.        ] 
 f1: [1.         0.99639856 1.         0.97931034] 
 f1_avg: 0.9949329341088488


Validation Epoch: 81 accuracy: 0.79 
 precision: [0.66666667 0.90740741 0.25       0.5       ] 
 recall: [0.28571429 0.94230769 0.5        0.5       ] 
 f1: [0.4        0.9245283  0.33333333 0.5       ] 
 f1_avg: 0.7882484707504092

--- 34.57308316230774 seconds ---
Train Epoch: 82 loss: 0.045929

Train Epoch: 82 accuracy: 0.99 
 precision: [1.         1.         1.         0.95945946] 
 recall: [1.         0.99282297 1.         1.        ] 
 f1: [1.         0.99639856 1.         0.97931034] 
 f1_avg: 0.9949329341088488


Validation Epoch: 82 accuracy: 0.79 
 precision: [0.66666667 0.90740741 0.25       0.5       ] 
 recall: [0.28571429 0.94230769 0.5        0.5       ] 
 f1: [0.4        0.9245283  0.33333333 0.5       ] 
 f1_avg: 0.7882484707504092

--- 34.920024156570435 seconds ---
Train Epoch: 83 loss: 0.045926

Train Epoch: 83 accuracy: 0.99 
 precision: [1.         1.         1.         0.95945946] 
 recall: [1.         0.99282297 1.         1.        ] 
 f1: [1.         0.99639856 1.         0.97931034] 
 f1_avg: 0.9949329341088488


Validation Epoch: 83 accuracy: 0.79 
 precision: [0.66666667 0.90740741 0.25       0.5       ] 
 recall: [0.28571429 0.94230769 0.5        0.5       ] 
 f1: [0.4        0.9245283  0.33333333 0.5       ] 
 f1_avg: 0.7882484707504092

--- 35.26829528808594 seconds ---
Train Epoch: 84 loss: 0.045924

Train Epoch: 84 accuracy: 0.99 
 precision: [1.         1.         1.         0.95945946] 
 recall: [1.         0.99282297 1.         1.        ] 
 f1: [1.         0.99639856 1.         0.97931034] 
 f1_avg: 0.9949329341088488


Validation Epoch: 84 accuracy: 0.79 
 precision: [0.66666667 0.90740741 0.25       0.5       ] 
 recall: [0.28571429 0.94230769 0.5        0.5       ] 
 f1: [0.4        0.9245283  0.33333333 0.5       ] 
 f1_avg: 0.7882484707504092

--- 35.61977005004883 seconds ---
Train Epoch: 85 loss: 0.045921

Train Epoch: 85 accuracy: 0.99 
 precision: [1.         1.         1.         0.95945946] 
 recall: [1.         0.99282297 1.         1.        ] 
 f1: [1.         0.99639856 1.         0.97931034] 
 f1_avg: 0.9949329341088488


Validation Epoch: 85 accuracy: 0.79 
 precision: [0.66666667 0.90740741 0.25       0.5       ] 
 recall: [0.28571429 0.94230769 0.5        0.5       ] 
 f1: [0.4        0.9245283  0.33333333 0.5       ] 
 f1_avg: 0.7882484707504092

--- 36.01370310783386 seconds ---
Train Epoch: 86 loss: 0.045919

Train Epoch: 86 accuracy: 0.99 
 precision: [1.         1.         1.         0.95945946] 
 recall: [1.         0.99282297 1.         1.        ] 
 f1: [1.         0.99639856 1.         0.97931034] 
 f1_avg: 0.9949329341088488


Validation Epoch: 86 accuracy: 0.79 
 precision: [0.66666667 0.90740741 0.25       0.5       ] 
 recall: [0.28571429 0.94230769 0.5        0.5       ] 
 f1: [0.4        0.9245283  0.33333333 0.5       ] 
 f1_avg: 0.7882484707504092

--- 36.356009006500244 seconds ---
Train Epoch: 87 loss: 0.045918

Train Epoch: 87 accuracy: 0.99 
 precision: [1.         1.         1.         0.95945946] 
 recall: [1.         0.99282297 1.         1.        ] 
 f1: [1.         0.99639856 1.         0.97931034] 
 f1_avg: 0.9949329341088488


Validation Epoch: 87 accuracy: 0.79 
 precision: [0.66666667 0.90740741 0.25       0.5       ] 
 recall: [0.28571429 0.94230769 0.5        0.5       ] 
 f1: [0.4        0.9245283  0.33333333 0.5       ] 
 f1_avg: 0.7882484707504092

--- 36.704081296920776 seconds ---
Train Epoch: 88 loss: 0.045917

Train Epoch: 88 accuracy: 0.99 
 precision: [1.         1.         1.         0.95945946] 
 recall: [1.         0.99282297 1.         1.        ] 
 f1: [1.         0.99639856 1.         0.97931034] 
 f1_avg: 0.9949329341088488


Validation Epoch: 88 accuracy: 0.79 
 precision: [0.66666667 0.90740741 0.25       0.5       ] 
 recall: [0.28571429 0.94230769 0.5        0.5       ] 
 f1: [0.4        0.9245283  0.33333333 0.5       ] 
 f1_avg: 0.7882484707504092

--- 37.04777002334595 seconds ---
Train Epoch: 89 loss: 0.045916

Train Epoch: 89 accuracy: 0.99 
 precision: [1.         1.         1.         0.95945946] 
 recall: [1.         0.99282297 1.         1.        ] 
 f1: [1.         0.99639856 1.         0.97931034] 
 f1_avg: 0.9949329341088488


Validation Epoch: 89 accuracy: 0.79 
 precision: [0.66666667 0.90740741 0.25       0.5       ] 
 recall: [0.28571429 0.94230769 0.5        0.5       ] 
 f1: [0.4        0.9245283  0.33333333 0.5       ] 
 f1_avg: 0.7882484707504092

--- 37.392303228378296 seconds ---
Train Epoch: 90 loss: 0.045916

Train Epoch: 90 accuracy: 0.99 
 precision: [1.         1.         1.         0.95945946] 
 recall: [1.         0.99282297 1.         1.        ] 
 f1: [1.         0.99639856 1.         0.97931034] 
 f1_avg: 0.9949329341088488


Validation Epoch: 90 accuracy: 0.79 
 precision: [0.66666667 0.90740741 0.25       0.5       ] 
 recall: [0.28571429 0.94230769 0.5        0.5       ] 
 f1: [0.4        0.9245283  0.33333333 0.5       ] 
 f1_avg: 0.7882484707504092

--- 37.738959074020386 seconds ---
Train Epoch: 91 loss: 0.045915

Train Epoch: 91 accuracy: 0.99 
 precision: [1.         1.         1.         0.95945946] 
 recall: [1.         0.99282297 1.         1.        ] 
 f1: [1.         0.99639856 1.         0.97931034] 
 f1_avg: 0.9949329341088488


Validation Epoch: 91 accuracy: 0.79 
 precision: [0.66666667 0.90740741 0.25       0.5       ] 
 recall: [0.28571429 0.94230769 0.5        0.5       ] 
 f1: [0.4        0.9245283  0.33333333 0.5       ] 
 f1_avg: 0.7882484707504092

--- 38.08046102523804 seconds ---
Train Epoch: 92 loss: 0.045914

Train Epoch: 92 accuracy: 0.99 
 precision: [1.         1.         1.         0.95945946] 
 recall: [1.         0.99282297 1.         1.        ] 
 f1: [1.         0.99639856 1.         0.97931034] 
 f1_avg: 0.9949329341088488


Validation Epoch: 92 accuracy: 0.79 
 precision: [0.66666667 0.90740741 0.25       0.5       ] 
 recall: [0.28571429 0.94230769 0.5        0.5       ] 
 f1: [0.4        0.9245283  0.33333333 0.5       ] 
 f1_avg: 0.7882484707504092

--- 38.424461126327515 seconds ---
Train Epoch: 93 loss: 0.045913

Train Epoch: 93 accuracy: 0.99 
 precision: [1.         1.         1.         0.95945946] 
 recall: [1.         0.99282297 1.         1.        ] 
 f1: [1.         0.99639856 1.         0.97931034] 
 f1_avg: 0.9949329341088488


Validation Epoch: 93 accuracy: 0.79 
 precision: [0.66666667 0.90740741 0.25       0.5       ] 
 recall: [0.28571429 0.94230769 0.5        0.5       ] 
 f1: [0.4        0.9245283  0.33333333 0.5       ] 
 f1_avg: 0.7882484707504092

--- 38.77111506462097 seconds ---
Train Epoch: 94 loss: 0.045912

Train Epoch: 94 accuracy: 0.99 
 precision: [1.         1.         1.         0.95945946] 
 recall: [1.         0.99282297 1.         1.        ] 
 f1: [1.         0.99639856 1.         0.97931034] 
 f1_avg: 0.9949329341088488


Validation Epoch: 94 accuracy: 0.79 
 precision: [0.66666667 0.90740741 0.25       0.5       ] 
 recall: [0.28571429 0.94230769 0.5        0.5       ] 
 f1: [0.4        0.9245283  0.33333333 0.5       ] 
 f1_avg: 0.7882484707504092

--- 39.11725306510925 seconds ---
Train Epoch: 95 loss: 0.045912

Train Epoch: 95 accuracy: 0.99 
 precision: [1.         1.         1.         0.95945946] 
 recall: [1.         0.99282297 1.         1.        ] 
 f1: [1.         0.99639856 1.         0.97931034] 
 f1_avg: 0.9949329341088488


Validation Epoch: 95 accuracy: 0.79 
 precision: [0.66666667 0.90740741 0.25       0.5       ] 
 recall: [0.28571429 0.94230769 0.5        0.5       ] 
 f1: [0.4        0.9245283  0.33333333 0.5       ] 
 f1_avg: 0.7882484707504092

--- 39.46190524101257 seconds ---
Train Epoch: 96 loss: 0.045912

Train Epoch: 96 accuracy: 0.99 
 precision: [1.         1.         1.         0.95945946] 
 recall: [1.         0.99282297 1.         1.        ] 
 f1: [1.         0.99639856 1.         0.97931034] 
 f1_avg: 0.9949329341088488


Validation Epoch: 96 accuracy: 0.79 
 precision: [0.66666667 0.90740741 0.25       0.5       ] 
 recall: [0.28571429 0.94230769 0.5        0.5       ] 
 f1: [0.4        0.9245283  0.33333333 0.5       ] 
 f1_avg: 0.7882484707504092

--- 39.806246280670166 seconds ---
Train Epoch: 97 loss: 0.045912

Train Epoch: 97 accuracy: 0.99 
 precision: [1.         1.         1.         0.95945946] 
 recall: [1.         0.99282297 1.         1.        ] 
 f1: [1.         0.99639856 1.         0.97931034] 
 f1_avg: 0.9949329341088488


Validation Epoch: 97 accuracy: 0.79 
 precision: [0.66666667 0.90740741 0.25       0.5       ] 
 recall: [0.28571429 0.94230769 0.5        0.5       ] 
 f1: [0.4        0.9245283  0.33333333 0.5       ] 
 f1_avg: 0.7882484707504092

--- 40.149391174316406 seconds ---
Train Epoch: 98 loss: 0.045911

Train Epoch: 98 accuracy: 0.99 
 precision: [1.         1.         1.         0.95945946] 
 recall: [1.         0.99282297 1.         1.        ] 
 f1: [1.         0.99639856 1.         0.97931034] 
 f1_avg: 0.9949329341088488


Validation Epoch: 98 accuracy: 0.79 
 precision: [0.66666667 0.90740741 0.25       0.5       ] 
 recall: [0.28571429 0.94230769 0.5        0.5       ] 
 f1: [0.4        0.9245283  0.33333333 0.5       ] 
 f1_avg: 0.7882484707504092

--- 40.526735067367554 seconds ---
Train Epoch: 99 loss: 0.045911

Train Epoch: 99 accuracy: 0.99 
 precision: [1.         1.         1.         0.95945946] 
 recall: [1.         0.99282297 1.         1.        ] 
 f1: [1.         0.99639856 1.         0.97931034] 
 f1_avg: 0.9949329341088488


Validation Epoch: 99 accuracy: 0.79 
 precision: [0.66666667 0.90740741 0.25       0.5       ] 
 recall: [0.28571429 0.94230769 0.5        0.5       ] 
 f1: [0.4        0.9245283  0.33333333 0.5       ] 
 f1_avg: 0.7882484707504092

--- 40.897303104400635 seconds ---
Train Epoch: 100 loss: 0.045911

Train Epoch: 100 accuracy: 0.99 
 precision: [1.         1.         1.         0.95945946] 
 recall: [1.         0.99282297 1.         1.        ] 
 f1: [1.         0.99639856 1.         0.97931034] 
 f1_avg: 0.9949329341088488


Validation Epoch: 100 accuracy: 0.79 
 precision: [0.66666667 0.90740741 0.25       0.5       ] 
 recall: [0.28571429 0.94230769 0.5        0.5       ] 
 f1: [0.4        0.9245283  0.33333333 0.5       ] 
 f1_avg: 0.7882484707504092

--- 41.24589800834656 seconds ---

Test: accuracy: 0.68 
 precision: [0.         0.82352941 0.5        0.35      ] 
 recall: [0.         0.85714286 0.14285714 0.7       ] 
 f1: [0.         0.84       0.22222222 0.46666667] 
 f1_avg: 0.6403003003003003

--- 43.595776081085205 seconds ---
