train: (2978, 25202)
test: (1852, 25202)
Iteration 1, loss = 2.44712145
Iteration 2, loss = 1.27578323
Iteration 3, loss = 0.81509539
Iteration 4, loss = 0.66451647
Iteration 5, loss = 0.57131126
Iteration 6, loss = 0.50569376
Iteration 7, loss = 0.45462456
Iteration 8, loss = 0.41757334
Iteration 9, loss = 0.37499764
Iteration 10, loss = 0.34123575
Iteration 11, loss = 0.31443622
Iteration 12, loss = 0.28712391
Iteration 13, loss = 0.26376417
Iteration 14, loss = 0.24326110
Iteration 15, loss = 0.22486459
Iteration 16, loss = 0.20863250
Iteration 17, loss = 0.19365543
Iteration 18, loss = 0.18185701
Iteration 19, loss = 0.16829000
Iteration 20, loss = 0.15746484
Iteration 21, loss = 0.14755017
Iteration 22, loss = 0.13853727
Iteration 23, loss = 0.13142908
Iteration 24, loss = 0.12567005
Iteration 25, loss = 0.11952132
Iteration 26, loss = 0.11214324
Iteration 27, loss = 0.10487779
Iteration 28, loss = 0.09976460
Iteration 29, loss = 0.09527177
Iteration 30, loss = 0.09604280
Iteration 31, loss = 0.08986157
Iteration 32, loss = 0.08426009
Iteration 33, loss = 0.08030681
Iteration 34, loss = 0.07726993
Iteration 35, loss = 0.07548566
Iteration 36, loss = 0.07258271
Iteration 37, loss = 0.07009299
Iteration 38, loss = 0.06893957
Iteration 39, loss = 0.06611423
Iteration 40, loss = 0.06480045
Iteration 41, loss = 0.06319191
Iteration 42, loss = 0.06134483
Iteration 43, loss = 0.06028654
Iteration 44, loss = 0.06638159
Iteration 45, loss = 0.06010796
Iteration 46, loss = 0.05828781
Iteration 47, loss = 0.05600752
Iteration 48, loss = 0.05495086
Iteration 49, loss = 0.05355597
Iteration 50, loss = 0.05705820
Iteration 51, loss = 0.59034327
Iteration 52, loss = 1.41659466
Iteration 53, loss = 1.27589980
Iteration 54, loss = 0.93818995
Iteration 55, loss = 0.85450367
Iteration 56, loss = 0.69898336
Iteration 57, loss = 0.59142501
Iteration 58, loss = 0.52260910
Iteration 59, loss = 0.46185081
Iteration 60, loss = 0.40974318
Training loss did not improve more than tol=0.000100 for 10 consecutive epochs. Stopping.
-----training-----
precision_score:  1.0
recall_score:  1.0
f1_score:  1.0
accuracy_score:  1.0
-----testing-----
precision_score:  0.02956298200514139
recall_score:  0.42592592592592593
f1_score:  0.055288461538461536
accuracy_score:  0.5755939524838013
--- 1233.3427429199219 seconds ---