cuda
Reading data ...
--- 0.00040793418884277344 seconds ---
LSTM(
  (lstm): LSTM(768, 256, num_layers=2, dropout=0.2)
  (hidden2tag): Linear(in_features=256, out_features=2, bias=True)
)
Number of parameters: 1577474
Train Epoch: 1 loss: 0.702873
Train Epoch: 1 loss: 0.412628
Train Epoch: 1 loss: 0.768312
Train Epoch: 1 loss: 0.514284
Train Epoch: 1 loss: 0.563543
Train Epoch: 1 loss: 0.552887
Train Epoch: 1 loss: 0.554536
Train Epoch: 1 loss: 0.561146
Train Epoch: 1 loss: 0.791364

Train Epoch: 1 accuracy: 0.95 precision: 0.00 recall: 0.02 f1: 0.00


Validate Epoch: 1 accuracy: 0.95 precision: 0.00 recall: 0.00 f1: 0.00

--- 1698.8312542438507 seconds ---
Train Epoch: 2 loss: 0.455189
Train Epoch: 2 loss: 0.276963
Train Epoch: 2 loss: 0.726606
Train Epoch: 2 loss: 0.496057
Train Epoch: 2 loss: 0.560179
Train Epoch: 2 loss: 0.536841
Train Epoch: 2 loss: 0.527654
Train Epoch: 2 loss: 0.550781
Train Epoch: 2 loss: 0.711191

Train Epoch: 2 accuracy: 0.95 precision: 0.03 recall: 0.11 f1: 0.04


Validate Epoch: 2 accuracy: 0.94 precision: 0.06 recall: 0.19 f1: 0.09

New best val score, save model ...
--- 3372.9950120449066 seconds ---
Train Epoch: 3 loss: 0.417655
Train Epoch: 3 loss: 0.279956
Train Epoch: 3 loss: 0.699830
Train Epoch: 3 loss: 0.477891
Train Epoch: 3 loss: 0.532540
Train Epoch: 3 loss: 0.524591
Train Epoch: 3 loss: 0.490674
Train Epoch: 3 loss: 0.539245
Train Epoch: 3 loss: 0.695553

Train Epoch: 3 accuracy: 0.93 precision: 0.09 recall: 0.11 f1: 0.10


Validate Epoch: 3 accuracy: 0.92 precision: 0.12 recall: 0.14 f1: 0.13

New best val score, save model ...
--- 5036.828071594238 seconds ---
Train Epoch: 4 loss: 0.360304
Train Epoch: 4 loss: 0.252990
Train Epoch: 4 loss: 0.660651
Train Epoch: 4 loss: 0.470273
Train Epoch: 4 loss: 0.507168
Train Epoch: 4 loss: 0.541358
Train Epoch: 4 loss: 0.474735
Train Epoch: 4 loss: 0.541069
Train Epoch: 4 loss: 0.694950

Train Epoch: 4 accuracy: 0.91 precision: 0.17 recall: 0.12 f1: 0.14


Validate Epoch: 4 accuracy: 0.93 precision: 0.15 recall: 0.17 f1: 0.16

New best val score, save model ...
--- 6701.904497623444 seconds ---
Train Epoch: 5 loss: 0.323800
Train Epoch: 5 loss: 0.207072
Train Epoch: 5 loss: 0.651443
Train Epoch: 5 loss: 0.473916
Train Epoch: 5 loss: 0.490673
Train Epoch: 5 loss: 0.474032
Train Epoch: 5 loss: 0.431265
Train Epoch: 5 loss: 0.541098
Train Epoch: 5 loss: 0.754944

Train Epoch: 5 accuracy: 0.90 precision: 0.24 recall: 0.13 f1: 0.17


Validate Epoch: 5 accuracy: 0.91 precision: 0.21 recall: 0.17 f1: 0.19

New best val score, save model ...
--- 8366.943583250046 seconds ---
Train Epoch: 6 loss: 0.292040
Train Epoch: 6 loss: 0.222399
Train Epoch: 6 loss: 0.649957
Train Epoch: 6 loss: 0.456359
Train Epoch: 6 loss: 0.410567
Train Epoch: 6 loss: 0.527744
Train Epoch: 6 loss: 0.434871
Train Epoch: 6 loss: 0.530577
Train Epoch: 6 loss: 0.720280

Train Epoch: 6 accuracy: 0.89 precision: 0.30 recall: 0.14 f1: 0.19


Validate Epoch: 6 accuracy: 0.89 precision: 0.28 recall: 0.15 f1: 0.19

New best val score, save model ...
--- 10032.876597166061 seconds ---
Train Epoch: 7 loss: 0.266121
Train Epoch: 7 loss: 0.136675
Train Epoch: 7 loss: 0.632824
Train Epoch: 7 loss: 0.451065
Train Epoch: 7 loss: 0.367879
Train Epoch: 7 loss: 0.551584
Train Epoch: 7 loss: 0.420326
Train Epoch: 7 loss: 0.514034
Train Epoch: 7 loss: 0.721557

Train Epoch: 7 accuracy: 0.89 precision: 0.35 recall: 0.15 f1: 0.21


Validate Epoch: 7 accuracy: 0.90 precision: 0.18 recall: 0.13 f1: 0.15

--- 11695.98544549942 seconds ---
Train Epoch: 8 loss: 0.253780
Train Epoch: 8 loss: 0.141090
Train Epoch: 8 loss: 0.648621
Train Epoch: 8 loss: 0.439410
Train Epoch: 8 loss: 0.338814
Train Epoch: 8 loss: 0.448789
Train Epoch: 8 loss: 0.423694
Train Epoch: 8 loss: 0.483473
Train Epoch: 8 loss: 0.704956

Train Epoch: 8 accuracy: 0.88 precision: 0.43 recall: 0.16 f1: 0.23


Validate Epoch: 8 accuracy: 0.89 precision: 0.21 recall: 0.12 f1: 0.15

--- 13364.266062259674 seconds ---
Train Epoch: 9 loss: 0.262919
Train Epoch: 9 loss: 0.117961
Train Epoch: 9 loss: 0.639443
Train Epoch: 9 loss: 0.414154
Train Epoch: 9 loss: 0.305686
Train Epoch: 9 loss: 0.494176
Train Epoch: 9 loss: 0.422161
Train Epoch: 9 loss: 0.528762
Train Epoch: 9 loss: 0.717727

Train Epoch: 9 accuracy: 0.88 precision: 0.47 recall: 0.17 f1: 0.25


Validate Epoch: 9 accuracy: 0.90 precision: 0.19 recall: 0.14 f1: 0.16

--- 15029.366121768951 seconds ---
Train Epoch: 10 loss: 0.215622
Train Epoch: 10 loss: 0.129981
Train Epoch: 10 loss: 0.646075
Train Epoch: 10 loss: 0.456143
Train Epoch: 10 loss: 0.276741
Train Epoch: 10 loss: 0.487687
Train Epoch: 10 loss: 0.391854
Train Epoch: 10 loss: 0.550527
Train Epoch: 10 loss: 0.691256

Train Epoch: 10 accuracy: 0.88 precision: 0.50 recall: 0.18 f1: 0.26


Validate Epoch: 10 accuracy: 0.86 precision: 0.26 recall: 0.11 f1: 0.15

--- 16694.672261953354 seconds ---
Train Epoch: 11 loss: 0.230036
Train Epoch: 11 loss: 0.113529
Train Epoch: 11 loss: 0.630189
Train Epoch: 11 loss: 0.423268
Train Epoch: 11 loss: 0.306796
Train Epoch: 11 loss: 0.386560
Train Epoch: 11 loss: 0.357710
Train Epoch: 11 loss: 0.395984
Train Epoch: 11 loss: 0.646140

Train Epoch: 11 accuracy: 0.89 precision: 0.58 recall: 0.20 f1: 0.30


Validate Epoch: 11 accuracy: 0.89 precision: 0.19 recall: 0.11 f1: 0.14

--- 18357.448275327682 seconds ---
Train Epoch: 12 loss: 0.179682
Train Epoch: 12 loss: 0.123720
Train Epoch: 12 loss: 0.537671
Train Epoch: 12 loss: 0.418960
Train Epoch: 12 loss: 0.233973
Train Epoch: 12 loss: 0.341312
Train Epoch: 12 loss: 0.391372
Train Epoch: 12 loss: 0.640862
Train Epoch: 12 loss: 0.551806

Train Epoch: 12 accuracy: 0.89 precision: 0.60 recall: 0.21 f1: 0.31


Validate Epoch: 12 accuracy: 0.87 precision: 0.25 recall: 0.11 f1: 0.15

--- 20019.595666885376 seconds ---
Train Epoch: 13 loss: 0.183786
Train Epoch: 13 loss: 0.057043
Train Epoch: 13 loss: 0.560316
Train Epoch: 13 loss: 0.367001
Train Epoch: 13 loss: 0.250923
Train Epoch: 13 loss: 0.321719
Train Epoch: 13 loss: 0.370760
Train Epoch: 13 loss: 0.217763
Train Epoch: 13 loss: 0.742936

Train Epoch: 13 accuracy: 0.90 precision: 0.65 recall: 0.23 f1: 0.34


Validate Epoch: 13 accuracy: 0.89 precision: 0.18 recall: 0.10 f1: 0.13

--- 21682.748941898346 seconds ---
Train Epoch: 14 loss: 0.170014
Train Epoch: 14 loss: 0.037161
Train Epoch: 14 loss: 0.528162
Train Epoch: 14 loss: 0.318901
Train Epoch: 14 loss: 0.216581
Train Epoch: 14 loss: 0.302127
Train Epoch: 14 loss: 0.341827
Train Epoch: 14 loss: 0.220342
Train Epoch: 14 loss: 0.587931

Train Epoch: 14 accuracy: 0.90 precision: 0.69 recall: 0.26 f1: 0.38


Validate Epoch: 14 accuracy: 0.89 precision: 0.17 recall: 0.10 f1: 0.13

--- 23347.848149061203 seconds ---
Train Epoch: 15 loss: 0.214789
Train Epoch: 15 loss: 0.038748
Train Epoch: 15 loss: 0.492231
Train Epoch: 15 loss: 0.282574
Train Epoch: 15 loss: 0.200167
Train Epoch: 15 loss: 0.323391
Train Epoch: 15 loss: 0.279964
Train Epoch: 15 loss: 0.175459
Train Epoch: 15 loss: 0.517876

Train Epoch: 15 accuracy: 0.91 precision: 0.73 recall: 0.29 f1: 0.41


Validate Epoch: 15 accuracy: 0.89 precision: 0.17 recall: 0.10 f1: 0.13

--- 25012.405849695206 seconds ---
Train Epoch: 16 loss: 0.123276
Train Epoch: 16 loss: 0.035045
Train Epoch: 16 loss: 0.469991
Train Epoch: 16 loss: 0.255884
Train Epoch: 16 loss: 0.184308
Train Epoch: 16 loss: 0.231563
Train Epoch: 16 loss: 0.287777
Train Epoch: 16 loss: 0.170235
Train Epoch: 16 loss: 0.574999

Train Epoch: 16 accuracy: 0.91 precision: 0.76 recall: 0.30 f1: 0.43


Validate Epoch: 16 accuracy: 0.89 precision: 0.18 recall: 0.11 f1: 0.14

--- 26673.04099726677 seconds ---
Train Epoch: 17 loss: 0.094340
Train Epoch: 17 loss: 0.034873
Train Epoch: 17 loss: 0.400265
Train Epoch: 17 loss: 0.200061
Train Epoch: 17 loss: 0.187886
Train Epoch: 17 loss: 0.269090
Train Epoch: 17 loss: 0.291673
Train Epoch: 17 loss: 0.143996
Train Epoch: 17 loss: 0.483593

Train Epoch: 17 accuracy: 0.92 precision: 0.81 recall: 0.33 f1: 0.46


Validate Epoch: 17 accuracy: 0.90 precision: 0.17 recall: 0.12 f1: 0.14

--- 28332.408833503723 seconds ---
Train Epoch: 18 loss: 0.127809
Train Epoch: 18 loss: 0.023788
Train Epoch: 18 loss: 0.386569
Train Epoch: 18 loss: 0.207213
Train Epoch: 18 loss: 0.128653
Train Epoch: 18 loss: 0.232641
Train Epoch: 18 loss: 0.232702
Train Epoch: 18 loss: 0.137869
Train Epoch: 18 loss: 0.528382

Train Epoch: 18 accuracy: 0.93 precision: 0.83 recall: 0.34 f1: 0.49


Validate Epoch: 18 accuracy: 0.89 precision: 0.16 recall: 0.09 f1: 0.12

--- 29995.187419891357 seconds ---
Train Epoch: 19 loss: 0.133036
Train Epoch: 19 loss: 0.027404
Train Epoch: 19 loss: 0.315901
Train Epoch: 19 loss: 0.171817
Train Epoch: 19 loss: 0.217046
Train Epoch: 19 loss: 0.195700
Train Epoch: 19 loss: 0.166569
Train Epoch: 19 loss: 0.118059
Train Epoch: 19 loss: 0.481371

Train Epoch: 19 accuracy: 0.93 precision: 0.85 recall: 0.37 f1: 0.52


Validate Epoch: 19 accuracy: 0.90 precision: 0.18 recall: 0.13 f1: 0.15

--- 31655.635293483734 seconds ---
Train Epoch: 20 loss: 0.082481
Train Epoch: 20 loss: 0.016256
Train Epoch: 20 loss: 0.235527
Train Epoch: 20 loss: 0.153164
Train Epoch: 20 loss: 0.173511
Train Epoch: 20 loss: 0.161190
Train Epoch: 20 loss: 0.139112
Train Epoch: 20 loss: 0.098604
Train Epoch: 20 loss: 0.497978

Train Epoch: 20 accuracy: 0.94 precision: 0.86 recall: 0.40 f1: 0.54


Validate Epoch: 20 accuracy: 0.90 precision: 0.17 recall: 0.12 f1: 0.14

--- 33318.87536740303 seconds ---
Train Epoch: 21 loss: 0.086329
Train Epoch: 21 loss: 0.021890
Train Epoch: 21 loss: 0.276177
Train Epoch: 21 loss: 0.141130
Train Epoch: 21 loss: 0.143183
Train Epoch: 21 loss: 0.119283
Train Epoch: 21 loss: 0.143402
Train Epoch: 21 loss: 0.119168
Train Epoch: 21 loss: 0.451755

Train Epoch: 21 accuracy: 0.94 precision: 0.88 recall: 0.42 f1: 0.57


Validate Epoch: 21 accuracy: 0.91 precision: 0.16 recall: 0.12 f1: 0.14

--- 34983.04289698601 seconds ---
Train Epoch: 22 loss: 0.062381
Train Epoch: 22 loss: 0.024955
Train Epoch: 22 loss: 0.251796
Train Epoch: 22 loss: 0.111067
Train Epoch: 22 loss: 0.115336
Train Epoch: 22 loss: 0.143656
Train Epoch: 22 loss: 0.123515
Train Epoch: 22 loss: 0.091824
Train Epoch: 22 loss: 0.392157

Train Epoch: 22 accuracy: 0.95 precision: 0.89 recall: 0.43 f1: 0.58


Validate Epoch: 22 accuracy: 0.91 precision: 0.13 recall: 0.12 f1: 0.13

--- 36646.53841280937 seconds ---
Train Epoch: 23 loss: 0.060350
Train Epoch: 23 loss: 0.014489
Train Epoch: 23 loss: 0.253908
Train Epoch: 23 loss: 0.111050
Train Epoch: 23 loss: 0.097461
Train Epoch: 23 loss: 0.148036
Train Epoch: 23 loss: 0.143055
Train Epoch: 23 loss: 0.081750
Train Epoch: 23 loss: 0.363653

Train Epoch: 23 accuracy: 0.95 precision: 0.90 recall: 0.45 f1: 0.60


Validate Epoch: 23 accuracy: 0.92 precision: 0.12 recall: 0.12 f1: 0.12

--- 38306.05684065819 seconds ---
Train Epoch: 24 loss: 0.072460
Train Epoch: 24 loss: 0.025862
Train Epoch: 24 loss: 0.237372
Train Epoch: 24 loss: 0.093610
Train Epoch: 24 loss: 0.144918
Train Epoch: 24 loss: 0.153088
Train Epoch: 24 loss: 0.115033
Train Epoch: 24 loss: 0.113191
Train Epoch: 24 loss: 0.417336

Train Epoch: 24 accuracy: 0.95 precision: 0.91 recall: 0.47 f1: 0.62


Validate Epoch: 24 accuracy: 0.91 precision: 0.14 recall: 0.11 f1: 0.12

--- 39967.84826517105 seconds ---
Train Epoch: 25 loss: 0.050683
Train Epoch: 25 loss: 0.014268
Train Epoch: 25 loss: 0.279283
Train Epoch: 25 loss: 0.086838
Train Epoch: 25 loss: 0.098494
Train Epoch: 25 loss: 0.124362
Train Epoch: 25 loss: 0.085078
Train Epoch: 25 loss: 0.101603
Train Epoch: 25 loss: 0.284199

Train Epoch: 25 accuracy: 0.95 precision: 0.92 recall: 0.47 f1: 0.63


Validate Epoch: 25 accuracy: 0.92 precision: 0.10 recall: 0.11 f1: 0.11

--- 41628.410249233246 seconds ---
Train Epoch: 26 loss: 0.048561
Train Epoch: 26 loss: 0.010029
Train Epoch: 26 loss: 0.219535
Train Epoch: 26 loss: 0.100346
Train Epoch: 26 loss: 0.075831
Train Epoch: 26 loss: 0.128941
Train Epoch: 26 loss: 0.066027
Train Epoch: 26 loss: 0.124481
Train Epoch: 26 loss: 0.337926

Train Epoch: 26 accuracy: 0.96 precision: 0.93 recall: 0.49 f1: 0.64

Test: accuracy: 0.85 precision: 0.25 recall: 0.10 f1: 0.14
