{'name': 'bonobo_wav2vec2_lstm_binary_ar_bi_3407', 'data_path': '/data/zifjia/data_bonobo/wav2vec2_split_3407', 'test_only': False, 'balance_weights': True, 'binary': True, 'model_type': 'lstm', 'model_autoregressive': True, 'n_embedding': 768, 'd_hid': 1024, 'nlayers': 2, 'batch_size': 1, 'n_epoch': 200, 'lr': 0.0001, 'dropout': 0.4, 'patience': 10, 'step_factor': 0.7, 'seed': 3407}
cuda
Reading data ...
train, dev, test number of files: 22, 3, 3.
dev files:  ['1328', '1759', '124']
test files:  ['1414', '251', '54']
data_all: (33867, 769)
train_data_all: (24549, 769)
Labels in train_data_all:  {0: 22203, 1: 2346}
--- 1.2095754146575928 seconds ---
LSTM(
  (lstm_forward): LSTM(770, 1024, num_layers=2, dropout=0.4)
  (hidden2tag_forward): Linear(in_features=1024, out_features=2, bias=True)
  (lstm_backward): LSTM(770, 1024, num_layers=2, dropout=0.4)
  (hidden2tag_backward): Linear(in_features=1024, out_features=2, bias=True)
)
Number of parameters: 31510532

Train Epoch: 1 accuracy: 0.71 
 precision: [0.91960969 0.13759214] 
 recall: [0.74706121 0.38192668] 
 f1: [0.82440358 0.202303  ] 
 f1_avg: 0.7649531752397868


Validation Epoch: 1 accuracy: 0.32 
 precision: [0.99689602 0.10587848] 
 recall: [0.26192742 0.99075501] 
 f1: [0.41485468 0.19131211] 
 f1_avg: 0.3967333821978185

New best val score, save model ...
--- 70.71134996414185 seconds ---

Train Epoch: 2 accuracy: 0.64 
 precision: [0.98556686 0.20071081] 
 recall: [0.61509706 0.91474851] 
 f1: [0.75745979 0.32919159] 
 f1_avg: 0.7165327785066754


Validation Epoch: 2 accuracy: 0.86 
 precision: [0.95984647 0.30600649] 
 recall: [0.88378415 0.58089368] 
 f1: [0.92024627 0.40085061] 
 f1_avg: 0.8781418727998037

New best val score, save model ...
--- 133.9243724346161 seconds ---

Train Epoch: 3 accuracy: 0.74 
 precision: [0.99228598 0.2583682 ] 
 recall: [0.7126064  0.94757033] 
 f1: [0.82950613 0.4060274 ] 
 f1_avg: 0.7890368229774075


Validation Epoch: 3 accuracy: 0.91 
 precision: [0.96822931 0.45887446] 
 recall: [0.93203752 0.65331279] 
 f1: [0.94978877 0.53909727] 
 f1_avg: 0.9164963878681862

New best val score, save model ...
--- 196.67896008491516 seconds ---

Train Epoch: 4 accuracy: 0.85 
 precision: [0.98391044 0.38117515] 
 recall: [0.85105616 0.86828645] 
 f1: [0.91267388 0.52977893] 
 f1_avg: 0.876082916766445


Validation Epoch: 4 accuracy: 0.89 
 precision: [0.98385891 0.41140684] 
 recall: [0.89479407 0.83359014] 
 f1: [0.93721526 0.5509165 ] 
 f1_avg: 0.9059002608980337

--- 259.321640253067 seconds ---

Train Epoch: 5 accuracy: 0.86 
 precision: [0.9885556  0.39294292] 
 recall: [0.85200198 0.90664962] 
 f1: [0.91521324 0.54826653] 
 f1_avg: 0.8801463512266328


Validation Epoch: 5 accuracy: 0.90 
 precision: [0.98296122 0.44490818] 
 recall: [0.9096099  0.82126348] 
 f1: [0.9448641  0.57715214] 
 f1_avg: 0.9150558248637072

--- 321.9542546272278 seconds ---

Train Epoch: 6 accuracy: 0.88 
 precision: [0.99271672 0.44821974] 
 recall: [0.87785434 0.93904518] 
 f1: [0.93175897 0.60680347] 
 f1_avg: 0.9007049304708017


Validation Epoch: 6 accuracy: 0.91 
 precision: [0.98002605 0.46581586] 
 recall: [0.92034797 0.78736518] 
 f1: [0.94924996 0.58533792] 
 f1_avg: 0.9197497250982469

New best val score, save model ...
--- 384.7531888484955 seconds ---

Train Epoch: 7 accuracy: 0.91 
 precision: [0.99511952 0.50302081] 
 recall: [0.89996847 0.95822677] 
 f1: [0.94515526 0.6597212 ] 
 f1_avg: 0.9178780502184852


Validation Epoch: 7 accuracy: 0.93 
 precision: [0.96762689 0.57681564] 
 recall: [0.95881473 0.63636364] 
 f1: [0.96320066 0.60512821] 
 f1_avg: 0.9341737980370872

New best val score, save model ...
--- 447.30552077293396 seconds ---

Train Epoch: 8 accuracy: 0.92 
 precision: [0.99042806 0.54158266] 
 recall: [0.91807413 0.91602728] 
 f1: [0.95287958 0.68070953] 
 f1_avg: 0.926869929852199


Validation Epoch: 8 accuracy: 0.92 
 precision: [0.93215339 0.57416268] 
 recall: [0.98790268 0.18489985] 
 f1: [0.95921869 0.27972028] 
 f1_avg: 0.9041356919995915

--- 509.29011130332947 seconds ---

Train Epoch: 9 accuracy: 0.93 
 precision: [0.98783675 0.59680183] 
 recall: [0.93640499 0.89087809] 
 f1: [0.96143353 0.71477428] 
 f1_avg: 0.9378617883885683


Validation Epoch: 9 accuracy: 0.93 
 precision: [0.97307853 0.54480287] 
 recall: [0.94821259 0.70261941] 
 f1: [0.96048465 0.61372813] 
 f1_avg: 0.9323751077675544

--- 571.2232537269592 seconds ---

Train Epoch: 10 accuracy: 0.91 
 precision: [0.99622041 0.51114614] 
 recall: [0.90222042 0.96760443] 
 f1: [0.94689324 0.66892589] 
 f1_avg: 0.9203295777642976


Validation Epoch: 10 accuracy: 0.93 
 precision: [0.97304093 0.53837072] 
 recall: [0.94685334 0.70261941] 
 f1: [0.95976853 0.60962567] 
 f1_avg: 0.9313844795678037

--- 632.9683051109314 seconds ---

Train Epoch: 11 accuracy: 0.94 
 precision: [0.98967118 0.61806564] 
 recall: [0.94077377 0.90707587] 
 f1: [0.9646032  0.73518742] 
 f1_avg: 0.9426793170004639


Validation Epoch: 11 accuracy: 0.87 
 precision: [0.9874613  0.36739974] 
 recall: [0.86706538 0.8751926 ] 
 f1: [0.92335529 0.51753986] 
 f1_avg: 0.8904581835501321

--- 694.8283934593201 seconds ---

Train Epoch: 12 accuracy: 0.90 
 precision: [0.99625037 0.49945019] 
 recall: [0.89749133 0.96803069] 
 f1: [0.9442957  0.65892935] 
 f1_avg: 0.9170249569928435


Validation Epoch: 12 accuracy: 0.88 
 precision: [0.98776384 0.38760218] 
 recall: [0.87780345 0.87673344] 
 f1: [0.929543   0.53755314] 
 f1_avg: 0.8977666559586895

--- 756.999388217926 seconds ---

Train Epoch: 13 accuracy: 0.90 
 precision: [0.99837547 0.47701505] 
 recall: [0.88573616 0.98635976] 
 f1: [0.93868881 0.64304571] 
 f1_avg: 0.910435984501352


Validation Epoch: 13 accuracy: 0.93 
 precision: [0.96359918 0.56929955] 
 recall: [0.96071768 0.58859784] 
 f1: [0.96215628 0.57878788] 
 f1_avg: 0.9310788224286909

--- 818.9707112312317 seconds ---

Train Epoch: 14 accuracy: 0.94 
 precision: [0.99611212 0.60969044] 
 recall: [0.93469351 0.96547315] 
 f1: [0.96442596 0.74740142] 
 f1_avg: 0.9436862315260566


Validation Epoch: 14 accuracy: 0.93 
 precision: [0.96730769 0.5661157 ] 
 recall: [0.95718363 0.63328197] 
 f1: [0.96221903 0.59781818] 
 f1_avg: 0.932679169723616

--- 881.0427067279816 seconds ---

Train Epoch: 15 accuracy: 0.93 
 precision: [0.99026566 0.57997294] 
 recall: [0.93009954 0.91346974] 
 f1: [0.95924008 0.70948518] 
 f1_avg: 0.9353725070273681


Validation Epoch: 15 accuracy: 0.86 
 precision: [0.98478969 0.35252719] 
 recall: [0.86244393 0.84899846] 
 f1: [0.91956522 0.49819168] 
 f1_avg: 0.8854069080432776

--- 943.4661877155304 seconds ---

Train Epoch: 16 accuracy: 0.86 
 precision: [0.99549931 0.39925834] 
 recall: [0.84677746 0.96376812] 
 f1: [0.91513544 0.56461481] 
 f1_avg: 0.8816382933645547


Validation Epoch: 16 accuracy: 0.93 
 precision: [0.95567423 0.61434109] 
 recall: [0.97295093 0.48844376] 
 f1: [0.9642352  0.54420601] 
 f1_avg: 0.930185867953449

--- 1005.1825551986694 seconds ---

Train Epoch: 17 accuracy: 0.93 
 precision: [0.99086363 0.57447375] 
 recall: [0.92807278 0.91901108] 
 f1: [0.95844089 0.70700115] 
 f1_avg: 0.93441231257825


Validation Epoch: 17 accuracy: 0.91 
 precision: [0.97360536 0.46539619] 
 recall: [0.92755199 0.71494607] 
 f1: [0.95002088 0.56379101] 
 f1_avg: 0.9187114661627944

--- 1066.6780376434326 seconds ---

Train Epoch: 18 accuracy: 0.94 
 precision: [0.99221679 0.62737205] 
 recall: [0.94162951 0.93009378] 
 f1: [0.9662615  0.74931319] 
 f1_avg: 0.9455290538632425


Validation Epoch: 18 accuracy: 0.92 
 precision: [0.97781594 0.48478901] 
 recall: [0.92863939 0.76117103] 
 f1: [0.95259342 0.59232614] 
 f1_avg: 0.9233886393649807

--- 1128.0817079544067 seconds ---

Train Epoch: 19 accuracy: 0.93 
 precision: [0.99651484 0.58457584] 
 recall: [0.92721704 0.96930946] 
 f1: [0.9606178  0.72931366] 
 f1_avg: 0.9385134543762723


Validation Epoch: 19 accuracy: 0.88 
 precision: [0.98461773 0.38055556] 
 recall: [0.87875493 0.84437596] 
 f1: [0.92867916 0.52465294] 
 f1_avg: 0.8959271009246143

--- 1189.7140617370605 seconds ---

Train Epoch: 20 accuracy: 0.92 
 precision: [0.99901059 0.53656286] 
 recall: [0.90951673 0.99147485] 
 f1: [0.95216541 0.69630295] 
 f1_avg: 0.9277141721946955


Validation Epoch: 20 accuracy: 0.93 
 precision: [0.96950041 0.56315789] 
 recall: [0.95487291 0.65947612] 
 f1: [0.96213107 0.60752307] 
 f1_avg: 0.9333850542298223

--- 1251.5599479675293 seconds ---

Train Epoch: 21 accuracy: 0.94 
 precision: [0.99685475 0.63955119] 
 recall: [0.94212494 0.97186701] 
 f1: [0.96871744 0.77144307] 
 f1_avg: 0.9498651157278792


Validation Epoch: 21 accuracy: 0.94 
 precision: [0.96159527 0.64937388] 
 recall: [0.97335871 0.55932203] 
 f1: [0.96744123 0.60099338] 
 f1_avg: 0.9377354292458507

New best val score, save model ...
--- 1313.9516770839691 seconds ---

Train Epoch: 22 accuracy: 0.95 
 precision: [0.99377195 0.69286162] 
 recall: [0.95581678 0.94330776] 
 f1: [0.9744249  0.79891697] 
 f1_avg: 0.9576526687596016


Validation Epoch: 22 accuracy: 0.93 
 precision: [0.97109505 0.54444444] 
 recall: [0.94984369 0.67950693] 
 f1: [0.96035182 0.60452365] 
 f1_avg: 0.9315068908042101

--- 1375.749589920044 seconds ---

Train Epoch: 23 accuracy: 0.96 
 precision: [0.99657679 0.70502481] 
 recall: [0.95716795 0.96888321] 
 f1: [0.97647491 0.81615799] 
 f1_avg: 0.9611543903785957


Validation Epoch: 23 accuracy: 0.88 
 precision: [0.98491477 0.39869281] 
 recall: [0.88745413 0.8459168 ] 
 f1: [0.93364793 0.54195459] 
 f1_avg: 0.901895625402107

--- 1437.3827664852142 seconds ---

Train Epoch: 24 accuracy: 0.93 
 precision: [0.99888051 0.58016983] 
 recall: [0.92428951 0.99019608] 
 f1: [0.96013849 0.73165354] 
 f1_avg: 0.9383035568659243


Validation Epoch: 24 accuracy: 0.93 
 precision: [0.96981392 0.57256991] 
 recall: [0.95636808 0.66255778] 
 f1: [0.96304407 0.61428571] 
 f1_avg: 0.9347722553476157

--- 1498.4390895366669 seconds ---

Train Epoch: 25 accuracy: 0.95 
 precision: [0.998251   0.68031821] 
 recall: [0.95113273 0.98422847] 
 f1: [0.97412242 0.80452962] 
 f1_avg: 0.9579154601120057


Validation Epoch: 25 accuracy: 0.94 
 precision: [0.95883293 0.68      ] 
 recall: [0.978252  0.5238829] 
 f1: [0.96844513 0.59181897] 
 f1_avg: 0.9379142332176534

New best val score, save model ...
--- 1560.3392431735992 seconds ---

Train Epoch: 26 accuracy: 0.96 
 precision: [0.99537059 0.71017699] 
 recall: [0.95869927 0.95780051] 
 f1: [0.97669083 0.81560799] 
 f1_avg: 0.9612971153352485


Validation Epoch: 26 accuracy: 0.94 
 precision: [0.96378679 0.60347551] 
 recall: [0.96588283 0.58859784] 
 f1: [0.96483367 0.59594384] 
 f1_avg: 0.9349299127304291

--- 1621.67494058609 seconds ---

Train Epoch: 27 accuracy: 0.97 
 precision: [0.99679085 0.74704724] 
 recall: [0.96527496 0.97058824] 
 f1: [0.98077979 0.84427141] 
 f1_avg: 0.9677345081634114


Validation Epoch: 27 accuracy: 0.87 
 precision: [0.98405642 0.36749831] 
 recall: [0.87250238 0.83975347] 
 f1: [0.92492795 0.51125704] 
 f1_avg: 0.891394051075121

--- 1683.449957370758 seconds ---

Train Epoch: 28 accuracy: 0.94 
 precision: [0.99923202 0.62718708] 
 recall: [0.93762104 0.99317988] 
 f1: [0.96744662 0.76885002] 
 f1_avg: 0.9484679362299184


Validation Epoch: 28 accuracy: 0.94 
 precision: [0.96350365 0.62335526] 
 recall: [0.96887318 0.58397535] 
 f1: [0.96618096 0.60302307] 
 f1_avg: 0.9367418515315391

--- 1744.4337048530579 seconds ---

Train Epoch: 29 accuracy: 0.96 
 precision: [0.99817561 0.72730139] 
 recall: [0.9610413  0.98337596] 
 f1: [0.97925654 0.83617253] 
 f1_avg: 0.9655828627456207


Validation Epoch: 29 accuracy: 0.94 
 precision: [0.96445466 0.63591433] 
 recall: [0.96996058 0.59476117] 
 f1: [0.96719978 0.61464968] 
 f1_avg: 0.9386205905403673

New best val score, save model ...
--- 1806.2140502929688 seconds ---

Train Epoch: 30 accuracy: 0.97 
 precision: [0.99795415 0.75673899] 
 recall: [0.96667117 0.98124467] 
 f1: [0.9820636  0.85449146] 
 f1_avg: 0.9698723004683318


Validation Epoch: 30 accuracy: 0.94 
 precision: [0.96475532 0.61844197] 
 recall: [0.96737801 0.59938367] 
 f1: [0.96606488 0.60876369] 
 f1_avg: 0.9371005481005855

--- 1866.5985021591187 seconds ---

Train Epoch: 31 accuracy: 0.97 
 precision: [0.99860731 0.76994681] 
 recall: [0.96883304 0.98721228] 
 f1: [0.98349488 0.86514755] 
 f1_avg: 0.9721851384955806


Validation Epoch: 31 accuracy: 0.94 
 precision: [0.96890837 0.59858156] 
 recall: [0.96153323 0.65023112] 
 f1: [0.96520671 0.62333826] 
 f1_avg: 0.9374934195314963

--- 1927.0515093803406 seconds ---

Train Epoch: 32 accuracy: 0.97 
 precision: [0.99916446 0.7744511 ] 
 recall: [0.96946359 0.99232737] 
 f1: [0.98408997 0.86995516] 
 f1_avg: 0.9731827972465938


Validation Epoch: 32 accuracy: 0.94 
 precision: [0.96338333 0.62479339] 
 recall: [0.96914503 0.58243451] 
 f1: [0.96625559 0.60287081] 
 f1_avg: 0.9367980932938536

--- 1987.0801043510437 seconds ---

Train Epoch: 33 accuracy: 0.97 
 precision: [0.99884307 0.78945578] 
 recall: [0.97212088 0.98934356] 
 f1: [0.98530083 0.87816875] 
 f1_avg: 0.9750628632004007


Validation Epoch: 33 accuracy: 0.94 
 precision: [0.96432432 0.63531353] 
 recall: [0.96996058 0.59322034] 
 f1: [0.96713424 0.61354582] 
 f1_avg: 0.9384708779503069

--- 2047.510464668274 seconds ---

Train Epoch: 34 accuracy: 0.97 
 precision: [0.9992585  0.78424773] 
 recall: [0.97113003 0.99317988] 
 f1: [0.98499349 0.87643408] 
 f1_avg: 0.9746191215904771


Validation Epoch: 34 accuracy: 0.94 
 precision: [0.95092265 0.75068493] 
 recall: [0.98763083 0.42218798] 
 f1: [0.96892919 0.54043393] 
 f1_avg: 0.9341935638643094

--- 2107.825987100601 seconds ---

Train Epoch: 35 accuracy: 0.98 
 precision: [0.99705734 0.815     ] 
 recall: [0.97666982 0.97271952] 
 f1: [0.98675828 0.88690245] 
 f1_avg: 0.9772156614994345


Validation Epoch: 35 accuracy: 0.93 
 precision: [0.96665294 0.56467316] 
 recall: [0.95745548 0.62557781] 
 f1: [0.96203223 0.59356725] 
 f1_avg: 0.9321629121041599

--- 2168.287835597992 seconds ---

Train Epoch: 36 accuracy: 0.97 
 precision: [0.99893048 0.7631406 ] 
 recall: [0.96752691 0.99019608] 
 f1: [0.98297794 0.8619666 ] 
 f1_avg: 0.9714136200073866


Validation Epoch: 36 accuracy: 0.92 
 precision: [0.97183495 0.4961326 ] 
 recall: [0.93801821 0.69183359] 
 f1: [0.9546272  0.57786358] 
 f1_avg: 0.9240851540249208

--- 2228.899404525757 seconds ---

Train Epoch: 37 accuracy: 0.96 
 precision: [0.9985431  0.70773464] 
 recall: [0.95694276 0.98678602] 
 f1: [0.97730043 0.82428343] 
 f1_avg: 0.962677516994585


Validation Epoch: 37 accuracy: 0.90 
 precision: [0.98103574 0.45091225] 
 recall: [0.91409542 0.79969183] 
 f1: [0.94638334 0.57666667] 
 f1_avg: 0.9164125511504798

--- 2288.971740961075 seconds ---

Train Epoch: 38 accuracy: 0.95 
 precision: [0.9992869  0.66334661] 
 recall: [0.94671891 0.99360614] 
 f1: [0.97229289 0.79556314] 
 f1_avg: 0.9554038932070326


Validation Epoch: 38 accuracy: 0.94 
 precision: [0.9609469  0.67485822] 
 recall: [0.97662091 0.55007704] 
 f1: [0.96872051 0.60611205] 
 f1_avg: 0.9393259421487824

New best val score, save model ...
--- 2350.0042836666107 seconds ---

Train Epoch: 39 accuracy: 0.95 
 precision: [0.99572308 0.68918093] 
 recall: [0.95419538 0.96121057] 
 f1: [0.97451702 0.80277679] 
 f1_avg: 0.9581048403880977


Validation Epoch: 39 accuracy: 0.94 
 precision: [0.94056349 0.80257511] 
 recall: [0.99374745 0.28813559] 
 f1: [0.96642432 0.42403628] 
 f1_avg: 0.9224560688730148

--- 2412.3320529460907 seconds ---

Train Epoch: 40 accuracy: 0.97 
 precision: [0.99223809 0.7842219 ] 
 recall: [0.97302166 0.92796249] 
 f1: [0.98253593 0.85005857] 
 f1_avg: 0.969875865898032


Validation Epoch: 40 accuracy: 0.84 
 precision: [0.9868716  0.32215909] 
 recall: [0.83784151 0.87365177] 
 f1: [0.90627068 0.47073474] 
 f1_avg: 0.8709643029731751

--- 2474.4545743465424 seconds ---

Train Epoch: 41 accuracy: 0.90 
 precision: [0.99574638 0.49518178] 
 recall: [0.8961852  0.96376812] 
 f1: [0.94334613 0.65422454] 
 f1_avg: 0.9157165250068875


Validation Epoch: 41 accuracy: 0.91 
 precision: [0.9820029  0.47043011] 
 recall: [0.91966834 0.80893683] 
 f1: [0.949814   0.59490085] 
 f1_avg: 0.921043245017173

--- 2536.7824189662933 seconds ---

Train Epoch: 42 accuracy: 0.94 
 precision: [0.99917656 0.59656762] 
 recall: [0.92906364 0.99275362] 
 f1: [0.96284541 0.74528   ] 
 f1_avg: 0.9420539921002365


Validation Epoch: 42 accuracy: 0.94 
 precision: [0.96568031 0.65289256] 
 recall: [0.97145576 0.60862866] 
 f1: [0.96855943 0.62998405] 
 f1_avg: 0.9411130829083296

New best val score, save model ...
--- 2599.4019186496735 seconds ---

Train Epoch: 43 accuracy: 0.96 
 precision: [0.9984057  0.71734409] 
 recall: [0.95896951 0.98550725] 
 f1: [0.97829034 0.83031065] 
 f1_avg: 0.9641488082091534


Validation Epoch: 43 accuracy: 0.95 
 precision: [0.96998098 0.66459627] 
 recall: [0.97064021 0.65947612] 
 f1: [0.97031048 0.6620263 ] 
 f1_avg: 0.9453196714377929

New best val score, save model ...
--- 2661.777740240097 seconds ---

Train Epoch: 44 accuracy: 0.97 
 precision: [0.99855861 0.76101249] 
 recall: [0.96725668 0.98678602] 
 f1: [0.98265843 0.859317  ] 
 f1_avg: 0.9708714333609637


Validation Epoch: 44 accuracy: 0.95 
 precision: [0.96655879 0.67966102] 
 recall: [0.97431018 0.61787365] 
 f1: [0.97041901 0.64729621] 
 f1_avg: 0.9442253156844355

--- 2722.831678390503 seconds ---

Train Epoch: 45 accuracy: 0.97 
 precision: [0.99893504 0.78692412] 
 recall: [0.97167049 0.99019608] 
 f1: [0.98511416 0.87693469] 
 f1_avg: 0.9747760958598339


Validation Epoch: 45 accuracy: 0.94 
 precision: [0.96528058 0.68      ] 
 recall: [0.97498981 0.60246533] 
 f1: [0.9701109  0.63888889] 
 f1_avg: 0.9432606527057041

--- 2784.468096256256 seconds ---

Train Epoch: 46 accuracy: 0.97 
 precision: [0.99898261 0.79452991] 
 recall: [0.97293159 0.99062234] 
 f1: [0.98578502 0.88180611] 
 f1_avg: 0.9758483805569085


Validation Epoch: 46 accuracy: 0.94 
 precision: [0.96561489 0.66779661] 
 recall: [0.97335871 0.60708783] 
 f1: [0.96947133 0.63599677] 
 f1_avg: 0.9424384836926324

--- 2846.566729784012 seconds ---

Train Epoch: 47 accuracy: 0.98 
 precision: [0.99903145 0.81095221] 
 recall: [0.97558888 0.99104859] 
 f1: [0.98717102 0.89200077] 
 f1_avg: 0.9780761680541985


Validation Epoch: 47 accuracy: 0.94 
 precision: [0.96394942 0.66608392] 
 recall: [0.97403833 0.58705701] 
 f1: [0.96896762 0.62407862] 
 f1_avg: 0.9410094646305917

--- 2908.4395797252655 seconds ---

Train Epoch: 48 accuracy: 0.98 
 precision: [0.99953776 0.80137221] 
 recall: [0.97392244 0.99573743] 
 f1: [0.98656386 0.8880441 ] 
 f1_avg: 0.9771489214515928


Validation Epoch: 48 accuracy: 0.95 
 precision: [0.95915119 0.73175966] 
 recall: [0.98300938 0.52542373] 
 f1: [0.97093375 0.61165919] 
 f1_avg: 0.9418094402287638

--- 2970.386190891266 seconds ---

Train Epoch: 49 accuracy: 0.98 
 precision: [0.99848297 0.82725322] 
 recall: [0.97824618 0.9859335 ] 
 f1: [0.98826099 0.89964994] 
 f1_avg: 0.9797929644989984


Validation Epoch: 49 accuracy: 0.94 
 precision: [0.96285868 0.67883212] 
 recall: [0.97607721 0.57318952] 
 f1: [0.96942288 0.62155388] 
 f1_avg: 0.9412231595835796

--- 3032.8288729190826 seconds ---

Train Epoch: 50 accuracy: 0.98 
 precision: [0.99926274 0.81840534] 
 recall: [0.97671486 0.99317988] 
 f1: [0.98786015 0.89736183] 
 f1_avg: 0.9792117735549705


Validation Epoch: 50 accuracy: 0.94 
 precision: [0.96625391 0.61035008] 
 recall: [0.96520321 0.61787365] 
 f1: [0.96572827 0.61408882] 
 f1_avg: 0.937222902549761

--- 3094.2844099998474 seconds ---

Train Epoch: 51 accuracy: 0.98 
 precision: [0.99949271 0.81500873] 
 recall: [0.97612935 0.99531117] 
 f1: [0.98767289 0.89618116] 
 f1_avg: 0.9789295736868376


Validation Epoch: 51 accuracy: 0.94 
 precision: [0.96649485 0.6340694 ] 
 recall: [0.96846541 0.61941448] 
 f1: [0.96747912 0.62665627] 
 f1_avg: 0.9398505906365894

--- 3156.532956838608 seconds ---

Train Epoch: 52 accuracy: 0.97 
 precision: [0.99958324 0.79113067] 
 recall: [0.97221096 0.99616368] 
 f1: [0.98570711 0.88188679] 
 f1_avg: 0.9757856277855758


Validation Epoch: 52 accuracy: 0.94 
 precision: [0.96148188 0.68241966] 
 recall: [0.97716461 0.55624037] 
 f1: [0.96925981 0.61290323] 
 f1_avg: 0.9403720465944931

--- 3218.4522893428802 seconds ---

Train Epoch: 53 accuracy: 0.97 
 precision: [0.99911976 0.78508772] 
 recall: [0.97131018 0.99190111] 
 f1: [0.98501873 0.87645951] 
 f1_avg: 0.9746443764640632


Validation Epoch: 53 accuracy: 0.94 
 precision: [0.94172763 0.90697674] 
 recall: [0.9972815  0.30046225] 
 f1: [0.96870874 0.45138889] 
 f1_avg: 0.9267726195623358

--- 3281.338652610779 seconds ---

Train Epoch: 54 accuracy: 0.98 
 precision: [0.99359295 0.86742722] 
 recall: [0.98482187 0.9398977 ] 
 f1: [0.98918797 0.90220949] 
 f1_avg: 0.9808759578981247


Validation Epoch: 54 accuracy: 0.93 
 precision: [0.97286446 0.57854406] 
 recall: [0.95514476 0.69799692] 
 f1: [0.96392318 0.63268156] 
 f1_avg: 0.9370713450436079

--- 3343.7559475898743 seconds ---

Train Epoch: 55 accuracy: 0.96 
 precision: [0.99948018 0.68919717] 
 recall: [0.95257398 0.99531117] 
 f1: [0.97546352 0.81444018] 
 f1_avg: 0.9600754881440168


Validation Epoch: 55 accuracy: 0.94 
 precision: [0.96169814 0.67346939] 
 recall: [0.97607721 0.55932203] 
 f1: [0.96883432 0.61111111] 
 f1_avg: 0.9398357760881234

--- 3405.8910744190216 seconds ---

Train Epoch: 56 accuracy: 0.98 
 precision: [0.99953806 0.80523957] 
 recall: [0.97455299 0.99573743] 
 f1: [0.98688741 0.89041357] 
 f1_avg: 0.9776679902179166


Validation Epoch: 56 accuracy: 0.94 
 precision: [0.97071762 0.59562842] 
 recall: [0.95976621 0.67180277] 
 f1: [0.96521085 0.6314265 ] 
 f1_avg: 0.9381528916527602

--- 3467.563866853714 seconds ---

Train Epoch: 57 accuracy: 0.97 
 precision: [0.99995362 0.78506863] 
 recall: [0.97108499 0.99957374] 
 f1: [0.98530789 0.87942996] 
 f1_avg: 0.9751897786706313


Validation Epoch: 57 accuracy: 0.94 
 precision: [0.96545184 0.6304    ] 
 recall: [0.96860133 0.60708783] 
 f1: [0.96702402 0.61852433] 
 f1_avg: 0.9387731705919591

--- 3528.552132844925 seconds ---

Train Epoch: 58 accuracy: 0.98 
 precision: [0.99967724 0.81754631] 
 recall: [0.97648966 0.9970162 ] 
 f1: [0.98794742 0.89840599] 
 f1_avg: 0.9793904809355909


Validation Epoch: 58 accuracy: 0.94 
 precision: [0.96192009 0.66605839] 
 recall: [0.97512573 0.5624037 ] 
 f1: [0.96847789 0.60985798] 
 f1_avg: 0.9394066567892533

--- 3589.418428182602 seconds ---

Train Epoch: 59 accuracy: 0.98 
 precision: [0.99944876 0.83956835] 
 recall: [0.97991262 0.99488491] 
 f1: [0.98958428 0.91065158] 
 f1_avg: 0.9820411583387373


Validation Epoch: 59 accuracy: 0.94 
 precision: [0.96561566 0.61111111] 
 recall: [0.96574691 0.61016949] 
 f1: [0.96568128 0.61063994] 
 f1_avg: 0.936900134815183

--- 3650.6881692409515 seconds ---

Train Epoch: 60 accuracy: 0.98 
 precision: [0.99976987 0.82955351] 
 recall: [0.97833626 0.99786871] 
 f1: [0.98893695 0.90595975] 
 f1_avg: 0.9810073148352556


Validation Epoch: 60 accuracy: 0.94 
 precision: [0.96013378 0.66101695] 
 recall: [0.97553351 0.54083205] 
 f1: [0.96777238 0.59491525] 
 f1_avg: 0.9375470184039424

--- 3712.3639283180237 seconds ---

Train Epoch: 61 accuracy: 0.98 
 precision: [0.99963212 0.83410631] 
 recall: [0.97905688 0.99658994] 
 f1: [0.98923753 0.9081375 ] 
 f1_avg: 0.9814872848274634


Validation Epoch: 61 accuracy: 0.94 
 precision: [0.95802338 0.69665272] 
 recall: [0.98029088 0.51309707] 
 f1: [0.96902922 0.59094942] 
 f1_avg: 0.9383804867638399

--- 3774.871920108795 seconds ---

Train Epoch: 62 accuracy: 0.98 
 precision: [0.9994043  0.85583272] 
 recall: [0.98229969 0.99445865] 
 f1: [0.99077818 0.91995268] 
 f1_avg: 0.9840098107490067


Validation Epoch: 62 accuracy: 0.94 
 precision: [0.96339322 0.62686567] 
 recall: [0.96941688 0.58243451] 
 f1: [0.96639566 0.60383387] 
 f1_avg: 0.9370048811694648

Early stopping!

Test Epoch: accuracy: 0.91 
 precision: [0.91716482 0.80851064] 
 recall: [0.97547684 0.54028436] 
 f1: [0.94542254 0.64772727] 
 f1_avg: 0.8975462391867836

--- 3838.476754426956 seconds ---

Test Epoch: accuracy: 0.95 
 precision: [0.96998098 0.66459627] 
 recall: [0.97064021 0.65947612] 
 f1: [0.97031048 0.6620263 ] 
 f1_avg: 0.9453196714377929

--- 3842.875259399414 seconds ---
