Requirement already satisfied: scikit-learn in /net/cephfs/data/zifjia/condaenvs/audio_clf/lib/python3.8/site-packages (1.1.2)
Requirement already satisfied: joblib>=1.0.0 in /net/cephfs/data/zifjia/condaenvs/audio_clf/lib/python3.8/site-packages (from scikit-learn) (1.1.0)
Requirement already satisfied: threadpoolctl>=2.0.0 in /net/cephfs/data/zifjia/condaenvs/audio_clf/lib/python3.8/site-packages (from scikit-learn) (3.1.0)
Requirement already satisfied: scipy>=1.3.2 in /net/cephfs/data/zifjia/condaenvs/audio_clf/lib/python3.8/site-packages (from scikit-learn) (1.9.1)
Requirement already satisfied: numpy>=1.17.3 in /net/cephfs/data/zifjia/condaenvs/audio_clf/lib/python3.8/site-packages (from scikit-learn) (1.22.3)
Requirement already satisfied: tensorboard in /net/cephfs/data/zifjia/condaenvs/audio_clf/lib/python3.8/site-packages (2.10.1)
Requirement already satisfied: google-auth<3,>=1.6.3 in /net/cephfs/home/zifjia/.local/lib/python3.8/site-packages (from tensorboard) (2.9.1)
Requirement already satisfied: tensorboard-plugin-wit>=1.6.0 in /net/cephfs/home/zifjia/.local/lib/python3.8/site-packages (from tensorboard) (1.8.1)
Requirement already satisfied: protobuf<3.20,>=3.9.2 in /net/cephfs/home/zifjia/.local/lib/python3.8/site-packages (from tensorboard) (3.19.4)
Requirement already satisfied: absl-py>=0.4 in /net/cephfs/home/zifjia/.local/lib/python3.8/site-packages (from tensorboard) (1.2.0)
Requirement already satisfied: tensorboard-data-server<0.7.0,>=0.6.0 in /net/cephfs/home/zifjia/.local/lib/python3.8/site-packages (from tensorboard) (0.6.1)
Requirement already satisfied: google-auth-oauthlib<0.5,>=0.4.1 in /net/cephfs/home/zifjia/.local/lib/python3.8/site-packages (from tensorboard) (0.4.6)
Requirement already satisfied: requests<3,>=2.21.0 in /net/cephfs/data/zifjia/condaenvs/audio_clf/lib/python3.8/site-packages (from tensorboard) (2.28.1)
Requirement already satisfied: grpcio>=1.24.3 in /net/cephfs/home/zifjia/.local/lib/python3.8/site-packages (from tensorboard) (1.47.0)
Requirement already satisfied: markdown>=2.6.8 in /net/cephfs/home/zifjia/.local/lib/python3.8/site-packages (from tensorboard) (3.4.1)
Requirement already satisfied: werkzeug>=1.0.1 in /net/cephfs/data/zifjia/condaenvs/audio_clf/lib/python3.8/site-packages (from tensorboard) (2.1.2)
Requirement already satisfied: setuptools>=41.0.0 in /net/cephfs/data/zifjia/condaenvs/audio_clf/lib/python3.8/site-packages (from tensorboard) (60.8.1)
Requirement already satisfied: numpy>=1.12.0 in /net/cephfs/data/zifjia/condaenvs/audio_clf/lib/python3.8/site-packages (from tensorboard) (1.22.3)
Requirement already satisfied: wheel>=0.26 in /net/cephfs/data/zifjia/condaenvs/audio_clf/lib/python3.8/site-packages (from tensorboard) (0.37.1)
Requirement already satisfied: rsa<5,>=3.1.4 in /net/cephfs/home/zifjia/.local/lib/python3.8/site-packages (from google-auth<3,>=1.6.3->tensorboard) (4.9)
Requirement already satisfied: six>=1.9.0 in /net/cephfs/data/zifjia/condaenvs/audio_clf/lib/python3.8/site-packages (from google-auth<3,>=1.6.3->tensorboard) (1.16.0)
Requirement already satisfied: pyasn1-modules>=0.2.1 in /net/cephfs/home/zifjia/.local/lib/python3.8/site-packages (from google-auth<3,>=1.6.3->tensorboard) (0.2.8)
Requirement already satisfied: cachetools<6.0,>=2.0.0 in /net/cephfs/home/zifjia/.local/lib/python3.8/site-packages (from google-auth<3,>=1.6.3->tensorboard) (5.2.0)
Requirement already satisfied: requests-oauthlib>=0.7.0 in /net/cephfs/home/zifjia/.local/lib/python3.8/site-packages (from google-auth-oauthlib<0.5,>=0.4.1->tensorboard) (1.3.1)
Requirement already satisfied: importlib-metadata>=4.4 in /net/cephfs/home/zifjia/.local/lib/python3.8/site-packages (from markdown>=2.6.8->tensorboard) (4.12.0)
Requirement already satisfied: urllib3<1.27,>=1.21.1 in /net/cephfs/data/zifjia/condaenvs/audio_clf/lib/python3.8/site-packages (from requests<3,>=2.21.0->tensorboard) (1.26.12)
Requirement already satisfied: certifi>=2017.4.17 in /net/cephfs/data/zifjia/condaenvs/audio_clf/lib/python3.8/site-packages (from requests<3,>=2.21.0->tensorboard) (2022.9.14)
Requirement already satisfied: charset-normalizer<3,>=2 in /net/cephfs/data/zifjia/condaenvs/audio_clf/lib/python3.8/site-packages (from requests<3,>=2.21.0->tensorboard) (2.1.1)
Requirement already satisfied: idna<4,>=2.5 in /net/cephfs/data/zifjia/condaenvs/audio_clf/lib/python3.8/site-packages (from requests<3,>=2.21.0->tensorboard) (3.4)
Requirement already satisfied: zipp>=0.5 in /net/cephfs/data/zifjia/condaenvs/audio_clf/lib/python3.8/site-packages (from importlib-metadata>=4.4->markdown>=2.6.8->tensorboard) (3.8.0)
Requirement already satisfied: pyasn1<0.5.0,>=0.4.6 in /net/cephfs/home/zifjia/.local/lib/python3.8/site-packages (from pyasn1-modules>=0.2.1->google-auth<3,>=1.6.3->tensorboard) (0.4.8)
Requirement already satisfied: oauthlib>=3.0.0 in /net/cephfs/home/zifjia/.local/lib/python3.8/site-packages (from requests-oauthlib>=0.7.0->google-auth-oauthlib<0.5,>=0.4.1->tensorboard) (3.2.0)
Requirement already satisfied: torch in /net/cephfs/data/zifjia/condaenvs/audio_clf/lib/python3.8/site-packages (1.12.1)
Requirement already satisfied: torchvision in /net/cephfs/data/zifjia/condaenvs/audio_clf/lib/python3.8/site-packages (0.13.1)
Requirement already satisfied: torchaudio in /net/cephfs/data/zifjia/condaenvs/audio_clf/lib/python3.8/site-packages (0.12.1)
Requirement already satisfied: typing-extensions in /net/cephfs/data/zifjia/condaenvs/audio_clf/lib/python3.8/site-packages (from torch) (4.0.1)
Requirement already satisfied: requests in /net/cephfs/data/zifjia/condaenvs/audio_clf/lib/python3.8/site-packages (from torchvision) (2.28.1)
Requirement already satisfied: numpy in /net/cephfs/data/zifjia/condaenvs/audio_clf/lib/python3.8/site-packages (from torchvision) (1.22.3)
Requirement already satisfied: pillow!=8.3.*,>=5.3.0 in /net/cephfs/data/zifjia/condaenvs/audio_clf/lib/python3.8/site-packages (from torchvision) (9.0.1)
Requirement already satisfied: certifi>=2017.4.17 in /net/cephfs/data/zifjia/condaenvs/audio_clf/lib/python3.8/site-packages (from requests->torchvision) (2022.9.14)
Requirement already satisfied: urllib3<1.27,>=1.21.1 in /net/cephfs/data/zifjia/condaenvs/audio_clf/lib/python3.8/site-packages (from requests->torchvision) (1.26.12)
Requirement already satisfied: charset-normalizer<3,>=2 in /net/cephfs/data/zifjia/condaenvs/audio_clf/lib/python3.8/site-packages (from requests->torchvision) (2.1.1)
Requirement already satisfied: idna<4,>=2.5 in /net/cephfs/data/zifjia/condaenvs/audio_clf/lib/python3.8/site-packages (from requests->torchvision) (3.4)
{'name': 'chimp_wav2vec2_lstm_dropout_0.2_42', 'data_path': '/home/cluster/zifjia/data/data_chimp/wav2vec2_split_42', 'test_only': False, 'balance_weights': True, 'model_type': 'lstm', 'n_embedding': 768, 'd_hid': 1024, 'nlayers': 2, 'batch_size': 1, 'n_epoch': 200, 'lr': 0.0001, 'dropout': 0.2, 'patience': 10, 'step_factor': 0.7, 'seed': 42}
cuda
Reading data ...
train, dev, test number of files: 188, 23, 24.
dev files:  ['ASO1624_02 HW single ph_01', 'ASO1138 Sonso PS single ph_01', 'ASO1331 Sonso FK single ph feeding_01', 'ASO3453 KT pg pant ph intro, 1_20 unk hoo, 16_20 KT single ph_01', 'ASO0471 Sonso KT single ph feeding, group ph_01', 'ASO1514 MS single ph intro, KC group ph_01', 'ASO0481 Sonso KT single ph, KZ single ph feeding_01', 'ASO3132 KT single ph rest_01', 'ASO3129 KT single ph resting_01', 'ASO1614 HW single ph feeding_01', 'ASO3829 PS IN IS group ph resting, 1_30 HW single ph_01', 'ASO3462 PS single ph drum traveling_01', 'ASO3574 KT single ph feeding_01', 'ASO3856 MS single ph feeding_01', 'ASO3455 KT single ph_01', 'ASO3015 PS single ph feeding_01', 'ASO2125 KL OK KC JS group ph, FK single ph, OK KL KC KO group ph, PS single ph, PS single ph feeding_02', 'ASO3403 ZL single ph, KC fg_01', 'ASO3954 FK single ph drum traveling_01', 'ASO3404 ZL KC group ph, inf single ph other party, 3_50 KS PS ZL KC group ph, PS display, KS fg. 6_10 PS single ph_01', 'ASO3179 FK single ph resting looking at monkeys_01', 'ASO0780 Sonso ZL single ph drum_01', 'ASO3150 KT single ph_01']
test files:  ['ASO3080 HW single ph drum traveling, 2_00 HW single ph drum traveling-resting, 5_20 HW single ph drum traveling-resting_02', 'ASO4567 KC display drum (not visible), FK SM group ph drum, 1_50 ZL single ph drum travel_01', 'ASO3457 KT single ph_01', 'ASO0334 Sonso PS single ph_01', 'ASO0020 Sonso SQ single ph, PS single ph other party 2_01', 'ASO3737 HW single ph drum resting-traveling, 1_15 JN single ph feeding, HW single ph_02', 'ASO0107 Sonso Thermal Camera KZ single ph 2_50 with reply ZD, KZ SQ group ph 3_34_01', 'ASO3016 ZL single ph feeding_01', 'ASO3770 MS single ph drum traveling-resting_01', 'ASO1487 ZL single ph start, DL unk group ph, PS single ph start_01', 'ASO0910 Sonso Thermal Camera HW resting, 2_05 HW single ph, 13_45 HW PS group ph drum traveling_01', 'ASO1487 ZL single ph start, DL unk group ph, PS single ph start_02', 'ASO1035 Sonso unk group ph 100m, 0_30 ZD single ph drum, FK unk single ph drum 100m_01', 'ASO1093 Sonso SQ single ph_01', 'ASO0094 Sonso ZL single ph_01', 'ASO2877 FK single ph, KO pg-whimper, unk MB group ph_01', 'ASO2546 FK single fg ph feeding, HW single ph drum, FK fg, FK single ph, FK fg_01', 'ASO2392 group ph, 1_30 pg to ph, 1_45 NB group ph, 2_30 SM PS MB group ph, MB fg, 3_40 PS unk group ph, SM single ph, unk display to DL, 5_46 DL single ph intro_01', 'ASO2544 HW single ph drum traveling_01', 'ASO0088 Sonso HW single ph drum,  group ph, unk F ph_01', 'ASO3874 unk pg-ph start, unk group ph, 1_50 HW single ph feeding_01', 'ASO1581 HW single ph drum, MS NB unk group ph other party, HW single ph B-U, KT HW group ph_01', 'ASO3870 FK scream, MS FK group ph drum, FK MS group fg, FK MS group ph drum, MS FK fg, MS single ph intro, FK MS group ph. FK fg, 3_19 MS FK group ph feeding, 4_24 FK single ph_01', 'ASO4619 ZL unk group ph, PS single ph intro_01']
train_data_all: (78704, 769)
Labels in train_data_all:  {0: 866, 1: 38429, 2: 17370, 3: 15944, 4: 6095}
--- 5.1109607219696045 seconds ---
LSTM(
  (lstm): LSTM(768, 1024, num_layers=2, dropout=0.2, bidirectional=True)
  (hidden2tag): Linear(in_features=2048, out_features=5, bias=True)
)
Number of parameters: 39888901

Train Epoch: 1 accuracy: 0.47 
 precision: [0.42857143 0.71557246 0.37888199 0.60651599 0.15170358] 
 recall: [0.04157044 0.46514351 0.29499136 0.63283994 0.58441345] 
 f1: [0.07578947 0.56380009 0.3317149  0.6193984  0.24087912] 
 f1_avg: 0.49346464650450306


Validation Epoch: 1 accuracy: 0.69 
 precision: [0.36842105 0.66060298 0.79538905 0.83134047 0.75      ] 
 recall: [1.         0.97447926 0.16292798 0.73511408 0.00601805] 
 f1: [0.53846154 0.78741471 0.27045566 0.78027171 0.0119403 ] 
 f1_avg: 0.6180890504654273

New best val score, save model ...
--- 24.340607166290283 seconds ---

Train Epoch: 2 accuracy: 0.66 
 precision: [0.32326284 0.79543201 0.54821022 0.73033449 0.27520407] 
 recall: [0.12355658 0.66790705 0.61013241 0.79427998 0.42592289] 
 f1: [0.17878028 0.72611285 0.57751621 0.76096623 0.33436373] 
 f1_avg: 0.6640178829027229


Validation Epoch: 2 accuracy: 0.71 
 precision: [0.29166667 0.690877   0.67551622 0.80465116 0.69444444] 
 recall: [1.         0.95496341 0.270366   0.77017251 0.02507523] 
 f1: [0.4516129  0.80173297 0.38617201 0.7870344  0.04840271] 
 f1_avg: 0.6506850540650572

New best val score, save model ...
--- 39.964619398117065 seconds ---

Train Epoch: 3 accuracy: 0.71 
 precision: [0.33333333 0.8361202  0.602739   0.76356908 0.33558662] 
 recall: [0.13741339 0.73127065 0.6587795  0.81529102 0.48055783] 
 f1: [0.19460343 0.78018851 0.62951451 0.78858287 0.39519665] 
 f1_avg: 0.7123773464654916


Validation Epoch: 3 accuracy: 0.72 
 precision: [0.25925926 0.7073478  0.66874222 0.80305603 0.67073171] 
 recall: [1.         0.94839557 0.31700118 0.78964942 0.0551655 ] 
 f1: [0.41176471 0.81032548 0.43011614 0.7962963  0.10194625] 
 f1_avg: 0.6700232504224192

New best val score, save model ...
--- 55.72570753097534 seconds ---

Train Epoch: 4 accuracy: 0.74 
 precision: [0.3452381  0.85808852 0.64322098 0.77662139 0.38562543] 
 recall: [0.16743649 0.76234094 0.68336212 0.8283994  0.54930271] 
 f1: [0.22550544 0.80738597 0.66268423 0.80167521 0.45313663] 
 f1_avg: 0.7404569751750032


Validation Epoch: 4 accuracy: 0.74 
 precision: [0.17073171 0.72889915 0.6965812  0.79778393 0.7027027 ] 
 recall: [1.         0.94802027 0.38488784 0.80133556 0.0782347 ] 
 f1: [0.29166667 0.82414356 0.49581749 0.7995558  0.14079422] 
 f1_avg: 0.6933012138567958

New best val score, save model ...
--- 71.56448459625244 seconds ---

Train Epoch: 5 accuracy: 0.76 
 precision: [0.36300175 0.87183135 0.67011393 0.78989362 0.43084005] 
 recall: [0.24018476 0.78131099 0.69758204 0.83824636 0.614274  ] 
 f1: [0.28908965 0.82409288 0.68357215 0.813352   0.50645925] 
 f1_avg: 0.760419020538418


Validation Epoch: 5 accuracy: 0.75 
 precision: [0.14       0.74422029 0.71631879 0.7978959  0.70731707] 
 recall: [1.         0.94839557 0.44569067 0.80189204 0.08726179] 
 f1: [0.24561404 0.8339934  0.54949054 0.79988898 0.15535714] 
 f1_avg: 0.709405401738996

New best val score, save model ...
--- 87.44517683982849 seconds ---

Train Epoch: 6 accuracy: 0.77 
 precision: [0.40136986 0.88324064 0.68906485 0.79963235 0.47763781] 
 recall: [0.33833718 0.79348929 0.71139896 0.8457727  0.6780968 ] 
 f1: [0.36716792 0.83596288 0.70005382 0.8220556  0.56048278] 
 f1_avg: 0.7766583241695103


Validation Epoch: 6 accuracy: 0.75 
 precision: [0.12962963 0.75107615 0.71790235 0.79487179 0.72932331] 
 recall: [1.         0.94952149 0.46871311 0.7935448  0.09729188] 
 f1: [0.2295082  0.83872037 0.56714286 0.79420774 0.17168142] 
 f1_avg: 0.7156194115718447

New best val score, save model ...
--- 103.37490105628967 seconds ---

Train Epoch: 7 accuracy: 0.79 
 precision: [0.43995381 0.89337492 0.70783861 0.80747075 0.5084864 ] 
 recall: [0.43995381 0.804965   0.72417962 0.85279729 0.71763741] 
 f1: [0.43995381 0.8468688  0.71591588 0.8295153  0.59522352] 
 f1_avg: 0.7904866221844826


Validation Epoch: 7 accuracy: 0.76 
 precision: [0.14285714 0.75664774 0.7283085  0.79521425 0.72027972] 
 recall: [1.         0.95045975 0.4905549  0.79521425 0.10330993] 
 f1: [0.25       0.84255178 0.58624339 0.79521425 0.18070175] 
 f1_avg: 0.7221054925143295

New best val score, save model ...
--- 119.38990902900696 seconds ---

Train Epoch: 8 accuracy: 0.80 
 precision: [0.47357724 0.90012103 0.71989617 0.81575967 0.53539148] 
 recall: [0.53810624 0.81282365 0.73448474 0.85837933 0.74831829] 
 f1: [0.50378378 0.85424786 0.72711729 0.836527   0.62419598] 
 f1_avg: 0.8009282371261537


Validation Epoch: 8 accuracy: 0.76 
 precision: [0.1627907  0.76292389 0.73710904 0.79470199 0.7218543 ] 
 recall: [1.         0.94989679 0.51475797 0.80133556 0.10932798] 
 f1: [0.28       0.84620528 0.606187   0.79800499 0.18989547] 
 f1_avg: 0.7289911925562572

New best val score, save model ...
--- 135.43839645385742 seconds ---

Train Epoch: 9 accuracy: 0.81 
 precision: [0.50139795 0.90540851 0.73518414 0.8224891  0.560761  ] 
 recall: [0.62124711 0.82070832 0.74703512 0.86339689 0.77374897] 
 f1: [0.55492522 0.8609803  0.74106225 0.84244668 0.65025853] 
 f1_avg: 0.8110734430453953


Validation Epoch: 9 accuracy: 0.77 
 precision: [0.16666667 0.77023737 0.74252492 0.79250407 0.73939394] 
 recall: [1.         0.94989679 0.52774498 0.81190874 0.1223671 ] 
 f1: [0.28571429 0.85068482 0.61697723 0.80208906 0.20998279] 
 f1_avg: 0.7360714258457726

New best val score, save model ...
--- 151.45895314216614 seconds ---

Train Epoch: 10 accuracy: 0.82 
 precision: [0.52185315 0.91060701 0.74428474 0.83092659 0.58399519] 
 recall: [0.68937644 0.82835879 0.7572251  0.86615655 0.79622642] 
 f1: [0.59402985 0.86753785 0.75069916 0.8481759  0.67379382] 
 f1_avg: 0.8198157158453987


Validation Epoch: 10 accuracy: 0.77 
 precision: [0.175      0.77419355 0.74836066 0.79092382 0.73255814] 
 recall: [1.         0.9502721  0.53896104 0.81469115 0.12637914] 
 f1: [0.29787234 0.85324347 0.62663006 0.80263158 0.21556886] 
 f1_avg: 0.7397986554044181

New best val score, save model ...
--- 167.50817584991455 seconds ---

Train Epoch: 11 accuracy: 0.82 
 precision: [0.5535865  0.91460982 0.75435412 0.83657095 0.60218712] 
 recall: [0.75750577 0.83504645 0.76551526 0.86973156 0.81312551] 
 f1: [0.63968796 0.87301911 0.75989371 0.85282903 0.69193717] 
 f1_avg: 0.8273713911635356


Validation Epoch: 11 accuracy: 0.77 
 precision: [0.18421053 0.77911275 0.75020276 0.78955781 0.73369565] 
 recall: [1.         0.94914618 0.54604486 0.82470785 0.13540622] 
 f1: [0.31111111 0.85576516 0.63204646 0.80675014 0.22861981] 
 f1_avg: 0.7441878047501357

New best val score, save model ...
--- 183.564537525177 seconds ---

Train Epoch: 12 accuracy: 0.83 
 precision: [0.5677686  0.9177981  0.76222903 0.84176143 0.61765429] 
 recall: [0.79330254 0.84082334 0.77328728 0.87280482 0.8242822 ] 
 f1: [0.66184971 0.87762613 0.76771834 0.85700209 0.70616347] 
 f1_avg: 0.8335387219696775


Validation Epoch: 12 accuracy: 0.78 
 precision: [0.21212121 0.7804502  0.75321543 0.78815368 0.73262032] 
 recall: [1.         0.94989679 0.55312869 0.82192543 0.13741224] 
 f1: [0.35       0.85687685 0.63784888 0.80468537 0.23141892] 
 f1_avg: 0.7457254696716231

New best val score, save model ...
--- 199.61720180511475 seconds ---

Train Epoch: 13 accuracy: 0.84 
 precision: [0.58905229 0.92059048 0.76976004 0.8483303  0.63177477] 
 recall: [0.83256351 0.84709464 0.77933218 0.87631711 0.83576702] 
 f1: [0.68995215 0.88231468 0.77451654 0.86209662 0.71959316] 
 f1_avg: 0.8397096768699378


Validation Epoch: 13 accuracy: 0.78 
 precision: [0.21875    0.78272981 0.75521669 0.78476996 0.7357513 ] 
 recall: [1.         0.94914618 0.55548996 0.82582081 0.14242728] 
 f1: [0.35897436 0.8579425  0.64013605 0.80477223 0.23865546] 
 f1_avg: 0.7474546083144908

New best val score, save model ...
--- 215.67472314834595 seconds ---

Train Epoch: 14 accuracy: 0.84 
 precision: [0.61806131 0.92279091 0.77389821 0.85225751 0.64698508] 
 recall: [0.86143187 0.8524812  0.78347726 0.87844957 0.84675964] 
 f1: [0.71972986 0.88624374 0.77865827 0.86515535 0.73351336] 
 f1_avg: 0.8445675188384875


Validation Epoch: 14 accuracy: 0.78 
 precision: [0.19444444 0.78630479 0.75274725 0.78301887 0.74358974] 
 recall: [1.         0.94595609 0.5661157  0.83138564 0.14543631] 
 f1: [0.3255814  0.85877342 0.64622642 0.80647773 0.24328859] 
 f1_avg: 0.7497139052435061

New best val score, save model ...
--- 231.6911427974701 seconds ---

Train Epoch: 15 accuracy: 0.85 
 precision: [0.6276771  0.9249326  0.7793967  0.85689035 0.65844402] 
 recall: [0.87990762 0.85703505 0.78837075 0.88177371 0.85397867] 
 f1: [0.73269231 0.88969029 0.78385804 0.86915397 0.74357143] 
 f1_avg: 0.8491295563369328


Validation Epoch: 15 accuracy: 0.78 
 precision: [0.21212121 0.78819662 0.75058095 0.77899116 0.74603175] 
 recall: [1.         0.94483017 0.57201889 0.83361157 0.14142427] 
 f1: [0.35       0.85943501 0.64924623 0.80537634 0.23777403] 
 f1_avg: 0.7498497838882848

New best val score, save model ...
--- 247.74127459526062 seconds ---

Train Epoch: 16 accuracy: 0.85 
 precision: [0.64588529 0.92781453 0.78422458 0.86153846 0.6684921 ] 
 recall: [0.89722864 0.86125062 0.79447323 0.88509784 0.8611977 ] 
 f1: [0.75108748 0.89329429 0.78931564 0.87315926 0.75270668] 
 f1_avg: 0.853815042132849


Validation Epoch: 16 accuracy: 0.78 
 precision: [0.175      0.79189019 0.74904361 0.77651905 0.76142132] 
 recall: [1.         0.94182774 0.57792208 0.83917641 0.15045135] 
 f1: [0.29787234 0.86037542 0.65244918 0.80663279 0.25125628] 
 f1_avg: 0.7524731535454643

New best val score, save model ...
--- 263.7849295139313 seconds ---

Train Epoch: 17 accuracy: 0.86 
 precision: [0.65945046 0.93072247 0.78924047 0.86548208 0.67697419] 
 recall: [0.91454965 0.86455541 0.79982729 0.88898645 0.86923708] 
 f1: [0.76632801 0.89641961 0.79449861 0.87707682 0.76115222] 
 f1_avg: 0.8581002970809125


Validation Epoch: 17 accuracy: 0.78 
 precision: [0.175      0.79317428 0.75       0.77760657 0.7755102 ] 
 recall: [1.         0.94201539 0.58087367 0.8425153  0.15245737] 
 f1: [0.29787234 0.86121119 0.65469062 0.80876068 0.25481978] 
 f1_avg: 0.7540638938593625

New best val score, save model ...
--- 279.7806978225708 seconds ---

Train Epoch: 18 accuracy: 0.86 
 precision: [0.66860949 0.93308363 0.79262751 0.86845802 0.68861348] 
 recall: [0.92725173 0.86866689 0.80339666 0.89193427 0.87514356] 
 f1: [0.77697146 0.89972374 0.79797575 0.88003961 0.77075356] 
 f1_avg: 0.8619418845750341


Validation Epoch: 18 accuracy: 0.78 
 precision: [0.21212121 0.79597017 0.75018755 0.77427555 0.78723404] 
 recall: [1.         0.94145243 0.59031877 0.84752365 0.14844534] 
 f1: [0.35       0.86262036 0.66072019 0.80924548 0.24978903] 
 f1_avg: 0.7554832731649377

New best val score, save model ...
--- 295.76360630989075 seconds ---

Train Epoch: 19 accuracy: 0.86 
 precision: [0.66366612 0.93489802 0.79561548 0.87247336 0.6966161 ] 
 recall: [0.93648961 0.87069661 0.80857801 0.89337682 0.88154225] 
 f1: [0.77681992 0.90165591 0.80204437 0.88280136 0.7782445 ] 
 f1_avg: 0.8649211843240924


Validation Epoch: 19 accuracy: 0.78 
 precision: [0.2        0.79729515 0.74832962 0.77203647 0.78142077] 
 recall: [1.         0.94032652 0.59504132 0.84808013 0.14343029] 
 f1: [0.33333333 0.86292406 0.66293982 0.80827367 0.24237288] 
 f1_avg: 0.7550884808975417

--- 311.34223198890686 seconds ---

Train Epoch: 20 accuracy: 0.87 
 precision: [0.67272727 0.9367138  0.80031705 0.87568164 0.70641243] 
 recall: [0.93995381 0.87392334 0.81381693 0.89638736 0.88744873] 
 f1: [0.78420039 0.90422983 0.80701053 0.88591353 0.78664921] 
 f1_avg: 0.8686365466923226


Validation Epoch: 20 accuracy: 0.79 
 precision: [0.29166667 0.80031898 0.75036603 0.77016129 0.78333333] 
 recall: [1.         0.94164008 0.60507674 0.85030607 0.14142427] 
 f1: [0.4516129  0.865247   0.66993464 0.80825179 0.23959218] 
 f1_avg: 0.7573527810472893

New best val score, save model ...
--- 327.28635025024414 seconds ---

Train Epoch: 21 accuracy: 0.87 
 precision: [0.68280467 0.93892342 0.80261371 0.8778336  0.71237721] 
 recall: [0.94457275 0.8764735  0.81675302 0.89864526 0.8923708 ] 
 f1: [0.79263566 0.90662432 0.80962164 0.88811752 0.79227968] 
 f1_avg: 0.8713573221395542


Validation Epoch: 21 accuracy: 0.79 
 precision: [0.28       0.80330234 0.74690007 0.7617866  0.78857143] 
 recall: [1.         0.94032652 0.60448642 0.85420145 0.13841525] 
 f1: [0.4375     0.86643036 0.66818923 0.80535152 0.23549488] 
 f1_avg: 0.7567373311886593

--- 342.8777496814728 seconds ---

Train Epoch: 22 accuracy: 0.87 
 precision: [0.68369028 0.94074589 0.80766409 0.88255878 0.72417903] 
 recall: [0.95842956 0.87957012 0.82389177 0.9016558  0.89729286] 
 f1: [0.79807692 0.90913003 0.81569723 0.89200509 0.80149483] 
 f1_avg: 0.8754827398754089


Validation Epoch: 22 accuracy: 0.79 
 precision: [0.28       0.80511748 0.74390244 0.75990099 0.80701754] 
 recall: [1.         0.9388253  0.61216057 0.85420145 0.13841525] 
 f1: [0.4375     0.86684571 0.67163212 0.80429657 0.23630137] 
 f1_avg: 0.7574451844026135

New best val score, save model ...
--- 358.84175539016724 seconds ---

Train Epoch: 23 accuracy: 0.88 
 precision: [0.68719212 0.94288892 0.81210137 0.88576871 0.73240372] 
 recall: [0.9665127  0.88243254 0.8283247  0.90410186 0.90484003] 
 f1: [0.80326296 0.91165954 0.82013281 0.89484139 0.80954128] 
 f1_avg: 0.8789515467020407


Validation Epoch: 23 accuracy: 0.79 
 precision: [0.29166667 0.80848308 0.74248927 0.75231144 0.81176471] 
 recall: [1.         0.93713642 0.61275089 0.86032276 0.13841525] 
 f1: [0.4516129  0.86806883 0.67141009 0.8026999  0.23650386] 
 f1_avg: 0.7578089226511712

New best val score, save model ...
--- 374.80430006980896 seconds ---

Train Epoch: 24 accuracy: 0.88 
 precision: [0.67854251 0.94518642 0.81452703 0.88931884 0.74105235] 
 recall: [0.96766744 0.88396784 0.8328152  0.90811591 0.91041838] 
 f1: [0.79771537 0.91355269 0.8235696  0.89861908 0.81705073] 
 f1_avg: 0.881920215219841


Validation Epoch: 24 accuracy: 0.79 
 precision: [0.29166667 0.81042885 0.73956122 0.75       0.80838323] 
 recall: [1.         0.93619816 0.61688312 0.86143573 0.13540622] 
 f1: [0.4516129  0.86878537 0.67267461 0.8018648  0.23195876] 
 f1_avg: 0.7578016344219872

--- 390.34949254989624 seconds ---

Train Epoch: 25 accuracy: 0.88 
 precision: [0.6800967  0.94610646 0.81844852 0.89196335 0.74828652] 
 recall: [0.97459584 0.88714252 0.83517559 0.90980933 0.91353568] 
 f1: [0.80113906 0.91567624 0.82672745 0.90079796 0.82269504] 
 f1_avg: 0.8845702069625148


Validation Epoch: 25 accuracy: 0.79 
 precision: [0.29166667 0.81178769 0.73964912 0.74891357 0.81481481] 
 recall: [1.         0.9356352  0.62219599 0.86310518 0.13239719] 
 f1: [0.4516129  0.86932264 0.67585765 0.80196484 0.22778257] 
 f1_avg: 0.758236414005633

New best val score, save model ...
--- 406.3396337032318 seconds ---

Train Epoch: 26 accuracy: 0.89 
 precision: [0.68292683 0.94738594 0.82119168 0.89491817 0.75728814] 
 recall: [0.96997691 0.88885998 0.84104778 0.91231811 0.91632486] 
 f1: [0.80152672 0.91719027 0.83100114 0.90353438 0.82925019] 
 f1_avg: 0.8873189266113561


Validation Epoch: 26 accuracy: 0.79 
 precision: [0.30434783 0.81447519 0.7357192  0.74915744 0.82317073] 
 recall: [1.         0.93338337 0.63105077 0.86588759 0.13540622] 
 f1: [0.46666667 0.86988458 0.67937718 0.80330408 0.23255814] 
 f1_avg: 0.759888478405784

New best val score, save model ...
--- 422.2962009906769 seconds ---

Train Epoch: 27 accuracy: 0.89 
 precision: [0.68643379 0.9497309  0.82438121 0.89846684 0.76007599] 
 recall: [0.97575058 0.89083765 0.84559585 0.91520321 0.91894996] 
 f1: [0.80591321 0.91934206 0.83485378 0.90675781 0.83199643] 
 f1_avg: 0.8901338155833725


Validation Epoch: 27 accuracy: 0.79 
 precision: [0.30434783 0.81567275 0.72978437 0.75072604 0.81707317] 
 recall: [1.         0.9316945  0.63931523 0.86310518 0.13440321] 
 f1: [0.46666667 0.86983181 0.68156073 0.80300285 0.23083549] 
 f1_avg: 0.760006451815144

New best val score, save model ...
--- 438.23820638656616 seconds ---

Train Epoch: 28 accuracy: 0.89 
 precision: [0.69469388 0.95078833 0.8279015  0.90125662 0.76845409] 
 recall: [0.98267898 0.89289339 0.84968336 0.91764927 0.9240361 ] 
 f1: [0.81396461 0.92093186 0.83865102 0.90937908 0.83909416] 
 f1_avg: 0.8929173968527814


Validation Epoch: 28 accuracy: 0.79 
 precision: [0.30434783 0.81604471 0.73024523 0.74307545 0.81410256] 
 recall: [1.         0.93150685 0.63282172 0.86588759 0.12738215] 
 f1: [0.46666667 0.86996144 0.67805187 0.7997944  0.22029488] 
 f1_avg: 0.7578151051865968

--- 453.8584554195404 seconds ---

Train Epoch: 29 accuracy: 0.89 
 precision: [0.6961507  0.95309771 0.83052743 0.90411971 0.77572016] 
 recall: [0.98152425 0.89471493 0.85486471 0.92084797 0.92780968] 
 f1: [0.81456636 0.922984   0.84252036 0.91240717 0.84497572] 
 f1_avg: 0.8958489042386389


Validation Epoch: 29 accuracy: 0.79 
 precision: [0.30434783 0.81713344 0.72764505 0.74467077 0.81290323] 
 recall: [1.         0.93075624 0.62927981 0.87479132 0.12637914] 
 f1: [0.46666667 0.87025178 0.67489712 0.80450358 0.21875   ] 
 f1_avg: 0.7581332238612084

--- 469.42342829704285 seconds ---

Train Epoch: 30 accuracy: 0.90 
 precision: [0.69754098 0.95355078 0.83395825 0.9076211  0.77956767] 
 recall: [0.98267898 0.8969268  0.85791595 0.92247868 0.92895816] 
 f1: [0.81591563 0.92437245 0.84576747 0.91498958 0.8477317 ] 
 f1_avg: 0.8979949108862887


Validation Epoch: 30 accuracy: 0.79 
 precision: [0.31818182 0.8199735  0.7261745  0.74246704 0.82      ] 
 recall: [1.         0.92906737 0.63872491 0.87757373 0.12337011] 
 f1: [0.48275862 0.87111815 0.67964824 0.80438664 0.21447254] 
 f1_avg: 0.7589784152649944

--- 484.9881613254547 seconds ---

Train Epoch: 31 accuracy: 0.90 
 precision: [0.71584241 0.95473876 0.8373302  0.90974662 0.79037418] 
 recall: [0.98614319 0.89965911 0.86234888 0.92555193 0.93223954] 
 f1: [0.8295289  0.92638094 0.84965541 0.91758122 0.85546522] 
 f1_avg: 0.9011073801539197


Validation Epoch: 31 accuracy: 0.79 
 precision: [0.29166667 0.82252162 0.72538513 0.73925234 0.81935484] 
 recall: [1.         0.92794145 0.63931523 0.88035615 0.12738215] 
 f1: [0.4516129  0.87205714 0.67963602 0.80365761 0.22048611] 
 f1_avg: 0.759940408288386

--- 500.5602903366089 seconds ---

Train Epoch: 32 accuracy: 0.90 
 precision: [0.70230263 0.9567678  0.84082658 0.91345679 0.79594972] 
 recall: [0.98614319 0.90184496 0.86672424 0.92812343 0.93502871] 
 f1: [0.82036503 0.92849488 0.85357902 0.92073171 0.85990192] 
 f1_avg: 0.9038864880265605


Validation Epoch: 32 accuracy: 0.79 
 precision: [0.41176471 0.82428595 0.72171053 0.73791822 0.82432432] 
 recall: [1.         0.92606493 0.64757969 0.88369505 0.1223671 ] 
 f1: [0.58333333 0.87221633 0.68263846 0.80425424 0.21310044] 
 f1_avg: 0.7599979350273653

--- 516.1422879695892 seconds ---

Train Epoch: 33 accuracy: 0.91 
 precision: [0.71440607 0.95775774 0.84505942 0.91566265 0.79935592] 
 recall: [0.97921478 0.90387468 0.87196315 0.92950326 0.9366694 ] 
 f1: [0.82610813 0.93003641 0.85830051 0.92253105 0.86258216] 
 f1_avg: 0.9063164790430611


Validation Epoch: 33 accuracy: 0.79 
 precision: [0.21212121 0.81568111 0.71400651 0.76150833 0.81818182] 
 recall: [1.         0.92925502 0.64698937 0.86533111 0.11735206] 
 f1: [0.35       0.86877193 0.67884794 0.8101068  0.20526316] 
 f1_avg: 0.7575848239917455

--- 531.7269203662872 seconds ---

Train Epoch: 34 accuracy: 0.91 
 precision: [0.6986077  0.9595484  0.84822426 0.91867302 0.80571589] 
 recall: [0.98498845 0.90676312 0.87449626 0.93094581 0.93896637] 
 f1: [0.8174413  0.93240929 0.86115993 0.9247687  0.86725261] 
 f1_avg: 0.9088257977181456


Validation Epoch: 34 accuracy: 0.79 
 precision: [0.38888889 0.82301918 0.72050099 0.73330263 0.82926829] 
 recall: [1.         0.92587728 0.64521842 0.88592098 0.10230692] 
 f1: [0.56       0.87142353 0.6807848  0.80241935 0.18214286] 
 f1_avg: 0.7557542172541484

--- 547.3134977817535 seconds ---

Train Epoch: 35 accuracy: 0.91 
 precision: [0.73037543 0.95955811 0.84928084 0.92225733 0.80954398] 
 recall: [0.98845266 0.90637279 0.88042602 0.93376819 0.94077112] 
 f1: [0.84003925 0.93220747 0.86457303 0.92797706 0.87023828] 
 f1_avg: 0.910610350387944


Validation Epoch: 35 accuracy: 0.79 
 precision: [0.31818182 0.82526702 0.73082192 0.73005016 0.82165605] 
 recall: [1.         0.92794145 0.62987013 0.89092933 0.12938816] 
 f1: [0.48275862 0.87359774 0.67660114 0.80250627 0.22357019] 
 f1_avg: 0.7603773649199014

New best val score, save model ...
--- 563.2730538845062 seconds ---

Train Epoch: 36 accuracy: 0.91 
 precision: [0.70967742 0.96064529 0.85491909 0.92330985 0.81165983] 
 recall: [0.99076212 0.90959952 0.87898676 0.93709232 0.94109926] 
 f1: [0.82698795 0.93442579 0.86678589 0.93015003 0.87160006] 
 f1_avg: 0.9125839305024122


Validation Epoch: 36 accuracy: 0.79 
 precision: [0.4375     0.8294861  0.72546419 0.72556054 0.83703704] 
 recall: [1.         0.9238131  0.64580874 0.90038954 0.11334002] 
 f1: [0.60869565 0.87411222 0.68332292 0.80357586 0.19964664] 
 f1_avg: 0.7596729874650598

--- 578.8299899101257 seconds ---

Train Epoch: 37 accuracy: 0.91 
 precision: [0.73958333 0.96133992 0.85748563 0.92440458 0.81606585] 
 recall: [0.98383372 0.91108278 0.88468624 0.93721776 0.94339623] 
 f1: [0.8444004  0.93553688 0.87087359 0.93076707 0.87512366] 
 f1_avg: 0.9146180728247026


Validation Epoch: 37 accuracy: 0.79 
 precision: [0.15555556 0.82361784 0.70617907 0.76070039 0.81333333] 
 recall: [1.         0.92531432 0.66115702 0.87033945 0.1223671 ] 
 f1: [0.26923077 0.87150937 0.68292683 0.81183493 0.21272886] 
 f1_avg: 0.7607893047354579

New best val score, save model ...
--- 594.785498380661 seconds ---

Train Epoch: 38 accuracy: 0.91 
 precision: [0.68261563 0.9629528  0.8600056  0.92592133 0.8186993 ] 
 recall: [0.98845266 0.91311249 0.88451353 0.93602609 0.94388843] 
 f1: [0.80754717 0.93737061 0.87208741 0.93094629 0.87684804] 
 f1_avg: 0.9155456618293967


Validation Epoch: 38 accuracy: 0.78 
 precision: [0.46666667 0.82726046 0.69557307 0.73671948 0.81395349] 
 recall: [1.         0.9202477  0.67709563 0.87979967 0.07021063] 
 f1: [0.63636364 0.87128009 0.68620999 0.80192747 0.12927054] 
 f1_avg: 0.7512105326593312

--- 610.3362371921539 seconds ---

Train Epoch: 39 accuracy: 0.92 
 precision: [0.72975277 0.96390862 0.86330173 0.92764298 0.82512174] 
 recall: [0.98845266 0.91459575 0.89113414 0.93997742 0.94520098] 
 f1: [0.83962727 0.93860492 0.87699717 0.93376947 0.88108893] 
 f1_avg: 0.9184852630336108


Validation Epoch: 39 accuracy: 0.79 
 precision: [0.46666667 0.82874412 0.72927807 0.73215899 0.83216783] 
 recall: [1.         0.92625258 0.64403778 0.90205899 0.11935807] 
 f1: [0.63636364 0.87478954 0.68401254 0.80827724 0.20877193] 
 f1_avg: 0.7619650931288968

New best val score, save model ...
--- 626.340734243393 seconds ---

Train Epoch: 40 accuracy: 0.92 
 precision: [0.73834197 0.96443629 0.86491473 0.93053662 0.82378162] 
 recall: [0.98729792 0.91667751 0.89055843 0.94185901 0.94569319] 
 f1: [0.84486166 0.93995064 0.87754928 0.93616358 0.88053773] 
 f1_avg: 0.9197641022476208


Validation Epoch: 40 accuracy: 0.79 
 precision: [0.42857143 0.82865782 0.7311541  0.73291082 0.84563758] 
 recall: [0.85714286 0.92568962 0.64698937 0.90094602 0.12637914] 
 f1: [0.57142857 0.87449034 0.68650172 0.80828757 0.21989529] 
 f1_avg: 0.7633164999244315

New best val score, save model ...
--- 642.3144645690918 seconds ---

Train Epoch: 41 accuracy: 0.92 
 precision: [0.74889478 0.96551347 0.86925657 0.93295743 0.82934518] 
 recall: [0.97806005 0.9186812  0.89527922 0.94436779 0.94963084] 
 f1: [0.84827241 0.94151532 0.88207601 0.93862793 0.88542145] 
 f1_avg: 0.9224421112051137


Validation Epoch: 41 accuracy: 0.79 
 precision: [0.13207547 0.82897622 0.70358716 0.75774917 0.82051282] 
 recall: [1.         0.92231188 0.65997639 0.88425153 0.12838516] 
 f1: [0.23333333 0.87315687 0.68108437 0.81612738 0.22202949] 
 f1_avg: 0.7630687598342275

--- 657.8476111888885 seconds ---

Train Epoch: 42 accuracy: 0.92 
 precision: [0.66562986 0.96698423 0.87084313 0.93538767 0.83338142] 
 recall: [0.98845266 0.9191496  0.8955095  0.94430507 0.94782609] 
 f1: [0.79553903 0.94246034 0.88300409 0.93982522 0.88692715] 
 f1_avg: 0.9228872817773757


Validation Epoch: 42 accuracy: 0.79 
 precision: [0.46666667 0.82480282 0.70439085 0.74324324 0.81609195] 
 recall: [1.         0.92231188 0.67237308 0.88759043 0.07121364] 
 f1: [0.63636364 0.87083629 0.68800966 0.80902866 0.13099631] 
 f1_avg: 0.7527542047538454

--- 673.4101090431213 seconds ---

Train Epoch: 43 accuracy: 0.93 
 precision: [0.75196507 0.96825397 0.87236287 0.93523396 0.84167637] 
 recall: [0.99422633 0.92065888 0.90460564 0.94643753 0.94897457] 
 f1: [0.8562904  0.94385679 0.88819174 0.94080239 0.89211074] 
 f1_avg: 0.9259818945859685


Validation Epoch: 43 accuracy: 0.79 
 precision: [0.42857143 0.8237446  0.74333801 0.73525439 0.84563758] 
 recall: [0.85714286 0.92963032 0.6257379  0.90873678 0.12637914] 
 f1: [0.57142857 0.87349026 0.67948718 0.81284221 0.21989529] 
 f1_avg: 0.7623975897946919

--- 688.9498295783997 seconds ---

Train Epoch: 44 accuracy: 0.93 
 precision: [0.73867596 0.96545717 0.87474079 0.93935067 0.84316295] 
 recall: [0.97921478 0.92294881 0.89856074 0.94907175 0.94995898] 
 f1: [0.84210526 0.94372456 0.88649078 0.94418619 0.89338065] 
 f1_avg: 0.9261696834953825


Validation Epoch: 44 accuracy: 0.79 
 precision: [0.42857143 0.83113813 0.73306506 0.73455685 0.83435583] 
 recall: [0.85714286 0.92362545 0.64521842 0.91318865 0.13640923] 
 f1: [0.57142857 0.87494445 0.68634223 0.81419003 0.23448276] 
 f1_avg: 0.7660954291942363

New best val score, save model ...
--- 704.898344039917 seconds ---

Train Epoch: 45 accuracy: 0.93 
 precision: [0.7672956  0.96987902 0.87833018 0.93919128 0.84261009] 
 recall: [0.98614319 0.92419787 0.90725389 0.95126693 0.95127153] 
 f1: [0.86306215 0.94648758 0.89255777 0.94519054 0.89364982] 
 f1_avg: 0.9293126798526541


Validation Epoch: 45 accuracy: 0.79 
 precision: [0.12962963 0.83427495 0.69677033 0.76151631 0.80924855] 
 recall: [1.         0.91443047 0.68772137 0.88313856 0.14042126] 
 f1: [0.2295082  0.87251567 0.69221628 0.81783046 0.23931624] 
 f1_avg: 0.7667036386269833

New best val score, save model ...
--- 720.8355553150177 seconds ---

Train Epoch: 46 accuracy: 0.93 
 precision: [0.66484801 0.97104537 0.88298885 0.94154553 0.84492057] 
 recall: [0.98498845 0.9250566  0.90754174 0.95063974 0.95110747] 
 f1: [0.79385761 0.94749327 0.89509695 0.94607078 0.89487496] 
 f1_avg: 0.9298758524306756


Validation Epoch: 46 accuracy: 0.78 
 precision: [0.5        0.81664998 0.67245241 0.78034979 0.79545455] 
 recall: [0.85714286 0.91855883 0.70897285 0.84418475 0.07021063] 
 f1: [0.63157895 0.86461185 0.69022989 0.8110131  0.12903226] 
 f1_avg: 0.7499208810784312

--- 736.3711676597595 seconds ---

Train Epoch: 47 accuracy: 0.93 
 precision: [0.76038904 0.97209709 0.87983639 0.94436813 0.84498391] 
 recall: [0.99307159 0.92651383 0.9164076  0.94863271 0.94799016] 
 f1: [0.86129194 0.94875826 0.8977497  0.94649562 0.89352818] 
 f1_avg: 0.9318027394449131


Validation Epoch: 47 accuracy: 0.79 
 precision: [0.46153846 0.81938036 0.74189096 0.75422932 0.84337349] 
 recall: [0.85714286 0.93300807 0.63459268 0.89315526 0.14042126] 
 f1: [0.6        0.87251031 0.68405982 0.81783439 0.24075666] 
 f1_avg: 0.7657051678950698

--- 751.9558608531952 seconds ---

Train Epoch: 48 accuracy: 0.93 
 precision: [0.74263432 0.96880524 0.87886238 0.94373911 0.85372653] 
 recall: [0.98960739 0.9269562  0.90552677 0.95107878 0.95471698] 
 f1: [0.84851485 0.94741881 0.89199535 0.94739473 0.90140191] 
 f1_avg: 0.9305300472995821


Validation Epoch: 48 accuracy: 0.79 
 precision: [0.41666667 0.81939132 0.71330846 0.77827828 0.84974093] 
 recall: [0.71428571 0.92456371 0.67709563 0.86533111 0.16449348] 
 f1: [0.52631579 0.86880621 0.69473047 0.81949934 0.27563025] 
 f1_avg: 0.7693271147527166

New best val score, save model ...
--- 767.9078495502472 seconds ---

Train Epoch: 49 accuracy: 0.93 
 precision: [0.76717217 0.97250756 0.88523587 0.94602503 0.85196551] 
 recall: [0.99307159 0.92877775 0.91611975 0.9530858  0.95652174] 
 f1: [0.86562657 0.95013976 0.90041306 0.94954229 0.90122121] 
 f1_avg: 0.9343257484681443


Validation Epoch: 49 accuracy: 0.79 
 precision: [0.26923077 0.81511228 0.74005487 0.76919315 0.81958763] 
 recall: [1.         0.93319572 0.63695396 0.8753478  0.15947844] 
 f1: [0.42424242 0.87016623 0.68464467 0.81884435 0.26700252] 
 f1_avg: 0.7672575748427987

--- 783.4359171390533 seconds ---

Train Epoch: 50 accuracy: 0.93 
 precision: [0.71120332 0.97100819 0.88405959 0.94700504 0.85792028] 
 recall: [0.98960739 0.92906399 0.90869315 0.95490467 0.95701395] 
 f1: [0.82761951 0.94957313 0.89620713 0.95093845 0.9047619 ] 
 f1_avg: 0.9332596623531753


Validation Epoch: 50 accuracy: 0.78 
 precision: [0.5        0.80901288 0.67956744 0.79677419 0.82733813] 
 recall: [0.71428571 0.91968474 0.70484061 0.82470785 0.11534604] 
 f1: [0.58823529 0.86080618 0.69197334 0.81050041 0.20246479] 
 f1_avg: 0.7554848600105881

--- 799.0066039562225 seconds ---

Train Epoch: 51 accuracy: 0.94 
 precision: [0.77488789 0.97488958 0.88440519 0.95057794 0.85686939] 
 recall: [0.99769053 0.93046918 0.92233736 0.95421475 0.95471698] 
 f1: [0.87228672 0.95216158 0.90297309 0.95239288 0.90315071] 
 f1_avg: 0.9366781340866948


Validation Epoch: 51 accuracy: 0.79 
 precision: [0.26923077 0.80879727 0.73551466 0.77366049 0.8150289 ] 
 recall: [1.         0.93507225 0.63695396 0.85976628 0.14142427] 
 f1: [0.42424242 0.86736292 0.68269535 0.81444386 0.24102564] 
 f1_avg: 0.7619595705288124

--- 814.5618245601654 seconds ---

Train Epoch: 52 accuracy: 0.93 
 precision: [0.73168654 0.96886716 0.87996656 0.94951953 0.86827678] 
 recall: [0.99191686 0.92804913 0.90909614 0.95440291 0.96144381] 
 f1: [0.84215686 0.94801898 0.89429421 0.95195496 0.91248832] 
 f1_avg: 0.9330428667860657


Validation Epoch: 52 accuracy: 0.79 
 precision: [0.38461538 0.81491257 0.72626064 0.76044704 0.84146341] 
 recall: [0.71428571 0.92700319 0.65466352 0.87089594 0.13841525] 
 f1: [0.5        0.86735142 0.68860602 0.81193256 0.2377261 ] 
 f1_avg: 0.7622322913022039

--- 830.1366384029388 seconds ---

Train Epoch: 53 accuracy: 0.94 
 precision: [0.77959927 0.97259788 0.88186586 0.95181098 0.86389135] 
 recall: [0.98845266 0.92823128 0.91968912 0.95760161 0.96013126] 
 f1: [0.87169043 0.94989681 0.90038044 0.95469751 0.90947238] 
 f1_avg: 0.9359499904656547


Validation Epoch: 53 accuracy: 0.78 
 precision: [0.20588235 0.78813559 0.73730044 0.79314041 0.81609195] 
 recall: [1.         0.94239069 0.59976387 0.82359488 0.14242728] 
 f1: [0.34146341 0.85838817 0.66145833 0.80808081 0.24252775] 
 f1_avg: 0.7523587756323294

--- 845.6970312595367 seconds ---

Train Epoch: 54 accuracy: 0.93 
 precision: [0.70179739 0.96818589 0.88126191 0.95268375 0.86896654] 
 recall: [0.99191686 0.9281272  0.90541163 0.95847968 0.96292043] 
 f1: [0.82200957 0.94773343 0.89317356 0.95557292 0.91353413] 
 f1_avg: 0.9332483517675324


Validation Epoch: 54 accuracy: 0.79 
 precision: [0.5        0.80260799 0.7        0.80194805 0.82722513] 
 recall: [0.71428571 0.92400075 0.67768595 0.82470785 0.15847543] 
 f1: [0.58823529 0.85903699 0.68866227 0.81316872 0.26599327] 
 f1_avg: 0.7608895670719179

--- 861.229819059372 seconds ---

Train Epoch: 55 accuracy: 0.94 
 precision: [0.78142077 0.97461749 0.87955443 0.95427001 0.86435424] 
 recall: [0.99076212 0.92823128 0.92279793 0.95804064 0.96078753] 
 f1: [0.87372709 0.950859   0.90065741 0.95615161 0.91002331] 
 f1_avg: 0.9368405773218875


Validation Epoch: 55 accuracy: 0.78 
 precision: [0.29166667 0.77811736 0.77246964 0.79748221 0.81958763] 
 recall: [1.         0.95552637 0.56316411 0.81079577 0.15947844] 
 f1: [0.4516129  0.85774446 0.65141687 0.80408389 0.26700252] 
 f1_avg: 0.7521093193489775

--- 876.7764503955841 seconds ---

Train Epoch: 56 accuracy: 0.93 
 precision: [0.73823781 0.9671833  0.87729856 0.95406316 0.87526018] 
 recall: [0.9965358  0.92721643 0.90639033 0.95873056 0.96587367] 
 f1: [0.84815725 0.94677826 0.8916072  0.95639117 0.9183371 ] 
 f1_avg: 0.9332616974119734


Validation Epoch: 56 accuracy: 0.78 
 precision: [0.35714286 0.78689034 0.77616747 0.7727738  0.84090909] 
 recall: [0.71428571 0.9506474  0.5690673  0.84028937 0.14844534] 
 f1: [0.47619048 0.86105209 0.65667575 0.80511864 0.25234442] 
 f1_avg: 0.7535295435687153

--- 892.3315808773041 seconds ---

Train Epoch: 57 accuracy: 0.93 
 precision: [0.77707581 0.97097187 0.87899392 0.95336949 0.87036488] 
 recall: [0.99422633 0.92786698 0.9154289  0.95916959 0.96275636] 
 f1: [0.87234043 0.94893017 0.89684151 0.95626075 0.9142323 ] 
 f1_avg: 0.9353894148125952


Validation Epoch: 57 accuracy: 0.76 
 precision: [0.31818182 0.73620153 0.79641847 0.87248322 0.84324324] 
 recall: [1.         0.97616814 0.49881936 0.72342794 0.15646941] 
 f1: [0.48275862 0.83937071 0.61343013 0.79099483 0.26395939] 
 f1_avg: 0.7329114107544783

--- 907.8640370368958 seconds ---

Train Epoch: 58 accuracy: 0.93 
 precision: [0.7279661  0.96145912 0.8708974  0.95236609 0.87029659] 
 recall: [0.99191686 0.92180385 0.89671848 0.95678625 0.96767842] 
 f1: [0.83968719 0.94121398 0.88361934 0.95457105 0.91640771] 
 f1_avg: 0.9281705510809559


Validation Epoch: 58 accuracy: 0.78 
 precision: [0.45454545 0.75391304 0.80810811 0.84363412 0.83783784] 
 recall: [0.71428571 0.97616814 0.52951594 0.75959933 0.1554664 ] 
 f1: [0.55555556 0.85076458 0.63980029 0.79941435 0.26226734] 
 f1_avg: 0.745059357022277

--- 923.4280791282654 seconds ---

Train Epoch: 59 accuracy: 0.93 
 precision: [0.78551787 0.96628144 0.87110153 0.94895853 0.86803606] 
 recall: [0.98960739 0.92469229 0.90690846 0.95151781 0.96374077] 
 f1: [0.87583035 0.94502952 0.88864444 0.95023645 0.91338828] 
 f1_avg: 0.930428363089658


Validation Epoch: 59 accuracy: 0.77 
 precision: [0.25       0.74676341 0.85637728 0.84615385 0.83673469] 
 recall: [1.         0.9849878  0.4716647  0.77128548 0.16449348] 
 f1: [0.4        0.84949021 0.60829844 0.8069869  0.27493713] 
 f1_avg: 0.7414961990110648

--- 939.0234904289246 seconds ---

Train Epoch: 60 accuracy: 0.92 
 precision: [0.71801347 0.95487316 0.86011652 0.94651409 0.85529   ] 
 recall: [0.98498845 0.9167816  0.87541739 0.95452835 0.96292043] 
 f1: [0.83057449 0.93543976 0.86769951 0.95050433 0.90591958] 
 f1_avg: 0.9201013075507077


Validation Epoch: 60 accuracy: 0.79 
 precision: [0.5        0.79286483 0.8700565  0.75772437 0.78571429] 
 recall: [0.71428571 0.96753612 0.54545455 0.85976628 0.16549649] 
 f1: [0.58823529 0.87153482 0.67053701 0.80552659 0.27340514] 
 f1_avg: 0.7638978630215345

--- 954.5617332458496 seconds ---

Train Epoch: 61 accuracy: 0.92 
 precision: [0.76292335 0.95447216 0.87748649 0.94683765 0.84543088] 
 recall: [0.98845266 0.92414583 0.87869891 0.95396387 0.95931091] 
 f1: [0.861167   0.93906421 0.87809228 0.9503874  0.89877796] 
 f1_avg: 0.9239245860924707


Validation Epoch: 61 accuracy: 0.80 
 precision: [0.38461538 0.84023569 0.82448037 0.689523   0.74553571] 
 recall: [0.71428571 0.93657347 0.6322314  0.90094602 0.16750251] 
 f1: [0.5        0.88579288 0.7156699  0.78118215 0.27354627] 
 f1_avg: 0.7749129714911552

New best val score, save model ...
--- 970.5805082321167 seconds ---

Train Epoch: 62 accuracy: 0.93 
 precision: [0.77888087 0.96242712 0.88605936 0.94926908 0.85710115] 
 recall: [0.9965358  0.92784095 0.89539436 0.96117662 0.96341263] 
 f1: [0.87436677 0.94481763 0.8907024  0.95518574 0.90715279] 
 f1_avg: 0.9312827377822682


Validation Epoch: 62 accuracy: 0.80 
 precision: [0.26315789 0.8645778  0.81569208 0.65275068 0.73140496] 
 recall: [0.71428571 0.91649465 0.65053129 0.9309961  0.1775326 ] 
 f1: [0.38461538 0.88977956 0.72380952 0.76743119 0.28571429] 
 f1_avg: 0.7771164401094132

New best val score, save model ...
--- 986.5309615135193 seconds ---

Train Epoch: 63 accuracy: 0.93 
 precision: [0.77428058 0.96689368 0.88853521 0.94841663 0.86249817] 
 recall: [0.99422633 0.93098962 0.89994243 0.96174109 0.96636587] 
 f1: [0.87057634 0.94860203 0.89420244 0.95503239 0.91148251] 
 f1_avg: 0.9341655491365041


Validation Epoch: 63 accuracy: 0.80 
 precision: [0.26315789 0.87581818 0.81677704 0.63302412 0.72908367] 
 recall: [0.71428571 0.90392194 0.65525384 0.94936004 0.18355065] 
 f1: [0.38461538 0.88964817 0.72715362 0.75957257 0.29326923] 
 f1_avg: 0.7769510340245188

--- 1002.0883297920227 seconds ---

Train Epoch: 64 accuracy: 0.94 
 precision: [0.78740876 0.97011818 0.89242622 0.94877657 0.86675501] 
 recall: [0.9965358  0.93351375 0.90696603 0.9630582  0.96587367] 
 f1: [0.87971458 0.95146404 0.89963738 0.95586404 0.91363389] 
 f1_avg: 0.937198115248592


Validation Epoch: 64 accuracy: 0.79 
 precision: [0.23809524 0.88151833 0.79459844 0.62779611 0.74793388] 
 recall: [0.71428571 0.89772941 0.65997639 0.95269894 0.18154463] 
 f1: [0.35714286 0.88955002 0.72105772 0.75685234 0.29217111] 
 f1_avg: 0.7752180461395849

--- 1017.6519479751587 seconds ---

Train Epoch: 65 accuracy: 0.94 
 precision: [0.78110808 0.97206236 0.897003   0.94953987 0.87437037] 
 recall: [0.99307159 0.93619402 0.9115141  0.96424987 0.9683347 ] 
 f1: [0.87442806 0.95379109 0.90420034 0.95683834 0.91895679] 
 f1_avg: 0.9398928206360101


Validation Epoch: 65 accuracy: 0.79 
 precision: [0.2173913  0.88275734 0.77575758 0.63541667 0.73577236] 
 recall: [0.71428571 0.89153687 0.68004723 0.95047301 0.18154463] 
 f1: [0.33333333 0.88712539 0.72475621 0.76164994 0.29123089] 
 f1_avg: 0.7753057496950057

--- 1033.196188211441 seconds ---

Train Epoch: 66 accuracy: 0.94 
 precision: [0.77797834 0.9744289  0.90232742 0.9537404  0.88230036] 
 recall: [0.99538106 0.93905644 0.91957398 0.9659433  0.97161608] 
 f1: [0.8733536  0.95641573 0.91086907 0.95980307 0.92480675] 
 f1_avg: 0.9436879589959236


Validation Epoch: 66 accuracy: 0.79 
 precision: [0.19230769 0.88283429 0.7689243  0.6362621  0.74672489] 
 recall: [0.71428571 0.89078626 0.68358914 0.95102949 0.17151454] 
 f1: [0.3030303  0.88679245 0.72375    0.76243587 0.27895595] 
 f1_avg: 0.7738280777702468

--- 1048.7652022838593 seconds ---

Train Epoch: 67 accuracy: 0.95 
 precision: [0.80297398 0.97609347 0.90632597 0.95390707 0.88175726] 
 recall: [0.99769053 0.94134638 0.92297064 0.96700953 0.97145201] 
 f1: [0.88980433 0.95840509 0.91457258 0.96041362 0.92443404] 
 f1_avg: 0.9457525088540786


Validation Epoch: 67 accuracy: 0.80 
 precision: [0.14285714 0.88126503 0.75016015 0.65759813 0.74596774] 
 recall: [0.71428571 0.89416401 0.69126328 0.94156928 0.18555667] 
 f1: [0.23809524 0.88766766 0.71950845 0.77437071 0.29718876] 
 f1_avg: 0.777558661773334

New best val score, save model ...
--- 1064.7543954849243 seconds ---

Train Epoch: 68 accuracy: 0.95 
 precision: [0.74761492 0.97734017 0.90904472 0.95780591 0.89222907] 
 recall: [0.99538106 0.94277759 0.92694301 0.96813848 0.97391304] 
 f1: [0.85388806 0.95974781 0.91790662 0.96294448 0.93128334] 
 f1_avg: 0.9477918834132921


Validation Epoch: 68 accuracy: 0.79 
 precision: [0.2        0.88106706 0.74888179 0.64665653 0.7745098 ] 
 recall: [0.71428571 0.89247514 0.6918536  0.94713411 0.15847543] 
 f1: [0.3125     0.88673441 0.71923903 0.76857078 0.26311407] 
 f1_avg: 0.7725399539554564

--- 1080.2928338050842 seconds ---

Train Epoch: 69 accuracy: 0.95 
 precision: [0.77214022 0.97800717 0.91058466 0.95788364 0.89402174] 
 recall: [0.9665127  0.94426084 0.93160622 0.96857752 0.97161608] 
 f1: [0.85846154 0.96083779 0.9209755  0.9632009  0.93120528] 
 f1_avg: 0.9490976174347572


Validation Epoch: 69 accuracy: 0.80 
 precision: [0.16666667 0.86134002 0.69386637 0.7473983  0.77443609] 
 recall: [0.85714286 0.90223306 0.74793388 0.87924318 0.20661986] 
 f1: [0.27906977 0.88131244 0.71988636 0.8079775  0.32620744] 
 f1_avg: 0.7832979796125153

New best val score, save model ...
--- 1096.2965307235718 seconds ---

Train Epoch: 70 accuracy: 0.95 
 precision: [0.71882845 0.97953641 0.91177465 0.96452925 0.89978743] 
 recall: [0.99191686 0.94790393 0.93172136 0.96700953 0.97227235] 
 f1: [0.83357593 0.9634606  0.92164009 0.9657678  0.93462661] 
 f1_avg: 0.9510360765715099


Validation Epoch: 70 accuracy: 0.79 
 precision: [0.17241379 0.88354383 0.74779319 0.6487619  0.79      ] 
 recall: [0.71428571 0.89266279 0.70011806 0.9476906  0.15847543] 
 f1: [0.27777778 0.8880799  0.72317073 0.77023971 0.26399332] 
 f1_avg: 0.7743175451077454

--- 1111.8278181552887 seconds ---

Train Epoch: 71 accuracy: 0.95 
 precision: [0.77797834 0.98050829 0.91610795 0.96234154 0.89729239] 
 recall: [0.99538106 0.94772177 0.93609672 0.97127446 0.97325677] 
 f1: [0.8733536  0.96383629 0.92599448 0.96678736 0.9337321 ] 
 f1_avg: 0.9527554880682482


Validation Epoch: 71 accuracy: 0.80 
 precision: [0.22727273 0.87725698 0.7613489  0.67241379 0.72791519] 
 recall: [0.71428571 0.90260837 0.69303424 0.93322204 0.20661986] 
 f1: [0.34482759 0.88975213 0.72558714 0.78163598 0.321875  ] 
 f1_avg: 0.7836478763709047

New best val score, save model ...
--- 1127.7844989299774 seconds ---

Train Epoch: 72 accuracy: 0.95 
 precision: [0.78110808 0.98021452 0.91847673 0.9625715  0.90371494] 
 recall: [0.99307159 0.94884072 0.93724813 0.97102358 0.9778507 ] 
 f1: [0.87442806 0.96427249 0.92776749 0.96677907 0.9393223 ] 
 f1_avg: 0.9538028365237827


Validation Epoch: 72 accuracy: 0.80 
 precision: [0.17241379 0.87447851 0.75410872 0.6763519  0.77477477] 
 recall: [0.71428571 0.90467255 0.7042503  0.93266555 0.17251755] 
 f1: [0.27777778 0.88931931 0.72832723 0.78409357 0.28219852] 
 f1_avg: 0.7802607349881504

--- 1143.3160374164581 seconds ---

Train Epoch: 73 accuracy: 0.96 
 precision: [0.79723502 0.9810895  0.92032456 0.96457036 0.90370595] 
 recall: [0.99884527 0.95042806 0.94029937 0.97158806 0.97621001] 
 f1: [0.88672476 0.96551542 0.93020474 0.96806649 0.93855982] 
 f1_avg: 0.9552846909971214


Validation Epoch: 73 accuracy: 0.80 
 precision: [0.22222222 0.86926112 0.74175482 0.70827971 0.74558304] 
 recall: [0.85714286 0.90955151 0.70365998 0.91875348 0.2116349 ] 
 f1: [0.35294118 0.88895002 0.72220539 0.7999031  0.3296875 ] 
 f1_avg: 0.7867696971256444

New best val score, save model ...
--- 1159.263552904129 seconds ---

Train Epoch: 74 accuracy: 0.96 
 precision: [0.77109515 0.98036849 0.92103925 0.96678322 0.90519599] 
 recall: [0.99191686 0.95123474 0.93880253 0.97114902 0.97752256] 
 f1: [0.86767677 0.96558191 0.92983607 0.9689612  0.93997002] 
 f1_avg: 0.9553166612497264


Validation Epoch: 74 accuracy: 0.80 
 precision: [0.17241379 0.875      0.74890693 0.66573816 0.78378378] 
 recall: [0.71428571 0.90242072 0.70779221 0.9309961  0.14543631] 
 f1: [0.27777778 0.88849885 0.72776935 0.77633411 0.24534687] 
 f1_avg: 0.7745601877461054

--- 1174.7963726520538 seconds ---

Train Epoch: 75 accuracy: 0.96 
 precision: [0.79593721 0.98196312 0.92309426 0.96549147 0.9035208 ] 
 recall: [0.99538106 0.95201541 0.94323546 0.97215253 0.97260049] 
 f1: [0.88455618 0.96675739 0.93305618 0.96881055 0.93678887] 
 f1_avg: 0.9565101513494325


Validation Epoch: 75 accuracy: 0.80 
 precision: [0.19354839 0.87612406 0.72093023 0.70434035 0.73737374] 
 recall: [0.85714286 0.89585288 0.73199528 0.91207568 0.21965898] 
 f1: [0.31578947 0.88587864 0.72642062 0.79485936 0.33848532] 
 f1_avg: 0.7857742742548928

--- 1190.324261188507 seconds ---

Train Epoch: 76 accuracy: 0.96 
 precision: [0.76329787 0.98274289 0.9228565  0.96706176 0.91707768] 
 recall: [0.99422633 0.95284811 0.94559585 0.97227797 0.97621001] 
 f1: [0.86359077 0.96756464 0.93408781 0.96966285 0.94572042] 
 f1_avg: 0.9577656381565983


Validation Epoch: 76 accuracy: 0.80 
 precision: [0.18518519 0.87875438 0.73117647 0.67599351 0.75      ] 
 recall: [0.71428571 0.89491462 0.73376623 0.92765721 0.15346038] 
 f1: [0.29411765 0.88676088 0.73246906 0.78207835 0.25478768] 
 f1_avg: 0.7764483142956248

--- 1205.8540451526642 seconds ---

Train Epoch: 77 accuracy: 0.96 
 precision: [0.80297398 0.98368643 0.9209453  0.96618087 0.90974563] 
 recall: [0.99769053 0.95087044 0.94899252 0.97296789 0.97407711] 
 f1: [0.88980433 0.96700011 0.93475857 0.9695625  0.94081293] 
 f1_avg: 0.9575260887040362


Validation Epoch: 77 accuracy: 0.80 
 precision: [0.16666667 0.86422605 0.75       0.70740103 0.75086505] 
 recall: [0.85714286 0.91255395 0.68536009 0.9148581  0.21765296] 
 f1: [0.27906977 0.88773275 0.71622455 0.7978646  0.33748056] 
 f1_avg: 0.7854434546266558

--- 1221.3709547519684 seconds ---

Train Epoch: 78 accuracy: 0.96 
 precision: [0.76512456 0.98111896 0.92378635 0.96769961 0.91548863] 
 recall: [0.99307159 0.95464363 0.93995394 0.97146262 0.97752256] 
 f1: [0.86432161 0.96770024 0.93180002 0.96957746 0.94548917] 
 f1_avg: 0.9572997696353344


Validation Epoch: 78 accuracy: 0.80 
 precision: [0.17857143 0.87524932 0.75583596 0.66799681 0.77894737] 
 recall: [0.71428571 0.90579846 0.70720189 0.93155259 0.14844534] 
 f1: [0.28571429 0.8902619  0.73071058 0.77806182 0.24936816] 
 f1_avg: 0.77675351249202

--- 1236.898851633072 seconds ---

Train Epoch: 79 accuracy: 0.96 
 precision: [0.80956848 0.98358809 0.92467255 0.96783644 0.91037446] 
 recall: [0.9965358  0.95443545 0.94697755 0.97384596 0.97325677] 
 f1: [0.89337474 0.96879251 0.93569214 0.9708319  0.940766  ] 
 f1_avg: 0.9589001186035427


Validation Epoch: 79 accuracy: 0.81 
 precision: [0.19354839 0.86373391 0.72616279 0.7467167  0.73925501] 
 recall: [0.85714286 0.90636142 0.73730815 0.88592098 0.25877633] 
 f1: [0.31578947 0.88453438 0.73169303 0.81038432 0.3833581 ] 
 f1_avg: 0.7933480145996094

New best val score, save model ...
--- 1252.8536117076874 seconds ---

Train Epoch: 80 accuracy: 0.96 
 precision: [0.77338129 0.98371458 0.9280766  0.97179134 0.91788181] 
 recall: [0.99307159 0.95568451 0.94864709 0.97447316 0.98113208] 
 f1: [0.86956522 0.96949698 0.93824911 0.9731304  0.94845361] 
 f1_avg: 0.9606074150830288


Validation Epoch: 80 accuracy: 0.80 
 precision: [0.18518519 0.88083766 0.72472873 0.69182652 0.76190476] 
 recall: [0.71428571 0.89191218 0.74911452 0.92320534 0.19257773] 
 f1: [0.29411765 0.88634033 0.73671988 0.7909416  0.30744596] 
 f1_avg: 0.783918523499681

--- 1268.392276763916 seconds ---

Train Epoch: 81 accuracy: 0.96 
 precision: [0.81516588 0.98596246 0.92644923 0.97000125 0.91445654] 
 recall: [0.99307159 0.95407114 0.95503742 0.97547667 0.97867104] 
 f1: [0.895367   0.96975468 0.94052614 0.97273125 0.94547472] 
 f1_avg: 0.9612081323769578


Validation Epoch: 81 accuracy: 0.81 
 precision: [0.13333333 0.86629775 0.74201474 0.72478709 0.74528302] 
 recall: [0.85714286 0.91067743 0.71310508 0.89983306 0.23771314] 
 f1: [0.23076923 0.8879334  0.72727273 0.80287984 0.36045627] 
 f1_avg: 0.7906720739901831

--- 1283.9124388694763 seconds ---

Train Epoch: 82 accuracy: 0.96 
 precision: [0.7225482  0.9846257  0.92897471 0.97169458 0.91616858] 
 recall: [0.99538106 0.95492987 0.9472654  0.97535123 0.98080394] 
 f1: [0.83729966 0.96955046 0.9380309  0.97351947 0.9473851 ] 
 f1_avg: 0.9602264094597448


Validation Epoch: 82 accuracy: 0.80 
 precision: [0.2        0.88137472 0.74711947 0.66130929 0.7540107 ] 
 recall: [0.71428571 0.89510227 0.72727273 0.93878687 0.14142427] 
 f1: [0.3125     0.88818546 0.73706252 0.77598896 0.23817568] 
 f1_avg: 0.7752264882677873

--- 1299.4331350326538 seconds ---

Train Epoch: 83 accuracy: 0.96 
 precision: [0.79906977 0.98461704 0.92232198 0.97026487 0.91389914] 
 recall: [0.99191686 0.952718   0.95221647 0.97415956 0.97522559] 
 f1: [0.88511077 0.9684049  0.93703085 0.97220831 0.94356695] 
 f1_avg: 0.9594111314132542


Validation Epoch: 83 accuracy: 0.80 
 precision: [0.31578947 0.83787904 0.76013746 0.7420412  0.75562701] 
 recall: [0.85714286 0.9281291  0.65289256 0.8820256  0.23570712] 
 f1: [0.46153846 0.88069801 0.70244522 0.80600051 0.35932722] 
 f1_avg: 0.7830868072831788

--- 1314.9969968795776 seconds ---

Train Epoch: 84 accuracy: 0.96 
 precision: [0.78990826 0.97943101 0.92105263 0.97086407 0.92095106] 
 recall: [0.99422633 0.95409717 0.93897524 0.97390868 0.97867104] 
 f1: [0.8803681  0.96659812 0.92992759 0.97238399 0.94893414] 
 f1_avg: 0.9573602899083714


Validation Epoch: 84 accuracy: 0.81 
 precision: [0.17241379 0.88141202 0.72228507 0.7034188  0.78629032] 
 recall: [0.71428571 0.89960593 0.75383707 0.91597106 0.19558676] 
 f1: [0.27777778 0.89041605 0.73772386 0.79574571 0.31325301] 
 f1_avg: 0.7877589649776866

--- 1330.5250034332275 seconds ---

Train Epoch: 85 accuracy: 0.96 
 precision: [0.81766382 0.98479485 0.9255194  0.97337666 0.91788405] 
 recall: [0.99422633 0.95560644 0.95146805 0.9768565  0.97932732] 
 f1: [0.89734237 0.96998111 0.93831436 0.97511348 0.94761073] 
 f1_avg: 0.9615003032009187


Validation Epoch: 85 accuracy: 0.81 
 precision: [0.2        0.8700036  0.74527187 0.72579186 0.72781065] 
 recall: [0.85714286 0.90673672 0.74439197 0.89259878 0.24674022] 
 f1: [0.32432432 0.88799044 0.74483166 0.80059895 0.36853933] 
 f1_avg: 0.7942005498078832

New best val score, save model ...
--- 1346.469444990158 seconds ---

Train Epoch: 86 accuracy: 0.96 
 precision: [0.80148423 0.98648576 0.93228232 0.97375164 0.9190103 ] 
 recall: [0.99769053 0.95734992 0.9566494  0.97723281 0.98113208] 
 f1: [0.88888889 0.97169948 0.94430869 0.97548912 0.94905571] 
 f1_avg: 0.9637572708763329


Validation Epoch: 86 accuracy: 0.80 
 precision: [0.20833333 0.85606197 0.6938883  0.74257426 0.77826087] 
 recall: [0.71428571 0.89172453 0.77744982 0.87646077 0.17953862] 
 f1: [0.32258065 0.87352941 0.73329621 0.80398162 0.29176854] 
 f1_avg: 0.7771934343001529

--- 1362.0237755775452 seconds ---

Train Epoch: 87 accuracy: 0.96 
 precision: [0.81870229 0.98555239 0.92540974 0.9726971  0.91429888] 
 recall: [0.99076212 0.95500794 0.9556707  0.97422228 0.97670221] 
 f1: [0.89655172 0.97003978 0.94029682 0.97345909 0.94447089] 
 f1_avg: 0.9613794724893486


Validation Epoch: 87 accuracy: 0.80 
 precision: [0.15625    0.84934798 0.78346181 0.71706454 0.74909091] 
 recall: [0.71428571 0.92887971 0.65997639 0.90261547 0.20661986] 
 f1: [0.25641026 0.88733531 0.71643704 0.79921163 0.32389937] 
 f1_avg: 0.7841164522847884

--- 1377.5752263069153 seconds ---

Train Epoch: 88 accuracy: 0.96 
 precision: [0.75635408 0.98091195 0.92383806 0.97119187 0.91967314] 
 recall: [0.9965358  0.95612688 0.94064479 0.97052183 0.97867104] 
 f1: [0.85999003 0.96836085 0.93216568 0.97085673 0.94825531] 
 f1_avg: 0.9581287378873622


Validation Epoch: 88 accuracy: 0.80 
 precision: [0.16666667 0.85300745 0.80535456 0.66949838 0.74853801] 
 recall: [0.71428571 0.92343779 0.65702479 0.92097941 0.12838516] 
 f1: [0.27027027 0.88682646 0.7236671  0.77535723 0.21917808] 
 f1_avg: 0.7701058248534411

--- 1393.139811038971 seconds ---

Train Epoch: 89 accuracy: 0.96 
 precision: [0.80690299 0.98376571 0.93052738 0.97001312 0.91814398] 
 recall: [0.99884527 0.95716776 0.9507772  0.97384596 0.97719442] 
 f1: [0.89267286 0.97028449 0.94054331 0.97192576 0.94674932] 
 f1_avg: 0.9613765027822779


Validation Epoch: 89 accuracy: 0.81 
 precision: [0.28571429 0.82851986 0.79251941 0.7951118  0.7696477 ] 
 recall: [0.85714286 0.94745731 0.66292798 0.85086255 0.28485456] 
 f1: [0.42857143 0.88400595 0.72195436 0.82204301 0.41581259] 
 f1_avg: 0.7968887261105037

New best val score, save model ...
--- 1409.121863603592 seconds ---

Train Epoch: 90 accuracy: 0.96 
 precision: [0.80636109 0.98136    0.92758874 0.9733375  0.92504259] 
 recall: [0.99538106 0.95763616 0.94323546 0.97767185 0.97998359] 
 f1: [0.89095607 0.96935295 0.93534667 0.97549986 0.95172084] 
 f1_avg: 0.9608649166266038


Validation Epoch: 90 accuracy: 0.80 
 precision: [0.2        0.86703951 0.72717024 0.7271487  0.73144876] 
 recall: [0.71428571 0.90185776 0.76151122 0.88981636 0.20762287] 
 f1: [0.3125     0.88410596 0.74394464 0.8003003  0.3234375 ] 
 f1_avg: 0.7873002039825088

--- 1424.6127998828888 seconds ---

Train Epoch: 91 accuracy: 0.96 
 precision: [0.82933845 0.98623497 0.93319486 0.97381414 0.9208423 ] 
 recall: [0.99884527 0.95831273 0.95699482 0.97729553 0.98293683] 
 f1: [0.90623363 0.97207338 0.944945   0.97555173 0.95087691] 
 f1_avg: 0.9644248385634023


Validation Epoch: 91 accuracy: 0.81 
 precision: [0.22727273 0.86184556 0.77128651 0.73135011 0.76767677] 
 recall: [0.71428571 0.92362545 0.7325856  0.88925988 0.22868606] 
 f1: [0.34482759 0.89166667 0.75143809 0.80261175 0.35239567] 
 f1_avg: 0.7960783167453868

Early stopping!

Test Epoch: accuracy: 0.77 
 precision: [0.77777778 0.78398099 0.76102088 0.78893663 0.65253078] 
 recall: [0.15053763 0.94266476 0.43443709 0.79063509 0.70147059] 
 f1: [0.25225225 0.85603113 0.55311973 0.78978495 0.67611623] 
 f1_avg: 0.7552172782375217

--- 1441.1544647216797 seconds ---

Test Epoch: accuracy: 0.81 
 precision: [0.28571429 0.82851986 0.79251941 0.7951118  0.7696477 ] 
 recall: [0.85714286 0.94745731 0.66292798 0.85086255 0.28485456] 
 f1: [0.42857143 0.88400595 0.72195436 0.82204301 0.41581259] 
 f1_avg: 0.7968887261105037

--- 1441.622512102127 seconds ---
