Requirement already satisfied: scikit-learn in /net/cephfs/data/zifjia/condaenvs/audio_clf/lib/python3.8/site-packages (1.1.2)
Requirement already satisfied: numpy>=1.17.3 in /net/cephfs/data/zifjia/condaenvs/audio_clf/lib/python3.8/site-packages (from scikit-learn) (1.22.3)
Requirement already satisfied: joblib>=1.0.0 in /net/cephfs/data/zifjia/condaenvs/audio_clf/lib/python3.8/site-packages (from scikit-learn) (1.1.0)
Requirement already satisfied: scipy>=1.3.2 in /net/cephfs/data/zifjia/condaenvs/audio_clf/lib/python3.8/site-packages (from scikit-learn) (1.9.1)
Requirement already satisfied: threadpoolctl>=2.0.0 in /net/cephfs/data/zifjia/condaenvs/audio_clf/lib/python3.8/site-packages (from scikit-learn) (3.1.0)
Requirement already satisfied: tensorboard in /net/cephfs/data/zifjia/condaenvs/audio_clf/lib/python3.8/site-packages (2.10.1)
Requirement already satisfied: wheel>=0.26 in /net/cephfs/data/zifjia/condaenvs/audio_clf/lib/python3.8/site-packages (from tensorboard) (0.37.1)
Requirement already satisfied: protobuf<3.20,>=3.9.2 in /net/cephfs/home/zifjia/.local/lib/python3.8/site-packages (from tensorboard) (3.19.4)
Requirement already satisfied: absl-py>=0.4 in /net/cephfs/home/zifjia/.local/lib/python3.8/site-packages (from tensorboard) (1.2.0)
Requirement already satisfied: markdown>=2.6.8 in /net/cephfs/home/zifjia/.local/lib/python3.8/site-packages (from tensorboard) (3.4.1)
Requirement already satisfied: tensorboard-data-server<0.7.0,>=0.6.0 in /net/cephfs/home/zifjia/.local/lib/python3.8/site-packages (from tensorboard) (0.6.1)
Requirement already satisfied: google-auth<3,>=1.6.3 in /net/cephfs/home/zifjia/.local/lib/python3.8/site-packages (from tensorboard) (2.9.1)
Requirement already satisfied: numpy>=1.12.0 in /net/cephfs/data/zifjia/condaenvs/audio_clf/lib/python3.8/site-packages (from tensorboard) (1.22.3)
Requirement already satisfied: tensorboard-plugin-wit>=1.6.0 in /net/cephfs/home/zifjia/.local/lib/python3.8/site-packages (from tensorboard) (1.8.1)
Requirement already satisfied: werkzeug>=1.0.1 in /net/cephfs/data/zifjia/condaenvs/audio_clf/lib/python3.8/site-packages (from tensorboard) (2.1.2)
Requirement already satisfied: google-auth-oauthlib<0.5,>=0.4.1 in /net/cephfs/home/zifjia/.local/lib/python3.8/site-packages (from tensorboard) (0.4.6)
Requirement already satisfied: requests<3,>=2.21.0 in /net/cephfs/data/zifjia/condaenvs/audio_clf/lib/python3.8/site-packages (from tensorboard) (2.28.1)
Requirement already satisfied: setuptools>=41.0.0 in /net/cephfs/data/zifjia/condaenvs/audio_clf/lib/python3.8/site-packages (from tensorboard) (60.8.1)
Requirement already satisfied: grpcio>=1.24.3 in /net/cephfs/home/zifjia/.local/lib/python3.8/site-packages (from tensorboard) (1.47.0)
Requirement already satisfied: six>=1.9.0 in /net/cephfs/data/zifjia/condaenvs/audio_clf/lib/python3.8/site-packages (from google-auth<3,>=1.6.3->tensorboard) (1.16.0)
Requirement already satisfied: pyasn1-modules>=0.2.1 in /net/cephfs/home/zifjia/.local/lib/python3.8/site-packages (from google-auth<3,>=1.6.3->tensorboard) (0.2.8)
Requirement already satisfied: rsa<5,>=3.1.4 in /net/cephfs/home/zifjia/.local/lib/python3.8/site-packages (from google-auth<3,>=1.6.3->tensorboard) (4.9)
Requirement already satisfied: cachetools<6.0,>=2.0.0 in /net/cephfs/home/zifjia/.local/lib/python3.8/site-packages (from google-auth<3,>=1.6.3->tensorboard) (5.2.0)
Requirement already satisfied: requests-oauthlib>=0.7.0 in /net/cephfs/home/zifjia/.local/lib/python3.8/site-packages (from google-auth-oauthlib<0.5,>=0.4.1->tensorboard) (1.3.1)
Requirement already satisfied: importlib-metadata>=4.4 in /net/cephfs/home/zifjia/.local/lib/python3.8/site-packages (from markdown>=2.6.8->tensorboard) (4.12.0)
Requirement already satisfied: idna<4,>=2.5 in /net/cephfs/data/zifjia/condaenvs/audio_clf/lib/python3.8/site-packages (from requests<3,>=2.21.0->tensorboard) (3.4)
Requirement already satisfied: urllib3<1.27,>=1.21.1 in /net/cephfs/data/zifjia/condaenvs/audio_clf/lib/python3.8/site-packages (from requests<3,>=2.21.0->tensorboard) (1.26.12)
Requirement already satisfied: charset-normalizer<3,>=2 in /net/cephfs/data/zifjia/condaenvs/audio_clf/lib/python3.8/site-packages (from requests<3,>=2.21.0->tensorboard) (2.1.1)
Requirement already satisfied: certifi>=2017.4.17 in /net/cephfs/data/zifjia/condaenvs/audio_clf/lib/python3.8/site-packages (from requests<3,>=2.21.0->tensorboard) (2022.9.14)
Requirement already satisfied: zipp>=0.5 in /net/cephfs/data/zifjia/condaenvs/audio_clf/lib/python3.8/site-packages (from importlib-metadata>=4.4->markdown>=2.6.8->tensorboard) (3.8.0)
Requirement already satisfied: pyasn1<0.5.0,>=0.4.6 in /net/cephfs/home/zifjia/.local/lib/python3.8/site-packages (from pyasn1-modules>=0.2.1->google-auth<3,>=1.6.3->tensorboard) (0.4.8)
Requirement already satisfied: oauthlib>=3.0.0 in /net/cephfs/home/zifjia/.local/lib/python3.8/site-packages (from requests-oauthlib>=0.7.0->google-auth-oauthlib<0.5,>=0.4.1->tensorboard) (3.2.0)
Requirement already satisfied: torch in /net/cephfs/data/zifjia/condaenvs/audio_clf/lib/python3.8/site-packages (1.12.1)
Requirement already satisfied: torchvision in /net/cephfs/data/zifjia/condaenvs/audio_clf/lib/python3.8/site-packages (0.13.1)
Requirement already satisfied: torchaudio in /net/cephfs/data/zifjia/condaenvs/audio_clf/lib/python3.8/site-packages (0.12.1)
Requirement already satisfied: typing-extensions in /net/cephfs/data/zifjia/condaenvs/audio_clf/lib/python3.8/site-packages (from torch) (4.0.1)
Requirement already satisfied: pillow!=8.3.*,>=5.3.0 in /net/cephfs/data/zifjia/condaenvs/audio_clf/lib/python3.8/site-packages (from torchvision) (9.0.1)
Requirement already satisfied: requests in /net/cephfs/data/zifjia/condaenvs/audio_clf/lib/python3.8/site-packages (from torchvision) (2.28.1)
Requirement already satisfied: numpy in /net/cephfs/data/zifjia/condaenvs/audio_clf/lib/python3.8/site-packages (from torchvision) (1.22.3)
Requirement already satisfied: charset-normalizer<3,>=2 in /net/cephfs/data/zifjia/condaenvs/audio_clf/lib/python3.8/site-packages (from requests->torchvision) (2.1.1)
Requirement already satisfied: certifi>=2017.4.17 in /net/cephfs/data/zifjia/condaenvs/audio_clf/lib/python3.8/site-packages (from requests->torchvision) (2022.9.14)
Requirement already satisfied: idna<4,>=2.5 in /net/cephfs/data/zifjia/condaenvs/audio_clf/lib/python3.8/site-packages (from requests->torchvision) (3.4)
Requirement already satisfied: urllib3<1.27,>=1.21.1 in /net/cephfs/data/zifjia/condaenvs/audio_clf/lib/python3.8/site-packages (from requests->torchvision) (1.26.12)
{'name': 'longcall_wav2vec2_lstm_0', 'data_path': '/home/cluster/zifjia/data/data_greatarc_longcall/wav2vec2_split_0', 'test_only': False, 'balance_weights': True, 'model_type': 'lstm', 'n_embedding': 768, 'd_hid': 1024, 'nlayers': 2, 'batch_size': 1, 'n_epoch': 200, 'lr': 0.0001, 'dropout': 0.2, 'patience': 10, 'step_factor': 0.7, 'seed': 0}
cuda
Reading data ...
train, dev, test number of files: 50, 6, 7.
dev files:  ['134dat LC Fugit', '93dat LC Sultan', '148dat LC Fugit', '12T6lcZeke', '20T5lcNiko', '24T5lcNico']
test files:  ['21T5lcNiko', '77datA LC Fugit', '1T7lcNico', '13T4lcDayak', '91dat LC Sultan', '13T2lcNiko', '2T6lcZeke']
train_data_all: (176058, 769)
Labels in train_data_all:  {0: 105991, 1: 0, 2: 28283, 3: 3331, 4: 21523, 5: 15041, 6: 1613, 7: 139, 8: 137}
--- 45.406840085983276 seconds ---
LSTM(
  (lstm): LSTM(768, 1024, num_layers=2, dropout=0.2, bidirectional=True)
  (hidden2tag): Linear(in_features=2048, out_features=9, bias=True)
)
Number of parameters: 39897097

Train Epoch: 1 accuracy: 0.08 
 precision: [5.88967664e-01 0.00000000e+00 1.53926977e-01 1.84136458e-02
 1.42664103e-01 8.08558790e-02 7.79243521e-03 1.86088296e-03
 2.45627825e-04] 
 recall: [0.06426961 1.         0.08287664 0.16301411 0.12753798 0.10451433
 0.16553007 0.20863309 0.03649635] 
 f1: [0.11589272 0.         0.10774287 0.03308958 0.13467766 0.09117536
 0.01488419 0.00368886 0.00048797] 
 f1_avg: 0.11209783957897794


Validation Epoch: 1 accuracy: 0.12 
 precision: [0.56155143 0.21351025 0.01350107 0.17518667 0.05011933 0.0163827
 0.         0.        ] 
 recall: [0.03518597 0.128587   0.15068493 0.42390549 0.03992395 0.21459227
 1.         1.        ] 
 f1: [0.06622253 0.16050782 0.02478175 0.24791709 0.04444444 0.0304414
 0.         0.        ] 
 f1_avg: 0.11055650967819383

New best val score, save model ...
--- 56.00262784957886 seconds ---

Train Epoch: 2 accuracy: 0.09 
 precision: [0.60012972 0.         0.17842452 0.02339671 0.12531389 0.08984413
 0.01161163 0.00112856 0.        ] 
 recall: [0.03491806 1.         0.08128558 0.17622336 0.38256749 0.06169803
 0.26224427 0.08633094 0.        ] 
 f1: [0.06599618 0.         0.11168869 0.04130894 0.18878826 0.07315727
 0.02223858 0.002228   0.        ] 
 f1_avg: 0.0879898761905898


Validation Epoch: 2 accuracy: 0.11 
 precision: [0.57569721 0.         0.21364149 0.01516684 0.16939978 0.04460432
 0.01621622 0.         0.        ] 
 recall: [0.03053677 1.         0.137668   0.15410959 0.36970118 0.02946768
 0.24463519 1.         1.        ] 
 f1: [0.05799719 0.         0.16743981 0.02761583 0.23233978 0.03548941
 0.03041622 0.         0.        ] 
 f1_avg: 0.10382717914324145

--- 60.555320739746094 seconds ---

Train Epoch: 3 accuracy: 0.08 
 precision: [6.06278714e-01 0.00000000e+00 1.78910506e-01 2.29984641e-02
 1.26046502e-01 1.01163072e-01 1.17106325e-02 2.40955561e-03
 5.47345375e-04] 
 recall: [0.03735223 1.         0.08128558 0.17532273 0.28890025 0.05551493
 0.29696218 0.50359712 0.01459854] 
 f1: [0.07036909 0.         0.11178373 0.04066286 0.17551585 0.0716892
 0.02253269 0.00479616 0.00105513] 
 f1_avg: 0.08888308607907355


Validation Epoch: 3 accuracy: 0.09 
 precision: [0.59593679 0.20509915 0.01768116 0.15217849 0.04255319 0.01467331
 0.         0.        ] 
 recall: [0.02789518 0.13149292 0.20890411 0.25121612 0.02471483 0.22746781
 1.         1.        ] 
 f1: [0.05329565 0.1602479  0.03260289 0.18953991 0.03126879 0.02756827
 0.         0.        ] 
 f1_avg: 0.092363638304262

--- 65.20176815986633 seconds ---

Train Epoch: 4 accuracy: 0.07 
 precision: [0.60781566 0.         0.17828861 0.02363123 0.12769217 0.10094459
 0.01185803 0.00192777 0.00077942] 
 recall: [0.03683332 1.         0.08199272 0.23116181 0.19750964 0.04760322
 0.36143831 0.46043165 0.00729927] 
 f1: [0.06945754 0.         0.11232744 0.04287902 0.15510636 0.06469685
 0.0229627  0.00383946 0.00140845] 
 f1_avg: 0.08537462735963658


Validation Epoch: 4 accuracy: 0.07 
 precision: [0.59803922 0.2055336  0.01773836 0.17042972 0.04187605 0.01085142
 0.        ] 
 recall: [0.02578191 0.1322194  0.2739726  0.16261293 0.02376426 0.22317597
 1.        ] 
 f1: [0.04943274 0.16091954 0.03331945 0.16642959 0.03032141 0.02069652
 0.        ] 
 f1_avg: 0.08614905095891959

--- 69.79642510414124 seconds ---

Train Epoch: 5 accuracy: 0.07 
 precision: [0.61538462 0.         0.17217683 0.02385782 0.13191658 0.10642838
 0.01039723 0.00164326 0.        ] 
 recall: [0.03698427 1.         0.07972987 0.3107175  0.15430005 0.05305498
 0.38685679 0.23741007 0.        ] 
 f1: [0.0697751  0.         0.10898985 0.04431315 0.14223307 0.07081059
 0.02025021 0.00326393 0.        ] 
 f1_avg: 0.08397892442170786


Validation Epoch: 5 accuracy: 0.07 
 precision: [0.58695652 0.20756949 0.01650564 0.18386108 0.05030488 0.01289818
 0.         0.        ] 
 recall: [0.02852916 0.12749728 0.28082192 0.12508687 0.03136882 0.2832618
 1.         1.        ] 
 f1: [0.05441354 0.1579658  0.03117871 0.14888337 0.03864169 0.0246729
 0.         0.        ] 
 f1_avg: 0.0860028779999671

--- 74.4308340549469 seconds ---

Train Epoch: 6 accuracy: 0.07 
 precision: [0.61233679 0.         0.17148479 0.02375634 0.13683432 0.10781991
 0.01090571 0.00115875 0.        ] 
 recall: [0.03849383 1.         0.0801188  0.33203242 0.12893184 0.0605013
 0.42901426 0.14388489 0.        ] 
 f1: [0.07243418 0.         0.10921271 0.04434021 0.13276559 0.07750948
 0.02127071 0.00229898 0.        ] 
 f1_avg: 0.08503955826474666


Validation Epoch: 6 accuracy: 0.07 
 precision: [0.60117878 0.22992935 0.01673307 0.18985075 0.05380577 0.01624815
 0.         0.        ] 
 recall: [0.03233305 0.13003996 0.28767123 0.1104934  0.03897338 0.3776824
 1.         1.        ] 
 f1: [0.06136569 0.16612529 0.03162651 0.13968812 0.04520397 0.03115596
 0.         0.        ] 
 f1_avg: 0.09022187167704734

--- 79.08982634544373 seconds ---

Train Epoch: 7 accuracy: 0.07 
 precision: [0.61602982 0.         0.17203029 0.02378774 0.14429799 0.10392902
 0.01160817 0.0011373  0.        ] 
 recall: [0.04365465 1.         0.07711346 0.33563494 0.11699113 0.06542118
 0.44947303 0.15827338 0.        ] 
 f1: [0.0815316  0.         0.10649154 0.04442678 0.12921766 0.08029703
 0.02263185 0.00225838 0.        ] 
 f1_avg: 0.08989776401354742


Validation Epoch: 7 accuracy: 0.07 
 precision: [0.61397059 0.24582498 0.0167719  0.20560109 0.05405405 0.01855253
 0.        ] 
 recall: [0.03529163 0.13367236 0.29109589 0.10458652 0.04372624 0.43347639
 1.        ] 
 f1: [0.0667466  0.17317647 0.03171642 0.13864579 0.04834472 0.03558217
 0.        ] 
 f1_avg: 0.09452241642508546

--- 83.67772555351257 seconds ---

Train Epoch: 8 accuracy: 0.07 
 precision: [0.62432432 0.         0.17533749 0.02411005 0.14766739 0.1079694
 0.01165401 0.00102521 0.        ] 
 recall: [0.0501269  1.         0.07852774 0.33833684 0.1067695  0.07413071
 0.43769374 0.15827338 0.        ] 
 f1: [0.09280268 0.         0.10847375 0.04501248 0.12393151 0.08790602
 0.02270352 0.00203723 0.        ] 
 f1_avg: 0.0970170346229594


Validation Epoch: 8 accuracy: 0.07 
 precision: [0.58710801 0.24488404 0.01727523 0.217958   0.0522466  0.01890678
 0.         0.        ] 
 recall: [0.03560862 0.1304032  0.30136986 0.10458652 0.04752852 0.43347639
 1.         1.        ] 
 f1: [0.06714485 0.17018251 0.03267731 0.14134773 0.04977601 0.03623318
 0.         0.        ] 
 f1_avg: 0.09483676501307908

--- 88.31180238723755 seconds ---

Train Epoch: 9 accuracy: 0.07 
 precision: [0.62724404 0.17349079 0.02440584 0.15133282 0.10604181 0.01183189
 0.00115369 0.        ] 
 recall: [0.05439141 0.07895202 0.33233263 0.10049714 0.07958247 0.42901426
 0.20143885 0.        ] 
 f1: [0.10010245 0.10851922 0.04547228 0.12078401 0.09092635 0.02302867
 0.00229424 0.        ] 
 f1_avg: 0.10130410055594971


Validation Epoch: 9 accuracy: 0.07 
 precision: [0.57825371 0.24284717 0.01719758 0.21514243 0.06232558 0.0192604
 0.         0.        ] 
 recall: [0.03708791 0.12640756 0.30136986 0.09972203 0.06368821 0.42918455
 1.         1.        ] 
 f1: [0.06970509 0.16626851 0.03253836 0.1362773  0.06299953 0.03686636
 0.         0.        ] 
 f1_avg: 0.09560933745662029

--- 92.92771744728088 seconds ---

Train Epoch: 10 accuracy: 0.08 
 precision: [0.63523524 0.         0.1785571  0.02528515 0.15210308 0.10491166
 0.01114906 0.0015885  0.00228311] 
 recall: [0.05987301 1.         0.07866917 0.34073852 0.09543279 0.08250781
 0.39057657 0.30215827 0.00729927] 
 f1: [0.10943172 0.         0.10921854 0.04707688 0.11728095 0.09237067
 0.02167928 0.00316039 0.00347826] 
 f1_avg: 0.10674941127293228


Validation Epoch: 10 accuracy: 0.08 
 precision: [0.59270998 0.23973607 0.01792044 0.21842496 0.06666667 0.0190399
 0.         0.        ] 
 recall: [0.03951817 0.11877951 0.31164384 0.10215427 0.0769962  0.40343348
 1.         1.        ] 
 f1: [0.07409609 0.15885353 0.03389199 0.13920455 0.07146008 0.03636364
 0.         0.        ] 
 f1_avg: 0.09793336269735867

--- 97.5714418888092 seconds ---

Train Epoch: 11 accuracy: 0.08 
 precision: [0.63859933 0.         0.18181818 0.02638929 0.15407739 0.10139692
 0.01161069 0.00161713 0.00368324] 
 recall: [0.05953336 1.         0.07870452 0.35454818 0.09287739 0.08397048
 0.39863608 0.32374101 0.01459854] 
 f1: [0.10891328 0.         0.1098554  0.04912237 0.11589414 0.09186457
 0.02256417 0.00321819 0.00588235] 
 f1_avg: 0.10637556053641864


Validation Epoch: 11 accuracy: 0.08 
 precision: [0.61171662 0.23564504 0.01753004 0.20841819 0.07169811 0.01853077
 0.         0.        ] 
 recall: [0.04744294 0.11478387 0.30479452 0.1066713  0.09030418 0.36051502
 1.         1.        ] 
 f1: [0.08805648 0.15437225 0.03315329 0.14111698 0.07993269 0.03524969
 0.         0.        ] 
 f1_avg: 0.10595436412822463

--- 102.32049751281738 seconds ---

Train Epoch: 12 accuracy: 0.08 
 precision: [0.63798782 0.         0.18410918 0.02631637 0.15208857 0.10305283
 0.01126201 0.00128646 0.        ] 
 recall: [0.06030701 1.         0.07774989 0.35574902 0.08999675 0.08662988
 0.37941723 0.26618705 0.        ] 
 f1: [0.1101974  0.         0.10932955 0.04900744 0.11307977 0.0941304
 0.02187472 0.00256055 0.        ] 
 f1_avg: 0.10690008398653723


Validation Epoch: 12 accuracy: 0.08 
 precision: [0.5994695  0.2392638  0.01648141 0.18975904 0.07172131 0.01864802
 0.         0.        ] 
 recall: [0.04775993 0.11333091 0.29452055 0.10945101 0.09980989 0.34334764
 1.         1.        ] 
 f1: [0.08847133 0.15380823 0.03121597 0.13882768 0.08346582 0.03537475
 0.         0.        ] 
 f1_avg: 0.10589228424175158

--- 107.03838467597961 seconds ---

Train Epoch: 13 accuracy: 0.08 
 precision: [0.63662875 0.18718916 0.02574643 0.15710992 0.10198584 0.01197444
 0.00159922 0.00236686] 
 recall: [0.06178827 0.07718417 0.35725008 0.09496817 0.08809255 0.38809671
 0.33093525 0.01459854] 
 f1: [0.11264384 0.10930029 0.04803132 0.11837952 0.09453145 0.02323208
 0.00318306 0.00407332] 
 f1_avg: 0.10904797828437046


Validation Epoch: 13 accuracy: 0.08 
 precision: [0.61466667 0.22706065 0.01652736 0.19362745 0.0727729  0.01704015
 0.         0.        ] 
 recall: [0.0487109  0.10606611 0.29794521 0.10979847 0.11026616 0.31330472
 1.         1.        ] 
 f1: [0.09026826 0.14459025 0.03131749 0.14013304 0.08767952 0.03232234
 0.         0.        ] 
 f1_avg: 0.10584052885481754

--- 111.642080783844 seconds ---

Train Epoch: 14 accuracy: 0.08 
 precision: [0.64090254 0.         0.18478356 0.02666554 0.15693403 0.10352357
 0.01248666 0.00133757 0.00262812] 
 recall: [0.06297705 1.         0.07470919 0.37946563 0.09626911 0.09141679
 0.38437694 0.28776978 0.01459854] 
 f1: [0.11468481 0.         0.10640012 0.0498295  0.11933422 0.09709423
 0.02418757 0.00266276 0.00445434] 
 f1_avg: 0.11018910827166559


Validation Epoch: 14 accuracy: 0.08 
 precision: [0.61632653 0.23365231 0.01637427 0.19109462 0.08014572 0.0166627
 0.         0.        ] 
 recall: [0.0478656  0.10642935 0.28767123 0.10736623 0.12547529 0.30042918
 1.         1.        ] 
 f1: [0.08883224 0.14624407 0.03098488 0.1374861  0.09781401 0.0315742
 0.         0.        ] 
 f1_avg: 0.10546472687713201

--- 116.35048317909241 seconds ---

Train Epoch: 15 accuracy: 0.08 
 precision: [0.64416941 0.         0.18537859 0.02723811 0.15714176 0.10473047
 0.01244643 0.00164141 0.00102669] 
 recall: [0.06285439 1.         0.07279992 0.38006605 0.09543279 0.0949405
 0.37631742 0.37410072 0.00729927] 
 f1: [0.11453328 0.         0.1045443  0.05083317 0.11874892 0.09959548
 0.02409591 0.00326849 0.00180018] 
 f1_avg: 0.10995844970346723


Validation Epoch: 15 accuracy: 0.08 
 precision: [0.61985816 0.23308271 0.01699941 0.17606838 0.07551919 0.01820903
 0.         0.        ] 
 recall: [0.04617498 0.10134399 0.29452055 0.10736623 0.11406844 0.31330472
 1.         1.        ] 
 f1: [0.08594749 0.14126582 0.03214352 0.13339089 0.09087467 0.03441773
 0.         0.        ] 
 f1_avg: 0.10192035797400371

--- 121.0495057106018 seconds ---

Train Epoch: 16 accuracy: 0.08 
 precision: [0.64518727 0.18524666 0.02709844 0.15723813 0.10101226 0.01239918
 0.00155191 0.0007716 ] 
 recall: [0.06045796 0.07103207 0.37256079 0.0931097  0.09420916 0.38313701
 0.35251799 0.00729927] 
 f1: [0.11055615 0.10268861 0.05052212 0.11696043 0.09749217 0.02402099
 0.00309022 0.00139567] 
 f1_avg: 0.10686065533143992


Validation Epoch: 16 accuracy: 0.08 
 precision: [0.60328317 0.2362069  0.01719656 0.17462932 0.07697412 0.01940994
 0.         0.        ] 
 recall: [0.04659763 0.09952779 0.29452055 0.1104934  0.11026616 0.32188841
 1.         1.        ] 
 f1: [0.086513   0.140046   0.03249575 0.13534795 0.09066041 0.03661216
 0.         0.        ] 
 f1_avg: 0.10240110216205905

--- 125.79729318618774 seconds ---

Train Epoch: 17 accuracy: 0.08 
 precision: [0.64982434 0.         0.18930461 0.0271139  0.15274734 0.10409729
 0.01262686 0.00157441 0.        ] 
 recall: [0.05933523 1.         0.07209278 0.37226058 0.08744134 0.09560535
 0.39491631 0.35971223 0.        ] 
 f1: [0.10874132 0.         0.10441952 0.05054623 0.11121617 0.09967077
 0.02447129 0.00313509 0.        ] 
 f1_avg: 0.1055335734364784


Validation Epoch: 17 accuracy: 0.08 
 precision: [0.61055276 0.23463203 0.01772407 0.18111178 0.08020699 0.01805629
 0.         0.        ] 
 recall: [0.05135249 0.09843807 0.30136986 0.10528145 0.11787072 0.29184549
 1.         1.        ] 
 f1: [0.09473684 0.13868987 0.03347917 0.13315755 0.09545804 0.0340085
 0.         0.        ] 
 f1_avg: 0.1067509513977972

--- 130.4921543598175 seconds ---

Train Epoch: 18 accuracy: 0.08 
 precision: [0.64816557 0.18706947 0.02730682 0.15454023 0.10435931 0.01291908
 0.00148339 0.00126103] 
 recall: [0.05850497 0.06721352 0.37376163 0.08753427 0.09454159 0.38127712
 0.38129496 0.01459854] 
 f1: [0.10732273 0.09889452 0.05089527 0.11176366 0.09920815 0.02499136
 0.00295528 0.00232153] 
 f1_avg: 0.10383242068149243


Validation Epoch: 18 accuracy: 0.08 
 precision: [0.60714286 0.23366013 0.01757322 0.18309859 0.08238806 0.018226
 0.         0.        ] 
 recall: [0.05029586 0.10388667 0.28767123 0.09034051 0.13117871 0.32188841
 1.         1.        ] 
 f1: [0.09289617 0.14382701 0.03312303 0.12098651 0.10121012 0.03449862
 0.         0.        ] 
 f1_avg: 0.10481690600485064

--- 135.21405506134033 seconds ---

Train Epoch: 19 accuracy: 0.07 
 precision: [0.65364527 0.         0.19045231 0.02759473 0.15093091 0.1030189
 0.01377048 0.00146997 0.00127714] 
 recall: [0.05667462 1.         0.06714281 0.36205344 0.08474655 0.09460807
 0.38251705 0.42446043 0.02189781] 
 f1: [0.1043054  0.         0.09928374 0.05128096 0.10854558 0.0986345
 0.02658394 0.00292978 0.00241352] 
 f1_avg: 0.10165796580552776


Validation Epoch: 19 accuracy: 0.08 
 precision: [0.60127389 0.24283305 0.01787843 0.18624642 0.08161994 0.01951748
 0.         0.        ] 
 recall: [0.0498732  0.10461315 0.30821918 0.09034051 0.12452471 0.30901288
 1.         1.        ] 
 f1: [0.09210655 0.14623001 0.03379647 0.12166589 0.09860745 0.03671596
 0.         0.        ] 
 f1_avg: 0.1047613016702116

--- 139.88219094276428 seconds ---

Train Epoch: 20 accuracy: 0.07 
 precision: [0.64981575 0.         0.18973419 0.02804338 0.15164835 0.10136707
 0.01262547 0.00149269 0.00073828] 
 recall: [0.05324037 1.         0.06586996 0.36715701 0.08014682 0.09268001
 0.3750775  0.41007194 0.01459854] 
 f1: [0.09841727 0.         0.09779014 0.05210686 0.1048696  0.09682909
 0.02442865 0.00297456 0.00140548] 
 f1_avg: 0.09726473720544898


Validation Epoch: 20 accuracy: 0.08 
 precision: [0.59254499 0.24622642 0.01842054 0.17745035 0.08148678 0.02482388
 0.         0.        ] 
 recall: [0.0487109  0.09480567 0.32191781 0.09624739 0.10836502 0.31759657
 1.         1.        ] 
 f1: [0.09002148 0.13690008 0.03484708 0.12480288 0.09302326 0.04604854
 0.         0.        ] 
 f1_avg: 0.10237506152588807

--- 144.56487846374512 seconds ---

Train Epoch: 21 accuracy: 0.07 
 precision: [6.51358846e-01 0.00000000e+00 1.88327815e-01 2.86777978e-02
 1.50191501e-01 1.04132231e-01 1.22173122e-02 1.52192819e-03
 4.71698113e-04] 
 recall: [0.05540093 1.         0.06434961 0.3815671  0.07652279 0.09633668
 0.40793552 0.35251799 0.00729927] 
 f1: [0.10211641 0.         0.09592326 0.0533462  0.10138816 0.10008288
 0.02372411 0.00303077 0.00088613] 
 f1_avg: 0.0990608100922854


Validation Epoch: 21 accuracy: 0.08 
 precision: [0.60106952 0.23410405 0.01960784 0.17600487 0.08441558 0.02135008
 0.         0.        ] 
 recall: [0.05938292 0.08826734 0.32534247 0.10041696 0.11121673 0.29184549
 1.         1.        ] 
 f1: [0.10808732 0.12819836 0.03698657 0.12787611 0.09598031 0.03978935
 0.         0.        ] 
 f1_avg: 0.1118604951510807

New best val score, save model ...
--- 149.82552027702332 seconds ---

Train Epoch: 22 accuracy: 0.07 
 precision: [6.58141248e-01 0.00000000e+00 1.91362360e-01 2.77942566e-02
 1.55278396e-01 1.02828159e-01 1.34396757e-02 1.47881596e-03
 4.35540070e-04] 
 recall: [0.05899558 1.         0.05780858 0.37976584 0.08098313 0.08895685
 0.37817731 0.43165468 0.00729927] 
 f1: [0.10828456 0.         0.08879355 0.05179756 0.10644925 0.09539087
 0.02595689 0.00294753 0.00082203] 
 f1_avg: 0.10183772414152319


Validation Epoch: 22 accuracy: 0.08 
 precision: [0.60549451 0.23372287 0.01848964 0.20711679 0.07737744 0.01869858
 0.         0.        ] 
 recall: [0.05822063 0.10170723 0.28424658 0.07887422 0.12452471 0.32188841
 1.         1.        ] 
 f1: [0.10622711 0.14173627 0.03472077 0.11424258 0.09544627 0.03534402
 0.         0.        ] 
 f1_avg: 0.11055101431341896

--- 154.43719053268433 seconds ---

Train Epoch: 23 accuracy: 0.07 
 precision: [0.64909555 0.         0.19628971 0.02857915 0.15446215 0.10257905
 0.01505582 0.00154301 0.00093721] 
 recall: [0.05518393 1.         0.06247569 0.34944461 0.08693026 0.0936108
 0.40049597 0.50359712 0.02189781] 
 f1: [0.10171997 0.         0.09478342 0.05283704 0.11124985 0.09788994
 0.02902066 0.00307658 0.00179748] 
 f1_avg: 0.0996969098869143


Validation Epoch: 23 accuracy: 0.07 
 precision: [0.59170013 0.25548727 0.01731602 0.19965577 0.07589286 0.02019897
 0.         0.        ] 
 recall: [0.0467033  0.10570287 0.30136986 0.08061154 0.11311787 0.28755365
 1.         1.        ] 
 f1: [0.0865733  0.14953751 0.03275028 0.11485149 0.09083969 0.03774648
 0.         0.        ] 
 f1_avg: 0.1004960688231227

--- 159.10760021209717 seconds ---

Train Epoch: 24 accuracy: 0.07 
 precision: [0.65411002 0.         0.19516273 0.02905209 0.15873174 0.10517541
 0.01285699 0.00156047 0.00128742] 
 recall: [0.0494759  1.         0.06190998 0.38727109 0.07419969 0.09646965
 0.36701798 0.4676259  0.02919708] 
 f1: [0.09199354 0.         0.09400081 0.05404952 0.10112715 0.1006346
 0.02484368 0.00311057 0.00246609] 
 f1_avg: 0.09269785710096722


Validation Epoch: 24 accuracy: 0.08 
 precision: [0.60453401 0.23776908 0.01815312 0.17565698 0.08426966 0.02636397
 0.         0.        ] 
 recall: [0.05071851 0.08826734 0.31506849 0.08825573 0.11406844 0.30901288
 1.         1.        ] 
 f1: [0.09358549 0.12874172 0.03432836 0.11748381 0.09693053 0.048583
 0.         0.        ] 
 f1_avg: 0.10206046822253502

--- 163.85829544067383 seconds ---

Train Epoch: 25 accuracy: 0.07 
 precision: [0.65745096 0.         0.19610813 0.02912409 0.15855573 0.10837475
 0.01293672 0.00161684 0.00067204] 
 recall: [0.05407063 1.         0.05950571 0.39957971 0.07038982 0.0971345
 0.39553627 0.43884892 0.01459854] 
 f1: [0.09992328 0.         0.09130612 0.05429108 0.09749662 0.10244723
 0.025054   0.0032218  0.00128493] 
 f1_avg: 0.09675554533486493


Validation Epoch: 25 accuracy: 0.08 
 precision: [0.60292581 0.         0.2363996  0.01800643 0.16577181 0.08090186
 0.0201278  0.         0.        ] 
 recall: [0.06096788 1.         0.08681438 0.28767123 0.08582349 0.11596958
 0.27038627 1.         1.        ] 
 f1: [0.11073793 0.         0.12699256 0.03389147 0.11309524 0.0953125
 0.03746655 0.         0.        ] 
 f1_avg: 0.11048567525981655

--- 168.5179340839386 seconds ---

Train Epoch: 26 accuracy: 0.07 
 precision: [6.58019582e-01 0.00000000e+00 1.96995603e-01 2.90617339e-02
 1.55483129e-01 1.04996887e-01 1.35261083e-02 1.43244030e-03
 3.04785126e-04] 
 recall: [0.06150522 1.         0.05703073 0.39147403 0.07536124 0.08968819
 0.35089895 0.46043165 0.00729927] 
 f1: [0.11249547 0.         0.08845384 0.05410676 0.10151776 0.09674065
 0.02604814 0.002856   0.00058514] 
 f1_avg: 0.1038749310392105


Validation Epoch: 26 accuracy: 0.08 
 precision: [0.58531073 0.22862286 0.01735882 0.185      0.07425441 0.01743679
 0.         0.        ] 
 recall: [0.05473373 0.09226299 0.27054795 0.0771369  0.11596958 0.25751073
 1.         1.        ] 
 f1: [0.10010629 0.13146998 0.03262441 0.1088769  0.09053803 0.03266195
 0.         0.        ] 
 f1_avg: 0.10407108189052519

--- 173.18688559532166 seconds ---

Train Epoch: 27 accuracy: 0.07 
 precision: [0.65721592 0.         0.19763078 0.02954562 0.15761079 0.10699374
 0.01520294 0.00163437 0.00140713] 
 recall: [0.05576889 1.         0.05957642 0.36835785 0.07601171 0.09540589
 0.39429634 0.55395683 0.04379562] 
 f1: [0.10281341 0.         0.0915537  0.05470352 0.10256089 0.1008681
 0.02927705 0.00325912 0.00272665] 
 f1_avg: 0.09906708191941632


Validation Epoch: 27 accuracy: 0.07 
 precision: [0.58355091 0.24630996 0.01666667 0.18984375 0.07485227 0.02378339
 0.         0.        ] 
 recall: [0.04723161 0.09698511 0.28082192 0.08443363 0.10836502 0.27896996
 1.         1.        ] 
 f1: [0.08739003 0.13917123 0.03146585 0.11688312 0.08854369 0.04383007
 0.         0.        ] 
 f1_avg: 0.0995162927884533

--- 177.91932225227356 seconds ---

Train Epoch: 28 accuracy: 0.07 
 precision: [0.65718028 0.         0.20184697 0.02915465 0.15905038 0.10245216
 0.01320927 0.00139076 0.00103013] 
 recall: [0.05207046 1.         0.05950571 0.38546983 0.06630117 0.0936108
 0.36701798 0.43884892 0.02919708] 
 f1: [0.09649529 0.         0.09191448 0.05420924 0.09358911 0.09783213
 0.02550075 0.00277273 0.00199005] 
 f1_avg: 0.09392031547380833


Validation Epoch: 28 accuracy: 0.07 
 precision: [0.6014068  0.23767258 0.01712887 0.16996951 0.07643759 0.02774566
 0.         0.        ] 
 recall: [0.05420541 0.08754086 0.28767123 0.07748436 0.10361217 0.30901288
 1.         1.        ] 
 f1: [0.09944751 0.12795328 0.03233256 0.10644391 0.08797417 0.05091938
 0.         0.        ] 
 f1_avg: 0.10278469195738837

--- 182.5481674671173 seconds ---

Train Epoch: 29 accuracy: 0.07 
 precision: [0.6569335  0.         0.19912555 0.02894598 0.16116549 0.10705469
 0.01353356 0.00147355 0.00071633] 
 recall: [0.05582549 1.         0.05635894 0.39507655 0.06579009 0.09513995
 0.37321761 0.45323741 0.02189781] 
 f1: [0.10290614 0.         0.08785273 0.05393995 0.09343759 0.10074627
 0.02611997 0.00293754 0.00138728] 
 f1_avg: 0.09735796778988084


Validation Epoch: 29 accuracy: 0.08 
 precision: [0.59482759 0.         0.23099415 0.01725268 0.1693787  0.07431984
 0.02135593 0.         0.        ] 
 recall: [0.05832629 1.         0.0860879  0.27054795 0.07956915 0.10646388
 0.27038627 1.         1.        ] 
 f1: [0.10623557 0.         0.12543001 0.03243687 0.10827423 0.08753419
 0.0395853  0.         0.        ] 
 f1_avg: 0.10635294848944758

--- 187.17416739463806 seconds ---

Train Epoch: 30 accuracy: 0.07 
 precision: [0.65167185 0.         0.20280462 0.02941378 0.15899758 0.10471322
 0.01393973 0.0012886  0.00192719] 
 recall: [0.06123161 1.         0.06084927 0.38577004 0.07015751 0.09261352
 0.34469932 0.43165468 0.06569343] 
 f1: [0.1119448  0.         0.09361147 0.05465992 0.09735654 0.09829241
 0.02679583 0.00256954 0.00374454] 
 f1_avg: 0.10401538027252627


Validation Epoch: 30 accuracy: 0.07 
 precision: [0.57894737 0.22977941 0.01635249 0.16205837 0.07260726 0.02157115
 0.         0.        ] 
 recall: [0.05346577 0.09081003 0.24657534 0.0733148  0.10456274 0.28755365
 1.         1.        ] 
 f1: [0.09789127 0.13017443 0.03067093 0.10095694 0.08570316 0.04013178
 0.         0.        ] 
 f1_avg: 0.1009976992963731

--- 191.79948568344116 seconds ---

Train Epoch: 31 accuracy: 0.07 
 precision: [0.65309464 0.         0.19531527 0.0306404  0.1553119  0.10569476
 0.01521024 0.00151429 0.00084947] 
 recall: [0.05644819 1.         0.05837429 0.38336836 0.06778795 0.09254704
 0.38437694 0.51798561 0.03649635] 
 f1: [0.10391483 0.         0.08988458 0.05674547 0.09438173 0.09868491
 0.02926254 0.00301975 0.0016603 ] 
 f1_avg: 0.09831309278039559


Validation Epoch: 31 accuracy: 0.07 
 precision: [0.57124519 0.         0.25235405 0.0158663  0.18035303 0.07820069
 0.02660407 0.         0.        ] 
 recall: [0.04702029 1.         0.09734835 0.25684932 0.08165393 0.10741445
 0.29184549 1.         1.        ] 
 f1: [0.08688861 0.         0.14049803 0.02988643 0.1124133  0.09050861
 0.048763   0.         0.        ] 
 f1_avg: 0.09884441038554956

--- 196.54885482788086 seconds ---

Train Epoch: 32 accuracy: 0.07 
 precision: [0.66278799 0.         0.19915987 0.0306335  0.16352569 0.10898248
 0.01333675 0.00147624 0.00104822] 
 recall: [0.05374041 1.         0.05699537 0.39297508 0.06490731 0.09720098
 0.35461872 0.48920863 0.04379562] 
 f1: [0.09941964 0.         0.08862743 0.05683644 0.09292889 0.10275513
 0.02570671 0.0029436  0.00204743] 
 f1_avg: 0.09554443609559911


Validation Epoch: 32 accuracy: 0.07 
 precision: [0.57524272 0.23863636 0.01655144 0.16953125 0.07142857 0.02862986
 0.         0.        ] 
 recall: [0.05008453 0.08390846 0.27054795 0.07539958 0.09505703 0.30042918
 1.         1.        ] 
 f1: [0.09214619 0.12416017 0.03119447 0.1043771  0.08156607 0.05227782
 0.         0.        ] 
 f1_avg: 0.09725160876408666

--- 201.18598437309265 seconds ---

Train Epoch: 33 accuracy: 0.07 
 precision: [6.60948427e-01 0.00000000e+00 2.00673065e-01 2.92991920e-02
 1.64319795e-01 1.06110777e-01 1.45612343e-02 1.38118470e-03
 5.04456028e-04] 
 recall: [0.05707088 1.         0.05692465 0.39297508 0.06560424 0.09374377
 0.37445753 0.44604317 0.02189781] 
 f1: [0.10506935 0.         0.08869057 0.05453258 0.09377075 0.09954464
 0.0280324  0.00275384 0.00098619] 
 f1_avg: 0.09876121390393205


Validation Epoch: 33 accuracy: 0.08 
 precision: [0.58536585 0.         0.24055666 0.01793829 0.16261808 0.07613564
 0.02310469 0.         0.        ] 
 recall: [0.05579036 1.         0.0879041  0.25684932 0.08373871 0.11311787
 0.27467811 1.         1.        ] 
 f1: [0.1018715  0.         0.12875765 0.03353454 0.11055046 0.09101338
 0.04262404 0.         0.        ] 
 f1_avg: 0.10509929812687029

--- 205.92531657218933 seconds ---

Train Epoch: 34 accuracy: 0.07 
 precision: [0.65089358 0.         0.1975631  0.02997874 0.15829544 0.10617303
 0.0148818  0.00138434 0.00092951] 
 recall: [0.06047683 1.         0.05618216 0.38516962 0.0695535  0.0922811
 0.35709857 0.47482014 0.04379562] 
 f1: [0.11067084 0.         0.08748555 0.05562782 0.096643   0.09874084
 0.02857285 0.00276064 0.00182039] 
 f1_avg: 0.10224865001887583


Validation Epoch: 34 accuracy: 0.07 
 precision: [0.56091371 0.24596774 0.01696558 0.15345912 0.07404844 0.02679939
 0.         0.        ] 
 recall: [0.0467033  0.08863058 0.23972603 0.0847811  0.10171103 0.30042918
 1.         1.        ] 
 f1: [0.08622708 0.13030708 0.03168855 0.10922113 0.08570284 0.04920914
 0.         0.        ] 
 f1_avg: 0.0959695912950309

--- 210.5864052772522 seconds ---

Train Epoch: 35 accuracy: 0.07 
 precision: [0.65896273 0.         0.19894453 0.02968695 0.16031799 0.10684932
 0.01459909 0.0014476  0.00073228] 
 recall: [0.05622175 1.         0.05731358 0.38006605 0.06746271 0.09334486
 0.35771854 0.49640288 0.03649635] 
 f1: [0.10360415 0.         0.08899015 0.05507221 0.09496403 0.0996416
 0.02805329 0.00288679 0.00143575] 
 f1_avg: 0.09809227374789876


Validation Epoch: 35 accuracy: 0.07 
 precision: [0.56821192 0.25517241 0.01724138 0.15181518 0.07361111 0.02915452
 0.         0.        ] 
 recall: [0.04532967 0.09407919 0.23630137 0.09589993 0.10076046 0.30042918
 1.         1.        ] 
 f1: [0.08396125 0.13747346 0.03213787 0.11754685 0.08507223 0.0531511
 0.         0.        ] 
 f1_avg: 0.09732713382121311

--- 215.19719743728638 seconds ---

Train Epoch: 36 accuracy: 0.07 
 precision: [6.59271709e-01 0.00000000e+00 2.01409496e-01 3.02475654e-02
 1.62721214e-01 1.10299103e-01 1.41415164e-02 1.32802125e-03
 4.00962310e-04] 
 recall: [0.05551415 1.         0.05759644 0.38697088 0.06579009 0.09733395
 0.34655921 0.45323741 0.02189781] 
 f1: [0.10240524 0.         0.08957686 0.05610935 0.09369727 0.10341174
 0.02717418 0.00264828 0.0007875 ] 
 f1_avg: 0.09764285710193571


Validation Epoch: 36 accuracy: 0.07 
 precision: [0.57177616 0.         0.23789907 0.01682882 0.14692737 0.06850282
 0.03016895 0.         0.        ] 
 recall: [0.04966188 1.         0.08390846 0.21917808 0.0913829  0.09220532
 0.32188841 1.         1.        ] 
 f1: [0.09138635 0.         0.12406015 0.03125763 0.11268209 0.07860616
 0.05516734 0.         0.        ] 
 f1_avg: 0.09809212867338866

--- 219.77255606651306 seconds ---

Train Epoch: 37 accuracy: 0.07 
 precision: [0.65380947 0.         0.20187622 0.03035493 0.16124823 0.11140236
 0.01485097 0.00139042 0.00080021] 
 recall: [0.05821249 1.         0.05858643 0.38306815 0.06890303 0.09607074
 0.35461872 0.48201439 0.04379562] 
 f1: [0.10690647 0.         0.09081691 0.05625234 0.09654948 0.10317007
 0.02850806 0.00277283 0.00157171] 
 f1_avg: 0.10089558373468627


Validation Epoch: 37 accuracy: 0.07 
 precision: [0.5752551  0.         0.25501433 0.01659529 0.15069223 0.07508772
 0.03127572 0.         0.        ] 
 recall: [0.04765427 1.         0.09698511 0.21232877 0.09833218 0.10171103
 0.32618026 1.         1.        ] 
 f1: [0.08801717 0.         0.14052632 0.03078451 0.11900757 0.08639483
 0.05707848 0.         0.        ] 
 f1_avg: 0.10050041952439683

--- 224.39718461036682 seconds ---

Train Epoch: 38 accuracy: 0.07 
 precision: [0.65717701 0.         0.20145191 0.02976621 0.16046486 0.10975886
 0.01531176 0.00133336 0.00085837] 
 recall: [0.05706145 1.         0.05886929 0.37075953 0.06671932 0.09653613
 0.36081835 0.4676259  0.05109489] 
 f1: [0.10500547 0.         0.09111306 0.0551081  0.09425046 0.10272374
 0.02937688 0.00265914 0.00168837] 
 f1_avg: 0.09946583794582123


Validation Epoch: 38 accuracy: 0.07 
 precision: [0.56       0.         0.23480084 0.01673866 0.14454594 0.0673913
 0.03530844 0.         0.        ] 
 recall: [0.04585799 1.         0.08136578 0.21232877 0.09346769 0.08840304
 0.37339056 1.         1.        ] 
 f1: [0.0847739  0.         0.12085244 0.03103103 0.11352606 0.07648026
 0.06451613 0.         0.        ] 
 f1_avg: 0.09394707013321421

--- 228.98457646369934 seconds ---

Train Epoch: 39 accuracy: 0.07 
 precision: [0.66029864 0.         0.20692222 0.030108   0.16058639 0.11031728
 0.01522538 0.0013332  0.00079609] 
 recall: [0.05674067 1.         0.05897536 0.37075953 0.06667286 0.09547238
 0.36205828 0.4676259  0.05109489] 
 f1: [0.10450134 0.         0.09178957 0.05569335 0.09422502 0.1023594
 0.02922192 0.00265881 0.00156775] 
 f1_avg: 0.09924634398534923


Validation Epoch: 39 accuracy: 0.07 
 precision: [0.56140351 0.25984252 0.01735537 0.15115115 0.06855124 0.03506494
 0.         0.        ] 
 recall: [0.04395604 0.09589539 0.21575342 0.10493398 0.09220532 0.34763948
 1.         1.        ] 
 f1: [0.08152866 0.14009021 0.03212647 0.12387203 0.07863802 0.06370429
 0.         0.        ] 
 f1_avg: 0.09721152384632868

--- 233.653550863266 seconds ---

Train Epoch: 40 accuracy: 0.07 
 precision: [0.66263089 0.         0.20638061 0.03015961 0.16465189 0.10783036
 0.01503378 0.00135551 0.00097077] 
 recall: [0.05731619 1.         0.05901071 0.37496247 0.06834549 0.09347783
 0.34903906 0.47482014 0.06569343] 
 f1: [0.1055063  0.         0.09177894 0.05582871 0.0965952  0.10014245
 0.02882597 0.00270331 0.00191327] 
 f1_avg: 0.09994923636381667


Validation Epoch: 40 accuracy: 0.07 
 precision: [0.55929919 0.24004306 0.01680433 0.1465832  0.06199854 0.03891366
 0.         0.        ] 
 recall: [0.04385038 0.08100254 0.20205479 0.09763725 0.08079848 0.41201717
 1.         1.        ] 
 f1: [0.08132471 0.12112982 0.03102814 0.11720542 0.07016096 0.07111111
 0.         0.        ] 
 f1_avg: 0.09236342959490107

--- 238.31225872039795 seconds ---

Train Epoch: 41 accuracy: 0.07 
 precision: [0.65892972 0.         0.20197044 0.02991939 0.15920232 0.11036174
 0.01562541 0.0013702  0.00104581] 
 recall: [0.05785397 1.         0.05798536 0.36325428 0.06639409 0.09573832
 0.36515809 0.48201439 0.0729927 ] 
 f1: [0.10636877 0.         0.09010246 0.05528522 0.09370799 0.10253124
 0.02996845 0.00273263 0.00206207] 
 f1_avg: 0.10005058680155342


Validation Epoch: 41 accuracy: 0.07 
 precision: [0.56486486 0.25851703 0.01851852 0.14849075 0.06996466 0.03716075
 0.         0.        ] 
 recall: [0.04416737 0.09371595 0.21575342 0.10597637 0.09410646 0.38197425
 1.         1.        ] 
 f1: [0.08192866 0.13756332 0.03410937 0.12368208 0.08025942 0.06773212
 0.         0.        ] 
 f1_avg: 0.09718186498497436

--- 242.95042061805725 seconds ---

Train Epoch: 42 accuracy: 0.07 
 precision: [0.65669441 0.         0.20339196 0.03096948 0.16343867 0.11150806
 0.0157249  0.00133557 0.00096815] 
 recall: [0.05881631 1.         0.05724287 0.372861   0.06704456 0.09753341
 0.3583385  0.47482014 0.0729927 ] 
 f1: [0.10796301 0.         0.08934139 0.0571889  0.09508434 0.10405362
 0.0301277  0.00266365 0.00191095] 
 f1_avg: 0.10122371514202737


Validation Epoch: 42 accuracy: 0.07 
 precision: [0.55934516 0.         0.23880597 0.0168092  0.14974359 0.06081081
 0.03765182 0.         0.        ] 
 recall: [0.04332206 1.         0.08136578 0.19520548 0.10145935 0.0769962
 0.39914163 1.         1.        ] 
 f1: [0.08041581 0.         0.12137632 0.03095303 0.12096106 0.06795302
 0.06881243 0.         0.        ] 
 f1_avg: 0.09236374238331505

--- 247.6254060268402 seconds ---

Train Epoch: 43 accuracy: 0.07 
 precision: [0.659987   0.         0.20109248 0.03024092 0.1607222  0.11184914
 0.01571421 0.00143707 0.00086447] 
 recall: [0.05748601 1.         0.05597002 0.35875113 0.06741625 0.09740044
 0.36515809 0.51079137 0.06569343] 
 f1: [0.10576013 0.         0.08756742 0.05577987 0.09498871 0.10412595
 0.03013173 0.00286608 0.00170648] 
 f1_avg: 0.09958041908116262


Validation Epoch: 43 accuracy: 0.07 
 precision: [0.57336957 0.26602871 0.01809955 0.14740846 0.06752874 0.03731343
 0.         0.        ] 
 recall: [0.04459003 0.10098075 0.20547945 0.10771369 0.08935361 0.36480687
 1.         1.        ] 
 f1: [0.0827451  0.14639284 0.03326864 0.124473   0.07692308 0.06770211
 0.         0.        ] 
 f1_avg: 0.09901418492840001

--- 252.2879617214203 seconds ---

Train Epoch: 44 accuracy: 0.07 
 precision: [0.65145272 0.         0.207934   0.03058806 0.16438356 0.11239039
 0.01454425 0.0014353  0.00100347] 
 recall: [0.05817475 1.         0.06060177 0.36415491 0.06746271 0.0979988
 0.32734036 0.51079137 0.08029197] 
 f1: [0.10681125 0.         0.09385096 0.05643567 0.09566478 0.10470237
 0.02785104 0.00286256 0.00198216] 
 f1_avg: 0.1013462600413666


Validation Epoch: 44 accuracy: 0.07 
 precision: [0.56010929 0.         0.24232456 0.01925587 0.15933806 0.06070288
 0.03878648 0.         0.        ] 
 recall: [0.04332206 1.         0.08027606 0.20205479 0.11709521 0.07224335
 0.43347639 1.         1.        ] 
 f1: [0.0804237  0.         0.12060027 0.03516091 0.13498898 0.06597222
 0.07120197 0.         0.        ] 
 f1_avg: 0.09464374555103847

--- 256.91353464126587 seconds ---

Train Epoch: 45 accuracy: 0.07 
 precision: [0.6578807  0.         0.20749782 0.03098277 0.15915606 0.11416442
 0.016024   0.00136615 0.00102069] 
 recall: [0.05816532 1.         0.05890464 0.36655659 0.06448915 0.09833123
 0.36763794 0.48920863 0.08029197] 
 f1: [0.10688095 0.         0.0917603  0.05713617 0.0917868  0.10565795
 0.03070948 0.00272469 0.00201576] 
 f1_avg: 0.10069927867529606


Validation Epoch: 45 accuracy: 0.08 
 precision: [0.55555556 0.26848249 0.01776086 0.16059322 0.06578947 0.03851508
 0.         0.        ] 
 recall: [0.04015216 0.10025427 0.19178082 0.13168867 0.08079848 0.35622318
 1.         1.        ] 
 f1: [0.0748916  0.14599312 0.03251089 0.14471172 0.0725256  0.06951424
 0.         0.        ] 
 f1_avg: 0.09771835844477898

--- 261.51386523246765 seconds ---

Train Epoch: 46 accuracy: 0.07 
 precision: [0.65784344 0.         0.20655933 0.03054964 0.16296641 0.11189135
 0.01494038 0.00131191 0.00072346] 
 recall: [0.0604957  1.         0.0612382  0.36625638 0.06513962 0.09640316
 0.3316801  0.4676259  0.05839416] 
 f1: [0.11080198 0.         0.09446929 0.05639532 0.09307575 0.10357143
 0.02859281 0.00261648 0.00142921] 
 f1_avg: 0.10344038754295032


Validation Epoch: 46 accuracy: 0.07 
 precision: [0.56980057 0.         0.24361949 0.01739671 0.16320755 0.05630252
 0.04044684 0.         0.        ] 
 recall: [0.04226543 1.         0.07628042 0.19178082 0.12022238 0.06368821
 0.45064378 1.         1.        ] 
 f1: [0.07869368 0.         0.11618257 0.03189974 0.13845538 0.05976806
 0.07423118 0.         0.        ] 
 f1_avg: 0.0931243305225179

--- 266.17909479141235 seconds ---

Train Epoch: 47 accuracy: 0.07 
 precision: [0.65894143 0.         0.21016992 0.03056465 0.15657329 0.11222999
 0.01648929 0.00124055 0.00080848] 
 recall: [0.05955223 1.         0.05816215 0.35604923 0.06258421 0.09706801
 0.37941723 0.44604317 0.06569343] 
 f1: [0.1092325  0.         0.0911105  0.05629658 0.08942442 0.10409982
 0.03160504 0.00247421 0.0015973 ] 
 f1_avg: 0.10158046079041697


Validation Epoch: 47 accuracy: 0.08 
 precision: [0.55653451 0.         0.271556   0.01745092 0.16285833 0.06431373
 0.03829584 0.         0.        ] 
 recall: [0.04004649 1.         0.09952779 0.19178082 0.1362057  0.07794677
 0.34334764 1.         1.        ] 
 f1: [0.07471661 0.         0.1456672  0.03199086 0.14834437 0.07047701
 0.06890612 0.         0.        ] 
 f1_avg: 0.09804541475803007

--- 270.8756330013275 seconds ---

Train Epoch: 48 accuracy: 0.07 
 precision: [0.66046748 0.         0.20579086 0.03106161 0.16932474 0.11411684
 0.01545915 0.00132987 0.00088324] 
 recall: [0.06131653 1.         0.06081392 0.36505554 0.0695535  0.10012632
 0.34221947 0.47482014 0.0729927 ] 
 f1: [0.11221521 0.         0.0938839  0.05725182 0.09860361 0.10666478
 0.02958199 0.00265231 0.00174535] 
 f1_avg: 0.10516273303385734


Validation Epoch: 48 accuracy: 0.07 
 precision: [0.57549858 0.         0.24534884 0.01746725 0.16052263 0.05775578
 0.04023438 0.         0.        ] 
 recall: [0.04268808 1.         0.07664366 0.19178082 0.11952745 0.06653992
 0.44206009 1.         1.        ] 
 f1: [0.07948062 0.         0.11680044 0.0320183  0.1370245  0.06183746
 0.07375582 0.         0.        ] 
 f1_avg: 0.09355207395984352

--- 275.4978313446045 seconds ---

Train Epoch: 49 accuracy: 0.07 
 precision: [0.65940676 0.         0.20692259 0.03134772 0.16061994 0.11554028
 0.01703439 0.00139796 0.00076681] 
 recall: [0.05998623 1.         0.05812679 0.35815071 0.06355991 0.10059172
 0.39057657 0.50359712 0.06569343] 
 f1: [0.10996861 0.         0.09075853 0.05764956 0.09107856 0.10754905
 0.03264502 0.00278818 0.00151592] 
 f1_avg: 0.10249927653608519


Validation Epoch: 49 accuracy: 0.08 
 precision: [0.55428571 0.27272727 0.01737208 0.16734528 0.06454121 0.03840473
 0.         0.        ] 
 recall: [0.04099746 0.09916455 0.18835616 0.14280751 0.07889734 0.33476395
 1.         1.        ] 
 f1: [0.07634789 0.14544486 0.03181029 0.15410574 0.07100086 0.06890459
 0.         0.        ] 
 f1_avg: 0.09995913849433205

--- 280.0864505767822 seconds ---

Train Epoch: 50 accuracy: 0.07 
 precision: [0.66017964 0.         0.20690063 0.03143957 0.16287372 0.11078961
 0.01513608 0.00139916 0.00106776] 
 recall: [0.06241096 1.         0.06190998 0.3578505  0.06783441 0.09673559
 0.3316801  0.50359712 0.09489051] 
 f1: [0.11404091 0.         0.09530289 0.05780095 0.09577853 0.10328672
 0.028951   0.00279057 0.00211176] 
 f1_avg: 0.10586084492266706


Validation Epoch: 50 accuracy: 0.07 
 precision: [0.572843   0.         0.25       0.01744924 0.1657584  0.05853659
 0.0407511  0.         0.        ] 
 recall: [0.04279374 1.         0.07845986 0.18835616 0.12682418 0.06844106
 0.43776824 1.         1.        ] 
 f1: [0.07963819 0.         0.119436   0.03193961 0.14370079 0.06310254
 0.0745614  0.         0.        ] 
 f1_avg: 0.09531891868415765

--- 284.711097240448 seconds ---

Train Epoch: 51 accuracy: 0.07 
 precision: [0.66595766 0.         0.21075    0.03096403 0.16076985 0.11674194
 0.01740076 0.00144312 0.00073958] 
 recall: [0.06203357 1.         0.05961178 0.34944461 0.06481438 0.10138954
 0.39677619 0.51798561 0.06569343] 
 f1: [0.11349513 0.         0.09293609 0.05688732 0.09238411 0.10852548
 0.03333941 0.00287822 0.0014627 ] 
 f1_avg: 0.1052071322729047


Validation Epoch: 51 accuracy: 0.08 
 precision: [0.55857143 0.         0.27665996 0.01804124 0.16324856 0.06539924
 0.03849903 0.         0.        ] 
 recall: [0.04131445 1.         0.09989103 0.19178082 0.13829048 0.08174905
 0.33905579 1.         1.        ] 
 f1: [0.07693821 0.         0.14678409 0.03297998 0.14973664 0.07266582
 0.06914661 0.         0.        ] 
 f1_avg: 0.09989009598813846

--- 289.31647086143494 seconds ---

Train Epoch: 52 accuracy: 0.07 
 precision: [0.6659996  0.         0.20709708 0.03158033 0.16133721 0.11223724
 0.01566334 0.00140281 0.00096154] 
 recall: [0.06279778 1.         0.06169784 0.35965176 0.06704456 0.09939499
 0.34035958 0.50359712 0.08759124] 
 f1: [0.11477346 0.         0.09507205 0.05806233 0.09472544 0.10542647
 0.02994845 0.00279782 0.0019022 ] 
 f1_avg: 0.10633276528968713


Validation Epoch: 52 accuracy: 0.07 
 precision: [0.57080925 0.         0.24971098 0.0177305  0.16399287 0.05877681
 0.04137649 0.         0.        ] 
 recall: [0.04173711 1.         0.07845986 0.18835616 0.12786657 0.07034221
 0.43347639 1.         1.        ] 
 f1: [0.07778653 0.         0.11940299 0.03241014 0.14369387 0.06404154
 0.07554226 0.         0.        ] 
 f1_avg: 0.09434236457257635

--- 293.9205560684204 seconds ---

Train Epoch: 53 accuracy: 0.07 
 precision: [0.66138154 0.         0.20472043 0.03074564 0.16065574 0.11660398
 0.01650801 0.00136027 0.000779  ] 
 recall: [0.06178827 1.         0.05734894 0.3431402  0.06602239 0.10099063
 0.37197768 0.48920863 0.0729927 ] 
 f1: [0.11301804 0.         0.08959841 0.05643469 0.09358535 0.10823714
 0.03161306 0.002713   0.00154154] 
 f1_avg: 0.10448149820247854


Validation Epoch: 53 accuracy: 0.08 
 precision: [0.56066946 0.27464789 0.01788672 0.16693291 0.06344411 0.03948026
 0.         0.        ] 
 recall: [0.04247675 0.09916455 0.18493151 0.14523975 0.07984791 0.33905579
 1.         1.        ] 
 f1: [0.07897063 0.14571657 0.03261854 0.15533259 0.07070707 0.07072516
 0.         0.        ] 
 f1_avg: 0.10172567133551019

Early stopping!

Test Epoch: accuracy: 0.06 
 precision: [0.62042553 0.20473773 0.01283186 0.10268199 0.11775201 0.0054029
 0.         0.        ] 
 recall: [0.05054427 0.0311214  0.31751825 0.05332272 0.14050027 0.30973451
 1.         1.        ] 
 f1: [0.09347352 0.05402992 0.02466686 0.07019382 0.12812424 0.01062054
 0.         0.        ] 
 f1_avg: 0.08589598469802015

--- 299.33256554603577 seconds ---

Test Epoch: accuracy: 0.08 
 precision: [0.60106952 0.23410405 0.01960784 0.17600487 0.08441558 0.02135008
 0.         0.        ] 
 recall: [0.05938292 0.08826734 0.32534247 0.10041696 0.11121673 0.29184549
 1.         1.        ] 
 f1: [0.10808732 0.12819836 0.03698657 0.12787611 0.09598031 0.03978935
 0.         0.        ] 
 f1_avg: 0.1118604951510807

--- 299.4748396873474 seconds ---
