Requirement already satisfied: scikit-learn in /net/cephfs/data/zifjia/condaenvs/audio_clf/lib/python3.8/site-packages (1.1.2)
Requirement already satisfied: threadpoolctl>=2.0.0 in /net/cephfs/data/zifjia/condaenvs/audio_clf/lib/python3.8/site-packages (from scikit-learn) (3.1.0)
Requirement already satisfied: joblib>=1.0.0 in /net/cephfs/data/zifjia/condaenvs/audio_clf/lib/python3.8/site-packages (from scikit-learn) (1.1.0)
Requirement already satisfied: numpy>=1.17.3 in /net/cephfs/data/zifjia/condaenvs/audio_clf/lib/python3.8/site-packages (from scikit-learn) (1.22.3)
Requirement already satisfied: scipy>=1.3.2 in /net/cephfs/data/zifjia/condaenvs/audio_clf/lib/python3.8/site-packages (from scikit-learn) (1.9.1)
Requirement already satisfied: tensorboard in /net/cephfs/data/zifjia/condaenvs/audio_clf/lib/python3.8/site-packages (2.10.1)
Requirement already satisfied: markdown>=2.6.8 in /net/cephfs/home/zifjia/.local/lib/python3.8/site-packages (from tensorboard) (3.4.1)
Requirement already satisfied: requests<3,>=2.21.0 in /net/cephfs/data/zifjia/condaenvs/audio_clf/lib/python3.8/site-packages (from tensorboard) (2.28.1)
Requirement already satisfied: absl-py>=0.4 in /net/cephfs/home/zifjia/.local/lib/python3.8/site-packages (from tensorboard) (1.2.0)
Requirement already satisfied: google-auth-oauthlib<0.5,>=0.4.1 in /net/cephfs/home/zifjia/.local/lib/python3.8/site-packages (from tensorboard) (0.4.6)
Requirement already satisfied: setuptools>=41.0.0 in /net/cephfs/data/zifjia/condaenvs/audio_clf/lib/python3.8/site-packages (from tensorboard) (60.8.1)
Requirement already satisfied: tensorboard-plugin-wit>=1.6.0 in /net/cephfs/home/zifjia/.local/lib/python3.8/site-packages (from tensorboard) (1.8.1)
Requirement already satisfied: werkzeug>=1.0.1 in /net/cephfs/data/zifjia/condaenvs/audio_clf/lib/python3.8/site-packages (from tensorboard) (2.1.2)
Requirement already satisfied: wheel>=0.26 in /net/cephfs/data/zifjia/condaenvs/audio_clf/lib/python3.8/site-packages (from tensorboard) (0.37.1)
Requirement already satisfied: grpcio>=1.24.3 in /net/cephfs/home/zifjia/.local/lib/python3.8/site-packages (from tensorboard) (1.47.0)
Requirement already satisfied: protobuf<3.20,>=3.9.2 in /net/cephfs/home/zifjia/.local/lib/python3.8/site-packages (from tensorboard) (3.19.4)
Requirement already satisfied: numpy>=1.12.0 in /net/cephfs/data/zifjia/condaenvs/audio_clf/lib/python3.8/site-packages (from tensorboard) (1.22.3)
Requirement already satisfied: tensorboard-data-server<0.7.0,>=0.6.0 in /net/cephfs/home/zifjia/.local/lib/python3.8/site-packages (from tensorboard) (0.6.1)
Requirement already satisfied: google-auth<3,>=1.6.3 in /net/cephfs/home/zifjia/.local/lib/python3.8/site-packages (from tensorboard) (2.9.1)
Requirement already satisfied: pyasn1-modules>=0.2.1 in /net/cephfs/home/zifjia/.local/lib/python3.8/site-packages (from google-auth<3,>=1.6.3->tensorboard) (0.2.8)
Requirement already satisfied: cachetools<6.0,>=2.0.0 in /net/cephfs/home/zifjia/.local/lib/python3.8/site-packages (from google-auth<3,>=1.6.3->tensorboard) (5.2.0)
Requirement already satisfied: six>=1.9.0 in /net/cephfs/data/zifjia/condaenvs/audio_clf/lib/python3.8/site-packages (from google-auth<3,>=1.6.3->tensorboard) (1.16.0)
Requirement already satisfied: rsa<5,>=3.1.4 in /net/cephfs/home/zifjia/.local/lib/python3.8/site-packages (from google-auth<3,>=1.6.3->tensorboard) (4.9)
Requirement already satisfied: requests-oauthlib>=0.7.0 in /net/cephfs/home/zifjia/.local/lib/python3.8/site-packages (from google-auth-oauthlib<0.5,>=0.4.1->tensorboard) (1.3.1)
Requirement already satisfied: importlib-metadata>=4.4 in /net/cephfs/home/zifjia/.local/lib/python3.8/site-packages (from markdown>=2.6.8->tensorboard) (4.12.0)
Requirement already satisfied: idna<4,>=2.5 in /net/cephfs/data/zifjia/condaenvs/audio_clf/lib/python3.8/site-packages (from requests<3,>=2.21.0->tensorboard) (3.4)
Requirement already satisfied: certifi>=2017.4.17 in /net/cephfs/data/zifjia/condaenvs/audio_clf/lib/python3.8/site-packages (from requests<3,>=2.21.0->tensorboard) (2022.9.14)
Requirement already satisfied: urllib3<1.27,>=1.21.1 in /net/cephfs/data/zifjia/condaenvs/audio_clf/lib/python3.8/site-packages (from requests<3,>=2.21.0->tensorboard) (1.26.12)
Requirement already satisfied: charset-normalizer<3,>=2 in /net/cephfs/data/zifjia/condaenvs/audio_clf/lib/python3.8/site-packages (from requests<3,>=2.21.0->tensorboard) (2.1.1)
Requirement already satisfied: zipp>=0.5 in /net/cephfs/data/zifjia/condaenvs/audio_clf/lib/python3.8/site-packages (from importlib-metadata>=4.4->markdown>=2.6.8->tensorboard) (3.8.0)
Requirement already satisfied: pyasn1<0.5.0,>=0.4.6 in /net/cephfs/home/zifjia/.local/lib/python3.8/site-packages (from pyasn1-modules>=0.2.1->google-auth<3,>=1.6.3->tensorboard) (0.4.8)
Requirement already satisfied: oauthlib>=3.0.0 in /net/cephfs/home/zifjia/.local/lib/python3.8/site-packages (from requests-oauthlib>=0.7.0->google-auth-oauthlib<0.5,>=0.4.1->tensorboard) (3.2.0)
Requirement already satisfied: torch in /net/cephfs/data/zifjia/condaenvs/audio_clf/lib/python3.8/site-packages (1.12.1)
Requirement already satisfied: torchvision in /net/cephfs/data/zifjia/condaenvs/audio_clf/lib/python3.8/site-packages (0.13.1)
Requirement already satisfied: torchaudio in /net/cephfs/data/zifjia/condaenvs/audio_clf/lib/python3.8/site-packages (0.12.1)
Requirement already satisfied: typing-extensions in /net/cephfs/data/zifjia/condaenvs/audio_clf/lib/python3.8/site-packages (from torch) (4.0.1)
Requirement already satisfied: numpy in /net/cephfs/data/zifjia/condaenvs/audio_clf/lib/python3.8/site-packages (from torchvision) (1.22.3)
Requirement already satisfied: pillow!=8.3.*,>=5.3.0 in /net/cephfs/data/zifjia/condaenvs/audio_clf/lib/python3.8/site-packages (from torchvision) (9.0.1)
Requirement already satisfied: requests in /net/cephfs/data/zifjia/condaenvs/audio_clf/lib/python3.8/site-packages (from torchvision) (2.28.1)
Requirement already satisfied: certifi>=2017.4.17 in /net/cephfs/data/zifjia/condaenvs/audio_clf/lib/python3.8/site-packages (from requests->torchvision) (2022.9.14)
Requirement already satisfied: urllib3<1.27,>=1.21.1 in /net/cephfs/data/zifjia/condaenvs/audio_clf/lib/python3.8/site-packages (from requests->torchvision) (1.26.12)
Requirement already satisfied: idna<4,>=2.5 in /net/cephfs/data/zifjia/condaenvs/audio_clf/lib/python3.8/site-packages (from requests->torchvision) (3.4)
Requirement already satisfied: charset-normalizer<3,>=2 in /net/cephfs/data/zifjia/condaenvs/audio_clf/lib/python3.8/site-packages (from requests->torchvision) (2.1.1)
{'name': 'longcall_wav2vec2_lstm_ar_3407', 'data_path': '/home/cluster/zifjia/data/data_greatarc_longcall/wav2vec2_split_3407', 'test_only': False, 'balance_weights': True, 'model_type': 'lstm', 'model_autoregressive': True, 'n_embedding': 768, 'd_hid': 1024, 'nlayers': 2, 'batch_size': 1, 'n_epoch': 200, 'lr': 0.0005, 'dropout': 0.2, 'patience': 10, 'step_factor': 0.7, 'seed': 3407}
cuda
Reading data ...
train, dev, test number of files: 50, 6, 7.
dev files:  ['134dat LC Fugit', '132dat LC Fugit', '23datA LC Fugit', '32T5lcZeke', '2T6lcZeke', '130dat LC Kay']
test files:  ['93dat LC Sultan', '12T6lcZeke', '6T10lcFugit', '131dat LC Kay', '137dat LC Fugit', '1T7lcNico', '33datA LC Fugit']
data_all: (215820, 769)
train_data_all: (167528, 769)
Labels in train_data_all:  {0: 99971, 1: 0, 2: 27948, 3: 3303, 4: 20638, 5: 13824, 6: 1568, 7: 139, 8: 137}
--- 3.5537590980529785 seconds ---
LSTM(
  (lstm): LSTM(777, 1024, num_layers=2, dropout=0.2, bidirectional=True)
  (hidden2tag): Linear(in_features=2048, out_features=9, bias=True)
)
Number of parameters: 39970825

Train Epoch: 1 accuracy: 0.43 
 precision: [0.81428742 0.         0.34710709 0.05313897 0.39651589 0.18831225
 0.         0.         0.        ] 
 recall: [0.47819868 1.         0.29816087 0.34544354 0.50843105 0.31655093
 0.         0.         0.        ] 
 f1: [0.602546   0.         0.3207776  0.09210898 0.44555317 0.23614484
 0.         0.         0.        ] 
 f1_avg: 0.4892689428971574


Validation Epoch: 1 accuracy: 0.41 
 precision: [0.94120378 1.         0.46871311 0.02788104 0.49543081 0.23960695
 0.         0.         1.        ] 
 recall: [0.45294118 1.         0.1357265  0.9561753  0.5123186  0.31715858
 0.         1.         1.        ] 
 f1: [0.61157191 1.         0.21049841 0.05418219 0.5037332  0.2729817
 0.         0.         1.        ] 
 f1_avg: 0.5028871940222825

New best val score, save model ...
--- 440.50865864753723 seconds ---

Train Epoch: 2 accuracy: 0.57 
 precision: [0.88072367 1.         0.40876577 0.12099688 0.4724318  0.30367505
 0.02634575 0.         1.        ] 
 recall: [0.66858389 1.         0.2249177  0.58795035 0.6310689  0.55649595
 0.10331633 0.         0.        ] 
 f1: [0.7601301  1.         0.29017218 0.2006924  0.54034767 0.39293102
 0.04198523 0.         0.        ] 
 f1_avg: 0.6053495067980357


Validation Epoch: 2 accuracy: 0.61 
 precision: [0.88411838 1.         0.43067847 0.04424959 0.55782793 0.37725041
 0.         1.         1.        ] 
 recall: [0.78965004 1.         0.09982906 0.86454183 0.53391833 0.23061531
 0.         1.         1.        ] 
 f1: [0.83421829 1.         0.16208715 0.08419011 0.54561131 0.28624651
 0.         1.         1.        ] 
 f1_avg: 0.6418468982847323

New best val score, save model ...
--- 873.7313032150269 seconds ---

Train Epoch: 3 accuracy: 0.61 
 precision: [0.89383155 1.         0.42858051 0.15291262 0.49267778 0.32071414
 0.04632229 0.06735751 0.07392996] 
 recall: [0.72356984 1.         0.24112638 0.72479564 0.63412152 0.57175926
 0.10522959 0.09352518 0.13868613] 
 f1: [0.79973908 1.         0.30861879 0.25254497 0.55452215 0.41092828
 0.06432749 0.07831325 0.0964467 ] 
 f1_avg: 0.6366697785582683


Validation Epoch: 3 accuracy: 0.53 
 precision: [0.90807741 1.         0.47571606 0.03388395 0.54763448 0.43965517
 0.         0.         1.        ] 
 recall: [0.64288905 1.         0.13059829 0.9561753  0.57036787 0.22961481
 0.         1.         1.        ] 
 f1: [0.75281193 1.         0.20493562 0.0654486  0.55877004 0.30167598
 0.         0.         1.        ] 
 f1_avg: 0.6001208302805842

--- 1306.5019800662994 seconds ---

Train Epoch: 4 accuracy: 0.63 
 precision: [0.90403012 1.         0.50102405 0.17170135 0.53840542 0.36576856
 0.06918374 0.11982882 0.12390671] 
 recall: [0.73261246 1.         0.30635466 0.69694217 0.64361857 0.54600694
 0.41135204 0.60431655 0.62043796] 
 f1: [0.80934437 1.         0.38022071 0.27552364 0.58632943 0.43807313
 0.11844642 0.2        0.20656136] 
 f1_avg: 0.661655612045491


Validation Epoch: 4 accuracy: 0.56 
 precision: [0.96701649 1.         0.32026144 0.05362998 0.50244565 0.39899781
 0.00224215 1.         1.        ] 
 recall: [0.62434847 1.         0.15076923 0.9123506  0.6240297  0.63731866
 0.01449275 1.         1.        ] 
 f1: [0.7587892  1.         0.20502092 0.10130502 0.5566762  0.49075501
 0.0038835  1.         1.        ] 
 f1_avg: 0.6214526711682801

--- 1739.422683954239 seconds ---

Train Epoch: 5 accuracy: 0.66 
 precision: [0.91715487 1.         0.52658523 0.18981153 0.55581597 0.42443136
 0.08196307 0.03918495 0.17647059] 
 recall: [0.76576207 1.         0.37172606 0.72873146 0.62050586 0.61552373
 0.41326531 0.17985612 0.02189781] 
 f1: [0.83464893 1.         0.43580762 0.30117618 0.58638216 0.50242088
 0.13679544 0.06435006 0.03896104] 
 f1_avg: 0.6917734557192426


Validation Epoch: 5 accuracy: 0.52 
 precision: [0.98686975 1.         0.47095761 0.0731787  0.5215311  0.2943219
 0.02792239 0.         1.        ] 
 recall: [0.55964259 1.         0.1025641  0.89243028 0.5518056  0.72086043
 0.85507246 1.         1.        ] 
 f1: [0.71424499 1.         0.16844469 0.1352657  0.53624139 0.41798405
 0.05407883 0.         1.        ] 
 f1_avg: 0.5798921933115567

--- 2172.555518388748 seconds ---

Train Epoch: 6 accuracy: 0.65 
 precision: [0.92465089 1.         0.51162199 0.20965309 0.57001454 0.41494287
 0.0968254  0.04015056 0.12824207] 
 recall: [0.72460013 1.         0.35991842 0.75749319 0.68364183 0.60944734
 0.58354592 0.69064748 0.64963504] 
 f1: [0.81249264 1.         0.42256716 0.3284111  0.62167878 0.49372949
 0.16609185 0.07588933 0.21419976] 
 f1_avg: 0.680938110418319


Validation Epoch: 6 accuracy: 0.52 
 precision: [0.98175721 1.         0.61329305 0.09953704 0.501868   0.26721601
 0.03073286 1.         1.        ] 
 recall: [0.54497394 1.         0.06940171 0.68525896 0.5440432  0.90845423
 0.94202899 1.         1.        ] 
 f1: [0.7008858  1.         0.12469287 0.17382516 0.52210526 0.41296191
 0.05952381 1.         1.        ] 
 f1_avg: 0.5637504740868551

--- 2605.1268372535706 seconds ---

Train Epoch: 7 accuracy: 0.62 
 precision: [0.92184266 1.         0.56795358 0.20426879 0.55981626 0.36913787
 0.06757449 0.07596513 0.34300792] 
 recall: [0.68157766 1.         0.36424789 0.76203451 0.67908712 0.60583044
 0.58864796 0.87769784 0.94890511] 
 f1: [0.78370887 1.         0.44384374 0.322176   0.61371051 0.45875329
 0.12123202 0.13982808 0.50387597] 
 f1_avg: 0.6631904700655553


Validation Epoch: 7 accuracy: 0.45 
 precision: [0.98167628 1.         0.33253012 0.08528881 0.41931066 0.25928667
 0.02069858 0.         1.        ] 
 recall: [0.43082651 1.         0.04717949 0.75298805 0.61997975 0.87643822
 0.46376812 1.         1.        ] 
 f1: [0.59884082 1.         0.08263473 0.15322254 0.50027233 0.40018273
 0.03962848 0.         1.        ] 
 f1_avg: 0.49025300253624066

--- 3037.853703737259 seconds ---

Train Epoch: 8 accuracy: 0.65 
 precision: [0.92651922 1.         0.57694969 0.20469383 0.55929189 0.40221939
 0.10608696 0.10587189 0.21917808] 
 recall: [0.71740805 1.         0.41770431 0.74992431 0.65519915 0.63975694
 0.7002551  0.85611511 0.23357664] 
 f1: [0.80866393 1.         0.4845793  0.32160478 0.60345866 0.49391265
 0.1842591  0.18844022 0.22614841] 
 f1_avg: 0.6869081429086176


Validation Epoch: 8 accuracy: 0.51 
 precision: [0.98517885 1.         0.48119326 0.10465785 0.53627853 0.24921419
 0.03486609 0.         1.        ] 
 recall: [0.51474311 1.         0.12683761 0.7250996  0.61862977 0.83291646
 1.         1.         1.        ] 
 f1: [0.67618722 1.         0.20075758 0.18291457 0.5745181  0.38364055
 0.06738281 0.         1.        ] 
 f1_avg: 0.5633020190287208

--- 3470.4065868854523 seconds ---

Train Epoch: 9 accuracy: 0.65 
 precision: [0.93615921 1.         0.56396459 0.20645374 0.61061947 0.40174766
 0.11558138 0.07967589 0.31693989] 
 recall: [0.6879395  1.         0.46500644 0.75930972 0.6586394  0.67513021
 0.85012755 0.84892086 0.84671533] 
 f1: [0.79308098 1.         0.50972702 0.32463918 0.63372107 0.50373769
 0.20349592 0.14567901 0.4612326 ] 
 f1_avg: 0.6867398741528031


Validation Epoch: 9 accuracy: 0.48 
 precision: [0.97450425 1.         0.47191011 0.09913043 0.43349243 0.2341993
 0.06775408 0.         1.        ] 
 recall: [0.46105733 1.         0.02871795 0.6812749  0.70502869 0.90645323
 0.7826087  1.         1.        ] 
 f1: [0.62596037 1.         0.05414115 0.17307692 0.53687998 0.37222679
 0.12471132 0.         1.        ] 
 f1_avg: 0.5061660482514234

--- 3903.518131494522 seconds ---

Train Epoch: 10 accuracy: 0.68 
 precision: [0.93615988 1.         0.62479494 0.18654367 0.60862661 0.41523137
 0.126297   0.08315098 0.50570342] 
 recall: [0.73283252 1.         0.47695721 0.77141992 0.68713054 0.61212384
 0.72193878 0.82014388 0.97080292] 
 f1: [0.82211088 1.         0.54095733 0.30043627 0.64550048 0.4948104
 0.21498433 0.15099338 0.665     ] 
 f1_avg: 0.7097891067173733


Validation Epoch: 10 accuracy: 0.57 
 precision: [0.97130297 1.         0.40851064 0.14129521 0.45373268 0.28131652
 0.07128099 0.         1.        ] 
 recall: [0.59225614 1.         0.09846154 0.66932271 0.68511644 0.85942971
 1.         1.         1.        ] 
 f1: [0.73583422 1.         0.15867769 0.23333333 0.54591905 0.42388354
 0.13307618 0.         1.        ] 
 f1_avg: 0.595232060154487

--- 4336.059001922607 seconds ---

Train Epoch: 11 accuracy: 0.71 
 precision: [0.94485371 1.         0.62823445 0.21846996 0.60666047 0.4662817
 0.18463926 0.12682482 0.40298507] 
 recall: [0.77106361 1.         0.50125233 0.7971541  0.66377556 0.67173032
 0.91071429 1.         0.78832117] 
 f1: [0.84915783 1.         0.55760543 0.34295018 0.63393415 0.55046089
 0.30703075 0.22510121 0.53333333] 
 f1_avg: 0.7335273047330799


Validation Epoch: 11 accuracy: 0.49 
 precision: [0.98262367 1.         0.46822309 0.123498   0.40737966 0.27013423
 0.041047   1.         1.        ] 
 recall: [0.46738645 1.         0.1234188  0.73705179 0.73405332 0.8054027
 1.         1.         1.        ] 
 f1: [0.63346453 1.         0.19534632 0.21154946 0.52397013 0.40457344
 0.07885714 1.         1.        ] 
 f1_avg: 0.5314333057458578

--- 4767.542991638184 seconds ---

Train Epoch: 12 accuracy: 0.70 
 precision: [0.95026058 1.         0.62535211 0.2356548  0.62075081 0.43903582
 0.19608345 0.12045691 0.39306358] 
 recall: [0.72408999 1.         0.54014599 0.77959431 0.71227832 0.74573206
 0.97704082 0.83453237 0.99270073] 
 f1: [0.82189977 1.         0.57963446 0.36191145 0.66337237 0.55268731
 0.32661763 0.21052632 0.563147  ] 
 f1_avg: 0.725315995496363


Validation Epoch: 12 accuracy: 0.63 
 precision: [0.96656792 1.         0.40659341 0.11978546 0.44352265 0.39932805
 0.10344828 1.         1.        ] 
 recall: [0.68026806 1.         0.1391453  0.80079681 0.7036787  0.83241621
 0.95652174 1.         1.        ] 
 f1: [0.7985316  1.         0.20733571 0.20839813 0.5441023  0.53973403
 0.18670438 1.         1.        ] 
 f1_avg: 0.6510620813850815

New best val score, save model ...
--- 5197.319698572159 seconds ---

Train Epoch: 13 accuracy: 0.71 
 precision: [0.95974437 1.         0.63169808 0.25157111 0.58927657 0.4461671
 0.22063634 0.23783784 0.41104294] 
 recall: [0.74358564 1.         0.54919851 0.7877687  0.66939626 0.78689236
 0.94642857 0.94964029 0.97810219] 
 f1: [0.83794934 1.         0.58756651 0.38135717 0.62678644 0.56945426
 0.35784905 0.38040346 0.57883369] 
 f1_avg: 0.7339227068830834


Validation Epoch: 13 accuracy: 0.75 
 precision: [0.92665418 1.         0.56893688 0.14306676 0.55225493 0.68274777
 0.10403727 1.         1.        ] 
 recall: [0.88428891 1.         0.23418803 0.77689243 0.69017887 0.65132566
 0.97101449 1.         1.        ] 
 f1: [0.904976   1.         0.33179947 0.24163569 0.61356136 0.66666667
 0.18793829 1.         1.        ] 
 f1_avg: 0.7555857252318315

New best val score, save model ...
--- 5626.933071613312 seconds ---

Train Epoch: 14 accuracy: 0.71 
 precision: [0.95218703 1.         0.62590372 0.26092923 0.60610628 0.46508386
 0.19025016 0.23599321 0.53543307] 
 recall: [0.76714247 1.         0.50801488 0.805934   0.68199438 0.74819155
 0.94579082 1.         0.99270073] 
 f1: [0.84970695 1.         0.56083109 0.39422436 0.64181487 0.5736073
 0.31677881 0.38186813 0.69565217] 
 f1_avg: 0.7386389109780654


Validation Epoch: 14 accuracy: 0.76 
 precision: [0.91733541 1.         0.58005137 0.14152966 0.62344696 0.7059194
 0.12941176 1.         1.        ] 
 recall: [0.87669397 1.         0.46324786 0.78884462 0.66047924 0.56078039
 0.63768116 1.         1.        ] 
 f1: [0.89655435 1.         0.5151112  0.24       0.64142904 0.62503485
 0.21515892 1.         1.        ] 
 f1_avg: 0.775177244430936

New best val score, save model ...
--- 6055.94229388237 seconds ---

Train Epoch: 15 accuracy: 0.74 
 precision: [0.96009009 1.         0.67578047 0.25176449 0.71213559 0.49992106
 0.10773085 0.12065972 0.49275362] 
 recall: [0.77604505 1.         0.60490912 0.820769   0.76344607 0.68713831
 0.57589286 1.         0.99270073] 
 f1: [0.85831241 1.         0.63838384 0.38533153 0.73689872 0.57876618
 0.18150754 0.21533695 0.65859564] 
 f1_avg: 0.7672412601266471


Validation Epoch: 15 accuracy: 0.72 
 precision: [0.93989398 1.         0.49133234 0.1217064  0.58656154 0.56406534
 0.1266055  0.         1.        ] 
 recall: [0.81854058 1.         0.3391453  0.77290837 0.57745528 0.77738869
 1.         1.         1.        ] 
 f1: [0.87502985 1.         0.4012945  0.2102981  0.58197279 0.65376525
 0.2247557  0.         1.        ] 
 f1_avg: 0.7406291243719128

--- 6486.136382341385 seconds ---

Train Epoch: 16 accuracy: 0.76 
 precision: [0.95564531 1.         0.69832224 0.27606537 0.73202977 0.50795381
 0.18178603 0.11237785 0.35248042] 
 recall: [0.800002   1.         0.62698583 0.80805328 0.76732241 0.74146412
 0.65561224 0.99280576 0.98540146] 
 f1: [0.87092453 1.         0.66073415 0.41153342 0.74926072 0.60288798
 0.28464627 0.20190198 0.51923077] 
 f1_avg: 0.7833662438134494


Validation Epoch: 16 accuracy: 0.69 
 precision: [0.96588955 1.         0.61819235 0.110668   0.6130306  0.43710526
 0.12087912 0.         1.        ] 
 recall: [0.7527178  1.         0.36478632 0.88446215 0.62875464 0.83091546
 0.95652174 1.         1.        ] 
 f1: [0.84608303 1.         0.45882606 0.19672131 0.62079307 0.57285739
 0.21463415 0.         1.        ] 
 f1_avg: 0.7280907638393149

--- 6915.738220453262 seconds ---

Train Epoch: 17 accuracy: 0.76 
 precision: [0.96501803 1.         0.70448762 0.27199756 0.72580573 0.50934125
 0.23604815 0.10072464 0.70833333] 
 recall: [0.78146663 1.         0.62405181 0.81047533 0.78893304 0.7947772
 0.9630102  1.         0.99270073] 
 f1: [0.86359692 1.         0.66183474 0.40730316 0.75605396 0.62082215
 0.37915882 0.18301514 0.82674772] 
 f1_avg: 0.7825309137767061


Validation Epoch: 17 accuracy: 0.75 
 precision: [0.91415788 1.         0.64220183 0.11720022 0.62183544 0.6230916
 0.19923372 1.         1.        ] 
 recall: [0.89761727 1.         0.23931624 0.86055777 0.66317921 0.65332666
 0.75362319 1.         1.        ] 
 f1: [0.90581207 1.         0.3486924  0.20630372 0.64184223 0.63785104
 0.31515152 1.         1.        ] 
 f1_avg: 0.7595947636644914

--- 7345.062344074249 seconds ---

Train Epoch: 18 accuracy: 0.78 
 precision: [0.95800931 1.         0.70914204 0.28077819 0.77221832 0.54695038
 0.254681   0.15015974 0.36856369] 
 recall: [0.81084515 1.         0.64058251 0.8389343  0.79867235 0.77907986
 0.93686224 0.67625899 0.99270073] 
 f1: [0.87830539 1.         0.67312103 0.42074097 0.78522259 0.6426973
 0.40049073 0.24575163 0.53754941] 
 f1_avg: 0.798869480543983


Validation Epoch: 18 accuracy: 0.76 
 precision: [0.91723451 1.         0.62890095 0.1349481  0.61674009 0.55103498
 0.24576271 0.         1.        ] 
 recall: [0.89203276 1.         0.31692308 0.77689243 0.56699291 0.77238619
 0.42028986 1.         1.        ] 
 f1: [0.90445812 1.         0.42145942 0.22995283 0.59082117 0.64319933
 0.31016043 0.         1.        ] 
 f1_avg: 0.7623570347686595

--- 7774.135163784027 seconds ---

Train Epoch: 19 accuracy: 0.80 
 precision: [0.96664916 1.         0.73868719 0.29618337 0.76900149 0.5432804
 0.35937128 0.13095238 0.615     ] 
 recall: [0.82832021 1.         0.65593245 0.85286104 0.80007753 0.81177662
 0.96237245 0.94964029 0.89781022] 
 f1: [0.89215454 1.         0.69485454 0.43967536 0.78423177 0.65092807
 0.52332235 0.23016565 0.72997033] 
 f1_avg: 0.8129840824157338


Validation Epoch: 19 accuracy: 0.80 
 precision: [0.94057315 1.         0.57159265 0.17118803 0.72180451 0.63692854
 0.31318681 1.         1.        ] 
 recall: [0.92866716 1.         0.51042735 0.72908367 0.55079312 0.71785893
 0.82608696 1.         1.        ] 
 f1: [0.93458224 1.         0.5392812  0.27727273 0.62480858 0.67497648
 0.45418327 1.         1.        ] 
 f1_avg: 0.8055810368822943

New best val score, save model ...
--- 8203.72905921936 seconds ---

Train Epoch: 20 accuracy: 0.80 
 precision: [0.96928284 1.         0.73079812 0.27183406 0.78405636 0.56460423
 0.30543348 0.28841608 0.13742072] 
 recall: [0.8279301  1.         0.66147846 0.82924614 0.78728559 0.82248264
 0.97512755 0.87769784 0.47445255] 
 f1: [0.8930477  1.         0.69441262 0.40944764 0.78566766 0.66957187
 0.4651658  0.4341637  0.21311475] 
 f1_avg: 0.8137649637163257


Validation Epoch: 20 accuracy: 0.77 
 precision: [0.96079086 1.         0.5556361  0.1624892  0.75308642 0.55062872
 0.27363184 0.         1.        ] 
 recall: [0.85755771 1.         0.52410256 0.74900398 0.55585555 0.83241621
 0.79710145 1.         1.        ] 
 f1: [0.90624385 1.         0.53940887 0.26704545 0.63961165 0.66281617
 0.40740741 0.         1.        ] 
 f1_avg: 0.7886446477857736

--- 8633.14361333847 seconds ---

Train Epoch: 21 accuracy: 0.80 
 precision: [0.97166688 1.         0.74867243 0.28781835 0.79270898 0.54051943
 0.35134524 0.15646259 0.21126761] 
 recall: [0.82501926 1.         0.69110491 0.85195277 0.80918694 0.80092593
 0.99107143 0.99280576 0.32846715] 
 f1: [0.89235829 1.         0.71873779 0.43027523 0.80086321 0.64544713
 0.51877817 0.27032321 0.25714286] 
 f1_avg: 0.8181053757074636


Validation Epoch: 21 accuracy: 0.79 
 precision: [0.96400486 1.         0.5909588  0.16191275 0.75086059 0.56928034
 0.27727273 0.         1.        ] 
 recall: [0.88540581 1.         0.55418803 0.7689243  0.58893014 0.7953977
 0.88405797 1.         1.        ] 
 f1: [0.92303513 1.         0.57198306 0.26749827 0.6601097  0.66360601
 0.42214533 0.         1.        ] 
 f1_avg: 0.8064027243479274

New best val score, save model ...
--- 9062.950613737106 seconds ---

Train Epoch: 22 accuracy: 0.81 
 precision: [0.97145451 1.         0.75490044 0.3077814  0.81190308 0.56190812
 0.3334063  0.08622829 0.61818182] 
 recall: [0.824149   1.         0.69450408 0.88495307 0.83617599 0.80692998
 0.97130102 1.         0.99270073] 
 f1: [0.89175952 1.         0.72344391 0.45671875 0.82386079 0.66248961
 0.4964146  0.15876642 0.76190476] 
 f1_avg: 0.8234048426429668


Validation Epoch: 22 accuracy: 0.79 
 precision: [0.95979899 1.         0.57817649 0.23246217 0.74724265 0.52204317
 0.23837209 0.         1.        ] 
 recall: [0.89597915 1.         0.53982906 0.67330677 0.54876814 0.85892946
 0.5942029  1.         1.        ] 
 f1: [0.9267917  1.         0.55834512 0.34560327 0.63280794 0.64939486
 0.34024896 0.         1.        ] 
 f1_avg: 0.8024839770274336

--- 9492.404512405396 seconds ---

Train Epoch: 23 accuracy: 0.73 
 precision: [0.95399314 1.         0.70263909 0.20433364 0.76210586 0.40481816
 0.23241886 0.10040984 0.38968481] 
 recall: [0.75707955 1.         0.65160298 0.79654859 0.78699486 0.63208912
 0.76721939 0.70503597 0.99270073] 
 f1: [0.84420575 1.         0.67615936 0.32523642 0.77435042 0.49354684
 0.35676157 0.17578475 0.55967078] 
 f1_avg: 0.7630485468336551


Validation Epoch: 23 accuracy: 0.62 
 precision: [0.95374532 1.         0.83431953 0.14927905 0.66118306 0.6567768
 0.00609756 0.         0.        ] 
 recall: [0.75845123 1.         0.09641026 0.70119522 0.63752953 0.48724362
 0.07246377 1.         1.        ] 
 f1: [0.8449606  1.         0.17284707 0.24615385 0.64914089 0.55944859
 0.01124859 0.         0.        ] 
 f1_avg: 0.6913020050437338

--- 9921.879920244217 seconds ---

Train Epoch: 24 accuracy: 0.78 
 precision: [0.95991782 1.         0.73430757 0.28396638 0.78726833 0.50842253
 0.32532751 0.04543659 0.76878613] 
 recall: [0.80850447 1.         0.61489194 0.80805328 0.80477759 0.81438079
 0.9502551  0.82733813 0.97080292] 
 f1: [0.87772909 1.         0.66931511 0.42024878 0.79592668 0.62601829
 0.48471047 0.08614232 0.85806452] 
 f1_avg: 0.7987412354807519


Validation Epoch: 24 accuracy: 0.73 
 precision: [0.96585275 1.         0.52457551 0.16295428 0.70783481 0.51156421
 0.08013937 1.         1.        ] 
 recall: [0.76872673 1.         0.60205128 0.55378486 0.61896726 0.84092046
 1.         1.         1.        ] 
 f1: [0.85608856 1.         0.56064947 0.25181159 0.66042492 0.63614002
 0.1483871  1.         1.        ] 
 f1_avg: 0.7597677792086209

--- 10351.220426559448 seconds ---

Train Epoch: 25 accuracy: 0.80 
 precision: [0.96561137 1.         0.73563971 0.30721379 0.80517879 0.56448359
 0.28511769 0.17797695 0.40729483] 
 recall: [0.81734703 1.         0.68323315 0.85225553 0.82265723 0.82986111
 0.95790816 1.         0.97810219] 
 f1: [0.88531464 1.         0.7084686  0.45162843 0.81382418 0.67191847
 0.43943827 0.30217391 0.5751073 ] 
 f1_avg: 0.8159348553646004


Validation Epoch: 25 accuracy: 0.77 
 precision: [0.95324009 1.         0.62489695 0.19361277 0.63639515 0.55940594
 0.11348684 0.         0.        ] 
 recall: [0.85763217 1.         0.5182906  0.77290837 0.61964225 0.73486743
 1.         1.         1.        ] 
 f1: [0.90291224 1.         0.56662306 0.30965682 0.62790698 0.63524324
 0.20384047 0.         0.        ] 
 f1_avg: 0.7859505623985927

--- 10780.092070102692 seconds ---

Train Epoch: 26 accuracy: 0.82 
 precision: [0.97359744 1.         0.78633501 0.30098203 0.84001142 0.57498611
 0.29849873 0.16181607 0.55284553] 
 recall: [0.83583239 1.         0.70581079 0.87223736 0.85531544 0.82342303
 0.97640306 1.         0.99270073] 
 f1: [0.89947039 1.         0.74390014 0.44753398 0.84759435 0.67713631
 0.45721965 0.27855711 0.71018277] 
 f1_avg: 0.8350604044402479


Validation Epoch: 26 accuracy: 0.75 
 precision: [0.97227175 1.         0.55783866 0.19271333 0.67948718 0.48972504
 0.13552361 1.         1.        ] 
 recall: [0.81198809 1.         0.50119658 0.80079681 0.64394195 0.84642321
 0.95652174 1.         1.        ] 
 f1: [0.88493062 1.         0.52800288 0.31066461 0.66123722 0.62046205
 0.23741007 1.         1.        ] 
 f1_avg: 0.7728859937835723

--- 11209.435952425003 seconds ---

Train Epoch: 27 accuracy: 0.83 
 precision: [0.97409116 1.         0.76575425 0.34048973 0.82329187 0.60372146
 0.32639203 0.22275641 0.4874552 ] 
 recall: [0.84053375 1.         0.72871046 0.88828338 0.85943405 0.83789062
 0.91964286 1.         0.99270073] 
 f1: [0.90239751 1.         0.74677325 0.49228188 0.84097482 0.70178734
 0.48179085 0.36435125 0.65384615] 
 f1_avg: 0.8396424683184411


Validation Epoch: 27 accuracy: 0.77 
 precision: [0.96195026 1.         0.51905685 0.19387755 0.70151702 0.57424242
 0.18823529 1.         1.        ] 
 recall: [0.86969471 1.         0.54940171 0.75697211 0.57745528 0.75837919
 0.92753623 1.         1.        ] 
 f1: [0.91349914 1.         0.53379837 0.30869212 0.63346909 0.65358914
 0.31295844 1.         1.        ] 
 f1_avg: 0.7908778075415575

--- 11639.23510169983 seconds ---

Train Epoch: 28 accuracy: 0.83 
 precision: [0.97630941 1.         0.7919566  0.343004   0.87024332 0.57819836
 0.33563119 0.27459016 0.66341463] 
 recall: [0.85042662 1.         0.72080292 0.90917348 0.85434635 0.86407697
 0.99362245 0.96402878 0.99270073] 
 f1: [0.90903064 1.         0.75470638 0.49809255 0.86222157 0.69280515
 0.50177134 0.42743222 0.79532164] 
 f1_avg: 0.8472700254400314


Validation Epoch: 28 accuracy: 0.80 
 precision: [0.9559633  1.         0.53360215 0.22732919 0.69775281 0.76654182
 0.18032787 1.         1.        ] 
 recall: [0.89225614 1.         0.67863248 0.72908367 0.62875464 0.61430715
 0.79710145 1.         1.        ] 
 f1: [0.92301175 1.         0.59744169 0.34659091 0.66145926 0.68203277
 0.29411765 1.         1.        ] 
 f1_avg: 0.8122262979302936

New best val score, save model ...
--- 12069.070385217667 seconds ---

Train Epoch: 29 accuracy: 0.83 
 precision: [0.97688465 1.         0.77548687 0.37096161 0.82965241 0.60295994
 0.36294063 0.20531758 0.51320755] 
 recall: [0.85096678 1.         0.72806641 0.88646685 0.8627774  0.85467303
 0.99808673 1.         0.99270073] 
 f1: [0.90958857 1.         0.75102884 0.52304394 0.84589074 0.7070828
 0.53231293 0.34068627 0.67661692] 
 f1_avg: 0.8467645506966426


Validation Epoch: 29 accuracy: 0.79 
 precision: [0.94158022 1.         0.49407497 0.21828909 0.77297297 0.75246949
 0.12916667 0.         1.        ] 
 recall: [0.8988831  1.         0.69846154 0.58964143 0.53088086 0.64782391
 0.44927536 1.         1.        ] 
 f1: [0.91973639 1.         0.57875354 0.31862217 0.62945178 0.69623656
 0.20064725 0.         1.        ] 
 f1_avg: 0.8039735255646041

--- 12501.837495803833 seconds ---

Train Epoch: 30 accuracy: 0.83 
 precision: [0.97574342 1.         0.75867519 0.31372762 0.84931573 0.62001521
 0.39568528 0.1        0.49454545] 
 recall: [0.84418481 1.         0.7384786  0.87526491 0.84799884 0.82552083
 0.9942602  1.         0.99270073] 
 f1: [0.90520908 1.         0.74844067 0.46189487 0.84865677 0.7081601
 0.56608569 0.18181818 0.66019417] 
 f1_avg: 0.8431142297293566


Validation Epoch: 30 accuracy: 0.80 
 precision: [0.94220544 1.         0.53877171 0.24038462 0.64102564 0.7498549
 0.21341463 1.         1.        ] 
 recall: [0.91042442 1.         0.59384615 0.59760956 0.63280459 0.64632316
 0.50724638 1.         1.        ] 
 f1: [0.92604234 1.         0.56496991 0.34285714 0.63688859 0.6942504
 0.30042918 1.         1.        ] 
 f1_avg: 0.8074585100815036

--- 12934.970494508743 seconds ---

Train Epoch: 31 accuracy: 0.85 
 precision: [0.98005588 1.         0.80211032 0.34893316 0.84936643 0.61993234
 0.41405003 0.30841121 0.49818182] 
 recall: [0.86315031 1.         0.75343495 0.89615501 0.86718674 0.86168981
 0.99234694 0.94964029 1.        ] 
 f1: [0.91789572 1.         0.77701107 0.50229085 0.85818408 0.7210872
 0.58430342 0.46560847 0.66504854] 
 f1_avg: 0.8588979567820171


Validation Epoch: 31 accuracy: 0.83 
 precision: [0.93634089 1.         0.58302706 0.28764045 0.72863568 0.75371901
 0.2109375  1.         1.        ] 
 recall: [0.94735666 1.         0.5965812  0.50996016 0.6560918  0.68434217
 0.39130435 1.         1.        ] 
 f1: [0.94181657 1.         0.58972626 0.36781609 0.69046351 0.71735711
 0.27411168 1.         1.        ] 
 f1_avg: 0.830273215504122

New best val score, save model ...
--- 13368.256403923035 seconds ---

Train Epoch: 32 accuracy: 0.85 
 precision: [0.97609069 1.         0.79008008 0.35753019 0.86289356 0.6424848
 0.46264626 0.30176211 0.70886076] 
 recall: [0.87594402 1.         0.74835409 0.87829246 0.87246826 0.85590278
 0.98341837 0.98561151 0.81751825] 
 f1: [0.9233097  1.         0.76865123 0.50818954 0.8676545  0.73399504
 0.62925933 0.46205734 0.75932203] 
 f1_avg: 0.86357708042608


Validation Epoch: 32 accuracy: 0.78 
 precision: [0.95532947 1.         0.50267237 0.25856698 0.63326848 0.61901169
 0.17916667 0.         1.        ] 
 recall: [0.89493671 1.         0.64307692 0.33067729 0.43941951 0.82091046
 0.62318841 1.         1.        ] 
 f1: [0.92414748 1.         0.56427179 0.29020979 0.51882845 0.70580645
 0.27831715 0.         1.        ] 
 f1_avg: 0.7904070767381288

--- 13801.510610342026 seconds ---

Train Epoch: 33 accuracy: 0.83 
 precision: [0.97918323 1.         0.79426631 0.32946449 0.81948118 0.64002169
 0.38634047 0.06480986 0.42283951] 
 recall: [0.85022657 1.         0.73654644 0.86799879 0.85565462 0.85373264
 0.96683673 0.8705036  1.        ] 
 f1: [0.91015976 1.         0.7643182  0.47763432 0.83717733 0.73158939
 0.55207575 0.12063809 0.59436009] 
 f1_avg: 0.8493110478887591


Validation Epoch: 33 accuracy: 0.80 
 precision: [0.94910922 1.         0.59842209 0.21996303 0.68637924 0.58601956
 0.24907063 1.         1.        ] 
 recall: [0.91236039 1.         0.51863248 0.47410359 0.60715491 0.8094047
 0.97101449 1.         1.        ] 
 f1: [0.93037206 1.         0.55567766 0.30050505 0.64434097 0.67983193
 0.3964497  1.         1.        ] 
 f1_avg: 0.8083931235997232

--- 14234.421649456024 seconds ---

Train Epoch: 34 accuracy: 0.84 
 precision: [0.97717669 1.         0.79031884 0.35892247 0.83804495 0.62626644
 0.33784374 0.2537037  0.703125  ] 
 recall: [0.86511088 1.         0.73082153 0.85921889 0.86902801 0.84063947
 0.9872449  0.98561151 0.98540146] 
 f1: [0.91773532 1.         0.7594066  0.50633363 0.85325531 0.71778876
 0.50341463 0.40353461 0.82066869] 
 f1_avg: 0.8543843740623359


Validation Epoch: 34 accuracy: 0.81 
 precision: [0.95610219 1.         0.56704617 0.26781327 0.75063078 0.5979418
 0.14847162 1.         1.        ] 
 recall: [0.90007446 1.         0.61299145 0.43426295 0.60242997 0.84292146
 0.49275362 1.         1.        ] 
 f1: [0.92724274 1.         0.58912436 0.33130699 0.66841415 0.69960556
 0.22818792 1.         1.        ] 
 f1_avg: 0.8159164609148637

--- 14667.36937904358 seconds ---

Train Epoch: 35 accuracy: 0.85 
 precision: [0.98185742 1.         0.79751217 0.37816764 0.85764525 0.63623105
 0.39917801 0.27005871 0.61261261] 
 recall: [0.87373338 1.         0.75014312 0.88101726 0.86263204 0.88360822
 0.99107143 0.99280576 0.99270073] 
 f1: [0.92464524 1.         0.77310274 0.52918712 0.86013141 0.73978742
 0.56912653 0.42461538 0.75766017] 
 f1_avg: 0.8644866225421111


Validation Epoch: 35 accuracy: 0.79 
 precision: [0.9508894  1.         0.64215686 0.20143027 0.61400704 0.59873061
 0.14255765 1.         1.        ] 
 recall: [0.91548771 1.         0.31350427 0.67330677 0.6479919  0.84942471
 0.98550725 1.         1.        ] 
 f1: [0.93285281 1.         0.42131863 0.31009174 0.63054187 0.70237849
 0.24908425 1.         1.        ] 
 f1_avg: 0.791604206039207

--- 15100.352591276169 seconds ---

Train Epoch: 36 accuracy: 0.86 
 precision: [0.97896594 1.         0.81334203 0.38075148 0.88099613 0.64259525
 0.37990196 0.27095517 0.59388646] 
 recall: [0.87710436 1.         0.75819379 0.87435665 0.88278903 0.87478299
 0.98852041 1.         0.99270073] 
 f1: [0.92524005 1.         0.78480028 0.53049229 0.88189167 0.74092455
 0.54886686 0.42638037 0.7431694 ] 
 f1_avg: 0.8693932556698373


Validation Epoch: 36 accuracy: 0.81 
 precision: [0.96155063 1.         0.74323578 0.19483568 0.69430052 0.55843729
 0.19       1.         1.        ] 
 recall: [0.90498883 1.         0.46017094 0.66135458 0.72359096 0.85092546
 0.55072464 1.         1.        ] 
 f1: [0.93241273 1.         0.56841216 0.30099728 0.7086432  0.67433102
 0.28252788 1.         1.        ] 
 f1_avg: 0.8193211099677958

--- 15532.985300779343 seconds ---

Train Epoch: 37 accuracy: 0.86 
 precision: [0.97949377 1.         0.81480055 0.3790875  0.88020784 0.62566762
 0.38469235 0.27655311 0.64454976] 
 recall: [0.8686319  1.         0.75719193 0.88798062 0.90289757 0.87282986
 0.98086735 0.99280576 0.99270073] 
 f1: [0.92073775 1.         0.78494065 0.53134058 0.89140834 0.72886526
 0.55264103 0.43260188 0.7816092 ] 
 f1_avg: 0.8669958763713429


Validation Epoch: 37 accuracy: 0.82 
 precision: [0.95845628 1.         0.67234043 0.1984127  0.71748879 0.63594662
 0.19469027 1.         1.        ] 
 recall: [0.9190618  1.         0.48615385 0.79681275 0.70199123 0.76288144
 0.95652174 1.         1.        ] 
 f1: [0.93834575 1.         0.56428571 0.31771247 0.70965541 0.69365476
 0.32352941 1.         1.        ] 
 f1_avg: 0.8246944284476742

--- 15966.59120965004 seconds ---

Train Epoch: 38 accuracy: 0.87 
 precision: [0.98078392 1.         0.85154309 0.41028477 0.9057379  0.63183875
 0.39106564 0.36772487 0.56903766] 
 recall: [0.88630703 1.         0.76019751 0.89857705 0.91859676 0.88888889
 0.99936224 1.         0.99270073] 
 f1: [0.93115516 1.         0.80328179 0.5633482  0.91212201 0.7386391
 0.56215247 0.5377176  0.72340426] 
 f1_avg: 0.8803901184777777


Validation Epoch: 38 accuracy: 0.82 
 precision: [0.95813518 1.         0.63632916 0.21560284 0.70265358 0.65330579
 0.16216216 0.         1.        ] 
 recall: [0.91511541 1.         0.57367521 0.60557769 0.65237935 0.79089545
 0.69565217 1.         1.        ] 
 f1: [0.93613132 1.         0.60338008 0.31799163 0.67658383 0.7155465
 0.2630137  0.         1.        ] 
 f1_avg: 0.8259088374183994

--- 16400.947712659836 seconds ---

Train Epoch: 39 accuracy: 0.87 
 precision: [0.98205695 1.         0.83939822 0.41675931 0.89144197 0.66776496
 0.40665627 0.28137652 0.5210728 ] 
 recall: [0.88417641 1.         0.78656791 0.90796246 0.92111639 0.87962963
 0.99744898 1.         0.99270073] 
 f1: [0.93054985 1.         0.81212479 0.5712925  0.90603627 0.75919336
 0.57776136 0.43917852 0.68341709] 
 f1_avg: 0.8826387919695998


Validation Epoch: 39 accuracy: 0.82 
 precision: [0.95198394 1.         0.66739036 0.18503937 0.6952412  0.67915905
 0.19060773 1.         1.        ] 
 recall: [0.91824274 1.         0.52547009 0.56175299 0.7198785  0.74337169
 1.         1.         1.        ] 
 f1: [0.93480898 1.         0.58798776 0.27838105 0.70734538 0.7098161
 0.32018561 1.         1.        ] 
 f1_avg: 0.8264131776672852

--- 16834.94931936264 seconds ---

Train Epoch: 40 accuracy: 0.88 
 precision: [0.98051855 1.         0.84573722 0.43591232 0.90567207 0.66077663
 0.39882922 0.30684327 0.56431535] 
 recall: [0.89010813 1.         0.77662087 0.90917348 0.9206803  0.88997396
 0.99936224 1.         0.99270073] 
 f1: [0.9331285  1.         0.80970678 0.58928571 0.91311452 0.75843788
 0.57012916 0.46959459 0.71957672] 
 f1_avg: 0.8849219587764233


Validation Epoch: 40 accuracy: 0.82 
 precision: [0.9488842  1.         0.58673469 0.18518519 0.76285714 0.69255368
 0.10377358 1.         1.        ] 
 recall: [0.93715562 1.         0.66837607 0.39840637 0.54066824 0.75837919
 0.31884058 1.         1.        ] 
 f1: [0.94298344 1.         0.62490011 0.2528445  0.63282639 0.72397326
 0.15658363 1.         1.        ] 
 f1_avg: 0.8267622969840709

--- 17269.086570739746 seconds ---

Train Epoch: 41 accuracy: 0.88 
 precision: [0.9816725  1.         0.83731177 0.43117032 0.89236258 0.66908894
 0.43978616 0.26029963 0.5210728 ] 
 recall: [0.8872573  1.         0.78191642 0.91129276 0.92111639 0.89250579
 0.99681122 1.         0.99270073] 
 f1: [0.93208005 1.         0.80866653 0.58537534 0.90651153 0.76481527
 0.61030847 0.41307578 0.68341709] 
 f1_avg: 0.8840580824119149


Validation Epoch: 41 accuracy: 0.80 
 precision: [0.96334405 1.         0.59009972 0.20214669 0.70398551 0.60085008
 0.12033195 1.         1.        ] 
 recall: [0.8923306  1.         0.56649573 0.4501992  0.6557543  0.77788894
 0.84057971 1.         1.        ] 
 f1: [0.92647855 1.         0.57805686 0.27901235 0.6790145  0.67800305
 0.21052632 1.         1.        ] 
 f1_avg: 0.8127388129056813

--- 17703.340760707855 seconds ---

Train Epoch: 42 accuracy: 0.88 
 precision: [0.98324396 1.         0.84908294 0.43619216 0.90720327 0.67758405
 0.41020942 0.52651515 0.61538462] 
 recall: [0.8968901  1.         0.78349077 0.89615501 0.92513809 0.90241609
 0.99936224 1.         0.99270073] 
 f1: [0.93808393 1.         0.8149692  0.58677768 0.91608291 0.77400341
 0.58166295 0.6898263  0.75977654] 
 f1_avg: 0.8906811959080546


Validation Epoch: 42 accuracy: 0.77 
 precision: [0.96781945 1.         0.63296296 0.18481848 0.66094571 0.47540062
 0.15413534 1.         1.        ] 
 recall: [0.83976173 1.         0.5842735  0.44621514 0.63685454 0.84592296
 0.5942029  1.         1.        ] 
 f1: [0.89925448 1.         0.60764444 0.2613769  0.64867652 0.6087113
 0.24477612 1.         1.        ] 
 f1_avg: 0.78918912887029

--- 18137.29044985771 seconds ---

Train Epoch: 43 accuracy: 0.88 
 precision: [0.98539419 1.         0.85444891 0.45649528 0.87131062 0.65784749
 0.44403514 0.38718663 0.61538462] 
 recall: [0.89080833 1.         0.7830614  0.90856797 0.92547727 0.901114
 0.99936224 1.         0.99270073] 
 f1: [0.93571706 1.         0.81719908 0.6076744  0.89757748 0.76050061
 0.61487149 0.55823293 0.75977654] 
 f1_avg: 0.8868604989651028


Validation Epoch: 43 accuracy: 0.80 
 precision: [0.93432219 1.         0.62854089 0.14673913 0.68365759 0.67490494
 0.256917   1.         1.        ] 
 recall: [0.94274013 1.         0.40205128 0.75298805 0.59298009 0.71035518
 0.94202899 1.         1.        ] 
 f1: [0.93851229 1.         0.49040867 0.24561404 0.6350985  0.69217646
 0.40372671 1.         1.        ] 
 f1_avg: 0.8038835899042002

--- 18571.214200735092 seconds ---

Train Epoch: 44 accuracy: 0.88 
 precision: [0.98145029 1.         0.85488472 0.41730528 0.91859046 0.66945248
 0.45975323 0.4384858  0.64761905] 
 recall: [0.90342199 1.         0.77211249 0.90675144 0.91195852 0.90393519
 0.99808673 1.         0.99270073] 
 f1: [0.94082107 1.         0.81139312 0.57156489 0.91526248 0.7692213
 0.62952534 0.60964912 0.78386167] 
 f1_avg: 0.8913235096923154


Validation Epoch: 44 accuracy: 0.81 
 precision: [0.95845328 1.         0.6894324  0.17250213 0.72532953 0.63779863
 0.23389831 1.         1.        ] 
 recall: [0.91727476 1.         0.51076923 0.80478088 0.68714141 0.74787394
 1.         1.         1.        ] 
 f1: [0.93741202 1.         0.58680283 0.28410689 0.70571924 0.6884642
 0.37912088 1.         1.        ] 
 f1_avg: 0.8259277088112086

--- 19005.58264064789 seconds ---

Train Epoch: 45 accuracy: 0.89 
 precision: [0.9857752  1.         0.87022719 0.43832096 0.91338359 0.68265543
 0.42763158 0.4017341  0.55967078] 
 recall: [0.90185154 1.         0.78531559 0.92945807 0.93352069 0.91420718
 0.99489796 1.         0.99270073] 
 f1: [0.94194775 1.         0.82559386 0.59571165 0.92334236 0.78164332
 0.59815951 0.57319588 0.71578947] 
 f1_avg: 0.8964819004621107


Validation Epoch: 45 accuracy: 0.81 
 precision: [0.9513931  1.         0.67607589 0.12408272 0.69748167 0.71012483
 0.1        1.         1.        ] 
 recall: [0.93566642 1.         0.49948718 0.74103586 0.73844077 0.51225613
 0.27536232 1.         1.        ] 
 f1: [0.94346422 1.         0.57451829 0.21257143 0.71737705 0.59517582
 0.14671815 1.         1.        ] 
 f1_avg: 0.8194303349579611

--- 19439.957518577576 seconds ---

Train Epoch: 46 accuracy: 0.89 
 precision: [0.98447118 1.         0.86205548 0.4664851  0.91261629 0.6937381
 0.48888193 0.33574879 0.59911894] 
 recall: [0.91190445 1.         0.78842851 0.93339388 0.93163097 0.89597801
 0.99553571 1.         0.99270073] 
 f1: [0.9467994  1.         0.82359977 0.62207425 0.92202561 0.78199381
 0.65574459 0.50271248 0.74725275] 
 f1_avg: 0.8999371155700877


Validation Epoch: 46 accuracy: 0.83 
 precision: [0.94903983 1.         0.71554117 0.14953271 0.74776632 0.71196283
 0.14204545 1.         1.        ] 
 recall: [0.94571854 1.         0.52888889 0.76494024 0.73439082 0.61330665
 0.36231884 1.         1.        ] 
 f1: [0.94737627 1.         0.60821702 0.25016287 0.74101822 0.65896264
 0.20408163 1.         1.        ] 
 f1_avg: 0.8361636991345317

New best val score, save model ...
--- 19874.518860816956 seconds ---

Train Epoch: 47 accuracy: 0.90 
 precision: [0.98500119 1.         0.86530264 0.46306009 0.91873846 0.69891685
 0.47847785 0.47766323 0.5787234 ] 
 recall: [0.91113423 1.         0.79898383 0.93551317 0.94006202 0.89619502
 0.97831633 1.         0.99270073] 
 f1: [0.94662891 1.         0.83082189 0.61948677 0.92927793 0.78535658
 0.64264767 0.64651163 0.7311828 ] 
 f1_avg: 0.9021436981733819


Validation Epoch: 47 accuracy: 0.81 
 precision: [0.95653529 1.         0.63364486 0.16299137 0.72703012 0.6281666
 0.         1.         1.        ] 
 recall: [0.91437081 1.         0.57948718 0.67729084 0.64360445 0.73186593
 0.         1.         1.        ] 
 f1: [0.93497792 1.         0.60535714 0.26275116 0.68277837 0.67606285
 0.         1.         1.        ] 
 f1_avg: 0.821181106534506

--- 20308.697457551956 seconds ---

Train Epoch: 48 accuracy: 0.89 
 precision: [0.98622743 1.         0.87350076 0.47168943 0.91457073 0.68128143
 0.44290167 0.42638037 0.55510204] 
 recall: [0.90467235 1.         0.80520968 0.93066909 0.93734858 0.90147569
 0.99681122 1.         0.99270073] 
 f1: [0.94369114 1.         0.83796615 0.62606925 0.92581957 0.77606178
 0.61330194 0.59784946 0.71204188] 
 f1_avg: 0.90018852195566


Validation Epoch: 48 accuracy: 0.81 
 precision: [0.96246503 1.         0.72056668 0.12416717 0.74924242 0.60199005
 0.28181818 1.         1.        ] 
 recall: [0.92218913 1.         0.5042735  0.81673307 0.66756666 0.66583292
 0.89855072 1.         1.        ] 
 f1: [0.94189672 1.         0.59332261 0.21556257 0.70605033 0.63230404
 0.42906574 1.         1.        ] 
 f1_avg: 0.823813663809835

--- 20742.847076654434 seconds ---

Train Epoch: 49 accuracy: 0.88 
 precision: [0.98179567 1.         0.8618347  0.44337622 0.89071345 0.67283818
 0.44450752 0.36968085 0.5210728 ] 
 recall: [0.88851767 1.         0.79433233 0.9494399  0.92252156 0.90957755
 0.99872449 1.         0.99270073] 
 f1: [0.93283065 1.         0.82670788 0.60447186 0.90633851 0.77349902
 0.6152033  0.53980583 0.68341709] 
 f1_avg: 0.8887384774179765


Validation Epoch: 49 accuracy: 0.80 
 precision: [0.94125581 1.         0.61557178 0.16569525 0.70399698 0.65271967
 0.26724138 1.         1.        ] 
 recall: [0.93536858 1.         0.43247863 0.79282869 0.63010462 0.70235118
 0.89855072 1.         1.        ] 
 f1: [0.93830296 1.         0.50803213 0.27410468 0.66500445 0.67662651
 0.41196013 1.         1.        ] 
 f1_avg: 0.8091515830600318

--- 21177.046493291855 seconds ---

Train Epoch: 50 accuracy: 0.89 
 precision: [0.9822011  1.         0.8613506  0.47259237 0.9091126  0.69386852
 0.43667878 0.29263158 0.61818182] 
 recall: [0.90361205 1.         0.79000286 0.94489858 0.92329683 0.90784144
 0.99617347 1.         0.99270073] 
 f1: [0.94126902 1.         0.82413542 0.63005955 0.91614981 0.78656263
 0.60719145 0.45276873 0.76190476] 
 f1_avg: 0.8960529735214227


Validation Epoch: 50 accuracy: 0.81 
 precision: [0.96273734 1.         0.76353791 0.14934618 0.6778278  0.65958474
 0.17120623 1.         1.        ] 
 recall: [0.90610573 1.         0.43384615 0.86454183 0.81302734 0.68334167
 0.63768116 1.         1.        ] 
 f1: [0.93356348 1.         0.55330281 0.25469484 0.73929722 0.67125307
 0.26993865 1.         1.        ] 
 f1_avg: 0.8213289750192523

--- 21610.911984443665 seconds ---

Train Epoch: 51 accuracy: 0.90 
 precision: [0.98660666 1.         0.87989081 0.46872701 0.90560074 0.7054616
 0.46652782 0.3915493  0.66666667] 
 recall: [0.90780326 1.         0.79579934 0.9642749  0.94408373 0.9203559
 1.         1.         0.99270073] 
 f1: [0.94556593 1.         0.83573509 0.63081798 0.92444191 0.7987068
 0.63623453 0.56275304 0.79765396] 
 f1_avg: 0.9029831434624752


Validation Epoch: 51 accuracy: 0.81 
 precision: [0.9694571  1.         0.67845947 0.15577078 0.6769688  0.66026289
 0.20634921 1.         1.        ] 
 recall: [0.90282949 1.         0.51794872 0.7689243  0.76881539 0.65332666
 0.94202899 1.         1.        ] 
 f1: [0.93495778 1.         0.58743699 0.2590604  0.71997472 0.65677646
 0.33854167 1.         1.        ] 
 f1_avg: 0.8230947444923847

--- 22045.393625497818 seconds ---

Train Epoch: 52 accuracy: 0.90 
 precision: [0.98532562 1.         0.88240599 0.47932131 0.93099645 0.70643223
 0.48741063 0.53461538 0.57142857] 
 recall: [0.91546548 1.         0.80520968 0.95791705 0.94074038 0.91840278
 1.         1.         0.99270073] 
 f1: [0.94911176 1.         0.84204224 0.63893376 0.93584305 0.79859102
 0.6553814  0.69674185 0.72533333] 
 f1_avg: 0.9079375027165576


Validation Epoch: 52 accuracy: 0.81 
 precision: [0.96551172 1.         0.73719008 0.19043238 0.65038088 0.68928404
 0.21428571 1.         1.        ] 
 recall: [0.89843634 1.         0.4574359  0.8247012  0.83563955 0.73686843
 0.91304348 1.         1.        ] 
 f1: [0.93076715 1.         0.56455696 0.30941704 0.73146233 0.7122824
 0.34710744 1.         1.        ] 
 f1_avg: 0.8247132916401964

--- 22478.768757104874 seconds ---

Train Epoch: 53 accuracy: 0.90 
 precision: [0.98790353 1.         0.88863734 0.5049897  0.90557311 0.72067963
 0.50961225 0.23720137 0.60714286] 
 recall: [0.91250463 1.         0.81458423 0.96518317 0.95818393 0.91435185
 0.99744898 1.         0.99270073] 
 f1: [0.94870835 1.         0.85000093 0.66306156 0.93113596 0.80604534
 0.67457408 0.38344828 0.7534626 ] 
 f1_avg: 0.9094781254306809


Validation Epoch: 53 accuracy: 0.82 
 precision: [0.94797062 1.         0.70698186 0.22742475 0.6596023  0.73523093
 0.21192053 1.         1.        ] 
 recall: [0.91303053 1.         0.43965812 0.812749   0.85082686 0.68484242
 0.92753623 1.         1.        ] 
 f1: [0.93017258 1.         0.54215852 0.3554007  0.7431098  0.70914271
 0.34501348 1.         1.        ] 
 f1_avg: 0.8231480100337988

--- 22910.747762680054 seconds ---

Train Epoch: 54 accuracy: 0.91 
 precision: [0.98801885 1.         0.87790096 0.50800444 0.92352227 0.73431265
 0.47872666 0.59913793 0.64319249] 
 recall: [0.91644577 1.         0.81887792 0.97033    0.9584262  0.91847512
 0.99744898 1.         1.        ] 
 f1: [0.95088739 1.         0.84736287 0.66687474 0.94065056 0.8161337
 0.64694933 0.74932615 0.78285714] 
 f1_avg: 0.9124871707602068


Validation Epoch: 54 accuracy: 0.84 
 precision: [0.94264077 1.         0.67943381 0.28393136 0.71324644 0.75137514
 0.22857143 1.         1.        ] 
 recall: [0.93611318 1.         0.55794872 0.7250996  0.79412757 0.68334167
 0.46376812 1.         1.        ] 
 f1: [0.93936564 1.         0.61272761 0.40807175 0.75151709 0.71574535
 0.3062201  1.         1.        ] 
 f1_avg: 0.8406426053638817

New best val score, save model ...
--- 23343.337252140045 seconds ---

Train Epoch: 55 accuracy: 0.91 
 precision: [0.98623021 1.         0.87883652 0.52680039 0.92862811 0.7259255
 0.56832413 0.53053435 0.58874459] 
 recall: [0.91918656 1.         0.82270645 0.97002725 0.96395    0.91775174
 0.98405612 1.         0.99270073] 
 f1: [0.9515289  1.         0.84984569 0.68279169 0.94595944 0.81064503
 0.720523   0.69326683 0.73913043] 
 f1_avg: 0.9144054498830655


Validation Epoch: 55 accuracy: 0.82 
 precision: [0.93364152 1.         0.72782875 0.21428571 0.65784341 0.72555375
 0.27358491 1.         1.        ] 
 recall: [0.93239017 1.         0.40683761 0.80079681 0.79682754 0.67183592
 0.84057971 1.         1.        ] 
 f1: [0.93301542 1.         0.52192982 0.33809924 0.72069597 0.69766234
 0.41281139 1.         1.        ] 
 f1_avg: 0.818063407384902

--- 23775.479461669922 seconds ---

Train Epoch: 56 accuracy: 0.91 
 precision: [0.98599641 1.         0.88958186 0.51444159 0.92138117 0.74672361
 0.4608132  0.33737864 0.57142857] 
 recall: [0.91841634 1.         0.8114713  0.97063276 0.96196337 0.92324942
 0.99744898 1.         0.99270073] 
 f1: [0.9510073  1.         0.84873321 0.67246985 0.94123504 0.82565662
 0.63039097 0.50453721 0.72533333] 
 f1_avg: 0.9133503337526445


Validation Epoch: 56 accuracy: 0.80 
 precision: [0.96521879 1.         0.52198391 0.30153322 0.73634652 0.63135093
 0.18435754 1.         1.        ] 
 recall: [0.89679821 1.         0.66564103 0.70517928 0.5278434  0.80190095
 0.47826087 1.         1.        ] 
 f1: [0.92975143 1.         0.58512397 0.42243437 0.61490073 0.70647862
 0.26612903 1.         1.        ] 
 f1_avg: 0.8114177029606864

--- 24207.478034734726 seconds ---

Train Epoch: 57 accuracy: 0.90 
 precision: [0.98522593 1.         0.85101239 0.4962406  0.91207688 0.72393767
 0.46002352 0.60434783 0.65533981] 
 recall: [0.91186444 1.         0.80606841 0.95912807 0.92436283 0.91073495
 0.99808673 1.         0.98540146] 
 f1: [0.94712672 1.         0.82793091 0.65407247 0.91817876 0.80666346
 0.62977867 0.75338753 0.78717201] 
 f1_avg: 0.9030452538931164


Validation Epoch: 57 accuracy: 0.78 
 precision: [0.97036665 1.         0.71683849 0.21201814 0.60233766 0.51005881
 0.23809524 1.         1.        ] 
 recall: [0.86314222 1.         0.3565812  0.74501992 0.78265272 0.82441221
 0.94202899 1.         1.        ] 
 f1: [0.91361917 1.         0.47625571 0.33009709 0.68075738 0.63021033
 0.38011696 1.         1.        ] 
 f1_avg: 0.7879516730807827

--- 24639.179990530014 seconds ---

Train Epoch: 58 accuracy: 0.88 
 precision: [0.97917946 1.         0.83827049 0.46633303 0.88090349 0.65186879
 0.47499242 0.28024194 0.5372549 ] 
 recall: [0.89287893 1.         0.76445542 0.93097184 0.91462351 0.88693576
 0.99936224 1.         1.        ] 
 f1: [0.93404    1.         0.79966314 0.62140042 0.89744687 0.75144792
 0.6439285  0.43779528 0.69897959] 
 f1_avg: 0.8825641236806376


Validation Epoch: 58 accuracy: 0.81 
 precision: [0.96681922 1.         0.71950092 0.19155206 0.6685818  0.60984115
 0.19637462 1.         1.        ] 
 recall: [0.88086374 1.         0.53230769 0.77689243 0.74620317 0.7873937
 0.94202899 1.         1.        ] 
 f1: [0.92184213 1.         0.61190804 0.30732861 0.70526316 0.68733624
 0.325      1.         1.        ] 
 f1_avg: 0.819587517988952

--- 25071.76804280281 seconds ---

Train Epoch: 59 accuracy: 0.88 
 precision: [0.9844222  1.         0.85616438 0.46597566 0.89335257 0.66079342
 0.4592853  0.60262009 0.76836158] 
 recall: [0.89318902 1.         0.80059396 0.93914623 0.92988662 0.89525463
 1.         0.99280576 0.99270073] 
 f1: [0.9365891  1.         0.82744721 0.62289157 0.91125356 0.76036003
 0.62946608 0.75       0.86624204] 
 f1_avg: 0.8914465072701453


Validation Epoch: 59 accuracy: 0.79 
 precision: [0.9698505  1.         0.72387587 0.16921769 0.62416274 0.59544513
 0.17424242 1.         1.        ] 
 recall: [0.86947133 1.         0.39076923 0.79282869 0.84913939 0.71935968
 1.         1.         1.        ] 
 f1: [0.91692187 1.         0.50754885 0.2789068  0.71947383 0.65156321
 0.29677419 1.         1.        ] 
 f1_avg: 0.8006470362059445

--- 25503.714442014694 seconds ---

Train Epoch: 60 accuracy: 0.90 
 precision: [0.987011   1.         0.88591744 0.48476923 0.91507054 0.67403315
 0.47037594 0.35279188 0.45033113] 
 recall: [0.90300187 1.         0.80245456 0.95398123 0.94912298 0.91782407
 0.99744898 1.         0.99270073] 
 f1: [0.94313938 1.         0.84212305 0.64286443 0.93178575 0.77726048
 0.6392806  0.52157598 0.61958998] 
 f1_avg: 0.9018220275890952


Validation Epoch: 60 accuracy: 0.82 
 precision: [0.95104191 1.         0.76691302 0.2377261  0.65247065 0.68489467
 0.22259136 1.         1.        ] 
 recall: [0.91414743 1.         0.46119658 0.73306773 0.80661492 0.76438219
 0.97101449 1.         1.        ] 
 f1: [0.93222977 1.         0.57600342 0.35902439 0.72140054 0.72245863
 0.36216216 1.         1.        ] 
 f1_avg: 0.8273542897559801

--- 25935.904428720474 seconds ---

Train Epoch: 61 accuracy: 0.90 
 precision: [0.98703865 1.         0.8840529  0.51983871 0.90255847 0.7147016
 0.48512089 0.41993958 0.59565217] 
 recall: [0.90952376 1.         0.81326034 0.97577959 0.95551895 0.92346644
 0.99808673 1.         1.        ] 
 f1: [0.94669714 1.         0.84718029 0.67831211 0.92828395 0.80578173
 0.65289946 0.59148936 0.74659401] 
 f1_avg: 0.907699111598778


Validation Epoch: 61 accuracy: 0.83 
 precision: [0.95221481 1.         0.62601297 0.28314239 0.6672956  0.72597339
 0.35757576 1.         1.        ] 
 recall: [0.9347729  1.         0.52820513 0.68924303 0.71616605 0.73686843
 0.85507246 1.         1.        ] 
 f1: [0.94341324 1.         0.57296495 0.40139211 0.69086765 0.73138034
 0.5042735  1.         1.        ] 
 f1_avg: 0.8314727904506095

--- 26367.986258268356 seconds ---

Train Epoch: 62 accuracy: 0.91 
 precision: [0.98517814 1.         0.88289367 0.54003693 0.92470743 0.75187178
 0.49667406 0.41616766 0.57142857] 
 recall: [0.92217743 1.         0.81791184 0.97396306 0.9533385  0.92983218
 1.         1.         0.99270073] 
 f1: [0.95263732 1.         0.84916139 0.69481641 0.93880472 0.83143596
 0.6637037  0.58773784 0.72533333] 
 f1_avg: 0.9153933824605778


Validation Epoch: 62 accuracy: 0.82 
 precision: [0.96870748 1.         0.5991656  0.31485149 0.70176704 0.65024631
 0.21474359 1.         1.        ] 
 recall: [0.90126582 1.         0.6382906  0.63346614 0.65676679 0.7923962
 0.97101449 1.         1.        ] 
 f1: [0.93377049 1.         0.61810958 0.42063492 0.67852162 0.71431793
 0.35170604 1.         1.        ] 
 f1_avg: 0.8280601011307782

Early stopping!

Test Epoch: accuracy: 0.85 
 precision: [0.9512408  1.         0.81882561 0.25878594 0.72887139 0.60630558
 1.         1.         1.        ] 
 recall: [0.9258967  1.         0.68501605 0.70845481 0.8382131  0.69799907
 0.01552795 1.         1.        ] 
 f1: [0.93839766 1.         0.74596774 0.37909516 0.77972764 0.64892927
 0.03058104 1.         1.        ] 
 f1_avg: 0.84792935735975

--- 26811.72029352188 seconds ---

Test Epoch: accuracy: 0.84 
 precision: [0.94264077 1.         0.67943381 0.28393136 0.71324644 0.75137514
 0.22857143 1.         1.        ] 
 recall: [0.93611318 1.         0.55794872 0.7250996  0.79412757 0.68334167
 0.46376812 1.         1.        ] 
 f1: [0.93936564 1.         0.61272761 0.40807175 0.75151709 0.71574535
 0.3062201  1.         1.        ] 
 f1_avg: 0.8406426053638817

--- 26821.08647608757 seconds ---
