Requirement already satisfied: scikit-learn in /net/cephfs/data/zifjia/condaenvs/audio_clf/lib/python3.8/site-packages (1.1.2)
Requirement already satisfied: threadpoolctl>=2.0.0 in /net/cephfs/data/zifjia/condaenvs/audio_clf/lib/python3.8/site-packages (from scikit-learn) (3.1.0)
Requirement already satisfied: numpy>=1.17.3 in /net/cephfs/data/zifjia/condaenvs/audio_clf/lib/python3.8/site-packages (from scikit-learn) (1.22.3)
Requirement already satisfied: joblib>=1.0.0 in /net/cephfs/data/zifjia/condaenvs/audio_clf/lib/python3.8/site-packages (from scikit-learn) (1.1.0)
Requirement already satisfied: scipy>=1.3.2 in /net/cephfs/data/zifjia/condaenvs/audio_clf/lib/python3.8/site-packages (from scikit-learn) (1.9.1)
Requirement already satisfied: tensorboard in /net/cephfs/data/zifjia/condaenvs/audio_clf/lib/python3.8/site-packages (2.10.1)
Requirement already satisfied: tensorboard-data-server<0.7.0,>=0.6.0 in /net/cephfs/home/zifjia/.local/lib/python3.8/site-packages (from tensorboard) (0.6.1)
Requirement already satisfied: setuptools>=41.0.0 in /net/cephfs/data/zifjia/condaenvs/audio_clf/lib/python3.8/site-packages (from tensorboard) (60.8.1)
Requirement already satisfied: numpy>=1.12.0 in /net/cephfs/data/zifjia/condaenvs/audio_clf/lib/python3.8/site-packages (from tensorboard) (1.22.3)
Requirement already satisfied: requests<3,>=2.21.0 in /net/cephfs/data/zifjia/condaenvs/audio_clf/lib/python3.8/site-packages (from tensorboard) (2.28.1)
Requirement already satisfied: markdown>=2.6.8 in /net/cephfs/home/zifjia/.local/lib/python3.8/site-packages (from tensorboard) (3.4.1)
Requirement already satisfied: google-auth-oauthlib<0.5,>=0.4.1 in /net/cephfs/home/zifjia/.local/lib/python3.8/site-packages (from tensorboard) (0.4.6)
Requirement already satisfied: absl-py>=0.4 in /net/cephfs/home/zifjia/.local/lib/python3.8/site-packages (from tensorboard) (1.2.0)
Requirement already satisfied: grpcio>=1.24.3 in /net/cephfs/home/zifjia/.local/lib/python3.8/site-packages (from tensorboard) (1.47.0)
Requirement already satisfied: wheel>=0.26 in /net/cephfs/data/zifjia/condaenvs/audio_clf/lib/python3.8/site-packages (from tensorboard) (0.37.1)
Requirement already satisfied: tensorboard-plugin-wit>=1.6.0 in /net/cephfs/home/zifjia/.local/lib/python3.8/site-packages (from tensorboard) (1.8.1)
Requirement already satisfied: protobuf<3.20,>=3.9.2 in /net/cephfs/home/zifjia/.local/lib/python3.8/site-packages (from tensorboard) (3.19.4)
Requirement already satisfied: werkzeug>=1.0.1 in /net/cephfs/data/zifjia/condaenvs/audio_clf/lib/python3.8/site-packages (from tensorboard) (2.1.2)
Requirement already satisfied: google-auth<3,>=1.6.3 in /net/cephfs/home/zifjia/.local/lib/python3.8/site-packages (from tensorboard) (2.9.1)
Requirement already satisfied: rsa<5,>=3.1.4 in /net/cephfs/home/zifjia/.local/lib/python3.8/site-packages (from google-auth<3,>=1.6.3->tensorboard) (4.9)
Requirement already satisfied: pyasn1-modules>=0.2.1 in /net/cephfs/home/zifjia/.local/lib/python3.8/site-packages (from google-auth<3,>=1.6.3->tensorboard) (0.2.8)
Requirement already satisfied: six>=1.9.0 in /net/cephfs/data/zifjia/condaenvs/audio_clf/lib/python3.8/site-packages (from google-auth<3,>=1.6.3->tensorboard) (1.16.0)
Requirement already satisfied: cachetools<6.0,>=2.0.0 in /net/cephfs/home/zifjia/.local/lib/python3.8/site-packages (from google-auth<3,>=1.6.3->tensorboard) (5.2.0)
Requirement already satisfied: requests-oauthlib>=0.7.0 in /net/cephfs/home/zifjia/.local/lib/python3.8/site-packages (from google-auth-oauthlib<0.5,>=0.4.1->tensorboard) (1.3.1)
Requirement already satisfied: importlib-metadata>=4.4 in /net/cephfs/home/zifjia/.local/lib/python3.8/site-packages (from markdown>=2.6.8->tensorboard) (4.12.0)
Requirement already satisfied: charset-normalizer<3,>=2 in /net/cephfs/data/zifjia/condaenvs/audio_clf/lib/python3.8/site-packages (from requests<3,>=2.21.0->tensorboard) (2.1.1)
Requirement already satisfied: certifi>=2017.4.17 in /net/cephfs/data/zifjia/condaenvs/audio_clf/lib/python3.8/site-packages (from requests<3,>=2.21.0->tensorboard) (2022.9.14)
Requirement already satisfied: urllib3<1.27,>=1.21.1 in /net/cephfs/data/zifjia/condaenvs/audio_clf/lib/python3.8/site-packages (from requests<3,>=2.21.0->tensorboard) (1.26.12)
Requirement already satisfied: idna<4,>=2.5 in /net/cephfs/data/zifjia/condaenvs/audio_clf/lib/python3.8/site-packages (from requests<3,>=2.21.0->tensorboard) (3.4)
Requirement already satisfied: zipp>=0.5 in /net/cephfs/data/zifjia/condaenvs/audio_clf/lib/python3.8/site-packages (from importlib-metadata>=4.4->markdown>=2.6.8->tensorboard) (3.8.0)
Requirement already satisfied: pyasn1<0.5.0,>=0.4.6 in /net/cephfs/home/zifjia/.local/lib/python3.8/site-packages (from pyasn1-modules>=0.2.1->google-auth<3,>=1.6.3->tensorboard) (0.4.8)
Requirement already satisfied: oauthlib>=3.0.0 in /net/cephfs/home/zifjia/.local/lib/python3.8/site-packages (from requests-oauthlib>=0.7.0->google-auth-oauthlib<0.5,>=0.4.1->tensorboard) (3.2.0)
Requirement already satisfied: torch in /net/cephfs/data/zifjia/condaenvs/audio_clf/lib/python3.8/site-packages (1.12.1)
Requirement already satisfied: torchvision in /net/cephfs/data/zifjia/condaenvs/audio_clf/lib/python3.8/site-packages (0.13.1)
Requirement already satisfied: torchaudio in /net/cephfs/data/zifjia/condaenvs/audio_clf/lib/python3.8/site-packages (0.12.1)
Requirement already satisfied: typing-extensions in /net/cephfs/data/zifjia/condaenvs/audio_clf/lib/python3.8/site-packages (from torch) (4.0.1)
Requirement already satisfied: requests in /net/cephfs/data/zifjia/condaenvs/audio_clf/lib/python3.8/site-packages (from torchvision) (2.28.1)
Requirement already satisfied: pillow!=8.3.*,>=5.3.0 in /net/cephfs/data/zifjia/condaenvs/audio_clf/lib/python3.8/site-packages (from torchvision) (9.0.1)
Requirement already satisfied: numpy in /net/cephfs/data/zifjia/condaenvs/audio_clf/lib/python3.8/site-packages (from torchvision) (1.22.3)
Requirement already satisfied: charset-normalizer<3,>=2 in /net/cephfs/data/zifjia/condaenvs/audio_clf/lib/python3.8/site-packages (from requests->torchvision) (2.1.1)
Requirement already satisfied: idna<4,>=2.5 in /net/cephfs/data/zifjia/condaenvs/audio_clf/lib/python3.8/site-packages (from requests->torchvision) (3.4)
Requirement already satisfied: urllib3<1.27,>=1.21.1 in /net/cephfs/data/zifjia/condaenvs/audio_clf/lib/python3.8/site-packages (from requests->torchvision) (1.26.12)
Requirement already satisfied: certifi>=2017.4.17 in /net/cephfs/data/zifjia/condaenvs/audio_clf/lib/python3.8/site-packages (from requests->torchvision) (2022.9.14)
{'name': 'chimp_spectrogram_lstm_42', 'data_path': '/home/cluster/zifjia/data/data_chimp/spectrogram_split_42', 'test_only': False, 'balance_weights': True, 'model_type': 'lstm', 'n_embedding': 201, 'd_hid': 1024, 'nlayers': 2, 'batch_size': 1, 'n_epoch': 200, 'lr': 0.0001, 'dropout': 0.4, 'patience': 10, 'step_factor': 0.7, 'seed': 42}
cuda
Reading data ...
train, dev, test number of files: 188, 23, 24.
dev files:  ['ASO1624_02 HW single ph_01', 'ASO1138 Sonso PS single ph_01', 'ASO1331 Sonso FK single ph feeding_01', 'ASO3453 KT pg pant ph intro, 1_20 unk hoo, 16_20 KT single ph_01', 'ASO0471 Sonso KT single ph feeding, group ph_01', 'ASO1514 MS single ph intro, KC group ph_01', 'ASO0481 Sonso KT single ph, KZ single ph feeding_01', 'ASO3132 KT single ph rest_01', 'ASO3129 KT single ph resting_01', 'ASO1614 HW single ph feeding_01', 'ASO3829 PS IN IS group ph resting, 1_30 HW single ph_01', 'ASO3462 PS single ph drum traveling_01', 'ASO3574 KT single ph feeding_01', 'ASO3856 MS single ph feeding_01', 'ASO3455 KT single ph_01', 'ASO3015 PS single ph feeding_01', 'ASO2125 KL OK KC JS group ph, FK single ph, OK KL KC KO group ph, PS single ph, PS single ph feeding_02', 'ASO3403 ZL single ph, KC fg_01', 'ASO3954 FK single ph drum traveling_01', 'ASO3404 ZL KC group ph, inf single ph other party, 3_50 KS PS ZL KC group ph, PS display, KS fg. 6_10 PS single ph_01', 'ASO3179 FK single ph resting looking at monkeys_01', 'ASO0780 Sonso ZL single ph drum_01', 'ASO3150 KT single ph_01']
test files:  ['ASO3080 HW single ph drum traveling, 2_00 HW single ph drum traveling-resting, 5_20 HW single ph drum traveling-resting_02', 'ASO4567 KC display drum (not visible), FK SM group ph drum, 1_50 ZL single ph drum travel_01', 'ASO3457 KT single ph_01', 'ASO0334 Sonso PS single ph_01', 'ASO0020 Sonso SQ single ph, PS single ph other party 2_01', 'ASO3737 HW single ph drum resting-traveling, 1_15 JN single ph feeding, HW single ph_02', 'ASO0107 Sonso Thermal Camera KZ single ph 2_50 with reply ZD, KZ SQ group ph 3_34_01', 'ASO3016 ZL single ph feeding_01', 'ASO3770 MS single ph drum traveling-resting_01', 'ASO1487 ZL single ph start, DL unk group ph, PS single ph start_01', 'ASO0910 Sonso Thermal Camera HW resting, 2_05 HW single ph, 13_45 HW PS group ph drum traveling_01', 'ASO1487 ZL single ph start, DL unk group ph, PS single ph start_02', 'ASO1035 Sonso unk group ph 100m, 0_30 ZD single ph drum, FK unk single ph drum 100m_01', 'ASO1093 Sonso SQ single ph_01', 'ASO0094 Sonso ZL single ph_01', 'ASO2877 FK single ph, KO pg-whimper, unk MB group ph_01', 'ASO2546 FK single fg ph feeding, HW single ph drum, FK fg, FK single ph, FK fg_01', 'ASO2392 group ph, 1_30 pg to ph, 1_45 NB group ph, 2_30 SM PS MB group ph, MB fg, 3_40 PS unk group ph, SM single ph, unk display to DL, 5_46 DL single ph intro_01', 'ASO2544 HW single ph drum traveling_01', 'ASO0088 Sonso HW single ph drum,  group ph, unk F ph_01', 'ASO3874 unk pg-ph start, unk group ph, 1_50 HW single ph feeding_01', 'ASO1581 HW single ph drum, MS NB unk group ph other party, HW single ph B-U, KT HW group ph_01', 'ASO3870 FK scream, MS FK group ph drum, FK MS group fg, FK MS group ph drum, MS FK fg, MS single ph intro, FK MS group ph. FK fg, 3_19 MS FK group ph feeding, 4_24 FK single ph_01', 'ASO4619 ZL unk group ph, PS single ph intro_01']
train_data_all: (78704, 202)
Labels in train_data_all:  {0: 866, 1: 38429, 2: 17370, 3: 15944, 4: 6095}
--- 4.909693241119385 seconds ---
LSTM(
  (lstm): LSTM(201, 1024, num_layers=2, dropout=0.4, bidirectional=True)
  (hidden2tag): Linear(in_features=2048, out_features=5, bias=True)
)
Number of parameters: 35244037

Train Epoch: 1 accuracy: 0.38 
 precision: [0.         0.58918836 0.28907923 0.66205567 0.10088874] 
 recall: [0.         0.39933384 0.24093264 0.49529604 0.43396226] 
 f1: [0.         0.47602947 0.2628191  0.56666188 0.16371627] 
 f1_avg: 0.4179102967354758


Validation Epoch: 1 accuracy: 0.60 
 precision: [1.         0.58332376 1.         0.75828111 1.        ] 
 recall: [0.         0.95308688 0.         0.47134112 0.        ] 
 f1: [0.         0.72371046 0.         0.5813315  0.        ] 
 f1_avg: 0.498911415523496

New best val score, save model ...
--- 22.62256407737732 seconds ---

Train Epoch: 2 accuracy: 0.56 
 precision: [1.         0.53995399 0.45873738 0.72425879 0.01694915] 
 recall: [0.00000000e+00 8.85685290e-01 1.33448474e-01 4.79553437e-01
 1.64068909e-04] 
 f1: [0.00000000e+00 6.70898053e-01 2.06751996e-01 5.77034829e-01
 3.24991875e-04] 
 f1_avg: 0.49013325323541723


Validation Epoch: 2 accuracy: 0.61 
 precision: [1.         0.58954524 0.         0.72424477 1.        ] 
 recall: [0.         0.94389191 0.         0.52031163 0.        ] 
 f1: [0.         0.72577736 0.         0.60556995 0.        ] 
 f1_avg: 0.5044662818958214

New best val score, save model ...
--- 36.58599257469177 seconds ---

Train Epoch: 3 accuracy: 0.56 
 precision: [1.         0.54435952 0.4650502  0.71576616 0.08403361] 
 recall: [0.         0.87847719 0.14133564 0.50683643 0.00164069] 
 f1: [0.         0.67218876 0.21678661 0.59344936 0.00321854] 
 f1_avg: 0.4965274826424271


Validation Epoch: 3 accuracy: 0.61 
 precision: [1.         0.59324051 0.30769231 0.7109375  1.        ] 
 recall: [0.         0.93544755 0.00236128 0.55703951 0.        ] 
 f1: [0.         0.72604136 0.00468658 0.62464899 0.        ] 
 f1_avg: 0.5089075454875887

New best val score, save model ...
--- 50.60291314125061 seconds ---

Train Epoch: 4 accuracy: 0.57 
 precision: [1.         0.54789146 0.46535878 0.70831243 0.13017751] 
 recall: [0.         0.86853678 0.15158319 0.53123432 0.00360952] 
 f1: [0.         0.67192092 0.22867813 0.60712494 0.00702427] 
 f1_avg: 0.5020863137691544


Validation Epoch: 4 accuracy: 0.61 
 precision: [1.         0.59358481 0.26829268 0.69636737 1.        ] 
 recall: [0.         0.92719084 0.00649351 0.56538676 0.        ] 
 f1: [0.         0.72379697 0.01268012 0.62407862 0.        ] 
 f1_avg: 0.5089641127456433

New best val score, save model ...
--- 64.67563962936401 seconds ---

Train Epoch: 5 accuracy: 0.57 
 precision: [1.         0.5500624  0.46274575 0.70367076 0.13297872] 
 recall: [0.         0.86018372 0.16125504 0.54584797 0.00410172] 
 f1: [0.         0.67102432 0.23916663 0.61479231 0.00795798] 
 f1_avg: 0.5055889216822734


Validation Epoch: 5 accuracy: 0.61 
 precision: [1.         0.59350775 0.23188406 0.69112742 1.        ] 
 recall: [0.         0.91949709 0.0094451  0.57651642 0.        ] 
 f1: [0.         0.72138388 0.01815088 0.62864078 0.        ] 
 f1_avg: 0.5094329965126485

New best val score, save model ...
--- 78.78521299362183 seconds ---

Train Epoch: 6 accuracy: 0.57 
 precision: [1.         0.55202667 0.46174308 0.6988833  0.14953271] 
 recall: [0.         0.85302766 0.16989062 0.55738836 0.00525021] 
 f1: [0.         0.67028585 0.24839022 0.62016748 0.01014424] 
 f1_avg: 0.5085222181606783


Validation Epoch: 6 accuracy: 0.60 
 precision: [1.         0.59342266 0.2        0.68766404 1.        ] 
 recall: [0.         0.91424282 0.01062574 0.58319421 0.        ] 
 f1: [0.         0.71969865 0.02017937 0.6311352  0.        ] 
 f1_avg: 0.5093249092414579

--- 92.60663962364197 seconds ---

Train Epoch: 7 accuracy: 0.57 
 precision: [1.         0.55358571 0.46203385 0.69636406 0.14403292] 
 recall: [0.         0.84667829 0.17760507 0.56817612 0.00574241] 
 f1: [0.         0.66945805 0.25658086 0.6257728  0.01104449] 
 f1_avg: 0.5111309545563453


Validation Epoch: 7 accuracy: 0.60 
 precision: [1.         0.59373087 0.21621622 0.6843467  1.        ] 
 recall: [0.         0.90992682 0.01416765 0.58875904 0.        ] 
 f1: [0.         0.71858328 0.0265928  0.6329644  0.        ] 
 f1_avg: 0.510160377865052

New best val score, save model ...
--- 106.77771663665771 seconds ---

Train Epoch: 8 accuracy: 0.57 
 precision: [1.         0.55519481 0.46298963 0.69329218 0.16603774] 
 recall: [0.         0.84100549 0.18508923 0.57758404 0.00721903] 
 f1: [0.         0.66884656 0.26445669 0.63017073 0.01383648] 
 f1_avg: 0.5136777358151269


Validation Epoch: 8 accuracy: 0.60 
 precision: [1.         0.59353491 0.21705426 0.68184734 1.        ] 
 recall: [0.         0.90617377 0.01652893 0.59154146 0.        ] 
 f1: [0.         0.71726699 0.0307186  0.63349225 0.        ] 
 f1_avg: 0.5102543425160039

New best val score, save model ...
--- 120.98442101478577 seconds ---

Train Epoch: 9 accuracy: 0.57 
 precision: [1.         0.55683787 0.46139986 0.69174883 0.15410959] 
 recall: [0.         0.83619142 0.19165227 0.58523583 0.0073831 ] 
 f1: [0.         0.66850432 0.27081554 0.63405022 0.01409112] 
 f1_avg: 0.5157196650025433


Validation Epoch: 9 accuracy: 0.60 
 precision: [1.         0.59384653 0.24390244 0.67964263 1.        ] 
 recall: [0.         0.90185776 0.02361275 0.59265442 0.        ] 
 f1: [0.         0.71613768 0.04305705 0.63317479 0.        ] 
 f1_avg: 0.5117112647530528

New best val score, save model ...
--- 135.17293691635132 seconds ---

Train Epoch: 10 accuracy: 0.57 
 precision: [1.         0.5584232  0.46396214 0.69036831 0.169279  ] 
 recall: [0.         0.83273049 0.19752447 0.59251129 0.00885972] 
 f1: [0.         0.66853293 0.2770846  0.63770757 0.01683817] 
 f1_avg: 0.5180708673945097


Validation Epoch: 10 accuracy: 0.60 
 precision: [1.         0.59455427 0.28350515 0.67548834 1.        ] 
 recall: [0.         0.8973541  0.03246753 0.59654981 0.        ] 
 f1: [0.         0.71522585 0.05826271 0.63356974 0.        ] 
 f1_avg: 0.5139108697945198

New best val score, save model ...
--- 149.3335657119751 seconds ---

Train Epoch: 11 accuracy: 0.57 
 precision: [1.         0.55944694 0.46648045 0.68881346 0.19308357] 
 recall: [0.         0.82968591 0.20189983 0.59821877 0.01099262] 
 f1: [0.         0.66828057 0.28182257 0.64032762 0.02080099] 
 f1_avg: 0.5198309797696907


Validation Epoch: 11 accuracy: 0.60 
 precision: [1.         0.59565435 0.30909091 0.67794486 1.        ] 
 recall: [0.         0.89510227 0.04014168 0.60211464 0.        ] 
 f1: [0.         0.71530329 0.07105538 0.63778367 0.        ] 
 f1_avg: 0.5169295924331719

New best val score, save model ...
--- 163.46234130859375 seconds ---

Train Epoch: 12 accuracy: 0.57 
 precision: [1.         0.56056467 0.46744399 0.68820285 0.18428184] 
 recall: [0.         0.82768222 0.20541163 0.60260913 0.01115669] 
 f1: [0.         0.66842492 0.28540575 0.64256813 0.0210396 ] 
 f1_avg: 0.5211646420408563


Validation Epoch: 12 accuracy: 0.60 
 precision: [1.         0.59776185 0.3647541  0.67117394 1.        ] 
 recall: [0.         0.89209983 0.05253837 0.60767947 0.        ] 
 f1: [0.         0.71585605 0.09184727 0.63785047 0.        ] 
 f1_avg: 0.5208268958618754

New best val score, save model ...
--- 177.65711498260498 seconds ---

Train Epoch: 13 accuracy: 0.57 
 precision: [1.         0.56182105 0.4673899  0.68596094 0.1825    ] 
 recall: [0.         0.82497593 0.20834773 0.60800301 0.01197703] 
 f1: [0.         0.66843071 0.28821726 0.64463359 0.02247883] 
 f1_avg: 0.522317848061291


Validation Epoch: 13 accuracy: 0.61 
 precision: [1.         0.59894127 0.3875969  0.67095588 1.        ] 
 recall: [0.         0.89172453 0.05903188 0.60934891 0.        ] 
 f1: [0.         0.71657996 0.10245902 0.63867017 0.        ] 
 f1_avg: 0.523199355203114

New best val score, save model ...
--- 191.80433201789856 seconds ---

Train Epoch: 14 accuracy: 0.57 
 precision: [1.         0.5626512  0.46977812 0.68414026 0.19036145] 
 recall: [0.         0.82307632 0.21208981 0.61063723 0.01296144] 
 f1: [0.         0.66839241 0.29224179 0.6453024  0.02427035] 
 f1_avg: 0.5234615936327749


Validation Epoch: 14 accuracy: 0.61 
 precision: [1.         0.60055724 0.3992674  0.6694864  1.        ] 
 recall: [0.         0.889848   0.06434475 0.61658319 0.        ] 
 f1: [0.         0.71712665 0.11082867 0.6419467  0.        ] 
 f1_avg: 0.5255384697961859

New best val score, save model ...
--- 205.94711589813232 seconds ---

Train Epoch: 15 accuracy: 0.57 
 precision: [1.         0.56361786 0.46994329 0.68490474 0.19138756] 
 recall: [0.         0.82164511 0.21468048 0.61552935 0.01312551] 
 f1: [0.         0.66860065 0.29472436 0.64836653 0.02456625] 
 f1_avg: 0.5247548262300754


Validation Epoch: 15 accuracy: 0.61 
 precision: [1.         0.60109359 0.40344828 0.66646707 1.        ] 
 recall: [0.         0.88703321 0.0690673  0.61936561 0.        ] 
 f1: [0.         0.71659213 0.11794355 0.64205365 0.        ] 
 f1_avg: 0.5264949358822186

New best val score, save model ...
--- 220.09995412826538 seconds ---

Train Epoch: 16 accuracy: 0.57 
 precision: [1.         0.56474807 0.47160648 0.6816767  0.18344519] 
 recall: [0.         0.81958937 0.21801957 0.61810085 0.01345365] 
 f1: [0.         0.66871198 0.29818898 0.64833394 0.02506879] 
 f1_avg: 0.5256061421691348


Validation Epoch: 16 accuracy: 0.61 
 precision: [1.         0.60122543 0.41254125 0.66152934 1.        ] 
 recall: [0.         0.88384312 0.07378985 0.62103506 0.        ] 
 f1: [0.         0.71564233 0.12518778 0.64064294 0.        ] 
 f1_avg: 0.5269708310779712

New best val score, save model ...
--- 234.21379160881042 seconds ---

Train Epoch: 17 accuracy: 0.58 
 precision: [1.         0.56556846 0.47377493 0.68193086 0.20264317] 
 recall: [0.         0.81836634 0.22153138 0.62111139 0.01509434] 
 f1: [0.         0.66887861 0.30189863 0.65010175 0.02809589] 
 f1_avg: 0.5270987772540623


Validation Epoch: 17 accuracy: 0.61 
 precision: [1.         0.6015615  0.40438871 0.66134752 1.        ] 
 recall: [0.         0.8819666  0.07615112 0.62270451 0.        ] 
 f1: [0.         0.71526404 0.12816692 0.64144454 0.        ] 
 f1_avg: 0.5274259625468548

New best val score, save model ...
--- 248.30576992034912 seconds ---

Train Epoch: 18 accuracy: 0.58 
 precision: [1.         0.5663918  0.47473761 0.68060212 0.20042194] 
 recall: [0.         0.81683104 0.22394934 0.62387105 0.01558655] 
 f1: [0.         0.6689398  0.30433422 0.65100298 0.02892373] 
 f1_avg: 0.5279128698776883


Validation Epoch: 18 accuracy: 0.61 
 precision: [0.         0.60279954 0.40895522 0.66078777 1.        ] 
 recall: [0.         0.88084068 0.08087367 0.62548692 0.        ] 
 f1: [0.         0.715767   0.13504189 0.64265294 0.        ] 
 f1_avg: 0.5291053197992001

New best val score, save model ...
--- 262.36965250968933 seconds ---

Train Epoch: 19 accuracy: 0.58 
 precision: [1.         0.56692129 0.47415974 0.67972429 0.2039604 ] 
 recall: [0.00115473 0.81498348 0.22659758 0.6246864  0.0168991 ] 
 f1: [0.00230681 0.66868788 0.30664953 0.65104422 0.03121212] 
 f1_avg: 0.5285118103817817


Validation Epoch: 19 accuracy: 0.61 
 precision: [0.         0.60366168 0.40740741 0.65675991 1.        ] 
 recall: [0.         0.87858885 0.08441558 0.62715637 0.        ] 
 f1: [0.         0.71562858 0.1398533  0.64161685 0.        ] 
 f1_avg: 0.5296703673920018

New best val score, save model ...
--- 276.418833732605 seconds ---

Train Epoch: 20 accuracy: 0.58 
 precision: [1.         0.56771769 0.47508385 0.67872384 0.20079523] 
 recall: [0.00115473 0.81383851 0.2283247  0.62844957 0.01657096] 
 f1: [0.00230681 0.66885519 0.30842212 0.65261992 0.03061534] 
 f1_avg: 0.5292577079814871


Validation Epoch: 20 accuracy: 0.61 
 precision: [0.         0.60408585 0.40540541 0.65735893 1.        ] 
 recall: [0.         0.87671233 0.08854782 0.62882582 0.        ] 
 f1: [0.         0.71530276 0.14534884 0.64277588 0.        ] 
 f1_avg: 0.5306532590057714

New best val score, save model ...
--- 290.4727256298065 seconds ---

Train Epoch: 21 accuracy: 0.58 
 precision: [1.         0.56872021 0.4784365  0.67883212 0.20075758] 
 recall: [0.00115473 0.81339613 0.2318365  0.62995484 0.0173913 ] 
 f1: [0.00230681 0.66940069 0.31232792 0.65348081 0.03200966] 
 f1_avg: 0.5306684498525353


Validation Epoch: 21 accuracy: 0.61 
 precision: [0.         0.60529389 0.4119171  0.6568287  0.5       ] 
 recall: [0.         0.87539876 0.09386068 0.63160824 0.00100301] 
 f1: [0.         0.71571034 0.15288462 0.64397163 0.002002  ] 
 f1_avg: 0.5325956800454346

New best val score, save model ...
--- 304.5203425884247 seconds ---

Train Epoch: 22 accuracy: 0.58 
 precision: [0.33333333 0.56929085 0.47811726 0.67818792 0.21863118] 
 recall: [0.00115473 0.81178277 0.23333333 0.63378073 0.01886792] 
 f1: [0.0023015  0.66924818 0.31361473 0.65523278 0.03473795] 
 f1_avg: 0.53144412776693


Validation Epoch: 22 accuracy: 0.61 
 precision: [0.         0.60600546 0.40506329 0.65377957 0.5       ] 
 recall: [0.         0.8748358  0.094451   0.63049527 0.00100301] 
 f1: [0.         0.71601904 0.15318334 0.64192635 0.002002  ] 
 f1_avg: 0.5324405240644912

--- 318.20843958854675 seconds ---

Train Epoch: 23 accuracy: 0.58 
 precision: [0.25       0.5696309  0.47798669 0.67748424 0.20947177] 
 recall: [0.00115473 0.81042962 0.23563615 0.63371801 0.01886792] 
 f1: [0.00229885 0.66902248 0.31565958 0.6548707  0.0346177 ] 
 f1_avg: 0.5317025307293635


Validation Epoch: 23 accuracy: 0.61 
 precision: [1.         0.60676064 0.40640394 0.65125571 0.75      ] 
 recall: [0.         0.87239632 0.0974026  0.63494713 0.00300903] 
 f1: [0.         0.71572627 0.15714286 0.64299803 0.00599401] 
 f1_avg: 0.5335656334760891

New best val score, save model ...
--- 332.22948360443115 seconds ---

Train Epoch: 24 accuracy: 0.58 
 precision: [0.25       0.57020052 0.47802712 0.67529788 0.20248668] 
 recall: [0.00115473 0.80951885 0.23546344 0.63628951 0.01870386] 
 f1: [0.00229885 0.66910428 0.31551338 0.65521361 0.03424452] 
 f1_avg: 0.5317507750743683


Validation Epoch: 24 accuracy: 0.61 
 precision: [1.         0.60719895 0.40758294 0.6513083  0.75      ] 
 recall: [0.         0.8705198  0.10153483 0.63717307 0.00300903] 
 f1: [0.         0.71539826 0.16257089 0.64416315 0.00599401] 
 f1_avg: 0.5345368082319565

New best val score, save model ...
--- 346.28469228744507 seconds ---

Train Epoch: 25 accuracy: 0.58 
 precision: [0.25       0.57077265 0.47898576 0.67604229 0.21043478] 
 recall: [0.00115473 0.80871217 0.23816926 0.63766934 0.01985234] 
 f1: [0.00229885 0.66922199 0.31814511 0.65629539 0.03628186] 
 f1_avg: 0.5327659953913314


Validation Epoch: 25 accuracy: 0.61 
 precision: [1.         0.60734908 0.40681818 0.65       0.75      ] 
 recall: [0.         0.86845562 0.10566706 0.63661658 0.00300903] 
 f1: [0.         0.71480423 0.16776007 0.64323868 0.00599401] 
 f1_avg: 0.5349402747256167

New best val score, save model ...
--- 360.32394552230835 seconds ---

Train Epoch: 26 accuracy: 0.58 
 precision: [0.33333333 0.57126566 0.48086926 0.67505797 0.20918367] 
 recall: [0.00115473 0.80819173 0.23949338 0.63911189 0.02018048] 
 f1: [0.0023015  0.6693823  0.31974175 0.65659332 0.03680982] 
 f1_avg: 0.5332979184941777


Validation Epoch: 26 accuracy: 0.61 
 precision: [1.         0.60828824 0.4025974  0.64831461 0.8       ] 
 recall: [0.         0.86489022 0.10979929 0.64218141 0.00401204] 
 f1: [0.         0.71424144 0.17254174 0.64523344 0.00798403] 
 f1_avg: 0.5360263540224556

New best val score, save model ...
--- 374.3730161190033 seconds ---

Train Epoch: 27 accuracy: 0.58 
 precision: [0.25       0.57216923 0.48036081 0.67516681 0.21122112] 
 recall: [0.00115473 0.8069687  0.24219919 0.64099348 0.02100082] 
 f1: [0.00229885 0.66958155 0.32203001 0.6576365  0.03820325] 
 f1_avg: 0.5342194377526112


Validation Epoch: 27 accuracy: 0.61 
 precision: [1.         0.60824059 0.40416667 0.64489112 0.8       ] 
 recall: [0.         0.86151248 0.11452184 0.6427379  0.00401204] 
 f1: [0.         0.71305428 0.17847286 0.64381271 0.00798403] 
 f1_avg: 0.5361452379729869

New best val score, save model ...
--- 388.41164350509644 seconds ---

Train Epoch: 28 accuracy: 0.58 
 precision: [0.25       0.5728071  0.47921871 0.67526655 0.21818182] 
 recall: [0.00115473 0.80631815 0.24294761 0.64350226 0.0216571 ] 
 f1: [0.00229885 0.66979378 0.32243276 0.65900186 0.03940299] 
 f1_avg: 0.5347814607074451


Validation Epoch: 28 accuracy: 0.61 
 precision: [1.         0.60900757 0.40123457 0.64598338 0.83333333] 
 recall: [0.         0.86019891 0.11511216 0.64885921 0.00501505] 
 f1: [0.         0.71313006 0.17889908 0.6474181  0.00997009] 
 f1_avg: 0.5371208897984002

New best val score, save model ...
--- 402.4361045360565 seconds ---

Train Epoch: 29 accuracy: 0.58 
 precision: [0.25       0.57332345 0.48281321 0.67413816 0.22006472] 
 recall: [0.00115473 0.80532931 0.24582614 0.64513297 0.02231337] 
 f1: [0.00229885 0.66980489 0.32578012 0.65931671 0.0405184 ] 
 f1_avg: 0.5356758079928806


Validation Epoch: 29 accuracy: 0.60 
 precision: [1.         0.6086262  0.4        0.64198895 0.57142857] 
 recall: [0.         0.85794708 0.11688312 0.64663328 0.00401204] 
 f1: [0.         0.71209407 0.18090452 0.64430274 0.00796813] 
 f1_avg: 0.5361317014619998

--- 416.1287865638733 seconds ---

Train Epoch: 30 accuracy: 0.58 
 precision: [0.25       0.5736972  0.48076058 0.67379085 0.22660099] 
 recall: [0.00115473 0.80470478 0.24599885 0.64657551 0.02264151] 
 f1: [0.00229885 0.66984361 0.32546272 0.6599027  0.04116945] 
 f1_avg: 0.5357937927407476


Validation Epoch: 30 accuracy: 0.60 
 precision: [1.         0.6093625  0.40361446 0.63975837 0.57142857] 
 recall: [0.         0.85738412 0.11865407 0.64830273 0.00401204] 
 f1: [0.         0.71240352 0.18339416 0.64400221 0.00796813] 
 f1_avg: 0.5366738887442274

--- 429.8638038635254 seconds ---

Train Epoch: 31 accuracy: 0.58 
 precision: [0.         0.57430159 0.48287094 0.67337371 0.2125    ] 
 recall: [0.         0.80402821 0.24749568 0.64858254 0.02231337] 
 f1: [0.         0.6700206  0.32725612 0.66074566 0.04038604] 
 f1_avg: 0.5363608231505537


Validation Epoch: 31 accuracy: 0.60 
 precision: [1.         0.60953144 0.40354331 0.64096916 0.55555556] 
 recall: [0.         0.85682117 0.12101535 0.64774624 0.00501505] 
 f1: [0.         0.71232449 0.18619437 0.64433988 0.00994036] 
 f1_avg: 0.5373757931234437

New best val score, save model ...
--- 443.9156892299652 seconds ---

Train Epoch: 32 accuracy: 0.58 
 precision: [0.25       0.5751942  0.48310736 0.67371503 0.21966206] 
 recall: [0.00115473 0.80348175 0.25025907 0.64946061 0.02346185] 
 f1: [0.00229885 0.67043752 0.32971784 0.66136552 0.04239549] 
 f1_avg: 0.5374141795926125


Validation Epoch: 32 accuracy: 0.60 
 precision: [1.         0.60945874 0.40038314 0.63696009 0.55555556] 
 recall: [0.         0.85363108 0.12337662 0.64830273 0.00501505] 
 f1: [0.         0.71117017 0.18862816 0.64258136 0.00994036] 
 f1_avg: 0.5368476362387997

--- 457.62093353271484 seconds ---

Train Epoch: 33 accuracy: 0.58 
 precision: [0.25       0.57568576 0.482751   0.67337532 0.22021116] 
 recall: [0.00115473 0.80280517 0.25135291 0.65052684 0.02395406] 
 f1: [0.00229885 0.67053543 0.33058227 0.66175392 0.04320805] 
 f1_avg: 0.537794374240319


Validation Epoch: 33 accuracy: 0.60 
 precision: [1.         0.6095468  0.4        0.63815789 0.5       ] 
 recall: [0.         0.85306812 0.12514758 0.64774624 0.00601805] 
 f1: [0.         0.71103464 0.19064748 0.64291632 0.01189296] 
 f1_avg: 0.5373817558527758

New best val score, save model ...
--- 471.66693687438965 seconds ---

Train Epoch: 34 accuracy: 0.58 
 precision: [0.25       0.57626295 0.4830732  0.67422133 0.22585438] 
 recall: [0.00115473 0.80205053 0.25302245 0.65303562 0.02493847] 
 f1: [0.00229885 0.67066311 0.33209914 0.66345939 0.04491726] 
 f1_avg: 0.5386693543137072


Validation Epoch: 34 accuracy: 0.60 
 precision: [1.         0.60977251 0.39591078 0.63306233 0.5       ] 
 recall: [0.         0.85006568 0.1257379  0.64997218 0.00601805] 
 f1: [0.         0.71014266 0.19086022 0.64140582 0.01189296] 
 f1_avg: 0.5366582818271144

--- 485.3886594772339 seconds ---

Train Epoch: 35 accuracy: 0.58 
 precision: [0.2        0.57624864 0.48312144 0.67299129 0.20940171] 
 recall: [0.00115473 0.80041115 0.25377087 0.65403914 0.02411813] 
 f1: [0.00229621 0.67007962 0.33275459 0.66337988 0.04325438] 
 f1_avg: 0.5383841957285805


Validation Epoch: 35 accuracy: 0.60 
 precision: [1.         0.60999596 0.39377289 0.6330076  0.53846154] 
 recall: [0.         0.84969037 0.12691854 0.64885921 0.00702106] 
 f1: [0.         0.71016311 0.19196429 0.64083539 0.01386139] 
 f1_avg: 0.5369551840075711

--- 499.08784341812134 seconds ---

Train Epoch: 36 accuracy: 0.58 
 precision: [0.25       0.57677018 0.48323321 0.67257721 0.21468927] 
 recall: [0.00115473 0.80038513 0.254692   0.6542273  0.02493847] 
 f1: [0.00229885 0.67042297 0.3335721  0.66327536 0.04468617] 
 f1_avg: 0.5388220029420416


Validation Epoch: 36 accuracy: 0.60 
 precision: [1.         0.61012146 0.39145907 0.63097826 0.5       ] 
 recall: [0.         0.84837681 0.12987013 0.64607679 0.00601805] 
 f1: [0.         0.70978884 0.19503546 0.63843827 0.01189296] 
 f1_avg: 0.5366434901406566

--- 512.7893311977386 seconds ---

Train Epoch: 37 accuracy: 0.58 
 precision: [0.         0.57761326 0.4838149  0.67253793 0.21666667] 
 recall: [0.         0.79991673 0.25641911 0.6561716  0.02559475] 
 f1: [0.         0.67082751 0.33518964 0.66425397 0.04578136] 
 f1_avg: 0.539634292431932


Validation Epoch: 37 accuracy: 0.60 
 precision: [1.         0.61015572 0.39575972 0.62580645 0.53846154] 
 recall: [0.         0.84556202 0.1322314  0.64774624 0.00702106] 
 f1: [0.         0.70882492 0.19823009 0.63658737 0.01386139] 
 f1_avg: 0.5365326806534384

--- 526.5246980190277 seconds ---

Train Epoch: 38 accuracy: 0.58 
 precision: [0.25       0.5774632  0.48231859 0.67129956 0.22005571] 
 recall: [0.00115473 0.79825132 0.25676454 0.65736327 0.02592289] 
 f1: [0.00229885 0.67014014 0.33512417 0.66425833 0.04638192] 
 f1_avg: 0.5393569019455209


Validation Epoch: 38 accuracy: 0.60 
 precision: [1.         0.61111111 0.39688042 0.62837109 0.46153846] 
 recall: [0.         0.84631263 0.135183   0.64830273 0.00601805] 
 f1: [0.         0.70973326 0.20167327 0.63818132 0.01188119] 
 f1_avg: 0.5377097354584867

New best val score, save model ...
--- 540.5890862941742 seconds ---

Train Epoch: 39 accuracy: 0.58 
 precision: [0.33333333 0.57827621 0.48315089 0.67126701 0.22005571] 
 recall: [0.00230947 0.79770486 0.2591825  0.65893126 0.02592289] 
 f1: [0.00458716 0.67049431 0.3373801  0.66504194 0.04638192] 
 f1_avg: 0.5402116427761312


Validation Epoch: 39 accuracy: 0.60 
 precision: [1.         0.6117679  0.39487179 0.6270733  0.45454545] 
 recall: [0.         0.84481141 0.13636364 0.65219811 0.00501505] 
 f1: [0.         0.70964691 0.20272049 0.63938898 0.00992063] 
 f1_avg: 0.5378654079931243

New best val score, save model ...
--- 554.641651391983 seconds ---

Train Epoch: 40 accuracy: 0.58 
 precision: [0.         0.57876829 0.48311495 0.67091837 0.22131148] 
 recall: [0.         0.79674204 0.26108233 0.65980933 0.02657916] 
 f1: [0.         0.67048428 0.33897672 0.66531748 0.04745862] 
 f1_avg: 0.5406478482786958


Validation Epoch: 40 accuracy: 0.60 
 precision: [1.         0.61151961 0.39393939 0.62680192 0.38461538] 
 recall: [0.         0.84274723 0.13813459 0.65331107 0.00501505] 
 f1: [0.         0.70875089 0.20454545 0.63978202 0.00990099] 
 f1_avg: 0.537763950644907

--- 568.3494322299957 seconds ---

Train Epoch: 41 accuracy: 0.58 
 precision: [0.         0.57900212 0.48350483 0.67177718 0.21954485] 
 recall: [0.         0.79661193 0.26240645 0.65955845 0.0269073 ] 
 f1: [0.         0.67059506 0.34018733 0.66561175 0.0479392 ] 
 f1_avg: 0.5410659542173281


Validation Epoch: 41 accuracy: 0.60 
 precision: [1.         0.61208896 0.39403974 0.62546617 0.57142857] 
 recall: [0.         0.84180897 0.14049587 0.65331107 0.00802407] 
 f1: [0.         0.70880076 0.20713664 0.63908547 0.01582591] 
 f1_avg: 0.5387116988256827

New best val score, save model ...
--- 582.3742141723633 seconds ---

Train Epoch: 42 accuracy: 0.58 
 precision: [0.         0.57938238 0.48361869 0.67160667 0.22513089] 
 recall: [0.         0.79531083 0.26344272 0.66225539 0.02821985] 
 f1: [0.         0.67038824 0.34108527 0.66689825 0.05015308] 
 f1_avg: 0.5415952137679347


Validation Epoch: 42 accuracy: 0.60 
 precision: [1.         0.61232577 0.39032258 0.62646745 0.41666667] 
 recall: [0.         0.84087071 0.14285714 0.65331107 0.00501505] 
 f1: [0.         0.70862655 0.20916162 0.63960774 0.0099108 ] 
 f1_avg: 0.5384616102777804

--- 596.0819919109344 seconds ---

Train Epoch: 43 accuracy: 0.58 
 precision: [0.         0.57961469 0.48289294 0.67000698 0.24197861] 
 recall: [0.         0.79463426 0.26407599 0.66256899 0.02969647] 
 f1: [0.         0.67030314 0.34143437 0.66626723 0.05290077] 
 f1_avg: 0.5417156569152592


Validation Epoch: 43 accuracy: 0.60 
 precision: [1.         0.6128679  0.3913738  0.62639702 0.42857143] 
 recall: [0.         0.8401201  0.1446281  0.65498052 0.00601805] 
 f1: [0.         0.70872249 0.2112069  0.64036997 0.01186944] 
 f1_avg: 0.539204531461046

New best val score, save model ...
--- 610.1406106948853 seconds ---

Train Epoch: 44 accuracy: 0.58 
 precision: [0.         0.58027741 0.48391154 0.67134332 0.22136422] 
 recall: [0.         0.79471233 0.26580311 0.66325891 0.02821985] 
 f1: [0.         0.67077389 0.34313106 0.66727663 0.05005821] 
 f1_avg: 0.5423043280750809


Validation Epoch: 44 accuracy: 0.60 
 precision: [1.         0.61358025 0.39069767 0.62759723 0.5       ] 
 recall: [0.         0.83936949 0.14876033 0.65553701 0.00601805] 
 f1: [0.         0.70893098 0.2154767  0.64126293 0.01189296] 
 f1_avg: 0.5402196124904711

New best val score, save model ...
--- 624.1695375442505 seconds ---

Train Epoch: 45 accuracy: 0.58 
 precision: [0.16666667 0.58074274 0.48509174 0.67119634 0.23241206] 
 recall: [0.00115473 0.794322   0.26787565 0.66294531 0.03035275] 
 f1: [0.00229358 0.67094548 0.34515244 0.66704531 0.05369322] 
 f1_avg: 0.5430941054950748


Validation Epoch: 45 accuracy: 0.60 
 precision: [1.         0.61446446 0.38923077 0.62625728 0.41666667] 
 recall: [0.         0.83861888 0.14935065 0.65831942 0.00501505] 
 f1: [0.         0.7092525  0.21587031 0.64188823 0.0099108 ] 
 f1_avg: 0.5403751102107675

New best val score, save model ...
--- 638.2232575416565 seconds ---

Train Epoch: 46 accuracy: 0.58 
 precision: [0.14285714 0.58106434 0.48493663 0.67120512 0.22961104] 
 recall: [0.00115473 0.79356736 0.26873921 0.66476417 0.03002461] 
 f1: [0.00229095 0.67089053 0.34582901 0.66796912 0.05310505] 
 f1_avg: 0.54335816534233


Validation Epoch: 46 accuracy: 0.60 
 precision: [1.         0.61462206 0.39389313 0.62486772 0.375     ] 
 recall: [0.         0.83768062 0.15230224 0.65720646 0.00601805] 
 f1: [0.         0.7090216  0.21966794 0.64062924 0.011846  ] 
 f1_avg: 0.5408708075154693

New best val score, save model ...
--- 652.2697434425354 seconds ---

Train Epoch: 47 accuracy: 0.58 
 precision: [0.         0.58155203 0.48539163 0.67117402 0.22572816] 
 recall: [0.         0.79291681 0.2697179  0.66620672 0.03051682] 
 f1: [0.         0.67098266 0.3467545  0.66868115 0.05376499] 
 f1_avg: 0.543777546684851


Validation Epoch: 47 accuracy: 0.60 
 precision: [0.         0.61538462 0.3884058  0.62586116 0.38888889] 
 recall: [0.         0.83467818 0.15820543 0.65720646 0.00702106] 
 f1: [0.         0.70844947 0.22483221 0.64115092 0.0137931 ] 
 f1_avg: 0.5417439874043273

New best val score, save model ...
--- 666.3189857006073 seconds ---

Train Epoch: 48 accuracy: 0.58 
 precision: [0.22222222 0.58133935 0.48381794 0.67066928 0.23558282] 
 recall: [0.00230947 0.79153764 0.2710996  0.66557953 0.03150123] 
 f1: [0.00457143 0.67034699 0.34748921 0.66811471 0.05557164] 
 f1_avg: 0.5437047770226326


Validation Epoch: 48 accuracy: 0.60 
 precision: [0.         0.61532068 0.39218524 0.6237467  0.38888889] 
 recall: [0.         0.83355226 0.15997639 0.65776294 0.00702106] 
 f1: [0.         0.70800128 0.22725367 0.64030336 0.0137931 ] 
 f1_avg: 0.541763372300252

New best val score, save model ...
--- 680.3668885231018 seconds ---

Train Epoch: 49 accuracy: 0.58 
 precision: [0.         0.58213378 0.48506927 0.67219339 0.23718713] 
 recall: [0.         0.79242239 0.27213587 0.66620672 0.03264971] 
 f1: [0.         0.67119242 0.3486631  0.66918667 0.05739833] 
 f1_avg: 0.5446849786456859


Validation Epoch: 49 accuracy: 0.60 
 precision: [0.         0.61540597 0.38888889 0.62130802 0.45      ] 
 recall: [0.         0.83205104 0.16115702 0.65553701 0.00902708] 
 f1: [0.         0.70751556 0.2278798  0.63796372 0.01769912] 
 f1_avg: 0.5415763030667231

--- 694.0912146568298 seconds ---

Train Epoch: 50 accuracy: 0.58 
 precision: [0.         0.58274223 0.48542007 0.66989924 0.23140496] 
 recall: [0.         0.79099118 0.27409326 0.66721024 0.03215751] 
 f1: [0.         0.67108212 0.35035691 0.66855204 0.05646788] 
 f1_avg: 0.544804323600513


Validation Epoch: 50 accuracy: 0.60 
 precision: [0.         0.61579094 0.38983051 0.6214511  0.42105263] 
 recall: [0.         0.83130043 0.16292798 0.65776294 0.00802407] 
 f1: [0.         0.7074982  0.22980849 0.63909165 0.01574803] 
 f1_avg: 0.5419077756915827

New best val score, save model ...
--- 708.130674123764 seconds ---

Train Epoch: 51 accuracy: 0.58 
 precision: [0.28571429 0.58249986 0.48419773 0.67044667 0.22764228] 
 recall: [0.00230947 0.78958599 0.2751871  0.66746111 0.03215751] 
 f1: [0.0045819  0.67041538 0.35092871 0.66895056 0.05635423] 
 f1_avg: 0.5447273198536643


Validation Epoch: 51 accuracy: 0.60 
 precision: [0.         0.61641541 0.38736264 0.62101411 0.38888889] 
 recall: [0.         0.8286733  0.16646989 0.66110184 0.00702106] 
 f1: [0.         0.7069559  0.2328654  0.64043127 0.0137931 ] 
 f1_avg: 0.5421873641247091

New best val score, save model ...
--- 722.185729265213 seconds ---

Train Epoch: 52 accuracy: 0.58 
 precision: [0.08333333 0.5829424  0.48620064 0.66968896 0.23563218] 
 recall: [0.00115473 0.78898748 0.27789292 0.6670848  0.03363413] 
 f1: [0.0022779  0.67049237 0.35365228 0.66838434 0.05886576] 
 f1_avg: 0.5454204438750246


Validation Epoch: 52 accuracy: 0.60 
 precision: [0.         0.61692308 0.38987688 0.6203125  0.36363636] 
 recall: [0.         0.82773503 0.16824085 0.66277129 0.00802407] 
 f1: [0.         0.70694767 0.23505155 0.64083939 0.01570167] 
 f1_avg: 0.5428282171388249

New best val score, save model ...
--- 736.2636404037476 seconds ---

Train Epoch: 53 accuracy: 0.59 
 precision: [0.         0.58375957 0.48665588 0.67072941 0.24118316] 
 recall: [0.         0.79000234 0.2771445  0.66959358 0.03478261] 
 f1: [0.         0.67139935 0.35316558 0.67016101 0.06079725] 
 f1_avg: 0.5462403184122595


Validation Epoch: 53 accuracy: 0.60 
 precision: [0.         0.61713727 0.39083558 0.62329486 0.33333333] 
 recall: [0.         0.82848564 0.17119244 0.66110184 0.00702106] 
 f1: [0.         0.70736201 0.23809524 0.64164191 0.01375246] 
 f1_avg: 0.5435267926814247

New best val score, save model ...
--- 750.2986233234406 seconds ---

Train Epoch: 54 accuracy: 0.58 
 precision: [0.1        0.58359178 0.48644578 0.67051515 0.2341629 ] 
 recall: [0.00115473 0.78836296 0.27892919 0.67022077 0.03396226] 
 f1: [0.00228311 0.6706958  0.35455543 0.67036793 0.05932082] 
 f1_avg: 0.5461562391658875


Validation Epoch: 54 accuracy: 0.60 
 precision: [0.         0.6174986  0.39153439 0.62094241 0.36      ] 
 recall: [0.         0.82642147 0.17473436 0.65998887 0.00902708] 
 f1: [0.         0.70684536 0.24163265 0.63987052 0.01761252] 
 f1_avg: 0.5439242291594921

New best val score, save model ...
--- 764.33518409729 seconds ---

Train Epoch: 55 accuracy: 0.58 
 precision: [0.         0.58343293 0.48471223 0.67016266 0.23232323] 
 recall: [0.         0.78755627 0.27927461 0.66927998 0.03396226] 
 f1: [0.         0.67029888 0.35437212 0.66972103 0.05926138] 
 f1_avg: 0.5457612031112058


Validation Epoch: 55 accuracy: 0.60 
 precision: [0.         0.61841181 0.39393939 0.62122789 0.33333333] 
 recall: [0.         0.82567086 0.17650531 0.66444073 0.00902708] 
 f1: [0.         0.70716811 0.24378312 0.64210809 0.01757813] 
 f1_avg: 0.5448759282982436

New best val score, save model ...
--- 778.369339466095 seconds ---

Train Epoch: 56 accuracy: 0.59 
 precision: [0.08333333 0.58434491 0.48585376 0.66986396 0.22911964] 
 recall: [0.00115473 0.78792058 0.28077145 0.67015805 0.03330599] 
 f1: [0.0022779  0.67103251 0.35588149 0.67001097 0.05815786] 
 f1_avg: 0.5464508753624462


Validation Epoch: 56 accuracy: 0.60 
 precision: [0.         0.61903421 0.3984375  0.62006237 0.28571429] 
 recall: [0.         0.8251079  0.18063754 0.66388425 0.00802407] 
 f1: [0.         0.70736808 0.24857839 0.64122548 0.01560976] 
 f1_avg: 0.5454500626288932

New best val score, save model ...
--- 792.4290270805359 seconds ---

Train Epoch: 57 accuracy: 0.58 
 precision: [0.0625     0.58433781 0.48529704 0.67034829 0.23394995] 
 recall: [0.00115473 0.78716594 0.28123201 0.66996989 0.03527482] 
 f1: [0.00226757 0.67075402 0.35610147 0.67015904 0.06130596] 
 f1_avg: 0.5466371204034867


Validation Epoch: 57 accuracy: 0.60 
 precision: [0.         0.61952388 0.4041184  0.62148071 0.31034483] 
 recall: [0.         0.82529555 0.18536009 0.66332777 0.00902708] 
 f1: [0.         0.70775668 0.25414812 0.64172275 0.01754386] 
 f1_avg: 0.5469085152378825

New best val score, save model ...
--- 806.4701323509216 seconds ---

Train Epoch: 58 accuracy: 0.59 
 precision: [0.125      0.58452994 0.48523457 0.67046237 0.2297593 ] 
 recall: [0.00115473 0.78599495 0.28284398 0.67210236 0.03445447] 
 f1: [0.00228833 0.67045492 0.35737407 0.67128136 0.05992296] 
 f1_avg: 0.5468924318117625


Validation Epoch: 58 accuracy: 0.60 
 precision: [0.         0.61964058 0.39598997 0.62085062 0.3       ] 
 recall: [0.         0.82173016 0.18654073 0.66611018 0.00902708] 
 f1: [0.         0.70651823 0.25361156 0.64268456 0.01752678] 
 f1_avg: 0.5463184030898556

--- 820.1425316333771 seconds ---

Train Epoch: 59 accuracy: 0.59 
 precision: [0.0625     0.58497909 0.4861835  0.67081795 0.24103139] 
 recall: [0.00115473 0.78620313 0.28462867 0.67229052 0.03527482] 
 f1: [0.00226757 0.67082607 0.35905443 0.67155343 0.06154287] 
 f1_avg: 0.5476248457968148


Validation Epoch: 59 accuracy: 0.60 
 precision: [0.         0.62049901 0.40149626 0.62111801 0.25714286] 
 recall: [0.         0.82135485 0.19008264 0.66777963 0.00902708] 
 f1: [0.         0.70693693 0.25801282 0.64360418 0.01744186] 
 f1_avg: 0.547464054215996

New best val score, save model ...
--- 834.1776740550995 seconds ---

Train Epoch: 60 accuracy: 0.59 
 precision: [0.07142857 0.58579733 0.48684211 0.67130064 0.23624595] 
 recall: [0.00115473 0.78672357 0.28543466 0.67235324 0.03593109] 
 f1: [0.00227273 0.67155344 0.35987515 0.67182653 0.06237539] 
 f1_avg: 0.5482809877328888


Validation Epoch: 60 accuracy: 0.60 
 precision: [0.         0.62026394 0.40344403 0.62169175 0.27777778] 
 recall: [0.         0.82022894 0.19362456 0.66666667 0.01003009] 
 f1: [0.         0.70636716 0.26166733 0.6433942  0.01936108] 
 f1_avg: 0.5479415151794633

New best val score, save model ...
--- 848.2112061977386 seconds ---

Train Epoch: 61 accuracy: 0.59 
 precision: [0.05263158 0.58598726 0.48646271 0.67103539 0.24171123] 
 recall: [0.00115473 0.78524031 0.2865285  0.67436026 0.03707957] 
 f1: [0.00225989 0.67113706 0.36063911 0.67269372 0.06429587] 
 f1_avg: 0.5485705470891747


Validation Epoch: 61 accuracy: 0.60 
 precision: [0.         0.62023877 0.39855072 0.62051015 0.34210526] 
 recall: [0.         0.81891537 0.19480519 0.66332777 0.01303912] 
 f1: [0.         0.70586332 0.26169707 0.64120495 0.02512077] 
 f1_avg: 0.5478574090339736

--- 861.9061119556427 seconds ---

Train Epoch: 62 accuracy: 0.59 
 precision: [0.07142857 0.58625779 0.48554463 0.67184077 0.23814542] 
 recall: [0.00115473 0.78552656 0.28716177 0.67323131 0.03707957] 
 f1: [0.00227273 0.67141904 0.36088702 0.67253532 0.06416809] 
 f1_avg: 0.5487211030510875


Validation Epoch: 62 accuracy: 0.60 
 precision: [0.         0.62094017 0.39759036 0.62143967 0.35714286] 
 recall: [0.         0.81797711 0.19480519 0.66777963 0.01504514] 
 f1: [0.         0.70596809 0.2614897  0.64377682 0.02887392] 
 f1_avg: 0.5487298222941092

New best val score, save model ...
--- 875.9638249874115 seconds ---

Train Epoch: 63 accuracy: 0.59 
 precision: [0.06666667 0.58655904 0.48679612 0.67036875 0.23739496] 
 recall: [0.00115473 0.78469385 0.28865861 0.6738585  0.03707957] 
 f1: [0.00227015 0.67131201 0.36241417 0.6721091  0.06414077] 
 f1_avg: 0.5489173976316838


Validation Epoch: 63 accuracy: 0.60 
 precision: [0.         0.62204163 0.40166865 0.62461059 0.34090909] 
 recall: [0.         0.81872772 0.19893743 0.66944908 0.01504514] 
 f1: [0.         0.70695941 0.26608764 0.64625302 0.02881844] 
 f1_avg: 0.5505077191482566

New best val score, save model ...
--- 890.0124003887177 seconds ---

Train Epoch: 64 accuracy: 0.59 
 precision: [0.         0.58631167 0.4863166  0.67013846 0.23282051] 
 recall: [0.         0.78334071 0.28952216 0.67392122 0.03724364] 
 f1: [0.         0.67065455 0.36296056 0.67202452 0.06421499] 
 f1_avg: 0.5486805975094275


Validation Epoch: 64 accuracy: 0.60 
 precision: [0.         0.62208887 0.39787485 0.62351113 0.34782609] 
 recall: [0.         0.81703884 0.19893743 0.67000556 0.01604814] 
 f1: [0.         0.70635951 0.2652499  0.64592275 0.03068073] 
 f1_avg: 0.5501664299257751

--- 903.6902208328247 seconds ---

Train Epoch: 65 accuracy: 0.59 
 precision: [0.06666667 0.58706506 0.48565929 0.67146507 0.23571429] 
 recall: [0.00115473 0.78326264 0.29050086 0.67580281 0.03789992] 
 f1: [0.00227015 0.67111849 0.36354467 0.67362696 0.06530035] 
 f1_avg: 0.5494697003900797


Validation Epoch: 65 accuracy: 0.60 
 precision: [0.         0.62203147 0.39671362 0.62267081 0.32653061] 
 recall: [0.         0.81591293 0.19952774 0.66944908 0.01604814] 
 f1: [0.         0.70590145 0.26551453 0.64521319 0.03059273] 
 f1_avg: 0.5498248704102795

--- 917.3664810657501 seconds ---

Train Epoch: 66 accuracy: 0.59 
 precision: [0.0625     0.58784496 0.48774628 0.67196658 0.22641509] 
 recall: [0.00115473 0.78378308 0.29217041 0.67592825 0.03740771] 
 f1: [0.00226757 0.67181906 0.36543654 0.67394159 0.06420727] 
 f1_avg: 0.5502083669990757


Validation Epoch: 66 accuracy: 0.60 
 precision: [0.         0.62217454 0.40023613 0.62376751 0.31034483] 
 recall: [0.         0.81610058 0.20011806 0.6688926  0.01805416] 
 f1: [0.         0.7060638  0.26682409 0.64554243 0.03412322] 
 f1_avg: 0.5505572685434394

New best val score, save model ...
--- 931.4190714359283 seconds ---

Train Epoch: 67 accuracy: 0.59 
 precision: [0.11111111 0.58726968 0.48551698 0.67213831 0.24850895] 
 recall: [0.00230947 0.78292435 0.29142199 0.67542649 0.04101723] 
 f1: [0.00452489 0.67112792 0.36422507 0.67377839 0.07041262] 
 f1_avg: 0.5500758562425119


Validation Epoch: 67 accuracy: 0.60 
 precision: [0.         0.62277171 0.39513326 0.62191358 0.33898305] 
 recall: [0.         0.81291049 0.2012987  0.67278798 0.02006018] 
 f1: [0.         0.70525031 0.26671881 0.64635124 0.03787879] 
 f1_avg: 0.5506269216052145

New best val score, save model ...
--- 945.4722709655762 seconds ---

Train Epoch: 68 accuracy: 0.59 
 precision: [0.04761905 0.58839849 0.48732476 0.67193037 0.23576424] 
 recall: [0.00115473 0.78367899 0.29217041 0.67787255 0.03872026] 
 f1: [0.00225479 0.67214212 0.36531817 0.67488838 0.06651635] 
 f1_avg: 0.5507104648056217


Validation Epoch: 68 accuracy: 0.60 
 precision: [0.         0.6226985  0.39561707 0.62031811 0.2962963 ] 
 recall: [0.         0.81234753 0.20247934 0.67278798 0.01604814] 
 f1: [0.         0.70499145 0.26786412 0.64548852 0.03044719] 
 f1_avg: 0.5497719843155464

--- 959.176647901535 seconds ---

Train Epoch: 69 accuracy: 0.59 
 precision: [0.05263158 0.58806601 0.48576326 0.67012294 0.23871615] 
 recall: [0.00115473 0.7816753  0.29366724 0.67693176 0.0390484 ] 
 f1: [0.00225989 0.67118758 0.36604356 0.67351014 0.06711788] 
 f1_avg: 0.5501719125274762


Validation Epoch: 69 accuracy: 0.60 
 precision: [0.         0.62253562 0.39545455 0.62261229 0.33928571] 
 recall: [0.         0.81178457 0.20543093 0.67111853 0.01905717] 
 f1: [0.         0.70467503 0.27039627 0.64595608 0.03608737] 
 f1_avg: 0.550694899300146

New best val score, save model ...
--- 973.230048418045 seconds ---

Train Epoch: 70 accuracy: 0.59 
 precision: [0.         0.58787214 0.48482837 0.67043198 0.239801  ] 
 recall: [0.         0.78053033 0.29435809 0.67749624 0.03954061] 
 f1: [0.         0.670639   0.36631323 0.6739456  0.06788732] 
 f1_avg: 0.5500865107156353


Validation Epoch: 70 accuracy: 0.60 
 precision: [0.         0.62359226 0.39932127 0.62070733 0.32786885] 
 recall: [0.         0.81047101 0.20838253 0.67390095 0.02006018] 
 f1: [0.         0.70485516 0.2738557  0.64621131 0.03780718] 
 f1_avg: 0.5516103627748309

New best val score, save model ...
--- 987.2734599113464 seconds ---

Train Epoch: 71 accuracy: 0.59 
 precision: [0.07142857 0.58846335 0.48648392 0.67163063 0.23489279] 
 recall: [0.00115473 0.78206563 0.29527922 0.67605369 0.03954061] 
 f1: [0.00227273 0.67159026 0.36749901 0.6738349  0.06768712] 
 f1_avg: 0.5507997676135777


Validation Epoch: 71 accuracy: 0.60 
 precision: [0.         0.62360931 0.39977604 0.6215242  0.31818182] 
 recall: [0.         0.80990805 0.2107438  0.67167501 0.02106319] 
 f1: [0.         0.70465306 0.27599536 0.64562717 0.03951082] 
 f1_avg: 0.5519357310110563

New best val score, save model ...
--- 1001.3141047954559 seconds ---

Train Epoch: 72 accuracy: 0.59 
 precision: [0.05263158 0.5888915  0.48768706 0.67181083 0.23501427] 
 recall: [0.00115473 0.78162325 0.29643063 0.67711992 0.04052502] 
 f1: [0.00225989 0.67170571 0.36873389 0.67445493 0.06912958] 
 f1_avg: 0.551365845250272


Validation Epoch: 72 accuracy: 0.60 
 precision: [0.         0.62346482 0.39777778 0.62241736 0.32307692] 
 recall: [0.         0.8097204  0.21133412 0.67056205 0.02106319] 
 f1: [0.         0.7044898  0.27602159 0.64559336 0.03954802] 
 f1_avg: 0.5518492806644205

--- 1015.0158412456512 seconds ---

Train Epoch: 73 accuracy: 0.59 
 precision: [0.04347826 0.5891927  0.48748589 0.67092612 0.23890463] 
 recall: [0.00115473 0.77998387 0.29827288 0.67837431 0.04150943] 
 f1: [0.00224972 0.67129516 0.37009786 0.67462966 0.07072966] 
 f1_avg: 0.5516256131931329


Validation Epoch: 73 accuracy: 0.60 
 precision: [0.         0.62402202 0.39628821 0.62255407 0.33870968] 
 recall: [0.         0.80821918 0.21428571 0.67278798 0.02106319] 
 f1: [0.         0.70427602 0.27816092 0.64669698 0.03966006] 
 f1_avg: 0.5523154574112029

New best val score, save model ...
--- 1029.0524570941925 seconds ---

Train Epoch: 74 accuracy: 0.59 
 precision: [0.04545455 0.58973199 0.48761726 0.67236025 0.24600939] 
 recall: [0.00115473 0.78045226 0.29925158 0.67893879 0.04298605] 
 f1: [0.00225225 0.67181865 0.37088833 0.6756335  0.07318436] 
 f1_avg: 0.5524491635046421


Validation Epoch: 74 accuracy: 0.60 
 precision: [0.         0.62387714 0.39433551 0.62268041 0.35483871] 
 recall: [0.         0.80803153 0.2136954  0.6722315  0.0220662 ] 
 f1: [0.         0.7041125  0.27718224 0.64650789 0.04154863] 
 f1_avg: 0.5522150749102303

--- 1042.7413597106934 seconds ---

Train Epoch: 75 accuracy: 0.59 
 precision: [0.         0.58969312 0.48827432 0.6714268  0.23769731] 
 recall: [0.         0.77954149 0.30086356 0.67824887 0.04200164] 
 f1: [0.         0.67145579 0.37231504 0.67482059 0.07138873] 
 f1_avg: 0.5522583417643548


Validation Epoch: 75 accuracy: 0.60 
 precision: [0.         0.62441995 0.39825898 0.62235961 0.32307692] 
 recall: [0.         0.80803153 0.21605667 0.6722315  0.02106319] 
 f1: [0.         0.70445808 0.28013777 0.64633494 0.03954802] 
 f1_avg: 0.5526774985736324

New best val score, save model ...
--- 1056.8066699504852 seconds ---

Train Epoch: 76 accuracy: 0.59 
 precision: [0.03571429 0.59042836 0.48824627 0.6722736  0.2364486 ] 
 recall: [0.00115473 0.78011398 0.30132412 0.6793151  0.04150943] 
 f1: [0.00223714 0.67214475 0.37265931 0.67577601 0.07062107] 
 f1_avg: 0.5528294393504565


Validation Epoch: 76 accuracy: 0.60 
 precision: [0.         0.62429256 0.39632829 0.62068966 0.32258065] 
 recall: [0.         0.80728092 0.21664699 0.67111853 0.02006018] 
 f1: [0.         0.70409165 0.28015267 0.64491979 0.03777148] 
 f1_avg: 0.5520421486805313

--- 1070.5420169830322 seconds ---

Train Epoch: 77 accuracy: 0.59 
 precision: [0.05263158 0.5903147  0.48705773 0.67366982 0.24003707] 
 recall: [0.00115473 0.78000989 0.30115141 0.67975414 0.04249385] 
 f1: [0.00225989 0.67203246 0.37218072 0.6766983  0.07220519] 
 f1_avg: 0.5529787561459


Validation Epoch: 77 accuracy: 0.60 
 precision: [0.         0.62454611 0.39803708 0.62031811 0.31428571] 
 recall: [0.         0.80690561 0.21546635 0.67278798 0.0220662 ] 
 f1: [0.         0.70411004 0.27958637 0.64548852 0.04123711] 
 f1_avg: 0.5524102166233039

--- 1084.2335903644562 seconds ---

Train Epoch: 78 accuracy: 0.59 
 precision: [0.         0.59045796 0.48561618 0.67267993 0.24181818] 
 recall: [0.         0.77870879 0.30126655 0.68056949 0.04364233] 
 f1: [0.         0.67164179 0.3718468  0.67660171 0.07394024] 
 f1_avg: 0.552804238203744


Validation Epoch: 78 accuracy: 0.60 
 precision: [0.         0.62529104 0.39808917 0.62416107 0.30985915] 
 recall: [0.         0.80634265 0.22136954 0.67278798 0.0220662 ] 
 f1: [0.         0.70436849 0.284522   0.64756294 0.0411985 ] 
 f1_avg: 0.5537770236793854

New best val score, save model ...
--- 1098.3026337623596 seconds ---

Train Epoch: 79 accuracy: 0.59 
 precision: [0.04166667 0.5907781  0.48690321 0.67219221 0.23231441] 
 recall: [0.00115473 0.7788389  0.30178469 0.67906422 0.04364233] 
 f1: [0.00224719 0.67189727 0.37261871 0.67561075 0.07348066] 
 f1_avg: 0.5528877278953128


Validation Epoch: 79 accuracy: 0.60 
 precision: [0.         0.62520006 0.3968254  0.62261229 0.31818182] 
 recall: [0.         0.80634265 0.22136954 0.67111853 0.02106319] 
 f1: [0.         0.70431077 0.28419856 0.64595608 0.03951082] 
 f1_avg: 0.5532247361278454

--- 1112.023313999176 seconds ---

Train Epoch: 80 accuracy: 0.59 
 precision: [0.08695652 0.59032169 0.48589082 0.67242129 0.24156306] 
 recall: [0.00230947 0.77740769 0.30333909 0.67912694 0.04462674] 
 f1: [0.00449944 0.67106933 0.37350252 0.67575748 0.07533583] 
 f1_avg: 0.5528766984504679


Validation Epoch: 80 accuracy: 0.60 
 precision: [0.         0.62616414 0.39830508 0.6248062  0.28985507] 
 recall: [0.         0.80746857 0.22195986 0.67278798 0.02006018] 
 f1: [0.         0.70535202 0.28506444 0.64790997 0.03752345] 
 f1_avg: 0.5540945822855237

New best val score, save model ...
--- 1126.06445479393 seconds ---

Train Epoch: 81 accuracy: 0.59 
 precision: [0.125      0.59141017 0.48684818 0.6755296  0.23885918] 
 recall: [0.00461894 0.77899503 0.30368451 0.68201204 0.04397047] 
 f1: [0.00890869 0.67236403 0.37404715 0.67875534 0.07426909] 
 f1_avg: 0.5542022858424747


Validation Epoch: 81 accuracy: 0.60 
 precision: [0.         0.62603999 0.39515279 0.62038934 0.31884058] 
 recall: [0.         0.80484143 0.22136954 0.67390095 0.0220662 ] 
 f1: [0.         0.70426929 0.28376844 0.64603894 0.0412758 ] 
 f1_avg: 0.5533223498483328

--- 1139.7637810707092 seconds ---

Train Epoch: 82 accuracy: 0.59 
 precision: [0.04       0.59210344 0.48785872 0.67369073 0.2378774 ] 
 recall: [0.00115473 0.77930729 0.30535406 0.68176116 0.04265792] 
 f1: [0.00224467 0.67292828 0.37561079 0.67770192 0.07234279] 
 f1_avg: 0.5543869798677209


Validation Epoch: 82 accuracy: 0.60 
 precision: [0.         0.62631119 0.39748954 0.62642487 0.31428571] 
 recall: [0.         0.80671796 0.22432113 0.67278798 0.0220662 ] 
 f1: [0.         0.7051587  0.28679245 0.64877918 0.04123711] 
 f1_avg: 0.5548235648754881

New best val score, save model ...
--- 1153.82732796669 seconds ---

Train Epoch: 83 accuracy: 0.59 
 precision: [0.06666667 0.5917114  0.48641727 0.67309242 0.23914969] 
 recall: [0.00230947 0.77725155 0.30616005 0.68107125 0.04429861] 
 f1: [0.00446429 0.67190804 0.37579055 0.67705833 0.07475083] 
 f1_avg: 0.5540090252648315


Validation Epoch: 83 accuracy: 0.60 
 precision: [0.         0.62646028 0.39665971 0.623263   0.29166667] 
 recall: [0.         0.80502909 0.22432113 0.67390095 0.02106319] 
 f1: [0.         0.70460705 0.28657617 0.64759358 0.03928906] 
 f1_avg: 0.554072458789779

--- 1167.5006198883057 seconds ---

Train Epoch: 84 accuracy: 0.59 
 precision: [0.09677419 0.59213944 0.48599069 0.67329616 0.23714037] 
 recall: [0.0034642  0.77704338 0.30656304 0.68157301 0.04462674] 
 f1: [0.00668896 0.67210606 0.37596639 0.6774093  0.07511737] 
 f1_avg: 0.5542684844817706


Validation Epoch: 84 accuracy: 0.60 
 precision: [0.         0.6270294  0.39811912 0.62038934 0.2972973 ] 
 recall: [0.         0.80446613 0.22491145 0.67390095 0.0220662 ] 
 f1: [0.         0.70475095 0.2874387  0.64603894 0.0410831 ] 
 f1_avg: 0.5541969443781026

--- 1181.204877614975 seconds ---

Train Epoch: 85 accuracy: 0.59 
 precision: [0.08333333 0.59258158 0.48847884 0.67303649 0.24295775] 
 recall: [0.0034642  0.77824039 0.30633276 0.68257652 0.04528302] 
 f1: [0.00665188 0.67283853 0.37653469 0.67777293 0.07633799] 
 f1_avg: 0.5549193415827822


Validation Epoch: 85 accuracy: 0.60 
 precision: [0.         0.62687005 0.39835729 0.62102564 0.30769231] 
 recall: [0.         0.80202665 0.22904368 0.67390095 0.02407222] 
 f1: [0.         0.70371285 0.29085457 0.64638377 0.04465116] 
 f1_avg: 0.5546480333153525

--- 1194.8914296627045 seconds ---

Train Epoch: 86 accuracy: 0.59 
 precision: [0.10526316 0.59265214 0.48677007 0.6745727  0.2414966 ] 
 recall: [0.00461894 0.77699133 0.30713874 0.68320371 0.04659557] 
 f1: [0.00884956 0.67241671 0.37663255 0.67886078 0.07811855] 
 f1_avg: 0.5551174192888553


Validation Epoch: 86 accuracy: 0.60 
 precision: [0.         0.62752858 0.39897959 0.62268041 0.29487179] 
 recall: [0.         0.80334021 0.23081464 0.6722315  0.02306921] 
 f1: [0.         0.70463336 0.29244577 0.64650789 0.0427907 ] 
 f1_avg: 0.5552556338212253

New best val score, save model ...
--- 1208.9392561912537 seconds ---

Train Epoch: 87 accuracy: 0.59 
 precision: [0.0625     0.59325196 0.48832117 0.67487624 0.23993145] 
 recall: [0.00230947 0.77782404 0.30811744 0.68401907 0.04593929] 
 f1: [0.00445434 0.6731146  0.37783269 0.6794169  0.07711374] 
 f1_avg: 0.5557095368048395


Validation Epoch: 87 accuracy: 0.60 
 precision: [0.         0.62897995 0.40283401 0.61858812 0.27848101] 
 recall: [0.         0.80071308 0.23494687 0.67779633 0.0220662 ] 
 f1: [0.         0.70453232 0.29679344 0.64684015 0.04089219] 
 f1_avg: 0.5558186160616262

New best val score, save model ...
--- 1222.9670085906982 seconds ---

Train Epoch: 88 accuracy: 0.59 
 precision: [0.03448276 0.59311057 0.48710966 0.67461596 0.23279524] 
 recall: [0.00115473 0.77691327 0.30892343 0.68307827 0.04495488] 
 f1: [0.00223464 0.67268242 0.3780737  0.67882074 0.07535754] 
 f1_avg: 0.5552705071724434


Validation Epoch: 88 accuracy: 0.60 
 precision: [0.         0.62879906 0.40180361 0.6191446  0.2875    ] 
 recall: [0.         0.79977482 0.23671783 0.67668336 0.02306921] 
 f1: [0.         0.70405551 0.29791976 0.64663653 0.04271123] 
 f1_avg: 0.5559015487124279

New best val score, save model ...
--- 1237.0144634246826 seconds ---

Train Epoch: 89 accuracy: 0.59 
 precision: [0.09375    0.59347718 0.48643761 0.6740475  0.24590164] 
 recall: [0.0034642  0.77657498 0.30972942 0.68351731 0.04675964] 
 f1: [0.00668151 0.67279122 0.37847344 0.67874938 0.07857734] 
 f1_avg: 0.5556956763290468


Validation Epoch: 89 accuracy: 0.60 
 precision: [0.         0.62857986 0.4001996  0.61793174 0.28395062] 
 recall: [0.         0.79902421 0.23671783 0.67501391 0.02306921] 
 f1: [0.         0.7036272  0.29747774 0.64521277 0.04267161] 
 f1_avg: 0.5553285410710702

--- 1250.6693177223206 seconds ---

Train Epoch: 90 accuracy: 0.59 
 precision: [0.06060606 0.59397538 0.48723961 0.67480077 0.23813489] 
 recall: [0.00230947 0.77582034 0.31105354 0.6850853  0.04692371] 
 f1: [0.00444939 0.6728276  0.37970414 0.67990414 0.07839912] 
 f1_avg: 0.5561806258639818


Validation Epoch: 90 accuracy: 0.60 
 precision: [0.         0.62869822 0.3976378  0.61851475 0.26923077] 
 recall: [0.         0.79752299 0.23848878 0.67668336 0.02106319] 
 f1: [0.         0.70311854 0.29815498 0.64629285 0.03906977] 
 f1_avg: 0.5550014288830081

--- 1264.3627979755402 seconds ---

Train Epoch: 91 accuracy: 0.59 
 precision: [0.07142857 0.59439305 0.48531657 0.67525168 0.24040067] 
 recall: [0.00230947 0.77571626 0.31111111 0.68571249 0.04725185] 
 f1: [0.00447427 0.6730563  0.37916155 0.68044189 0.07897984] 
 f1_avg: 0.5563267296908301


Validation Epoch: 91 accuracy: 0.60 
 precision: [0.         0.62877442 0.39822134 0.61808024 0.26506024] 
 recall: [0.         0.79714768 0.23789847 0.67723984 0.0220662 ] 
 f1: [0.         0.70302027 0.29785661 0.64630908 0.04074074] 
 f1_avg: 0.5550692262204145

--- 1278.0570418834686 seconds ---

Train Epoch: 92 accuracy: 0.59 
 precision: [0.02857143 0.59464307 0.48686105 0.67510836 0.23921888] 
 recall: [0.00115473 0.77644487 0.31145653 0.68383091 0.04823626] 
 f1: [0.00221976 0.67349081 0.37988905 0.67944164 0.080284  ] 
 f1_avg: 0.5565730062299957


Validation Epoch: 92 accuracy: 0.60 
 precision: [0.         0.62869822 0.39414634 0.62007168 0.26829268] 
 recall: [0.         0.79752299 0.23848878 0.67390095 0.0220662 ] 
 f1: [0.         0.70311854 0.29716808 0.64586667 0.0407785 ] 
 f1_avg: 0.5549267071571606

--- 1291.7873442173004 seconds ---

Train Epoch: 93 accuracy: 0.59 
 precision: [0.05405405 0.59395779 0.48600805 0.67355754 0.23829431] 
 recall: [0.00230947 0.77405085 0.31295337 0.68458354 0.04675964] 
 f1: [0.00442968 0.67215004 0.38073892 0.67902579 0.07817858] 
 f1_avg: 0.5558829367543568


Validation Epoch: 93 accuracy: 0.60 
 precision: [0.         0.62854176 0.3962818  0.615931   0.25581395] 
 recall: [0.         0.79508351 0.2390791  0.6755704  0.0220662 ] 
 f1: [0.         0.70207125 0.2982327  0.64437367 0.04062789] 
 f1_avg: 0.5542538044206474

--- 1305.515608549118 seconds ---

Train Epoch: 94 accuracy: 0.59 
 precision: [0.08333333 0.59456277 0.48593373 0.67549669 0.23621399] 
 recall: [0.0034642  0.77511775 0.31324122 0.68452082 0.04708778] 
 f1: [0.00665188 0.67293963 0.38092904 0.67997882 0.07852257] 
 f1_avg: 0.5565545917356313


Validation Epoch: 94 accuracy: 0.60 
 precision: [0.         0.62878338 0.39440694 0.62084824 0.27906977] 
 recall: [0.         0.79527116 0.24144038 0.67612688 0.02407222] 
 f1: [0.         0.70229514 0.29952398 0.64730954 0.04432133] 
 f1_avg: 0.5555097732878131

--- 1319.2660937309265 seconds ---

Train Epoch: 95 accuracy: 0.59 
 precision: [0.15       0.59504314 0.48830566 0.67550692 0.24794069] 
 recall: [0.00692841 0.77532593 0.31491077 0.68533618 0.04938474] 
 f1: [0.01324503 0.67332573 0.38289234 0.68038605 0.08236421] 
 f1_avg: 0.5576289583987514


Validation Epoch: 95 accuracy: 0.60 
 precision: [0.         0.62890277 0.39402697 0.61878173 0.26744186] 
 recall: [0.         0.79376994 0.24144038 0.67835281 0.02306921] 
 f1: [0.         0.70178349 0.29941435 0.64719936 0.04247461] 
 f1_avg: 0.5550057589336799

--- 1332.999363899231 seconds ---

Train Epoch: 96 accuracy: 0.59 
 precision: [0.08571429 0.59546454 0.48683388 0.67573248 0.23505654] 
 recall: [0.0034642  0.7755341  0.31398964 0.68564977 0.04774405] 
 f1: [0.00665927 0.67367398 0.381759   0.680655   0.07936724] 
 f1_avg: 0.5572988014973284


Validation Epoch: 96 accuracy: 0.60 
 precision: [0.         0.6287969  0.39617225 0.61784085 0.26744186] 
 recall: [0.         0.79245637 0.24439197 0.67835281 0.02306921] 
 f1: [0.         0.70120382 0.30230011 0.64668435 0.04247461] 
 f1_avg: 0.5550947168154006

--- 1346.7316482067108 seconds ---

Train Epoch: 97 accuracy: 0.59 
 precision: [0.0952381  0.59639866 0.48912462 0.67761286 0.24009701] 
 recall: [0.00461894 0.77654896 0.31588946 0.68721776 0.04872847] 
 f1: [0.00881057 0.67465467 0.38386736 0.68238152 0.08101473] 
 f1_avg: 0.5587439763077986


Validation Epoch: 97 accuracy: 0.60 
 precision: [0.         0.62915983 0.39425837 0.6165073  0.25287356] 
 recall: [0.         0.7911428  0.24321133 0.68169171 0.0220662 ] 
 f1: [0.         0.70091438 0.30083972 0.647463   0.04059041] 
 f1_avg: 0.5546371003944354

--- 1360.5406422615051 seconds ---

Train Epoch: 98 accuracy: 0.59 
 precision: [0.02857143 0.59542107 0.48781139 0.67411017 0.2464    ] 
 recall: [0.00115473 0.77420698 0.31565918 0.6853989  0.05053322] 
 f1: [0.00221976 0.67314502 0.38329256 0.67970767 0.08386658] 
 f1_avg: 0.55748665411325


Validation Epoch: 98 accuracy: 0.60 
 precision: [0.         0.62852034 0.39255014 0.61928934 0.25      ] 
 recall: [0.         0.79151811 0.24262102 0.67890929 0.02306921] 
 f1: [0.         0.70066445 0.29989055 0.64773029 0.04224059] 
 f1_avg: 0.5545542195545987

--- 1374.2732555866241 seconds ---

Train Epoch: 99 accuracy: 0.59 
 precision: [0.06521739 0.59685298 0.48889678 0.67572408 0.24143426] 
 recall: [0.0034642  0.77582034 0.31686816 0.68627697 0.04971288] 
 f1: [0.00657895 0.6746699  0.38451865 0.68095964 0.08244898] 
 f1_avg: 0.5586936220108258


Validation Epoch: 99 accuracy: 0.60 
 precision: [0.         0.62902745 0.39217557 0.61772152 0.2688172 ] 
 recall: [0.         0.79133046 0.24262102 0.67890929 0.02507523] 
 f1: [0.         0.70090584 0.29978118 0.64687169 0.04587156] 
 f1_avg: 0.554877740227493

--- 1388.0354936122894 seconds ---

Train Epoch: 100 accuracy: 0.59 
 precision: [0.20408163 0.59557027 0.4948927  0.67910032 0.25341841] 
 recall: [0.01154734 0.78648937 0.30402994 0.68740592 0.04561116] 
 f1: [0.02185792 0.67784294 0.37666274 0.68322788 0.07730812] 
 f1_avg: 0.5587386346031151


Validation Epoch: 100 accuracy: 0.59 
 precision: [0.         0.6326087  0.38481013 0.60279923 0.248     ] 
 recall: [0.         0.76449615 0.26918536 0.6950473  0.03109328] 
 f1: [0.         0.6923273  0.31677666 0.64564487 0.05525847] 
 f1_avg: 0.5538831806011721

--- 1401.8006627559662 seconds ---

Train Epoch: 101 accuracy: 0.59 
 precision: [0.16216216 0.59749392 0.4931979  0.67704615 0.248114  ] 
 recall: [0.00692841 0.78047828 0.31306851 0.69004014 0.0485644 ] 
 f1: [0.01328904 0.67683663 0.38301169 0.68348139 0.08122942] 
 f1_avg: 0.5599092408772173


Validation Epoch: 101 accuracy: 0.59 
 precision: [0.         0.63223398 0.38019967 0.60445952 0.24031008] 
 recall: [0.         0.76261963 0.26977568 0.69393434 0.03109328] 
 f1: [0.         0.69133282 0.31560773 0.64611399 0.05506217] 
 f1_avg: 0.5532080554116954

--- 1415.5315382480621 seconds ---

Train Epoch: 102 accuracy: 0.60 
 precision: [0.25531915 0.59917479 0.49490853 0.68083132 0.25326797] 
 recall: [0.01385681 0.78222176 0.31617732 0.69035374 0.05086136] 
 f1: [0.02628697 0.67857062 0.38585028 0.68555947 0.08471103] 
 f1_avg: 0.5622160016635316


Validation Epoch: 102 accuracy: 0.59 
 precision: [0.         0.63216065 0.37882548 0.60456089 0.25      ] 
 recall: [0.         0.76205667 0.270366   0.69337785 0.03209629] 
 f1: [0.         0.6910576  0.31553565 0.64593053 0.05688889] 
 f1_avg: 0.5531981626903988

--- 1429.258422613144 seconds ---

Train Epoch: 103 accuracy: 0.59 
 precision: [0.21052632 0.59809836 0.49279255 0.67874142 0.25357711] 
 recall: [0.00923788 0.77915116 0.31686816 0.68866031 0.05233798] 
 f1: [0.01769912 0.67672419 0.38571779 0.68366489 0.08676731] 
 f1_avg: 0.5609661386748505


Validation Epoch: 103 accuracy: 0.59 
 precision: [0.         0.6328125  0.3807947  0.59990417 0.25396825] 
 recall: [0.         0.75999249 0.27154664 0.69671675 0.03209629] 
 f1: [0.         0.69059596 0.31702274 0.64469619 0.0569902 ] 
 f1_avg: 0.5529886682968501

--- 1443.0126588344574 seconds ---

Train Epoch: 104 accuracy: 0.59 
 precision: [0.13043478 0.5990001  0.49294391 0.68010122 0.25737052] 
 recall: [0.00692841 0.7794374  0.31773172 0.69110637 0.05299426] 
 f1: [0.01315789 0.67740914 0.38640342 0.68555963 0.08789116] 
 f1_avg: 0.5618728067206008


Validation Epoch: 104 accuracy: 0.59 
 precision: [0.         0.63241724 0.3807947  0.60067437 0.2406015 ] 
 recall: [0.         0.75999249 0.27154664 0.69393434 0.03209629] 
 f1: [0.         0.69036052 0.31702274 0.64394526 0.05663717] 
 f1_avg: 0.5526877686022644

--- 1456.7668325901031 seconds ---

Train Epoch: 105 accuracy: 0.59 
 precision: [0.175      0.59856917 0.49344468 0.67978776 0.2673964 ] 
 recall: [0.00808314 0.7794374  0.31635003 0.69104365 0.05611157] 
 f1: [0.01545254 0.67713349 0.38553287 0.68536949 0.09275834] 
 f1_avg: 0.5619097391829514


Validation Epoch: 105 accuracy: 0.59 
 precision: [0.         0.63212112 0.38099174 0.60289157 0.24615385] 
 recall: [0.         0.75999249 0.27213695 0.69616027 0.03209629] 
 f1: [0.         0.69018405 0.31749311 0.64617769 0.05678793] 
 f1_avg: 0.553096803878143

--- 1470.4908437728882 seconds ---

Train Epoch: 106 accuracy: 0.59 
 precision: [0.18181818 0.59823377 0.49242694 0.67801418 0.25856698] 
 recall: [0.00923788 0.77738166 0.31819229 0.68953838 0.05447088] 
 f1: [0.01758242 0.67614241 0.3865846  0.68372773 0.08998509] 
 f1_avg: 0.5611340143257421


Validation Epoch: 106 accuracy: 0.59 
 precision: [0.         0.63205488 0.38232865 0.60203095 0.24031008] 
 recall: [0.         0.7607431  0.27331759 0.69282137 0.03109328] 
 f1: [0.         0.69045389 0.31876076 0.64424321 0.05506217] 
 f1_avg: 0.5529327681906476

--- 1484.2075624465942 seconds ---

Train Epoch: 107 accuracy: 0.59 
 precision: [0.22       0.5991915  0.49254398 0.67953072 0.24322231] 
 recall: [0.01270208 0.77912514 0.31755901 0.6902283  0.05151764] 
 f1: [0.02401747 0.67741352 0.38615282 0.68483774 0.08502572] 
 f1_avg: 0.5615709789568858


Validation Epoch: 107 accuracy: 0.59 
 precision: [0.         0.63241724 0.38067713 0.60153994 0.24806202] 
 recall: [0.         0.75999249 0.27213695 0.69560378 0.03209629] 
 f1: [0.         0.69036052 0.31738382 0.64516129 0.05683837] 
 f1_avg: 0.5529928849671186

--- 1497.934411764145 seconds ---

Train Epoch: 108 accuracy: 0.59 
 precision: [0.225      0.59925844 0.49193548 0.67932672 0.25987362] 
 recall: [0.01039261 0.77805824 0.31957398 0.69104365 0.05397867] 
 f1: [0.01986755 0.67705267 0.38745027 0.68513509 0.08939003] 
 f1_avg: 0.5620336915383606


Validation Epoch: 108 accuracy: 0.59 
 precision: [0.         0.63217853 0.38106996 0.60366442 0.232     ] 
 recall: [0.         0.76018015 0.27331759 0.69671675 0.02908726] 
 f1: [0.         0.69029565 0.31832245 0.64686128 0.0516934 ] 
 f1_avg: 0.5529083634687935

--- 1511.692349910736 seconds ---

Train Epoch: 109 accuracy: 0.59 
 precision: [0.2        0.59913042 0.49427938 0.68067487 0.25270479] 
 recall: [0.01039261 0.77811028 0.32084053 0.69079277 0.05365053] 
 f1: [0.01975851 0.67699065 0.38910805 0.6856965  0.08850995] 
 f1_avg: 0.5624136562893698


Validation Epoch: 109 accuracy: 0.59 
 precision: [0.         0.63207252 0.38150289 0.6012506  0.2406015 ] 
 recall: [0.         0.75886658 0.27272727 0.69560378 0.03209629] 
 f1: [0.         0.68969046 0.31807229 0.64499484 0.05663717] 
 f1_avg: 0.5526972610205315

--- 1525.4171805381775 seconds ---

Train Epoch: 110 accuracy: 0.59 
 precision: [0.23255814 0.59906227 0.49194625 0.68103128 0.24888227] 
 recall: [0.01154734 0.77800619 0.31824986 0.69085549 0.05479902] 
 f1: [0.0220022  0.67690775 0.38647883 0.68590821 0.08982116] 
 f1_avg: 0.5619620319844089


Validation Epoch: 110 accuracy: 0.59 
 precision: [0.         0.6328857  0.38232865 0.60443801 0.23484848] 
 recall: [0.         0.76055545 0.27331759 0.69727323 0.03109328] 
 f1: [0.         0.6908719  0.31876076 0.64754522 0.05491585] 
 f1_avg: 0.5537486709720755

--- 1539.160460948944 seconds ---

Train Epoch: 111 accuracy: 0.60 
 precision: [0.25       0.59958473 0.50060258 0.68267741 0.26124567] 
 recall: [0.01616628 0.78901351 0.31088083 0.69085549 0.04954881] 
 f1: [0.03036876 0.68137844 0.38356359 0.68674211 0.08329886] 
 f1_avg: 0.5632574420938176


Validation Epoch: 111 accuracy: 0.58 
 precision: [0.         0.63421687 0.37211094 0.59264432 0.21854305] 
 recall: [0.         0.74085194 0.28512397 0.70840289 0.0330993 ] 
 f1: [0.         0.68339969 0.32286096 0.64537389 0.05749129] 
 f1_avg: 0.5502666029760326

--- 1552.878935098648 seconds ---

Train Epoch: 112 accuracy: 0.60 
 precision: [0.21153846 0.60073845 0.50072582 0.68001474 0.26468222] 
 recall: [0.01270208 0.78326264 0.31773172 0.69443051 0.05397867] 
 f1: [0.02396514 0.67996476 0.38877148 0.68714702 0.08967021] 
 f1_avg: 0.5642215430352072


Validation Epoch: 112 accuracy: 0.58 
 precision: [0.         0.63451613 0.37118902 0.59173247 0.21656051] 
 recall: [0.         0.73822481 0.28748524 0.70895938 0.03410231] 
 f1: [0.         0.68245294 0.32401863 0.64506329 0.05892548] 
 f1_avg: 0.550041402191537

--- 1566.626343011856 seconds ---

Train Epoch: 113 accuracy: 0.60 
 precision: [0.29166667 0.60089229 0.49784367 0.68027295 0.26823529] 
 recall: [0.01616628 0.78157121 0.31899827 0.69405419 0.05611157] 
 f1: [0.03063457 0.67942497 0.38884211 0.68709447 0.09280868] 
 f1_avg: 0.5642793543841513


Validation Epoch: 113 accuracy: 0.58 
 precision: [0.         0.63514604 0.3731003  0.59118329 0.22077922] 
 recall: [0.         0.73860011 0.28984652 0.70895938 0.03410231] 
 f1: [0.         0.68297762 0.32624585 0.64473684 0.05907906] 
 f1_avg: 0.5506659313529909

Early stopping!

Test Epoch: accuracy: 0.55 
 precision: [0.         0.56596691 0.48238482 0.53726363 0.27659574] 
 recall: [0.         0.83064681 0.15717439 0.51991389 0.01911765] 
 f1: [0.         0.67322639 0.23709624 0.52844639 0.03576341] 
 f1_avg: 0.49430213756353847

--- 1581.2656564712524 seconds ---

Test Epoch: accuracy: 0.60 
 precision: [0.         0.62879906 0.40180361 0.6191446  0.2875    ] 
 recall: [0.         0.79977482 0.23671783 0.67668336 0.02306921] 
 f1: [0.         0.70405551 0.29791976 0.64663653 0.04271123] 
 f1_avg: 0.5559015487124279

--- 1581.681459903717 seconds ---
