{'name': 'longcall_wav2vec2_lstm_ar_bi_3407', 'data_path': '/data/zifjia/data_longcall/wav2vec2_split_3407', 'test_only': False, 'balance_weights': True, 'model_type': 'lstm', 'model_autoregressive': True, 'n_embedding': 768, 'd_hid': 1024, 'nlayers': 2, 'batch_size': 1, 'n_epoch': 200, 'lr': 0.0001, 'dropout': 0.4, 'patience': 10, 'step_factor': 0.7, 'seed': 3407}
cuda
Reading data ...
train, dev, test number of files: 50, 6, 7.
dev files:  ['134dat LC Fugit', '132dat LC Fugit', '23datA LC Fugit', '32T5lcZeke', '2T6lcZeke', '130dat LC Kay']
test files:  ['93dat LC Sultan', '12T6lcZeke', '6T10lcFugit', '131dat LC Kay', '137dat LC Fugit', '1T7lcNico', '33datA LC Fugit']
data_all: (215820, 769)
train_data_all: (167528, 769)
Labels in train_data_all:  {0: 99971, 1: 0, 2: 27948, 3: 3303, 4: 20638, 5: 13824, 6: 1568, 7: 139, 8: 137}
--- 4.32750129699707 seconds ---
LSTM(
  (lstm_forward): LSTM(777, 1024, num_layers=2, dropout=0.4)
  (hidden2tag_forward): Linear(in_features=1024, out_features=9, bias=True)
  (lstm_backward): LSTM(777, 1024, num_layers=2, dropout=0.4)
  (hidden2tag_backward): Linear(in_features=1024, out_features=9, bias=True)
)
Number of parameters: 31582226

Train Epoch: 1 accuracy: 0.51 
 precision: [0.798484   0.         0.35991293 0.13491948 0.48354221 0.11491084
 0.         1.         0.        ] 
 recall: [0.63012274 1.         0.35498068 0.28156222 0.34024615 0.32863137
 0.         0.         0.        ] 
 f1: [0.70438268 0.         0.35742979 0.18242448 0.39943117 0.17028055
 0.         0.         0.        ] 
 f1_avg: 0.5468175829799939


Validation Epoch: 1 accuracy: 0.36 
 precision: [0.93890752 1.         0.57180157 0.08436396 0.48835662 0.15087074
 1.         1.         1.        ] 
 recall: [0.29180938 1.         0.14974359 0.76095618 0.49544381 0.86243122
 0.         1.         1.        ] 
 f1: [0.44523972 1.         0.23733406 0.15188867 0.49187469 0.25681513
 0.         1.         1.        ] 
 f1_avg: 0.4012891682627529

New best val score, save model ...
--- 490.32316756248474 seconds ---

Train Epoch: 2 accuracy: 0.57 
 precision: [0.87308628 1.         0.487921   0.16216216 0.5032865  0.20945752
 0.04628393 1.         1.        ] 
 recall: [0.64973842 1.         0.29701589 0.72479564 0.59361372 0.52676505
 0.06632653 0.         0.        ] 
 f1: [0.74503349 1.         0.36925335 0.26502823 0.54473099 0.29973246
 0.05452163 0.         0.        ] 
 f1_avg: 0.6037687657606103


Validation Epoch: 2 accuracy: 0.68 
 precision: [0.9166161  1.         0.49550056 0.10240655 0.53160511 0.41683085
 1.         1.         1.        ] 
 recall: [0.78741623 1.         0.30119658 0.79681275 0.50523118 0.74087044
 0.         1.         1.        ] 
 f1: [0.8471182  1.         0.37465448 0.1814882  0.51808271 0.53350144
 0.         1.         1.        ] 
 f1_avg: 0.6987920558899149

New best val score, save model ...
--- 972.8030233383179 seconds ---

Train Epoch: 3 accuracy: 0.64 
 precision: [0.90228168 1.         0.50879525 0.19553938 0.59839377 0.34692989
 0.03264727 1.         1.        ] 
 recall: [0.71912855 1.         0.41087019 0.76445655 0.58125787 0.6343316
 0.14668367 0.         0.        ] 
 f1: [0.8003607  1.         0.45461924 0.31142082 0.58970136 0.4485422
 0.05340764 0.         0.        ] 
 f1_avg: 0.6697497049903879


Validation Epoch: 3 accuracy: 0.63 
 precision: [0.94901518 1.         0.43159702 0.10044978 0.45416116 0.37396694
 1.         1.         1.        ] 
 recall: [0.68883098 1.         0.25777778 0.80079681 0.58015525 0.81490745
 0.         1.         1.        ] 
 f1: [0.79825697 1.         0.32277397 0.17850799 0.50948429 0.51266719
 0.         1.         1.        ] 
 f1_avg: 0.658313727649207

--- 1453.1262533664703 seconds ---

Train Epoch: 4 accuracy: 0.65 
 precision: [0.91744485 1.         0.5233753  0.21285546 0.56091248 0.38440658
 0.04732919 0.66666667 1.        ] 
 recall: [0.7272309  1.         0.40457278 0.76597033 0.61953678 0.66587095
 0.24298469 0.01438849 0.        ] 
 f1: [0.81133834 1.         0.45636907 0.33313582 0.58876891 0.48742388
 0.07922645 0.02816901 0.        ] 
 f1_avg: 0.6803791496792296


Validation Epoch: 4 accuracy: 0.59 
 precision: [0.96624424 1.         0.45043988 0.08948058 0.45834334 0.35356738
 0.09711286 1.         1.        ] 
 recall: [0.62449739 1.         0.2625641  0.81673307 0.64427945 0.78089045
 0.53623188 1.         1.        ] 
 f1: [0.75866124 1.         0.33174946 0.16129032 0.53563412 0.48674774
 0.16444444 1.         1.        ] 
 f1_avg: 0.6364611904099842

--- 1934.9921762943268 seconds ---

Train Epoch: 5 accuracy: 0.66 
 precision: [0.9278169  1.         0.54333918 0.21971113 0.57640965 0.42998755
 0.07880362 0.18315789 1.        ] 
 recall: [0.72747097 1.         0.41022613 0.78292461 0.66324256 0.64952257
 0.56122449 0.62589928 0.01459854] 
 f1: [0.81551961 1.         0.46749169 0.3431301  0.61678495 0.51743214
 0.13820181 0.28338762 0.02877698] 
 f1_avg: 0.6916417013992456


Validation Epoch: 5 accuracy: 0.52 
 precision: [0.97209302 1.         0.51766139 0.07142857 0.43633733 0.30038429
 0.06407767 1.         1.        ] 
 recall: [0.52911392 1.         0.14529915 0.84063745 0.71245359 0.70385193
 0.95652174 1.         1.        ] 
 f1: [0.6852459  1.         0.2269087  0.13166927 0.54121267 0.42106838
 0.12010919 1.         1.        ] 
 f1_avg: 0.5709306168745959

--- 2417.560482978821 seconds ---

Train Epoch: 6 accuracy: 0.66 
 precision: [0.9319845  1.         0.57273008 0.20525667 0.57839262 0.42114669
 0.08969174 0.15266106 0.94366197] 
 recall: [0.73631353 1.         0.39813225 0.80623675 0.65941467 0.6307147
 0.63647959 0.78417266 0.48905109] 
 f1: [0.82267411 1.         0.46973151 0.32721017 0.61625195 0.50505402
 0.15722725 0.25556858 0.64423077] 
 f1_avg: 0.6955420907625057


Validation Epoch: 6 accuracy: 0.60 
 precision: [0.96244707 1.         0.57879656 0.1053752  0.42926556 0.42402402
 0.00437637 0.         1.        ] 
 recall: [0.64311243 1.         0.13811966 0.78884462 0.77522781 0.70635318
 0.05797101 1.         1.        ] 
 f1: [0.77102303 1.         0.2230196  0.18591549 0.55256194 0.52993057
 0.00813835 0.         1.        ] 
 f1_avg: 0.6355303515517149

--- 2899.7907366752625 seconds ---

Train Epoch: 7 accuracy: 0.66 
 precision: [0.94137922 1.         0.59643333 0.20267009 0.5737494  0.42203097
 0.09219991 0.08553846 0.91860465] 
 recall: [0.72671075 1.         0.36857736 0.81350288 0.69134606 0.68815104
 0.62946429 1.         0.57664234] 
 f1: [0.82023201 1.         0.45560494 0.32449731 0.62708214 0.52319538
 0.16084087 0.15759637 0.70852018] 
 f1_avg: 0.6945109001140315


Validation Epoch: 7 accuracy: 0.47 
 precision: [0.97505369 1.         0.48101266 0.15004055 0.41682113 0.24186238
 0.0403423  0.         1.        ] 
 recall: [0.43946389 1.         0.18188034 0.73705179 0.60715491 0.88094047
 0.95652174 1.         1.        ] 
 f1: [0.60586152 1.         0.26395435 0.24932615 0.49429867 0.37952586
 0.07741935 0.         1.        ] 
 f1_avg: 0.5176313098011099

--- 3384.8211138248444 seconds ---

Train Epoch: 8 accuracy: 0.66 
 precision: [0.92933399 1.         0.6100141  0.23673289 0.59882465 0.38608142
 0.09901159 0.09497591 0.44982699] 
 recall: [0.72272959 1.         0.43330471 0.81168635 0.67147979 0.61400463
 0.74107143 0.99280576 0.94890511] 
 f1: [0.81311298 1.         0.50669456 0.36655729 0.63307446 0.47407076
 0.17468431 0.17336683 0.61032864] 
 f1_avg: 0.6963619176975618


Validation Epoch: 8 accuracy: 0.45 
 precision: [0.99807396 1.         0.45592164 0.10660744 0.40961794 0.22401882
 0.05040175 0.         1.        ] 
 recall: [0.38585257 1.         0.17504274 0.76494024 0.72730341 0.76238119
 1.         1.         1.        ] 
 f1: [0.55654602 1.         0.25296443 0.1871345  0.52407588 0.34628494
 0.09596662 0.         1.        ] 
 f1_avg: 0.4858800605485157

--- 3870.588512659073 seconds ---

Train Epoch: 9 accuracy: 0.64 
 precision: [0.93530986 1.         0.62871031 0.22211577 0.57269325 0.34762334
 0.11386861 0.08323208 0.234375  ] 
 recall: [0.67467566 1.         0.43502218 0.84226461 0.68960171 0.64171007
 0.79591837 0.98561151 0.98540146] 
 f1: [0.78389624 1.         0.51423254 0.35152894 0.62573369 0.45095697
 0.19923372 0.1535014  0.37868163] 
 f1_avg: 0.6771005294605513


Validation Epoch: 9 accuracy: 0.51 
 precision: [0.97958882 1.         0.43277946 0.15918713 0.43819752 0.27033576
 0.03741866 1.         1.        ] 
 recall: [0.49314966 1.         0.19589744 0.74900398 0.70232872 0.7813907
 1.         1.         1.        ] 
 f1: [0.65603487 1.         0.26971052 0.26256983 0.53967842 0.40169731
 0.072138   1.         1.        ] 
 f1_avg: 0.5579513879696539

--- 4355.373911142349 seconds ---

Train Epoch: 10 accuracy: 0.66 
 precision: [0.94983581 1.         0.62993469 0.24065602 0.59112401 0.37972311
 0.12076156 0.12373969 0.50566038] 
 recall: [0.69150054 1.         0.46246601 0.84408114 0.69057079 0.71824363
 0.8494898  0.97122302 0.97810219] 
 f1: [0.80033806 1.         0.5333636  0.37452982 0.63698936 0.49679776
 0.21146214 0.2195122  0.66666667] 
 f1_avg: 0.6961310973760602


Validation Epoch: 10 accuracy: 0.66 
 precision: [0.96751472 1.         0.55298845 0.1957672  0.55879828 0.36523266
 0.06063269 1.         1.        ] 
 recall: [0.68525689 1.         0.37641026 0.73705179 0.65912926 0.83241621
 1.         1.         1.        ] 
 f1: [0.80228402 1.         0.44792514 0.30936455 0.60483122 0.50770404
 0.11433306 1.         1.        ] 
 f1_avg: 0.6922128852455778

--- 4841.291800022125 seconds ---

Train Epoch: 11 accuracy: 0.70 
 precision: [0.9555979  1.         0.63355643 0.24218479 0.61019435 0.43282767
 0.16236162 0.31775701 0.46020761] 
 recall: [0.73237239 1.         0.49112638 0.84438389 0.72565171 0.74508102
 0.89795918 0.97841727 0.97080292] 
 f1: [0.82922492 1.         0.55332272 0.37640866 0.66293353 0.54756652
 0.275      0.47971781 0.62441315] 
 f1_avg: 0.7248972897760314


Validation Epoch: 11 accuracy: 0.70 
 precision: [0.90645161 1.         0.54820144 0.19432773 0.47511312 0.48359073
 0.00415512 0.         1.        ] 
 recall: [0.83693224 1.         0.13025641 0.73705179 0.60242997 0.75187594
 0.04347826 1.         1.        ] 
 f1: [0.87030585 1.         0.21049724 0.30756442 0.53125    0.58860388
 0.00758534 0.         1.        ] 
 f1_avg: 0.6993736141253434

New best val score, save model ...
--- 5324.9568457603455 seconds ---

Train Epoch: 12 accuracy: 0.71 
 precision: [0.95026314 1.         0.66028031 0.25202593 0.64157661 0.45858016
 0.1294578  0.25981308 0.4068323 ] 
 recall: [0.76579208 1.         0.50064405 0.84741144 0.73350131 0.70558449
 0.73852041 1.         0.95620438] 
 f1: [0.84811255 1.         0.56948656 0.38850718 0.68446635 0.5558785
 0.22029868 0.41246291 0.5708061 ] 
 f1_avg: 0.7418303310362208


Validation Epoch: 12 accuracy: 0.70 
 precision: [0.93011071 1.         0.55314534 0.18291457 0.52846498 0.45411345
 0.05979203 0.         1.        ] 
 recall: [0.81950856 1.         0.17435897 0.7250996  0.59838002 0.76488244
 1.         1.         1.        ] 
 f1: [0.87131378 1.         0.26514167 0.29213483 0.56125356 0.56988446
 0.11283729 0.         1.        ] 
 f1_avg: 0.7099222804556851

New best val score, save model ...
--- 5805.894474744797 seconds ---

Train Epoch: 13 accuracy: 0.72 
 precision: [0.95322305 1.         0.67330827 0.28825179 0.66881769 0.4447287
 0.16065968 0.12915851 0.36290323] 
 recall: [0.75971032 1.         0.51266638 0.84014532 0.71814129 0.77965856
 0.93813776 0.94964029 0.98540146] 
 f1: [0.84553597 1.         0.58210774 0.42923434 0.69260246 0.56638377
 0.27433793 0.22739018 0.53045187] 
 f1_avg: 0.7453896918295407


Validation Epoch: 13 accuracy: 0.69 
 precision: [0.94188967 1.         0.46050269 0.16375727 0.43395338 0.50856773
 0.02309469 1.         1.        ] 
 recall: [0.80982874 1.         0.17538462 0.78486056 0.62200472 0.78689345
 0.14492754 1.         1.        ] 
 f1: [0.87088121 1.         0.25402327 0.27097662 0.5112344  0.61783189
 0.03984064 1.         1.        ] 
 f1_avg: 0.7052525923233891

--- 6288.603514432907 seconds ---

Train Epoch: 14 accuracy: 0.75 
 precision: [0.95899962 1.         0.68583353 0.31381529 0.66521436 0.4842893
 0.14220978 0.25602968 0.55932203] 
 recall: [0.80625381 1.         0.52919708 0.87132909 0.73980037 0.75368924
 0.68048469 0.99280576 0.96350365] 
 f1: [0.87601824 1.         0.59741886 0.46143979 0.70052764 0.58967684
 0.23525521 0.40707965 0.7077748 ] 
 f1_avg: 0.7695957010133089


Validation Epoch: 14 accuracy: 0.64 
 precision: [0.96291457 1.         0.50746269 0.16102395 0.51229508 0.36254699
 0.04778393 0.         1.        ] 
 recall: [0.71340283 1.         0.17435897 0.77689243 0.63280459 0.77188594
 1.         1.         1.        ] 
 f1: [0.81958939 1.         0.25954198 0.26675787 0.56620867 0.49336531
 0.09120952 0.         1.        ] 
 f1_avg: 0.6703059139175018

--- 6770.127170562744 seconds ---

Train Epoch: 15 accuracy: 0.74 
 precision: [0.96491554 1.         0.69775706 0.31624588 0.67958083 0.49708339
 0.14173383 0.14022518 0.42903226] 
 recall: [0.78047634 1.         0.54096894 0.87223736 0.75729237 0.77054398
 0.91964286 0.98561151 0.97080292] 
 f1: [0.8629509  1.         0.6094405  0.46419077 0.71633514 0.60431736
 0.24561404 0.24551971 0.5950783 ] 
 f1_avg: 0.7668838235687128


Validation Epoch: 15 accuracy: 0.74 
 precision: [0.93189052 1.         0.56941508 0.20682303 0.53132054 0.49785408
 0.01503759 0.         1.        ] 
 recall: [0.87207744 1.         0.27623932 0.77290837 0.63550456 0.75437719
 0.02898551 1.         1.        ] 
 f1: [0.90099238 1.         0.37200737 0.32632464 0.57876133 0.59984089
 0.01980198 0.         1.        ] 
 f1_avg: 0.7480554078666743

New best val score, save model ...
--- 7253.955045223236 seconds ---

Train Epoch: 16 accuracy: 0.77 
 precision: [0.96677439 1.         0.7108842  0.32306011 0.71478542 0.48870583
 0.19963975 0.42414861 0.38728324] 
 recall: [0.80797431 1.         0.56297409 0.89494399 0.77231321 0.81539352
 0.84821429 0.98561151 0.97810219] 
 f1: [0.88026983 1.         0.62834209 0.47474504 0.74243659 0.61113069
 0.32320778 0.59307359 0.55486542] 
 f1_avg: 0.785339546787312


Validation Epoch: 16 accuracy: 0.76 
 precision: [0.92939904 1.         0.55401662 0.17026578 0.54915649 0.57396211
 0.         0.         1.        ] 
 recall: [0.89590469 1.         0.27350427 0.81673307 0.63719204 0.71235618
 0.         1.         1.        ] 
 f1: [0.91234456 1.         0.36621653 0.28178694 0.58990783 0.63571429
 0.         0.         1.        ] 
 f1_avg: 0.7585797009847663

New best val score, save model ...
--- 7734.583783864975 seconds ---

Train Epoch: 17 accuracy: 0.75 
 precision: [0.96705828 1.         0.71402998 0.31278212 0.7305659  0.45425909
 0.14278999 0.2005772  0.54700855] 
 recall: [0.79374018 1.         0.57088164 0.86012716 0.77003586 0.75108507
 0.77487245 1.         0.93430657] 
 f1: [0.87186925 1.         0.63448194 0.45874374 0.74978179 0.56612415
 0.2411432  0.33413462 0.69002695] 
 f1_avg: 0.7773539960414981


Validation Epoch: 17 accuracy: 0.72 
 precision: [0.94792267 1.         0.4467354  0.1324228  0.46297849 0.58170845
 0.         1.         1.        ] 
 recall: [0.85793001 1.         0.31111111 0.88844622 0.55923051 0.62681341
 0.         1.         1.        ] 
 f1: [0.90068399 1.         0.36678759 0.23049096 0.50657291 0.60341922
 0.         1.         1.        ] 
 f1_avg: 0.7364285029346886

--- 8215.084417581558 seconds ---

Train Epoch: 18 accuracy: 0.78 
 precision: [0.96624856 1.         0.7222671  0.31493615 0.73791242 0.49692717
 0.23179191 0.29372197 0.63207547] 
 recall: [0.82989067 1.         0.60780736 0.85861338 0.76833996 0.78378183
 0.76721939 0.94244604 0.97810219] 
 f1: [0.89289366 1.         0.6601123  0.46083848 0.75281886 0.60822948
 0.35602249 0.44786325 0.76790831] 
 f1_avg: 0.7992991004252114


Validation Epoch: 18 accuracy: 0.77 
 precision: [0.93749028 1.         0.54669579 0.20044793 0.5766517  0.54984477
 0.         1.         1.        ] 
 recall: [0.89784066 1.         0.34222222 0.71314741 0.60681741 0.7973987
 0.         1.         1.        ] 
 f1: [0.91723718 1.         0.42094197 0.31293706 0.59135011 0.65087791
 0.         1.         1.        ] 
 f1_avg: 0.7709744015634659

New best val score, save model ...
--- 8697.326167583466 seconds ---

Train Epoch: 19 accuracy: 0.78 
 precision: [0.96793754 1.         0.74106115 0.31270636 0.77288217 0.49587421
 0.18229314 0.3494898  0.48201439] 
 recall: [0.81594662 1.         0.62219121 0.88888889 0.78025972 0.78247975
 0.82334184 0.98561151 0.97810219] 
 f1: [0.8854671  1.         0.6764437  0.46265364 0.77655342 0.60704866
 0.29849711 0.51600753 0.64578313] 
 f1_avg: 0.7998723538343999


Validation Epoch: 19 accuracy: 0.70 
 precision: [0.95988539 1.         0.58487195 0.24515235 0.4793956  0.39968297
 0.00831025 1.         1.        ] 
 recall: [0.7732688  1.         0.3357265  0.70517928 0.58893014 0.88294147
 0.04347826 1.         1.        ] 
 f1: [0.85653017 1.         0.42658558 0.36382323 0.52854763 0.5502728
 0.01395349 1.         1.        ] 
 f1_avg: 0.7167965669162523

--- 9178.22267317772 seconds ---

Train Epoch: 20 accuracy: 0.80 
 precision: [0.97139195 1.         0.75236842 0.34643412 0.75529336 0.52488259
 0.25582565 0.4313099  0.53359684] 
 recall: [0.83384181 1.         0.61378274 0.87798971 0.80027134 0.84078414
 0.97321429 0.97122302 0.98540146] 
 f1: [0.89737655 1.         0.67604635 0.49683056 0.7771321  0.64629671
 0.40515067 0.59734513 0.69230769] 
 f1_avg: 0.8120004851446129


Validation Epoch: 20 accuracy: 0.75 
 precision: [0.94569182 1.         0.57690172 0.24328147 0.55898603 0.4734763
 0.         1.         1.        ] 
 recall: [0.86872673 1.         0.35521368 0.68525896 0.58049274 0.83941971
 0.         1.         1.        ] 
 f1: [0.9055769  1.         0.4396953  0.35908142 0.56953642 0.60544831
 0.         1.         1.        ] 
 f1_avg: 0.7596230334383394

--- 9656.031258583069 seconds ---

Train Epoch: 21 accuracy: 0.79 
 precision: [0.97115521 1.         0.7410096  0.37531025 0.77993279 0.5028616
 0.22507846 0.17889318 0.68393782] 
 recall: [0.81938762 1.         0.63553743 0.86981532 0.78718868 0.83897569
 0.96045918 1.         0.96350365] 
 f1: [0.88883946 1.         0.68423283 0.52436576 0.78354394 0.62882238
 0.36469306 0.30349345 0.8       ] 
 f1_avg: 0.8076281774824021


Validation Epoch: 21 accuracy: 0.71 
 precision: [0.96281398 1.         0.61304837 0.22964763 0.54378342 0.36475846
 0.03472222 0.         1.        ] 
 recall: [0.80201042 1.         0.37264957 0.75298805 0.54910564 0.85742871
 0.07246377 1.         1.        ] 
 f1: [0.87508632 1.         0.46353391 0.35195531 0.54643157 0.51179457
 0.04694836 0.         1.        ] 
 f1_avg: 0.732170832745396

--- 10131.937165021896 seconds ---

Train Epoch: 22 accuracy: 0.80 
 precision: [0.97159353 1.         0.75707111 0.37632911 0.77494145 0.49527613
 0.28968714 0.50972763 0.52509653] 
 recall: [0.84164408 1.         0.61485616 0.90009083 0.80167652 0.83427373
 0.95663265 0.94244604 0.99270073] 
 f1: [0.90196226 1.         0.67859258 0.53075069 0.78808231 0.62155753
 0.44470798 0.66161616 0.68686869] 
 f1_avg: 0.8155571934529674


Validation Epoch: 22 accuracy: 0.78 
 precision: [0.94133252 1.         0.56785852 0.21754808 0.58522939 0.61793372
 0.01498127 0.         1.        ] 
 recall: [0.92472077 1.         0.50495726 0.72111554 0.52953088 0.63431716
 0.05797101 1.         1.        ] 
 f1: [0.93295271 1.         0.53456388 0.33425669 0.55598866 0.62601827
 0.02380952 0.         1.        ] 
 f1_avg: 0.7892730253344585

New best val score, save model ...
--- 10609.161966323853 seconds ---

Train Epoch: 23 accuracy: 0.80 
 precision: [0.96986894 1.         0.77117881 0.38524061 0.78677368 0.49341622
 0.29239766 0.28690229 0.68181818] 
 recall: [0.83424193 1.         0.6439459  0.90402664 0.81223956 0.82675058
 0.98852041 0.99280576 0.98540146] 
 f1: [0.89695744 1.         0.70184264 0.54025692 0.79930383 0.61800092
 0.45130296 0.44516129 0.80597015] 
 f1_avg: 0.8177051892303013


Validation Epoch: 23 accuracy: 0.77 
 precision: [0.94566791 1.         0.49985694 0.28091873 0.62626263 0.59672529
 0.00551724 1.         1.        ] 
 recall: [0.92405063 1.         0.59726496 0.63346614 0.43941951 0.49224612
 0.05797101 1.         1.        ] 
 f1: [0.9347343  1.         0.54423676 0.38922889 0.51646172 0.53947368
 0.01007557 1.         1.        ] 
 f1_avg: 0.7788718343286705

--- 11085.910506486893 seconds ---

Train Epoch: 24 accuracy: 0.80 
 precision: [0.97103196 1.         0.74352154 0.35782048 0.81904617 0.50234361
 0.26585789 0.68844221 0.51724138] 
 recall: [0.8382631  1.         0.66011879 0.89070542 0.78471751 0.80627894
 0.97831633 0.98561151 0.98540146] 
 f1: [0.89977614 1.         0.69934232 0.5105423  0.80151444 0.61901588
 0.41809757 0.81065089 0.67839196] 
 f1_avg: 0.8186284563173384


Validation Epoch: 24 accuracy: 0.74 
 precision: [0.93025827 1.         0.51344743 0.17966436 0.49406861 0.54054917
 0.         0.         1.        ] 
 recall: [0.87699181 1.         0.28717949 0.7250996  0.520081   0.84692346
 0.         1.         1.        ] 
 f1: [0.90284006 1.         0.36834028 0.28797468 0.5067412  0.65991035
 0.         0.         1.        ] 
 f1_avg: 0.7438856555945605

--- 11569.181236982346 seconds ---

Train Epoch: 25 accuracy: 0.80 
 precision: [0.96609721 1.         0.75447189 0.34435752 0.7904539  0.53384122
 0.27158724 0.18410596 0.53359684] 
 recall: [0.84059377 1.         0.63385573 0.87950348 0.78558969 0.83130787
 0.96683673 1.         0.98540146] 
 f1: [0.89898639 1.         0.68892432 0.49493143 0.78801429 0.65016548
 0.42405594 0.31096197 0.69230769] 
 f1_avg: 0.8166712410591039


Validation Epoch: 25 accuracy: 0.80 
 precision: [0.94753516 1.         0.61620017 0.24266667 0.65724258 0.58586232
 0.         1.         1.        ] 
 recall: [0.91310499 1.         0.49675214 0.7250996  0.63550456 0.79189595
 0.         1.         1.        ] 
 f1: [0.93000152 1.         0.55006625 0.36363636 0.6461908  0.67347373
 0.         1.         1.        ] 
 f1_avg: 0.8065385318163765

New best val score, save model ...
--- 12053.64792251587 seconds ---

Train Epoch: 26 accuracy: 0.82 
 precision: [0.97188475 1.         0.77614979 0.3606383  0.80082602 0.53261789
 0.35113122 0.37567568 0.71195652] 
 recall: [0.85061668 1.         0.62737942 0.92370572 0.83617599 0.86523438
 0.98979592 1.         0.95620438] 
 f1: [0.90721616 1.         0.69387997 0.51874522 0.81811933 0.65935338
 0.51837007 0.54616896 0.81619938] 
 f1_avg: 0.8285245991161767


Validation Epoch: 26 accuracy: 0.78 
 precision: [0.95831987 1.         0.54758713 0.26902655 0.56464968 0.6059216
 0.01183432 0.         1.        ] 
 recall: [0.88339538 1.         0.55863248 0.60557769 0.59838002 0.72686343
 0.02898551 1.         1.        ] 
 f1: [0.91933359 1.         0.55305466 0.37254902 0.58102573 0.66090516
 0.01680672 0.         1.        ] 
 f1_avg: 0.7903929904443867

--- 12537.111837863922 seconds ---

Train Epoch: 27 accuracy: 0.82 
 precision: [0.9788844  1.         0.77110524 0.41522774 0.79567208 0.54265918
 0.3003861  0.44078947 0.40117994] 
 recall: [0.84628542 1.         0.66802633 0.92461399 0.83380172 0.86682581
 0.99234694 0.96402878 0.99270073] 
 f1: [0.90776824 1.         0.71587423 0.57309064 0.81429078 0.66746505
 0.46117368 0.60496614 0.57142857] 
 f1_avg: 0.8331057289481169


Validation Epoch: 27 accuracy: 0.80 
 precision: [0.9364676  1.         0.58868567 0.26498423 0.61910748 0.70089552
 0.         0.         1.        ] 
 recall: [0.93291139 1.         0.47316239 0.66932271 0.66486669 0.58729365
 0.         1.         1.        ] 
 f1: [0.93468611 1.         0.52463988 0.37966102 0.64117168 0.63908547
 0.         0.         1.        ] 
 f1_avg: 0.8023304803017013

--- 13014.21938252449 seconds ---

Train Epoch: 28 accuracy: 0.83 
 precision: [0.97557132 1.         0.77342128 0.43056732 0.82797868 0.54342375
 0.35203967 0.55823293 0.59728507] 
 recall: [0.86085965 1.         0.67969085 0.92370572 0.83540072 0.86226852
 0.99617347 1.         0.96350365] 
 f1: [0.91463279 1.         0.72353311 0.58735201 0.83167314 0.66668531
 0.52023314 0.71649485 0.73743017] 
 f1_avg: 0.8416190453742037


Validation Epoch: 28 accuracy: 0.76 
 precision: [0.95835674 1.         0.5180089  0.22522523 0.57181984 0.59033906
 0.00410678 1.         1.        ] 
 recall: [0.8893522  1.         0.43760684 0.69721116 0.63415457 0.63581791
 0.02898551 1.         1.        ] 
 f1: [0.92256594 1.         0.4744255  0.34046693 0.60137622 0.61223507
 0.00719424 1.         1.        ] 
 f1_avg: 0.7796572752368364

--- 13492.033790111542 seconds ---

Train Epoch: 29 accuracy: 0.83 
 precision: [0.97499654 1.         0.79692719 0.4343662  0.80398299 0.53974307
 0.32728032 0.43589744 0.54183267] 
 recall: [0.84603535 1.         0.68298268 0.93369664 0.87048164 0.86009838
 1.         0.97841727 0.99270073] 
 f1: [0.90594958 1.         0.7355684  0.59290589 0.83591187 0.66326388
 0.4931593  0.60310421 0.70103093] 
 f1_avg: 0.838417310143993


Validation Epoch: 29 accuracy: 0.81 
 precision: [0.96142012 1.         0.60889224 0.2834507  0.69938885 0.55388813
 0.01052632 1.         1.        ] 
 recall: [0.90737156 1.         0.55247863 0.64143426 0.61795478 0.8124062
 0.02898551 1.         1.        ] 
 f1: [0.93361425 1.         0.57931529 0.39316239 0.65615481 0.65868992
 0.01544402 1.         1.        ] 
 f1_avg: 0.8131253803988869

New best val score, save model ...
--- 13970.296892166138 seconds ---

Train Epoch: 30 accuracy: 0.83 
 precision: [0.97357816 1.         0.78312395 0.3992567  0.82229586 0.54571717
 0.36388953 0.4224924  0.65217391] 
 recall: [0.86026948 1.         0.66913554 0.91068725 0.84169978 0.8608941
 1.         1.         0.98540146] 
 f1: [0.91342329 1.         0.72165625 0.55513519 0.83188468 0.66799506
 0.53360558 0.59401709 0.78488372] 
 f1_avg: 0.8401454749319607


Validation Epoch: 30 accuracy: 0.78 
 precision: [0.95443962 1.         0.6175621  0.20459519 0.60506252 0.58087201
 0.00287356 1.         1.        ] 
 recall: [0.91563663 1.         0.36547009 0.74501992 0.66959163 0.6198099
 0.02898551 1.         1.        ] 
 f1: [0.93463556 1.         0.45919244 0.32103004 0.63569369 0.59970958
 0.00522876 1.         1.        ] 
 f1_avg: 0.788400081964082

--- 14448.756116628647 seconds ---

Train Epoch: 31 accuracy: 0.84 
 precision: [0.97847682 1.         0.82508636 0.41655304 0.82723857 0.57604462
 0.34545054 0.59051724 0.53968254] 
 recall: [0.87493373 1.         0.68373408 0.92491674 0.87469716 0.8666088
 1.         0.98561151 0.99270073] 
 f1: [0.92381299 1.         0.747789   0.57441008 0.85030617 0.69206551
 0.51350909 0.73854447 0.69922879] 
 f1_avg: 0.8552024664591119


Validation Epoch: 31 accuracy: 0.80 
 precision: [0.97105092 1.         0.65498076 0.34764826 0.70139969 0.47860331
 0.03125    1.         1.        ] 
 recall: [0.89166046 1.         0.52376068 0.67729084 0.60884239 0.91195598
 0.04347826 1.         1.        ] 
 f1: [0.92966385 1.         0.58206687 0.45945946 0.65185185 0.62775482
 0.03636364 1.         1.        ] 
 f1_avg: 0.8084338579039639

--- 14925.254036903381 seconds ---

Train Epoch: 32 accuracy: 0.86 
 precision: [0.98103291 1.         0.82419872 0.45236704 0.85234805 0.59001868
 0.39297365 0.4017341  0.64761905] 
 recall: [0.88316612 1.         0.70756405 0.9373297  0.87857351 0.89113137
 0.99872449 1.         0.99270073] 
 f1: [0.92953061 1.         0.76144087 0.61022962 0.8652621  0.70996744
 0.56401945 0.57319588 0.78386167] 
 f1_avg: 0.8653225553520109


Validation Epoch: 32 accuracy: 0.78 
 precision: [0.96695276 1.         0.66624843 0.18537074 0.60892699 0.53726813
 0.00869565 1.         1.        ] 
 recall: [0.89761727 1.         0.36307692 0.73705179 0.69524131 0.79689845
 0.02898551 1.         1.        ] 
 f1: [0.93099587 1.         0.47001549 0.29623699 0.64922786 0.64182111
 0.01337793 1.         1.        ] 
 f1_avg: 0.7930864229262188

--- 15403.831358671188 seconds ---

Train Epoch: 33 accuracy: 0.86 
 precision: [0.98206988 1.         0.83639659 0.4479351  0.86030422 0.58974848
 0.37138797 0.65402844 0.66995074] 
 recall: [0.88701723 1.         0.70992558 0.91946715 0.87968795 0.89554398
 1.         0.99280576 0.99270073] 
 f1: [0.9321266  1.         0.76798916 0.60240008 0.86988812 0.71116728
 0.54162349 0.78857143 0.8       ] 
 f1_avg: 0.8684609235599342


Validation Epoch: 33 accuracy: 0.81 
 precision: [0.95538157 1.         0.62339661 0.18485742 0.63737518 0.68482098
 0.08       0.         1.        ] 
 recall: [0.9358898  1.         0.41538462 0.74900398 0.75396558 0.67933967
 0.02898551 1.         1.        ] 
 f1: [0.94553524 1.         0.49856381 0.29652997 0.69078541 0.68206931
 0.04255319 0.         1.        ] 
 f1_avg: 0.8154760996785164

New best val score, save model ...
--- 15882.20104765892 seconds ---

Train Epoch: 34 accuracy: 0.84 
 precision: [0.97976119 1.         0.81153152 0.41474966 0.83191202 0.54192046
 0.46206283 0.5        0.68020305] 
 recall: [0.86921207 1.         0.69146272 0.92794429 0.8650063  0.87528935
 0.9942602  0.99280576 0.97810219] 
 f1: [0.9211818  1.         0.74670118 0.57327223 0.84813645 0.66939588
 0.63091866 0.66506024 0.80239521] 
 f1_avg: 0.8524127839980254


Validation Epoch: 34 accuracy: 0.76 
 precision: [0.95831008 1.         0.59636872 0.22971286 0.48578422 0.6396217
 0.01239669 0.         1.        ] 
 recall: [0.89516009 1.         0.14598291 0.73306773 0.87073912 0.64282141
 0.04347826 1.         1.        ] 
 f1: [0.92565929 1.         0.23455095 0.34980989 0.62364032 0.64121756
 0.0192926  0.         1.        ] 
 f1_avg: 0.7550233121535336

--- 16360.363966226578 seconds ---

Train Epoch: 35 accuracy: 0.85 
 precision: [0.97929378 1.         0.82287655 0.44523674 0.8368694  0.57022365
 0.38380368 0.58744395 0.51310861] 
 recall: [0.87662422 1.         0.71096322 0.94520133 0.86006396 0.87051505
 0.99744898 0.94244604 1.        ] 
 f1: [0.92511915 1.         0.76283712 0.60533204 0.84830816 0.68907467
 0.55431508 0.72375691 0.67821782] 
 f1_avg: 0.8589615275259999


Validation Epoch: 35 accuracy: 0.80 
 precision: [0.92915885 1.         0.56802326 0.23239437 0.60417262 0.72872644
 0.02531646 0.         1.        ] 
 recall: [0.95904691 1.         0.33401709 0.65737052 0.71346608 0.63831916
 0.02898551 1.         1.        ] 
 f1: [0.94386633 1.         0.42066738 0.3433923  0.6542866  0.68053333
 0.02702703 0.         1.        ] 
 f1_avg: 0.7992637901645285

--- 16836.800688028336 seconds ---

Train Epoch: 36 accuracy: 0.85 
 precision: [0.98038    1.         0.83259241 0.45934959 0.83902484 0.59558824
 0.38636927 0.15869312 0.59067358] 
 recall: [0.86970221 1.         0.72373694 0.95791705 0.89049326 0.890625
 0.9942602  0.97841727 0.83211679] 
 f1: [0.92173056 1.         0.7743578  0.62094005 0.86399323 0.71382189
 0.5564876  0.27309237 0.69090909] 
 f1_avg: 0.8628002200132705


Validation Epoch: 36 accuracy: 0.81 
 precision: [0.93524913 1.         0.68069815 0.23007519 0.594163   0.68987681
 0.         0.         1.        ] 
 recall: [0.93782576 1.         0.45333333 0.60956175 0.7283159  0.64432216
 0.         1.         1.        ] 
 f1: [0.93653567 1.         0.54422327 0.33406114 0.65443518 0.66632178
 0.         0.         1.        ] 
 f1_avg: 0.8099295268895472

--- 17313.596453905106 seconds ---

Train Epoch: 37 accuracy: 0.87 
 precision: [0.98125393 1.         0.8323697  0.49005252 0.83909598 0.62591527
 0.40434895 0.34795322 0.57327586] 
 recall: [0.88906783 1.         0.72116073 0.93218286 0.90309138 0.89662905
 0.99617347 0.85611511 0.97080292] 
 f1: [0.93288901 1.         0.77278479 0.64239516 0.86991832 0.73720522
 0.57521635 0.49480249 0.72086721] 
 f1_avg: 0.8726627312482952


Validation Epoch: 37 accuracy: 0.81 
 precision: [0.94601218 1.         0.61868038 0.1965812  0.66530156 0.61381407
 0.01408451 0.         1.        ] 
 recall: [0.94854803 1.         0.49367521 0.5498008  0.60310496 0.70685343
 0.02898551 1.         1.        ] 
 f1: [0.94727841 1.         0.54915383 0.28961175 0.63267835 0.6570565
 0.01895735 0.         1.        ] 
 f1_avg: 0.8129734456996277

--- 17792.136727809906 seconds ---

Train Epoch: 38 accuracy: 0.86 
 precision: [0.97807995 1.         0.82275607 0.49493029 0.87931876 0.6067443
 0.47101232 0.32705882 0.20700152] 
 recall: [0.88641706 1.         0.73894375 0.94580684 0.87309817 0.90458623
 1.         1.         0.99270073] 
 f1: [0.92999533 1.         0.77860092 0.64981799 0.87619742 0.72631701
 0.64039208 0.4929078  0.34256927] 
 f1_avg: 0.8722267328259202


Validation Epoch: 38 accuracy: 0.80 
 precision: [0.95777655 1.         0.57949857 0.28286853 0.65652011 0.57749221
 0.00925926 1.         1.        ] 
 recall: [0.90193596 1.         0.6242735  0.56573705 0.58960513 0.74187094
 0.01449275 1.         1.        ] 
 f1: [0.92901791 1.         0.60105332 0.37715803 0.621266   0.64944165
 0.01129944 1.         1.        ] 
 f1_avg: 0.8073800818579532

--- 18270.34800505638 seconds ---

Train Epoch: 39 accuracy: 0.86 
 precision: [0.97650988 1.         0.83201312 0.44530245 0.87478088 0.60223157
 0.45354559 0.58974359 0.72043011] 
 recall: [0.88031529 1.         0.74413196 0.94277929 0.89466034 0.89019097
 0.99936224 0.99280576 0.97810219] 
 f1: [0.92592086 1.         0.78562254 0.6048951  0.88460894 0.71843073
 0.62392992 0.73994638 0.82972136] 
 f1_avg: 0.8709157505120089


Validation Epoch: 39 accuracy: 0.71 
 precision: [0.97666853 1.         0.56566265 0.21253406 0.53109938 0.49047465
 0.03896104 0.         1.        ] 
 recall: [0.78235294 1.         0.32102564 0.62151394 0.78096524 0.75987994
 0.04347826 1.         1.        ] 
 f1: [0.86877791 1.         0.40959651 0.31675127 0.63224044 0.59615385
 0.04109589 0.         1.        ] 
 f1_avg: 0.7400812134067201

--- 18748.961004972458 seconds ---

Train Epoch: 40 accuracy: 0.86 
 precision: [0.97577835 1.         0.83433523 0.4992     0.85537248 0.60402418
 0.43037975 0.08477723 0.39481268] 
 recall: [0.87686429 1.         0.7200873  0.94459582 0.89296443 0.88165509
 0.99744898 0.98561151 1.        ] 
 f1: [0.92368077 1.         0.77301273 0.65319795 0.87376431 0.71689901
 0.60130719 0.15612536 0.5661157 ] 
 f1_avg: 0.8660536259715247


Validation Epoch: 40 accuracy: 0.74 
 precision: [0.98445065 1.         0.52072129 0.2826087  0.56494523 0.50372376
 0.09090909 1.         1.        ] 
 recall: [0.78726731 1.         0.56273504 0.62151394 0.73101586 0.74437219
 0.52173913 1.         1.        ] 
 f1: [0.87488622 1.         0.54091357 0.38854296 0.63734    0.60084797
 0.15483871 1.         1.        ] 
 f1_avg: 0.7639522967775523

--- 19227.876710891724 seconds ---

Train Epoch: 41 accuracy: 0.86 
 precision: [0.97978475 1.         0.815384   0.51751357 0.8517417  0.59804873
 0.35788025 0.40057637 0.62100457] 
 recall: [0.86782167 1.         0.73468585 0.95277021 0.91583487 0.89127604
 0.99489796 1.         0.99270073] 
 f1: [0.92041078 1.         0.77293431 0.67071611 0.88262626 0.7157962
 0.52640459 0.57201646 0.76404494] 
 f1_avg: 0.8652411781574278


Validation Epoch: 41 accuracy: 0.77 
 precision: [0.96992545 1.         0.50659077 0.3187067  0.59555712 0.50343965
 0.         1.         1.        ] 
 recall: [0.85249442 1.         0.57811966 0.5498008  0.57003037 0.8054027
 0.         1.         1.        ] 
 f1: [0.90742649 1.         0.53999681 0.40350877 0.58251423 0.61958822
 0.         1.         1.        ] 
 f1_avg: 0.7779292697277952

--- 19710.076259613037 seconds ---

Train Epoch: 42 accuracy: 0.87 
 precision: [0.9815679  1.         0.83643564 0.50691763 0.87012026 0.60051843
 0.4347194  0.7393617  0.70103093] 
 recall: [0.88159566 1.         0.75568914 0.95398123 0.91152243 0.90494792
 0.95344388 1.         0.99270073] 
 f1: [0.92889966 1.         0.79401481 0.66204433 0.89034029 0.72195291
 0.59716397 0.85015291 0.82175227] 
 f1_avg: 0.8760512328718196


Validation Epoch: 42 accuracy: 0.81 
 precision: [0.93569466 1.         0.63128003 0.3057554  0.64754583 0.6778135
 0.         1.         1.        ] 
 recall: [0.93827252 1.         0.49401709 0.67729084 0.73911576 0.52726363
 0.         1.         1.        ] 
 f1: [0.93698182 1.         0.55427695 0.42131351 0.69030733 0.5931345
 0.         1.         1.        ] 
 f1_avg: 0.8107284775356717

--- 20197.31535410881 seconds ---

Train Epoch: 43 accuracy: 0.87 
 precision: [0.98054414 1.         0.83753401 0.53438614 0.86773163 0.61226218
 0.41779909 0.39316239 0.55737705] 
 recall: [0.88575687 1.         0.7490697  0.95277021 0.9212133  0.88925058
 1.         0.99280576 0.99270073] 
 f1: [0.93074344 1.         0.7908356  0.68472585 0.89367303 0.72520795
 0.5893629  0.56326531 0.71391076] 
 f1_avg: 0.8773482312639004


Validation Epoch: 43 accuracy: 0.80 
 precision: [0.92564424 1.         0.61187788 0.26349206 0.59692477 0.76969697
 0.         1.         1.        ] 
 recall: [0.93343261 1.         0.50017094 0.66135458 0.73371583 0.50825413
 0.         1.         1.        ] 
 f1: [0.92952211 1.         0.55041384 0.37684449 0.65828917 0.6122326
 0.         1.         1.        ] 
 f1_avg: 0.8024399989945378

--- 20685.784404993057 seconds ---

Train Epoch: 44 accuracy: 0.88 
 precision: [0.98099608 1.         0.84193251 0.52519059 0.88302559 0.6408345
 0.45801301 0.50915751 0.62272727] 
 recall: [0.90259175 1.         0.75261199 0.95943082 0.91297606 0.89547164
 0.98788265 1.         1.        ] 
 f1: [0.94016212 1.         0.79477055 0.67880476 0.8977511  0.74705048
 0.62585859 0.67475728 0.767507  ] 
 f1_avg: 0.8862911637824974


Validation Epoch: 44 accuracy: 0.80 
 precision: [0.95381343 1.         0.72809668 0.24546722 0.54511199 0.70153196
 0.         1.         1.        ] 
 recall: [0.93492182 1.         0.24717949 0.70119522 0.87883901 0.66433217
 0.         1.         1.        ] 
 f1: [0.94427314 1.         0.36906585 0.36363636 0.67286822 0.68242549
 0.         1.         1.        ] 
 f1_avg: 0.7954085938206987

--- 21173.978345394135 seconds ---

Train Epoch: 45 accuracy: 0.88 
 precision: [0.98221459 1.         0.85940268 0.53870913 0.87195938 0.6747306
 0.38908189 0.4877193  0.66019417] 
 recall: [0.90983385 1.         0.74645771 0.96276113 0.91535032 0.90588831
 1.         1.         0.99270073] 
 f1: [0.94463975 1.         0.79895831 0.69085379 0.89312815 0.77340662
 0.56020007 0.65566038 0.79300292] 
 f1_avg: 0.8908951414634425


Validation Epoch: 45 accuracy: 0.77 
 precision: [0.9731726  1.         0.62140673 0.24237805 0.51143031 0.58186901
 0.01834862 0.         1.        ] 
 recall: [0.85353686 1.         0.34735043 0.63346614 0.85318934 0.72886443
 0.02898551 1.         1.        ] 
 f1: [0.90943711 1.         0.44561404 0.35060639 0.63951429 0.64712414
 0.02247191 0.         1.        ] 
 f1_avg: 0.7762257316221415

--- 21662.015267133713 seconds ---

Train Epoch: 46 accuracy: 0.88 
 precision: [0.986481   1.         0.8765673  0.56354958 0.83494811 0.66093149
 0.41835646 0.62331839 0.61711712] 
 recall: [0.89925078 1.         0.75543867 0.96518317 0.93952902 0.9197772
 1.         1.         1.        ] 
 f1: [0.94084834 1.         0.81150786 0.71160714 0.88415677 0.76916097
 0.58991723 0.7679558  0.7632312 ] 
 f1_avg: 0.8900268440230307


Validation Epoch: 46 accuracy: 0.80 
 precision: [0.94486061 1.         0.61478975 0.28446771 0.56195122 0.697811
 0.02739726 1.         1.        ] 
 recall: [0.9110201  1.         0.43487179 0.64940239 0.77759028 0.65382691
 0.02898551 1.         1.        ] 
 f1: [0.92763183 1.         0.50941129 0.39563107 0.65241399 0.67510331
 0.02816901 1.         1.        ] 
 f1_avg: 0.8010354810857722

--- 22151.419492721558 seconds ---

Train Epoch: 47 accuracy: 0.90 
 precision: [0.9871228  1.         0.86763764 0.57494166 0.89221475 0.68177702
 0.49541864 0.57916667 0.62962963] 
 recall: [0.91554551 1.         0.77586947 0.96972449 0.94456827 0.92585359
 1.         1.         0.99270073] 
 f1: [0.9499878  1.         0.81919154 0.72188416 0.9176454  0.78528699
 0.66258187 0.73350923 0.77053824] 
 f1_avg: 0.903078901504387


Validation Epoch: 47 accuracy: 0.79 
 precision: [0.95564484 1.         0.64524422 0.29285714 0.49387443 0.70600101
 0.         0.         1.        ] 
 recall: [0.90320179 1.         0.2574359  0.65338645 0.87073912 0.70035018
 0.         1.         1.        ] 
 f1: [0.92868354 1.         0.36803519 0.40443896 0.6302675  0.70316424
 0.         0.         1.        ] 
 f1_avg: 0.7821483987478552

--- 22637.637458324432 seconds ---

Train Epoch: 48 accuracy: 0.90 
 precision: [0.98789765 1.         0.88766002 0.58556101 0.86733581 0.70624691
 0.48424954 0.63181818 0.6974359 ] 
 recall: [0.91450521 1.         0.7839917  0.97487133 0.96302936 0.93149595
 1.         1.         0.99270073] 
 f1: [0.94978573 1.         0.83261134 0.7316519  0.9126811  0.80338148
 0.65251769 0.77437326 0.81927711] 
 f1_avg: 0.9062507874139103


Validation Epoch: 48 accuracy: 0.80 
 precision: [0.94946767 1.         0.67584098 0.29584775 0.51958384 0.72123177
 0.03225806 0.         1.        ] 
 recall: [0.91638124 1.         0.30222222 0.6812749  0.85960175 0.66783392
 0.01449275 1.         1.        ] 
 f1: [0.9326311  1.         0.41767068 0.41254524 0.64767959 0.69350649
 0.02       0.         1.        ] 
 f1_avg: 0.7929586076389021

--- 23124.36369562149 seconds ---

Train Epoch: 49 accuracy: 0.90 
 precision: [0.98747758 1.         0.884457   0.534645   0.87680834 0.69183223
 0.53479602 0.52851711 0.56198347] 
 recall: [0.91973672 1.         0.78388436 0.9461096  0.94563427 0.9068287
 0.99489796 1.         0.99270073] 
 f1: [0.95240413 1.         0.83113927 0.68320944 0.90992167 0.78487353
 0.69565217 0.69154229 0.7176781 ] 
 f1_avg: 0.9049973668106053


Validation Epoch: 49 accuracy: 0.78 
 precision: [0.96080798 1.         0.674      0.24697987 0.50961538 0.64955357
 0.         0.         1.        ] 
 recall: [0.8889799  1.         0.34564103 0.73306773 0.80492744 0.72786393
 0.         1.         1.        ] 
 f1: [0.92349938 1.         0.45694915 0.36947791 0.62410048 0.68648266
 0.         0.         1.        ] 
 f1_avg: 0.7881591944406601

--- 23612.352471351624 seconds ---

Train Epoch: 50 accuracy: 0.90 
 precision: [0.98791249 1.         0.886731   0.55316192 0.88227655 0.69511394
 0.43088761 0.65876777 0.61818182] 
 recall: [0.91155435 1.         0.78907256 0.96397215 0.95469522 0.91796875
 1.         1.         0.99270073] 
 f1: [0.94819863 1.         0.83505623 0.70294735 0.91705841 0.79114713
 0.60226618 0.79428571 0.76190476] 
 f1_avg: 0.9041745949970943


Validation Epoch: 50 accuracy: 0.79 
 precision: [0.95348116 1.         0.68247896 0.20208333 0.52981298 0.70346667
 0.0212766  0.         1.        ] 
 recall: [0.91571109 1.         0.30495726 0.77290837 0.81268984 0.65982991
 0.01449275 1.         1.        ] 
 f1: [0.93421452 1.         0.42155009 0.32039637 0.64144912 0.68094992
 0.01724138 0.         1.        ] 
 f1_avg: 0.7913748150717506

--- 24098.136051654816 seconds ---

Train Epoch: 51 accuracy: 0.90 
 precision: [0.98832175 1.         0.88187528 0.53185826 0.90120338 0.69394998
 0.53974314 0.56967213 0.59649123] 
 recall: [0.92018685 1.         0.7888221  0.96790796 0.95072197 0.91934317
 0.99170918 1.         0.99270073] 
 f1: [0.95303807 1.         0.83275729 0.68649345 0.92530064 0.79090174
 0.69903349 0.72584856 0.74520548] 
 f1_avg: 0.9081849508176488


Validation Epoch: 51 accuracy: 0.77 
 precision: [0.95581119 1.         0.69402985 0.24725275 0.50429017 0.70528326
 0.         0.         1.        ] 
 recall: [0.89709605 1.         0.28615385 0.71713147 0.87276409 0.55427714
 0.         1.         1.        ] 
 f1: [0.92552333 1.         0.40522876 0.36772217 0.63922877 0.62072829
 0.         0.         1.        ] 
 f1_avg: 0.7784000307033347

--- 24586.407854557037 seconds ---

Train Epoch: 52 accuracy: 0.90 
 precision: [0.98734164 1.         0.89051272 0.56061924 0.88956807 0.70996411
 0.45977686 0.65258216 0.6492891 ] 
 recall: [0.92221744 1.         0.78925147 0.97577959 0.95900766 0.90147569
 0.99872449 1.         1.        ] 
 f1: [0.95366903 1.         0.83682993 0.71210782 0.92298365 0.7943398
 0.62967431 0.78977273 0.78735632] 
 f1_avg: 0.9091825087451489


Validation Epoch: 52 accuracy: 0.79 
 precision: [0.95450325 1.         0.66369994 0.32264529 0.54366864 0.62178828
 0.00425532 1.         1.        ] 
 recall: [0.91854058 1.         0.35692308 0.64143426 0.77522781 0.60530265
 0.02898551 1.         1.        ] 
 f1: [0.93617667 1.         0.46420631 0.42933333 0.63912076 0.61343473
 0.00742115 1.         1.        ] 
 f1_avg: 0.7930351580558301

--- 25074.30050468445 seconds ---

Train Epoch: 53 accuracy: 0.90 
 precision: [0.98762257 1.         0.88317033 0.55949008 0.87756205 0.70703364
 0.4809816  0.3915493  0.60619469] 
 recall: [0.92186734 1.         0.77547588 0.95670602 0.94393837 0.91984954
 1.         1.         1.        ] 
 f1: [0.95361278 1.         0.82582686 0.70606636 0.90954082 0.79952215
 0.64954432 0.56275304 0.75482094] 
 f1_avg: 0.905936832611907


Validation Epoch: 53 accuracy: 0.76 
 precision: [0.96031548 1.         0.54524451 0.26158445 0.47587035 0.66253102
 0.00684932 1.         1.        ] 
 recall: [0.86128071 1.         0.48410256 0.69721116 0.66891664 0.66783392
 0.01449275 1.         1.        ] 
 f1: [0.90810599 1.         0.51285766 0.38043478 0.55611672 0.6651719
 0.00930233 1.         1.        ] 
 f1_avg: 0.7750406949711126

--- 25564.13249874115 seconds ---

Train Epoch: 54 accuracy: 0.90 
 precision: [0.98718652 1.         0.85518393 0.57132655 0.88012084 0.71388904
 0.53100644 0.63181818 0.65238095] 
 recall: [0.91784618 1.         0.7877129  0.96881623 0.93167943 0.92990451
 0.99936224 1.         1.        ] 
 f1: [0.95125441 1.         0.82006295 0.71877808 0.90516653 0.80770318
 0.69351626 0.77437326 0.78962536] 
 f1_avg: 0.9045703601867212


Validation Epoch: 54 accuracy: 0.80 
 precision: [0.95051419 1.         0.74283232 0.23609535 0.54214768 0.69954245
 0.02061856 0.         1.        ] 
 recall: [0.91533879 1.         0.29230769 0.82868526 0.840027   0.68834417
 0.02898551 1.         1.        ] 
 f1: [0.93259492 1.         0.41952895 0.36749117 0.65898862 0.69389813
 0.02409639 0.         1.        ] 
 f1_avg: 0.7942626328961081

--- 26051.13224005699 seconds ---

Train Epoch: 55 accuracy: 0.91 
 precision: [0.98875384 1.         0.89547493 0.55354683 0.89470599 0.7193514
 0.50645995 0.44408946 0.56903766] 
 recall: [0.9251783  1.         0.78595964 0.97335755 0.96138192 0.92744502
 1.         1.         0.99270073] 
 f1: [0.95591017 1.         0.83715081 0.70574031 0.92684636 0.81025058
 0.67238422 0.61504425 0.72340426] 
 f1_avg: 0.9124391228449946


Validation Epoch: 55 accuracy: 0.81 
 precision: [0.95505443 1.         0.66071429 0.28447025 0.58111633 0.65061336
 0.         1.         1.        ] 
 recall: [0.91451973 1.         0.45538462 0.78087649 0.7519406  0.71635818
 0.         1.         1.        ] 
 f1: [0.93434766 1.         0.53916211 0.41702128 0.65558335 0.68190476
 0.         1.         1.        ] 
 f1_avg: 0.810446534921506

--- 26538.462703466415 seconds ---

Train Epoch: 56 accuracy: 0.91 
 precision: [0.98967088 1.         0.88730477 0.55729167 0.89143965 0.72399352
 0.56882739 0.67149758 0.5661157 ] 
 recall: [0.92582849 1.         0.79275798 0.97184378 0.95769939 0.93793403
 0.99617347 1.         1.        ] 
 f1: [0.95668577 1.         0.83737103 0.70837471 0.92338239 0.81719346
 0.72415392 0.80346821 0.72295515] 
 f1_avg: 0.9137773312363058


Validation Epoch: 56 accuracy: 0.79 
 precision: [0.94253049 1.         0.65271967 0.26832642 0.53632222 0.68298109
 0.         0.         0.        ] 
 recall: [0.92077439 1.         0.37333333 0.77290837 0.75497806 0.61430715
 0.         1.         1.        ] 
 f1: [0.93152542 1.         0.47498913 0.39835729 0.62713765 0.64682644
 0.         0.         0.        ] 
 f1_avg: 0.7926668313278544

--- 27026.39156651497 seconds ---

Train Epoch: 57 accuracy: 0.91 
 precision: [0.98957281 1.         0.89455114 0.58870384 0.90414801 0.74652087
 0.47471995 0.54296875 0.64018692] 
 recall: [0.93127007 1.         0.79830399 0.98455949 0.9685047  0.92353877
 1.         1.         1.        ] 
 f1: [0.95953662 1.         0.8436915  0.73683018 0.93522049 0.82564832
 0.64381031 0.70379747 0.78062678] 
 f1_avg: 0.9184625067469286


Validation Epoch: 57 accuracy: 0.80 
 precision: [0.96094181 1.         0.63896848 0.29403202 0.56644701 0.61264182
 0.         0.         1.        ] 
 recall: [0.90863738 1.         0.4574359  0.80478088 0.6962538  0.75637819
 0.         1.         1.        ] 
 f1: [0.93405794 1.         0.53317394 0.43070362 0.62467827 0.67696441
 0.         0.         1.        ] 
 f1_avg: 0.8049273065853583

--- 27515.19080209732 seconds ---

Train Epoch: 58 accuracy: 0.92 
 precision: [0.99013081 1.         0.90444896 0.60839423 0.9114287  0.73122059
 0.52197071 0.68811881 0.57563025] 
 recall: [0.93129007 1.         0.81250895 0.98304572 0.97029751 0.93301505
 1.         1.         1.        ] 
 f1: [0.95980949 1.         0.85601734 0.75162037 0.93994227 0.81988367
 0.68591426 0.81524927 0.73066667] 
 f1_avg: 0.9215249015587867


Validation Epoch: 58 accuracy: 0.80 
 precision: [0.96315998 1.         0.61802233 0.29051095 0.59827745 0.5961165
 0.         0.         1.        ] 
 recall: [0.90327625 1.         0.52991453 0.79282869 0.65642929 0.76788394
 0.         1.         1.        ] 
 f1: [0.93225744 1.         0.57058715 0.42521368 0.62600579 0.67118496
 0.         0.         1.        ] 
 f1_avg: 0.8084516076489385

--- 28002.970325946808 seconds ---

Train Epoch: 59 accuracy: 0.92 
 precision: [0.99184129 1.         0.90389477 0.60806271 0.92291083 0.73240782
 0.54825175 0.68137255 0.6199095 ] 
 recall: [0.93270048 1.         0.81877057 0.98637602 0.97339859 0.942636
 1.         1.         1.        ] 
 f1: [0.9613622  1.         0.8592295  0.75233807 0.94748261 0.82432945
 0.70822042 0.81049563 0.76536313] 
 f1_avg: 0.9245304567780884


Validation Epoch: 59 accuracy: 0.82 
 precision: [0.95175573 1.         0.61845103 0.32608696 0.61823362 0.65900735
 0.         1.         1.        ] 
 recall: [0.92836932 1.         0.55692308 0.71713147 0.65912926 0.71735868
 0.         1.         1.        ] 
 f1: [0.93991708 1.         0.58607663 0.4483188  0.63802679 0.68694611
 0.         1.         1.        ] 
 f1_avg: 0.8186702006518483

New best val score, save model ...
--- 28490.81111764908 seconds ---

Train Epoch: 60 accuracy: 0.92 
 precision: [0.99087512 1.         0.8984045  0.61380737 0.92500346 0.7310896
 0.55347688 0.6069869  0.65238095] 
 recall: [0.93088996 1.         0.82202662 0.9878898  0.97175114 0.93967014
 1.         1.         1.        ] 
 f1: [0.95994636 1.         0.85852018 0.7571644  0.94780122 0.82236009
 0.71256533 0.75543478 0.78962536] 
 f1_avg: 0.9235539598869904


Validation Epoch: 60 accuracy: 0.82 
 precision: [0.94834059 1.         0.62622457 0.34343434 0.63816003 0.67021792
 0.         1.         1.        ] 
 recall: [0.94043187 1.         0.56820513 0.67729084 0.66486669 0.69234617
 0.         1.         1.        ] 
 f1: [0.94436967 1.         0.5958057  0.45576408 0.65123967 0.68110236
 0.         1.         1.        ] 
 f1_avg: 0.8241050015892956

New best val score, save model ...
--- 28979.346684217453 seconds ---

Train Epoch: 61 accuracy: 0.93 
 precision: [0.99032482 1.         0.9023002  0.6369863  0.93601121 0.75617373
 0.534971   0.64651163 0.64319249] 
 recall: [0.93991257 1.         0.82249177 0.98546776 0.97102432 0.94581887
 1.         1.         1.        ] 
 f1: [0.96446039 1.         0.86054957 0.77380245 0.95319635 0.84043066
 0.69704379 0.78531073 0.78285714] 
 f1_avg: 0.9289440102434433


Validation Epoch: 61 accuracy: 0.81 
 precision: [0.96673267 1.         0.60103245 0.30053667 0.61699469 0.61183432
 0.         1.         1.        ] 
 recall: [0.9087863  1.         0.55726496 0.66932271 0.66655417 0.77588794
 0.         1.         1.        ] 
 f1: [0.93686433 1.         0.5783218  0.41481481 0.64081765 0.68416409
 0.         1.         1.        ] 
 f1_avg: 0.8154635302470327

--- 29466.64052462578 seconds ---

Train Epoch: 62 accuracy: 0.93 
 precision: [0.99209244 1.         0.90477113 0.62991519 0.93308034 0.76004872
 0.58225028 0.68811881 0.67821782] 
 recall: [0.93872223 1.         0.83526549 0.98940357 0.97693575 0.94791667
 1.         1.         1.        ] 
 f1: [0.96466972 1.         0.86863011 0.76975621 0.95450457 0.84365041
 0.73597747 0.81524927 0.80825959] 
 f1_avg: 0.9311740635905414


Validation Epoch: 62 accuracy: 0.81 
 precision: [0.96851466 1.         0.60535977 0.32625483 0.61921151 0.5841364
 0.         1.         1.        ] 
 recall: [0.90014892 1.         0.56376068 0.67330677 0.66790415 0.7883942
 0.         1.         1.        ] 
 f1: [0.9330812  1.         0.58382015 0.43953186 0.64263679 0.67106664
 0.         1.         1.        ] 
 f1_avg: 0.813184449453807

--- 29951.386065244675 seconds ---

Train Epoch: 63 accuracy: 0.93 
 precision: [0.99291064 1.         0.9066646  0.6601294  0.94487305 0.75575506
 0.56852792 0.68472906 0.6372093 ] 
 recall: [0.94145302 1.         0.83870044 0.98849531 0.97916465 0.94994213
 1.         1.         1.        ] 
 f1: [0.9664974  1.         0.87135927 0.7916111  0.96171327 0.84179487
 0.72491909 0.8128655  0.77840909] 
 f1_avg: 0.9337559452916497


Validation Epoch: 63 accuracy: 0.82 
 precision: [0.9578988  1.         0.61603701 0.33539095 0.6208473  0.64190065
 0.         1.         1.        ] 
 recall: [0.92330603 1.         0.54632479 0.64940239 0.68747891 0.74337169
 0.         1.         1.        ] 
 f1: [0.94028436 1.         0.57909041 0.44233379 0.65246637 0.6889198
 0.         1.         1.        ] 
 f1_avg: 0.8200440320271047

--- 30426.118299484253 seconds ---

Train Epoch: 64 accuracy: 0.93 
 precision: [0.99324595 1.         0.91030453 0.65810594 0.94398843 0.76294325
 0.5890308  0.69154229 0.67487685] 
 recall: [0.94292345 1.         0.84174181 0.99303663 0.98076364 0.95406539
 1.         1.         1.        ] 
 f1: [0.96743074 1.         0.87468164 0.7916013  0.96202471 0.84786731
 0.74137116 0.81764706 0.80588235] 
 f1_avg: 0.9355868421063113


Validation Epoch: 64 accuracy: 0.82 
 precision: [0.9492781  1.         0.63063764 0.36792453 0.62838043 0.6642925
 0.         1.         1.        ] 
 recall: [0.93507074 1.         0.55452991 0.62151394 0.69794128 0.69984992
 0.         1.         1.        ] 
 f1: [0.94212086 1.         0.59014008 0.46222222 0.66133674 0.6816078
 0.         1.         1.        ] 
 f1_avg: 0.8234475853639707

Early stopping!

Test Epoch: accuracy: 0.83 
 precision: [0.93264704 1.         0.74583444 0.3603352  0.78087774 0.53115727
 0.         1.         1.        ] 
 recall: [0.90174182 1.         0.69612441 0.75218659 0.75188651 0.749651
 0.         1.         1.        ] 
 f1: [0.91693409 1.         0.72012257 0.48725212 0.76610795 0.62176766
 0.         1.         1.        ] 
 f1_avg: 0.8278732458201559

--- 30917.63760614395 seconds ---

Test Epoch: accuracy: 0.82 
 precision: [0.94834059 1.         0.62622457 0.34343434 0.63816003 0.67021792
 0.         1.         1.        ] 
 recall: [0.94043187 1.         0.56820513 0.67729084 0.66486669 0.69234617
 0.         1.         1.        ] 
 f1: [0.94436967 1.         0.5958057  0.45576408 0.65123967 0.68110236
 0.         1.         1.        ] 
 f1_avg: 0.8241050015892956

--- 30931.629001140594 seconds ---
