Requirement already satisfied: scikit-learn in /net/cephfs/data/zifjia/condaenvs/audio_clf/lib/python3.8/site-packages (1.1.2)
Requirement already satisfied: numpy>=1.17.3 in /net/cephfs/data/zifjia/condaenvs/audio_clf/lib/python3.8/site-packages (from scikit-learn) (1.22.3)
Requirement already satisfied: joblib>=1.0.0 in /net/cephfs/data/zifjia/condaenvs/audio_clf/lib/python3.8/site-packages (from scikit-learn) (1.1.0)
Requirement already satisfied: scipy>=1.3.2 in /net/cephfs/data/zifjia/condaenvs/audio_clf/lib/python3.8/site-packages (from scikit-learn) (1.9.1)
Requirement already satisfied: threadpoolctl>=2.0.0 in /net/cephfs/data/zifjia/condaenvs/audio_clf/lib/python3.8/site-packages (from scikit-learn) (3.1.0)
Requirement already satisfied: tensorboard in /net/cephfs/data/zifjia/condaenvs/audio_clf/lib/python3.8/site-packages (2.10.1)
Requirement already satisfied: markdown>=2.6.8 in /net/cephfs/home/zifjia/.local/lib/python3.8/site-packages (from tensorboard) (3.4.1)
Requirement already satisfied: tensorboard-plugin-wit>=1.6.0 in /net/cephfs/home/zifjia/.local/lib/python3.8/site-packages (from tensorboard) (1.8.1)
Requirement already satisfied: setuptools>=41.0.0 in /net/cephfs/data/zifjia/condaenvs/audio_clf/lib/python3.8/site-packages (from tensorboard) (60.8.1)
Requirement already satisfied: wheel>=0.26 in /net/cephfs/data/zifjia/condaenvs/audio_clf/lib/python3.8/site-packages (from tensorboard) (0.37.1)
Requirement already satisfied: tensorboard-data-server<0.7.0,>=0.6.0 in /net/cephfs/home/zifjia/.local/lib/python3.8/site-packages (from tensorboard) (0.6.1)
Requirement already satisfied: numpy>=1.12.0 in /net/cephfs/data/zifjia/condaenvs/audio_clf/lib/python3.8/site-packages (from tensorboard) (1.22.3)
Requirement already satisfied: requests<3,>=2.21.0 in /net/cephfs/data/zifjia/condaenvs/audio_clf/lib/python3.8/site-packages (from tensorboard) (2.28.1)
Requirement already satisfied: grpcio>=1.24.3 in /net/cephfs/home/zifjia/.local/lib/python3.8/site-packages (from tensorboard) (1.47.0)
Requirement already satisfied: google-auth-oauthlib<0.5,>=0.4.1 in /net/cephfs/home/zifjia/.local/lib/python3.8/site-packages (from tensorboard) (0.4.6)
Requirement already satisfied: google-auth<3,>=1.6.3 in /net/cephfs/home/zifjia/.local/lib/python3.8/site-packages (from tensorboard) (2.9.1)
Requirement already satisfied: protobuf<3.20,>=3.9.2 in /net/cephfs/home/zifjia/.local/lib/python3.8/site-packages (from tensorboard) (3.19.4)
Requirement already satisfied: werkzeug>=1.0.1 in /net/cephfs/data/zifjia/condaenvs/audio_clf/lib/python3.8/site-packages (from tensorboard) (2.1.2)
Requirement already satisfied: absl-py>=0.4 in /net/cephfs/home/zifjia/.local/lib/python3.8/site-packages (from tensorboard) (1.2.0)
Requirement already satisfied: six>=1.9.0 in /net/cephfs/data/zifjia/condaenvs/audio_clf/lib/python3.8/site-packages (from google-auth<3,>=1.6.3->tensorboard) (1.16.0)
Requirement already satisfied: rsa<5,>=3.1.4 in /net/cephfs/home/zifjia/.local/lib/python3.8/site-packages (from google-auth<3,>=1.6.3->tensorboard) (4.9)
Requirement already satisfied: cachetools<6.0,>=2.0.0 in /net/cephfs/home/zifjia/.local/lib/python3.8/site-packages (from google-auth<3,>=1.6.3->tensorboard) (5.2.0)
Requirement already satisfied: pyasn1-modules>=0.2.1 in /net/cephfs/home/zifjia/.local/lib/python3.8/site-packages (from google-auth<3,>=1.6.3->tensorboard) (0.2.8)
Requirement already satisfied: requests-oauthlib>=0.7.0 in /net/cephfs/home/zifjia/.local/lib/python3.8/site-packages (from google-auth-oauthlib<0.5,>=0.4.1->tensorboard) (1.3.1)
Requirement already satisfied: importlib-metadata>=4.4 in /net/cephfs/home/zifjia/.local/lib/python3.8/site-packages (from markdown>=2.6.8->tensorboard) (4.12.0)
Requirement already satisfied: idna<4,>=2.5 in /net/cephfs/data/zifjia/condaenvs/audio_clf/lib/python3.8/site-packages (from requests<3,>=2.21.0->tensorboard) (3.4)
Requirement already satisfied: certifi>=2017.4.17 in /net/cephfs/data/zifjia/condaenvs/audio_clf/lib/python3.8/site-packages (from requests<3,>=2.21.0->tensorboard) (2022.9.14)
Requirement already satisfied: charset-normalizer<3,>=2 in /net/cephfs/data/zifjia/condaenvs/audio_clf/lib/python3.8/site-packages (from requests<3,>=2.21.0->tensorboard) (2.1.1)
Requirement already satisfied: urllib3<1.27,>=1.21.1 in /net/cephfs/data/zifjia/condaenvs/audio_clf/lib/python3.8/site-packages (from requests<3,>=2.21.0->tensorboard) (1.26.12)
Requirement already satisfied: zipp>=0.5 in /net/cephfs/data/zifjia/condaenvs/audio_clf/lib/python3.8/site-packages (from importlib-metadata>=4.4->markdown>=2.6.8->tensorboard) (3.8.0)
Requirement already satisfied: pyasn1<0.5.0,>=0.4.6 in /net/cephfs/home/zifjia/.local/lib/python3.8/site-packages (from pyasn1-modules>=0.2.1->google-auth<3,>=1.6.3->tensorboard) (0.4.8)
Requirement already satisfied: oauthlib>=3.0.0 in /net/cephfs/home/zifjia/.local/lib/python3.8/site-packages (from requests-oauthlib>=0.7.0->google-auth-oauthlib<0.5,>=0.4.1->tensorboard) (3.2.0)
Requirement already satisfied: torch in /net/cephfs/data/zifjia/condaenvs/audio_clf/lib/python3.8/site-packages (1.12.1)
Requirement already satisfied: torchvision in /net/cephfs/data/zifjia/condaenvs/audio_clf/lib/python3.8/site-packages (0.13.1)
Requirement already satisfied: torchaudio in /net/cephfs/data/zifjia/condaenvs/audio_clf/lib/python3.8/site-packages (0.12.1)
Requirement already satisfied: typing-extensions in /net/cephfs/data/zifjia/condaenvs/audio_clf/lib/python3.8/site-packages (from torch) (4.0.1)
Requirement already satisfied: requests in /net/cephfs/data/zifjia/condaenvs/audio_clf/lib/python3.8/site-packages (from torchvision) (2.28.1)
Requirement already satisfied: pillow!=8.3.*,>=5.3.0 in /net/cephfs/data/zifjia/condaenvs/audio_clf/lib/python3.8/site-packages (from torchvision) (9.0.1)
Requirement already satisfied: numpy in /net/cephfs/data/zifjia/condaenvs/audio_clf/lib/python3.8/site-packages (from torchvision) (1.22.3)
Requirement already satisfied: certifi>=2017.4.17 in /net/cephfs/data/zifjia/condaenvs/audio_clf/lib/python3.8/site-packages (from requests->torchvision) (2022.9.14)
Requirement already satisfied: charset-normalizer<3,>=2 in /net/cephfs/data/zifjia/condaenvs/audio_clf/lib/python3.8/site-packages (from requests->torchvision) (2.1.1)
Requirement already satisfied: urllib3<1.27,>=1.21.1 in /net/cephfs/data/zifjia/condaenvs/audio_clf/lib/python3.8/site-packages (from requests->torchvision) (1.26.12)
Requirement already satisfied: idna<4,>=2.5 in /net/cephfs/data/zifjia/condaenvs/audio_clf/lib/python3.8/site-packages (from requests->torchvision) (3.4)
{'name': 'colobus_wav2vec2_lstm_3407', 'data_path': '/home/cluster/zifjia/data/data_colobus/wav2vec2_split_3407', 'test_only': False, 'balance_weights': True, 'model_type': 'lstm', 'n_embedding': 768, 'd_hid': 1024, 'nlayers': 2, 'batch_size': 1, 'n_epoch': 200, 'lr': 0.001, 'dropout': 0.2, 'patience': 10, 'step_factor': 0.7, 'seed': 3407}
cuda
Reading data ...
Traceback (most recent call last):
  File "model.py", line 92, in <module>
    dev = np.load('{}/dev.npy'.format(DATA_PATH), allow_pickle=True)
  File "/data/zifjia/condaenvs/audio_clf/lib/python3.8/site-packages/numpy/lib/npyio.py", line 430, in load
    return format.read_array(fid, allow_pickle=allow_pickle,
  File "/data/zifjia/condaenvs/audio_clf/lib/python3.8/site-packages/numpy/lib/format.py", line 747, in read_array
    array = pickle.load(fp, **pickle_kwargs)
MemoryError
srun: error: vesta18: task 0: Exited with exit code 1
