{'name': 'longcall_wav2vec2_lstm_binary_ar_bi_0', 'data_path': '/data/zifjia/data_longcall/wav2vec2_split_0', 'test_only': False, 'balance_weights': True, 'binary': True, 'model_type': 'lstm', 'model_autoregressive': True, 'n_embedding': 768, 'd_hid': 1024, 'nlayers': 2, 'batch_size': 1, 'n_epoch': 200, 'lr': 0.0001, 'dropout': 0.4, 'patience': 10, 'step_factor': 0.7, 'seed': 0}
cuda
Reading data ...
train, dev, test number of files: 50, 6, 7.
dev files:  ['134dat LC Fugit', '93dat LC Sultan', '148dat LC Fugit', '12T6lcZeke', '20T5lcNiko', '24T5lcNico']
test files:  ['21T5lcNiko', '77datA LC Fugit', '1T7lcNico', '13T4lcDayak', '91dat LC Sultan', '13T2lcNiko', '2T6lcZeke']
data_all: (215820, 769)
train_data_all: (176058, 769)
Labels in train_data_all:  {0: 105991, 1: 70067}
--- 4.768688201904297 seconds ---
LSTM(
  (lstm_forward): LSTM(770, 1024, num_layers=2, dropout=0.4)
  (hidden2tag_forward): Linear(in_features=1024, out_features=2, bias=True)
  (lstm_backward): LSTM(770, 1024, num_layers=2, dropout=0.4)
  (hidden2tag_backward): Linear(in_features=1024, out_features=2, bias=True)
)
Number of parameters: 31510532

Train Epoch: 1 accuracy: 0.76 
 precision: [0.7854189  0.71643508] 
 recall: [0.82787218 0.65785605] 
 f1: [0.80608697 0.6858971 ] 
 f1_avg: 0.7582541896847642


Validation Epoch: 1 accuracy: 0.84 
 precision: [0.86283468 0.81501377] 
 recall: [0.85809383 0.82089345] 
 f1: [0.86045772 0.81794305] 
 f1_avg: 0.8420768583020409

New best val score, save model ...
--- 503.51277446746826 seconds ---

Train Epoch: 2 accuracy: 0.83 
 precision: [0.86109594 0.7915832 ] 
 recall: [0.86258267 0.78951575] 
 f1: [0.86183866 0.79054812] 
 f1_avg: 0.8334666809535807


Validation Epoch: 2 accuracy: 0.86 
 precision: [0.87002184 0.84450744] 
 recall: [0.88408707 0.82658158] 
 f1: [0.87699806 0.83544836] 
 f1_avg: 0.8590343958794927

New best val score, save model ...
--- 1000.188553571701 seconds ---

Train Epoch: 3 accuracy: 0.86 
 precision: [0.88153615 0.8246183 ] 
 recall: [0.88468832 0.82015785] 
 f1: [0.88310942 0.82238203] 
 f1_avg: 0.8589413270534023


Validation Epoch: 3 accuracy: 0.87 
 precision: [0.86802804 0.86528042] 
 recall: [0.90278952 0.81978357] 
 f1: [0.88506759 0.84191779] 
 f1_avg: 0.8664121348526013

New best val score, save model ...
--- 1497.3349730968475 seconds ---

Train Epoch: 4 accuracy: 0.88 
 precision: [0.89946431 0.84835632] 
 recall: [0.89981225 0.84785991] 
 f1: [0.89963825 0.84810804] 
 f1_avg: 0.8791304208318411


Validation Epoch: 4 accuracy: 0.86 
 precision: [0.8866157  0.83344617] 
 recall: [0.87003381 0.85391232] 
 f1: [0.87824649 0.84355513] 
 f1_avg: 0.8632479717937183

--- 1994.5109457969666 seconds ---

Train Epoch: 5 accuracy: 0.88 
 precision: [0.89948316 0.84018813] 
 recall: [0.89324565 0.84900167] 
 f1: [0.89635356 0.84457191] 
 f1_avg: 0.8757456619781018


Validation Epoch: 5 accuracy: 0.85 
 precision: [0.88592904 0.80996721] 
 recall: [0.84689349 0.85682575] 
 f1: [0.86597158 0.83273781] 
 f1_avg: 0.8516032414270746

--- 2491.744861125946 seconds ---

Train Epoch: 6 accuracy: 0.89 
 precision: [0.91305631 0.85806824] 
 recall: [0.90490702 0.86965333] 
 f1: [0.9089634  0.86382194] 
 f1_avg: 0.8909981478151082


Validation Epoch: 6 accuracy: 0.89 
 precision: [0.89711807 0.88857102] 
 recall: [0.91768808 0.8618202 ] 
 f1: [0.9072865 0.8749912] 
 f1_avg: 0.8933238939430158

New best val score, save model ...
--- 2989.9455275535583 seconds ---

Train Epoch: 7 accuracy: 0.89 
 precision: [0.91852923 0.85889476] 
 recall: [0.9045768  0.87863045] 
 f1: [0.91149963 0.86865052] 
 f1_avg: 0.8944466796680205


Validation Epoch: 7 accuracy: 0.88 
 precision: [0.88221545 0.88539227] 
 recall: [0.91726543 0.83920644] 
 f1: [0.89939909 0.86168091] 
 f1_avg: 0.8830919495442

--- 3486.104059934616 seconds ---

Train Epoch: 8 accuracy: 0.90 
 precision: [0.92595032 0.87386402] 
 recall: [0.91514374 0.88929168] 
 f1: [0.92051531 0.88151035] 
 f1_avg: 0.9049922444269527


Validation Epoch: 8 accuracy: 0.88 
 precision: [0.85106987 0.92225859] 
 recall: [0.94980981 0.78177026] 
 f1: [0.89773295 0.84622316] 
 f1_avg: 0.8754631193014835

--- 3981.9767286777496 seconds ---

Train Epoch: 9 accuracy: 0.91 
 precision: [0.93036108 0.87645154] 
 recall: [0.91648348 0.8962279 ] 
 f1: [0.92337014 0.8862294 ] 
 f1_avg: 0.908588986292224


Validation Epoch: 9 accuracy: 0.89 
 precision: [0.88147701 0.89558889] 
 recall: [0.92571851 0.83657048] 
 f1: [0.90305623 0.86507424] 
 f1_avg: 0.8866350334749342

--- 4478.864377737045 seconds ---

Train Epoch: 10 accuracy: 0.91 
 precision: [0.93420877 0.88549083] 
 recall: [0.92291798 0.90167982] 
 f1: [0.92852905 0.893512  ] 
 f1_avg: 0.9145930796675129


Validation Epoch: 10 accuracy: 0.90 
 precision: [0.88955522 0.91540423] 
 recall: [0.94040575 0.84669811] 
 f1: [0.91427397 0.87971171] 
 f1_avg: 0.8993312684769867

New best val score, save model ...
--- 4975.56795501709 seconds ---

Train Epoch: 11 accuracy: 0.92 
 precision: [0.94350277 0.89645826] 
 recall: [0.93007897 0.91575207] 
 f1: [0.93674278 0.90600246] 
 f1_avg: 0.9245088448355467


Validation Epoch: 11 accuracy: 0.89 
 precision: [0.86558162 0.93207002] 
 recall: [0.95530431 0.80521643] 
 f1: [0.90823246 0.86401191] 
 f1_avg: 0.8891140727546565

--- 5469.613424062729 seconds ---

Train Epoch: 12 accuracy: 0.93 
 precision: [0.94918988 0.89322583] 
 recall: [0.92690889 0.92494327] 
 f1: [0.93791708 0.9088079 ] 
 f1_avg: 0.9263322985502438


Validation Epoch: 12 accuracy: 0.89 
 precision: [0.85964584 0.9518253 ] 
 recall: [0.96946323 0.79217536] 
 f1: [0.91125788 0.86469297] 
 f1_avg: 0.8911259301393134

--- 5963.751378536224 seconds ---

Train Epoch: 13 accuracy: 0.92 
 precision: [0.94169286 0.89620434] 
 recall: [0.93010727 0.91288338] 
 f1: [0.93586421 0.90446697] 
 f1_avg: 0.9233688386620316


Validation Epoch: 13 accuracy: 0.88 
 precision: [0.83792354 0.96183884] 
 recall: [0.97728233 0.75180355] 
 f1: [0.90225344 0.84394954] 
 f1_avg: 0.877046235135582

--- 6457.348940610886 seconds ---

Train Epoch: 14 accuracy: 0.93 
 precision: [0.95183108 0.89781334] 
 recall: [0.93011671 0.92879672] 
 f1: [0.94084862 0.91304226] 
 f1_avg: 0.9297823324709796


Validation Epoch: 14 accuracy: 0.89 
 precision: [0.84530838 0.97209959] 
 recall: [0.98330516 0.76373474] 
 f1: [0.90909979 0.85541139] 
 f1_avg: 0.8858880584803184

--- 6950.51767039299 seconds ---

Train Epoch: 15 accuracy: 0.93 
 precision: [0.9530968  0.90672732] 
 recall: [0.93673991 0.93026674] 
 f1: [0.94484757 0.91834621] 
 f1_avg: 0.9343006451547617


Validation Epoch: 15 accuracy: 0.88 
 precision: [0.83775758 0.97229718] 
 recall: [0.98372781 0.74986127] 
 f1: [0.90489381 0.84671419] 
 f1_avg: 0.8797403368716493

--- 7446.445365190506 seconds ---

Train Epoch: 16 accuracy: 0.93 
 precision: [0.94613152 0.90308382] 
 recall: [0.93476805 0.91949134] 
 f1: [0.94041545 0.91121373] 
 f1_avg: 0.9287938457625833


Validation Epoch: 16 accuracy: 0.87 
 precision: [0.82097074 0.96679724] 
 recall: [0.98119189 0.71906215] 
 f1: [0.89395909 0.8247275 ] 
 f1_avg: 0.8640273893176751

--- 7940.3840272426605 seconds ---

Train Epoch: 17 accuracy: 0.94 
 precision: [0.95614404 0.91819763] 
 recall: [0.94496703 0.93443418] 
 f1: [0.95052267 0.92624476] 
 f1_avg: 0.9408606264415803


Validation Epoch: 17 accuracy: 0.88 
 precision: [0.83629316 0.96648145] 
 recall: [0.98024091 0.74805771] 
 f1: [0.9025636  0.84335653] 
 f1_avg: 0.876965921410921

--- 8432.343092679977 seconds ---

Train Epoch: 18 accuracy: 0.94 
 precision: [0.9556956  0.91726952] 
 recall: [0.94432546 0.93377767] 
 f1: [0.94997651 0.92544998] 
 f1_avg: 0.9402155197510355


Validation Epoch: 18 accuracy: 0.89 
 precision: [0.8437755  0.97200071] 
 recall: [0.98330516 0.76096004] 
 f1: [0.90821256 0.85363007] 
 f1_avg: 0.8846142754001958

--- 8930.587914705276 seconds ---

Train Epoch: 19 accuracy: 0.94 
 precision: [0.95174189 0.92288024] 
 recall: [0.94877867 0.9272268 ] 
 f1: [0.95025797 0.92504841] 
 f1_avg: 0.9402251506738819


Validation Epoch: 19 accuracy: 0.90 
 precision: [0.86429984 0.9527507 ] 
 recall: [0.96978022 0.80008324] 
 f1: [0.91400687 0.86976849] 
 f1_avg: 0.8948807783739079

--- 9424.06599855423 seconds ---

Train Epoch: 20 accuracy: 0.94 
 precision: [0.95629089 0.92731059] 
 recall: [0.95159023 0.93420583] 
 f1: [0.95393477 0.93074544] 
 f1_avg: 0.9447059538318062


Validation Epoch: 20 accuracy: 0.90 
 precision: [0.88989547 0.92077863] 
 recall: [0.94452663 0.84655938] 
 f1: [0.91639756 0.88211059] 
 f1_avg: 0.901573874455386

New best val score, save model ...
--- 9917.560168504715 seconds ---

Train Epoch: 21 accuracy: 0.94 
 precision: [0.95376172 0.92386729] 
 recall: [0.94931645 0.93038092] 
 f1: [0.95153389 0.92711267] 
 f1_avg: 0.941814811273003


Validation Epoch: 21 accuracy: 0.90 
 precision: [0.88541461 0.92141334] 
 recall: [0.9454776  0.83934517] 
 f1: [0.91446091 0.87846668] 
 f1_avg: 0.8988991033553267

--- 10411.370277881622 seconds ---

Train Epoch: 22 accuracy: 0.94 
 precision: [0.95346147 0.92297123] 
 recall: [0.94869376 0.92995276] 
 f1: [0.95107164 0.92644884] 
 f1_avg: 0.9412723366207417


Validation Epoch: 22 accuracy: 0.89 
 precision: [0.90050858 0.86660216] 
 recall: [0.89803466 0.86972808] 
 f1: [0.89926992 0.8681623 ] 
 f1_avg: 0.8858208012826166

--- 10903.765935182571 seconds ---

Train Epoch: 23 accuracy: 0.94 
 precision: [0.95742034 0.90717148] 
 recall: [0.93661726 0.93698888] 
 f1: [0.94690455 0.92183913] 
 f1_avg: 0.9369290963043306


Validation Epoch: 23 accuracy: 0.91 
 precision: [0.90427472 0.92102941] 
 recall: [0.94325866 0.86889567] 
 f1: [0.9233554  0.89420331] 
 f1_avg: 0.9107517379006767

New best val score, save model ...
--- 11399.17257642746 seconds ---

Train Epoch: 24 accuracy: 0.94 
 precision: [0.96313831 0.91565532] 
 recall: [0.94242907 0.94543794] 
 f1: [0.95267116 0.93030833] 
 f1_avg: 0.9437712710864887


Validation Epoch: 24 accuracy: 0.91 
 precision: [0.89841333 0.93068711] 
 recall: [0.9512891  0.85876804] 
 f1: [0.92409546 0.89328234] 
 f1_avg: 0.9107736652847962

New best val score, save model ...
--- 11900.768840789795 seconds ---

Train Epoch: 25 accuracy: 0.95 
 precision: [0.96486674 0.92171149] 
 recall: [0.9467785  0.94784992] 
 f1: [0.95573704 0.93459798] 
 f1_avg: 0.9473241866548123


Validation Epoch: 25 accuracy: 0.91 
 precision: [0.88917098 0.94433214] 
 recall: [0.96217244 0.84253607] 
 f1: [0.92423243 0.8905345 ] 
 f1_avg: 0.909663408922297

--- 12398.287645816803 seconds ---

Train Epoch: 26 accuracy: 0.95 
 precision: [0.96770537 0.92705062] 
 recall: [0.95047693 0.95201735] 
 f1: [0.95901378 0.93936812] 
 f1_avg: 0.9511952633688644


Validation Epoch: 26 accuracy: 0.91 
 precision: [0.88323065 0.95401018] 
 recall: [0.96946323 0.83171476] 
 f1: [0.92434012 0.88867477] 
 f1_avg: 0.9089205020307504

--- 12891.774035930634 seconds ---

Train Epoch: 27 accuracy: 0.95 
 precision: [0.96540917 0.92657967] 
 recall: [0.95031654 0.94849216] 
 f1: [0.9578034  0.93740787] 
 f1_avg: 0.9496864538508504


Validation Epoch: 27 accuracy: 0.89 
 precision: [0.85326237 0.97125541] 
 recall: [0.98245985 0.77816315] 
 f1: [0.91331467 0.86405299] 
 f1_avg: 0.8920167950957353

--- 13386.23603439331 seconds ---

Train Epoch: 28 accuracy: 0.96 
 precision: [0.96790013 0.93882492] 
 recall: [0.95899652 0.95188891] 
 f1: [0.96342775 0.94531178] 
 f1_avg: 0.9562180164320665


Validation Epoch: 28 accuracy: 0.91 
 precision: [0.8823983  0.95077802] 
 recall: [0.96724429 0.83074362] 
 f1: [0.92287529 0.88671701] 
 f1_avg: 0.9072425614677084

--- 13878.537974596024 seconds ---

Train Epoch: 29 accuracy: 0.95 
 precision: [0.96826263 0.93299228] 
 recall: [0.95476974 0.9526596 ] 
 f1: [0.96146885 0.94272338] 
 f1_avg: 0.9540085854184293


Validation Epoch: 29 accuracy: 0.90 
 precision: [0.89880585 0.89465364] 
 recall: [0.92254861 0.86362375] 
 f1: [0.91052247 0.87886489] 
 f1_avg: 0.8968355807198574

--- 14370.804531812668 seconds ---

Train Epoch: 30 accuracy: 0.94 
 precision: [0.95895623 0.91741277] 
 recall: [0.94412733 0.93887279] 
 f1: [0.951484   0.92801873] 
 f1_avg: 0.9421453713503161


Validation Epoch: 30 accuracy: 0.92 
 precision: [0.90981701 0.93142604] 
 recall: [0.95086644 0.87624861] 
 f1: [0.92988892 0.90299521] 
 f1_avg: 0.9182616478851127

New best val score, save model ...
--- 14867.245980024338 seconds ---

Train Epoch: 31 accuracy: 0.95 
 precision: [0.9645355  0.93659108] 
 recall: [0.95762848 0.94673669] 
 f1: [0.96106958 0.94163656] 
 f1_avg: 0.9533356895504155


Validation Epoch: 31 accuracy: 0.92 
 precision: [0.91382663 0.922475  ] 
 recall: [0.94346999 0.88318535] 
 f1: [0.92841175 0.90240272] 
 f1_avg: 0.9171669634261437

--- 15360.598111391068 seconds ---

Train Epoch: 32 accuracy: 0.96 
 precision: [0.96996625 0.94016241] 
 recall: [0.95981734 0.95504303] 
 f1: [0.96486511 0.9475443 ] 
 f1_avg: 0.957971829661476


Validation Epoch: 32 accuracy: 0.91 
 precision: [0.89386253 0.92778365] 
 recall: [0.94949281 0.85197003] 
 f1: [0.92083824 0.8882621 ] 
 f1_avg: 0.9067542181206395

--- 15854.449899435043 seconds ---

Train Epoch: 33 accuracy: 0.96 
 precision: [0.97374188 0.93502652] 
 recall: [0.95585474 0.96100875] 
 f1: [0.9647154  0.94783961] 
 f1_avg: 0.9579992308413883


Validation Epoch: 33 accuracy: 0.90 
 precision: [0.87665325 0.94918243] 
 recall: [0.96650465 0.82144839] 
 f1: [0.91938888 0.88070802] 
 f1_avg: 0.9026655338271015

--- 16347.05117893219 seconds ---

Train Epoch: 34 accuracy: 0.96 
 precision: [0.97203038 0.93885284] 
 recall: [0.95874178 0.95826851] 
 f1: [0.96534035 0.94846133] 
 f1_avg: 0.9586228904837916


Validation Epoch: 34 accuracy: 0.91 
 precision: [0.88139825 0.9543058 ] 
 recall: [0.96978022 0.8286626 ] 
 f1: [0.9234794  0.88705725] 
 f1_avg: 0.9077325870401844

--- 16839.81316137314 seconds ---

Train Epoch: 35 accuracy: 0.96 
 precision: [0.97170436 0.93430962] 
 recall: [0.95547735 0.95791171] 
 f1: [0.96352254 0.94596347] 
 f1_avg: 0.9565344362524751


Validation Epoch: 35 accuracy: 0.91 
 precision: [0.89708971 0.92597033] 
 recall: [0.9478022  0.85724195] 
 f1: [0.92174896 0.89028168] 
 f1_avg: 0.9081443439728293

--- 17331.78112912178 seconds ---

Train Epoch: 36 accuracy: 0.95 
 precision: [0.96437223 0.92640016] 
 recall: [0.95026936 0.94689369] 
 f1: [0.95726886 0.93653482] 
 f1_avg: 0.9490171924886499


Validation Epoch: 36 accuracy: 0.91 
 precision: [0.89206597 0.94972763] 
 recall: [0.96587067 0.84655938] 
 f1: [0.92750241 0.89518081] 
 f1_avg: 0.9135284365502435

--- 17824.553019046783 seconds ---

Train Epoch: 37 accuracy: 0.96 
 precision: [0.97182386 0.94191122] 
 recall: [0.96094951 0.95785462] 
 f1: [0.9663561  0.94981602] 
 f1_avg: 0.9597735306883721


Validation Epoch: 37 accuracy: 0.92 
 precision: [0.89967542 0.95126826] 
 recall: [0.96650465 0.85849057] 
 f1: [0.93189343 0.90250128] 
 f1_avg: 0.9191859798806862

New best val score, save model ...
--- 18317.922782421112 seconds ---

Train Epoch: 38 accuracy: 0.96 
 precision: [0.97171781 0.94306475] 
 recall: [0.96177977 0.95765482] 
 f1: [0.96672325 0.95030379] 
 f1_avg: 0.9601886841253471


Validation Epoch: 38 accuracy: 0.92 
 precision: [0.90528306 0.94487238] 
 recall: [0.9614328  0.86792453] 
 f1: [0.93251345 0.90476535] 
 f1_avg: 0.9205167905330227

New best val score, save model ...
--- 18817.62790966034 seconds ---

Train Epoch: 39 accuracy: 0.96 
 precision: [0.96450746 0.94197608] 
 recall: [0.96145899 0.9464798 ] 
 f1: [0.96298081 0.94422257] 
 f1_avg: 0.9555154665270613


Validation Epoch: 39 accuracy: 0.92 
 precision: [0.92017761 0.92086434] 
 recall: [0.94156805 0.89275805] 
 f1: [0.93074995 0.90659341] 
 f1_avg: 0.9203060688861564

--- 19312.194528341293 seconds ---

Train Epoch: 40 accuracy: 0.95 
 precision: [0.96736172 0.92969513] 
 recall: [0.95243936 0.95138938] 
 f1: [0.95984255 0.94041716] 
 f1_avg: 0.9521116919141244


Validation Epoch: 40 accuracy: 0.92 
 precision: [0.91814727 0.92444124] 
 recall: [0.94463229 0.88942841] 
 f1: [0.9312015 0.9065969] 
 f1_avg: 0.9205639079011857

New best val score, save model ...
--- 19804.332926034927 seconds ---

Train Epoch: 41 accuracy: 0.96 
 precision: [0.97627262 0.93884807] 
 recall: [0.95845874 0.9647623 ] 
 f1: [0.96728367 0.9516288 ] 
 f1_avg: 0.9610533929743265


Validation Epoch: 41 accuracy: 0.92 
 precision: [0.90159706 0.94310423] 
 recall: [0.96037616 0.86237514] 
 f1: [0.93005884 0.90093485] 
 f1_avg: 0.9174673254337947

--- 20296.10200023651 seconds ---

Train Epoch: 42 accuracy: 0.96 
 precision: [0.97300918 0.9399645 ] 
 recall: [0.95947769 0.95973854] 
 f1: [0.96619606 0.9497486 ] 
 f1_avg: 0.9596503525884521


Validation Epoch: 42 accuracy: 0.92 
 precision: [0.90897308 0.9477567 ] 
 recall: [0.96333474 0.87333518] 
 f1: [0.93536473 0.90902527] 
 f1_avg: 0.9239770833560068

New best val score, save model ...
--- 20787.146963834763 seconds ---

Train Epoch: 43 accuracy: 0.97 
 precision: [0.97643303 0.95038173] 
 recall: [0.96670472 0.96470521] 
 f1: [0.97154452 0.95748991] 
 f1_avg: 0.9659511117755931


Validation Epoch: 43 accuracy: 0.92 
 precision: [0.90793683 0.94286143] 
 recall: [0.95974218 0.87222531] 
 f1: [0.93312102 0.90616892] 
 f1_avg: 0.9214685061496252

--- 21279.852965831757 seconds ---

Train Epoch: 44 accuracy: 0.96 
 precision: [0.97399518 0.9478737 ] 
 recall: [0.96506307 0.96102302] 
 f1: [0.96950855 0.95440307] 
 f1_avg: 0.9634969229678721


Validation Epoch: 44 accuracy: 0.92 
 precision: [0.90997272 0.93239852] 
 recall: [0.95160609 0.87638735] 
 f1: [0.93032385 0.90352571] 
 f1_avg: 0.9187378960720906

--- 21771.550372362137 seconds ---

Train Epoch: 45 accuracy: 0.96 
 precision: [0.97462275 0.93712213] 
 recall: [0.95731713 0.96229323] 
 f1: [0.96589243 0.9495409 ] 
 f1_avg: 0.9593849004009343


Validation Epoch: 45 accuracy: 0.91 
 precision: [0.90676676 0.92281731] 
 recall: [0.94442096 0.87250277] 
 f1: [0.92521091 0.896955  ] 
 f1_avg: 0.9129947045402591

--- 22262.850895881653 seconds ---

Train Epoch: 46 accuracy: 0.97 
 precision: [0.97657957 0.94914017] 
 recall: [0.96581785 0.96496211] 
 f1: [0.9711689  0.95698575] 
 f1_avg: 0.9655243326636844


Validation Epoch: 46 accuracy: 0.92 
 precision: [0.89700375 0.94437634] 
 recall: [0.96164413 0.8550222 ] 
 f1: [0.9281999 0.8974807] 
 f1_avg: 0.9149187113196886

--- 22755.336256980896 seconds ---

Train Epoch: 47 accuracy: 0.97 
 precision: [0.97876514 0.94812745] 
 recall: [0.96497816 0.96833031] 
 f1: [0.97182276 0.95812239] 
 f1_avg: 0.9663703286500877


Validation Epoch: 47 accuracy: 0.92 
 precision: [0.90975684 0.92371767] 
 recall: [0.94484362 0.87694229] 
 f1: [0.92696833 0.89972244] 
 f1_avg: 0.9151887970806901

--- 23247.99326133728 seconds ---

Train Epoch: 48 accuracy: 0.97 
 precision: [0.97723976 0.94965624] 
 recall: [0.96614807 0.96596115] 
 f1: [0.97166226 0.9577393 ] 
 f1_avg: 0.9661212478813772


Validation Epoch: 48 accuracy: 0.91 
 precision: [0.89986064 0.93600966] 
 recall: [0.95519865 0.86043285] 
 f1: [0.92670425 0.89663149] 
 f1_avg: 0.9137025446810503

--- 23740.264805316925 seconds ---

Train Epoch: 49 accuracy: 0.97 
 precision: [0.98106855 0.95612729] 
 recall: [0.9705258  0.97166997] 
 f1: [0.9757687  0.96383598] 
 f1_avg: 0.971019753067879


Validation Epoch: 49 accuracy: 0.92 
 precision: [0.90200357 0.94385432] 
 recall: [0.96090448 0.86293008] 
 f1: [0.93052287 0.90157994] 
 f1_avg: 0.9180096349944604

--- 24232.309067964554 seconds ---

Train Epoch: 50 accuracy: 0.97 
 precision: [0.9809816  0.95730378] 
 recall: [0.97135606 0.97151298] 
 f1: [0.9761451  0.96435604] 
 f1_avg: 0.9714533296440481


Validation Epoch: 50 accuracy: 0.92 
 precision: [0.90249478 0.94191499] 
 recall: [0.95942519 0.86390122] 
 f1: [0.93008963 0.90122295] 
 f1_avg: 0.9176093628586267

--- 24723.135327100754 seconds ---

Train Epoch: 51 accuracy: 0.97 
 precision: [0.98190678 0.95220604] 
 recall: [0.96771424 0.97302582] 
 f1: [0.97475885 0.96250335] 
 f1_avg: 0.9698814465164812


Validation Epoch: 51 accuracy: 0.91 
 precision: [0.89524092 0.93933374] 
 recall: [0.95805156 0.85280244] 
 f1: [0.92558187 0.89397906] 
 f1_avg: 0.9119186580032546

--- 25214.77306675911 seconds ---

Train Epoch: 52 accuracy: 0.97 
 precision: [0.97996687 0.95679412] 
 recall: [0.97104471 0.9699716 ] 
 f1: [0.97548539 0.9633378 ] 
 f1_avg: 0.9706509287380565


Validation Epoch: 52 accuracy: 0.91 
 precision: [0.8956136  0.94208672] 
 recall: [0.96005917 0.85307991] 
 f1: [0.92671732 0.89537677] 
 f1_avg: 0.9131674989839562

--- 25707.06842803955 seconds ---

Train Epoch: 53 accuracy: 0.97 
 precision: [0.97623557 0.95189124] 
 recall: [0.96778028 0.96436268] 
 f1: [0.97198954 0.95808638] 
 f1_avg: 0.9664564038560313


Validation Epoch: 53 accuracy: 0.91 
 precision: [0.92094445 0.89881698] 
 recall: [0.92318259 0.89594895] 
 f1: [0.92206216 0.89738067] 
 f1_avg: 0.911391324548632

--- 26199.201971769333 seconds ---

Train Epoch: 54 accuracy: 0.97 
 precision: [0.97948398 0.94609878] 
 recall: [0.96348747 0.96947208] 
 f1: [0.97141987 0.95764283] 
 f1_avg: 0.965936930059142


Validation Epoch: 54 accuracy: 0.92 
 precision: [0.92283919 0.92735104] 
 recall: [0.94653423 0.89608768] 
 f1: [0.93453654 0.91145135] 
 f1_avg: 0.9245558511041793

New best val score, save model ...
--- 26691.286284685135 seconds ---

Train Epoch: 55 accuracy: 0.97 
 precision: [0.983518   0.95879456] 
 recall: [0.9722901  0.97535216] 
 f1: [0.97787182 0.96700249] 
 f1_avg: 0.973546081101616


Validation Epoch: 55 accuracy: 0.92 
 precision: [0.92144264 0.91841094] 
 recall: [0.93945478 0.89483907] 
 f1: [0.93036153 0.90647179] 
 f1_avg: 0.9200330013432183

--- 27181.95077395439 seconds ---

Train Epoch: 56 accuracy: 0.97 
 precision: [0.98519171 0.95623596] 
 recall: [0.97041258 0.9779354 ] 
 f1: [0.9777463  0.96696396] 
 f1_avg: 0.9734551793357863


Validation Epoch: 56 accuracy: 0.92 
 precision: [0.91952249 0.92393961] 
 recall: [0.94410397 0.89150943] 
 f1: [0.93165111 0.90743487] 
 f1_avg: 0.9211814206262214

--- 27673.118253469467 seconds ---

Train Epoch: 57 accuracy: 0.98 
 precision: [0.98595203 0.96335829] 
 recall: [0.9753847  0.97897726] 
 f1: [0.9806399  0.97110498] 
 f1_avg: 0.9768452205279613


Validation Epoch: 57 accuracy: 0.92 
 precision: [0.92163367 0.91843416] 
 recall: [0.93945478 0.89511654] 
 f1: [0.9304589  0.90662545] 
 f1_avg: 0.9201547048533205

--- 28164.761612176895 seconds ---

Train Epoch: 58 accuracy: 0.98 
 precision: [0.98709191 0.96454239] 
 recall: [0.97616779 0.98068991] 
 f1: [0.98159946 0.97254913] 
 f1_avg: 0.9779976372366879


Validation Epoch: 58 accuracy: 0.92 
 precision: [0.91882341 0.91150191] 
 recall: [0.93406593 0.89164817] 
 f1: [0.92638198 0.90146574] 
 f1_avg: 0.9156096494479746

--- 28657.1995177269 seconds ---

Train Epoch: 59 accuracy: 0.98 
 precision: [0.98737598 0.96366542] 
 recall: [0.97554509 0.98113234] 
 f1: [0.98142488 0.97232044] 
 f1_avg: 0.9778015274466951


Validation Epoch: 59 accuracy: 0.92 
 precision: [0.9165726  0.92319908] 
 recall: [0.94378698 0.88720866] 
 f1: [0.92998074 0.90484613] 
 f1_avg: 0.919113998744954

--- 29148.657291412354 seconds ---

Train Epoch: 60 accuracy: 0.98 
 precision: [0.98613126 0.96246318] 
 recall: [0.97475257 0.97926271] 
 f1: [0.9804089  0.97079027] 
 f1_avg: 0.9765809096716179


Validation Epoch: 60 accuracy: 0.91 
 precision: [0.91638935 0.90759637] 
 recall: [0.93110735 0.88845727] 
 f1: [0.92368973 0.89792485] 
 f1_avg: 0.9125504959807444

--- 29637.454560756683 seconds ---

Train Epoch: 61 accuracy: 0.98 
 precision: [0.98642711 0.96191357] 
 recall: [0.97435631 0.97971941] 
 f1: [0.98035456 0.97073485] 
 f1_avg: 0.976526135609245


Validation Epoch: 61 accuracy: 0.92 
 precision: [0.91488706 0.92022504] 
 recall: [0.94156805 0.8849889 ] 
 f1: [0.92803583 0.90226308] 
 f1_avg: 0.9168931958700972

--- 30127.689393997192 seconds ---

Train Epoch: 62 accuracy: 0.97 
 precision: [0.985606   0.95798519] 
 recall: [0.97162967 0.97853483] 
 f1: [0.97856793 0.96815098] 
 f1_avg: 0.9744222264376885


Validation Epoch: 62 accuracy: 0.91 
 precision: [0.91788856 0.9017406 ] 
 recall: [0.9260355  0.89123196] 
 f1: [0.92194404 0.89645548] 
 f1_avg: 0.9109242730838034

--- 30609.764874458313 seconds ---

Train Epoch: 63 accuracy: 0.97 
 precision: [0.98316351 0.96130785] 
 recall: [0.97406384 0.97476701] 
 f1: [0.97859252 0.96799065] 
 f1_avg: 0.9743732191579267


Validation Epoch: 63 accuracy: 0.92 
 precision: [0.91366906 0.91731489] 
 recall: [0.93934911 0.88346282] 
 f1: [0.92633115 0.90007067] 
 f1_avg: 0.9149776485717611

--- 31085.35249519348 seconds ---

Train Epoch: 64 accuracy: 0.97 
 precision: [0.98327788 0.95989714] 
 recall: [0.97307319 0.97496682] 
 f1: [0.97814892 0.9673733 ] 
 f1_avg: 0.9738604698003616


Validation Epoch: 64 accuracy: 0.91 
 precision: [0.92044617 0.89998605] 
 recall: [0.92423922 0.89511654] 
 f1: [0.9223388  0.89754469] 
 f1_avg: 0.9116192727245757

--- 31561.385535478592 seconds ---

Train Epoch: 65 accuracy: 0.97 
 precision: [0.98671625 0.95762688] 
 recall: [0.97132775 0.98021893] 
 f1: [0.97896153 0.96879121] 
 f1_avg: 0.9749139815671877


Validation Epoch: 65 accuracy: 0.92 
 precision: [0.91125519 0.93103955] 
 recall: [0.95044379 0.87846837] 
 f1: [0.93043703 0.90399029] 
 f1_avg: 0.9190030043513244

Early stopping!

Test Epoch: accuracy: 0.86 
 precision: [0.90124866 0.80253444] 
 recall: [0.875754   0.84031383] 
 f1: [0.88831845 0.82098974] 
 f1_avg: 0.863046126283227

--- 32050.179062604904 seconds ---

Test Epoch: accuracy: 0.92 
 precision: [0.92283919 0.92735104] 
 recall: [0.94653423 0.89608768] 
 f1: [0.93453654 0.91145135] 
 f1_avg: 0.9245558511041793

--- 32060.472792863846 seconds ---
