Requirement already satisfied: scikit-learn in /net/cephfs/data/zifjia/condaenvs/audio_clf/lib/python3.8/site-packages (1.1.2)
Requirement already satisfied: numpy>=1.17.3 in /net/cephfs/data/zifjia/condaenvs/audio_clf/lib/python3.8/site-packages (from scikit-learn) (1.22.3)
Requirement already satisfied: joblib>=1.0.0 in /net/cephfs/data/zifjia/condaenvs/audio_clf/lib/python3.8/site-packages (from scikit-learn) (1.1.0)
Requirement already satisfied: threadpoolctl>=2.0.0 in /net/cephfs/data/zifjia/condaenvs/audio_clf/lib/python3.8/site-packages (from scikit-learn) (3.1.0)
Requirement already satisfied: scipy>=1.3.2 in /net/cephfs/data/zifjia/condaenvs/audio_clf/lib/python3.8/site-packages (from scikit-learn) (1.9.1)
Requirement already satisfied: tensorboard in /net/cephfs/data/zifjia/condaenvs/audio_clf/lib/python3.8/site-packages (2.10.1)
Requirement already satisfied: numpy>=1.12.0 in /net/cephfs/data/zifjia/condaenvs/audio_clf/lib/python3.8/site-packages (from tensorboard) (1.22.3)
Requirement already satisfied: google-auth<3,>=1.6.3 in /net/cephfs/home/zifjia/.local/lib/python3.8/site-packages (from tensorboard) (2.9.1)
Requirement already satisfied: google-auth-oauthlib<0.5,>=0.4.1 in /net/cephfs/home/zifjia/.local/lib/python3.8/site-packages (from tensorboard) (0.4.6)
Requirement already satisfied: grpcio>=1.24.3 in /net/cephfs/home/zifjia/.local/lib/python3.8/site-packages (from tensorboard) (1.47.0)
Requirement already satisfied: wheel>=0.26 in /net/cephfs/data/zifjia/condaenvs/audio_clf/lib/python3.8/site-packages (from tensorboard) (0.37.1)
Requirement already satisfied: protobuf<3.20,>=3.9.2 in /net/cephfs/home/zifjia/.local/lib/python3.8/site-packages (from tensorboard) (3.19.4)
Requirement already satisfied: tensorboard-data-server<0.7.0,>=0.6.0 in /net/cephfs/home/zifjia/.local/lib/python3.8/site-packages (from tensorboard) (0.6.1)
Requirement already satisfied: markdown>=2.6.8 in /net/cephfs/home/zifjia/.local/lib/python3.8/site-packages (from tensorboard) (3.4.1)
Requirement already satisfied: requests<3,>=2.21.0 in /net/cephfs/data/zifjia/condaenvs/audio_clf/lib/python3.8/site-packages (from tensorboard) (2.28.1)
Requirement already satisfied: setuptools>=41.0.0 in /net/cephfs/data/zifjia/condaenvs/audio_clf/lib/python3.8/site-packages (from tensorboard) (60.8.1)
Requirement already satisfied: werkzeug>=1.0.1 in /net/cephfs/data/zifjia/condaenvs/audio_clf/lib/python3.8/site-packages (from tensorboard) (2.1.2)
Requirement already satisfied: tensorboard-plugin-wit>=1.6.0 in /net/cephfs/home/zifjia/.local/lib/python3.8/site-packages (from tensorboard) (1.8.1)
Requirement already satisfied: absl-py>=0.4 in /net/cephfs/home/zifjia/.local/lib/python3.8/site-packages (from tensorboard) (1.2.0)
Requirement already satisfied: cachetools<6.0,>=2.0.0 in /net/cephfs/home/zifjia/.local/lib/python3.8/site-packages (from google-auth<3,>=1.6.3->tensorboard) (5.2.0)
Requirement already satisfied: pyasn1-modules>=0.2.1 in /net/cephfs/home/zifjia/.local/lib/python3.8/site-packages (from google-auth<3,>=1.6.3->tensorboard) (0.2.8)
Requirement already satisfied: rsa<5,>=3.1.4 in /net/cephfs/home/zifjia/.local/lib/python3.8/site-packages (from google-auth<3,>=1.6.3->tensorboard) (4.9)
Requirement already satisfied: six>=1.9.0 in /net/cephfs/data/zifjia/condaenvs/audio_clf/lib/python3.8/site-packages (from google-auth<3,>=1.6.3->tensorboard) (1.16.0)
Requirement already satisfied: requests-oauthlib>=0.7.0 in /net/cephfs/home/zifjia/.local/lib/python3.8/site-packages (from google-auth-oauthlib<0.5,>=0.4.1->tensorboard) (1.3.1)
Requirement already satisfied: importlib-metadata>=4.4 in /net/cephfs/home/zifjia/.local/lib/python3.8/site-packages (from markdown>=2.6.8->tensorboard) (4.12.0)
Requirement already satisfied: urllib3<1.27,>=1.21.1 in /net/cephfs/data/zifjia/condaenvs/audio_clf/lib/python3.8/site-packages (from requests<3,>=2.21.0->tensorboard) (1.26.12)
Requirement already satisfied: charset-normalizer<3,>=2 in /net/cephfs/data/zifjia/condaenvs/audio_clf/lib/python3.8/site-packages (from requests<3,>=2.21.0->tensorboard) (2.1.1)
Requirement already satisfied: certifi>=2017.4.17 in /net/cephfs/data/zifjia/condaenvs/audio_clf/lib/python3.8/site-packages (from requests<3,>=2.21.0->tensorboard) (2022.9.14)
Requirement already satisfied: idna<4,>=2.5 in /net/cephfs/data/zifjia/condaenvs/audio_clf/lib/python3.8/site-packages (from requests<3,>=2.21.0->tensorboard) (3.4)
Requirement already satisfied: zipp>=0.5 in /net/cephfs/data/zifjia/condaenvs/audio_clf/lib/python3.8/site-packages (from importlib-metadata>=4.4->markdown>=2.6.8->tensorboard) (3.8.0)
Requirement already satisfied: pyasn1<0.5.0,>=0.4.6 in /net/cephfs/home/zifjia/.local/lib/python3.8/site-packages (from pyasn1-modules>=0.2.1->google-auth<3,>=1.6.3->tensorboard) (0.4.8)
Requirement already satisfied: oauthlib>=3.0.0 in /net/cephfs/home/zifjia/.local/lib/python3.8/site-packages (from requests-oauthlib>=0.7.0->google-auth-oauthlib<0.5,>=0.4.1->tensorboard) (3.2.0)
Requirement already satisfied: torch in /net/cephfs/data/zifjia/condaenvs/audio_clf/lib/python3.8/site-packages (1.12.1)
Requirement already satisfied: torchvision in /net/cephfs/data/zifjia/condaenvs/audio_clf/lib/python3.8/site-packages (0.13.1)
Requirement already satisfied: torchaudio in /net/cephfs/data/zifjia/condaenvs/audio_clf/lib/python3.8/site-packages (0.12.1)
Requirement already satisfied: typing-extensions in /net/cephfs/data/zifjia/condaenvs/audio_clf/lib/python3.8/site-packages (from torch) (4.0.1)
Requirement already satisfied: pillow!=8.3.*,>=5.3.0 in /net/cephfs/data/zifjia/condaenvs/audio_clf/lib/python3.8/site-packages (from torchvision) (9.0.1)
Requirement already satisfied: requests in /net/cephfs/data/zifjia/condaenvs/audio_clf/lib/python3.8/site-packages (from torchvision) (2.28.1)
Requirement already satisfied: numpy in /net/cephfs/data/zifjia/condaenvs/audio_clf/lib/python3.8/site-packages (from torchvision) (1.22.3)
Requirement already satisfied: charset-normalizer<3,>=2 in /net/cephfs/data/zifjia/condaenvs/audio_clf/lib/python3.8/site-packages (from requests->torchvision) (2.1.1)
Requirement already satisfied: urllib3<1.27,>=1.21.1 in /net/cephfs/data/zifjia/condaenvs/audio_clf/lib/python3.8/site-packages (from requests->torchvision) (1.26.12)
Requirement already satisfied: certifi>=2017.4.17 in /net/cephfs/data/zifjia/condaenvs/audio_clf/lib/python3.8/site-packages (from requests->torchvision) (2022.9.14)
Requirement already satisfied: idna<4,>=2.5 in /net/cephfs/data/zifjia/condaenvs/audio_clf/lib/python3.8/site-packages (from requests->torchvision) (3.4)
{'name': 'chimp_spectrogram_lstm_3407', 'data_path': '/home/cluster/zifjia/data/data_chimp/spectrogram_split_3407', 'test_only': False, 'balance_weights': True, 'model_type': 'lstm', 'n_embedding': 201, 'd_hid': 1024, 'nlayers': 2, 'batch_size': 1, 'n_epoch': 200, 'lr': 0.0001, 'dropout': 0.4, 'patience': 10, 'step_factor': 0.7, 'seed': 3407}
cuda
Reading data ...
train, dev, test number of files: 188, 23, 24.
dev files:  ['ASO4445 KT MS group ph drum traveling, 2_20 KT whimper, MS single ph drum, KT bark_01', 'ASO0481 Sonso KT single ph, KZ single ph feeding_02', 'ASO2186 ZL single ph start_01', 'ASO0662 Sonso KT single ph feeding_01', 'ASO2904 PS single ph_01', 'ASO1433 Sonso FK single ph, inf voc_01', 'ASO4255 PS display drum, SM single ph B-U_01', 'ASO2877 FK single ph, KO pg-whimper, unk MB group ph_01', 'ASO1581 HW single ph drum, MS NB unk group ph other party, HW single ph B-U, KT HW group ph_01', 'ASO3737 HW single ph drum resting-traveling, 1_15 JN single ph feeding, HW single ph_01', 'ASO3150 KT single ph_01', 'ASO3574 KT single ph feeding_01', 'ASO3484 Thermal Camera HW ZL groom, 3_40 HW single ph, 4_10 FK single ph 50m, 15_30 HW ZL KT group ph, 16_50 HW ZL group ph _01', 'ASO0107 Sonso Thermal Camera KZ single ph 2_50 with reply ZD, KZ SQ group ph 3_34_01', 'ASO1051 Sonso ZD single ph_01', 'ASO3015 PS single ph feeding_01', 'ASO4271 SM PS IN group ph drum, 1_50 SM PS group ph drum, 4_00 PS group ph, 6_40 FK MB PS KT unk group ph, 9_00 SM display drum, 11_00 PS single ph feeding, FK single ph feeding, 17_05 unk single ph_01', 'ASO1487 ZL single ph start, DL unk group ph, PS single ph start_01', 'ASO1231 Sonso KZ single ph drum traveling_01', 'ASO3870 FK scream, MS FK group ph drum, FK MS group fg, FK MS group ph drum, MS FK fg, MS single ph intro, FK MS group ph. FK fg, 3_19 MS FK group ph feeding, 4_24 FK single ph_01', 'ASO1731 ZL single ph, unk fg, JN stranger F MB group ph_01', 'ASO0412 Sonso PS single ph, SQ single ph, PS single ph 1_25_01', 'ASO1265 Sonso HW single ph start_01']
test files:  ['ASO2103 DL single ph, KL KO group ph, DL single ph, KT single ph, KT DL MS group ph_01', 'ASO3799 KT single ph_01', 'ASO3006 ZL single ph drum traveling_01', 'ASO2392 group ph, 1_30 pg to ph, 1_45 NB group ph, 2_30 SM PS MB group ph, MB fg, 3_40 PS unk group ph, SM single ph, unk display to DL, 5_46 DL single ph intro_01', 'ASO0376 Sonso MS single ph _01', 'ASO3995 PS MB group ph feeding, 1_40 PS single ph feeding, MB fg, 2_50 ML MB group ph-bark_01', 'ASO1920 SM single ph feeding_01', 'ASO3819 KT single ph feeding_01', 'ASO3149 KT single ph rest_01', 'ASO1577 HW single ph_01', 'ASO4443 MS single ph display drum to KT, 1_30 MS display (ph), KT single ph_01', 'ASO3080 HW single ph drum traveling, 2_00 HW single ph drum traveling-resting, 5_20 HW single ph drum traveling-resting_03', 'ASO2585 MS single ph drum_01', 'ASO2544 HW single ph drum traveling_01', 'ASO3174 PS single ph feeding_01', 'ASO1624_02 HW single ph_01', 'ASO3856 MS single ph feeding_01', 'ASO3152 KT single ph resting_01', 'ASO3512 PS single ph_01', 'ASO0020 Sonso SQ single ph, PS single ph other party 2_01', 'ASO0480 Sonso KZ KT group ph, KZ KT group ph, KT single ph feeding_01', 'ASO3901 Thermal Camera MS KT HW groom, 4_30 unk pg 30m, 7_00 rest hoo, 10_25 HW single ph groom, 12_50 JS single ph drum 50m, HW single ph B-U, 20_15 KT HW group ph_01', 'ASO2125 KL OK KC JS group ph, FK single ph, OK KL KC KO group ph, PS single ph, PS single ph feeding_02', 'ASO3885 unk KJ group ph-pg, group ph,KC pg-ph start, KC scream, KL pg pant to HW, 1_30 infant single ph, group ph, group ph (video), 4_00 group bark, 4_20 KT single ph feeding, 5_30 unk group ph, KC single ph, 6_40 unk group pg-ph start, ,,,_01']
train_data_all: (80197, 202)
Labels in train_data_all:  {0: 650, 1: 39659, 2: 17778, 3: 15670, 4: 6440}
--- 5.081836938858032 seconds ---
LSTM(
  (lstm): LSTM(201, 1024, num_layers=2, dropout=0.4, bidirectional=True)
  (hidden2tag): Linear(in_features=2048, out_features=5, bias=True)
)
Number of parameters: 35244037

Train Epoch: 1 accuracy: 0.36 
 precision: [0.         0.633154   0.26291464 0.63940943 0.10026811] 
 recall: [0.         0.33235835 0.25278434 0.50299936 0.45295031] 
 f1: [0.         0.43590125 0.25774999 0.56306033 0.16419003] 
 f1_avg: 0.3959029168067142


Validation Epoch: 1 accuracy: 0.58 
 precision: [1.         0.54836398 1.         0.86967742 1.        ] 
 recall: [0.         0.98140628 0.         0.37993236 0.        ] 
 f1: [0.         0.70359304 0.         0.52883484 0.        ] 
 f1_avg: 0.4623745603736516

New best val score, save model ...
--- 22.49132466316223 seconds ---

Train Epoch: 2 accuracy: 0.56 
 precision: [1.         0.54674296 0.44325814 0.71090683 0.14814815] 
 recall: [0.         0.87934643 0.14478569 0.47377154 0.00372671] 
 f1: [0.         0.67425854 0.21827433 0.56860568 0.00727052] 
 f1_avg: 0.4935069063837445


Validation Epoch: 2 accuracy: 0.58 
 precision: [1.         0.55419049 1.         0.82627579 0.        ] 
 recall: [0.         0.97371233 0.0034463  0.42897407 0.        ] 
 f1: [0.         0.70635659 0.00686892 0.56474954 0.        ] 
 f1_avg: 0.4720589074534098

New best val score, save model ...
--- 36.235910415649414 seconds ---

Train Epoch: 3 accuracy: 0.56 
 precision: [1.         0.55085602 0.46148175 0.70171215 0.15352697] 
 recall: [0.         0.87944729 0.14084824 0.50216975 0.00574534] 
 f1: [0.         0.67740714 0.21582486 0.58540396 0.01107619] 
 f1_avg: 0.49810884011745565


Validation Epoch: 3 accuracy: 0.58 
 precision: [1.         0.5578349  0.8        0.78633301 0.        ] 
 recall: [0.         0.96473605 0.00689259 0.46054115 0.        ] 
 f1: [0.         0.7069141  0.01366743 0.58087451 0.        ] 
 f1_avg: 0.47676439566772766

New best val score, save model ...
--- 50.059590339660645 seconds ---

Train Epoch: 4 accuracy: 0.57 
 precision: [1.         0.55391937 0.46479122 0.69276804 0.18681319] 
 recall: [0.         0.87165587 0.1477669  0.52450542 0.00791925] 
 f1: [0.         0.67737858 0.22424242 0.59700734 0.0151944 ] 
 f1_avg: 0.5025586492917847


Validation Epoch: 4 accuracy: 0.58 
 precision: [1.         0.56018519 0.61111111 0.75960679 0.        ] 
 recall: [0.         0.95682838 0.01263642 0.47914318 0.        ] 
 f1: [0.         0.70665299 0.02476083 0.5876253  0.        ] 
 f1_avg: 0.4800508496425711

New best val score, save model ...
--- 63.93555545806885 seconds ---

Train Epoch: 5 accuracy: 0.57 
 precision: [1.         0.55635909 0.4677231  0.68611426 0.17741935] 
 recall: [0.         0.86323407 0.15772303 0.54109764 0.00854037] 
 f1: [0.         0.67662783 0.23589787 0.60503782 0.0162963 ] 
 f1_avg: 0.5064287463598052


Validation Epoch: 5 accuracy: 0.58 
 precision: [1.         0.56128625 0.61403509 0.74655172 0.        ] 
 recall: [0.         0.95127164 0.02010339 0.48816234 0.        ] 
 f1: [0.         0.70600365 0.03893215 0.59032038 0.        ] 
 f1_avg: 0.48293805822417485

New best val score, save model ...
--- 77.89362907409668 seconds ---

Train Epoch: 6 accuracy: 0.57 
 precision: [1.         0.55794803 0.46708661 0.68237802 0.18421053] 
 recall: [0.         0.85592173 0.16683541 0.5515635  0.00978261] 
 f1: [0.         0.67553583 0.24585544 0.6100367  0.01857859] 
 f1_avg: 0.5092561412989133


Validation Epoch: 6 accuracy: 0.59 
 precision: [1.         0.56264295 0.61728395 0.73472803 0.        ] 
 recall: [0.         0.94635606 0.02871913 0.49492672 0.        ] 
 f1: [0.         0.7057136  0.05488474 0.59144493 0.        ] 
 f1_avg: 0.4860434572449021

New best val score, save model ...
--- 91.90511965751648 seconds ---

Train Epoch: 7 accuracy: 0.57 
 precision: [1.         0.55990236 0.46924932 0.6805255  0.18      ] 
 recall: [0.         0.85022315 0.17510406 0.56196554 0.01118012] 
 f1: [0.         0.67517671 0.25503851 0.61558895 0.02105263] 
 f1_avg: 0.5123977892858589


Validation Epoch: 7 accuracy: 0.59 
 precision: [1.         0.56444388 0.64285714 0.72469636 0.        ] 
 recall: [0.         0.94250908 0.0361861  0.50450958 0.        ] 
 f1: [0.         0.70605187 0.0685155  0.59488202 0.        ] 
 f1_avg: 0.4894767625412852

New best val score, save model ...
--- 105.8785970211029 seconds ---

Train Epoch: 8 accuracy: 0.57 
 precision: [1.         0.56147905 0.47005076 0.67868255 0.18721461] 
 recall: [0.         0.84502887 0.18230397 0.57070836 0.01273292] 
 f1: [0.         0.67467236 0.26271633 0.62002981 0.02384414] 
 f1_avg: 0.514942271530022


Validation Epoch: 8 accuracy: 0.59 
 precision: [1.         0.56711799 0.59398496 0.72120731 0.        ] 
 recall: [0.         0.93994443 0.04537622 0.51183766 0.        ] 
 f1: [0.         0.70741515 0.08431163 0.59874712 0.        ] 
 f1_avg: 0.49392932901717357

New best val score, save model ...
--- 119.8823812007904 seconds ---

Train Epoch: 9 accuracy: 0.57 
 precision: [1.         0.56318579 0.47186575 0.67785084 0.18106996] 
 recall: [0.         0.84122141 0.18821015 0.57887683 0.0136646 ] 
 f1: [0.         0.67468174 0.26909003 0.62446647 0.02541149] 
 f1_avg: 0.5173525862019878


Validation Epoch: 9 accuracy: 0.59 
 precision: [1.         0.5680818  0.62585034 0.71742543 0.        ] 
 recall: [0.         0.93802094 0.05284319 0.51521984 0.        ] 
 f1: [0.         0.7076179  0.09745763 0.59973753 0.        ] 
 f1_avg: 0.4967266638370227

New best val score, save model ...
--- 133.86275029182434 seconds ---

Train Epoch: 10 accuracy: 0.57 
 precision: [1.         0.56432515 0.47239856 0.67471832 0.20118343] 
 recall: [0.         0.83761567 0.19254134 0.58468411 0.01583851] 
 f1: [0.         0.67433316 0.27357737 0.62648296 0.02936519] 
 f1_avg: 0.5188864530523143


Validation Epoch: 10 accuracy: 0.59 
 precision: [1.         0.56997654 0.60693642 0.71384615 0.        ] 
 recall: [0.         0.93481513 0.06031017 0.52311161 0.        ] 
 f1: [0.         0.70816806 0.10971787 0.60377358 0.        ] 
 f1_avg: 0.5001236729726795

New best val score, save model ...
--- 147.86463356018066 seconds ---

Train Epoch: 11 accuracy: 0.57 
 precision: [1.         0.5656179  0.47258979 0.67253419 0.19245283] 
 recall: [0.         0.83451423 0.19687254 0.59004467 0.01583851] 
 f1: [0.         0.6742452  0.27795426 0.62859474 0.02926829] 
 f1_avg: 0.5202180705144444


Validation Epoch: 11 accuracy: 0.59 
 precision: [1.         0.57062516 0.59259259 0.71134806 0.        ] 
 recall: [0.         0.9324642  0.06433084 0.5264938  0.        ] 
 f1: [0.         0.70799189 0.11606218 0.60511824 0.        ] 
 f1_avg: 0.5015015891378407

New best val score, save model ...
--- 161.84260988235474 seconds ---

Train Epoch: 12 accuracy: 0.57 
 precision: [0.         0.56657448 0.47101641 0.67115786 0.19160584] 
 recall: [0.         0.83163973 0.20019125 0.59444799 0.01630435] 
 f1: [0.         0.67398234 0.28096629 0.63047819 0.03005152] 
 f1_avg: 0.5211866963711848


Validation Epoch: 12 accuracy: 0.59 
 precision: [1.         0.57274401 0.6        0.70733533 0.        ] 
 recall: [0.         0.93054071 0.0723722  0.53269448 0.        ] 
 f1: [0.         0.70906278 0.12916453 0.60771704 0.        ] 
 f1_avg: 0.5050464780645668

New best val score, save model ...
--- 175.82409834861755 seconds ---

Train Epoch: 13 accuracy: 0.57 
 precision: [1.         0.56791893 0.4729765  0.67008986 0.1989882 ] 
 recall: [0.         0.82944603 0.2037912  0.5996171  0.01832298] 
 f1: [0.         0.67420912 0.28484944 0.63289775 0.03355609] 
 f1_avg: 0.5229138461912349


Validation Epoch: 13 accuracy: 0.59 
 precision: [1.         0.57376617 0.62441315 0.70154753 0.        ] 
 recall: [0.         0.92925839 0.07639288 0.53664036 0.        ] 
 f1: [0.         0.70947214 0.13613101 0.60811242 0.        ] 
 f1_avg: 0.5066581779465509

New best val score, save model ...
--- 189.80658984184265 seconds ---

Train Epoch: 14 accuracy: 0.57 
 precision: [0.         0.56863186 0.47423082 0.66864953 0.19230769] 
 recall: [0.         0.82833657 0.20547868 0.60255265 0.01785714] 
 f1: [0.         0.67434389 0.28672344 0.63388272 0.03267974] 
 f1_avg: 0.5235180060621143


Validation Epoch: 14 accuracy: 0.59 
 precision: [1.         0.57445962 0.63302752 0.69690425 0.        ] 
 recall: [0.         0.92583885 0.07926479 0.54565953 0.        ] 
 f1: [0.         0.70900164 0.14088821 0.61207714 0.        ] 
 f1_avg: 0.5080915814144896

New best val score, save model ...
--- 203.7308430671692 seconds ---

Train Epoch: 15 accuracy: 0.57 
 precision: [0.         0.56912406 0.47287811 0.66636191 0.20521173] 
 recall: [0.         0.82553771 0.20840364 0.60465858 0.01956522] 
 f1: [0.         0.6737596  0.28930621 0.63401251 0.03572441] 
 f1_avg: 0.5240714602670539


Validation Epoch: 15 accuracy: 0.60 
 precision: [1.         0.57584232 0.63675214 0.69537367 0.        ] 
 recall: [0.         0.92412909 0.085583   0.55073281 0.        ] 
 f1: [0.         0.70955038 0.15088608 0.6146587  0.        ] 
 f1_avg: 0.5107753201338169

New best val score, save model ...
--- 217.66463589668274 seconds ---

Train Epoch: 16 accuracy: 0.57 
 precision: [0.         0.57014238 0.47387729 0.66462054 0.20062208] 
 recall: [0.         0.82392395 0.21070987 0.60804084 0.02003106] 
 f1: [0.         0.67393344 0.29171047 0.63507299 0.03642524] 
 f1_avg: 0.5249538940482945


Validation Epoch: 16 accuracy: 0.59 
 precision: [1.         0.57577781 0.62295082 0.69187279 0.        ] 
 recall: [0.         0.92156444 0.08730615 0.5518602  0.        ] 
 f1: [0.         0.70874425 0.15314861 0.61398558 0.        ] 
 f1_avg: 0.5106630759097406

--- 231.26382756233215 seconds ---

Train Epoch: 17 accuracy: 0.58 
 precision: [0.         0.57112367 0.47788389 0.6647499  0.21617418] 
 recall: [0.         0.8231675  0.21391608 0.61231653 0.02158385] 
 f1: [0.         0.6743648  0.29553932 0.63745682 0.03924891] 
 f1_avg: 0.5267085173787218


Validation Epoch: 17 accuracy: 0.60 
 precision: [1.         0.57669123 0.61752988 0.68784916 0.        ] 
 recall: [0.         0.92006839 0.08902929 0.55524239 0.        ] 
 f1: [0.         0.70899209 0.15562249 0.61447286 0.        ] 
 f1_avg: 0.5113550799558385

New best val score, save model ...
--- 245.15578365325928 seconds ---

Train Epoch: 18 accuracy: 0.58 
 precision: [0.         0.57232362 0.47774334 0.66439018 0.21865443] 
 recall: [0.         0.82228498 0.21672854 0.61461391 0.02220497] 
 f1: [0.         0.67490351 0.2981852  0.63853345 0.04031576] 
 f1_avg: 0.5278574910106246


Validation Epoch: 18 accuracy: 0.60 
 precision: [1.         0.57727395 0.62015504 0.68941504 0.        ] 
 recall: [0.         0.91964095 0.09190121 0.55806088 0.        ] 
 f1: [0.         0.7093052  0.16008004 0.61682243 0.        ] 
 f1_avg: 0.5128190375307072

New best val score, save model ...
--- 258.9817650318146 seconds ---

Train Epoch: 19 accuracy: 0.58 
 precision: [0.         0.57287706 0.47883663 0.6630182  0.2173913 ] 
 recall: [0.         0.82059558 0.21762853 0.6185067  0.02329193] 
 f1: [0.         0.67471778 0.29924975 0.63998943 0.04207574] 
 f1_avg: 0.5284274551230412


Validation Epoch: 19 accuracy: 0.60 
 precision: [1.         0.57711978 0.61048689 0.68551724 0.        ] 
 recall: [0.         0.91643514 0.09362435 0.56031567 0.        ] 
 f1: [0.         0.70823355 0.1623506  0.61662531 0.        ] 
 f1_avg: 0.5126648211969088

--- 272.4744372367859 seconds ---

Train Epoch: 20 accuracy: 0.58 
 precision: [0.         0.5741071  0.47893706 0.66244553 0.2234957 ] 
 recall: [0.         0.81993999 0.219991   0.62093172 0.0242236 ] 
 f1: [0.         0.67534787 0.30149553 0.64101719 0.04370972] 
 f1_avg: 0.5295689214455547


Validation Epoch: 20 accuracy: 0.60 
 precision: [1.         0.57747238 0.60363636 0.68896552 0.        ] 
 recall: [0.         0.91600769 0.0953475  0.56313416 0.        ] 
 f1: [0.         0.70837121 0.16468254 0.61972705 0.        ] 
 f1_avg: 0.5137804098911217

New best val score, save model ...
--- 286.2992539405823 seconds ---

Train Epoch: 21 accuracy: 0.58 
 precision: [0.         0.57433711 0.47970345 0.66290761 0.22253521] 
 recall: [0.         0.81870446 0.22201597 0.62271857 0.02453416] 
 f1: [0.         0.67508733 0.30354534 0.64218493 0.0441958 ] 
 f1_avg: 0.5301616772993041


Validation Epoch: 21 accuracy: 0.59 
 precision: [1.         0.57714672 0.59430605 0.68027211 0.        ] 
 recall: [0.         0.91216072 0.09592188 0.56369786 0.        ] 
 f1: [0.         0.70697366 0.16518299 0.61652281 0.        ] 
 f1_avg: 0.5125396015277986

--- 299.80918049812317 seconds ---

Train Epoch: 22 accuracy: 0.58 
 precision: [0.         0.57557263 0.48147701 0.6623473  0.22696011] 
 recall: [0.         0.81799844 0.22443469 0.62629228 0.02562112] 
 f1: [0.         0.67569932 0.30615768 0.6438154  0.04604437] 
 f1_avg: 0.5315104502851611


Validation Epoch: 22 accuracy: 0.59 
 precision: [1.         0.57734057 0.59863946 0.67746289 0.        ] 
 recall: [0.         0.90938235 0.10109133 0.56595265 0.        ] 
 f1: [0.         0.70628268 0.17297297 0.61670762 0.        ] 
 f1_avg: 0.5137044390981913

--- 313.30153012275696 seconds ---

Train Epoch: 23 accuracy: 0.58 
 precision: [0.         0.57601237 0.48150372 0.66117647 0.21845319] 
 recall: [0.         0.81704027 0.22550343 0.62763242 0.025     ] 
 f1: [0.         0.67567483 0.30715599 0.64396792 0.04486554] 
 f1_avg: 0.5316547832539673


Validation Epoch: 23 accuracy: 0.59 
 precision: [1.         0.57743032 0.58703072 0.67379679 0.        ] 
 recall: [0.         0.90767258 0.0987938  0.56820744 0.        ] 
 f1: [0.         0.70583347 0.16912488 0.61651376 0.        ] 
 f1_avg: 0.5127048462726556

--- 326.8099682331085 seconds ---

Train Epoch: 24 accuracy: 0.58 
 precision: [0.         0.57657369 0.48132681 0.66048349 0.22585034] 
 recall: [0.         0.81620817 0.22690966 0.62941927 0.0257764 ] 
 f1: [0.         0.67577583 0.30842158 0.64457733 0.04627178] 
 f1_avg: 0.5322172810116095


Validation Epoch: 24 accuracy: 0.59 
 precision: [1.         0.57814416 0.58881579 0.67221852 0.        ] 
 recall: [0.         0.9068177  0.10281447 0.56877114 0.        ] 
 f1: [0.         0.70610751 0.17506112 0.61618321 0.        ] 
 f1_avg: 0.5139105304987562

New best val score, save model ...
--- 340.66323041915894 seconds ---

Train Epoch: 25 accuracy: 0.58 
 precision: [0.         0.5769711  0.4834208  0.66005344 0.22750643] 
 recall: [0.         0.8155778  0.2279784  0.63056796 0.02748447] 
 f1: [0.         0.67583238 0.3098387  0.64497389 0.04904406] 
 f1_avg: 0.5328595019640927


Validation Epoch: 25 accuracy: 0.59 
 precision: [1.         0.57861635 0.5754717  0.67019868 0.        ] 
 recall: [0.         0.90446677 0.105112   0.57046223 0.        ] 
 f1: [0.         0.70574502 0.17775619 0.61632156 0.        ] 
 f1_avg: 0.5142648284532774

New best val score, save model ...
--- 354.497834444046 seconds ---

Train Epoch: 26 accuracy: 0.58 
 precision: [0.         0.57754708 0.48350344 0.65898648 0.23536896] 
 recall: [0.         0.81502307 0.22915964 0.63152521 0.02872671] 
 f1: [0.         0.6760366  0.31094489 0.64496367 0.05120399] 
 f1_avg: 0.5333771612307947


Validation Epoch: 26 accuracy: 0.59 
 precision: [1.         0.57816139 0.57188498 0.66427172 0.        ] 
 recall: [0.         0.90190212 0.10281447 0.57328072 0.        ] 
 f1: [0.         0.70462515 0.17429406 0.61543116 0.        ] 
 f1_avg: 0.512860630041227

--- 367.97340059280396 seconds ---

Train Epoch: 27 accuracy: 0.58 
 precision: [0.         0.57826601 0.48403441 0.65949964 0.23544304] 
 recall: [0.         0.81431705 0.23107211 0.63420549 0.02888199] 
 f1: [0.         0.67628551 0.31281173 0.64660529 0.05145228] 
 f1_avg: 0.5342547903198174


Validation Epoch: 27 accuracy: 0.59 
 precision: [1.         0.57809498 0.57320872 0.66232921 0.        ] 
 recall: [0.         0.90019235 0.10568639 0.57384442 0.        ] 
 f1: [0.         0.70405349 0.17846751 0.61491996 0.        ] 
 f1_avg: 0.5132633317860219

--- 381.4346823692322 seconds ---

Train Epoch: 28 accuracy: 0.58 
 precision: [0.         0.57868039 0.48420435 0.65955473 0.23144654] 
 recall: [0.         0.81403969 0.23191585 0.63522655 0.02857143] 
 f1: [0.         0.67647305 0.31361959 0.64716208 0.05086386] 
 f1_avg: 0.5345881648059597


Validation Epoch: 28 accuracy: 0.59 
 precision: [1.         0.57854881 0.57357357 0.66085271 0.        ] 
 recall: [0.         0.89805514 0.10970706 0.57666291 0.        ] 
 f1: [0.         0.70373472 0.18418515 0.61589404 0.        ] 
 f1_avg: 0.5143772124074298

New best val score, save model ...
--- 395.259970664978 seconds ---

Train Epoch: 29 accuracy: 0.58 
 precision: [0.         0.57915627 0.48459646 0.65855107 0.22710623] 
 recall: [0.         0.81313195 0.23270334 0.63694959 0.02888199] 
 f1: [0.         0.67648416 0.31442143 0.64757023 0.05124673] 
 f1_avg: 0.5348819044058615


Validation Epoch: 29 accuracy: 0.59 
 precision: [1.         0.57859901 0.56676558 0.65958816 0.        ] 
 recall: [0.         0.89677281 0.10970706 0.5777903  0.        ] 
 f1: [0.         0.70337776 0.18383061 0.61598558 0.        ] 
 f1_avg: 0.5141449357048794

--- 408.7336905002594 seconds ---

Train Epoch: 30 accuracy: 0.58 
 precision: [0.5        0.57984962 0.48509201 0.65794848 0.22727273] 
 recall: [0.00307692 0.81280416 0.23427832 0.63733248 0.02950311] 
 f1: [0.00611621 0.67684329 0.31596116 0.64747642 0.0522265 ] 
 f1_avg: 0.5355107432820609


Validation Epoch: 30 accuracy: 0.59 
 precision: [1.         0.57899102 0.5625     0.65894466 0.        ] 
 recall: [0.         0.89527677 0.11372774 0.57722661 0.        ] 
 f1: [0.         0.70320631 0.1892021  0.61538462 0.        ] 
 f1_avg: 0.514962892238622

New best val score, save model ...
--- 422.5646584033966 seconds ---

Train Epoch: 31 accuracy: 0.58 
 precision: [0.         0.58039025 0.48684058 0.65885297 0.23067633] 
 recall: [0.         0.81300588 0.2361908  0.63854499 0.02965839] 
 f1: [0.         0.67728146 0.31806992 0.64854004 0.05255916] 
 f1_avg: 0.5363798642300649


Validation Epoch: 31 accuracy: 0.59 
 precision: [1.         0.5792607  0.55840456 0.65603063 0.        ] 
 recall: [0.         0.89420816 0.11257898 0.5794814  0.        ] 
 f1: [0.         0.70307511 0.1873805  0.61538462 0.        ] 
 f1_avg: 0.5145491538879361

--- 436.05978059768677 seconds ---

Train Epoch: 32 accuracy: 0.58 
 precision: [0.         0.58088103 0.48638357 0.65812414 0.23181818] 
 recall: [0.         0.81129126 0.23709079 0.64077856 0.03167702] 
 f1: [0.         0.67701922 0.31878687 0.64933553 0.0557377 ] 
 f1_avg: 0.5368197925163536


Validation Epoch: 32 accuracy: 0.59 
 precision: [1.        0.5795975 0.55      0.6544071 0.       ] 
 recall: [0.         0.8924984  0.11372774 0.58173619 0.        ] 
 f1: [0.         0.70279367 0.18848168 0.61593554 0.        ] 
 f1_avg: 0.5147215914051455

--- 449.5425457954407 seconds ---

Train Epoch: 33 accuracy: 0.58 
 precision: [0.16666667 0.58113528 0.48448989 0.65754501 0.23023256] 
 recall: [0.00153846 0.81108954 0.23720328 0.64097001 0.03074534] 
 f1: [0.00304878 0.6771216  0.31848048 0.64915172 0.05424658] 
 f1_avg: 0.5366715517587272


Validation Epoch: 33 accuracy: 0.59 
 precision: [1.         0.57991946 0.55       0.6529449  0.        ] 
 recall: [0.         0.8924984  0.11372774 0.58117249 0.        ] 
 f1: [0.         0.7030303  0.18848168 0.61497167 0.        ] 
 f1_avg: 0.5146557134425501

--- 463.0253713130951 seconds ---

Train Epoch: 34 accuracy: 0.58 
 precision: [0.         0.5815649  0.48670944 0.65771593 0.24095023] 
 recall: [0.         0.81056002 0.23894701 0.64243778 0.03307453] 
 f1: [0.         0.67722839 0.3205312  0.64998709 0.05816494] 
 f1_avg: 0.5376321340751847


Validation Epoch: 34 accuracy: 0.59 
 precision: [1.         0.58037578 0.54972376 0.65075377 0.        ] 
 recall: [0.         0.89121607 0.11430213 0.58399098 0.        ] 
 f1: [0.         0.70296696 0.18925345 0.61556744 0.        ] 
 f1_avg: 0.514885702209879

--- 476.55382466316223 seconds ---

Train Epoch: 35 accuracy: 0.58 
 precision: [0.2        0.58219637 0.48673574 0.65871979 0.24559471] 
 recall: [0.00153846 0.81020701 0.24046574 0.64358647 0.03462733] 
 f1: [0.00305344 0.67753295 0.32190053 0.6510652  0.06069679] 
 f1_avg: 0.5385250141363885


Validation Epoch: 35 accuracy: 0.59 
 precision: [1.         0.58035714 0.53619303 0.64893617 0.        ] 
 recall: [0.         0.88907886 0.11487651 0.58455468 0.        ] 
 f1: [0.         0.7022875  0.18921476 0.61506524 0.        ] 
 f1_avg: 0.5144334729422525

--- 490.0304663181305 seconds ---

Train Epoch: 36 accuracy: 0.58 
 precision: [0.28571429 0.58272376 0.48717367 0.65781077 0.2311828 ] 
 recall: [0.00307692 0.809501   0.24142198 0.64467135 0.03338509] 
 f1: [0.00608828 0.67764269 0.32285241 0.65117478 0.05834464] 
 f1_avg: 0.5386474222442323


Validation Epoch: 36 accuracy: 0.59 
 precision: [1.         0.58100168 0.53947368 0.64716864 0.        ] 
 recall: [0.         0.88758282 0.11774842 0.58624577 0.        ] 
 f1: [0.         0.70229137 0.19330504 0.6152026  0.        ] 
 f1_avg: 0.5152404423970234

New best val score, save model ...
--- 503.85359239578247 seconds ---

Train Epoch: 37 accuracy: 0.58 
 precision: [0.         0.58276557 0.48487243 0.65813969 0.23225806] 
 recall: [0.         0.80879498 0.24159073 0.64524569 0.03354037] 
 f1: [0.         0.67742344 0.32249587 0.65162891 0.05861601] 
 f1_avg: 0.5385211421026314


Validation Epoch: 37 accuracy: 0.59 
 precision: [1.         0.58064065 0.54593176 0.64570361 0.        ] 
 recall: [0.         0.88715538 0.11947157 0.58455468 0.        ] 
 f1: [0.         0.70189381 0.19604147 0.61360947 0.        ] 
 f1_avg: 0.5152489384772281

New best val score, save model ...
--- 517.6885640621185 seconds ---

Train Epoch: 38 accuracy: 0.58 
 precision: [0.         0.58378241 0.48806575 0.656169   0.2280887 ] 
 recall: [0.         0.80854283 0.2438407  0.64620294 0.03354037] 
 f1: [0.         0.67802129 0.3252063  0.65114784 0.05848112] 
 f1_avg: 0.5393128053101295


Validation Epoch: 38 accuracy: 0.59 
 precision: [1.         0.58085762 0.54336735 0.64387819 0.        ] 
 recall: [0.         0.88587305 0.12234348 0.58399098 0.        ] 
 f1: [0.         0.70165044 0.19971871 0.61247414 0.        ] 
 f1_avg: 0.5156040892462418

New best val score, save model ...
--- 531.520081281662 seconds ---

Train Epoch: 39 accuracy: 0.58 
 precision: [0.2        0.58451986 0.48868371 0.65752625 0.23779855] 
 recall: [0.00153846 0.80947578 0.24412195 0.64728781 0.03555901] 
 f1: [0.00305344 0.6788467  0.32559361 0.65236686 0.06186681] 
 f1_avg: 0.5403416624656628


Validation Epoch: 39 accuracy: 0.59 
 precision: [1.         0.58079888 0.54617414 0.6429895  0.        ] 
 recall: [0.         0.88565933 0.11889719 0.58680947 0.        ] 
 f1: [0.         0.70154055 0.19528302 0.61361627 0.        ] 
 f1_avg: 0.5149252603866843

--- 545.0113146305084 seconds ---

Train Epoch: 40 accuracy: 0.58 
 precision: [0.28571429 0.58413277 0.48556078 0.65697637 0.2293578 ] 
 recall: [0.00307692 0.80758466 0.24400945 0.64754308 0.03493789] 
 f1: [0.00608828 0.67792018 0.32479784 0.65222561 0.06063873] 
 f1_avg: 0.5396054553399151


Validation Epoch: 40 accuracy: 0.59 
 precision: [0.         0.58184628 0.54545455 0.64360716 0.        ] 
 recall: [0.         0.88501817 0.12406663 0.58737317 0.        ] 
 f1: [0.         0.70210241 0.20215255 0.61420572 0.        ] 
 f1_avg: 0.51663413469652

New best val score, save model ...
--- 558.844970703125 seconds ---

Train Epoch: 41 accuracy: 0.58 
 precision: [0.4        0.58492945 0.48803295 0.65758906 0.23871615] 
 recall: [0.00307692 0.80700472 0.24659692 0.65028717 0.03695652] 
 f1: [0.00610687 0.67825166 0.32764097 0.65391773 0.0640043 ] 
 f1_avg: 0.541000680758677


Validation Epoch: 41 accuracy: 0.59 
 precision: [0.         0.58202026 0.54707379 0.6441303  0.        ] 
 recall: [0.         0.88416328 0.12349225 0.59075536 0.        ] 
 f1: [0.         0.70195979 0.20149953 0.61628933 0.        ] 
 f1_avg: 0.5168409431987321

New best val score, save model ...
--- 572.6796975135803 seconds ---

Train Epoch: 42 accuracy: 0.58 
 precision: [0.28571429 0.58551138 0.48820729 0.6579626  0.23395854] 
 recall: [0.00307692 0.80662649 0.24800315 0.65124442 0.03680124] 
 f1: [0.00608828 0.67850893 0.32891939 0.65458627 0.06359855] 
 f1_avg: 0.5415092055597583


Validation Epoch: 42 accuracy: 0.59 
 precision: [0.         0.58221784 0.5443038  0.6420281  0.        ] 
 recall: [0.         0.88309468 0.12349225 0.59244645 0.        ] 
 f1: [0.         0.7017663  0.20131086 0.61624157 0.        ] 
 f1_avg: 0.5166968297542129

--- 586.1292271614075 seconds ---

Train Epoch: 43 accuracy: 0.58 
 precision: [0.33333333 0.58613811 0.48829505 0.65896923 0.2346425 ] 
 recall: [0.00307692 0.80753423 0.24873439 0.65194639 0.03618012] 
 f1: [0.00609756 0.67925089 0.32958187 0.655439   0.06269339] 
 f1_avg: 0.5421169800588376


Validation Epoch: 43 accuracy: 0.59 
 precision: [0.         0.58275716 0.545      0.64229129 0.        ] 
 recall: [0.         0.88266724 0.12521539 0.59413754 0.        ] 
 f1: [0.         0.70202278 0.20364316 0.61727672 0.        ] 
 f1_avg: 0.5174725341391175

New best val score, save model ...
--- 599.9358959197998 seconds ---

Train Epoch: 44 accuracy: 0.58 
 precision: [0.2        0.58587804 0.4880388  0.65723109 0.24239544] 
 recall: [0.00153846 0.80549182 0.24901564 0.65194639 0.03959627] 
 f1: [0.00305344 0.67835301 0.3297702  0.65457807 0.06807261] 
 f1_avg: 0.5419537810983779


Validation Epoch: 44 accuracy: 0.59 
 precision: [0.         0.58252153 0.54074074 0.64263897 0.        ] 
 recall: [0.         0.88181235 0.12578978 0.59301015 0.        ] 
 f1: [0.         0.70158136 0.20410065 0.61682791 0.        ] 
 f1_avg: 0.5172468191516468

--- 613.4324448108673 seconds ---

Train Epoch: 45 accuracy: 0.58 
 precision: [0.28571429 0.58659525 0.48810437 0.65937822 0.22827125] 
 recall: [0.00307692 0.80637434 0.25042187 0.65239311 0.0371118 ] 
 f1: [0.00608828 0.67914671 0.33101602 0.65586707 0.063844  ] 
 f1_avg: 0.542559348040156


Validation Epoch: 45 accuracy: 0.59 
 precision: [0.         0.58292027 0.53623188 0.64160097 0.        ] 
 recall: [0.         0.87967514 0.12751292 0.59639233 0.        ] 
 f1: [0.         0.7011925  0.20603248 0.61817119 0.        ] 
 f1_avg: 0.5176760279058278

New best val score, save model ...
--- 627.294499874115 seconds ---

Train Epoch: 46 accuracy: 0.58 
 precision: [0.25       0.58704439 0.48725243 0.65665319 0.23676612] 
 recall: [0.00307692 0.80571875 0.25047812 0.65283982 0.03819876] 
 f1: [0.00607903 0.6792148  0.33086897 0.65474095 0.0657842 ] 
 f1_avg: 0.5424961116629059


Validation Epoch: 46 accuracy: 0.59 
 precision: [0.         0.58286119 0.53676471 0.64009662 0.        ] 
 recall: [0.         0.87946142 0.12578978 0.59751973 0.        ] 
 f1: [0.         0.70108186 0.20381573 0.6180758  0.        ] 
 f1_avg: 0.5171791120601901

--- 640.7952072620392 seconds ---

Train Epoch: 47 accuracy: 0.58 
 precision: [0.4        0.58700171 0.48704268 0.65657084 0.23706491] 
 recall: [0.00307692 0.80460929 0.2516031  0.65296745 0.03913043] 
 f1: [0.00610687 0.67879175 0.33180031 0.65476419 0.06717313] 
 f1_avg: 0.5426096624376557


Validation Epoch: 47 accuracy: 0.59 
 precision: [0.         0.58317943 0.53286385 0.63954189 0.04347826] 
 recall: [0.         0.87732421 0.13038484 0.59808343 0.00154083] 
 f1: [0.         0.70063151 0.20950623 0.61811826 0.00297619] 
 f1_avg: 0.5182510127376041

New best val score, save model ...
--- 654.613525390625 seconds ---

Train Epoch: 48 accuracy: 0.59 
 precision: [0.25       0.58803589 0.48894908 0.6592469  0.23831347] 
 recall: [0.00307692 0.80481101 0.25385308 0.65583918 0.04037267] 
 f1: [0.00607903 0.6795546  0.33419727 0.65753863 0.06904794] 
 f1_avg: 0.5442106988159335


Validation Epoch: 48 accuracy: 0.59 
 precision: [0.         0.58289455 0.53037383 0.63669065 0.04166667] 
 recall: [0.         0.87540073 0.13038484 0.59864713 0.00154083] 
 f1: [0.         0.69981206 0.20931305 0.61708309 0.00297177] 
 f1_avg: 0.5175941344477112

--- 668.1115076541901 seconds ---

Train Epoch: 49 accuracy: 0.59 
 precision: [0.4        0.58752419 0.48825178 0.65795053 0.24261993] 
 recall: [0.00307692 0.80390328 0.25480931 0.6535418  0.04083851] 
 f1: [0.00610687 0.67888931 0.33486103 0.65573875 0.06990962] 
 f1_avg: 0.5437465793839301


Validation Epoch: 49 accuracy: 0.59 
 precision: [0.         0.58290598 0.53009259 0.63772455 0.03846154] 
 recall: [0.         0.87454584 0.1315336  0.60033822 0.00154083] 
 f1: [0.         0.69954697 0.21076852 0.6184669  0.00296296] 
 f1_avg: 0.5180032256734002

--- 681.6225323677063 seconds ---

Train Epoch: 50 accuracy: 0.59 
 precision: [0.4        0.58848693 0.48760241 0.65883863 0.24156791] 
 recall: [0.00307692 0.80476058 0.25441557 0.65526484 0.04114907] 
 f1: [0.00610687 0.67983769 0.3343683  0.65704687 0.07031976] 
 f1_avg: 0.5443948736542579


Validation Epoch: 50 accuracy: 0.59 
 precision: [0.         0.58276353 0.5255814  0.63658099 0.04166667] 
 recall: [0.         0.87433212 0.12981045 0.60033822 0.00154083] 
 f1: [0.         0.69937602 0.20819899 0.61792863 0.00297177] 
 f1_avg: 0.5173230827078957

--- 695.1059954166412 seconds ---

Train Epoch: 51 accuracy: 0.59 
 precision: [0.4        0.58890264 0.48803006 0.65860215 0.23233216] 
 recall: [0.00307692 0.80365113 0.2557093  0.65666879 0.04083851] 
 f1: [0.00610687 0.67971849 0.33558484 0.65763405 0.06946646] 
 f1_avg: 0.5446518181362775


Validation Epoch: 51 accuracy: 0.59 
 precision: [0.         0.58279754 0.52595937 0.63414634 0.04166667] 
 recall: [0.         0.87176747 0.13383113 0.60090192 0.00154083] 
 f1: [0.         0.69857852 0.21336996 0.6170767  0.00297177] 
 f1_avg: 0.5177340433758288

--- 708.6157178878784 seconds ---

Train Epoch: 52 accuracy: 0.59 
 precision: [0.33333333 0.58931015 0.48871296 0.65866769 0.23278117] 
 recall: [0.00307692 0.80344941 0.25694679 0.65686024 0.04145963] 
 f1: [0.00609756 0.67991763 0.33681106 0.65776272 0.07038355] 
 f1_avg: 0.545120838501777


Validation Epoch: 52 accuracy: 0.59 
 precision: [0.         0.58252288 0.5199115  0.63387001 0.07692308] 
 recall: [0.         0.87048515 0.1349799  0.59921082 0.00308166] 
 f1: [0.         0.69796933 0.21431829 0.61605332 0.00592593] 
 f1_avg: 0.5176140694797432

--- 722.1351737976074 seconds ---

Train Epoch: 53 accuracy: 0.59 
 precision: [0.5        0.58925762 0.48706208 0.6584507  0.23677363] 
 recall: [0.00307692 0.8027686  0.25728428 0.65634971 0.0423913 ] 
 f1: [0.00611621 0.6796388  0.33670728 0.65739853 0.07190834] 
 f1_avg: 0.5450113765468326


Validation Epoch: 53 accuracy: 0.59 
 precision: [0.         0.58308244 0.52222222 0.63207547 0.07692308] 
 recall: [0.         0.86920282 0.1349799  0.6042841  0.00308166] 
 f1: [0.         0.69795778 0.21451392 0.61786744 0.00592593] 
 f1_avg: 0.5179971534652762

--- 735.640389919281 seconds ---

Train Epoch: 54 accuracy: 0.59 
 precision: [0.22222222 0.5898533  0.48989792 0.65935401 0.24031008] 
 recall: [0.00307692 0.80297032 0.25914051 0.6578813  0.04332298] 
 f1: [0.0060698  0.68010721 0.33897432 0.65861683 0.07341139] 
 f1_avg: 0.5461039428878903


Validation Epoch: 54 accuracy: 0.59 
 precision: [0.         0.5831899  0.5210643  0.63250883 0.07692308] 
 recall: [0.         0.8689891  0.1349799  0.6054115  0.00308166] 
 f1: [0.         0.69796584 0.21441606 0.61866359 0.00592593] 
 f1_avg: 0.518137027522252

--- 749.135927438736 seconds ---

Train Epoch: 55 accuracy: 0.59 
 precision: [0.14285714 0.59037887 0.4894537  0.65922324 0.23442907] 
 recall: [0.00153846 0.80271817 0.26105299 0.6574984  0.04208075] 
 f1: [0.00304414 0.68036588 0.3404989  0.65835969 0.07135334] 
 f1_avg: 0.5463297948988807


Validation Epoch: 55 accuracy: 0.59 
 precision: [0.         0.5839563  0.52317881 0.63099415 0.07407407] 
 recall: [0.         0.86813422 0.13612866 0.60822999 0.00308166] 
 f1: [0.         0.69823807 0.21604376 0.61940299 0.00591716] 
 f1_avg: 0.5187287422392869

New best val score, save model ...
--- 762.9714422225952 seconds ---

Train Epoch: 56 accuracy: 0.59 
 precision: [0.33333333 0.59084669 0.48883505 0.65952    0.23519313] 
 recall: [0.00461538 0.80307118 0.26105299 0.65762604 0.04254658] 
 f1: [0.0091047  0.68080331 0.34034908 0.65857166 0.07205786] 
 f1_avg: 0.5466600099910476


Validation Epoch: 56 accuracy: 0.59 
 precision: [0.         0.58431655 0.52380952 0.63188746 0.07142857] 
 recall: [0.         0.8679205  0.13900057 0.60766629 0.00308166] 
 f1: [0.         0.69842635 0.21970041 0.61954023 0.00590842] 
 f1_avg: 0.5195468603410895

New best val score, save model ...
--- 776.8217117786407 seconds ---

Train Epoch: 57 accuracy: 0.59 
 precision: [0.28571429 0.59076551 0.48811027 0.65865323 0.23986486] 
 recall: [0.00307692 0.80170957 0.26094049 0.65915763 0.04409938] 
 f1: [0.00608828 0.68025974 0.34007771 0.65890533 0.07450157] 
 f1_avg: 0.5465680323293478


Validation Epoch: 57 accuracy: 0.59 
 precision: [0.         0.58472622 0.52878465 0.63237873 0.07692308] 
 recall: [0.         0.86727933 0.14244687 0.60992108 0.00308166] 
 f1: [0.         0.69851106 0.22443439 0.62094692 0.00592593] 
 f1_avg: 0.5207650314263983

New best val score, save model ...
--- 790.6177794933319 seconds ---

Train Epoch: 58 accuracy: 0.59 
 precision: [0.22222222 0.59133507 0.4888309  0.66087068 0.24556962] 
 recall: [0.00307692 0.80188608 0.26341546 0.65973197 0.04518634] 
 f1: [0.0060698  0.68070078 0.34234959 0.66030083 0.07632787] 
 f1_avg: 0.5477089420049777


Validation Epoch: 58 accuracy: 0.59 
 precision: [0.         0.58459541 0.52310924 0.63040936 0.07407407] 
 recall: [0.         0.86621073 0.14302125 0.60766629 0.00308166] 
 f1: [0.         0.69807096 0.22462788 0.61882893 0.00591716] 
 f1_avg: 0.5201654738928824

--- 804.055189371109 seconds ---

Train Epoch: 59 accuracy: 0.59 
 precision: [0.27272727 0.5912349  0.48672013 0.65939533 0.24036851] 
 recall: [0.00461538 0.80075141 0.26285296 0.65973197 0.04456522] 
 f1: [0.00907716 0.68022534 0.34135651 0.65956361 0.07518994] 
 f1_avg: 0.547042629851311


Validation Epoch: 59 accuracy: 0.59 
 precision: [0.         0.5853905  0.52966102 0.63118092 0.07142857] 
 recall: [0.         0.86663817 0.14359563 0.61161218 0.00308166] 
 f1: [0.         0.69877649 0.22593764 0.62124248 0.00590842] 
 f1_avg: 0.521242910225497

New best val score, save model ...
--- 817.8641486167908 seconds ---

Train Epoch: 60 accuracy: 0.59 
 precision: [0.3        0.592007   0.48901385 0.6595704  0.24207012] 
 recall: [0.00461538 0.80155828 0.2641467  0.66037013 0.04503106] 
 f1: [0.00909091 0.68102746 0.34301158 0.65997002 0.07593611] 
 f1_avg: 0.5479456334344572


Validation Epoch: 60 accuracy: 0.59 
 precision: [0.         0.58536938 0.5257732  0.63111888 0.06896552] 
 recall: [0.         0.86535585 0.14646755 0.61048478 0.00308166] 
 f1: [0.         0.69834426 0.22911051 0.62063037 0.00589971] 
 f1_avg: 0.5215063250403004

New best val score, save model ...
--- 831.6904282569885 seconds ---

Train Epoch: 61 accuracy: 0.59 
 precision: [0.25       0.59252079 0.48845158 0.66133146 0.24214876] 
 recall: [0.00307692 0.80143221 0.26527168 0.66183791 0.04549689] 
 f1: [0.00607903 0.68132174 0.34381949 0.66158459 0.07660131] 
 f1_avg: 0.548614738164034


Validation Epoch: 61 accuracy: 0.59 
 precision: [0.         0.58527412 0.52892562 0.6301689  0.0625    ] 
 recall: [0.         0.86471468 0.14704193 0.60992108 0.00308166] 
 f1: [0.         0.69806763 0.23011236 0.61987969 0.00587372] 
 f1_avg: 0.5214080975388411

--- 845.1923303604126 seconds ---

Train Epoch: 62 accuracy: 0.59 
 precision: [0.28571429 0.59261815 0.4892049  0.66154826 0.24537409] 
 recall: [0.00307692 0.80120527 0.26510294 0.6626037  0.04736025] 
 f1: [0.00608828 0.68130407 0.343864   0.66207556 0.07939607] 
 f1_avg: 0.5489363013577067


Validation Epoch: 62 accuracy: 0.59 
 precision: [0.         0.58510484 0.5292887  0.62790698 0.0625    ] 
 recall: [0.         0.86471468 0.14531878 0.60879369 0.00308166] 
 f1: [0.         0.69794721 0.22803064 0.61820263 0.00587372] 
 f1_avg: 0.5206251916966235

--- 858.6383674144745 seconds ---

Train Epoch: 63 accuracy: 0.59 
 precision: [0.33333333 0.59302152 0.49038758 0.66101587 0.24554295] 
 recall: [0.00461538 0.80052447 0.26830915 0.66190172 0.04704969] 
 f1: [0.0091047  0.68132411 0.34684603 0.6614585  0.07896794] 
 f1_avg: 0.5494767594980694


Validation Epoch: 63 accuracy: 0.59 
 precision: [0.         0.58610184 0.52977413 0.63012118 0.08823529] 
 recall: [0.         0.86343236 0.1481907  0.61555806 0.0046225 ] 
 f1: [0.         0.69823712 0.23159785 0.62275449 0.00878477] 
 f1_avg: 0.5225413856818645

New best val score, save model ...
--- 872.4816520214081 seconds ---

Train Epoch: 64 accuracy: 0.59 
 precision: [0.22222222 0.59303652 0.48660302 0.65946221 0.24252223] 
 recall: [0.00307692 0.79969238 0.26662167 0.66202936 0.04658385] 
 f1: [0.0060698  0.68103245 0.34448926 0.66074329 0.07815553] 
 f1_avg: 0.5485804980925527


Validation Epoch: 64 accuracy: 0.59 
 precision: [0.         0.58601683 0.52965235 0.62941517 0.08333333] 
 recall: [0.         0.86343236 0.14876508 0.61273957 0.0046225 ] 
 f1: [0.         0.69817679 0.232287   0.62096544 0.00875912] 
 f1_avg: 0.5222929525315667

--- 885.9700276851654 seconds ---

Train Epoch: 65 accuracy: 0.59 
 precision: [0.4        0.59340618 0.48977505 0.66008534 0.24801902] 
 recall: [0.00615385 0.79966716 0.26943413 0.66139119 0.04860248] 
 f1: [0.01212121 0.68126698 0.34763045 0.66073762 0.08127759] 
 f1_avg: 0.5496914663584338


Validation Epoch: 65 accuracy: 0.59 
 precision: [0.         0.58638211 0.53169734 0.63084922 0.10526316] 
 recall: [0.         0.86321864 0.14933946 0.61555806 0.00616333] 
 f1: [0.         0.69836604 0.23318386 0.62310984 0.01164483] 
 f1_avg: 0.523180911522

New best val score, save model ...
--- 899.7640037536621 seconds ---

Train Epoch: 66 accuracy: 0.59 
 precision: [0.18181818 0.59325586 0.48947046 0.66112385 0.23483058] 
 recall: [0.00307692 0.7993898  0.26932163 0.6622208  0.04627329] 
 f1: [0.00605144 0.68106726 0.34746009 0.66167187 0.07731223] 
 f1_avg: 0.5493698575593462


Validation Epoch: 66 accuracy: 0.59 
 precision: [0.         0.58630217 0.52822581 0.62802768 0.12820513] 
 recall: [0.         0.86172259 0.15048823 0.61386697 0.00770416] 
 f1: [0.         0.69781931 0.23424229 0.62086659 0.01453488] 
 f1_avg: 0.5228727586973347

--- 913.2332274913788 seconds ---

Train Epoch: 67 accuracy: 0.59 
 precision: [0.3        0.59403047 0.49007432 0.66121436 0.24199844] 
 recall: [0.00461538 0.79941501 0.27078412 0.6629866  0.04813665] 
 f1: [0.00909091 0.68158658 0.34882794 0.66209929 0.08030048] 
 f1_avg: 0.5502780104083077


Validation Epoch: 67 accuracy: 0.59 
 precision: [0.         0.58660844 0.5331992  0.62888377 0.14634146] 
 recall: [0.         0.86129515 0.15221137 0.61612176 0.00924499] 
 f1: [0.         0.69789592 0.23681859 0.62243736 0.0173913 ] 
 f1_avg: 0.5239093899290759

New best val score, save model ...
--- 927.0744199752808 seconds ---

Train Epoch: 68 accuracy: 0.59 
 precision: [0.33333333 0.59429771 0.49077266 0.66227064 0.23460639] 
 recall: [0.00461538 0.79941501 0.2722466  0.6633695  0.04673913] 
 f1: [0.0091047  0.68176247 0.35021708 0.66281961 0.07794898] 
 f1_avg: 0.5506249575750193


Validation Epoch: 68 accuracy: 0.59 
 precision: [0.         0.58701678 0.53465347 0.6277205  0.15      ] 
 recall: [0.         0.86001282 0.15508329 0.61781285 0.00924499] 
 f1: [0.         0.69776314 0.24042743 0.62272727 0.01741655] 
 f1_avg: 0.5245862256665091

New best val score, save model ...
--- 940.9125761985779 seconds ---

Train Epoch: 69 accuracy: 0.59 
 precision: [0.25       0.59456114 0.49075015 0.66191718 0.24045802] 
 recall: [0.00307692 0.79936458 0.27157161 0.66407147 0.04891304] 
 f1: [0.00607903 0.68191742 0.34965238 0.66299258 0.08129032] 
 f1_avg: 0.5508539934476285


Validation Epoch: 69 accuracy: 0.59 
 precision: [0.         0.58688668 0.52837573 0.62880092 0.13953488] 
 recall: [0.         0.85894422 0.15508329 0.61781285 0.00924499] 
 f1: [0.         0.69731934 0.23978686 0.62325846 0.01734104] 
 f1_avg: 0.5243350023707002

--- 954.3312633037567 seconds ---

Train Epoch: 70 accuracy: 0.59 
 precision: [0.11111111 0.59490676 0.48949495 0.66257864 0.25230061] 
 recall: [0.00153846 0.79873421 0.27258409 0.66541161 0.05108696] 
 f1: [0.0030349  0.68191505 0.35016981 0.6639921  0.08496901] 
 f1_avg: 0.5514335619622962


Validation Epoch: 70 accuracy: 0.59 
 precision: [0.         0.58745247 0.52713178 0.62721555 0.14285714] 
 recall: [0.         0.85851678 0.15623205 0.61837655 0.00924499] 
 f1: [0.         0.69757749 0.24102791 0.62276469 0.01736614] 
 f1_avg: 0.5246092330077741

New best val score, save model ...
--- 968.1730432510376 seconds ---

Train Epoch: 71 accuracy: 0.59 
 precision: [0.3        0.59464437 0.49040598 0.6601029  0.24491334] 
 recall: [0.00461538 0.79790212 0.27314659 0.66317805 0.05046584] 
 f1: [0.00909091 0.68143937 0.35086705 0.6616369  0.0836874 ] 
 f1_avg: 0.5508388664777526


Validation Epoch: 71 accuracy: 0.59 
 precision: [0.         0.58801114 0.52941176 0.62728311 0.13953488] 
 recall: [0.         0.85744817 0.16025273 0.61950395 0.00924499] 
 f1: [0.         0.69761781 0.24603175 0.62336926 0.01734104] 
 f1_avg: 0.5256974947344696

New best val score, save model ...
--- 981.9989593029022 seconds ---

Train Epoch: 72 accuracy: 0.59 
 precision: [0.3        0.59477235 0.4880426  0.66161873 0.24654378] 
 recall: [0.00461538 0.79810384 0.27320283 0.66356094 0.04984472] 
 f1: [0.00909091 0.68159697 0.35030653 0.66258842 0.08292431] 
 f1_avg: 0.5509171877009377


Validation Epoch: 72 accuracy: 0.59 
 precision: [0.         0.58872743 0.53072626 0.62707025 0.13636364] 
 recall: [0.         0.85723445 0.16369902 0.61894025 0.00924499] 
 f1: [0.         0.69805082 0.25021949 0.62297872 0.01731602] 
 f1_avg: 0.5266383496823673

New best val score, save model ...
--- 995.7608914375305 seconds ---

Train Epoch: 73 accuracy: 0.59 
 precision: [0.22222222 0.59597651 0.49003904 0.66313519 0.24422188] 
 recall: [0.00307692 0.79853249 0.27534031 0.66707084 0.0492236 ] 
 f1: [0.0060698  0.68254362 0.3525768  0.66509719 0.08193332] 
 f1_avg: 0.5522747303525788


Validation Epoch: 73 accuracy: 0.59 
 precision: [0.         0.58933294 0.52788104 0.63005122 0.13636364] 
 recall: [0.         0.85723445 0.16312464 0.62401353 0.00924499] 
 f1: [0.         0.69847627 0.24923212 0.62701784 0.01731602] 
 f1_avg: 0.5274512350992719

New best val score, save model ...
--- 1009.5777037143707 seconds ---

Train Epoch: 74 accuracy: 0.59 
 precision: [0.22222222 0.59530532 0.48943627 0.66177871 0.24244713] 
 recall: [0.00307692 0.79742303 0.27494656 0.66528398 0.04984472] 
 f1: [0.0060698  0.68169816 0.35209797 0.66352672 0.08268934] 
 f1_avg: 0.5515043345913591


Validation Epoch: 74 accuracy: 0.59 
 precision: [0.         0.58887581 0.52459016 0.62713797 0.14893617] 
 recall: [0.         0.85531096 0.16542217 0.62006764 0.01078582] 
 f1: [0.         0.69751634 0.25152838 0.62358277 0.02011494] 
 f1_avg: 0.5269297515186887

--- 1023.0355541706085 seconds ---

Train Epoch: 75 accuracy: 0.59 
 precision: [0.27272727 0.5959518  0.48929176 0.66386501 0.253003  ] 
 recall: [0.00461538 0.79807862 0.27629655 0.6653478  0.05232919] 
 f1: [0.00907716 0.68236156 0.35316533 0.66460558 0.08672156] 
 f1_avg: 0.5526279907292331


Validation Epoch: 75 accuracy: 0.59 
 precision: [0.         0.58928309 0.53199269 0.62777462 0.16326531] 
 recall: [0.         0.85552468 0.16714532 0.62175874 0.01232666] 
 f1: [0.         0.69787308 0.25437063 0.62475219 0.02292264] 
 f1_avg: 0.5280789815546741

New best val score, save model ...
--- 1036.8695094585419 seconds ---

Train Epoch: 76 accuracy: 0.59 
 precision: [0.23076923 0.59628219 0.49051707 0.66224535 0.253109  ] 
 recall: [0.00461538 0.79749868 0.27640904 0.66592214 0.05372671] 
 f1: [0.00904977 0.68236589 0.35357605 0.66407866 0.0886384 ] 
 f1_avg: 0.5527719241389341


Validation Epoch: 76 accuracy: 0.59 
 precision: [0.         0.58911986 0.52813067 0.62585034 0.16666667] 
 recall: [0.         0.85402864 0.16714532 0.62232244 0.01232666] 
 f1: [0.         0.69726051 0.2539267  0.6240814  0.02295552] 
 f1_avg: 0.527553488865714

--- 1050.3574340343475 seconds ---

Train Epoch: 77 accuracy: 0.59 
 precision: [0.2        0.59640723 0.48970661 0.66342363 0.25313653] 
 recall: [0.00307692 0.79780126 0.27697154 0.66579451 0.05326087] 
 f1: [0.00606061 0.68255852 0.3538246  0.66460696 0.08800513] 
 f1_avg: 0.5529504258805413


Validation Epoch: 77 accuracy: 0.59 
 precision: [0.         0.58949388 0.5310219  0.62605753 0.16666667] 
 recall: [0.         0.85381492 0.16714532 0.62570462 0.01232666] 
 f1: [0.         0.69745112 0.2542595  0.62588103 0.02295552] 
 f1_avg: 0.5280632469376375

--- 1063.825166463852 seconds ---

Train Epoch: 78 accuracy: 0.59 
 precision: [0.27272727 0.59685292 0.48927507 0.66454366 0.25555556] 
 recall: [0.00461538 0.79860813 0.27714029 0.66585833 0.05357143] 
 f1: [0.00907716 0.68314568 0.35384947 0.66520034 0.0885751 ] 
 f1_avg: 0.5534324666388843


Validation Epoch: 78 accuracy: 0.59 
 precision: [0.         0.58942549 0.53090909 0.62605753 0.15384615] 
 recall: [0.         0.85296003 0.1677197  0.62570462 0.01232666] 
 f1: [0.         0.6971179  0.25491052 0.62588103 0.02282454] 
 f1_avg: 0.5280074271972349

--- 1077.4221982955933 seconds ---

Train Epoch: 79 accuracy: 0.59 
 precision: [0.2        0.59720097 0.48953603 0.66367969 0.24817518] 
 recall: [0.00461538 0.79729696 0.27894026 0.66643267 0.05279503] 
 f1: [0.00902256 0.68289312 0.35538197 0.66505334 0.08706786] 
 f1_avg: 0.5534970913943597


Validation Epoch: 79 accuracy: 0.59 
 precision: [0.         0.58965262 0.52994555 0.62521103 0.15384615] 
 recall: [0.         0.85253259 0.1677197  0.62626832 0.01232666] 
 f1: [0.         0.69713387 0.2547993  0.62573923 0.02282454] 
 f1_avg: 0.5279669334629692

--- 1090.929129600525 seconds ---

Train Epoch: 80 accuracy: 0.59 
 precision: [0.21428571 0.5971839  0.48998718 0.66459509 0.24945135] 
 recall: [0.00461538 0.79671701 0.27939026 0.66879387 0.05295031] 
 f1: [0.00903614 0.68266914 0.35586602 0.66668787 0.0873575 ] 
 f1_avg: 0.553836383711697


Validation Epoch: 80 accuracy: 0.59 
 precision: [0.         0.58947057 0.52941176 0.62372881 0.16981132] 
 recall: [0.         0.85189143 0.17059161 0.62232244 0.01386749] 
 f1: [0.         0.69679224 0.25803649 0.62302483 0.02564103] 
 f1_avg: 0.5280817016145554

New best val score, save model ...
--- 1104.7800250053406 seconds ---

Train Epoch: 81 accuracy: 0.59 
 precision: [0.28571429 0.59776526 0.4884088  0.66522925 0.25631769] 
 recall: [0.00615385 0.79722131 0.27849027 0.66943204 0.05512422] 
 f1: [0.01204819 0.68323411 0.35471968 0.66732402 0.09073482] 
 f1_avg: 0.5542815707503107


Validation Epoch: 81 accuracy: 0.59 
 precision: [0.         0.59004002 0.53169014 0.62563238 0.19230769] 
 recall: [0.         0.85082283 0.17346353 0.62739572 0.01540832] 
 f1: [0.         0.69683179 0.2615851  0.62651281 0.02853067] 
 f1_avg: 0.5296585110281413

New best val score, save model ...
--- 1118.597822189331 seconds ---

Train Epoch: 82 accuracy: 0.59 
 precision: [0.21428571 0.59798985 0.4895537  0.66516669 0.24818578] 
 recall: [0.00461538 0.79661615 0.28074024 0.66975112 0.05310559] 
 f1: [0.00903614 0.68315836 0.3568441  0.66745103 0.08749041] 
 f1_avg: 0.5544549199429594


Validation Epoch: 82 accuracy: 0.59 
 precision: [0.         0.58992593 0.52650177 0.62556306 0.18518519] 
 recall: [0.         0.85103655 0.171166   0.62626832 0.01540832] 
 f1: [0.         0.69682387 0.25834417 0.62591549 0.0284495 ] 
 f1_avg: 0.5289161541983062

--- 1132.0712454319 seconds ---

Train Epoch: 83 accuracy: 0.59 
 precision: [0.15384615 0.59824385 0.49101973 0.66613773 0.25268432] 
 recall: [0.00307692 0.79712045 0.28141523 0.66975112 0.05481366] 
 f1: [0.00603318 0.68350955 0.35777881 0.66793954 0.09008549] 
 f1_avg: 0.5551152970547457


Validation Epoch: 83 accuracy: 0.59 
 precision: [0.         0.58981591 0.52264808 0.62345679 0.18518519] 
 recall: [0.         0.84911306 0.17231476 0.62626832 0.01540832] 
 f1: [0.         0.69610162 0.25917927 0.62485939 0.0284495 ] 
 f1_avg: 0.5285009152871984

--- 1145.5579299926758 seconds ---

Train Epoch: 84 accuracy: 0.59 
 precision: [0.125      0.59866525 0.49102439 0.66370952 0.24182077] 
 recall: [0.00307692 0.7961875  0.28310271 0.66841098 0.05279503] 
 f1: [0.00600601 0.68344101 0.35914086 0.66605195 0.08666837] 
 f1_avg: 0.5547398987330505


Validation Epoch: 84 accuracy: 0.59 
 precision: [0.         0.58985765 0.52212389 0.62485939 0.1754386 ] 
 recall: [0.         0.85018166 0.16944285 0.62626832 0.01540832] 
 f1: [0.         0.69648954 0.25585429 0.62556306 0.02832861] 
 f1_avg: 0.5281944495257046

--- 1159.0041975975037 seconds ---

Train Epoch: 85 accuracy: 0.59 
 precision: [0.15789474 0.59843729 0.4906378  0.66426039 0.24875267] 
 recall: [0.00461538 0.79565798 0.28299021 0.66943204 0.05419255] 
 f1: [0.00896861 0.68309737 0.35894692 0.66683618 0.08899656] 
 f1_avg: 0.5548911729643571


Validation Epoch: 85 accuracy: 0.59 
 precision: [0.         0.59039548 0.52158895 0.62387892 0.17857143] 
 recall: [0.         0.84868562 0.17346353 0.62739572 0.01540832] 
 f1: [0.         0.69636125 0.26034483 0.62563238 0.02836879] 
 f1_avg: 0.5289996498119538

--- 1172.4739031791687 seconds ---

Train Epoch: 86 accuracy: 0.59 
 precision: [0.2        0.59916548 0.49051833 0.66692039 0.25408091] 
 recall: [0.00461538 0.79656572 0.28372145 0.67096362 0.05559006] 
 f1: [0.00902256 0.6839063  0.35950251 0.6689359  0.09122181] 
 f1_avg: 0.5560037713889454


Validation Epoch: 86 accuracy: 0.59 
 precision: [0.         0.5903221  0.52622378 0.62436833 0.18181818] 
 recall: [0.         0.84996794 0.17288914 0.62683202 0.01540832] 
 f1: [0.         0.69674142 0.26026805 0.62559775 0.02840909] 
 f1_avg: 0.5291756111685875

--- 1185.9811625480652 seconds ---

Train Epoch: 87 accuracy: 0.59 
 precision: [0.23076923 0.59919935 0.49038743 0.66548628 0.25141243] 
 recall: [0.00461538 0.79633879 0.28265272 0.67160179 0.0552795 ] 
 f1: [0.00904977 0.6838447  0.35860839 0.66853005 0.09063136] 
 f1_avg: 0.5556486052917712


Validation Epoch: 87 accuracy: 0.59 
 precision: [0.         0.59045637 0.52181501 0.62248322 0.17857143] 
 recall: [0.         0.84889934 0.17174038 0.62739572 0.01540832] 
 f1: [0.         0.69647554 0.25842697 0.62492981 0.02836879] 
 f1_avg: 0.5285569171492954

--- 1199.4502575397491 seconds ---

Train Epoch: 88 accuracy: 0.59 
 precision: [0.17647059 0.59985185 0.49095482 0.66609687 0.25857143] 
 recall: [0.00461538 0.79631357 0.28546518 0.67141034 0.05621118] 
 f1: [0.0089955  0.68426013 0.36101725 0.66874305 0.09234694] 
 f1_avg: 0.5565669810031085


Validation Epoch: 88 accuracy: 0.59 
 precision: [0.         0.59107862 0.51858108 0.6218628  0.17241379] 
 recall: [0.         0.84676213 0.17633544 0.62852311 0.01540832] 
 f1: [0.         0.69618696 0.26318045 0.62517522 0.02828854] 
 f1_avg: 0.529355783751907

--- 1212.9215281009674 seconds ---

Train Epoch: 89 accuracy: 0.59 
 precision: [0.17647059 0.6000038  0.48932677 0.66673001 0.25439213] 
 recall: [0.00461538 0.79606142 0.28495894 0.6716656  0.05621118] 
 f1: [0.0089955  0.68426585 0.36017205 0.66918871 0.09207682] 
 f1_avg: 0.5564478344632042


Validation Epoch: 89 accuracy: 0.59 
 precision: [0.         0.59069906 0.52405498 0.62061281 0.17241379] 
 recall: [0.         0.84697585 0.17518667 0.62795941 0.01540832] 
 f1: [0.         0.69599579 0.26259148 0.6242645  0.02828854] 
 f1_avg: 0.5289693437633883

--- 1226.5024409294128 seconds ---

Train Epoch: 90 accuracy: 0.59 
 precision: [0.17647059 0.60023934 0.491325   0.66757562 0.24827586] 
 recall: [0.00461538 0.79676744 0.28512769 0.67179324 0.05590062] 
 f1: [0.0089955  0.6846798  0.36084713 0.66967779 0.09125475] 
 f1_avg: 0.5568317419115797


Validation Epoch: 90 accuracy: 0.59 
 precision: [0.         0.59071226 0.52586207 0.61802101 0.17241379] 
 recall: [0.         0.8454798  0.17518667 0.63021421 0.01540832] 
 f1: [0.         0.6954993  0.26281775 0.62405805 0.02828854] 
 f1_avg: 0.528718456945148

--- 1239.9737861156464 seconds ---

Train Epoch: 91 accuracy: 0.59 
 precision: [0.13043478 0.59992011 0.49201433 0.6655914  0.2642026 ] 
 recall: [0.00461538 0.79525454 0.28591518 0.67153797 0.05993789] 
 f1: [0.0089153  0.68391322 0.36166352 0.66855146 0.09770915] 
 f1_avg: 0.5569312033772054


Validation Epoch: 91 accuracy: 0.59 
 precision: [0.         0.59030574 0.52777778 0.6179402  0.1754386 ] 
 recall: [0.         0.84590725 0.17461229 0.62908681 0.01540832] 
 f1: [0.         0.69536191 0.26240829 0.62346369 0.02832861] 
 f1_avg: 0.5284578708880961

--- 1253.4584107398987 seconds ---

Train Epoch: 92 accuracy: 0.59 
 precision: [0.11111111 0.6010271  0.49070059 0.66814636 0.260631  ] 
 recall: [0.00307692 0.79676744 0.28642142 0.67236758 0.05900621] 
 f1: [0.00598802 0.68519201 0.36171195 0.67025033 0.09622689] 
 f1_avg: 0.5577635208398979


Validation Epoch: 92 accuracy: 0.59 
 precision: [0.         0.59061103 0.52686308 0.61978877 0.17241379] 
 recall: [0.         0.84697585 0.17461229 0.62852311 0.01540832] 
 f1: [0.         0.69593467 0.26229508 0.62412538 0.02828854] 
 f1_avg: 0.5288547134812905

--- 1266.9323289394379 seconds ---

Train Epoch: 93 accuracy: 0.60 
 precision: [0.17647059 0.59907894 0.49928469 0.67118666 0.27265563] 
 recall: [0.00461538 0.80690386 0.27483406 0.67281429 0.05372671] 
 f1: [0.0089955  0.68763161 0.35452039 0.67199949 0.08976521] 
 f1_avg: 0.5572229964266308


Validation Epoch: 93 accuracy: 0.59 
 precision: [0.         0.59369689 0.51274788 0.60791557 0.16438356] 
 recall: [0.         0.82132934 0.20792648 0.64937993 0.01848998] 
 f1: [0.         0.68920373 0.2958725  0.62796402 0.033241  ] 
 f1_avg: 0.5328975685786919

New best val score, save model ...
--- 1280.7873282432556 seconds ---

Train Epoch: 94 accuracy: 0.60 
 precision: [0.35714286 0.60127697 0.49634748 0.66895596 0.27123483] 
 recall: [0.00769231 0.80022189 0.28282146 0.67753669 0.05900621] 
 f1: [0.01506024 0.68662916 0.36032679 0.67321898 0.09692641] 
 f1_avg: 0.5588769209761365


Validation Epoch: 94 accuracy: 0.59 
 precision: [0.         0.59449428 0.51332398 0.60922587 0.17073171] 
 recall: [0.         0.82154306 0.21022401 0.64768884 0.02157165] 
 f1: [0.         0.68981606 0.29828851 0.62786885 0.03830369] 
 f1_avg: 0.5340111579705021

New best val score, save model ...
--- 1294.593822002411 seconds ---

Train Epoch: 95 accuracy: 0.60 
 precision: [0.1875     0.60167094 0.49633467 0.66881476 0.27179135] 
 recall: [0.00461538 0.79898636 0.28563393 0.67555839 0.06149068] 
 f1: [0.00900901 0.6864304  0.36259774 0.67216966 0.10029125] 
 f1_avg: 0.5592981755728661


Validation Epoch: 95 accuracy: 0.59 
 precision: [0.         0.5951348  0.51523546 0.61078794 0.15      ] 
 recall: [0.         0.8209019  0.2136703  0.65107103 0.01848998] 
 f1: [0.         0.69002066 0.30207065 0.63028649 0.03292181] 
 f1_avg: 0.5349225220278987

New best val score, save model ...
--- 1308.4549968242645 seconds ---

Train Epoch: 96 accuracy: 0.60 
 precision: [0.38461538 0.60230339 0.4961602  0.66932473 0.27198917] 
 recall: [0.00769231 0.79911243 0.28709641 0.67492023 0.06242236] 
 f1: [0.01508296 0.68688839 0.36372706 0.67211083 0.10154079] 
 f1_avg: 0.5599130859716437


Validation Epoch: 96 accuracy: 0.59 
 precision: [0.         0.59458204 0.51317614 0.60966543 0.15662651] 
 recall: [0.         0.8209019  0.21252154 0.64712514 0.02003082] 
 f1: [0.         0.68964898 0.30056864 0.62783702 0.03551913] 
 f1_avg: 0.534155906132241

--- 1321.9730803966522 seconds ---

Train Epoch: 97 accuracy: 0.60 
 precision: [0.33333333 0.60270399 0.49612478 0.66893896 0.26484323] 
 recall: [0.00923077 0.79807862 0.28805265 0.67632419 0.06164596] 
 f1: [0.01796407 0.68676633 0.36448399 0.6726113  0.1000126 ] 
 f1_avg: 0.560018943306763


Validation Epoch: 97 accuracy: 0.59 
 precision: [0.         0.59498374 0.51472651 0.61005291 0.15294118] 
 recall: [0.         0.82132934 0.21079839 0.64994363 0.02003082] 
 f1: [0.         0.69007003 0.2991035  0.62936681 0.03542234] 
 f1_avg: 0.5343821947583354

--- 1335.4774465560913 seconds ---

Train Epoch: 98 accuracy: 0.60 
 precision: [0.1875     0.60246081 0.49501114 0.66904161 0.27090301] 
 recall: [0.00461538 0.79757432 0.28743391 0.6771538  0.0628882 ] 
 f1: [0.00900901 0.68642174 0.36368812 0.67307326 0.1020794 ] 
 f1_avg: 0.5598557589404077


Validation Epoch: 98 accuracy: 0.59 
 precision: [0.         0.59485431 0.51388889 0.61025912 0.1547619 ] 
 recall: [0.         0.82026074 0.21252154 0.65050733 0.02003082] 
 f1: [0.         0.68960561 0.30069078 0.62974079 0.03547067] 
 f1_avg: 0.53452266904279

--- 1349.013040304184 seconds ---

Train Epoch: 99 accuracy: 0.60 
 precision: [0.23529412 0.60301881 0.49507912 0.66956577 0.26928281] 
 recall: [0.00615385 0.79782647 0.28861514 0.67798341 0.06180124] 
 f1: [0.011994   0.68687724 0.3646507  0.6737483  0.10053044] 
 f1_avg: 0.5603261027586887


Validation Epoch: 99 accuracy: 0.59 
 precision: [0.         0.59466584 0.51182197 0.60697306 0.13953488] 
 recall: [0.         0.81961958 0.21137277 0.64768884 0.01848998] 
 f1: [0.         0.68925234 0.29918699 0.6266703  0.03265306] 
 f1_avg: 0.5332605955637314

--- 1362.5798544883728 seconds ---

Train Epoch: 100 accuracy: 0.60 
 precision: [0.33333333 0.60254554 0.49541196 0.67020604 0.26291694] 
 recall: [0.00461538 0.79739782 0.28850264 0.67670708 0.06242236] 
 f1: [0.0091047  0.68641134 0.3646511  0.67344087 0.10089095] 
 f1_avg: 0.5600412580348447


Validation Epoch: 100 accuracy: 0.59 
 precision: [0.         0.5955335  0.51523546 0.60984648 0.14772727] 
 recall: [0.         0.82068818 0.2136703  0.64937993 0.02003082] 
 f1: [0.         0.690213   0.30207065 0.62899263 0.03527815] 
 f1_avg: 0.5349371565946996

New best val score, save model ...
--- 1376.447471857071 seconds ---

Train Epoch: 101 accuracy: 0.60 
 precision: [0.25       0.60329333 0.49466295 0.6690203  0.27007299] 
 recall: [0.00769231 0.79724653 0.28934638 0.67721761 0.06319876] 
 f1: [0.01492537 0.68684016 0.36512049 0.673094   0.10242859] 
 f1_avg: 0.5604602490833744


Validation Epoch: 101 accuracy: 0.59 
 precision: [0.         0.59512725 0.5132128  0.60812236 0.13636364] 
 recall: [0.         0.81961958 0.21194716 0.64994363 0.01848998] 
 f1: [0.         0.68956217 0.3        0.62833787 0.03256445] 
 f1_avg: 0.5338908191409583

Early stopping!

Test Epoch: accuracy: 0.57 
 precision: [0.         0.55569969 0.38414634 0.69927536 0.13793103] 
 recall: [0.         0.79310345 0.17403315 0.62691415 0.01171303] 
 f1: [0.         0.65350877 0.23954373 0.66112063 0.02159244] 
 f1_avg: 0.5230925644462645

--- 1390.795914888382 seconds ---

Test Epoch: accuracy: 0.59 
 precision: [0.         0.5955335  0.51523546 0.60984648 0.14772727] 
 recall: [0.         0.82068818 0.2136703  0.64937993 0.02003082] 
 f1: [0.         0.690213   0.30207065 0.62899263 0.03527815] 
 f1_avg: 0.5349371565946996

--- 1391.1824295520782 seconds ---
