Requirement already satisfied: scikit-learn in /net/cephfs/data/zifjia/condaenvs/audio_clf/lib/python3.8/site-packages (1.1.2)
Requirement already satisfied: threadpoolctl>=2.0.0 in /net/cephfs/data/zifjia/condaenvs/audio_clf/lib/python3.8/site-packages (from scikit-learn) (3.1.0)
Requirement already satisfied: scipy>=1.3.2 in /net/cephfs/data/zifjia/condaenvs/audio_clf/lib/python3.8/site-packages (from scikit-learn) (1.9.1)
Requirement already satisfied: numpy>=1.17.3 in /net/cephfs/data/zifjia/condaenvs/audio_clf/lib/python3.8/site-packages (from scikit-learn) (1.22.3)
Requirement already satisfied: joblib>=1.0.0 in /net/cephfs/data/zifjia/condaenvs/audio_clf/lib/python3.8/site-packages (from scikit-learn) (1.1.0)
Requirement already satisfied: tensorboard in /net/cephfs/data/zifjia/condaenvs/audio_clf/lib/python3.8/site-packages (2.10.1)
Requirement already satisfied: wheel>=0.26 in /net/cephfs/data/zifjia/condaenvs/audio_clf/lib/python3.8/site-packages (from tensorboard) (0.37.1)
Requirement already satisfied: grpcio>=1.24.3 in /net/cephfs/home/zifjia/.local/lib/python3.8/site-packages (from tensorboard) (1.47.0)
Requirement already satisfied: absl-py>=0.4 in /net/cephfs/home/zifjia/.local/lib/python3.8/site-packages (from tensorboard) (1.2.0)
Requirement already satisfied: werkzeug>=1.0.1 in /net/cephfs/data/zifjia/condaenvs/audio_clf/lib/python3.8/site-packages (from tensorboard) (2.1.2)
Requirement already satisfied: google-auth<3,>=1.6.3 in /net/cephfs/home/zifjia/.local/lib/python3.8/site-packages (from tensorboard) (2.9.1)
Requirement already satisfied: tensorboard-plugin-wit>=1.6.0 in /net/cephfs/home/zifjia/.local/lib/python3.8/site-packages (from tensorboard) (1.8.1)
Requirement already satisfied: tensorboard-data-server<0.7.0,>=0.6.0 in /net/cephfs/home/zifjia/.local/lib/python3.8/site-packages (from tensorboard) (0.6.1)
Requirement already satisfied: google-auth-oauthlib<0.5,>=0.4.1 in /net/cephfs/home/zifjia/.local/lib/python3.8/site-packages (from tensorboard) (0.4.6)
Requirement already satisfied: markdown>=2.6.8 in /net/cephfs/home/zifjia/.local/lib/python3.8/site-packages (from tensorboard) (3.4.1)
Requirement already satisfied: protobuf<3.20,>=3.9.2 in /net/cephfs/home/zifjia/.local/lib/python3.8/site-packages (from tensorboard) (3.19.4)
Requirement already satisfied: setuptools>=41.0.0 in /net/cephfs/data/zifjia/condaenvs/audio_clf/lib/python3.8/site-packages (from tensorboard) (60.8.1)
Requirement already satisfied: requests<3,>=2.21.0 in /net/cephfs/data/zifjia/condaenvs/audio_clf/lib/python3.8/site-packages (from tensorboard) (2.28.1)
Requirement already satisfied: numpy>=1.12.0 in /net/cephfs/data/zifjia/condaenvs/audio_clf/lib/python3.8/site-packages (from tensorboard) (1.22.3)
Requirement already satisfied: six>=1.9.0 in /net/cephfs/data/zifjia/condaenvs/audio_clf/lib/python3.8/site-packages (from google-auth<3,>=1.6.3->tensorboard) (1.16.0)
Requirement already satisfied: rsa<5,>=3.1.4 in /net/cephfs/home/zifjia/.local/lib/python3.8/site-packages (from google-auth<3,>=1.6.3->tensorboard) (4.9)
Requirement already satisfied: pyasn1-modules>=0.2.1 in /net/cephfs/home/zifjia/.local/lib/python3.8/site-packages (from google-auth<3,>=1.6.3->tensorboard) (0.2.8)
Requirement already satisfied: cachetools<6.0,>=2.0.0 in /net/cephfs/home/zifjia/.local/lib/python3.8/site-packages (from google-auth<3,>=1.6.3->tensorboard) (5.2.0)
Requirement already satisfied: requests-oauthlib>=0.7.0 in /net/cephfs/home/zifjia/.local/lib/python3.8/site-packages (from google-auth-oauthlib<0.5,>=0.4.1->tensorboard) (1.3.1)
Requirement already satisfied: importlib-metadata>=4.4 in /net/cephfs/home/zifjia/.local/lib/python3.8/site-packages (from markdown>=2.6.8->tensorboard) (4.12.0)
Requirement already satisfied: idna<4,>=2.5 in /net/cephfs/data/zifjia/condaenvs/audio_clf/lib/python3.8/site-packages (from requests<3,>=2.21.0->tensorboard) (3.4)
Requirement already satisfied: certifi>=2017.4.17 in /net/cephfs/data/zifjia/condaenvs/audio_clf/lib/python3.8/site-packages (from requests<3,>=2.21.0->tensorboard) (2022.9.14)
Requirement already satisfied: urllib3<1.27,>=1.21.1 in /net/cephfs/data/zifjia/condaenvs/audio_clf/lib/python3.8/site-packages (from requests<3,>=2.21.0->tensorboard) (1.26.12)
Requirement already satisfied: charset-normalizer<3,>=2 in /net/cephfs/data/zifjia/condaenvs/audio_clf/lib/python3.8/site-packages (from requests<3,>=2.21.0->tensorboard) (2.1.1)
Requirement already satisfied: zipp>=0.5 in /net/cephfs/data/zifjia/condaenvs/audio_clf/lib/python3.8/site-packages (from importlib-metadata>=4.4->markdown>=2.6.8->tensorboard) (3.8.0)
Requirement already satisfied: pyasn1<0.5.0,>=0.4.6 in /net/cephfs/home/zifjia/.local/lib/python3.8/site-packages (from pyasn1-modules>=0.2.1->google-auth<3,>=1.6.3->tensorboard) (0.4.8)
Requirement already satisfied: oauthlib>=3.0.0 in /net/cephfs/home/zifjia/.local/lib/python3.8/site-packages (from requests-oauthlib>=0.7.0->google-auth-oauthlib<0.5,>=0.4.1->tensorboard) (3.2.0)
Requirement already satisfied: torch in /net/cephfs/data/zifjia/condaenvs/audio_clf/lib/python3.8/site-packages (1.12.1)
Requirement already satisfied: torchvision in /net/cephfs/data/zifjia/condaenvs/audio_clf/lib/python3.8/site-packages (0.13.1)
Requirement already satisfied: torchaudio in /net/cephfs/data/zifjia/condaenvs/audio_clf/lib/python3.8/site-packages (0.12.1)
Requirement already satisfied: typing-extensions in /net/cephfs/data/zifjia/condaenvs/audio_clf/lib/python3.8/site-packages (from torch) (4.0.1)
Requirement already satisfied: numpy in /net/cephfs/data/zifjia/condaenvs/audio_clf/lib/python3.8/site-packages (from torchvision) (1.22.3)
Requirement already satisfied: pillow!=8.3.*,>=5.3.0 in /net/cephfs/data/zifjia/condaenvs/audio_clf/lib/python3.8/site-packages (from torchvision) (9.0.1)
Requirement already satisfied: requests in /net/cephfs/data/zifjia/condaenvs/audio_clf/lib/python3.8/site-packages (from torchvision) (2.28.1)
Requirement already satisfied: urllib3<1.27,>=1.21.1 in /net/cephfs/data/zifjia/condaenvs/audio_clf/lib/python3.8/site-packages (from requests->torchvision) (1.26.12)
Requirement already satisfied: certifi>=2017.4.17 in /net/cephfs/data/zifjia/condaenvs/audio_clf/lib/python3.8/site-packages (from requests->torchvision) (2022.9.14)
Requirement already satisfied: idna<4,>=2.5 in /net/cephfs/data/zifjia/condaenvs/audio_clf/lib/python3.8/site-packages (from requests->torchvision) (3.4)
Requirement already satisfied: charset-normalizer<3,>=2 in /net/cephfs/data/zifjia/condaenvs/audio_clf/lib/python3.8/site-packages (from requests->torchvision) (2.1.1)
{'name': 'chimp_wav2vec2_transformer_3407', 'data_path': '/home/cluster/zifjia/data/data_chimp/wav2vec2_split_3407', 'test_only': False, 'balance_weights': True, 'model_type': 'transformer', 'n_embedding': 768, 'd_hid': 1024, 'nlayers': 2, 'nhead': 8, 'batch_size': 1, 'n_epoch': 200, 'lr': 0.0001, 'dropout': 0.4, 'patience': 10, 'step_factor': 0.7, 'seed': 3407}
cuda
Reading data ...
train, dev, test number of files: 188, 23, 24.
dev files:  ['ASO4445 KT MS group ph drum traveling, 2_20 KT whimper, MS single ph drum, KT bark_01', 'ASO0481 Sonso KT single ph, KZ single ph feeding_02', 'ASO2186 ZL single ph start_01', 'ASO0662 Sonso KT single ph feeding_01', 'ASO2904 PS single ph_01', 'ASO1433 Sonso FK single ph, inf voc_01', 'ASO4255 PS display drum, SM single ph B-U_01', 'ASO2877 FK single ph, KO pg-whimper, unk MB group ph_01', 'ASO1581 HW single ph drum, MS NB unk group ph other party, HW single ph B-U, KT HW group ph_01', 'ASO3737 HW single ph drum resting-traveling, 1_15 JN single ph feeding, HW single ph_01', 'ASO3150 KT single ph_01', 'ASO3574 KT single ph feeding_01', 'ASO3484 Thermal Camera HW ZL groom, 3_40 HW single ph, 4_10 FK single ph 50m, 15_30 HW ZL KT group ph, 16_50 HW ZL group ph _01', 'ASO0107 Sonso Thermal Camera KZ single ph 2_50 with reply ZD, KZ SQ group ph 3_34_01', 'ASO1051 Sonso ZD single ph_01', 'ASO3015 PS single ph feeding_01', 'ASO4271 SM PS IN group ph drum, 1_50 SM PS group ph drum, 4_00 PS group ph, 6_40 FK MB PS KT unk group ph, 9_00 SM display drum, 11_00 PS single ph feeding, FK single ph feeding, 17_05 unk single ph_01', 'ASO1487 ZL single ph start, DL unk group ph, PS single ph start_01', 'ASO1231 Sonso KZ single ph drum traveling_01', 'ASO3870 FK scream, MS FK group ph drum, FK MS group fg, FK MS group ph drum, MS FK fg, MS single ph intro, FK MS group ph. FK fg, 3_19 MS FK group ph feeding, 4_24 FK single ph_01', 'ASO1731 ZL single ph, unk fg, JN stranger F MB group ph_01', 'ASO0412 Sonso PS single ph, SQ single ph, PS single ph 1_25_01', 'ASO1265 Sonso HW single ph start_01']
test files:  ['ASO2103 DL single ph, KL KO group ph, DL single ph, KT single ph, KT DL MS group ph_01', 'ASO3799 KT single ph_01', 'ASO3006 ZL single ph drum traveling_01', 'ASO2392 group ph, 1_30 pg to ph, 1_45 NB group ph, 2_30 SM PS MB group ph, MB fg, 3_40 PS unk group ph, SM single ph, unk display to DL, 5_46 DL single ph intro_01', 'ASO0376 Sonso MS single ph _01', 'ASO3995 PS MB group ph feeding, 1_40 PS single ph feeding, MB fg, 2_50 ML MB group ph-bark_01', 'ASO1920 SM single ph feeding_01', 'ASO3819 KT single ph feeding_01', 'ASO3149 KT single ph rest_01', 'ASO1577 HW single ph_01', 'ASO4443 MS single ph display drum to KT, 1_30 MS display (ph), KT single ph_01', 'ASO3080 HW single ph drum traveling, 2_00 HW single ph drum traveling-resting, 5_20 HW single ph drum traveling-resting_03', 'ASO2585 MS single ph drum_01', 'ASO2544 HW single ph drum traveling_01', 'ASO3174 PS single ph feeding_01', 'ASO1624_02 HW single ph_01', 'ASO3856 MS single ph feeding_01', 'ASO3152 KT single ph resting_01', 'ASO3512 PS single ph_01', 'ASO0020 Sonso SQ single ph, PS single ph other party 2_01', 'ASO0480 Sonso KZ KT group ph, KZ KT group ph, KT single ph feeding_01', 'ASO3901 Thermal Camera MS KT HW groom, 4_30 unk pg 30m, 7_00 rest hoo, 10_25 HW single ph groom, 12_50 JS single ph drum 50m, HW single ph B-U, 20_15 KT HW group ph_01', 'ASO2125 KL OK KC JS group ph, FK single ph, OK KL KC KO group ph, PS single ph, PS single ph feeding_02', 'ASO3885 unk KJ group ph-pg, group ph,KC pg-ph start, KC scream, KL pg pant to HW, 1_30 infant single ph, group ph, group ph (video), 4_00 group bark, 4_20 KT single ph feeding, 5_30 unk group ph, KC single ph, 6_40 unk group pg-ph start, ,,,_01']
train_data_all: (80197, 769)
Labels in train_data_all:  {0.0: 650, 1.0: 39659, 2.0: 17778, 3.0: 15670, 4.0: 6440}
--- 1.9581294059753418 seconds ---
Transformer(
  (pos_encoder): PositionalEncoding(
    (dropout): Dropout(p=0.4, inplace=False)
  )
  (transformer_encoder): TransformerEncoder(
    (layers): ModuleList(
      (0): TransformerEncoderLayer(
        (self_attn): MultiheadAttention(
          (out_proj): NonDynamicallyQuantizableLinear(in_features=768, out_features=768, bias=True)
        )
        (linear1): Linear(in_features=768, out_features=1024, bias=True)
        (dropout): Dropout(p=0.4, inplace=False)
        (linear2): Linear(in_features=1024, out_features=768, bias=True)
        (norm1): LayerNorm((768,), eps=1e-05, elementwise_affine=True)
        (norm2): LayerNorm((768,), eps=1e-05, elementwise_affine=True)
        (dropout1): Dropout(p=0.4, inplace=False)
        (dropout2): Dropout(p=0.4, inplace=False)
      )
      (1): TransformerEncoderLayer(
        (self_attn): MultiheadAttention(
          (out_proj): NonDynamicallyQuantizableLinear(in_features=768, out_features=768, bias=True)
        )
        (linear1): Linear(in_features=768, out_features=1024, bias=True)
        (dropout): Dropout(p=0.4, inplace=False)
        (linear2): Linear(in_features=1024, out_features=768, bias=True)
        (norm1): LayerNorm((768,), eps=1e-05, elementwise_affine=True)
        (norm2): LayerNorm((768,), eps=1e-05, elementwise_affine=True)
        (dropout1): Dropout(p=0.4, inplace=False)
        (dropout2): Dropout(p=0.4, inplace=False)
      )
    )
  )
  (decoder): Linear(in_features=768, out_features=5, bias=True)
)
Number of parameters: 7884037

Train Epoch: 1 accuracy: 0.36 
 precision: [0.01590534 0.63868446 0.31322979 0.4965415  0.13167035] 
 recall: [0.25230769 0.31730503 0.31988975 0.51308232 0.32375776] 
 f1: [0.02992428 0.42397493 0.31652474 0.50467642 0.18720539] 
 f1_avg: 0.3937171170869741


Validation Epoch: 1 accuracy: 0.53 
 precision: [0.23913043 0.84255898 0.44259819 0.59810671 0.22158796] 
 recall: [0.03594771 0.39687968 0.67317634 0.78354002 0.65793529] 
 f1: [0.0625     0.53959029 0.53406243 0.6783797  0.33152174] 
 f1_avg: 0.5347331807215877

New best val score, save model ...
--- 10.300492286682129 seconds ---

Train Epoch: 2 accuracy: 0.42 
 precision: [0.02074008 0.67295799 0.34491302 0.55020515 0.16219963] 
 recall: [0.21384615 0.37040773 0.36803915 0.6161455  0.38152174] 
 f1: [0.03781284 0.47781681 0.35610101 0.58131134 0.22762646] 
 f1_avg: 0.4474000530338199


Validation Epoch: 2 accuracy: 0.55 
 precision: [0.23404255 0.83803987 0.45276362 0.59614579 0.23690205] 
 recall: [0.03594771 0.43128874 0.66341183 0.80214205 0.64098613] 
 f1: [0.06232295 0.56949344 0.53821062 0.6839702  0.34594595] 
 f1_avg: 0.5529169713689749

New best val score, save model ...
--- 15.761559009552002 seconds ---

Train Epoch: 3 accuracy: 0.46 
 precision: [0.03363444 0.70885426 0.36911873 0.57467859 0.1879007 ] 
 recall: [0.26923077 0.41745884 0.3962763  0.65609445 0.42779503] 
 f1: [0.05979839 0.52546219 0.38221571 0.61269368 0.26111269] 
 f1_avg: 0.48574984943586574


Validation Epoch: 3 accuracy: 0.57 
 precision: [0.24444444 0.84860401 0.46754314 0.58959772 0.25270108] 
 recall: [0.03594771 0.46120966 0.65364733 0.81792559 0.64869029] 
 f1: [0.06267806 0.59761839 0.5451497  0.68524203 0.3637149 ] 
 f1_avg: 0.5701401124668953

New best val score, save model ...
--- 21.20498490333557 seconds ---

Train Epoch: 4 accuracy: 0.48 
 precision: [0.03400373 0.72596235 0.38194298 0.58303043 0.19648928] 
 recall: [0.25230769 0.43178093 0.40690741 0.6858328  0.43975155] 
 f1: [0.05993057 0.54149604 0.39403018 0.63026713 0.27161559] 
 f1_avg: 0.5005761456102297


Validation Epoch: 4 accuracy: 0.57 
 precision: [0.17460317 0.85615118 0.47747748 0.58994815 0.26042296] 
 recall: [0.03594771 0.47446035 0.63928777 0.83370913 0.66409861] 
 f1: [0.0596206  0.61056106 0.54666012 0.69096006 0.37413194] 
 f1_avg: 0.5787921216068371

New best val score, save model ...
--- 26.68713092803955 seconds ---

Train Epoch: 5 accuracy: 0.48 
 precision: [0.02651646 0.73716998 0.39725134 0.58732198 0.20504984] 
 recall: [0.23538462 0.43861419 0.41135111 0.70006382 0.43757764] 
 f1: [0.04766355 0.54998735 0.4041783  0.63875626 0.27924491] 
 f1_avg: 0.5091968438722904


Validation Epoch: 5 accuracy: 0.57 
 precision: [0.2037037  0.86219081 0.47687609 0.57827103 0.25651659] 
 recall: [0.03594771 0.46933105 0.62780011 0.83709132 0.66718028] 
 f1: [0.06111111 0.60780515 0.54202827 0.68401658 0.37056055] 
 f1_avg: 0.5749514387003163

--- 32.07190537452698 seconds ---

Train Epoch: 6 accuracy: 0.50 
 precision: [0.03194949 0.75233273 0.41170032 0.59652118 0.21613546] 
 recall: [0.25692308 0.45336494 0.42316346 0.71346522 0.47173913] 
 f1: [0.05683172 0.56578243 0.41735319 0.64977333 0.29644809] 
 f1_avg: 0.5235368546010611


Validation Epoch: 6 accuracy: 0.57 
 precision: [0.23404255 0.86548323 0.48389943 0.57050551 0.25943679] 
 recall: [0.03594771 0.46890361 0.63009765 0.84611048 0.66718028] 
 f1: [0.06232295 0.60826171 0.54740519 0.6814983  0.37359793] 
 f1_avg: 0.5759758278507271

--- 37.48787021636963 seconds ---

Train Epoch: 7 accuracy: 0.51 
 precision: [0.03279678 0.76498972 0.42140198 0.59548483 0.22195139] 
 recall: [0.25076923 0.45971911 0.43925076 0.71876197 0.48074534] 
 f1: [0.05800712 0.57430857 0.43014129 0.65134166 0.30369317] 
 f1_avg: 0.5314858162699305


Validation Epoch: 7 accuracy: 0.57 
 precision: [0.19298246 0.86778471 0.48960217 0.55510505 0.26512789] 
 recall: [0.03594771 0.47552896 0.62205629 0.84892897 0.65485362] 
 f1: [0.06060606 0.6143863  0.54793827 0.67127257 0.37744227] 
 f1_avg: 0.5774420235559895

--- 42.88211393356323 seconds ---

Train Epoch: 8 accuracy: 0.51 
 precision: [0.02417582 0.76538801 0.42571634 0.5984456  0.22687274] 
 recall: [0.20307692 0.45934088 0.43373833 0.73707722 0.47639752] 
 f1: [0.04320786 0.57412543 0.42968989 0.6605662  0.30736863] 
 f1_avg: 0.5332728025694446


Validation Epoch: 8 accuracy: 0.59 
 precision: [0.25581395 0.86224306 0.49267643 0.56760829 0.28070175] 
 recall: [0.03594771 0.51100663 0.63756462 0.84949267 0.61633282] 
 f1: [0.06303725 0.64170692 0.55583375 0.68051479 0.38572806] 
 f1_avg: 0.5953780090218264

New best val score, save model ...
--- 48.33876824378967 seconds ---

Train Epoch: 9 accuracy: 0.52 
 precision: [0.03783075 0.77433628 0.43253599 0.60067358 0.22165357] 
 recall: [0.26615385 0.47215008 0.44448194 0.73982131 0.47748447] 
 f1: [0.06624545 0.58661362 0.43842761 0.66302545 0.30276178] 
 f1_avg: 0.5416827276573442


Validation Epoch: 9 accuracy: 0.59 
 precision: [0.18965517 0.8652351  0.47596567 0.59243028 0.27483871] 
 recall: [0.03594771 0.4994657  0.63699024 0.83821871 0.65639445] 
 f1: [0.06043956 0.63333333 0.54482928 0.69421102 0.38744884] 
 f1_avg: 0.5916923808066004

--- 53.73487067222595 seconds ---

Train Epoch: 10 accuracy: 0.53 
 precision: [0.0400949  0.77844117 0.43411898 0.60640946 0.22532506] 
 recall: [0.26       0.48326988 0.45275059 0.74626675 0.47360248] 
 f1: [0.06947585 0.59632856 0.44323908 0.66910797 0.30536644] 
 f1_avg: 0.5489773909819138


Validation Epoch: 10 accuracy: 0.59 
 precision: [0.17460317 0.86537077 0.49597496 0.58740712 0.27260726] 
 recall: [0.03594771 0.513785   0.63699024 0.84667418 0.63636364] 
 f1: [0.0596206  0.64476331 0.55770681 0.69360425 0.38170055] 
 f1_avg: 0.5994356310381487

New best val score, save model ...
--- 59.18591523170471 seconds ---

Train Epoch: 11 accuracy: 0.52 
 precision: [0.02787968 0.78004073 0.43715939 0.60934358 0.22765674] 
 recall: [0.23384615 0.47320911 0.43767578 0.75411615 0.47701863] 
 f1: [0.04981973 0.58906431 0.43741743 0.67404386 0.30821712] 
 f1_avg: 0.5451285855322539


Validation Epoch: 11 accuracy: 0.60 
 precision: [0.22916667 0.85684503 0.49412788 0.62489344 0.27629911] 
 recall: [0.03594771 0.52703569 0.65249856 0.82638106 0.67180277] 
 f1: [0.06214689 0.65263994 0.56237624 0.71165049 0.39155815] 
 f1_avg: 0.6086354183144267

New best val score, save model ...
--- 64.64761781692505 seconds ---

Train Epoch: 12 accuracy: 0.52 
 precision: [0.02508332 0.7807662  0.44093613 0.61611474 0.23092937] 
 recall: [0.22       0.47431857 0.44616942 0.74562859 0.48229814] 
 f1: [0.04503228 0.59013051 0.44353734 0.67471271 0.31231775] 
 f1_avg: 0.547433669324229


Validation Epoch: 12 accuracy: 0.61 
 precision: [0.24444444 0.85978745 0.49112938 0.62714041 0.27922078] 
 recall: [0.03594771 0.53601197 0.65192418 0.82581736 0.66255778] 
 f1: [0.06267806 0.66034755 0.56021718 0.71289538 0.39287346] 
 f1_avg: 0.612518860853734

New best val score, save model ...
--- 70.12992787361145 seconds ---

Train Epoch: 13 accuracy: 0.53 
 precision: [0.03210273 0.78849781 0.45033408 0.62225623 0.23647639] 
 recall: [0.24615385 0.49539827 0.45494431 0.75258456 0.49145963] 
 f1: [0.05679801 0.60849232 0.45262746 0.68124314 0.31930993] 
 f1_avg: 0.5604618929989074


Validation Epoch: 13 accuracy: 0.61 
 precision: [0.22       0.85752242 0.49083937 0.62784701 0.29420085] 
 recall: [0.03594771 0.55182731 0.66168868 0.82356257 0.64098613] 
 f1: [0.06179775 0.67152146 0.56360078 0.71250914 0.40329617] 
 f1_avg: 0.6195123408279628

New best val score, save model ...
--- 75.57589888572693 seconds ---

Train Epoch: 14 accuracy: 0.54 
 precision: [0.05345329 0.79133748 0.45078343 0.61604393 0.23826926] 
 recall: [0.31076923 0.49754154 0.46445044 0.76598596 0.50621118] 
 f1: [0.09121698 0.61095458 0.45751489 0.68288104 0.32402346] 
 f1_avg: 0.5637404803008654


Validation Epoch: 14 accuracy: 0.60 
 precision: [0.18032787 0.86609989 0.49344406 0.60752249 0.28935336] 
 recall: [0.03594771 0.52254755 0.64847789 0.83765502 0.6825886 ] 
 f1: [0.0599455  0.65182618 0.56043683 0.7042654  0.40642202] 
 f1_avg: 0.6073989790946237

--- 80.95016598701477 seconds ---

Train Epoch: 15 accuracy: 0.55 
 precision: [0.05379658 0.79467681 0.45487699 0.62105538 0.24819729] 
 recall: [0.29538462 0.50591291 0.47007537 0.75858328 0.53447205] 
 f1: [0.09101683 0.6182384  0.46235131 0.68296467 0.33897971] 
 f1_avg: 0.5696303485450445


Validation Epoch: 15 accuracy: 0.62 
 precision: [0.19642857 0.85801282 0.49158957 0.63358111 0.31116208] 
 recall: [0.03594771 0.5721308  0.67145319 0.8167982  0.62711864] 
 f1: [0.06077348 0.68649827 0.5676135  0.71361734 0.41594277] 
 f1_avg: 0.6290131377607627

New best val score, save model ...
--- 86.41778182983398 seconds ---

Train Epoch: 16 accuracy: 0.54 
 precision: [0.04574659 0.79546555 0.450415   0.62421842 0.2415045 ] 
 recall: [0.27384615 0.49718853 0.47007537 0.76451819 0.51645963] 
 f1: [0.07839683 0.61191367 0.46003523 0.68728128 0.32911142] 
 f1_avg: 0.5659379220199412


Validation Epoch: 16 accuracy: 0.62 
 precision: [0.16176471 0.85927647 0.48830409 0.63228895 0.30523256] 
 recall: [0.03594771 0.55332336 0.67145319 0.81905299 0.64714946] 
 f1: [0.05882353 0.67316693 0.56541717 0.71365422 0.41481481] 
 f1_avg: 0.6216391684217049

--- 91.79338955879211 seconds ---

Train Epoch: 17 accuracy: 0.55 
 precision: [0.04122957 0.79917242 0.45798431 0.62449705 0.2467357 ] 
 recall: [0.26       0.50160115 0.48284396 0.76266752 0.51055901] 
 f1: [0.07117288 0.61634986 0.4700857  0.68670095 0.3326925 ] 
 f1_avg: 0.5704753151324976


Validation Epoch: 17 accuracy: 0.62 
 precision: [0.18333333 0.87133494 0.49727692 0.62740077 0.29931507] 
 recall: [0.03594771 0.53985894 0.68179207 0.82863585 0.67334361] 
 f1: [0.06010929 0.66666667 0.5750969  0.71411222 0.41441441] 
 f1_avg: 0.6202601930860964

--- 97.15355134010315 seconds ---

Train Epoch: 18 accuracy: 0.55 
 precision: [0.04915475 0.80222402 0.45975429 0.62556958 0.24419201] 
 recall: [0.29076923 0.50023954 0.4883564  0.7622208  0.5173913 ] 
 f1: [0.08409344 0.61622327 0.47362392 0.68716739 0.33178989] 
 f1_avg: 0.5713204385940421


Validation Epoch: 18 accuracy: 0.62 
 precision: [0.18032787 0.86730013 0.48525253 0.65256935 0.3061674 ] 
 recall: [0.03594771 0.56571917 0.68983343 0.80890643 0.64252696] 
 f1: [0.0599455  0.68477558 0.56973435 0.72237604 0.41471905] 
 f1_avg: 0.6301195218198733

New best val score, save model ...
--- 102.60437536239624 seconds ---

Train Epoch: 19 accuracy: 0.55 
 precision: [0.04062352 0.80510004 0.46162922 0.6345573  0.24270478] 
 recall: [0.26461538 0.50631635 0.48419395 0.76426292 0.50885093] 
 f1: [0.07043407 0.62167183 0.47264242 0.69339664 0.32865309] 
 f1_avg: 0.574651834865467


Validation Epoch: 19 accuracy: 0.63 
 precision: [0.21568627 0.86699029 0.49637217 0.64935641 0.30453258] 
 recall: [0.03594771 0.57255824 0.66800689 0.82468997 0.66255778] 
 f1: [0.06162465 0.68966405 0.56953967 0.72659548 0.41727317] 
 f1_avg: 0.633638043398142

New best val score, save model ...
--- 108.0844578742981 seconds ---

Train Epoch: 20 accuracy: 0.56 
 precision: [0.06348189 0.80582793 0.46442698 0.63114154 0.24304389] 
 recall: [0.30461538 0.51390605 0.49533131 0.77058073 0.51677019] 
 f1: [0.10506766 0.62758079 0.47938158 0.69392564 0.3306015 ] 
 f1_avg: 0.579608398954086


Validation Epoch: 20 accuracy: 0.62 
 precision: [0.24444444 0.86472322 0.48629321 0.6538994  0.30431602] 
 recall: [0.03594771 0.56422312 0.70304423 0.79875986 0.64098613] 
 f1: [0.06267806 0.68287636 0.5749178  0.71910683 0.41269841] 
 f1_avg: 0.6294487526211019

--- 113.4442708492279 seconds ---

Train Epoch: 21 accuracy: 0.55 
 precision: [0.04328358 0.80449724 0.46004274 0.63507557 0.24693878] 
 recall: [0.26769231 0.51060289 0.48441894 0.77230377 0.50729814] 
 f1: [0.0745182  0.62471078 0.47191627 0.69699937 0.33218099] 
 f1_avg: 0.57701403789744


Validation Epoch: 21 accuracy: 0.64 
 precision: [0.25581395 0.86761006 0.49212272 0.64635231 0.32227488] 
 recall: [0.03594771 0.58965591 0.68179207 0.81905299 0.62865948] 
 f1: [0.06303725 0.70212495 0.57163496 0.72252611 0.42610966] 
 f1_avg: 0.6402945679890525

New best val score, save model ...
--- 118.88109397888184 seconds ---

Train Epoch: 22 accuracy: 0.56 
 precision: [0.05517241 0.81419001 0.46274489 0.63155433 0.24894882] 
 recall: [0.27076923 0.50868655 0.49955001 0.77555839 0.53322981] 
 f1: [0.09166667 0.62616199 0.4804436  0.69618767 0.33942868] 
 f1_avg: 0.580184413839642


Validation Epoch: 22 accuracy: 0.63 
 precision: [0.15714286 0.86890046 0.49749373 0.66511194 0.31220177] 
 recall: [0.03594771 0.57084847 0.6840896  0.80383315 0.70570108] 
 f1: [0.05851064 0.6890236  0.57605804 0.72792241 0.43289225] 
 f1_avg: 0.6358120200157442

--- 124.25364756584167 seconds ---

Train Epoch: 23 accuracy: 0.56 
 precision: [0.03783133 0.81108846 0.46703354 0.63829562 0.26251816] 
 recall: [0.24153846 0.5116367  0.50123748 0.76860243 0.53322981] 
 f1: [0.06541667 0.62746614 0.48353139 0.69741452 0.35182624] 
 f1_avg: 0.5825363536846182


Validation Epoch: 23 accuracy: 0.62 
 precision: [0.23913043 0.8717516  0.48026316 0.65451231 0.30983847] 
 recall: [0.03594771 0.55204103 0.71280873 0.80947012 0.65023112] 
 f1: [0.0625     0.67600105 0.57387283 0.72379032 0.4196917 ] 
 f1_avg: 0.6271319753088442

--- 129.65144395828247 seconds ---

Train Epoch: 24 accuracy: 0.57 
 precision: [0.07016913 0.81116455 0.46595073 0.63677294 0.26227167] 
 recall: [0.3        0.51882297 0.51496231 0.77619655 0.54177019] 
 f1: [0.11373578 0.63286428 0.48923208 0.69960599 0.35344173] 
 f1_avg: 0.5874191240671433


Validation Epoch: 24 accuracy: 0.62 
 precision: [0.21568627 0.86708861 0.48425668 0.64719306 0.30444126] 
 recall: [0.03594771 0.55631545 0.69787478 0.79932356 0.65485362] 
 f1: [0.06162465 0.67777633 0.57176471 0.71525851 0.41564792] 
 f1_avg: 0.6256682753295425

--- 135.01212906837463 seconds ---

Train Epoch: 25 accuracy: 0.57 
 precision: [0.04368297 0.81524869 0.47098398 0.64331688 0.25803952] 
 recall: [0.25692308 0.52116796 0.5158623  0.76541161 0.51708075] 
 f1: [0.07467024 0.63585184 0.49240268 0.69907326 0.34427501] 
 f1_avg: 0.5884425591092193


Validation Epoch: 25 accuracy: 0.63 
 precision: [0.23404255 0.87433155 0.48764221 0.65793103 0.31096681] 
 recall: [0.03594771 0.55909382 0.7139575  0.80665163 0.66409861] 
 f1: [0.06232295 0.68204928 0.57948718 0.72474044 0.42358722] 
 f1_avg: 0.6317481927539004

--- 140.37650203704834 seconds ---

Train Epoch: 26 accuracy: 0.56 
 precision: [0.06381067 0.81310359 0.46664976 0.63549578 0.26260488] 
 recall: [0.32769231 0.5116367  0.51749353 0.76892151 0.53944099] 
 f1: [0.10682046 0.62806822 0.49075827 0.69587063 0.35324623] 
 f1_avg: 0.584584086271609


Validation Epoch: 26 accuracy: 0.63 
 precision: [0.17741935 0.87887989 0.4924     0.6558649  0.30656425] 
 recall: [0.03594771 0.55674289 0.70706491 0.81003382 0.67642527] 
 f1: [0.05978261 0.6816695  0.58052346 0.72484237 0.42191254] 
 f1_avg: 0.6315671688348574

--- 145.7360758781433 seconds ---

Train Epoch: 27 accuracy: 0.56 
 precision: [0.04141414 0.81657799 0.47233131 0.6349081  0.26901787] 
 recall: [0.25230769 0.51468771 0.52092474 0.7693044  0.52826087] 
 f1: [0.07114967 0.63140312 0.49543935 0.69567476 0.35649167] 
 f1_avg: 0.5872041850941186


Validation Epoch: 27 accuracy: 0.62 
 precision: [0.26190476 0.87577213 0.50360322 0.65079365 0.2962963 ] 
 recall: [0.03594771 0.54541569 0.68236646 0.83201804 0.71494607] 
 f1: [0.06321839 0.67219808 0.5795122  0.73033152 0.41896163] 
 f1_avg: 0.627500772981138

--- 151.1290090084076 seconds ---

Train Epoch: 28 accuracy: 0.57 
 precision: [0.0546476  0.81950632 0.472865   0.63558526 0.26449219] 
 recall: [0.32923077 0.514839   0.51265609 0.77689853 0.53136646] 
 f1: [0.09373631 0.63239075 0.49195725 0.69917298 0.35318402] 
 f1_avg: 0.5875216644836504


Validation Epoch: 28 accuracy: 0.64 
 precision: [0.25581395 0.87791451 0.50805085 0.64986619 0.32062147] 
 recall: [0.03594771 0.57939731 0.68868466 0.82130778 0.69953775] 
 f1: [0.06303725 0.69808163 0.58473543 0.72559761 0.43970944] 
 f1_avg: 0.6422799546514784

New best val score, save model ...
--- 156.58084201812744 seconds ---

Train Epoch: 29 accuracy: 0.57 
 precision: [0.06510417 0.82192214 0.47554614 0.6447571  0.26203956] 
 recall: [0.30769231 0.52487456 0.51794353 0.77498405 0.55341615] 
 f1: [0.1074691  0.64064015 0.49584018 0.70389799 0.35567087] 
 f1_avg: 0.5936961615272758


Validation Epoch: 29 accuracy: 0.64 
 precision: [0.23913043 0.87012156 0.52017937 0.6443956  0.30978261] 
 recall: [0.03594771 0.5813208  0.66628374 0.82638106 0.70261941] 
 f1: [0.0625     0.69698911 0.58423571 0.72412941 0.42998586] 
 f1_avg: 0.6406337102121754

--- 161.940593957901 seconds ---

Train Epoch: 30 accuracy: 0.56 
 precision: [0.05671233 0.81511865 0.47184446 0.6364591  0.25969787] 
 recall: [0.31846154 0.51360347 0.51327483 0.77358009 0.53121118] 
 f1: [0.09627907 0.63015097 0.49168844 0.69835234 0.34885025] 
 f1_avg: 0.5858667133066701


Validation Epoch: 30 accuracy: 0.63 
 precision: [0.28205128 0.86660238 0.49427637 0.65807639 0.30942029] 
 recall: [0.03594771 0.57619149 0.69442849 0.80608794 0.65793529] 
 f1: [0.06376812 0.69216945 0.57750179 0.72460096 0.42089699] 
 f1_avg: 0.6363765183158271

--- 167.29974627494812 seconds ---

Train Epoch: 31 accuracy: 0.57 
 precision: [0.05659824 0.81753856 0.47444885 0.64143363 0.26481425] 
 recall: [0.29692308 0.51857082 0.52536843 0.77434588 0.53571429] 
 f1: [0.09507389 0.63460619 0.498612   0.70165091 0.35442778] 
 f1_avg: 0.5906873522650186


Validation Epoch: 31 accuracy: 0.63 
 precision: [0.26829268 0.8811545  0.49153876 0.66605081 0.30336307] 
 recall: [0.03594771 0.55460568 0.71740379 0.81285231 0.68104777] 
 f1: [0.06340058 0.68074502 0.58337226 0.73216552 0.41975309] 
 f1_avg: 0.6330242644802455

--- 172.65546798706055 seconds ---

Train Epoch: 32 accuracy: 0.58 
 precision: [0.06193201 0.82434247 0.47856673 0.64112563 0.26554788] 
 recall: [0.28307692 0.52633702 0.53189335 0.776388   0.54301242] 
 f1: [0.10162938 0.64246472 0.50382289 0.7023033  0.35667296] 
 f1_avg: 0.5960895963811426


Validation Epoch: 32 accuracy: 0.63 
 precision: [0.26190476 0.87338501 0.50534874 0.66101695 0.30918846] 
 recall: [0.03594771 0.57790126 0.67834578 0.81341601 0.71032357] 
 f1: [0.06321839 0.6955627  0.57920549 0.72934041 0.43084112] 
 f1_avg: 0.6400421076234385

--- 178.05322813987732 seconds ---

Train Epoch: 33 accuracy: 0.58 
 precision: [0.07611453 0.81832691 0.48097672 0.64287604 0.26823477] 
 recall: [0.32307692 0.53006884 0.5240747  0.77543076 0.5613354 ] 
 f1: [0.12320329 0.64338618 0.50160166 0.70295913 0.36300648] 
 f1_avg: 0.5968644726469119


Validation Epoch: 33 accuracy: 0.63 
 precision: [0.275      0.87582563 0.5006135  0.66199095 0.31136045] 
 recall: [0.03594771 0.56678778 0.70304423 0.82468997 0.68412943] 
 f1: [0.06358382 0.68820553 0.5848065  0.73443775 0.42795181] 
 f1_avg: 0.6381409680000214

--- 183.42224383354187 seconds ---

Train Epoch: 34 accuracy: 0.58 
 precision: [0.06701366 0.82232642 0.47780222 0.64309245 0.26897779] 
 recall: [0.31692308 0.52621095 0.53757453 0.77236758 0.53975155] 
 f1: [0.11063373 0.64175777 0.50592906 0.70182662 0.35903527] 
 f1_avg: 0.5963764279452481


Validation Epoch: 34 accuracy: 0.64 
 precision: [0.28205128 0.86722377 0.51123596 0.66129032 0.32473118] 
 recall: [0.03594771 0.59884591 0.67949454 0.80890643 0.69799692] 
 f1: [0.06376812 0.70847029 0.58347719 0.72768763 0.44324853] 
 f1_avg: 0.648034262411324

New best val score, save model ...
--- 188.86398839950562 seconds ---

Train Epoch: 35 accuracy: 0.58 
 precision: [0.06985897 0.82461042 0.48224807 0.64338118 0.26949269] 
 recall: [0.32769231 0.52837943 0.53864327 0.77230377 0.54689441] 
 f1: [0.11516626 0.64406571 0.508888   0.70197216 0.36106412] 
 f1_avg: 0.5984017827137661


Validation Epoch: 35 accuracy: 0.62 
 precision: [0.2972973  0.87713895 0.49369149 0.66697164 0.30122818] 
 recall: [0.03594771 0.54776662 0.69672602 0.82187148 0.71802773] 
 f1: [0.06413994 0.67438495 0.57789424 0.73636364 0.42440801] 
 f1_avg: 0.6298981043033396

--- 194.21986651420593 seconds ---

Train Epoch: 36 accuracy: 0.58 
 precision: [0.06085842 0.82190104 0.47993678 0.64425889 0.27174565] 
 recall: [0.29230769 0.52479891 0.52947463 0.77306956 0.56273292] 
 f1: [0.10074231 0.64057739 0.50349014 0.7028109  0.36650485] 
 f1_avg: 0.5959640264040694


Validation Epoch: 36 accuracy: 0.64 
 precision: [0.31428571 0.87524366 0.51446373 0.64106916 0.30865922] 
 recall: [0.03594771 0.57576405 0.66398621 0.85174746 0.68104777] 
 f1: [0.06451613 0.69459843 0.57973922 0.731542   0.42479577] 
 f1_avg: 0.6396919791347957

--- 199.5830957889557 seconds ---

Train Epoch: 37 accuracy: 0.58 
 precision: [0.06819763 0.82302009 0.4846775  0.63872298 0.26664122] 
 recall: [0.30153846 0.5392723  0.52666217 0.77115507 0.5423913 ] 
 f1: [0.11123723 0.6515957  0.50479836 0.69871925 0.35752303] 
 f1_avg: 0.6002671220788024


Validation Epoch: 37 accuracy: 0.64 
 precision: [0.31428571 0.87317692 0.50715215 0.64680105 0.3238512 ] 
 recall: [0.03594771 0.5885873  0.67202757 0.83201804 0.68412943] 
 f1: [0.06451613 0.70317886 0.57806324 0.72781065 0.43960396] 
 f1_avg: 0.644088204499051

--- 204.94446921348572 seconds ---

Train Epoch: 38 accuracy: 0.58 
 precision: [0.07558579 0.82260372 0.48001417 0.64058951 0.2761487 ] 
 recall: [0.30769231 0.53644822 0.53363708 0.77389917 0.55714286] 
 f1: [0.12135922 0.6494002  0.50540728 0.7009624  0.36926877] 
 f1_avg: 0.6007799336861107


Validation Epoch: 38 accuracy: 0.64 
 precision: [0.2972973  0.87250483 0.5062635  0.65347405 0.31968948] 
 recall: [0.03594771 0.57918359 0.67317634 0.83765502 0.69799692] 
 f1: [0.06413994 0.69621066 0.57790927 0.73418972 0.43852856] 
 f1_avg: 0.6416432560880154

--- 210.30986762046814 seconds ---

Train Epoch: 39 accuracy: 0.57 
 precision: [0.04929577 0.82705276 0.48410113 0.64397546 0.27258639] 
 recall: [0.29076923 0.52573186 0.52666217 0.77696235 0.54627329] 
 f1: [0.08429973 0.64283402 0.50448557 0.70424572 0.36369275] 
 f1_avg: 0.5972219095262556


Validation Epoch: 39 accuracy: 0.62 
 precision: [0.18644068 0.87538514 0.48876404 0.67362077 0.29802632] 
 recall: [0.03594771 0.54648429 0.69959793 0.81905299 0.69799692] 
 f1: [0.06027397 0.67289474 0.57547838 0.7392521  0.41770401] 
 f1_avg: 0.6286314681759153

--- 215.70028066635132 seconds ---

Train Epoch: 40 accuracy: 0.58 
 precision: [0.06076017 0.82484661 0.47801396 0.65052307 0.26862302] 
 recall: [0.34923077 0.53221211 0.5160873  0.78174856 0.53586957] 
 f1: [0.10351117 0.64697769 0.49632154 0.71012434 0.35785762] 
 f1_avg: 0.5982970210909236


Validation Epoch: 40 accuracy: 0.64 
 precision: [0.2972973  0.87641175 0.51114024 0.66836028 0.31173829] 
 recall: [0.03594771 0.58046591 0.67202757 0.8156708  0.74884438] 
 f1: [0.06413994 0.69838005 0.58064516 0.73470424 0.44021739] 
 f1_avg: 0.643492916453446

--- 221.05498814582825 seconds ---

Train Epoch: 41 accuracy: 0.59 
 precision: [0.07022849 0.82475013 0.49009901 0.6464006  0.27923372] 
 recall: [0.32153846 0.54514738 0.52902464 0.77415444 0.56583851] 
 f1: [0.11527854 0.65641462 0.50881844 0.70453292 0.37393535] 
 f1_avg: 0.606027992779365


Validation Epoch: 41 accuracy: 0.63 
 precision: [0.2244898  0.87086201 0.49466776 0.66275924 0.31299354] 
 recall: [0.03594771 0.56785638 0.69270534 0.82863585 0.67180277] 
 f1: [0.06197183 0.68745149 0.57717157 0.73647295 0.42703232] 
 f1_avg: 0.6365779408558784

--- 226.41069340705872 seconds ---

Train Epoch: 42 accuracy: 0.58 
 precision: [0.07201777 0.82246081 0.48269879 0.64344349 0.27904239] 
 recall: [0.34923077 0.53311985 0.53200585 0.78034461 0.55201863] 
 f1: [0.11941084 0.64691124 0.50615434 0.70531234 0.37069864] 
 f1_avg: 0.6006636819818751


Validation Epoch: 42 accuracy: 0.63 
 precision: [0.19298246 0.88070404 0.50248531 0.64956897 0.31857814] 
 recall: [0.03594771 0.57747382 0.63871338 0.84949267 0.73189522] 
 f1: [0.06060606 0.69756035 0.56246839 0.73619932 0.44392523] 
 f1_avg: 0.6400494958298595

--- 231.76556277275085 seconds ---

Train Epoch: 43 accuracy: 0.58 
 precision: [0.05012061 0.82308863 0.48396607 0.64689296 0.28168017] 
 recall: [0.28769231 0.53178345 0.52632467 0.77594129 0.5560559 ] 
 f1: [0.08536864 0.64611991 0.50425738 0.7055649  0.3739362 ] 
 f1_avg: 0.5998852584464276


Validation Epoch: 43 accuracy: 0.64 
 precision: [0.21568627 0.86910828 0.50940919 0.65720621 0.32299013] 
 recall: [0.03594771 0.58324428 0.66858128 0.83540023 0.70570108] 
 f1: [0.06162465 0.69804323 0.57824143 0.73566642 0.44315433] 
 f1_avg: 0.6431740216606575

--- 237.13132071495056 seconds ---

Train Epoch: 44 accuracy: 0.59 
 precision: [0.07989691 0.82343536 0.491352   0.64958995 0.27863754] 
 recall: [0.33384615 0.54539953 0.53211835 0.77843012 0.57034161] 
 f1: [0.12893642 0.65618032 0.51092328 0.70819786 0.3743757 ] 
 f1_avg: 0.6072408958636861


Validation Epoch: 44 accuracy: 0.64 
 precision: [0.45833333 0.87536325 0.51140351 0.66560799 0.31606218] 
 recall: [0.03594771 0.57939731 0.66973004 0.82694476 0.75192604] 
 f1: [0.06666667 0.69727366 0.57995524 0.73755656 0.44505244] 
 f1_avg: 0.6437763584977136

--- 242.51197600364685 seconds ---

Train Epoch: 45 accuracy: 0.59 
 precision: [0.09389671 0.82758228 0.48972764 0.64519714 0.28377173] 
 recall: [0.33846154 0.55031645 0.52694341 0.77798341 0.59301242] 
 f1: [0.14700969 0.66105314 0.50765437 0.70539563 0.38385767] 
 f1_avg: 0.6092863234380219


Validation Epoch: 45 accuracy: 0.64 
 precision: [0.28947368 0.88065574 0.5095057  0.66440217 0.32032301] 
 recall: [0.03594771 0.57405429 0.69270534 0.82694476 0.73343606] 
 f1: [0.06395349 0.69504464 0.58714703 0.73681567 0.44590164] 
 f1_avg: 0.6438307757491194

--- 247.8876075744629 seconds ---

Train Epoch: 46 accuracy: 0.59 
 precision: [0.06169926 0.82617165 0.49669114 0.65141355 0.27856432] 
 recall: [0.28153846 0.54539953 0.540387   0.77492023 0.56521739] 
 f1: [0.10121681 0.65704739 0.51761853 0.70781965 0.37319936] 
 f1_avg: 0.608760843884619


Validation Epoch: 46 accuracy: 0.63 
 precision: [0.20754717 0.87145682 0.49769005 0.65413534 0.3084507 ] 
 recall: [0.03594771 0.56507801 0.68064331 0.83370913 0.67488444] 
 f1: [0.06128134 0.68559575 0.57496361 0.7330855  0.42339294] 
 f1_avg: 0.634270623765991

--- 253.24610590934753 seconds ---

Train Epoch: 47 accuracy: 0.59 
 precision: [0.08670096 0.82549472 0.49289149 0.6490359  0.27821177] 
 recall: [0.36307692 0.55011473 0.5362808  0.77760051 0.55854037] 
 f1: [0.13997628 0.66024089 0.51367151 0.70752526 0.37141825] 
 f1_avg: 0.6095787176501137


Validation Epoch: 47 accuracy: 0.65 
 precision: [0.20754717 0.86569873 0.52175884 0.65098039 0.3382467 ] 
 recall: [0.03594771 0.61166916 0.6611143  0.8421646  0.67180277] 
 f1: [0.06128134 0.71684408 0.58322777 0.73433276 0.4499484 ] 
 f1_avg: 0.653949931550185

New best val score, save model ...
--- 258.69397473335266 seconds ---

Train Epoch: 48 accuracy: 0.59 
 precision: [0.08053221 0.8265167  0.49378276 0.65044177 0.28457571] 
 recall: [0.35384615 0.55031645 0.54055574 0.77517549 0.56552795] 
 f1: [0.13120365 0.66071293 0.51611171 0.70735187 0.37862564] 
 f1_avg: 0.6108268824112275


Validation Epoch: 48 accuracy: 0.64 
 precision: [0.21153846 0.87120253 0.51473823 0.65086957 0.32184751] 
 recall: [0.03594771 0.58837358 0.67202757 0.84385569 0.67642527] 
 f1: [0.06145251 0.70238551 0.58295964 0.73490427 0.43616493] 
 f1_avg: 0.6456432630099164

--- 264.04872703552246 seconds ---

Train Epoch: 49 accuracy: 0.60 
 precision: [0.09594384 0.82637617 0.49584087 0.65261419 0.29319536] 
 recall: [0.37846154 0.55757836 0.5398245  0.78142948 0.58074534] 
 f1: [0.15308027 0.66587371 0.51689872 0.71123631 0.38966451] 
 f1_avg: 0.6153762044769175


Validation Epoch: 49 accuracy: 0.64 
 precision: [0.2037037  0.86689851 0.50432152 0.66055456 0.31476122] 
 recall: [0.03594771 0.58602265 0.67030442 0.83258174 0.67026194] 
 f1: [0.06111111 0.6993114  0.5755857  0.73665835 0.42836041] 
 f1_avg: 0.6424429519989957

--- 269.4063220024109 seconds ---

Train Epoch: 50 accuracy: 0.59 
 precision: [0.0818676  0.83085818 0.49571148 0.65270553 0.28549897] 
 recall: [0.39384615 0.55440127 0.53965575 0.77670708 0.55885093] 
 f1: [0.13555732 0.6650434  0.51675105 0.70932774 0.37792712] 
 f1_avg: 0.6134753812868345


Validation Epoch: 50 accuracy: 0.63 
 precision: [0.18333333 0.87442623 0.51428571 0.6504386  0.30809743] 
 recall: [0.03594771 0.56999359 0.66168868 0.83596392 0.7211094 ] 
 f1: [0.06010929 0.69012809 0.57874906 0.73162309 0.43173432] 
 f1_avg: 0.637577856788986

--- 274.7630841732025 seconds ---

Train Epoch: 51 accuracy: 0.59 
 precision: [0.06628242 0.82767554 0.49364396 0.65209931 0.28579392] 
 recall: [0.35384615 0.54776974 0.53515581 0.77606892 0.55729814] 
 f1: [0.11165049 0.65924195 0.51356239 0.70870363 0.37782925] 
 f1_avg: 0.6095760156760716


Validation Epoch: 51 accuracy: 0.64 
 precision: [0.28947368 0.86502494 0.50606586 0.66054635 0.31938326] 
 recall: [0.03594771 0.59307544 0.67087881 0.83145434 0.67026194] 
 f1: [0.06395349 0.70368962 0.57693258 0.73621163 0.43262059] 
 f1_avg: 0.6452490202657128

--- 280.1257891654968 seconds ---

Train Epoch: 52 accuracy: 0.60 
 precision: [0.08258929 0.82366667 0.49321574 0.6514454  0.2874398 ] 
 recall: [0.34153846 0.56075544 0.5316121  0.77657945 0.56537267] 
 f1: [0.13301378 0.66724673 0.51169464 0.70852984 0.38111687] 
 f1_avg: 0.6135236939966656


Validation Epoch: 52 accuracy: 0.64 
 precision: [0.18333333 0.86737566 0.51641925 0.66202873 0.32061069] 
 recall: [0.03594771 0.592648   0.65939115 0.83145434 0.71186441] 
 f1: [0.06010929 0.70416455 0.57921292 0.73713143 0.44210526] 
 f1_avg: 0.6466484361088675

--- 285.48919677734375 seconds ---

Train Epoch: 53 accuracy: 0.60 
 precision: [0.08005521 0.82661977 0.49997375 0.65285057 0.29373306] 
 recall: [0.35692308 0.56297436 0.5357183  0.77900447 0.57204969] 
 f1: [0.1307779  0.66978656 0.51722921 0.71037011 0.3881572 ] 
 f1_avg: 0.616913395608805


Validation Epoch: 53 accuracy: 0.64 
 precision: [0.20754717 0.87245547 0.50891692 0.65562337 0.32082414] 
 recall: [0.03594771 0.58623638 0.67202757 0.84780158 0.67180277] 
 f1: [0.06128134 0.7012655  0.57920792 0.7394297  0.43426295] 
 f1_avg: 0.6450933744110785

--- 290.8616216182709 seconds ---

Train Epoch: 54 accuracy: 0.59 
 precision: [0.07590133 0.83086132 0.49345892 0.65447458 0.2871052 ] 
 recall: [0.36923077 0.55651933 0.53043087 0.78219528 0.56319876] 
 f1: [0.12591815 0.666566   0.51127738 0.71265771 0.38032821] 
 f1_avg: 0.6137802782483528


Validation Epoch: 54 accuracy: 0.64 
 precision: [0.25581395 0.87031791 0.51998183 0.65342645 0.31754875] 
 recall: [0.03594771 0.59093823 0.65766801 0.84385569 0.70261941] 
 f1: [0.06303725 0.70392057 0.58077606 0.73653137 0.43741007] 
 f1_avg: 0.6464696298769752

--- 296.24312710762024 seconds ---

Train Epoch: 55 accuracy: 0.59 
 precision: [0.08239437 0.82676283 0.49551101 0.65300399 0.28566998] 
 recall: [0.36       0.55788093 0.53397458 0.77268666 0.57204969] 
 f1: [0.13409742 0.666215   0.51402426 0.70782182 0.38105089] 
 f1_avg: 0.6133950483312836


Validation Epoch: 55 accuracy: 0.64 
 precision: [0.16666667 0.87234043 0.51816092 0.65002171 0.32211538] 
 recall: [0.03594771 0.58709126 0.64732912 0.84385569 0.72265023] 
 f1: [0.05913978 0.70183955 0.57558733 0.7343635  0.4456057 ] 
 f1_avg: 0.6444486317682593

--- 301.6032872200012 seconds ---

Train Epoch: 56 accuracy: 0.60 
 precision: [0.06741925 0.82934962 0.50170595 0.65273984 0.29279136] 
 recall: [0.33076923 0.55818351 0.53763078 0.77766433 0.57267081] 
 f1: [0.11200834 0.66726952 0.51904749 0.70974693 0.38747636] 
 f1_avg: 0.615743180724778


Validation Epoch: 56 accuracy: 0.66 
 precision: [0.20754717 0.8556369  0.53211439 0.66651865 0.32947531] 
 recall: [0.03594771 0.62449241 0.65192418 0.84611048 0.65793529] 
 f1: [0.06128134 0.72201631 0.58595767 0.74565325 0.43907455] 
 f1_avg: 0.6585383045973136

New best val score, save model ...
--- 307.04987812042236 seconds ---

Train Epoch: 57 accuracy: 0.60 
 precision: [0.08544188 0.82745362 0.49822824 0.65086644 0.29117601] 
 recall: [0.35846154 0.55888953 0.53779953 0.77900447 0.57593168] 
 f1: [0.1379923  0.66715829 0.51725817 0.7091939  0.38679737] 
 f1_avg: 0.6153395388001863


Validation Epoch: 57 accuracy: 0.64 
 precision: [0.16666667 0.87192755 0.51777575 0.64255319 0.31928127] 
 recall: [0.03594771 0.57619149 0.65249856 0.85118377 0.71186441] 
 f1: [0.05913978 0.69386179 0.57738247 0.73229874 0.44083969] 
 f1_avg: 0.6399717897313215

--- 312.4086081981659 seconds ---

Train Epoch: 58 accuracy: 0.60 
 precision: [0.08726861 0.82973594 0.50107122 0.65214373 0.29897799] 
 recall: [0.35538462 0.56413424 0.53937451 0.77945118 0.59052795] 
 f1: [0.14012739 0.67162992 0.51951781 0.71013692 0.39697286] 
 f1_avg: 0.6190704408880554


Validation Epoch: 58 accuracy: 0.63 
 precision: [0.25       0.87504121 0.50453172 0.6501508  0.32008368] 
 recall: [0.03594771 0.56721522 0.67145319 0.85062007 0.70724191] 
 f1: [0.06285714 0.68827801 0.57614588 0.73699634 0.44071051] 
 f1_avg: 0.6379068419466384

--- 317.7692201137543 seconds ---

Train Epoch: 59 accuracy: 0.60 
 precision: [0.08887257 0.83093552 0.50213631 0.65242729 0.29063382] 
 recall: [0.37230769 0.56214226 0.54207447 0.7787492  0.57531056] 
 f1: [0.14349244 0.67060717 0.52134163 0.71001338 0.38617886] 
 f1_avg: 0.6181053256810346


Validation Epoch: 59 accuracy: 0.65 
 precision: [0.26829268 0.87137569 0.52324521 0.65518745 0.32583454] 
 recall: [0.03594771 0.60376149 0.65939115 0.84723788 0.69183359] 
 f1: [0.06340058 0.71329378 0.58348158 0.73893805 0.44301924] 
 f1_avg: 0.6526548443217212

--- 323.1263120174408 seconds ---

Train Epoch: 60 accuracy: 0.60 
 precision: [0.06580605 0.82948675 0.49851915 0.65661875 0.28992199] 
 recall: [0.32153846 0.56277264 0.53020587 0.78123803 0.56552795] 
 f1: [0.10925248 0.67058258 0.5138745  0.71352801 0.38332807] 
 f1_avg: 0.616618155026322


Validation Epoch: 60 accuracy: 0.64 
 precision: [0.275      0.87355954 0.51545007 0.6475657  0.32494759] 
 recall: [0.03594771 0.58324428 0.6611143  0.84723788 0.7164869 ] 
 f1: [0.06358382 0.69947456 0.57926522 0.73406593 0.44711538] 
 f1_avg: 0.6441370341221014

--- 328.49117159843445 seconds ---

Train Epoch: 61 accuracy: 0.60 
 precision: [0.0839487  0.82582472 0.50228671 0.64998398 0.29594893] 
 recall: [0.33230769 0.56620187 0.53746203 0.77657945 0.58307453] 
 f1: [0.13403661 0.67180254 0.51927937 0.70766457 0.39261815] 
 f1_avg: 0.618220808770681


Validation Epoch: 61 accuracy: 0.65 
 precision: [0.275      0.86959228 0.52036613 0.65817223 0.32195122] 
 recall: [0.03594771 0.59713614 0.65307295 0.84441939 0.71186441] 
 f1: [0.06358382 0.70805879 0.57921549 0.73975309 0.44337812] 
 f1_avg: 0.6493553699562666

--- 333.8505394458771 seconds ---

Train Epoch: 62 accuracy: 0.60 
 precision: [0.06733479 0.83186567 0.5041519  0.65120989 0.29357798] 
 recall: [0.33076923 0.56214226 0.5361683  0.77970645 0.57142857] 
 f1: [0.11189175 0.67090988 0.51966744 0.70968866 0.38787879] 
 f1_avg: 0.6177008266264192


Validation Epoch: 62 accuracy: 0.64 
 precision: [0.23913043 0.86658276 0.5092511  0.66473473 0.32152975] 
 recall: [0.03594771 0.5885873  0.66398621 0.84047351 0.69953775] 
 f1: [0.0625     0.70103093 0.57641486 0.74234503 0.44056283] 
 f1_avg: 0.6454948463994176

--- 339.23677134513855 seconds ---

Train Epoch: 63 accuracy: 0.60 
 precision: [0.09498069 0.82975426 0.50280811 0.65504814 0.29399243] 
 recall: [0.37846154 0.56703396 0.54387445 0.7771538  0.57903727] 
 f1: [0.15185185 0.67368673 0.52253567 0.71089577 0.38998118] 
 f1_avg: 0.6204384261335879


Validation Epoch: 63 accuracy: 0.65 
 precision: [0.275      0.86814186 0.52732368 0.65874064 0.32474964] 
 recall: [0.03594771 0.6120966  0.64847789 0.843292   0.69953775] 
 f1: [0.06358382 0.71797443 0.58165894 0.73967862 0.44357596] 
 f1_avg: 0.654891013372281

--- 344.6084282398224 seconds ---

Train Epoch: 64 accuracy: 0.60 
 precision: [0.08642832 0.82924317 0.50409338 0.65440782 0.29845762] 
 recall: [0.38307692 0.56829471 0.53684329 0.77785578 0.58291925] 
 f1: [0.14103653 0.67440677 0.51995315 0.71081176 0.39478389] 
 f1_avg: 0.6205036042032744


Validation Epoch: 64 accuracy: 0.65 
 precision: [0.26829268 0.87034185 0.52946679 0.65563779 0.32328191] 
 recall: [0.03594771 0.60397521 0.65020103 0.84892897 0.71032357] 
 f1: [0.06340058 0.71309614 0.58365558 0.73986735 0.44433735] 
 f1_avg: 0.6528605755571628

--- 349.96970105171204 seconds ---

Train Epoch: 65 accuracy: 0.60 
 precision: [0.10150538 0.82814027 0.50256031 0.65634675 0.29313155] 
 recall: [0.36307692 0.57701909 0.53549331 0.77115507 0.58649068] 
 f1: [0.15865546 0.68014028 0.5185044  0.70913412 0.39089263] 
 f1_avg: 0.6225203058173981


Validation Epoch: 65 accuracy: 0.65 
 precision: [0.26190476 0.86463415 0.51652893 0.66803466 0.31936813] 
 recall: [0.03594771 0.60611242 0.64618036 0.82581736 0.7164869 ] 
 f1: [0.06321839 0.71265234 0.57412605 0.7385934  0.44180523] 
 f1_avg: 0.6503874603016343

--- 355.3306610584259 seconds ---

Train Epoch: 66 accuracy: 0.61 
 precision: [0.11467487 0.83125    0.50594417 0.65741935 0.29430597] 
 recall: [0.40153846 0.57346378 0.53622455 0.78034461 0.59953416] 
 f1: [0.17840055 0.67870305 0.52064446 0.71362708 0.39480546] 
 f1_avg: 0.6236361139624242


Validation Epoch: 66 accuracy: 0.65 
 precision: [0.21153846 0.86049345 0.51372896 0.6717033  0.32142857] 
 recall: [0.03594771 0.60376149 0.66628374 0.82694476 0.67950693] 
 f1: [0.06145251 0.7096207  0.58014504 0.74128348 0.43641762] 
 f1_avg: 0.6500627548699494

--- 360.69322633743286 seconds ---

Train Epoch: 67 accuracy: 0.61 
 precision: [0.1162037  0.82963666 0.50313972 0.66067282 0.29355186] 
 recall: [0.38615385 0.57343856 0.54083699 0.78079132 0.5923913 ] 
 f1: [0.17864769 0.67814704 0.52130774 0.71572728 0.39257049] 
 f1_avg: 0.6237410858050588


Validation Epoch: 67 accuracy: 0.64 
 precision: [0.19642857 0.87257706 0.52468851 0.64695576 0.31082888] 
 recall: [0.03594771 0.58687754 0.65307295 0.83258174 0.7164869 ] 
 f1: [0.06077348 0.70176335 0.58188332 0.72812423 0.43356643] 
 f1_avg: 0.6435985644307703

--- 366.0527400970459 seconds ---

Train Epoch: 68 accuracy: 0.60 
 precision: [0.09434683 0.83073538 0.50321552 0.65565227 0.29991464] 
 recall: [0.38       0.57111879 0.53256834 0.7787492  0.60015528] 
 f1: [0.15116279 0.67688722 0.51747602 0.71191879 0.39995861] 
 f1_avg: 0.6218950267361089


Validation Epoch: 68 accuracy: 0.64 
 precision: [0.10714286 0.87076923 0.53181387 0.66287016 0.31897712] 
 recall: [0.03921569 0.60483009 0.64330844 0.82018038 0.73035439] 
 f1: [0.05741627 0.71383529 0.5822719  0.73318216 0.4440281 ] 
 f1_avg: 0.6514569311881575

Early stopping!

Test Epoch: accuracy: 0.62 
 precision: [0.4        0.78708661 0.46147072 0.77797834 0.22987616] 
 recall: [1.         0.57833835 0.57900552 0.8        0.43484627] 
 f1: [0.57142857 0.6667556  0.51359961 0.78883551 0.30075949] 
 f1_avg: 0.6372357487267999

--- 371.8258607387543 seconds ---

Test Epoch: accuracy: 0.66 
 precision: [0.20754717 0.8556369  0.53211439 0.66651865 0.32947531] 
 recall: [0.03594771 0.62449241 0.65192418 0.84611048 0.65793529] 
 f1: [0.06128134 0.72201631 0.58595767 0.74565325 0.43907455] 
 f1_avg: 0.6585383045973136

--- 371.98987078666687 seconds ---
