train: (3872, 25202)
test: (852, 25202)
Positive labels in train:  2426
Positive labels in test:  539
Labels in train:  {0.0: 1446, 1.0: 1736, 2.0: 623, 3.0: 48, 4.0: 2, 5.0: 17}
Labels in test:  {0.0: 313, 1.0: 480, 2.0: 55, 3.0: 2, 5.0: 2}
Iteration 1, loss = 51.11993136
Validation score: 0.492268
Iteration 2, loss = 40.24673686
Validation score: 0.538660
Iteration 3, loss = 31.20700039
Validation score: 0.533505
Iteration 4, loss = 24.07873142
Validation score: 0.590206
Iteration 5, loss = 18.53390324
Validation score: 0.631443
Iteration 6, loss = 14.29874156
Validation score: 0.693299
Iteration 7, loss = 11.12428909
Validation score: 0.608247
Iteration 8, loss = 8.77828001
Validation score: 0.672680
Iteration 9, loss = 7.06742009
Validation score: 0.675258
Iteration 10, loss = 5.83644014
Validation score: 0.618557
Iteration 11, loss = 4.96945476
Validation score: 0.605670
Iteration 12, loss = 4.34487645
Validation score: 0.623711
Iteration 13, loss = 3.88689034
Validation score: 0.667526
Iteration 14, loss = 3.56252897
Validation score: 0.670103
Iteration 15, loss = 3.31798014
Validation score: 0.626289
Iteration 16, loss = 3.14273800
Validation score: 0.708763
Iteration 17, loss = 3.01282080
Validation score: 0.737113
Iteration 18, loss = 2.90839970
Validation score: 0.719072
Iteration 19, loss = 2.82418417
Validation score: 0.610825
Iteration 20, loss = 2.78897048
Validation score: 0.605670
Iteration 21, loss = 2.73770392
Validation score: 0.628866
Iteration 22, loss = 2.67567046
Validation score: 0.693299
Iteration 23, loss = 2.61170585
Validation score: 0.685567
Iteration 24, loss = 2.56402656
Validation score: 0.670103
Iteration 25, loss = 2.53609298
Validation score: 0.685567
Iteration 26, loss = 2.49467601
Validation score: 0.618557
Iteration 27, loss = 2.46366266
Validation score: 0.711340
Iteration 28, loss = 2.42930832
Validation score: 0.667526
Validation score did not improve more than tol=0.000100 for 10 consecutive epochs. Stopping.
-----training-----
precision_score:  [0.78003482 0.84340176 0.93396226 1.         1.         1.        ]
recall_score:  [0.92946058 0.82834101 0.63563403 0.3125     0.         0.29411765]
f1_score:  [0.8482171  0.83580355 0.75644699 0.47619048 0.         0.45454545]
accuracy_score:  0.8259297520661157
-----testing-----
precision_score:  [0.72615385 0.8046875  0.24113475 1.         1.        ]
recall_score:  [0.75399361 0.64375    0.61818182 0.5        0.5       ]
f1_score:  [0.73981191 0.71527778 0.34693878 0.66666667 0.66666667]
accuracy_score:  0.681924882629108
--- 172.91921210289001 seconds ---