0: processing ../data_greatarc/wetransfer_long-call-recordings-raven-acoustics_2021-11-22_1051/LC rhythm - all LC Tuanan/134dat LC Fugit.wav ...
44100
torch.Size([1, 2501632])
16000
torch.Size([1, 907622])
torch.Size([1, 912320])
torch.Size([2850, 768])
{'Unknown': {'count': 16, 'id': 1}}
1: processing ../data_greatarc/wetransfer_long-call-recordings-raven-acoustics_2021-11-22_1051/LC rhythm - all LC Tuanan/20T5lcNiko.wav ...
44100
torch.Size([1, 2959110])
16000
torch.Size([1, 1073600])
torch.Size([1, 1088320])
torch.Size([3400, 768])
{'Unknown': {'count': 42, 'id': 1}}
2: processing ../data_greatarc/wetransfer_long-call-recordings-raven-acoustics_2021-11-22_1051/LC rhythm - all LC Tuanan/165datLongCallFugit.wav ...
44100
torch.Size([1, 1808100])
16000
torch.Size([1, 656000])
torch.Size([1, 656320])
torch.Size([2050, 768])
{'Unknown': {'count': 55, 'id': 1}}
3: processing ../data_greatarc/wetransfer_long-call-recordings-raven-acoustics_2021-11-22_1051/LC rhythm - all LC Tuanan/24T5lcNico.wav ...
44100
torch.Size([1, 2099160])
16000
torch.Size([1, 761600])
torch.Size([1, 768320])
torch.Size([2400, 768])
{'Unknown': {'count': 69, 'id': 1}}
5: processing ../data_greatarc/wetransfer_long-call-recordings-raven-acoustics_2021-11-22_1051/LC rhythm - all LC Tuanan/15T6lcZeke.wav ...
44100
torch.Size([1, 2006550])
16000
torch.Size([1, 728000])
torch.Size([1, 736320])
torch.Size([2300, 768])
{'Unknown': {'count': 86, 'id': 1}}
6: processing ../data_greatarc/wetransfer_long-call-recordings-raven-acoustics_2021-11-22_1051/LC rhythm - all LC Tuanan/13T8lcksqFugit.wav ...
44100
torch.Size([1, 13230000])
16000
torch.Size([1, 4800000])
torch.Size([1, 4800320])
torch.Size([15000, 768])
{'Unknown': {'count': 108, 'id': 1}}
7: processing ../data_greatarc/wetransfer_long-call-recordings-raven-acoustics_2021-11-22_1051/LC rhythm - all LC Tuanan/100dat LC FlangedMale.wav ...
44100
torch.Size([1, 4127760])
16000
torch.Size([1, 1497600])
torch.Size([1, 1504320])
torch.Size([4700, 768])
{'Unknown': {'count': 147, 'id': 1}}
8: processing ../data_greatarc/wetransfer_long-call-recordings-raven-acoustics_2021-11-22_1051/LC rhythm - all LC Tuanan/119dat LC Kay.wav ...
44100
torch.Size([1, 2125620])
16000
torch.Size([1, 771200])
torch.Size([1, 784320])
torch.Size([2450, 768])
{'Unknown': {'count': 178, 'id': 1}}
9: processing ../data_greatarc/wetransfer_long-call-recordings-raven-acoustics_2021-11-22_1051/LC rhythm - all LC Tuanan/130dat LC Kay.wav ...
44100
torch.Size([1, 4912740])
16000
torch.Size([1, 1782400])
torch.Size([1, 1792320])
torch.Size([5600, 768])
{'Unknown': {'count': 178, 'id': 1}, 'Full pulse': {'count': 60, 'id': 2}, 'Sub-pulse transitory element': {'count': 19, 'id': 3}, 'Pulse body': {'count': 21, 'id': 4}, 'Bubble sub-pulse': {'count': 229, 'id': 5}}
10: processing ../data_greatarc/wetransfer_long-call-recordings-raven-acoustics_2021-11-22_1051/LC rhythm - all LC Tuanan/14T8lcksqFugit.wav ...
44100
torch.Size([1, 6667920])
16000
torch.Size([1, 2419200])
torch.Size([1, 2432320])
torch.Size([7600, 768])
{'Unknown': {'count': 178, 'id': 1}, 'Full pulse': {'count': 117, 'id': 2}, 'Sub-pulse transitory element': {'count': 45, 'id': 3}, 'Pulse body': {'count': 34, 'id': 4}, 'Bubble sub-pulse': {'count': 408, 'id': 5}}
11: processing ../data_greatarc/wetransfer_long-call-recordings-raven-acoustics_2021-11-22_1051/LC rhythm - all LC Tuanan/102dat LC FlangedMale.wav ...
44100
torch.Size([1, 5547780])
16000
torch.Size([1, 2012800])
torch.Size([1, 2016320])
torch.Size([6300, 768])
{'Unknown': {'count': 204, 'id': 1}, 'Full pulse': {'count': 117, 'id': 2}, 'Sub-pulse transitory element': {'count': 45, 'id': 3}, 'Pulse body': {'count': 34, 'id': 4}, 'Bubble sub-pulse': {'count': 408, 'id': 5}}
12: processing ../data_greatarc/wetransfer_long-call-recordings-raven-acoustics_2021-11-22_1051/LC rhythm - all LC Tuanan/149dat LC Fugit.wav ...
44100
torch.Size([1, 2535750])
16000
torch.Size([1, 920000])
torch.Size([1, 928320])
torch.Size([2900, 768])
{'Unknown': {'count': 222, 'id': 1}, 'Full pulse': {'count': 117, 'id': 2}, 'Sub-pulse transitory element': {'count': 45, 'id': 3}, 'Pulse body': {'count': 34, 'id': 4}, 'Bubble sub-pulse': {'count': 408, 'id': 5}}
13: processing ../data_greatarc/wetransfer_long-call-recordings-raven-acoustics_2021-11-22_1051/LC rhythm - all LC Tuanan/47dat LC Sultan.wav ...
44100
torch.Size([1, 2875320])
16000
torch.Size([1, 1043200])
torch.Size([1, 1056320])
torch.Size([3300, 768])
{'Unknown': {'count': 238, 'id': 1}, 'Full pulse': {'count': 117, 'id': 2}, 'Sub-pulse transitory element': {'count': 45, 'id': 3}, 'Pulse body': {'count': 34, 'id': 4}, 'Bubble sub-pulse': {'count': 408, 'id': 5}}
15: processing ../data_greatarc/wetransfer_long-call-recordings-raven-acoustics_2021-11-22_1051/LC rhythm - all LC Tuanan/133dat LC Fugit.wav ...
44100
torch.Size([1, 4163040])
16000
torch.Size([1, 1510400])
torch.Size([1, 1520320])
torch.Size([4750, 768])
{'Unknown': {'count': 275, 'id': 1}, 'Full pulse': {'count': 117, 'id': 2}, 'Sub-pulse transitory element': {'count': 45, 'id': 3}, 'Pulse body': {'count': 34, 'id': 4}, 'Bubble sub-pulse': {'count': 408, 'id': 5}}
16: processing ../data_greatarc/wetransfer_long-call-recordings-raven-acoustics_2021-11-22_1051/LC rhythm - all LC Tuanan/125dat LC Rambo.wav ...
44100
torch.Size([1, 1724928])
16000
torch.Size([1, 625825])
torch.Size([1, 640320])
torch.Size([2000, 768])
{'Unknown': {'count': 275, 'id': 1}, 'Full pulse': {'count': 144, 'id': 2}, 'Sub-pulse transitory element': {'count': 74, 'id': 3}, 'Pulse body': {'count': 54, 'id': 4}, 'Bubble sub-pulse': {'count': 424, 'id': 5}}
17: processing ../data_greatarc/wetransfer_long-call-recordings-raven-acoustics_2021-11-22_1051/LC rhythm - all LC Tuanan/11T10lcFugit.wav ...
44100
torch.Size([1, 3660300])
16000
torch.Size([1, 1328000])
torch.Size([1, 1328320])
torch.Size([4150, 768])
{'Unknown': {'count': 402, 'id': 1}, 'Full pulse': {'count': 144, 'id': 2}, 'Sub-pulse transitory element': {'count': 74, 'id': 3}, 'Pulse body': {'count': 54, 'id': 4}, 'Bubble sub-pulse': {'count': 424, 'id': 5}}
19: processing ../data_greatarc/wetransfer_long-call-recordings-raven-acoustics_2021-11-22_1051/LC rhythm - all LC Tuanan/26dat LC  Male.wav ...
44100
torch.Size([1, 2024190])
16000
torch.Size([1, 734400])
torch.Size([1, 736320])
torch.Size([2300, 768])
{'Unknown': {'count': 427, 'id': 1}, 'Full pulse': {'count': 144, 'id': 2}, 'Sub-pulse transitory element': {'count': 74, 'id': 3}, 'Pulse body': {'count': 54, 'id': 4}, 'Bubble sub-pulse': {'count': 424, 'id': 5}}
20: processing ../data_greatarc/wetransfer_long-call-recordings-raven-acoustics_2021-11-22_1051/LC rhythm - all LC Tuanan/26T5lcNiko.wav ...
44100
torch.Size([1, 2337300])
16000
torch.Size([1, 848000])
torch.Size([1, 848320])
torch.Size([2650, 768])
{'Unknown': {'count': 439, 'id': 1}, 'Full pulse': {'count': 144, 'id': 2}, 'Sub-pulse transitory element': {'count': 74, 'id': 3}, 'Pulse body': {'count': 54, 'id': 4}, 'Bubble sub-pulse': {'count': 424, 'id': 5}}
21: processing ../data_greatarc/wetransfer_long-call-recordings-raven-acoustics_2021-11-22_1051/LC rhythm - all LC Tuanan/7T6lcZeke.wav ...
44100
torch.Size([1, 1900710])
16000
torch.Size([1, 689600])
torch.Size([1, 704320])
torch.Size([2200, 768])
{'Unknown': {'count': 465, 'id': 1}, 'Full pulse': {'count': 144, 'id': 2}, 'Sub-pulse transitory element': {'count': 74, 'id': 3}, 'Pulse body': {'count': 54, 'id': 4}, 'Bubble sub-pulse': {'count': 424, 'id': 5}}
22: processing ../data_greatarc/wetransfer_long-call-recordings-raven-acoustics_2021-11-22_1051/LC rhythm - all LC Tuanan/132dat LC Fugit.wav ...
44100
torch.Size([1, 4008690])
16000
torch.Size([1, 1454400])
torch.Size([1, 1456320])
torch.Size([4550, 768])
{'Unknown': {'count': 501, 'id': 1}, 'Full pulse': {'count': 144, 'id': 2}, 'Sub-pulse transitory element': {'count': 74, 'id': 3}, 'Pulse body': {'count': 54, 'id': 4}, 'Bubble sub-pulse': {'count': 424, 'id': 5}}
23: processing ../data_greatarc/wetransfer_long-call-recordings-raven-acoustics_2021-11-22_1051/LC rhythm - all LC Tuanan/91dat LC Sultan.wav ...
44100
torch.Size([1, 3466260])
16000
torch.Size([1, 1257600])
torch.Size([1, 1264320])
torch.Size([3950, 768])
{'Unknown': {'count': 530, 'id': 1}, 'Full pulse': {'count': 144, 'id': 2}, 'Sub-pulse transitory element': {'count': 74, 'id': 3}, 'Pulse body': {'count': 54, 'id': 4}, 'Bubble sub-pulse': {'count': 424, 'id': 5}}
24: processing ../data_greatarc/wetransfer_long-call-recordings-raven-acoustics_2021-11-22_1051/LC rhythm - all LC Tuanan/148dat LC Fugit.wav ...
44100
torch.Size([1, 2094750])
16000
torch.Size([1, 760000])
torch.Size([1, 768320])
torch.Size([2400, 768])
{'Unknown': {'count': 547, 'id': 1}, 'Full pulse': {'count': 144, 'id': 2}, 'Sub-pulse transitory element': {'count': 74, 'id': 3}, 'Pulse body': {'count': 54, 'id': 4}, 'Bubble sub-pulse': {'count': 424, 'id': 5}}
25: processing ../data_greatarc/wetransfer_long-call-recordings-raven-acoustics_2021-11-22_1051/LC rhythm - all LC Tuanan/26datA LC Henk.wav ...
44100
torch.Size([1, 1270080])
16000
torch.Size([1, 460800])
torch.Size([1, 464320])
torch.Size([1450, 768])
{'Unknown': {'count': 556, 'id': 1}, 'Full pulse': {'count': 144, 'id': 2}, 'Sub-pulse transitory element': {'count': 74, 'id': 3}, 'Pulse body': {'count': 54, 'id': 4}, 'Bubble sub-pulse': {'count': 424, 'id': 5}}
26: processing ../data_greatarc/wetransfer_long-call-recordings-raven-acoustics_2021-11-22_1051/LC rhythm - all LC Tuanan/13T6lcZeke.wav ...
44100
torch.Size([1, 2460780])
16000
torch.Size([1, 892800])
torch.Size([1, 896320])
torch.Size([2800, 768])
{'Unknown': {'count': 675, 'id': 1}, 'Full pulse': {'count': 144, 'id': 2}, 'Sub-pulse transitory element': {'count': 74, 'id': 3}, 'Pulse body': {'count': 54, 'id': 4}, 'Bubble sub-pulse': {'count': 424, 'id': 5}}
27: processing ../data_greatarc/wetransfer_long-call-recordings-raven-acoustics_2021-11-22_1051/LC rhythm - all LC Tuanan/12T2lcNiko.wav ...
44100
torch.Size([1, 1950720])
16000
torch.Size([1, 707745])
torch.Size([1, 720320])
torch.Size([2250, 768])
{'Unknown': {'count': 763, 'id': 1}, 'Full pulse': {'count': 144, 'id': 2}, 'Sub-pulse transitory element': {'count': 74, 'id': 3}, 'Pulse body': {'count': 54, 'id': 4}, 'Bubble sub-pulse': {'count': 424, 'id': 5}}
28: processing ../data_greatarc/wetransfer_long-call-recordings-raven-acoustics_2021-11-22_1051/LC rhythm - all LC Tuanan/2T6lcZeke.wav ...
44100
torch.Size([1, 1997730])
16000
torch.Size([1, 724800])
torch.Size([1, 736320])
torch.Size([2300, 768])
{'Unknown': {'count': 763, 'id': 1}, 'Full pulse': {'count': 160, 'id': 2}, 'Sub-pulse transitory element': {'count': 89, 'id': 3}, 'Pulse body': {'count': 64, 'id': 4}, 'Bubble sub-pulse': {'count': 441, 'id': 5}, 'Grumble sub-pulse': {'count': 13, 'id': 6}}
29: processing ../data_greatarc/wetransfer_long-call-recordings-raven-acoustics_2021-11-22_1051/LC rhythm - all LC Tuanan/135dat LC Fugit.wav ...
44100
torch.Size([1, 4573170])
16000
torch.Size([1, 1659200])
torch.Size([1, 1664320])
torch.Size([5200, 768])
{'Unknown': {'count': 942, 'id': 1}, 'Full pulse': {'count': 160, 'id': 2}, 'Sub-pulse transitory element': {'count': 89, 'id': 3}, 'Pulse body': {'count': 64, 'id': 4}, 'Bubble sub-pulse': {'count': 441, 'id': 5}, 'Grumble sub-pulse': {'count': 13, 'id': 6}}
30: processing ../data_greatarc/wetransfer_long-call-recordings-raven-acoustics_2021-11-22_1051/LC rhythm - all LC Tuanan/16T6lcZeke.wav ...
44100
torch.Size([1, 2099160])
16000
torch.Size([1, 761600])
torch.Size([1, 768320])
torch.Size([2400, 768])
{'Unknown': {'count': 953, 'id': 1}, 'Full pulse': {'count': 160, 'id': 2}, 'Sub-pulse transitory element': {'count': 89, 'id': 3}, 'Pulse body': {'count': 64, 'id': 4}, 'Bubble sub-pulse': {'count': 441, 'id': 5}, 'Grumble sub-pulse': {'count': 13, 'id': 6}}
31: processing ../data_greatarc/wetransfer_long-call-recordings-raven-acoustics_2021-11-22_1051/LC rhythm - all LC Tuanan/13T4lcDayak.wav ...
44100
torch.Size([1, 1375920])
16000
torch.Size([1, 499200])
torch.Size([1, 512320])
torch.Size([1600, 768])
{'Unknown': {'count': 962, 'id': 1}, 'Full pulse': {'count': 160, 'id': 2}, 'Sub-pulse transitory element': {'count': 89, 'id': 3}, 'Pulse body': {'count': 64, 'id': 4}, 'Bubble sub-pulse': {'count': 441, 'id': 5}, 'Grumble sub-pulse': {'count': 13, 'id': 6}}
32: processing ../data_greatarc/wetransfer_long-call-recordings-raven-acoustics_2021-11-22_1051/LC rhythm - all LC Tuanan/4T10lcFugit.wav ...
44100
torch.Size([1, 2257920])
16000
torch.Size([1, 819200])
torch.Size([1, 832320])
torch.Size([2600, 768])
{'Unknown': {'count': 962, 'id': 1}, 'Full pulse': {'count': 184, 'id': 2}, 'Sub-pulse transitory element': {'count': 103, 'id': 3}, 'Pulse body': {'count': 78, 'id': 4}, 'Bubble sub-pulse': {'count': 445, 'id': 5}, 'Grumble sub-pulse': {'count': 13, 'id': 6}}
33: processing ../data_greatarc/wetransfer_long-call-recordings-raven-acoustics_2021-11-22_1051/LC rhythm - all LC Tuanan/52dat LC Sultan.wav ...
44100
torch.Size([1, 2196180])
16000
torch.Size([1, 796800])
torch.Size([1, 800320])
torch.Size([2500, 768])
{'Unknown': {'count': 971, 'id': 1}, 'Full pulse': {'count': 184, 'id': 2}, 'Sub-pulse transitory element': {'count': 103, 'id': 3}, 'Pulse body': {'count': 78, 'id': 4}, 'Bubble sub-pulse': {'count': 445, 'id': 5}, 'Grumble sub-pulse': {'count': 13, 'id': 6}}
34: processing ../data_greatarc/wetransfer_long-call-recordings-raven-acoustics_2021-11-22_1051/LC rhythm - all LC Tuanan/104dat LC Male.wav ...
44100
torch.Size([1, 1680210])
16000
torch.Size([1, 609600])
torch.Size([1, 624320])
torch.Size([1950, 768])
{'Unknown': {'count': 987, 'id': 1}, 'Full pulse': {'count': 184, 'id': 2}, 'Sub-pulse transitory element': {'count': 103, 'id': 3}, 'Pulse body': {'count': 78, 'id': 4}, 'Bubble sub-pulse': {'count': 445, 'id': 5}, 'Grumble sub-pulse': {'count': 13, 'id': 6}}
36: processing ../data_greatarc/wetransfer_long-call-recordings-raven-acoustics_2021-11-22_1051/LC rhythm - all LC Tuanan/11T8lcFugit.wav ...
44100
torch.Size([1, 4921560])
16000
torch.Size([1, 1785600])
torch.Size([1, 1792320])
torch.Size([5600, 768])
{'Unknown': {'count': 1219, 'id': 1}, 'Full pulse': {'count': 184, 'id': 2}, 'Sub-pulse transitory element': {'count': 103, 'id': 3}, 'Pulse body': {'count': 78, 'id': 4}, 'Bubble sub-pulse': {'count': 445, 'id': 5}, 'Grumble sub-pulse': {'count': 13, 'id': 6}}
37: processing ../data_greatarc/wetransfer_long-call-recordings-raven-acoustics_2021-11-22_1051/LC rhythm - all LC Tuanan/122dat LC Rambo.wav ...
44100
torch.Size([1, 2729790])
16000
torch.Size([1, 990400])
torch.Size([1, 992320])
torch.Size([3100, 768])
{'Unknown': {'count': 1258, 'id': 1}, 'Full pulse': {'count': 184, 'id': 2}, 'Sub-pulse transitory element': {'count': 103, 'id': 3}, 'Pulse body': {'count': 78, 'id': 4}, 'Bubble sub-pulse': {'count': 445, 'id': 5}, 'Grumble sub-pulse': {'count': 13, 'id': 6}}
38: processing ../data_greatarc/wetransfer_long-call-recordings-raven-acoustics_2021-11-22_1051/LC rhythm - all LC Tuanan/5T10lcFugit.wav ...
44100
torch.Size([1, 4057200])
16000
torch.Size([1, 1472000])
torch.Size([1, 1472320])
torch.Size([4600, 768])
{'Unknown': {'count': 1258, 'id': 1}, 'Full pulse': {'count': 231, 'id': 2}, 'Sub-pulse transitory element': {'count': 129, 'id': 3}, 'Pulse body': {'count': 81, 'id': 4}, 'Bubble sub-pulse': {'count': 509, 'id': 5}, 'Grumble sub-pulse': {'count': 13, 'id': 6}}
39: processing ../data_greatarc/wetransfer_long-call-recordings-raven-acoustics_2021-11-22_1051/LC rhythm - all LC Tuanan/2T7lcNico.wav ...
44100
torch.Size([1, 2412270])
16000
torch.Size([1, 875200])
torch.Size([1, 880320])
torch.Size([2750, 768])
{'Unknown': {'count': 1258, 'id': 1}, 'Full pulse': {'count': 258, 'id': 2}, 'Sub-pulse transitory element': {'count': 139, 'id': 3}, 'Pulse body': {'count': 90, 'id': 4}, 'Bubble sub-pulse': {'count': 638, 'id': 5}, 'Grumble sub-pulse': {'count': 13, 'id': 6}}
40: processing ../data_greatarc/wetransfer_long-call-recordings-raven-acoustics_2021-11-22_1051/LC rhythm - all LC Tuanan/86dat LC Sultan.wav ...
44100
torch.Size([1, 8859690])
16000
torch.Size([1, 3214400])
torch.Size([1, 3216320])
torch.Size([10050, 768])
{'Unknown': {'count': 1519, 'id': 1}, 'Full pulse': {'count': 258, 'id': 2}, 'Sub-pulse transitory element': {'count': 139, 'id': 3}, 'Pulse body': {'count': 90, 'id': 4}, 'Bubble sub-pulse': {'count': 638, 'id': 5}, 'Grumble sub-pulse': {'count': 13, 'id': 6}}
42: processing ../data_greatarc/wetransfer_long-call-recordings-raven-acoustics_2021-11-22_1051/LC rhythm - all LC Tuanan/77datA LC Fugit.wav ...
44100
torch.Size([1, 2831220])
16000
torch.Size([1, 1027200])
torch.Size([1, 1040319])
torch.Size([3250, 768])
{'Unknown': {'count': 1532, 'id': 1}, 'Full pulse': {'count': 258, 'id': 2}, 'Sub-pulse transitory element': {'count': 139, 'id': 3}, 'Pulse body': {'count': 90, 'id': 4}, 'Bubble sub-pulse': {'count': 638, 'id': 5}, 'Grumble sub-pulse': {'count': 13, 'id': 6}}
43: processing ../data_greatarc/wetransfer_long-call-recordings-raven-acoustics_2021-11-22_1051/LC rhythm - all LC Tuanan/33datA LC Fugit.wav ...
44100
torch.Size([1, 5124420])
16000
torch.Size([1, 1859200])
torch.Size([1, 1872320])
torch.Size([5850, 768])
{'Unknown': {'count': 1559, 'id': 1}, 'Full pulse': {'count': 258, 'id': 2}, 'Sub-pulse transitory element': {'count': 139, 'id': 3}, 'Pulse body': {'count': 90, 'id': 4}, 'Bubble sub-pulse': {'count': 638, 'id': 5}, 'Grumble sub-pulse': {'count': 13, 'id': 6}}
44: processing ../data_greatarc/wetransfer_long-call-recordings-raven-acoustics_2021-11-22_1051/LC rhythm - all LC Tuanan/111dat LC Teju.wav ...
44100
torch.Size([1, 1380330])
16000
torch.Size([1, 500800])
torch.Size([1, 512320])
torch.Size([1600, 768])
{'Unknown': {'count': 1570, 'id': 1}, 'Full pulse': {'count': 258, 'id': 2}, 'Sub-pulse transitory element': {'count': 139, 'id': 3}, 'Pulse body': {'count': 90, 'id': 4}, 'Bubble sub-pulse': {'count': 638, 'id': 5}, 'Grumble sub-pulse': {'count': 13, 'id': 6}}
46: processing ../data_greatarc/wetransfer_long-call-recordings-raven-acoustics_2021-11-22_1051/LC rhythm - all LC Tuanan/75datA LC Kay.wav ...
44100
torch.Size([1, 4501504])
16000
torch.Size([1, 1633199])
torch.Size([1, 1648320])
torch.Size([5150, 768])
{'Unknown': {'count': 1616, 'id': 1}, 'Full pulse': {'count': 258, 'id': 2}, 'Sub-pulse transitory element': {'count': 139, 'id': 3}, 'Pulse body': {'count': 90, 'id': 4}, 'Bubble sub-pulse': {'count': 638, 'id': 5}, 'Grumble sub-pulse': {'count': 13, 'id': 6}}
47: processing ../data_greatarc/wetransfer_long-call-recordings-raven-acoustics_2021-11-22_1051/LC rhythm - all LC Tuanan/10T10lcFugit.wav ...
44100
torch.Size([1, 2381824])
16000
torch.Size([1, 864154])
torch.Size([1, 880320])
torch.Size([2750, 768])
{'Unknown': {'count': 1635, 'id': 1}, 'Full pulse': {'count': 258, 'id': 2}, 'Sub-pulse transitory element': {'count': 139, 'id': 3}, 'Pulse body': {'count': 90, 'id': 4}, 'Bubble sub-pulse': {'count': 638, 'id': 5}, 'Grumble sub-pulse': {'count': 13, 'id': 6}}
49: processing ../data_greatarc/wetransfer_long-call-recordings-raven-acoustics_2021-11-22_1051/LC rhythm - all LC Tuanan/28T5lcNiko.wav ...
44100
torch.Size([1, 2381400])
16000
torch.Size([1, 864000])
torch.Size([1, 864320])
torch.Size([2700, 768])
{'Unknown': {'count': 1657, 'id': 1}, 'Full pulse': {'count': 258, 'id': 2}, 'Sub-pulse transitory element': {'count': 139, 'id': 3}, 'Pulse body': {'count': 90, 'id': 4}, 'Bubble sub-pulse': {'count': 638, 'id': 5}, 'Grumble sub-pulse': {'count': 13, 'id': 6}}
50: processing ../data_greatarc/wetransfer_long-call-recordings-raven-acoustics_2021-11-22_1051/LC rhythm - all LC Tuanan/137dat LC Fugit.wav ...
44100
torch.Size([1, 3153150])
16000
torch.Size([1, 1144000])
torch.Size([1, 1152320])
torch.Size([3600, 768])
{'Unknown': {'count': 1658, 'id': 1}, 'Full pulse': {'count': 273, 'id': 2}, 'Sub-pulse transitory element': {'count': 146, 'id': 3}, 'Pulse body': {'count': 90, 'id': 4}, 'Bubble sub-pulse': {'count': 681, 'id': 5}, 'Grumble sub-pulse': {'count': 13, 'id': 6}}
51: processing ../data_greatarc/wetransfer_long-call-recordings-raven-acoustics_2021-11-22_1051/LC rhythm - all LC Tuanan/12T8lcFugit.wav ...
44100
torch.Size([1, 2443140])
16000
torch.Size([1, 886400])
torch.Size([1, 896320])
torch.Size([2800, 768])
{'Unknown': {'count': 1672, 'id': 1}, 'Full pulse': {'count': 273, 'id': 2}, 'Sub-pulse transitory element': {'count': 146, 'id': 3}, 'Pulse body': {'count': 90, 'id': 4}, 'Bubble sub-pulse': {'count': 681, 'id': 5}, 'Grumble sub-pulse': {'count': 13, 'id': 6}}
52: processing ../data_greatarc/wetransfer_long-call-recordings-raven-acoustics_2021-11-22_1051/LC rhythm - all LC Tuanan/31T5lcZeke.wav ...
44100
torch.Size([1, 5979960])
16000
torch.Size([1, 2169600])
torch.Size([1, 2176320])
torch.Size([6800, 768])
{'Unknown': {'count': 1930, 'id': 1}, 'Full pulse': {'count': 273, 'id': 2}, 'Sub-pulse transitory element': {'count': 146, 'id': 3}, 'Pulse body': {'count': 90, 'id': 4}, 'Bubble sub-pulse': {'count': 681, 'id': 5}, 'Grumble sub-pulse': {'count': 13, 'id': 6}}
53: processing ../data_greatarc/wetransfer_long-call-recordings-raven-acoustics_2021-11-22_1051/LC rhythm - all LC Tuanan/72datA LC Kay.wav ...
44100
torch.Size([1, 5005350])
16000
torch.Size([1, 1816000])
torch.Size([1, 1824320])
torch.Size([5700, 768])
{'Unknown': {'count': 1980, 'id': 1}, 'Full pulse': {'count': 273, 'id': 2}, 'Sub-pulse transitory element': {'count': 146, 'id': 3}, 'Pulse body': {'count': 90, 'id': 4}, 'Bubble sub-pulse': {'count': 681, 'id': 5}, 'Grumble sub-pulse': {'count': 13, 'id': 6}}
55: processing ../data_greatarc/wetransfer_long-call-recordings-raven-acoustics_2021-11-22_1051/LC rhythm - all LC Tuanan/6T10lcFugit.wav ...
44100
torch.Size([1, 2015370])
16000
torch.Size([1, 731200])
torch.Size([1, 736320])
torch.Size([2300, 768])
{'Unknown': {'count': 2003, 'id': 1}, 'Full pulse': {'count': 273, 'id': 2}, 'Sub-pulse transitory element': {'count': 146, 'id': 3}, 'Pulse body': {'count': 90, 'id': 4}, 'Bubble sub-pulse': {'count': 681, 'id': 5}, 'Grumble sub-pulse': {'count': 13, 'id': 6}}
56: processing ../data_greatarc/wetransfer_long-call-recordings-raven-acoustics_2021-11-22_1051/LC rhythm - all LC Tuanan/9T6lcZeke.wav ...
44100
torch.Size([1, 1891890])
16000
torch.Size([1, 686400])
torch.Size([1, 688320])
torch.Size([2150, 768])
{'Unknown': {'count': 2028, 'id': 1}, 'Full pulse': {'count': 273, 'id': 2}, 'Sub-pulse transitory element': {'count': 146, 'id': 3}, 'Pulse body': {'count': 90, 'id': 4}, 'Bubble sub-pulse': {'count': 681, 'id': 5}, 'Grumble sub-pulse': {'count': 13, 'id': 6}}
57: processing ../data_greatarc/wetransfer_long-call-recordings-raven-acoustics_2021-11-22_1051/LC rhythm - all LC Tuanan/24dat LC Male.wav ...
44100
torch.Size([1, 1106910])
16000
torch.Size([1, 401600])
torch.Size([1, 416320])
torch.Size([1300, 768])
{'Unknown': {'count': 2040, 'id': 1}, 'Full pulse': {'count': 273, 'id': 2}, 'Sub-pulse transitory element': {'count': 146, 'id': 3}, 'Pulse body': {'count': 90, 'id': 4}, 'Bubble sub-pulse': {'count': 681, 'id': 5}, 'Grumble sub-pulse': {'count': 13, 'id': 6}}
58: processing ../data_greatarc/wetransfer_long-call-recordings-raven-acoustics_2021-11-22_1051/LC rhythm - all LC Tuanan/23datA LC Fugit.wav ...
44100
torch.Size([1, 3228120])
16000
torch.Size([1, 1171200])
torch.Size([1, 1184320])
torch.Size([3700, 768])
{'Unknown': {'count': 2047, 'id': 1}, 'Full pulse': {'count': 273, 'id': 2}, 'Sub-pulse transitory element': {'count': 146, 'id': 3}, 'Pulse body': {'count': 90, 'id': 4}, 'Bubble sub-pulse': {'count': 681, 'id': 5}, 'Grumble sub-pulse': {'count': 13, 'id': 6}}
59: processing ../data_greatarc/wetransfer_long-call-recordings-raven-acoustics_2021-11-22_1051/LC rhythm - all LC Tuanan/51dat LC Sultan.wav ...
44100
torch.Size([1, 1953630])
16000
torch.Size([1, 708800])
torch.Size([1, 720320])
torch.Size([2250, 768])
{'Unknown': {'count': 2058, 'id': 1}, 'Full pulse': {'count': 273, 'id': 2}, 'Sub-pulse transitory element': {'count': 146, 'id': 3}, 'Pulse body': {'count': 90, 'id': 4}, 'Bubble sub-pulse': {'count': 681, 'id': 5}, 'Grumble sub-pulse': {'count': 13, 'id': 6}}
60: processing ../data_greatarc/wetransfer_long-call-recordings-raven-acoustics_2021-11-22_1051/LC rhythm - all LC Tuanan/48datA LC Niko.wav ...
44100
torch.Size([1, 1764000])
16000
torch.Size([1, 640000])
torch.Size([1, 640320])
torch.Size([2000, 768])
{'Unknown': {'count': 2070, 'id': 1}, 'Full pulse': {'count': 273, 'id': 2}, 'Sub-pulse transitory element': {'count': 146, 'id': 3}, 'Pulse body': {'count': 90, 'id': 4}, 'Bubble sub-pulse': {'count': 681, 'id': 5}, 'Grumble sub-pulse': {'count': 13, 'id': 6}}
61: processing ../data_greatarc/wetransfer_long-call-recordings-raven-acoustics_2021-11-22_1051/LC rhythm - all LC Tuanan/21T5lcNiko.wav ...
44100
torch.Size([1, 3982230])
16000
torch.Size([1, 1444800])
torch.Size([1, 1456320])
torch.Size([4550, 768])
{'Unknown': {'count': 2092, 'id': 1}, 'Full pulse': {'count': 273, 'id': 2}, 'Sub-pulse transitory element': {'count': 146, 'id': 3}, 'Pulse body': {'count': 90, 'id': 4}, 'Bubble sub-pulse': {'count': 681, 'id': 5}, 'Grumble sub-pulse': {'count': 13, 'id': 6}}
62: processing ../data_greatarc/wetransfer_long-call-recordings-raven-acoustics_2021-11-22_1051/LC rhythm - all LC Tuanan/93dat LC Sultan.wav ...
44100
torch.Size([1, 2412270])
16000
torch.Size([1, 875200])
torch.Size([1, 880320])
torch.Size([2750, 768])
{'Unknown': {'count': 2297, 'id': 1}, 'Full pulse': {'count': 273, 'id': 2}, 'Sub-pulse transitory element': {'count': 146, 'id': 3}, 'Pulse body': {'count': 90, 'id': 4}, 'Bubble sub-pulse': {'count': 681, 'id': 5}, 'Grumble sub-pulse': {'count': 13, 'id': 6}}
63: processing ../data_greatarc/wetransfer_long-call-recordings-raven-acoustics_2021-11-22_1051/LC rhythm - all LC Tuanan/8T10lcFugit.wav ...
44100
torch.Size([1, 3439800])
16000
torch.Size([1, 1248000])
torch.Size([1, 1248320])
torch.Size([3900, 768])
{'Unknown': {'count': 2337, 'id': 1}, 'Full pulse': {'count': 273, 'id': 2}, 'Sub-pulse transitory element': {'count': 146, 'id': 3}, 'Pulse body': {'count': 90, 'id': 4}, 'Bubble sub-pulse': {'count': 681, 'id': 5}, 'Grumble sub-pulse': {'count': 13, 'id': 6}}
64: processing ../data_greatarc/wetransfer_long-call-recordings-raven-acoustics_2021-11-22_1051/LC rhythm - all LC Tuanan/131dat LC Kay.wav ...
44100
torch.Size([1, 5852070])
16000
torch.Size([1, 2123200])
torch.Size([1, 2128320])
torch.Size([6650, 768])
{'Unknown': {'count': 2487, 'id': 1}, 'Full pulse': {'count': 273, 'id': 2}, 'Sub-pulse transitory element': {'count': 146, 'id': 3}, 'Pulse body': {'count': 90, 'id': 4}, 'Bubble sub-pulse': {'count': 681, 'id': 5}, 'Grumble sub-pulse': {'count': 13, 'id': 6}}
65: processing ../data_greatarc/wetransfer_long-call-recordings-raven-acoustics_2021-11-22_1051/LC rhythm - all LC Tuanan/32T5lcZeke.wav ...
44100
torch.Size([1, 2434320])
16000
torch.Size([1, 883200])
torch.Size([1, 896320])
torch.Size([2800, 768])
{'Unknown': {'count': 2517, 'id': 1}, 'Full pulse': {'count': 273, 'id': 2}, 'Sub-pulse transitory element': {'count': 146, 'id': 3}, 'Pulse body': {'count': 90, 'id': 4}, 'Bubble sub-pulse': {'count': 681, 'id': 5}, 'Grumble sub-pulse': {'count': 13, 'id': 6}}
66: processing ../data_greatarc/wetransfer_long-call-recordings-raven-acoustics_2021-11-22_1051/LC rhythm - all LC Tuanan/17T6lcZeke.wav ...
44100
torch.Size([1, 2385810])
16000
torch.Size([1, 865600])
torch.Size([1, 880320])
torch.Size([2750, 768])
{'Unknown': {'count': 2643, 'id': 1}, 'Full pulse': {'count': 273, 'id': 2}, 'Sub-pulse transitory element': {'count': 146, 'id': 3}, 'Pulse body': {'count': 90, 'id': 4}, 'Bubble sub-pulse': {'count': 681, 'id': 5}, 'Grumble sub-pulse': {'count': 13, 'id': 6}}
67: processing ../data_greatarc/wetransfer_long-call-recordings-raven-acoustics_2021-11-22_1051/LC rhythm - all LC Tuanan/13T2lcNiko.wav ...
44100
torch.Size([1, 4396770])
16000
torch.Size([1, 1595200])
torch.Size([1, 1600320])
torch.Size([5000, 768])
{'Unknown': {'count': 2643, 'id': 1}, 'Full pulse': {'count': 318, 'id': 2}, 'Sub-pulse transitory element': {'count': 159, 'id': 3}, 'Pulse body': {'count': 103, 'id': 4}, 'Bubble sub-pulse': {'count': 706, 'id': 5}, 'Grumble sub-pulse': {'count': 13, 'id': 6}}
68: processing ../data_greatarc/wetransfer_long-call-recordings-raven-acoustics_2021-11-22_1051/LC rhythm - all LC Tuanan/49datA LC Niko.wav ...
44100
torch.Size([1, 2315250])
16000
torch.Size([1, 840000])
torch.Size([1, 848320])
torch.Size([2650, 768])
{'Unknown': {'count': 2661, 'id': 1}, 'Full pulse': {'count': 318, 'id': 2}, 'Sub-pulse transitory element': {'count': 159, 'id': 3}, 'Pulse body': {'count': 103, 'id': 4}, 'Bubble sub-pulse': {'count': 706, 'id': 5}, 'Grumble sub-pulse': {'count': 13, 'id': 6}}
69: processing ../data_greatarc/wetransfer_long-call-recordings-raven-acoustics_2021-11-22_1051/LC rhythm - all LC Tuanan/12T6lcZeke.wav ...
44100
torch.Size([1, 2637180])
16000
torch.Size([1, 956800])
torch.Size([1, 960320])
torch.Size([3000, 768])
{'Unknown': {'count': 2815, 'id': 1}, 'Full pulse': {'count': 318, 'id': 2}, 'Sub-pulse transitory element': {'count': 159, 'id': 3}, 'Pulse body': {'count': 103, 'id': 4}, 'Bubble sub-pulse': {'count': 706, 'id': 5}, 'Grumble sub-pulse': {'count': 13, 'id': 6}}
70: processing ../data_greatarc/wetransfer_long-call-recordings-raven-acoustics_2021-11-22_1051/LC rhythm - all LC Tuanan/25datA LC Henk.wav ...
44100
torch.Size([1, 2959110])
16000
torch.Size([1, 1073600])
torch.Size([1, 1088320])
torch.Size([3400, 768])
{'Unknown': {'count': 2870, 'id': 1}, 'Full pulse': {'count': 340, 'id': 2}, 'Sub-pulse transitory element': {'count': 191, 'id': 3}, 'Pulse body': {'count': 121, 'id': 4}, 'Bubble sub-pulse': {'count': 722, 'id': 5}, 'Grumble sub-pulse': {'count': 13, 'id': 6}}
71: processing ../data_greatarc/wetransfer_long-call-recordings-raven-acoustics_2021-11-22_1051/LC rhythm - all LC Tuanan/1T7lcNico.wav ...
44100
torch.Size([1, 2315250])
16000
torch.Size([1, 840000])
torch.Size([1, 848320])
torch.Size([2650, 768])
{'Unknown': {'count': 2870, 'id': 1}, 'Full pulse': {'count': 364, 'id': 2}, 'Sub-pulse transitory element': {'count': 200, 'id': 3}, 'Pulse body': {'count': 129, 'id': 4}, 'Bubble sub-pulse': {'count': 747, 'id': 5}, 'Grumble sub-pulse': {'count': 23, 'id': 6}}
72: processing ../data_greatarc/wetransfer_long-call-recordings-raven-acoustics_2021-11-22_1051/LC rhythm - all LC Tuanan/27T5lcNiko.wav ...
44100
torch.Size([1, 3245760])
16000
torch.Size([1, 1177600])
torch.Size([1, 1184320])
torch.Size([3700, 768])
{'Unknown': {'count': 2872, 'id': 1}, 'Full pulse': {'count': 391, 'id': 2}, 'Sub-pulse transitory element': {'count': 200, 'id': 3}, 'Pulse body': {'count': 139, 'id': 4}, 'Bubble sub-pulse': {'count': 777, 'id': 5}, 'Grumble sub-pulse': {'count': 23, 'id': 6}}
75: processing ../data_greatarc/wetransfer_long-call-recordings-raven-acoustics_2021-11-22_1051/LC rhythm - all LC Tuanan/123dat LCandKSQ Rambo.wav ...
44100
torch.Size([1, 5618340])
16000
torch.Size([1, 2038400])
torch.Size([1, 2048320])
torch.Size([6400, 768])
{'Unknown': {'count': 2872, 'id': 1}, 'Full pulse': {'count': 445, 'id': 2}, 'Sub-pulse transitory element': {'count': 252, 'id': 3}, 'Pulse body': {'count': 176, 'id': 4}, 'Bubble sub-pulse': {'count': 853, 'id': 5}, 'Grumble sub-pulse': {'count': 23, 'id': 6}}
--- 12042.58823800087 seconds ---

Split 66 files: [PosixPath('data_wav2vec2/5T10lcFugit.csv'), PosixPath('data_wav2vec2/2T7lcNico.csv'), PosixPath('data_wav2vec2/86dat LC Sultan.csv'), PosixPath('data_wav2vec2/77datA LC Fugit.csv'), PosixPath('data_wav2vec2/33datA LC Fugit.csv'), PosixPath('data_wav2vec2/111dat LC Teju.csv'), PosixPath('data_wav2vec2/10T10lcFugit.csv'), PosixPath('data_wav2vec2/75datA LC Kay.csv'), PosixPath('data_wav2vec2/28T5lcNiko.csv'), PosixPath('data_wav2vec2/137dat LC Fugit.csv'), PosixPath('data_wav2vec2/12T8lcFugit.csv'), PosixPath('data_wav2vec2/31T5lcZeke.csv'), PosixPath('data_wav2vec2/72datA LC Kay.csv'), PosixPath('data_wav2vec2/9T6lcZeke.csv'), PosixPath('data_wav2vec2/6T10lcFugit.csv'), PosixPath('data_wav2vec2/24dat LC Male.csv'), PosixPath('data_wav2vec2/23datA LC Fugit.csv'), PosixPath('data_wav2vec2/21T5lcNiko.csv'), PosixPath('data_wav2vec2/48datA LC Niko.csv'), PosixPath('data_wav2vec2/51dat LC Sultan.csv'), PosixPath('data_wav2vec2/93dat LC Sultan.csv'), PosixPath('data_wav2vec2/8T10lcFugit.csv'), PosixPath('data_wav2vec2/131dat LC Kay.csv'), PosixPath('data_wav2vec2/32T5lcZeke.csv'), PosixPath('data_wav2vec2/17T6lcZeke.csv'), PosixPath('data_wav2vec2/49datA LC Niko.csv'), PosixPath('data_wav2vec2/13T2lcNiko.csv'), PosixPath('data_wav2vec2/12T6lcZeke.csv'), PosixPath('data_wav2vec2/1T7lcNico.csv'), PosixPath('data_wav2vec2/25datA LC Henk.csv'), PosixPath('data_wav2vec2/27T5lcNiko.csv'), PosixPath('data_wav2vec2/123dat LCandKSQ Rambo.csv'), PosixPath('data_wav2vec2/134dat LC Fugit.csv'), PosixPath('data_wav2vec2/20T5lcNiko.csv'), PosixPath('data_wav2vec2/24T5lcNico.csv'), PosixPath('data_wav2vec2/165datLongCallFugit.csv'), PosixPath('data_wav2vec2/15T6lcZeke.csv'), PosixPath('data_wav2vec2/13T8lcksqFugit.csv'), PosixPath('data_wav2vec2/100dat LC FlangedMale.csv'), PosixPath('data_wav2vec2/119dat LC Kay.csv'), PosixPath('data_wav2vec2/130dat LC Kay.csv'), PosixPath('data_wav2vec2/14T8lcksqFugit.csv'), PosixPath('data_wav2vec2/102dat LC FlangedMale.csv'), PosixPath('data_wav2vec2/47dat LC Sultan.csv'), PosixPath('data_wav2vec2/149dat LC Fugit.csv'), PosixPath('data_wav2vec2/133dat LC Fugit.csv'), PosixPath('data_wav2vec2/125dat LC Rambo.csv'), PosixPath('data_wav2vec2/11T10lcFugit.csv'), PosixPath('data_wav2vec2/26dat LC  Male.csv'), PosixPath('data_wav2vec2/26T5lcNiko.csv'), PosixPath('data_wav2vec2/7T6lcZeke.csv'), PosixPath('data_wav2vec2/91dat LC Sultan.csv'), PosixPath('data_wav2vec2/132dat LC Fugit.csv'), PosixPath('data_wav2vec2/148dat LC Fugit.csv'), PosixPath('data_wav2vec2/13T6lcZeke.csv'), PosixPath('data_wav2vec2/26datA LC Henk.csv'), PosixPath('data_wav2vec2/12T2lcNiko.csv'), PosixPath('data_wav2vec2/2T6lcZeke.csv'), PosixPath('data_wav2vec2/135dat LC Fugit.csv'), PosixPath('data_wav2vec2/13T4lcDayak.csv'), PosixPath('data_wav2vec2/16T6lcZeke.csv'), PosixPath('data_wav2vec2/4T10lcFugit.csv'), PosixPath('data_wav2vec2/52dat LC Sultan.csv'), PosixPath('data_wav2vec2/104dat LC Male.csv'), PosixPath('data_wav2vec2/11T8lcFugit.csv'), PosixPath('data_wav2vec2/122dat LC Rambo.csv')]
(245050, 769)
Labels in train:  {0.0: 164462, 1.0: 60907, 2.0: 9163, 3.0: 923, 4.0: 5458, 5.0: 4019, 6.0: 118}
--- 171.58272194862366 seconds ---