cuda
Reading data ...
Read 66 files: [PosixPath('../../data/data_wav2vec2/104dat LC Male.csv'), PosixPath('../../data/data_wav2vec2/1T7lcNico.csv'), PosixPath('../../data/data_wav2vec2/6T10lcFugit.csv'), PosixPath('../../data/data_wav2vec2/134dat LC Fugit.csv'), PosixPath('../../data/data_wav2vec2/8T10lcFugit.csv'), PosixPath('../../data/data_wav2vec2/23datA LC Fugit.csv'), PosixPath('../../data/data_wav2vec2/24dat LC Male.csv'), PosixPath('../../data/data_wav2vec2/111dat LC Teju.csv'), PosixPath('../../data/data_wav2vec2/91dat LC Sultan.csv'), PosixPath('../../data/data_wav2vec2/11T10lcFugit.csv'), PosixPath('../../data/data_wav2vec2/122dat LC Rambo.csv'), PosixPath('../../data/data_wav2vec2/20T5lcNiko.csv'), PosixPath('../../data/data_wav2vec2/5T10lcFugit.csv'), PosixPath('../../data/data_wav2vec2/15T6lcZeke.csv'), PosixPath('../../data/data_wav2vec2/86dat LC Sultan.csv'), PosixPath('../../data/data_wav2vec2/131dat LC Kay.csv'), PosixPath('../../data/data_wav2vec2/27T5lcNiko.csv'), PosixPath('../../data/data_wav2vec2/13T6lcZeke.csv'), PosixPath('../../data/data_wav2vec2/26dat LC  Male.csv'), PosixPath('../../data/data_wav2vec2/135dat LC Fugit.csv'), PosixPath('../../data/data_wav2vec2/102dat LC FlangedMale.csv'), PosixPath('../../data/data_wav2vec2/12T2lcNiko.csv'), PosixPath('../../data/data_wav2vec2/130dat LC Kay.csv'), PosixPath('../../data/data_wav2vec2/51dat LC Sultan.csv'), PosixPath('../../data/data_wav2vec2/165datLongCallFugit.csv'), PosixPath('../../data/data_wav2vec2/132dat LC Fugit.csv'), PosixPath('../../data/data_wav2vec2/9T6lcZeke.csv'), PosixPath('../../data/data_wav2vec2/52dat LC Sultan.csv'), PosixPath('../../data/data_wav2vec2/119dat LC Kay.csv'), PosixPath('../../data/data_wav2vec2/133dat LC Fugit.csv'), PosixPath('../../data/data_wav2vec2/77datA LC Fugit.csv'), PosixPath('../../data/data_wav2vec2/149dat LC Fugit.csv'), PosixPath('../../data/data_wav2vec2/26datA LC Henk.csv'), PosixPath('../../data/data_wav2vec2/33datA LC Fugit.csv'), PosixPath('../../data/data_wav2vec2/93dat LC Sultan.csv'), PosixPath('../../data/data_wav2vec2/21T5lcNiko.csv'), PosixPath('../../data/data_wav2vec2/100dat LC FlangedMale.csv'), PosixPath('../../data/data_wav2vec2/49datA LC Niko.csv'), PosixPath('../../data/data_wav2vec2/16T6lcZeke.csv'), PosixPath('../../data/data_wav2vec2/31T5lcZeke.csv'), PosixPath('../../data/data_wav2vec2/123dat LCandKSQ Rambo.csv'), PosixPath('../../data/data_wav2vec2/2T7lcNico.csv'), PosixPath('../../data/data_wav2vec2/12T8lcFugit.csv'), PosixPath('../../data/data_wav2vec2/24T5lcNico.csv'), PosixPath('../../data/data_wav2vec2/7T6lcZeke.csv'), PosixPath('../../data/data_wav2vec2/14T8lcksqFugit.csv'), PosixPath('../../data/data_wav2vec2/17T6lcZeke.csv'), PosixPath('../../data/data_wav2vec2/47dat LC Sultan.csv'), PosixPath('../../data/data_wav2vec2/48datA LC Niko.csv'), PosixPath('../../data/data_wav2vec2/12T6lcZeke.csv'), PosixPath('../../data/data_wav2vec2/13T8lcksqFugit.csv'), PosixPath('../../data/data_wav2vec2/28T5lcNiko.csv'), PosixPath('../../data/data_wav2vec2/125dat LC Rambo.csv'), PosixPath('../../data/data_wav2vec2/10T10lcFugit.csv'), PosixPath('../../data/data_wav2vec2/72datA LC Kay.csv'), PosixPath('../../data/data_wav2vec2/75datA LC Kay.csv'), PosixPath('../../data/data_wav2vec2/137dat LC Fugit.csv'), PosixPath('../../data/data_wav2vec2/25datA LC Henk.csv'), PosixPath('../../data/data_wav2vec2/11T8lcFugit.csv'), PosixPath('../../data/data_wav2vec2/4T10lcFugit.csv'), PosixPath('../../data/data_wav2vec2/148dat LC Fugit.csv'), PosixPath('../../data/data_wav2vec2/2T6lcZeke.csv'), PosixPath('../../data/data_wav2vec2/13T4lcDayak.csv'), PosixPath('../../data/data_wav2vec2/13T2lcNiko.csv'), PosixPath('../../data/data_wav2vec2/32T5lcZeke.csv'), PosixPath('../../data/data_wav2vec2/26T5lcNiko.csv')]
Train on 13 annotated files
(52200, 769)
Labels in data:  {0.0: 32196, 1.0: 323, 2.0: 9163, 3.0: 923, 4.0: 5458, 5.0: 4019, 6.0: 118}
train, dev, test number of files: 11, 1, 1.
dev files:  [PosixPath('../../data/data_wav2vec2/5T10lcFugit.csv')]
test files:  [PosixPath('../../data/data_wav2vec2/4T10lcFugit.csv')]
--- 88.98595333099365 seconds ---
LSTM(
  (lstm): LSTM(768, 256, num_layers=2, dropout=0.2, bidirectional=True)
  (hidden2tag): Linear(in_features=512, out_features=7, bias=True)
)
Number of parameters: 3681799

Train Epoch: 1 accuracy: 0.50 
 precision: [0.89954208 0.00429424 0.50337102 0.11507091 0.42041677 0.23766719
 0.01581837] 
 recall: [0.56025741 0.02616099 0.27635041 0.55993789 0.67850693 0.25940883
 0.80211864] 
 f1: [0.6904717  0.0073775  0.3568115  0.1909088  0.51915468 0.24806253
 0.0310249 ] 
 f1_avg: 0.56836614314672


Validation Epoch: 1 accuracy: 0.44 
 precision: [0.86729858 0.         0.83392857 0.17174515 0.02106742 0.40839695
 0.        ] 
 recall: [0.52802968 1.         0.29169269 0.63917526 0.2027027  0.53233831
 1.        ] 
 f1: [0.65641814 0.         0.43220731 0.27074236 0.03816794 0.46220302
 0.        ] 
 f1_avg: 0.5433318184224991

New best val score, save model ...
--- 106.64958143234253 seconds ---

Train Epoch: 2 accuracy: 0.61 
 precision: [0.94465144 0.00579072 0.58893056 0.22676409 0.56649535 0.37113714
 0.02374687] 
 recall: [0.6669989  0.03947368 0.39116989 0.79801242 0.61801764 0.54532334
 0.96355932] 
 f1: [0.7819084  0.01009981 0.47009855 0.35317079 0.59113597 0.44167697
 0.04635141] 
 f1_avg: 0.6698255349005383


Validation Epoch: 2 accuracy: 0.46 
 precision: [0.87623762 0.         0.59574468 0.16715543 0.01688312 0.46370968
 0.        ] 
 recall: [0.58367683 1.         0.24484697 0.58762887 0.17567568 0.5721393
 1.        ] 
 f1: [0.70064325 0.         0.34705622 0.26027397 0.03080569 0.51224944
 0.        ] 
 f1_avg: 0.5410539118449998

--- 113.01395606994629 seconds ---

Train Epoch: 3 accuracy: 0.64 
 precision: [0.96135848 0.00598511 0.59081944 0.27473071 0.60744874 0.39707788
 0.02787092] 
 recall: [0.68775272 0.03622291 0.42966695 0.86180124 0.66874213 0.62493755
 0.99322034] 
 f1: [0.80185849 0.01027285 0.49751881 0.41664164 0.63662352 0.48560691
 0.05422035] 
 f1_avg: 0.696189206016881


Validation Epoch: 3 accuracy: 0.49 
 precision: [0.89277251 0.         0.63349131 0.17014925 0.01756587 0.46691176
 0.        ] 
 recall: [0.62118714 1.         0.25046846 0.58762887 0.18918919 0.6318408
 1.        ] 
 f1: [0.73262032 0.         0.35899731 0.26388889 0.03214696 0.53699789
 0.        ] 
 f1_avg: 0.5643349664499269

New best val score, save model ...
--- 119.37941265106201 seconds ---

Train Epoch: 4 accuracy: 0.66 
 precision: [0.96595033 0.0031468  0.61490998 0.30662252 0.64616235 0.40675135
 0.03022207] 
 recall: [0.70161279 0.01640867 0.45881612 0.89149068 0.71228475 0.67588121
 0.9970339 ] 
 f1: [0.81283053 0.00528086 0.52551691 0.45630265 0.6776143  0.507865
 0.05866587] 
 f1_avg: 0.7143267836966338


Validation Epoch: 4 accuracy: 0.50 
 precision: [0.90137478 0.         0.67292645 0.17868339 0.02405063 0.42507645
 0.        ] 
 recall: [0.62159934 1.         0.26858214 0.58762887 0.25675676 0.69154229
 1.        ] 
 f1: [0.73578922 0.         0.38392857 0.27403846 0.04398148 0.52651515
 0.        ] 
 f1_avg: 0.5741716813741804

New best val score, save model ...
--- 125.72424006462097 seconds ---

Train Epoch: 5 accuracy: 0.68 
 precision: [0.96711612 0.001926   0.63666963 0.33445251 0.67642903 0.41928472
 0.03263442] 
 recall: [0.71564813 0.00882353 0.48571229 0.90950311 0.74886602 0.70933944
 0.99915254] 
 f1: [0.82259276 0.00316184 0.55103928 0.48906182 0.71080681 0.52704026
 0.06320445] 
 f1_avg: 0.7301372485229732


Validation Epoch: 5 accuracy: 0.51 
 precision: [0.90349319 0.         0.68300153 0.19256757 0.02608696 0.43796712
 0.        ] 
 recall: [0.62901896 1.         0.27857589 0.58762887 0.28378378 0.72885572
 1.        ] 
 f1: [0.74167679 0.         0.39574091 0.29007634 0.04778157 0.54715219
 0.        ] 
 f1_avg: 0.5835907629917785

New best val score, save model ...
--- 132.06583452224731 seconds ---

Train Epoch: 6 accuracy: 0.70 
 precision: [0.96832246 0.0013625  0.64969807 0.3572219  0.69691661 0.43235301
 0.03461172] 
 recall: [0.72624013 0.00588235 0.50588441 0.92229814 0.77271105 0.73097419
 1.        ] 
 f1: [0.82998956 0.00221252 0.56884235 0.51498231 0.73285932 0.5433362
 0.06690765] 
 f1_avg: 0.7417117663514081


Validation Epoch: 6 accuracy: 0.52 
 precision: [0.90829948 0.         0.6651446  0.20577617 0.0210136  0.43668122
 0.        ] 
 recall: [0.64509481 1.         0.2729544  0.58762887 0.22972973 0.74626866
 1.        ] 
 f1: [0.75439865 0.         0.3870682  0.30481283 0.0385051  0.55096419
 0.        ] 
 f1_avg: 0.5877763352698246

New best val score, save model ...
--- 138.4412248134613 seconds ---

Train Epoch: 7 accuracy: 0.71 
 precision: [0.97011292 0.00211193 0.65942787 0.37576122 0.70899296 0.44634862
 0.0360917 ] 
 recall: [0.73646213 0.00866873 0.52032606 0.93130435 0.78904872 0.74708576
 1.        ] 
 f1: [0.83729271 0.00339641 0.58167639 0.53547131 0.74688174 0.55882536
 0.06966893] 
 f1_avg: 0.7514397469300119


Validation Epoch: 7 accuracy: 0.52 
 precision: [0.91200466 0.         0.66020864 0.21621622 0.01941748 0.44155844
 0.        ] 
 recall: [0.64509481 1.         0.27670206 0.57731959 0.21621622 0.76119403
 1.        ] 
 f1: [0.75567359 0.         0.38996479 0.31460674 0.03563474 0.55890411
 0.        ] 
 f1_avg: 0.5903110929144554

New best val score, save model ...
--- 144.77890729904175 seconds ---

Train Epoch: 8 accuracy: 0.72 
 precision: [0.9721083  0.00696056 0.66605682 0.38947776 0.71819738 0.45849479
 0.03787794] 
 recall: [0.74566795 0.02786378 0.53492863 0.93801242 0.80169047 0.75530114
 0.99957627] 
 f1: [0.84396324 0.01113861 0.59333419 0.55041458 0.75765063 0.57060933
 0.07298999] 
 f1_avg: 0.7598922648008838


Validation Epoch: 8 accuracy: 0.55 
 precision: [0.90874317 0.         0.70386905 0.24137931 0.02027883 0.45990923
 0.        ] 
 recall: [0.68549052 1.         0.29544035 0.57731959 0.21621622 0.75621891
 1.        ] 
 f1: [0.78148496 0.         0.41619006 0.34042553 0.03707995 0.57196613
 0.        ] 
 f1_avg: 0.6147605172238914

New best val score, save model ...
--- 151.1184196472168 seconds ---

Train Epoch: 9 accuracy: 0.73 
 precision: [0.97323146 0.01252584 0.66882739 0.4033359  0.72454303 0.4715208
 0.03973532] 
 recall: [0.75519598 0.04690402 0.54722922 0.94322981 0.81075178 0.76522342
 1.        ] 
 f1: [0.85046149 0.01977162 0.60194877 0.56504995 0.76522704 0.58349779
 0.07643353] 
 f1_avg: 0.7675051996263267


Validation Epoch: 9 accuracy: 0.53 
 precision: [0.91459276 0.         0.66371681 0.2360515  0.01802885 0.45080764
 0.        ] 
 recall: [0.66652927 1.         0.28107433 0.56701031 0.2027027  0.76368159
 1.        ] 
 f1: [0.77110157 0.         0.39491005 0.33333333 0.03311258 0.56694367
 0.        ] 
 f1_avg: 0.6012257449597023

--- 157.43835043907166 seconds ---

Train Epoch: 10 accuracy: 0.74 
 precision: [0.97450177 0.01920348 0.67297577 0.41342468 0.73062264 0.48094457
 0.04142168] 
 recall: [0.76394859 0.06702786 0.55950882 0.94453416 0.81920412 0.76933111
 1.        ] 
 f1: [0.85647456 0.02985383 0.61101921 0.57511866 0.77238191 0.59187846
 0.07954833] 
 f1_avg: 0.7744083318636943


Validation Epoch: 10 accuracy: 0.54 
 precision: [0.91441193 0.         0.65470852 0.24663677 0.01525822 0.45658683
 0.        ] 
 recall: [0.68260511 1.         0.27357901 0.56701031 0.17567568 0.75870647
 1.        ] 
 f1: [0.78168515 0.         0.38590308 0.34375    0.02807775 0.57009346
 0.        ] 
 f1_avg: 0.6040865425900313

--- 163.74149537086487 seconds ---

Train Epoch: 11 accuracy: 0.74 
 precision: [0.97551488 0.02632202 0.67966078 0.42289746 0.73711653 0.49132547
 0.04235463] 
 recall: [0.77120525 0.08606811 0.56860481 0.94571429 0.82826543 0.77736608
 1.        ] 
 f1: [0.86141127 0.04031469 0.61919257 0.58444649 0.78003728 0.60210026
 0.08126722] 
 f1_avg: 0.7806796422610564


Validation Epoch: 11 accuracy: 0.54 
 precision: [0.91662095 0.         0.67761194 0.23245614 0.01566265 0.45808383
 0.        ] 
 recall: [0.68878813 1.         0.28357277 0.54639175 0.17567568 0.76119403
 1.        ] 
 f1: [0.78653801 0.         0.39982387 0.32615385 0.02876106 0.57196262
 0.        ] 
 f1_avg: 0.61129422456682

--- 170.0356583595276 seconds ---

Train Epoch: 12 accuracy: 0.75 
 precision: [0.97604623 0.034057   0.6821287  0.43352126 0.74225275 0.49995126
 0.04415589] 
 recall: [0.77835393 0.10247678 0.57918416 0.95043478 0.8352058  0.78294477
 1.        ] 
 f1: [0.86606173 0.05112364 0.62645542 0.59544331 0.7859906  0.6102353
 0.0845772 ] 
 f1_avg: 0.7863160400066003


Validation Epoch: 12 accuracy: 0.53 
 precision: [0.92055556 0.         0.62463768 0.25242718 0.01251422 0.45901639
 0.        ] 
 recall: [0.68301731 1.         0.26920675 0.53608247 0.14864865 0.76616915
 1.        ] 
 f1: [0.78419309 0.         0.37625491 0.34323432 0.02308499 0.57409133
 0.        ] 
 f1_avg: 0.6023094095151018

--- 176.3553650379181 seconds ---

Train Epoch: 13 accuracy: 0.76 
 precision: [0.97729036 0.04423622 0.68856733 0.44301417 0.74738008 0.5076864
 0.04529229] 
 recall: [0.78478738 0.12569659 0.58765743 0.95124224 0.84316464 0.78873161
 1.        ] 
 f1: [0.87052362 0.06544165 0.63412295 0.6044997  0.79238823 0.61774568
 0.08665957] 
 f1_avg: 0.7918826061765509


Validation Epoch: 13 accuracy: 0.57 
 precision: [0.91299898 0.         0.6744868  0.25       0.01215067 0.48470209
 0.        ] 
 recall: [0.73536686 1.         0.28732042 0.46391753 0.13513514 0.74875622
 1.        ] 
 f1: [0.81461187 0.         0.40297854 0.32490975 0.02229654 0.5884653
 0.        ] 
 f1_avg: 0.6285100606919997

New best val score, save model ...
--- 182.67580342292786 seconds ---

Train Epoch: 14 accuracy: 0.76 
 precision: [0.97727193 0.05027678 0.69085494 0.45021556 0.75155609 0.51492571
 0.04607485] 
 recall: [0.7890079  0.13637771 0.59559894 0.95347826 0.84688156 0.79018873
 1.        ] 
 f1: [0.87310658 0.07346871 0.6397003  0.61163018 0.79637638 0.62352922
 0.08809093] 
 f1_avg: 0.7954634447802443


Validation Epoch: 14 accuracy: 0.54 
 precision: [0.92248908 0.         0.63872832 0.25       0.0117096  0.45752608
 0.        ] 
 recall: [0.69661995 1.         0.27607745 0.51546392 0.13513514 0.76368159
 1.        ] 
 f1: [0.79379991 0.         0.38552115 0.33670034 0.02155172 0.5722274
 0.        ] 
 f1_avg: 0.6102756761631158

--- 188.9671332836151 seconds ---

Train Epoch: 15 accuracy: 0.77 
 precision: [0.97806659 0.06158767 0.69664726 0.46102336 0.75669485 0.52288267
 0.04679383] 
 recall: [0.79323372 0.16393189 0.60378533 0.95360248 0.85327593 0.79593394
 1.        ] 
 f1: [0.87600662 0.0895371  0.64690073 0.62155378 0.80208847 0.63114168
 0.0894041 ] 
 f1_avg: 0.7999372769797198


Validation Epoch: 15 accuracy: 0.56 
 precision: [0.91937173 0.         0.65566714 0.2748538  0.01304864 0.4683153
 0.        ] 
 recall: [0.72382523 1.         0.2854466  0.48453608 0.14864865 0.75373134
 1.        ] 
 f1: [0.8099631  0.         0.39773716 0.35074627 0.02399128 0.57769304
 0.        ] 
 f1_avg: 0.6238647874397226

--- 195.25678157806396 seconds ---

Train Epoch: 16 accuracy: 0.77 
 precision: [0.97865829 0.06921882 0.70089261 0.46595015 0.76012473 0.52849042
 0.04760752] 
 recall: [0.79712849 0.17941176 0.60929891 0.95322981 0.85745485 0.79929226
 1.        ] 
 f1: [0.87861495 0.09989657 0.65189416 0.62593552 0.8058616  0.63627626
 0.09088808] 
 f1_avg: 0.8033343004260555


Validation Epoch: 16 accuracy: 0.56 
 precision: [0.92020997 0.         0.65759312 0.28143713 0.0128655  0.47278383
 0.        ] 
 recall: [0.72258862 1.         0.28669582 0.48453608 0.14864865 0.75621891
 1.        ] 
 f1: [0.80951281 0.         0.39930405 0.35606061 0.02368138 0.58181818
 0.        ] 
 f1_avg: 0.6246402335790774

--- 201.55368661880493 seconds ---

Train Epoch: 17 accuracy: 0.78 
 precision: [0.97913398 0.0751188  0.70495344 0.47660022 0.76447286 0.53658016
 0.0481338 ] 
 recall: [0.80107637 0.19086687 0.6165827  0.95639752 0.86117178 0.80284485
 1.        ] 
 f1: [0.88120047 0.10780799 0.65781341 0.63617584 0.80994633 0.64324709
 0.09184666] 
 f1_avg: 0.8071298794650419


Validation Epoch: 17 accuracy: 0.54 
 precision: [0.92755214 0.         0.63453237 0.25966851 0.01324503 0.46543779
 0.        ] 
 recall: [0.69661995 1.         0.27545284 0.48453608 0.16216216 0.75373134
 1.        ] 
 f1: [0.79566855 0.         0.38414634 0.3381295  0.0244898  0.57549858
 0.        ] 
 f1_avg: 0.6111459626421643

--- 207.85187482833862 seconds ---

Train Epoch: 18 accuracy: 0.78 
 precision: [0.97917274 0.08388602 0.70589264 0.48452636 0.76736257 0.5408207
 0.04873818] 
 recall: [0.80259887 0.21145511 0.62125665 0.95689441 0.8648782  0.80584235
 1.        ] 
 f1: [0.88213656 0.12011959 0.66087591 0.64331051 0.81320743 0.64725356
 0.09294632] 
 f1_avg: 0.8090884802643357


Validation Epoch: 18 accuracy: 0.53 
 precision: [0.93250844 0.         0.5982906  0.25543478 0.01287554 0.45037037
 0.        ] 
 recall: [0.68342951 1.         0.26233604 0.48453608 0.16216216 0.75621891
 1.        ] 
 f1: [0.7887726  0.         0.36474164 0.33451957 0.02385686 0.5645311
 0.        ] 
 f1_avg: 0.5997106521063239

--- 214.1457874774933 seconds ---

Train Epoch: 19 accuracy: 0.78 
 precision: [0.97981756 0.09323739 0.70988276 0.49255967 0.76908338 0.54489147
 0.04929474] 
 recall: [0.8045498  0.23668731 0.6265813  0.96012422 0.86820664 0.80818762
 0.99957627] 
 f1: [0.88357593 0.13377663 0.66563595 0.65109618 0.8156445  0.6509221
 0.09395599] 
 f1_avg: 0.8115393308183203


Validation Epoch: 19 accuracy: 0.54 
 precision: [0.92786885 0.         0.59607293 0.27108434 0.01380042 0.47833066
 0.        ] 
 recall: [0.69991756 1.         0.26545909 0.46391753 0.17567568 0.74129353
 1.        ] 
 f1: [0.79793233 0.         0.3673293  0.34220532 0.02559055 0.58146341
 0.        ] 
 f1_avg: 0.6071117290365715

--- 220.45842218399048 seconds ---

Train Epoch: 20 accuracy: 0.79 
 precision: [0.98020634 0.09844271 0.71407332 0.4991759  0.77373133 0.55077256
 0.04979638] 
 recall: [0.80787806 0.24659443 0.63179401 0.95937888 0.87200756 0.81125451
 1.        ] 
 f1: [0.88573805 0.14071195 0.6704186  0.65667581 0.81993514 0.6561055
 0.09486865] 
 f1_avg: 0.8146768614674879


Validation Epoch: 20 accuracy: 0.56 
 precision: [0.92654774 0.         0.63319386 0.26829268 0.01459035 0.48756219
 0.        ] 
 recall: [0.72794724 1.         0.28357277 0.45360825 0.17567568 0.73134328
 1.        ] 
 f1: [0.81532779 0.         0.391717   0.33716475 0.02694301 0.58507463
 0.        ] 
 f1_avg: 0.6250049787621076

--- 226.7646188735962 seconds ---

Train Epoch: 21 accuracy: 0.79 
 precision: [0.98041131 0.10190446 0.71685542 0.50406398 0.77616609 0.55655366
 0.05052149] 
 recall: [0.8102999  0.25263158 0.63687378 0.95913043 0.87534649 0.81422426
 0.99957627] 
 f1: [0.8872756  0.14522803 0.67450184 0.66083235 0.82277819 0.66117127
 0.09618168] 
 f1_avg: 0.8171069554610925


Validation Epoch: 21 accuracy: 0.54 
 precision: [0.92899729 0.         0.59392265 0.26785714 0.01497326 0.47916667
 0.        ] 
 recall: [0.70651278 1.         0.26858214 0.46391753 0.18918919 0.74378109
 1.        ] 
 f1: [0.80262234 0.         0.36989247 0.33962264 0.02775025 0.582846
 0.        ] 
 f1_avg: 0.6105784013911434

--- 233.05923557281494 seconds ---

Train Epoch: 22 accuracy: 0.79 
 precision: [0.98100759 0.10756385 0.71949919 0.51152866 0.77961831 0.56139865
 0.05114314] 
 recall: [0.81256418 0.27120743 0.64214246 0.96043478 0.87715246 0.81613933
 1.        ] 
 f1: [0.88887619 0.15403552 0.67862345 0.66753006 0.82551446 0.66521508
 0.09730956] 
 f1_avg: 0.8195653563452425


Validation Epoch: 22 accuracy: 0.55 
 precision: [0.92703412 0.         0.59803922 0.275      0.01311475 0.48434926
 0.        ] 
 recall: [0.72794724 1.         0.26670831 0.45360825 0.16216216 0.73134328
 1.        ] 
 f1: [0.81551605 0.         0.36889849 0.34241245 0.02426694 0.5827552
 0.        ] 
 f1_avg: 0.6170273396728179

--- 239.3595688343048 seconds ---

Train Epoch: 23 accuracy: 0.80 
 precision: [0.98126863 0.11409479 0.72414631 0.51803125 0.78282569 0.56800877
 0.05144638] 
 recall: [0.81511171 0.28544892 0.64648755 0.96360248 0.88108988 0.81990008
 1.        ] 
 f1: [0.8905058  0.16302714 0.68311689 0.67381862 0.82905624 0.67109657
 0.09785831] 
 f1_avg: 0.8223258737123447


Validation Epoch: 23 accuracy: 0.55 
 precision: [0.92949408 0.         0.625171   0.26190476 0.01513514 0.49
 0.        ] 
 recall: [0.71187139 1.         0.2854466  0.45360825 0.18918919 0.73134328
 1.        ] 
 f1: [0.80625584 0.         0.39193825 0.33207547 0.02802803 0.58682635
 0.        ] 
 f1_avg: 0.6203607353721068

--- 245.65785813331604 seconds ---

Train Epoch: 24 accuracy: 0.80 
 precision: [0.98146159 0.11720576 0.72494362 0.52411065 0.7844552  0.56992328
 0.05193891] 
 recall: [0.81541621 0.29504644 0.64997901 0.96267081 0.88359933 0.82264779
 1.        ] 
 f1: [0.89076696 0.16776692 0.68541767 0.67870906 0.83108085 0.67335325
 0.0987489 ] 
 f1_avg: 0.8233739261471864


Validation Epoch: 24 accuracy: 0.56 
 precision: [0.92682927 0.         0.63699583 0.26282051 0.01463964 0.49493243
 0.        ] 
 recall: [0.73619126 1.         0.28607121 0.42268041 0.17567568 0.72885572
 1.        ] 
 f1: [0.82058351 0.         0.39482759 0.32411067 0.02702703 0.58953722
 0.        ] 
 f1_avg: 0.628975488941753

New best val score, save model ...
--- 251.99093055725098 seconds ---

Train Epoch: 25 accuracy: 0.80 
 precision: [0.98172936 0.1228803  0.7281213  0.52707287 0.78717745 0.57413593
 0.05221586] 
 recall: [0.81722374 0.30510836 0.6538623  0.96496894 0.88565729 0.82527061
 1.        ] 
 f1: [0.89195492 0.1752     0.6889967  0.68176233 0.83351861 0.67716921
 0.09924932] 
 f1_avg: 0.8253606519235649


Validation Epoch: 25 accuracy: 0.57 
 precision: [0.92907801 0.         0.61246612 0.26219512 0.01436464 0.55681818
 0.        ] 
 recall: [0.75597692 1.         0.28232355 0.44329897 0.17567568 0.73134328
 1.        ] 
 f1: [0.83363636 0.         0.38648995 0.32950192 0.02655771 0.63225806
 0.        ] 
 f1_avg: 0.6367971589853408

New best val score, save model ...
--- 258.3787705898285 seconds ---

Train Epoch: 26 accuracy: 0.80 
 precision: [0.98216852 0.12984782 0.73144556 0.53515746 0.79034943 0.58114496
 0.05326953] 
 recall: [0.82027051 0.32755418 0.65950882 0.9657764  0.88724276 0.82918401
 1.        ] 
 f1: [0.89394854 0.18597293 0.69361699 0.6886945  0.83599794 0.68335278
 0.1011508 ] 
 f1_avg: 0.8283093801304497


Validation Epoch: 26 accuracy: 0.56 
 precision: [0.93126615 0.         0.58368495 0.26708075 0.01355579 0.54612546
 0.        ] 
 recall: [0.74278648 1.         0.25921299 0.44329897 0.17567568 0.73631841
 1.        ] 
 f1: [0.82641596 0.         0.35899654 0.33333333 0.02516941 0.62711864
 0.        ] 
 f1_avg: 0.623029596271829

--- 264.70481610298157 seconds ---

Train Epoch: 27 accuracy: 0.80 
 precision: [0.98227273 0.13392967 0.73379624 0.54144529 0.79149779 0.58395929
 0.05350541] 
 recall: [0.82106009 0.33839009 0.66326616 0.9684472  0.8898782  0.82964197
 0.99957627] 
 f1: [0.89446044 0.19190589 0.69675086 0.69456757 0.83780978 0.68545091
 0.10157377] 
 f1_avg: 0.8296367982105302


Validation Epoch: 27 accuracy: 0.59 
 precision: [0.92337726 0.         0.65070423 0.26708075 0.01578354 0.58452138
 0.        ] 
 recall: [0.77988458 1.         0.28856964 0.44329897 0.18918919 0.71393035
 1.        ] 
 f1: [0.84558659 0.         0.39982691 0.33333333 0.02913632 0.64277716
 0.        ] 
 f1_avg: 0.6487830001010679

New best val score, save model ...
--- 271.1185281276703 seconds ---

Train Epoch: 28 accuracy: 0.81 
 precision: [0.98265399 0.13977043 0.73578347 0.54862114 0.79369895 0.58987444
 0.05367585] 
 recall: [0.82298446 0.35247678 0.66649874 0.96751553 0.89274465 0.83252845
 0.99957627] 
 f1: [0.89575957 0.20016703 0.69942948 0.70020003 0.8403133  0.69050373
 0.10188084] 
 f1_avg: 0.8317078740975624


Validation Epoch: 28 accuracy: 0.58 
 precision: [0.92478971 0.         0.62978142 0.26751592 0.01498929 0.60084926
 0.        ] 
 recall: [0.77040396 1.         0.28794503 0.43298969 0.18918919 0.7039801
 1.        ] 
 f1: [0.84056667 0.         0.39519931 0.33070866 0.02777778 0.64833906
 0.        ] 
 f1_avg: 0.6449337938371706

--- 277.55233883857727 seconds ---

Train Epoch: 29 accuracy: 0.81 
 precision: [0.98242764 0.13936729 0.73570498 0.54903755 0.79459015 0.58913137
 0.05379285] 
 recall: [0.82209397 0.35325077 0.66808004 0.96906832 0.89323814 0.83240355
 1.        ] 
 f1: [0.89513789 0.19987738 0.70026366 0.70094571 0.84103132 0.68995146
 0.10209379] 
 f1_avg: 0.8314937476340476


Validation Epoch: 29 accuracy: 0.58 
 precision: [0.92568898 0.         0.62219101 0.26380368 0.01516793 0.58799172
 0.        ] 
 recall: [0.77535037 1.         0.27670206 0.44329897 0.18918919 0.70646766
 1.        ] 
 f1: [0.84387618 0.         0.38305231 0.33076923 0.02808425 0.64180791
 0.        ] 
 f1_avg: 0.6418869543223601

--- 283.96799516677856 seconds ---

Train Epoch: 30 accuracy: 0.81 
 precision: [0.98295444 0.1459156  0.74074701 0.56137262 0.79721638 0.59717994
 0.05449214] 
 recall: [0.82631271 0.36609907 0.67328575 0.97037267 0.89611508 0.83576187
 1.        ] 
 f1: [0.89785276 0.2086642  0.70540715 0.71126793 0.84377765 0.6966092
 0.10335238] 
 f1_avg: 0.8350891511202623


Validation Epoch: 30 accuracy: 0.56 
 precision: [0.92919002 0.         0.59212377 0.26086957 0.01441813 0.56916996
 0.        ] 
 recall: [0.75185491 1.         0.26296065 0.43298969 0.18918919 0.71641791
 1.        ] 
 f1: [0.83116883 0.         0.36418685 0.3255814  0.02679426 0.63436123
 0.        ] 
 f1_avg: 0.6278382868547819

--- 290.36188530921936 seconds ---

Train Epoch: 31 accuracy: 0.81 
 precision: [0.98348221 0.15241814 0.74225641 0.56567666 0.80036242 0.60184383
 0.05496297] 
 recall: [0.82703148 0.39272446 0.67655332 0.97124224 0.89968501 0.83889814
 1.        ] 
 f1: [0.89849721 0.21960615 0.70788355 0.71494868 0.84712233 0.70086897
 0.10419886] 
 f1_avg: 0.836728484951106


Validation Epoch: 31 accuracy: 0.57 
 precision: [0.92661008 0.         0.6079235  0.27586207 0.01577287 0.59196617
 0.        ] 
 recall: [0.76504534 1.         0.27795128 0.41237113 0.2027027  0.69651741
 1.        ] 
 f1: [0.83811244 0.         0.38148307 0.33057851 0.02926829 0.64
 0.        ] 
 f1_avg: 0.6381580747957654

--- 296.70784997940063 seconds ---

Train Epoch: 32 accuracy: 0.81 
 precision: [0.98343752 0.15385993 0.74463391 0.56845054 0.8010256  0.60450789
 0.05545243] 
 recall: [0.82749531 0.39891641 0.68014274 0.97049689 0.90043049 0.84152095
 1.        ] 
 f1: [0.8987522  0.22206902 0.71092876 0.71695689 0.84782426 0.70359047
 0.10507803] 
 f1_avg: 0.8377201930683745


Validation Epoch: 32 accuracy: 0.56 
 precision: [0.9283552  0.         0.58522727 0.26845638 0.01428571 0.57346939
 0.        ] 
 recall: [0.75845012 1.         0.25733916 0.41237113 0.18918919 0.69900498
 1.        ] 
 f1: [0.83484574 0.         0.35748373 0.32520325 0.02656546 0.63004484
 0.        ] 
 f1_avg: 0.6270556072377306

--- 303.02083945274353 seconds ---

Train Epoch: 33 accuracy: 0.82 
 precision: [0.98363136 0.15390135 0.74726039 0.57688057 0.80366974 0.61035294
 0.05592682] 
 recall: [0.82990653 0.39845201 0.68419395 0.97267081 0.90276144 0.8428393
 1.        ] 
 f1: [0.90025369 0.22204011 0.71433789 0.72422883 0.85033849 0.70799916
 0.10592935] 
 f1_avg: 0.8399550921859507


Validation Epoch: 33 accuracy: 0.56 
 precision: [0.92835671 0.         0.56998557 0.26712329 0.01397206 0.58333333
 0.        ] 
 recall: [0.76380874 1.         0.2467208  0.40206186 0.18918919 0.69651741
 1.        ] 
 f1: [0.83808232 0.         0.34437663 0.32098765 0.0260223  0.63492063
 0.        ] 
 f1_avg: 0.6245291822375133

--- 309.34088158607483 seconds ---

Train Epoch: 34 accuracy: 0.82 
 precision: [0.98373385 0.15821621 0.74899494 0.57690178 0.80449842 0.61211975
 0.05580252] 
 recall: [0.83008356 0.4130031  0.6856773  0.97080745 0.90359093 0.84358868
 1.        ] 
 f1: [0.90040077 0.22878703 0.71593889 0.72372838 0.85117031 0.70945153
 0.10570635] 
 f1_avg: 0.8405448470365529


Validation Epoch: 34 accuracy: 0.59 
 precision: [0.92385542 0.         0.65048544 0.27516779 0.01666667 0.60043197
 0.        ] 
 recall: [0.79018961 1.         0.29294191 0.42268041 0.2027027  0.69154229
 1.        ] 
 f1: [0.85181071 0.         0.4039621  0.33333333 0.03080082 0.64277457
 0.        ] 
 f1_avg: 0.6535313204214332

New best val score, save model ...
--- 315.684202671051 seconds ---

Train Epoch: 35 accuracy: 0.82 
 precision: [0.98395354 0.16206097 0.750821   0.5840322  0.80666592 0.61486609
 0.05584609] 
 recall: [0.83121481 0.42213622 0.68787434 0.97322981 0.9051869  0.84557313
 1.        ] 
 f1: [0.90115802 0.23420793 0.71797063 0.72999604 0.85309136 0.7119971
 0.10578453] 
 f1_avg: 0.8419010935281517


Validation Epoch: 35 accuracy: 0.58 
 precision: [0.92918132 0.         0.63259669 0.25465839 0.01713062 0.58436214
 0.        ] 
 recall: [0.76257214 1.         0.28607121 0.42268041 0.21621622 0.70646766
 1.        ] 
 f1: [0.83767263 0.         0.39397849 0.31782946 0.03174603 0.63963964
 0.        ] 
 f1_avg: 0.6420146011816836

--- 321.98313450813293 seconds ---

Train Epoch: 36 accuracy: 0.82 
 precision: [0.98437261 0.16952638 0.75301435 0.58880788 0.80760495 0.61894814
 0.05594273] 
 recall: [0.83223454 0.44659443 0.69042121 0.97310559 0.90718186 0.84696087
 1.        ] 
 f1: [0.90193291 0.24576199 0.72036064 0.73367987 0.85450221 0.71522154
 0.10595789] 
 f1_avg: 0.8433237203682609


Validation Epoch: 36 accuracy: 0.56 
 precision: [0.92637418 0.         0.58428571 0.27027027 0.013      0.58686441
 0.        ] 
 recall: [0.75721352 1.         0.25546533 0.41237113 0.17567568 0.68905473
 1.        ] 
 f1: [0.83329553 0.         0.35549761 0.32653061 0.02420857 0.63386728
 0.        ] 
 f1_avg: 0.6258709091484137

--- 328.2874195575714 seconds ---

Train Epoch: 37 accuracy: 0.82 
 precision: [0.98420157 0.17271177 0.75445463 0.5924933  0.80919246 0.62113164
 0.05694294] 
 recall: [0.8332277  0.45479876 0.69324097 0.97459627 0.90967031 0.84868165
 1.        ] 
 f1: [0.90244393 0.2503515  0.72255364 0.73696076 0.85649462 0.7172925
 0.10775026] 
 f1_avg: 0.8444656905434365


Validation Epoch: 37 accuracy: 0.58 
 precision: [0.92237223 0.         0.62078652 0.3046875  0.01659751 0.61484919
 0.        ] 
 recall: [0.78854081 1.         0.27607745 0.40206186 0.21621622 0.65920398
 1.        ] 
 f1: [0.85022222 0.         0.38218764 0.34666667 0.03082852 0.6362545
 0.        ] 
 f1_avg: 0.6448269133735209

--- 334.58618545532227 seconds ---

Train Epoch: 38 accuracy: 0.82 
 precision: [0.9845149  0.17283951 0.75725754 0.59560248 0.81113761 0.62775964
 0.05691135] 
 recall: [0.83471303 0.45944272 0.69830675 0.97416149 0.91074129 0.84839023
 1.        ] 
 f1: [0.90344635 0.25118483 0.72658838 0.73923597 0.85805861 0.72158682
 0.10769371] 
 f1_avg: 0.8462914146333801


Validation Epoch: 38 accuracy: 0.58 
 precision: [0.92457421 0.         0.63370474 0.29078014 0.0168244  0.59565217
 0.        ] 
 recall: [0.78318219 1.         0.28419738 0.42268041 0.21621622 0.68159204
 1.        ] 
 f1: [0.84802499 0.         0.39241052 0.34453782 0.03121951 0.63573086
 0.        ] 
 f1_avg: 0.6471417606312022

--- 340.8774468898773 seconds ---

Train Epoch: 39 accuracy: 0.82 
 precision: [0.98457196 0.17360376 0.7559454  0.60453497 0.81108404 0.62665083
 0.05689626] 
 recall: [0.83423326 0.45712074 0.69859362 0.97701863 0.91231625 0.84943103
 1.        ] 
 f1: [0.90318927 0.25164039 0.72613883 0.74691358 0.85872697 0.72122919
 0.10766669] 
 f1_avg: 0.8462413121264314


Validation Epoch: 39 accuracy: 0.59 
 precision: [0.92270992 0.         0.62302158 0.29078014 0.01580611 0.60402685
 0.        ] 
 recall: [0.79719703 1.         0.27045597 0.42268041 0.2027027  0.67164179
 1.        ] 
 f1: [0.85537373 0.         0.3771777  0.34453782 0.02932551 0.6360424
 0.        ] 
 f1_avg: 0.6457124924848684

--- 347.16449999809265 seconds ---

Train Epoch: 40 accuracy: 0.83 
 precision: [0.98481857 0.1803761  0.76180488 0.6063838  0.81437731 0.63316371
 0.05800664] 
 recall: [0.83708707 0.48405573 0.70393927 0.97465839 0.91352373 0.85296975
 1.        ] 
 f1: [0.90496332 0.26281728 0.73172985 0.74762971 0.86110602 0.72681156
 0.10965269] 
 f1_avg: 0.8490395641503855


Validation Epoch: 40 accuracy: 0.57 
 precision: [0.92871386 0.         0.60808926 0.28       0.01639344 0.58736842
 0.        ] 
 recall: [0.76793075 1.         0.27232979 0.43298969 0.21621622 0.69402985
 1.        ] 
 f1: [0.84070397 0.         0.37618637 0.34008097 0.03047619 0.63625998
 0.        ] 
 f1_avg: 0.6375743068639985

--- 353.4658536911011 seconds ---

Train Epoch: 41 accuracy: 0.83 
 precision: [0.98509929 0.18112114 0.76209151 0.61383702 0.81584114 0.63358881
 0.05871815] 
 recall: [0.83683214 0.49365325 0.70702491 0.97596273 0.91625367 0.85467666
 1.        ] 
 f1: [0.90493279 0.26501018 0.73352619 0.75365725 0.86313686 0.72771099
 0.11092311] 
 f1_avg: 0.8497194804808674


Validation Epoch: 41 accuracy: 0.58 
 precision: [0.92190476 0.         0.59972299 0.30894309 0.01450777 0.61390887
 0.        ] 
 recall: [0.79802143 1.         0.27045597 0.39175258 0.18918919 0.63681592
 1.        ] 
 f1: [0.85550155 0.         0.3727938  0.34545455 0.02694899 0.62515263
 0.        ] 
 f1_avg: 0.643283543288672

--- 359.7716658115387 seconds ---

Train Epoch: 42 accuracy: 0.83 
 precision: [0.9851086  0.18366762 0.76276188 0.61176425 0.81742315 0.63792388
 0.05868311] 
 recall: [0.83818291 0.49613003 0.70894906 0.97608696 0.91634817 0.85366361
 1.        ] 
 f1: [0.90572593 0.26808867 0.73487164 0.7521298  0.86406344 0.7301917
 0.11086058] 
 f1_avg: 0.8507222126309957


Validation Epoch: 42 accuracy: 0.59 
 precision: [0.92351544 0.         0.628734   0.29104478 0.01390374 0.59955257
 0.        ] 
 recall: [0.80131904 1.         0.27607745 0.40206186 0.17567568 0.66666667
 1.        ] 
 f1: [0.85808872 0.         0.38368056 0.33766234 0.02576809 0.63133098
 0.        ] 
 f1_avg: 0.6487936842517458

--- 366.052627325058 seconds ---

Train Epoch: 43 accuracy: 0.83 
 precision: [0.98517028 0.18667351 0.76483828 0.61685539 0.81898111 0.63856705
 0.05898968] 
 recall: [0.83842899 0.50696594 0.71094318 0.9778882  0.91739815 0.85663336
 1.        ] 
 f1: [0.90589565 0.27287119 0.73690661 0.75650482 0.86540052 0.73169835
 0.11140746] 
 f1_avg: 0.8515280417527071


Validation Epoch: 43 accuracy: 0.60 
 precision: [0.9196806  0.         0.67705382 0.28888889 0.01750547 0.61502347
 0.        ] 
 recall: [0.80708986 1.         0.2985634  0.40206186 0.21621622 0.65174129
 1.        ] 
 f1: [0.8597146  0.         0.41439098 0.3362069  0.03238866 0.63285024
 0.        ] 
 f1_avg: 0.6605483066360208

New best val score, save model ...
--- 372.3810851573944 seconds ---

Train Epoch: 44 accuracy: 0.83 
 precision: [0.98544971 0.19031397 0.76759414 0.62308757 0.82032898 0.64379936
 0.05923843] 
 recall: [0.84014446 0.51888545 0.71438567 0.9789441  0.91899412 0.85745212
 1.        ] 
 f1: [0.90701441 0.27848627 0.74003472 0.76149293 0.8668631  0.73542259
 0.11185099] 
 f1_avg: 0.8533106036349756


Validation Epoch: 44 accuracy: 0.56 
 precision: [0.92487562 0.         0.60230548 0.26797386 0.0139165  0.59684685
 0.        ] 
 recall: [0.76628195 1.         0.26108682 0.42268041 0.18918919 0.65920398
 1.        ] 
 f1: [0.83814247 0.         0.36427015 0.328      0.02592593 0.62647754
 0.        ] 
 f1_avg: 0.630893182220731

--- 378.6957411766052 seconds ---

Train Epoch: 45 accuracy: 0.83 
 precision: [0.9855015  0.18986631 0.76940113 0.63042434 0.8209311  0.64954512
 0.05944884] 
 recall: [0.84102432 0.52321981 0.71707949 0.97813665 0.92203906 0.85902026
 1.        ] 
 f1: [0.90754888 0.27862501 0.74231949 0.76669912 0.86855249 0.73973912
 0.11222597] 
 f1_avg: 0.8546283673838425


Validation Epoch: 45 accuracy: 0.55 
 precision: [0.93157076 0.         0.57224607 0.26623377 0.01348748 0.5628866
 0.        ] 
 recall: [0.74072547 1.         0.24984385 0.42268041 0.18918919 0.67910448
 1.        ] 
 f1: [0.82525832 0.         0.34782609 0.32669323 0.02517986 0.61555806
 0.        ] 
 f1_avg: 0.6173811198971961

--- 385.00044298171997 seconds ---

Train Epoch: 46 accuracy: 0.83 
 precision: [0.9859428  0.19717837 0.77132271 0.63088512 0.82341201 0.6498952
 0.05905906] 
 recall: [0.8408703  0.54520124 0.71957739 0.97795031 0.92269005 0.86057452
 1.        ] 
 f1: [0.90764624 0.28961434 0.74455208 0.76698249 0.87022871 0.74054215
 0.11153119] 
 f1_avg: 0.8553678080584965


Validation Epoch: 46 accuracy: 0.59 
 precision: [0.92026578 0.         0.66079295 0.29230769 0.01559252 0.6013986
 0.        ] 
 recall: [0.79925804 1.         0.28107433 0.39175258 0.2027027  0.64179104
 1.        ] 
 f1: [0.85550408 0.         0.39439089 0.33480176 0.02895753 0.62093863
 0.        ] 
 f1_avg: 0.6502410140702394

--- 391.3382966518402 seconds ---

Train Epoch: 47 accuracy: 0.83 
 precision: [0.98574369 0.19756397 0.77101156 0.63677836 0.82450846 0.65509965
 0.05995021] 
 recall: [0.84266898 0.54736842 0.72075987 0.97968944 0.92377152 0.86165695
 1.        ] 
 f1: [0.90860848 0.29033582 0.74503933 0.771862   0.87132204 0.74431345
 0.11311892] 
 f1_avg: 0.8565633936991219


Validation Epoch: 47 accuracy: 0.58 
 precision: [0.92300195 0.         0.6408046  0.26666667 0.01783841 0.59819413
 0.        ] 
 recall: [0.78070899 1.         0.27857589 0.41237113 0.22972973 0.65920398
 1.        ] 
 f1: [0.84591335 0.         0.38833261 0.32388664 0.03310613 0.62721893
 0.        ] 
 f1_avg: 0.6434598200138835

--- 397.6669797897339 seconds ---

Train Epoch: 48 accuracy: 0.84 
 precision: [0.98616267 0.20065826 0.77450138 0.63853858 0.82632201 0.65942351
 0.05952231] 
 recall: [0.843193   0.55681115 0.72518192 0.97807453 0.92438051 0.86416875
 1.        ] 
 f1: [0.90909108 0.29500533 0.74903068 0.77265033 0.87260509 0.74803897
 0.11235688] 
 f1_avg: 0.8579797962810045


Validation Epoch: 48 accuracy: 0.55 
 precision: [0.92423482 0.         0.55954089 0.26027397 0.01342282 0.5896861
 0.        ] 
 recall: [0.75927453 1.         0.24359775 0.39175258 0.18918919 0.65422886
 1.        ] 
 f1: [0.83367278 0.         0.33942559 0.3127572  0.02506714 0.62028302
 0.        ] 
 f1_avg: 0.6190123288021344

--- 403.9978621006012 seconds ---

Train Epoch: 49 accuracy: 0.83 
 precision: [0.98575092 0.19953622 0.77151035 0.63729334 0.82662225 0.65547008
 0.06014578] 
 recall: [0.84187763 0.55944272 0.72426532 0.97925466 0.924916   0.86196225
 1.        ] 
 f1: [0.90815133 0.29415595 0.7471417  0.7721051  0.87301108 0.74466644
 0.11346699] 
 f1_avg: 0.8568500134171528


Validation Epoch: 49 accuracy: 0.57 
 precision: [0.92132103 0.         0.56718529 0.26923077 0.01369863 0.60381862
 0.        ] 
 recall: [0.78194559 1.         0.25046846 0.36082474 0.18918919 0.62935323
 1.        ] 
 f1: [0.84593088 0.         0.347487   0.30837004 0.02554745 0.61632156
 0.        ] 
 f1_avg: 0.6278518865990269

--- 410.3239953517914 seconds ---

Train Epoch: 50 accuracy: 0.84 
 precision: [0.98592909 0.20097173 0.77637879 0.64999794 0.82853041 0.66193046
 0.06051282] 
 recall: [0.84438091 0.56346749 0.72956899 0.98093168 0.92706846 0.86307244
 1.        ] 
 f1: [0.90968164 0.29627218 0.75224639 0.78188974 0.87503407 0.74923652
 0.11411992] 
 f1_avg: 0.8593930215017257


Validation Epoch: 50 accuracy: 0.54 
 precision: [0.92986075 0.         0.54202899 0.27516779 0.01289134 0.57451404
 0.        ] 
 recall: [0.74319868 1.         0.233604   0.42268041 0.18918919 0.66169154
 1.        ] 
 f1: [0.82611684 0.         0.32649498 0.33333333 0.02413793 0.6150289
 0.        ] 
 f1_avg: 0.6104867548808369

--- 416.6672947406769 seconds ---

Train Epoch: 51 accuracy: 0.84 
 precision: [0.98662259 0.2087451  0.77771169 0.65412631 0.82913024 0.66386689
 0.06139917] 
 recall: [0.84543073 0.58529412 0.73189896 0.98167702 0.92895842 0.86650014
 1.        ] 
 f1: [0.910586   0.30773613 0.75411018 0.78510755 0.87621009 0.75176835
 0.11569478] 
 f1_avg: 0.8607277334776421


Validation Epoch: 51 accuracy: 0.58 
 precision: [0.92045455 0.         0.64377682 0.27819549 0.01549587 0.61403509
 0.        ] 
 recall: [0.80131904 1.         0.28107433 0.3814433  0.2027027  0.60945274
 1.        ] 
 f1: [0.85676509 0.         0.39130435 0.32173913 0.02879079 0.61173533
 0.        ] 
 f1_avg: 0.6487493907888601

--- 423.0006971359253 seconds ---

Train Epoch: 52 accuracy: 0.84 
 precision: [0.98598682 0.20322474 0.7767759  0.65140569 0.83022642 0.66185606
 0.06097719] 
 recall: [0.84417201 0.57167183 0.73175203 0.98006211 0.92823394 0.86490425
 1.        ] 
 f1: [0.90958496 0.29985385 0.75359207 0.78263026 0.87649896 0.74987818
 0.11494533] 
 f1_avg: 0.8597935502704874


Validation Epoch: 52 accuracy: 0.58 
 precision: [0.92092803 0.         0.62079063 0.28682171 0.01522843 0.59472422
 0.        ] 
 recall: [0.80173124 1.         0.26483448 0.3814433  0.2027027  0.61691542
 1.        ] 
 f1: [0.85720582 0.         0.37127846 0.32743363 0.02832861 0.60561661
 0.        ] 
 f1_avg: 0.6415898653583889

--- 429.3337149620056 seconds ---

Train Epoch: 53 accuracy: 0.84 
 precision: [0.98661317 0.20954966 0.78152956 0.65794299 0.83246895 0.67118764
 0.06133056] 
 recall: [0.84756754 0.58560372 0.73718164 0.98062112 0.93031289 0.86598668
 1.        ] 
 f1: [0.91181997 0.30865255 0.7587081  0.78750998 0.87867549 0.75624417
 0.11557297] 
 f1_avg: 0.8629008374417944


Validation Epoch: 53 accuracy: 0.56 
 precision: [0.92410714 0.         0.62275449 0.26845638 0.01394422 0.58205689
 0.        ] 
 recall: [0.76793075 1.         0.2598376  0.41237113 0.18918919 0.66169154
 1.        ] 
 f1: [0.83881135 0.         0.36668136 0.32520325 0.02597403 0.6193248
 0.        ] 
 f1_avg: 0.6314018566717996

--- 435.6523461341858 seconds ---

Train Epoch: 54 accuracy: 0.84 
 precision: [0.98629473 0.20825201 0.78021083 0.65927133 0.83350892 0.66957528
 0.06172194] 
 recall: [0.84633538 0.59458204 0.73743353 0.98006211 0.93040739 0.86680544
 1.        ] 
 f1: [0.91097065 0.3084645  0.75821931 0.78827996 0.87929666 0.75553083
 0.11626761] 
 f1_avg: 0.8623130329666608


Validation Epoch: 54 accuracy: 0.56 
 precision: [0.92785571 0.         0.59365994 0.25714286 0.01470588 0.57700651
 0.        ] 
 recall: [0.76339654 1.         0.25733916 0.37113402 0.2027027  0.66169154
 1.        ] 
 f1: [0.83763003 0.         0.35904139 0.30379747 0.0274223  0.61645423
 0.        ] 
 f1_avg: 0.6274408552733037

--- 441.97725772857666 seconds ---

Train Epoch: 55 accuracy: 0.84 
 precision: [0.98701906 0.21109908 0.78336015 0.66979815 0.83602576 0.67511913
 0.06208729] 
 recall: [0.84818008 0.60356037 0.7427232  0.98310559 0.93244435 0.86899806
 1.        ] 
 f1: [0.91234775 0.31279583 0.76250063 0.7967582  0.88160664 0.7598869
 0.11691561] 
 f1_avg: 0.8646348853157744


Validation Epoch: 55 accuracy: 0.57 
 precision: [0.92244304 0.         0.60588235 0.25531915 0.0148662  0.59058824
 0.        ] 
 recall: [0.7844188  1.         0.25733916 0.37113402 0.2027027  0.62437811
 1.        ] 
 f1: [0.8478503  0.         0.36124507 0.30252101 0.02770083 0.6070133
 0.        ] 
 f1_avg: 0.6327504195052344

--- 448.2924950122833 seconds ---

Train Epoch: 56 accuracy: 0.84 
 precision: [0.98716685 0.21394014 0.78605874 0.67414343 0.83760217 0.67912917
 0.06273592] 
 recall: [0.8493609  0.62291022 0.74475931 0.98378882 0.93395632 0.87142659
 1.        ] 
 f1: [0.91309366 0.31849302 0.76485192 0.80005051 0.88315892 0.76335367
 0.11806494] 
 f1_avg: 0.8660210627937708


Validation Epoch: 56 accuracy: 0.58 
 precision: [0.92211538 0.         0.62043796 0.28030303 0.01512097 0.59478673
 0.        ] 
 recall: [0.79060181 1.         0.26545909 0.3814433  0.2027027  0.62437811
 1.        ] 
 f1: [0.85130937 0.         0.37182852 0.3231441  0.02814259 0.6092233
 0.        ] 
 f1_avg: 0.6388933216877

--- 454.6301746368408 seconds ---

Train Epoch: 57 accuracy: 0.84 
 precision: [0.98717582 0.21387129 0.78580293 0.67696786 0.83798935 0.67985032
 0.06286795] 
 recall: [0.84996282 0.62198142 0.74426952 0.98236025 0.93385132 0.87234249
 1.        ] 
 f1: [0.91344521 0.31829524 0.76447252 0.80156096 0.88332713 0.76416063
 0.1182987 ] 
 f1_avg: 0.866290076682132


Validation Epoch: 57 accuracy: 0.57 
 precision: [0.9214355  0.         0.59615385 0.25899281 0.01459144 0.58992806
 0.        ] 
 recall: [0.78318219 1.         0.25171768 0.37113402 0.2027027  0.6119403
 1.        ] 
 f1: [0.84670232 0.         0.35397453 0.30508475 0.02722323 0.6007326
 0.        ] 
 f1_avg: 0.629112018648833

--- 460.9847972393036 seconds ---

Train Epoch: 58 accuracy: 0.85 
 precision: [0.98727344 0.21447849 0.78808313 0.67965963 0.83912454 0.68203214
 0.06357416] 
 recall: [0.85052402 0.62739938 0.74738315 0.98229814 0.9351428  0.87468776
 1.        ] 
 f1: [0.91381101 0.31967504 0.76719373 0.80342401 0.88453555 0.76643867
 0.11954815] 
 f1_avg: 0.8673085693450563


Validation Epoch: 58 accuracy: 0.57 
 precision: [0.91959557 0.         0.63244048 0.2585034  0.01609658 0.59338061
 0.        ] 
 recall: [0.7873042  1.         0.26545909 0.39175258 0.21621622 0.62437811
 1.        ] 
 f1: [0.84832334 0.         0.37395513 0.31147541 0.02996255 0.60848485
 0.        ] 
 f1_avg: 0.6377773545391225

--- 467.31097412109375 seconds ---

Train Epoch: 59 accuracy: 0.85 
 precision: [0.98732079 0.21546961 0.78839379 0.68117313 0.84110147 0.68418823
 0.06318439] 
 recall: [0.85098431 0.62786378 0.74848866 0.98385093 0.93583578 0.87406328
 1.        ] 
 f1: [0.91409691 0.32083531 0.76792316 0.80500076 0.88594333 0.76755749
 0.11885875] 
 f1_avg: 0.8678771201410607


Validation Epoch: 59 accuracy: 0.57 
 precision: [0.92266537 0.         0.61461318 0.26388889 0.01516684 0.59665871
 0.        ] 
 recall: [0.78194559 1.         0.26795753 0.39175258 0.2027027  0.62189055
 1.        ] 
 f1: [0.8464971  0.         0.37320574 0.3153527  0.02822201 0.6090134
 0.        ] 
 f1_avg: 0.6366533440132699

--- 473.6180489063263 seconds ---

Train Epoch: 60 accuracy: 0.85 
 precision: [0.9875236  0.21471298 0.79034716 0.68659695 0.84221217 0.68484868
 0.06305777] 
 recall: [0.85084269 0.63343653 0.75105654 0.98285714 0.93604578 0.87553428
 1.        ] 
 f1: [0.91410209 0.32071479 0.77020109 0.80843998 0.88665331 0.76854017
 0.1186347 ] 
 f1_avg: 0.8684559913288715


Validation Epoch: 60 accuracy: 0.57 
 precision: [0.92151163 0.         0.60624071 0.2761194  0.01442308 0.6
 0.        ] 
 recall: [0.7840066  1.         0.25484072 0.3814433  0.2027027  0.60447761
 1.        ] 
 f1: [0.84721604 0.         0.35883905 0.32034632 0.02692998 0.60223048
 0.        ] 
 f1_avg: 0.6315240190720092

--- 479.8607406616211 seconds ---

Train Epoch: 61 accuracy: 0.85 
 precision: [0.98750521 0.21671629 0.79117012 0.68755696 0.84271423 0.68687364
 0.06330133] 
 recall: [0.85139327 0.63095975 0.75344948 0.98397516 0.93756825 0.87503469
 1.        ] 
 f1: [0.91441186 0.3226215  0.77184922 0.80948366 0.88761431 0.76962041
 0.11906564] 
 f1_avg: 0.8691338031972509


Validation Epoch: 61 accuracy: 0.58 
 precision: [0.91760829 0.         0.62537313 0.26865672 0.01510574 0.6
 0.        ] 
 recall: [0.80338005 1.         0.26171143 0.37113402 0.2027027  0.59701493
 1.        ] 
 f1: [0.8567033  0.         0.36900044 0.31168831 0.02811621 0.59850374
 0.        ] 
 f1_avg: 0.6395749505575984

--- 486.1023554801941 seconds ---

Train Epoch: 62 accuracy: 0.85 
 precision: [0.9872086  0.21804116 0.78994431 0.68486395 0.84229678 0.68579636
 0.06339825] 
 recall: [0.85039302 0.64133127 0.75226001 0.98335404 0.93815624 0.8746045
 1.        ] 
 f1: [0.91370762 0.32543891 0.77064174 0.80740495 0.88764597 0.76877756
 0.11923708] 
 f1_avg: 0.8684194141790734


Validation Epoch: 62 accuracy: 0.58 
 precision: [0.91872624 0.         0.61483595 0.2983871  0.01504514 0.59590793
 0.        ] 
 recall: [0.79678483 1.         0.26920675 0.3814433  0.2027027  0.57960199
 1.        ] 
 f1: [0.85342163 0.         0.37445699 0.33484163 0.0280112  0.58764187
 0.        ] 
 f1_avg: 0.6392806581893428

--- 492.3388092517853 seconds ---

Train Epoch: 63 accuracy: 0.85 
 precision: [0.98767492 0.21808314 0.79289741 0.68857093 0.84486131 0.68977146
 0.06398091] 
 recall: [0.85205715 0.64071207 0.75673104 0.98341615 0.93867073 0.87706078
 1.        ] 
 f1: [0.91486743 0.32540587 0.77439219 0.80999642 0.88929895 0.77222243
 0.12026703] 
 f1_avg: 0.8702424688817542


Validation Epoch: 63 accuracy: 0.57 
 precision: [0.9184938  0.         0.60349854 0.28244275 0.01473477 0.60411311
 0.        ] 
 recall: [0.79431162 1.         0.25858838 0.3814433  0.2027027  0.58457711
 1.        ] 
 f1: [0.85190097 0.         0.36204635 0.3245614  0.02747253 0.59418458
 0.        ] 
 f1_avg: 0.6345055624043977

--- 498.58747458457947 seconds ---

Train Epoch: 64 accuracy: 0.85 
 precision: [0.98769799 0.22074468 0.79329053 0.69506254 0.84606145 0.69385086
 0.06374588] 
 recall: [0.85282194 0.65526316 0.75811643 0.9836646  0.93931121 0.8759506
 1.        ] 
 f1: [0.915318   0.33023873 0.77530474 0.81455574 0.89025112 0.77433878
 0.11985171] 
 f1_avg: 0.8710555436129631


Validation Epoch: 64 accuracy: 0.58 
 precision: [0.91611374 0.         0.63583815 0.27819549 0.01614531 0.6066838
 0.        ] 
 recall: [0.79678483 1.         0.27482823 0.3814433  0.21621622 0.58706468
 1.        ] 
 f1: [0.85229277 0.         0.38377671 0.32173913 0.03004695 0.59671302
 0.        ] 
 f1_avg: 0.6424781690103839

--- 504.83435583114624 seconds ---

Train Epoch: 65 accuracy: 0.85 
 precision: [0.98744948 0.21859088 0.79264858 0.69548988 0.84701549 0.69053871
 0.06368911] 
 recall: [0.85174379 0.65123839 0.75804646 0.9836646  0.93925871 0.87590896
 1.        ] 
 f1: [0.91459009 0.32731658 0.77496146 0.81484912 0.89075538 0.77225566
 0.11975136] 
 f1_avg: 0.8704147601539968


Validation Epoch: 65 accuracy: 0.57 
 precision: [0.91623284 0.         0.61470588 0.26811594 0.01474926 0.60994764
 0.        ] 
 recall: [0.79802143 1.         0.26108682 0.3814433  0.2027027  0.57960199
 1.        ] 
 f1: [0.85305133 0.         0.36650592 0.31489362 0.02749771 0.59438776
 0.        ] 
 f1_avg: 0.6364786734521639

--- 511.069619178772 seconds ---

Train Epoch: 66 accuracy: 0.85 
 precision: [0.98778302 0.22106973 0.7960341  0.69751266 0.84811995 0.69753155
 0.06396184] 
 recall: [0.85382219 0.65325077 0.76119507 0.98409938 0.94140067 0.87761588
 1.        ] 
 f1: [0.91593036 0.33034561 0.77822487 0.81638542 0.89232913 0.77727932
 0.12023333] 
 f1_avg: 0.872393425948525


Validation Epoch: 66 accuracy: 0.57 
 precision: [0.91910005 0.         0.60614934 0.26865672 0.0146771  0.59296482
 0.        ] 
 recall: [0.79142622 1.         0.25858838 0.37113402 0.2027027  0.58706468
 1.        ] 
 f1: [0.85049834 0.         0.36252189 0.31168831 0.02737226 0.59
 0.        ] 
 f1_avg: 0.6332925721608283

--- 517.3315935134888 seconds ---

Train Epoch: 67 accuracy: 0.85 
 precision: [0.98795469 0.22083011 0.79748657 0.70465561 0.84954855 0.69683358
 0.06442103] 
 recall: [0.85394434 0.6630031  0.76369997 0.98428571 0.94150567 0.87832362
 1.        ] 
 f1: [0.91607445 0.33130922 0.78022767 0.82132214 0.89316646 0.77712293
 0.12104426] 
 f1_avg: 0.8729753463674829


Validation Epoch: 67 accuracy: 0.57 
 precision: [0.91754554 0.         0.61011905 0.27586207 0.01551891 0.6
 0.        ] 
 recall: [0.78895301 1.         0.25608994 0.41237113 0.21621622 0.58208955
 1.        ] 
 f1: [0.84840426 0.         0.36075671 0.33057851 0.02895928 0.59090909
 0.        ] 
 f1_avg: 0.6320771242388169

--- 523.5811288356781 seconds ---

Train Epoch: 68 accuracy: 0.85 
 precision: [0.9879846  0.22212422 0.79685588 0.70611299 0.84961302 0.70013713
 0.06498513] 
 recall: [0.85478526 0.6626935  0.76536524 0.98434783 0.94168417 0.87860117
 1.        ] 
 f1: [0.91657096 0.33272452 0.78079317 0.82233292 0.8932824  0.77928216
 0.12203951] 
 f1_avg: 0.8735927719255758


Validation Epoch: 68 accuracy: 0.57 
 precision: [0.91834774 0.         0.60856721 0.26618705 0.01547389 0.59390863
 0.        ] 
 recall: [0.78812861 1.         0.25733916 0.3814433  0.21621622 0.58208955
 1.        ] 
 f1: [0.84826974 0.         0.36172081 0.31355932 0.02888087 0.5879397
 0.        ] 
 f1_avg: 0.6317220882732899

--- 529.826135635376 seconds ---

Train Epoch: 69 accuracy: 0.85 
 precision: [0.98816184 0.21949218 0.79825572 0.70382703 0.85035528 0.70104574
 0.06496009] 
 recall: [0.85458698 0.6623839  0.76593899 0.98465839 0.94240865 0.88007216
 1.        ] 
 f1: [0.91653321 0.32972452 0.78176352 0.82088857 0.89401863 0.78042357
 0.12199535] 
 f1_avg: 0.8738449781702237


Validation Epoch: 69 accuracy: 0.57 
 precision: [0.91650854 0.         0.61940299 0.25531915 0.01489573 0.59287532
 0.        ] 
 recall: [0.79637263 1.         0.25921299 0.37113402 0.2027027  0.57960199
 1.        ] 
 f1: [0.85222761 0.         0.36547776 0.30252101 0.02775208 0.58616352
 0.        ] 
 f1_avg: 0.6347108732546686

--- 536.088271856308 seconds ---

Train Epoch: 70 accuracy: 0.85 
 precision: [0.98818693 0.22137326 0.80046123 0.7078757  0.85208567 0.70153904
 0.06505679] 
 recall: [0.85538718 0.66826625 0.76745032 0.98478261 0.94242965 0.88116847
 1.        ] 
 f1: [0.91700401 0.33257579 0.78360827 0.82367915 0.8949835  0.78116023
 0.12216586] 
 f1_avg: 0.8746653343013727


Validation Epoch: 70 accuracy: 0.57 
 precision: [0.917383   0.         0.61251863 0.27737226 0.01535509 0.59793814
 0.        ] 
 recall: [0.79183842 1.         0.25671455 0.39175258 0.21621622 0.57711443
 1.        ] 
 f1: [0.85       0.         0.36179577 0.32478632 0.02867384 0.58734177
 0.        ] 
 f1_avg: 0.632841861939106

--- 542.3383977413177 seconds ---

Train Epoch: 71 accuracy: 0.85 
 precision: [0.98830779 0.22044027 0.80039881 0.71270619 0.85269407 0.70275449
 0.06544285] 
 recall: [0.85550579 0.66811146 0.7695354  0.98490683 0.94414112 0.88053011
 1.        ] 
 f1: [0.91712421 0.33150275 0.78466373 0.82698375 0.89609057 0.78166173
 0.12284629] 
 f1_avg: 0.875118883179733


Validation Epoch: 71 accuracy: 0.56 
 precision: [0.92068127 0.         0.5922619  0.26896552 0.01421801 0.5959596
 0.        ] 
 recall: [0.77988458 1.         0.24859463 0.40206186 0.2027027  0.58706468
 1.        ] 
 f1: [0.84445436 0.         0.35019798 0.32231405 0.02657219 0.5914787
 0.        ] 
 f1_avg: 0.6261561924069495

--- 548.5797517299652 seconds ---

Train Epoch: 72 accuracy: 0.85 
 precision: [0.98818667 0.22363805 0.79949323 0.71224444 0.85387152 0.70396992
 0.06518437] 
 recall: [0.85551641 0.67105263 0.77049398 0.98453416 0.94355313 0.8807244
 1.        ] 
 f1: [0.91707816 0.33547438 0.78472579 0.82654152 0.89647501 0.78248969
 0.12239077] 
 f1_avg: 0.8752262126459087


Validation Epoch: 72 accuracy: 0.57 
 precision: [0.91778203 0.         0.60672515 0.28461538 0.01454898 0.60574413
 0.        ] 
 recall: [0.79142622 1.         0.25921299 0.3814433  0.2027027  0.57711443
 1.        ] 
 f1: [0.8499336  0.         0.36323851 0.32599119 0.02714932 0.5910828
 0.        ] 
 f1_avg: 0.6336367936006604

--- 554.8224716186523 seconds ---

Train Epoch: 73 accuracy: 0.86 
 precision: [0.9883497  0.22485391 0.80124215 0.71706478 0.85466398 0.70637018
 0.06589786] 
 recall: [0.8569681  0.67306502 0.77178142 0.98447205 0.94433011 0.88297252
 1.        ] 
 f1: [0.9179819  0.33709346 0.7862359  0.82975605 0.89726246 0.78485962
 0.1236476 ] 
 f1_avg: 0.8763787264554251


Validation Epoch: 73 accuracy: 0.58 
 precision: [0.91521432 0.         0.62103746 0.26666667 0.01522843 0.6015625
 0.        ] 
 recall: [0.80090684 1.         0.26920675 0.37113402 0.2027027  0.57462687
 1.        ] 
 f1: [0.85425368 0.         0.37559913 0.31034483 0.02832861 0.58778626
 0.        ] 
 f1_avg: 0.6396181477233923

--- 561.0510320663452 seconds ---

Train Epoch: 74 accuracy: 0.86 
 precision: [0.98837485 0.22201341 0.80119699 0.71590447 0.85493889 0.7073225
 0.06596417] 
 recall: [0.85673618 0.67662539 0.7718164  0.98496894 0.94376312 0.88284763
 1.        ] 
 f1: [0.91785966 0.33432767 0.78623231 0.82915479 0.89715783 0.78539771
 0.12376432] 
 f1_avg: 0.8763031492125436


Validation Epoch: 74 accuracy: 0.57 
 precision: [0.91802493 0.         0.60530191 0.26666667 0.01449275 0.59793814
 0.        ] 
 recall: [0.78936521 1.         0.25671455 0.37113402 0.2027027  0.57711443
 1.        ] 
 f1: [0.84884752 0.         0.36052632 0.31034483 0.0270514  0.58734177
 0.        ] 
 f1_avg: 0.6314615986305581

--- 567.3255114555359 seconds ---

Train Epoch: 75 accuracy: 0.86 
 precision: [0.98859121 0.22315574 0.80224902 0.71756347 0.8565603  0.70563663
 0.066038  ] 
 recall: [0.85660695 0.67430341 0.77322278 0.98484472 0.94614658 0.88374965
 1.        ] 
 f1: [0.91787876 0.33533487 0.78746851 0.83022227 0.89912742 0.78471311
 0.12389427] 
 f1_avg: 0.8766917222414914


Validation Epoch: 75 accuracy: 0.57 
 precision: [0.91726792 0.         0.61584454 0.27083333 0.01439539 0.59793814
 0.        ] 
 recall: [0.7860676  1.         0.25733916 0.40206186 0.2027027  0.57711443
 1.        ] 
 f1: [0.84661487 0.         0.36299559 0.32365145 0.02688172 0.58734177
 0.        ] 
 f1_avg: 0.6314214039304317

--- 573.5766401290894 seconds ---

Train Epoch: 76 accuracy: 0.86 
 precision: [0.98866214 0.22272542 0.80420128 0.71916939 0.8573318  0.70973096
 0.06584821] 
 recall: [0.8572425  0.67755418 0.77547579 0.98521739 0.94606258 0.88411046
 1.        ] 
 f1: [0.91827409 0.33524816 0.78957736 0.83142887 0.89951432 0.78738143
 0.12356021] 
 f1_avg: 0.8775494011383338


Validation Epoch: 76 accuracy: 0.57 
 precision: [0.9159943  0.         0.62316716 0.26470588 0.01485149 0.60266667
 0.        ] 
 recall: [0.79554823 1.         0.26545909 0.37113402 0.2027027  0.56218905
 1.        ] 
 f1: [0.8515332  0.         0.37231713 0.30901288 0.02767528 0.58172458
 0.        ] 
 f1_avg: 0.6364727753221631

--- 579.830367565155 seconds ---

Train Epoch: 77 accuracy: 0.86 
 precision: [0.98858875 0.2242709  0.80341459 0.72134279 0.85730052 0.71104686
 0.066419  ] 
 recall: [0.85795418 0.67972136 0.77573468 0.98496894 0.94613608 0.88394394
 1.        ] 
 f1: [0.91865056 0.33726334 0.78933204 0.83279067 0.89953032 0.78812437
 0.12456455] 
 f1_avg: 0.8778493628078888


Validation Epoch: 77 accuracy: 0.57 
 precision: [0.916826   0.         0.61143695 0.27338129 0.01464844 0.59947644
 0.        ] 
 recall: [0.79060181 1.         0.26046221 0.39175258 0.2027027  0.56965174
 1.        ] 
 f1: [0.84904825 0.         0.3653088  0.3220339  0.0273224  0.58418367
 0.        ] 
 f1_avg: 0.6332068339817913

--- 586.0739259719849 seconds ---

Train Epoch: 78 accuracy: 0.86 
 precision: [0.98873934 0.22399108 0.80502634 0.72401205 0.85837204 0.71210581
 0.06632194] 
 recall: [0.85805686 0.68390093 0.777274   0.98546584 0.94691306 0.8846378
 1.        ] 
 f1: [0.91877444 0.33745799 0.79090679 0.83474509 0.90047128 0.78905056
 0.12439384] 
 f1_avg: 0.878386824810349


Validation Epoch: 78 accuracy: 0.57 
 precision: [0.91690408 0.         0.61482558 0.27272727 0.0148075  0.6031746
 0.        ] 
 recall: [0.79596043 1.         0.26420987 0.37113402 0.2027027  0.56716418
 1.        ] 
 f1: [0.8521624  0.         0.36959371 0.31441048 0.0275989  0.58461538
 0.        ] 
 f1_avg: 0.6362219634364688

--- 592.3075466156006 seconds ---

Train Epoch: 79 accuracy: 0.86 
 precision: [0.98863435 0.22467809 0.80592065 0.72457414 0.85989145 0.71275966
 0.06625305] 
 recall: [0.85820203 0.68606811 0.77870137 0.98546584 0.94650357 0.88519289
 1.        ] 
 f1: [0.91881232 0.33850149 0.79207723 0.83511856 0.90112109 0.78967274
 0.12427266] 
 f1_avg: 0.878728895279663


Validation Epoch: 79 accuracy: 0.57 
 precision: [0.91710338 0.         0.60939794 0.26811594 0.0146771  0.6015625
 0.        ] 
 recall: [0.79348722 1.         0.25921299 0.3814433  0.2027027  0.57462687
 1.        ] 
 f1: [0.85082873 0.         0.36371604 0.31489362 0.02737226 0.58778626
 0.        ] 
 f1_avg: 0.6337565607844765

--- 598.5491042137146 seconds ---

Train Epoch: 80 accuracy: 0.86 
 precision: [0.98869381 0.22348542 0.80697653 0.72707284 0.86026801 0.71332991
 0.06682902] 
 recall: [0.85874199 0.68467492 0.78003778 0.98583851 0.94636707 0.88624757
 1.        ] 
 f1: [0.91914738 0.33697764 0.79327852 0.8369101  0.90126592 0.79044236
 0.12528534] 
 f1_avg: 0.8792306661215046


Validation Epoch: 80 accuracy: 0.57 
 precision: [0.91722488 0.         0.6123348  0.27007299 0.01557936 0.59895833
 0.        ] 
 recall: [0.79018961 1.         0.26046221 0.3814433  0.21621622 0.5721393
 1.        ] 
 f1: [0.8489814  0.         0.36546889 0.31623932 0.02906449 0.58524173
 0.        ] 
 f1_avg: 0.6332255922558413

--- 604.8006029129028 seconds ---

Train Epoch: 81 accuracy: 0.86 
 precision: [0.98882933 0.22284597 0.80804024 0.72779383 0.86120467 0.71361424
 0.06663467] 
 recall: [0.85862338 0.68823529 0.78124125 0.9857764  0.94773205 0.88488759
 1.        ] 
 f1: [0.91913798 0.3366779  0.7944148  0.83736513 0.90239891 0.79007527
 0.12494375] 
 f1_avg: 0.8795008074748885


Validation Epoch: 81 accuracy: 0.57 
 precision: [0.91615055 0.         0.61393324 0.26865672 0.01554908 0.6
 0.        ] 
 recall: [0.79266282 1.         0.26420987 0.37113402 0.21621622 0.55970149
 1.        ] 
 f1: [0.84994475 0.         0.36943231 0.31168831 0.02901179 0.57915058
 0.        ] 
 f1_avg: 0.6344839724872009

--- 611.0407750606537 seconds ---

Train Epoch: 82 accuracy: 0.86 
 precision: [0.98880907 0.22479205 0.80771786 0.73174216 0.8613209  0.71682877
 0.06676663] 
 recall: [0.85924123 0.68606811 0.78264764 0.98639752 0.94839353 0.88572023
 1.        ] 
 f1: [0.91948311 0.33863081 0.79498515 0.84019787 0.90276251 0.79237483
 0.1251757 ] 
 f1_avg: 0.880095883100539


Validation Epoch: 82 accuracy: 0.57 
 precision: [0.91706387 0.         0.61594203 0.27007299 0.01565558 0.59947644
 0.        ] 
 recall: [0.79307502 1.         0.26545909 0.3814433  0.21621622 0.56965174
 1.        ] 
 f1: [0.85057471 0.         0.37101702 0.31623932 0.02919708 0.58418367
 0.        ] 
 f1_avg: 0.6359065524483946

--- 617.3102760314941 seconds ---

Train Epoch: 83 accuracy: 0.86 
 precision: [0.98894542 0.22364201 0.80770869 0.731543   0.86202783 0.71549239
 0.06703974] 
 recall: [0.85918989 0.69086687 0.78268962 0.9847205  0.94839353 0.88515126
 1.        ] 
 f1: [0.91951266 0.33790127 0.79500236 0.8394578  0.90315065 0.7913304
 0.12565557] 
 f1_avg: 0.8800573949664853


Validation Epoch: 83 accuracy: 0.56 
 precision: [0.91730769 0.         0.60204082 0.26277372 0.01518027 0.59466667
 0.        ] 
 recall: [0.7864798  1.         0.25796377 0.37113402 0.21621622 0.55472637
 1.        ] 
 f1: [0.84687084 0.         0.36117184 0.30769231 0.02836879 0.57400257
 0.        ] 
 f1_avg: 0.629443315583894

--- 623.5596311092377 seconds ---

Train Epoch: 84 accuracy: 0.86 
 precision: [0.98899192 0.22512507 0.8085964  0.73030861 0.86281795 0.71780471
 0.06742664] 
 recall: [0.85983784 0.68962848 0.78464176 0.98478261 0.94845653 0.88681654
 1.        ] 
 f1: [0.91990371 0.3394415  0.796439   0.83866702 0.90361271 0.79340977
 0.12633495] 
 f1_avg: 0.8807450379231387


Validation Epoch: 84 accuracy: 0.57 
 precision: [0.91746183 0.         0.61717613 0.27819549 0.01548887 0.59574468
 0.        ] 
 recall: [0.79266282 1.         0.26483448 0.3814433  0.21621622 0.55721393
 1.        ] 
 f1: [0.85050862 0.         0.37062937 0.32173913 0.02890696 0.57583548
 0.        ] 
 f1_avg: 0.6351185254303692

--- 629.7907869815826 seconds ---

Train Epoch: 85 accuracy: 0.86 
 precision: [0.98893845 0.22274058 0.80992541 0.73506806 0.86333079 0.71864392
 0.06689532] 
 recall: [0.85927486 0.69473684 0.78483767 0.98608696 0.94926501 0.88720511
 1.        ] 
 f1: [0.9195583  0.33732947 0.79718421 0.8422728  0.90426085 0.79407783
 0.12540184] 
 f1_avg: 0.8808155685644751


Validation Epoch: 85 accuracy: 0.58 
 precision: [0.91631406 0.         0.6295754  0.26865672 0.01595214 0.60321716
 0.        ] 
 recall: [0.80338005 1.         0.26858214 0.37113402 0.21621622 0.55970149
 1.        ] 
 f1: [0.85613881 0.         0.3765324  0.31168831 0.02971216 0.58064516
 0.        ] 
 f1_avg: 0.6403636835816114

--- 636.0442276000977 seconds ---

Train Epoch: 86 accuracy: 0.86 
 precision: [0.98893915 0.22174108 0.81072585 0.73330561 0.86489694 0.71866706
 0.06748449] 
 recall: [0.85996353 0.68962848 0.78674783 0.98559006 0.94897102 0.88677491
 1.        ] 
 f1: [0.91995281 0.33558058 0.79855688 0.84093378 0.90498553 0.79391959
 0.12643647] 
 f1_avg: 0.881311370885459


Validation Epoch: 86 accuracy: 0.57 
 precision: [0.91778203 0.         0.605613   0.27131783 0.015311   0.59580052
 0.        ] 
 recall: [0.79142622 1.         0.25608994 0.36082474 0.21621622 0.56467662
 1.        ] 
 f1: [0.8499336  0.         0.35996488 0.30973451 0.02859696 0.5798212
 0.        ] 
 f1_avg: 0.631193746046387

--- 642.3004696369171 seconds ---

Train Epoch: 87 accuracy: 0.86 
 precision: [0.98900057 0.2258698  0.81080984 0.73641683 0.86432938 0.7202627
 0.06731318] 
 recall: [0.86036186 0.69442724 0.78690876 0.98496894 0.95       0.88727449
 1.        ] 
 f1: [0.92020726 0.34086851 0.79868052 0.84274858 0.90514206 0.79509292
 0.12613576] 
 f1_avg: 0.8816708478873772


Validation Epoch: 87 accuracy: 0.57 
 precision: [0.91694511 0.         0.60298507 0.27272727 0.01502347 0.59466667
 0.        ] 
 recall: [0.79183842 1.         0.25234229 0.37113402 0.21621622 0.55472637
 1.        ] 
 f1: [0.84981199 0.         0.3557904  0.31441048 0.02809482 0.57400257
 0.        ] 
 f1_avg: 0.6292587355757872

--- 648.5331418514252 seconds ---

Train Epoch: 88 accuracy: 0.86 
 precision: [0.98907778 0.22502255 0.81139475 0.73869932 0.8654135  0.7207605
 0.0673247 ] 
 recall: [0.86057961 0.69520124 0.7875105  0.98559006 0.949874   0.88803775
 1.        ] 
 f1: [0.92036523 0.33999546 0.79927423 0.84446928 0.90567889 0.79570267
 0.12615598] 
 f1_avg: 0.8819944668915414


Validation Epoch: 88 accuracy: 0.57 
 precision: [0.91591449 0.         0.61561119 0.26666667 0.01548887 0.60162602
 0.        ] 
 recall: [0.79472383 1.         0.26108682 0.37113402 0.21621622 0.55223881
 1.        ] 
 f1: [0.85102626 0.         0.36666667 0.31034483 0.02890696 0.57587549
 0.        ] 
 f1_avg: 0.6337755559029575

--- 654.7950394153595 seconds ---

Train Epoch: 89 accuracy: 0.86 
 precision: [0.98907099 0.22342217 0.81305978 0.7373475  0.86718369 0.72319512
 0.06724413] 
 recall: [0.86068052 0.69814241 0.78888189 0.98726708 0.95099748 0.88828754
 1.        ] 
 f1: [0.92041999 0.33851235 0.80078838 0.84419895 0.90715878 0.79728467
 0.12601452] 
 f1_avg: 0.8825367062455214


Validation Epoch: 89 accuracy: 0.57 
 precision: [0.91611058 0.         0.61730205 0.26470588 0.01544402 0.60217984
 0.        ] 
 recall: [0.79225062 1.         0.26296065 0.37113402 0.21621622 0.54975124
 1.        ] 
 f1: [0.84969054 0.         0.36881297 0.30901288 0.02882883 0.57477243
 0.        ] 
 f1_avg: 0.6336923708408664

--- 661.0456736087799 seconds ---

Train Epoch: 90 accuracy: 0.86 
 precision: [0.98922778 0.22509741 0.81245322 0.74223719 0.8674159  0.7225352
 0.06730358] 
 recall: [0.86082746 0.69752322 0.78989645 0.98583851 0.95140697 0.88814876
 1.        ] 
 f1: [0.9205719  0.34035803 0.80101606 0.846868   0.90747213 0.79682763
 0.1261189 ] 
 f1_avg: 0.882726038390853


Validation Epoch: 90 accuracy: 0.57 
 precision: [0.91567413 0.         0.61617647 0.26470588 0.01550388 0.59517426
 0.        ] 
 recall: [0.79225062 1.         0.26171143 0.37113402 0.21621622 0.55223881
 1.        ] 
 f1: [0.84950276 0.         0.36738273 0.30901288 0.02893309 0.57290323
 0.        ] 
 f1_avg: 0.6329338786758355

--- 667.2572891712189 seconds ---

Train Epoch: 91 accuracy: 0.86 
 precision: [0.9892458  0.22637844 0.81275256 0.73734839 0.8667005  0.72398886
 0.06713128] 
 recall: [0.86098325 0.70356037 0.78947663 0.98552795 0.95036749 0.88781571
 1.        ] 
 f1: [0.92066879 0.3425406  0.80094553 0.84356309 0.90660777 0.79757645
 0.12581634] 
 f1_avg: 0.8826998813424621


Validation Epoch: 91 accuracy: 0.57 
 precision: [0.91678554 0.         0.61925926 0.26618705 0.01554908 0.60217984
 0.        ] 
 recall: [0.79472383 1.         0.26108682 0.3814433  0.21621622 0.54975124
 1.        ] 
 f1: [0.85140208 0.         0.36731107 0.31355932 0.02901179 0.57477243
 0.        ] 
 f1_avg: 0.6341711098949605

--- 673.4535386562347 seconds ---

Train Epoch: 92 accuracy: 0.86 
 precision: [0.98916684 0.22718244 0.81328977 0.73946682 0.86833297 0.72321772
 0.06733238] 
 recall: [0.86110541 0.70820433 0.79077806 0.98546584 0.95059849 0.88719123
 1.        ] 
 f1: [0.92070442 0.34401083 0.80187595 0.84492491 0.9076054  0.7968565
 0.12616947] 
 f1_avg: 0.8829537619514755


Validation Epoch: 92 accuracy: 0.57 
 precision: [0.91678487 0.         0.62463343 0.2761194  0.01564027 0.59408602
 0.        ] 
 recall: [0.79925804 1.         0.2660837  0.3814433  0.21621622 0.54975124
 1.        ] 
 f1: [0.85399692 0.         0.37319317 0.32034632 0.02917046 0.57105943
 0.        ] 
 f1_avg: 0.6374080173312012

--- 679.6331226825714 seconds ---

Train Epoch: 93 accuracy: 0.86 
 precision: [0.989171   0.22516359 0.81330434 0.74219772 0.86860291 0.72477822
 0.06781219] 
 recall: [0.86111603 0.70309598 0.79283515 0.98670807 0.95021    0.88888426
 1.        ] 
 f1: [0.92071229 0.34109342 0.80293931 0.84716297 0.90757567 0.79848662
 0.12701146] 
 f1_avg: 0.8832762403722165


Validation Epoch: 93 accuracy: 0.57 
 precision: [0.91571429 0.         0.6183432  0.26811594 0.01547389 0.60054348
 0.        ] 
 recall: [0.79266282 1.         0.26108682 0.3814433  0.21621622 0.54975124
 1.        ] 
 f1: [0.84975696 0.         0.36714976 0.31489362 0.02888087 0.57402597
 0.        ] 
 f1_avg: 0.633208142229452

--- 685.8285739421844 seconds ---

Train Epoch: 94 accuracy: 0.86 
 precision: [0.98922573 0.22676986 0.81431293 0.74403338 0.86897034 0.72573443
 0.06730934] 
 recall: [0.86131254 0.70758514 0.79257627 0.98559006 0.95160647 0.88860672
 1.        ] 
 f1: [0.92084832 0.3434647  0.80329758 0.847944   0.90841298 0.79895441
 0.12612902] 
 f1_avg: 0.8835732466628259


Validation Epoch: 94 accuracy: 0.57 
 precision: [0.91591875 0.         0.62089552 0.27272727 0.01539942 0.59836066
 0.        ] 
 recall: [0.79925804 1.         0.2598376  0.37113402 0.21621622 0.54477612
 1.        ] 
 f1: [0.85362096 0.         0.36635843 0.31441048 0.02875112 0.5703125
 0.        ] 
 f1_avg: 0.6346337636054611

--- 692.0293023586273 seconds ---

Train Epoch: 95 accuracy: 0.86 
 precision: [0.98930789 0.22612144 0.81433061 0.74620339 0.86930968 0.72733884
 0.06773434] 
 recall: [0.86177814 0.70619195 0.7940806  0.9857764  0.95200546 0.88825978
 1.        ] 
 f1: [0.92114996 0.34255679 0.80407813 0.84942064 0.90878019 0.79978508
 0.1268749 ] 
 f1_avg: 0.8840137410346911


Validation Epoch: 95 accuracy: 0.57 
 precision: [0.91615348 0.         0.6166419  0.27407407 0.01547389 0.6010929
 0.        ] 
 recall: [0.79719703 1.         0.25921299 0.3814433  0.21621622 0.54726368
 1.        ] 
 f1: [0.85254574 0.         0.3649956  0.31896552 0.02888087 0.57291667
 0.        ] 
 f1_avg: 0.6339180982834091

--- 698.2348551750183 seconds ---

Train Epoch: 96 accuracy: 0.86 
 precision: [0.98941082 0.22537025 0.81544014 0.74534103 0.87118898 0.72620033
 0.06787656] 
 recall: [0.86197465 0.70433437 0.79515113 0.98621118 0.95228895 0.88848182
 1.        ] 
 f1: [0.92130683 0.34147623 0.80516785 0.84902281 0.90993549 0.79918613
 0.12712435] 
 f1_avg: 0.8843453256076999


Validation Epoch: 96 accuracy: 0.57 
 precision: [0.91555977 0.         0.62053571 0.28169014 0.01565558 0.6027027
 0.        ] 
 recall: [0.79554823 1.         0.26046221 0.41237113 0.21621622 0.55472637
 1.        ] 
 f1: [0.85134539 0.         0.36691597 0.33472803 0.02919708 0.57772021
 0.        ] 
 f1_avg: 0.6347106764520384

--- 704.4233133792877 seconds ---

Train Epoch: 97 accuracy: 0.86 
 precision: [0.98936263 0.22806407 0.81512689 0.74440745 0.87009336 0.7281883
 0.06801153] 
 recall: [0.86197996 0.70975232 0.79531906 0.98590062 0.95214196 0.88999445
 1.        ] 
 f1: [0.92128898 0.34520404 0.80510116 0.84830185 0.90927048 0.80100167
 0.12736104] 
 f1_avg: 0.8844130013680949


Validation Epoch: 97 accuracy: 0.57 
 precision: [0.91470311 0.         0.62408223 0.26470588 0.01573255 0.5989011
 0.        ] 
 recall: [0.80008244 1.         0.26545909 0.37113402 0.21621622 0.54228856
 1.        ] 
 f1: [0.85356201 0.         0.37248028 0.30901288 0.02933089 0.5691906
 0.        ] 
 f1_avg: 0.6365308065090354

--- 710.6046528816223 seconds ---

Train Epoch: 98 accuracy: 0.86 
 precision: [0.9894164  0.22599851 0.81584231 0.74738824 0.87003617 0.72879835
 0.06779661] 
 recall: [0.86193747 0.70510836 0.79610271 0.98645963 0.95215246 0.89013322
 1.        ] 
 f1: [0.92128802 0.34228818 0.80585165 0.85044177 0.90924404 0.80142686
 0.12698413] 
 f1_avg: 0.8845791842880122


Validation Epoch: 98 accuracy: 0.57 
 precision: [0.91564562 0.         0.6189781  0.26923077 0.01582591 0.60054348
 0.        ] 
 recall: [0.80090684 1.         0.26483448 0.36082474 0.21621622 0.54975124
 1.        ] 
 f1: [0.85444151 0.         0.37095363 0.30837004 0.02949309 0.57402597
 0.        ] 
 f1_avg: 0.6368749341638921

--- 716.7942681312561 seconds ---

Train Epoch: 99 accuracy: 0.87 
 precision: [0.98945267 0.22617516 0.81596341 0.74898575 0.87108208 0.72957874
 0.06826531] 
 recall: [0.86244202 0.70758514 0.79640358 0.98614907 0.95216296 0.89167361
 1.        ] 
 f1: [0.92159189 0.34278215 0.80606486 0.85135932 0.90981966 0.80252295
 0.12780591] 
 f1_avg: 0.8849745435301611


Validation Epoch: 99 accuracy: 0.57 
 precision: [0.91540643 0.         0.62481536 0.27407407 0.01570167 0.60162602
 0.        ] 
 recall: [0.79843364 1.         0.26420987 0.3814433  0.21621622 0.55223881
 1.        ] 
 f1: [0.85292823 0.         0.3713784  0.31896552 0.02927722 0.57587549
 0.        ] 
 f1_avg: 0.6366062633907178

--- 722.9956274032593 seconds ---

Train Epoch: 100 accuracy: 0.86 
 precision: [0.98947636 0.22387766 0.81651527 0.74845701 0.87257863 0.72932664
 0.06751961] 
 recall: [0.86190738 0.70479876 0.7975021  0.98670807 0.95256195 0.88967527
 0.99957627] 
 f1: [0.92129682 0.33981416 0.8068967  0.85122572 0.91081773 0.80156036
 0.12649472] 
 f1_avg: 0.8849228641949713


Validation Epoch: 100 accuracy: 0.57 
 precision: [0.91520606 0.         0.62012012 0.27067669 0.01539942 0.59782609
 0.        ] 
 recall: [0.79637263 1.         0.25796377 0.37113402 0.21621622 0.54726368
 1.        ] 
 f1: [0.8516641  0.         0.36435818 0.31304348 0.02875112 0.57142857
 0.        ] 
 f1_avg: 0.6329742677360747

--- 729.2202379703522 seconds ---

Test Epoch: accuracy: 0.70 
 precision: [0.96845426 0.         0.456942   0.0862069  0.86376022 0.03100775
 0.        ] 
 recall: [0.80419122 1.         0.625      0.23809524 0.5096463  0.28571429
 1.        ] 
 f1: [0.87871199 0.         0.52791878 0.12658228 0.64105157 0.05594406
 0.        ] 
 f1_avg: 0.7552242056919353

--- 729.3031342029572 seconds ---

Test Epoch: accuracy: 0.60 
 precision: [0.9196806  0.         0.67705382 0.28888889 0.01750547 0.61502347
 0.        ] 
 recall: [0.80708986 1.         0.2985634  0.40206186 0.21621622 0.65174129
 1.        ] 
 f1: [0.8597146  0.         0.41439098 0.3362069  0.03238866 0.63285024
 0.        ] 
 f1_avg: 0.6605483066360208

--- 99.28180241584778 seconds ---
slurmstepd: Exceeded job memory limit at some point.
slurmstepd: Exceeded job memory limit at some point.
