cuda
Reading data ...
Read 66 files: [PosixPath('../../data/data_wav2vec2/104dat LC Male.csv'), PosixPath('../../data/data_wav2vec2/1T7lcNico.csv'), PosixPath('../../data/data_wav2vec2/6T10lcFugit.csv'), PosixPath('../../data/data_wav2vec2/134dat LC Fugit.csv'), PosixPath('../../data/data_wav2vec2/8T10lcFugit.csv'), PosixPath('../../data/data_wav2vec2/23datA LC Fugit.csv'), PosixPath('../../data/data_wav2vec2/24dat LC Male.csv'), PosixPath('../../data/data_wav2vec2/111dat LC Teju.csv'), PosixPath('../../data/data_wav2vec2/91dat LC Sultan.csv'), PosixPath('../../data/data_wav2vec2/11T10lcFugit.csv'), PosixPath('../../data/data_wav2vec2/122dat LC Rambo.csv'), PosixPath('../../data/data_wav2vec2/20T5lcNiko.csv'), PosixPath('../../data/data_wav2vec2/5T10lcFugit.csv'), PosixPath('../../data/data_wav2vec2/15T6lcZeke.csv'), PosixPath('../../data/data_wav2vec2/86dat LC Sultan.csv'), PosixPath('../../data/data_wav2vec2/131dat LC Kay.csv'), PosixPath('../../data/data_wav2vec2/27T5lcNiko.csv'), PosixPath('../../data/data_wav2vec2/13T6lcZeke.csv'), PosixPath('../../data/data_wav2vec2/26dat LC  Male.csv'), PosixPath('../../data/data_wav2vec2/135dat LC Fugit.csv'), PosixPath('../../data/data_wav2vec2/102dat LC FlangedMale.csv'), PosixPath('../../data/data_wav2vec2/12T2lcNiko.csv'), PosixPath('../../data/data_wav2vec2/130dat LC Kay.csv'), PosixPath('../../data/data_wav2vec2/51dat LC Sultan.csv'), PosixPath('../../data/data_wav2vec2/165datLongCallFugit.csv'), PosixPath('../../data/data_wav2vec2/132dat LC Fugit.csv'), PosixPath('../../data/data_wav2vec2/9T6lcZeke.csv'), PosixPath('../../data/data_wav2vec2/52dat LC Sultan.csv'), PosixPath('../../data/data_wav2vec2/119dat LC Kay.csv'), PosixPath('../../data/data_wav2vec2/133dat LC Fugit.csv'), PosixPath('../../data/data_wav2vec2/77datA LC Fugit.csv'), PosixPath('../../data/data_wav2vec2/149dat LC Fugit.csv'), PosixPath('../../data/data_wav2vec2/26datA LC Henk.csv'), PosixPath('../../data/data_wav2vec2/33datA LC Fugit.csv'), PosixPath('../../data/data_wav2vec2/93dat LC Sultan.csv'), PosixPath('../../data/data_wav2vec2/21T5lcNiko.csv'), PosixPath('../../data/data_wav2vec2/100dat LC FlangedMale.csv'), PosixPath('../../data/data_wav2vec2/49datA LC Niko.csv'), PosixPath('../../data/data_wav2vec2/16T6lcZeke.csv'), PosixPath('../../data/data_wav2vec2/31T5lcZeke.csv'), PosixPath('../../data/data_wav2vec2/123dat LCandKSQ Rambo.csv'), PosixPath('../../data/data_wav2vec2/2T7lcNico.csv'), PosixPath('../../data/data_wav2vec2/12T8lcFugit.csv'), PosixPath('../../data/data_wav2vec2/24T5lcNico.csv'), PosixPath('../../data/data_wav2vec2/7T6lcZeke.csv'), PosixPath('../../data/data_wav2vec2/14T8lcksqFugit.csv'), PosixPath('../../data/data_wav2vec2/17T6lcZeke.csv'), PosixPath('../../data/data_wav2vec2/47dat LC Sultan.csv'), PosixPath('../../data/data_wav2vec2/48datA LC Niko.csv'), PosixPath('../../data/data_wav2vec2/12T6lcZeke.csv'), PosixPath('../../data/data_wav2vec2/13T8lcksqFugit.csv'), PosixPath('../../data/data_wav2vec2/28T5lcNiko.csv'), PosixPath('../../data/data_wav2vec2/125dat LC Rambo.csv'), PosixPath('../../data/data_wav2vec2/10T10lcFugit.csv'), PosixPath('../../data/data_wav2vec2/72datA LC Kay.csv'), PosixPath('../../data/data_wav2vec2/75datA LC Kay.csv'), PosixPath('../../data/data_wav2vec2/137dat LC Fugit.csv'), PosixPath('../../data/data_wav2vec2/25datA LC Henk.csv'), PosixPath('../../data/data_wav2vec2/11T8lcFugit.csv'), PosixPath('../../data/data_wav2vec2/4T10lcFugit.csv'), PosixPath('../../data/data_wav2vec2/148dat LC Fugit.csv'), PosixPath('../../data/data_wav2vec2/2T6lcZeke.csv'), PosixPath('../../data/data_wav2vec2/13T4lcDayak.csv'), PosixPath('../../data/data_wav2vec2/13T2lcNiko.csv'), PosixPath('../../data/data_wav2vec2/32T5lcZeke.csv'), PosixPath('../../data/data_wav2vec2/26T5lcNiko.csv')]
Train on 66 annotated files
(245050, 769)
Labels in data:  {0.0: 164462, 1.0: 60907, 2.0: 9163, 3.0: 923, 4.0: 5458, 5.0: 4019, 6.0: 118}
train, dev, test number of files: 52, 7, 7.
--- 119.83663725852966 seconds ---
LSTM(
  (lstm): LSTM(768, 256, num_layers=2, dropout=0.2, bidirectional=True)
  (hidden2tag): Linear(in_features=512, out_features=7, bias=True)
)
Number of parameters: 3681799

Train Epoch: 1 accuracy: 0.48 
 precision: [0.95155101 0.55995767 0.14866409 0.04493329 0.13839628 0.07460498
 0.00314942] 
 recall: [0.63200131 0.07602    0.36139911 0.8131636  0.60768597 0.61220453
 0.8440678 ] 
 f1: [0.75953472 0.13386628 0.21066828 0.08516082 0.22544828 0.13300197
 0.00627543] 
 f1_avg: 0.5584277564404835


Validation Epoch: 1 accuracy: 0.51 
 precision: [0.97006995 0.51093596 0.15518098 0.07640942 0.14477462 0.08387041
 0.00450812] 
 recall: [0.662761   0.0425731  0.47724544 0.86782232 0.73909857 0.72853944
 1.        ] 
 f1: [0.78749675 0.07859719 0.23420721 0.14045239 0.24212232 0.15042384
 0.00897577] 
 f1_avg: 0.5652038522373504

New best val score, save model ...
--- 241.87048840522766 seconds ---

Train Epoch: 2 accuracy: 0.51 
 precision: [0.96576677 0.57767073 0.16253837 0.06049297 0.14985104 0.08878112
 0.00406973] 
 recall: [0.65630206 0.06684371 0.45800502 0.90444204 0.70360938 0.72312764
 0.97457627] 
 f1: [0.78151397 0.11982247 0.23992968 0.11340119 0.24708023 0.15814605
 0.00810561] 
 f1_avg: 0.5717838457179771


Validation Epoch: 2 accuracy: 0.51 
 precision: [0.97425693 0.5418939  0.18640606 0.04836228 0.1583705  0.08158794
 0.00527516] 
 recall: [0.66089431 0.05383618 0.50791226 0.95341278 0.72224258 0.77830306
 0.94067797] 
 f1: [0.787549   0.09794199 0.27272195 0.09205502 0.25977792 0.14769347
 0.01049149] 
 f1_avg: 0.5716541129080883

New best val score, save model ...
--- 305.7614486217499 seconds ---

Train Epoch: 3 accuracy: 0.53 
 precision: [0.96992947 0.60367984 0.18040878 0.06696916 0.15957277 0.09265843
 0.00436802] 
 recall: [0.67884831 0.07899913 0.50201899 0.92426869 0.7341517  0.73989798
 0.98220339] 
 f1: [0.79869463 0.13971481 0.26543068 0.12488929 0.26216273 0.16469223
 0.00869737] 
 f1_avg: 0.5896990363730527


Validation Epoch: 3 accuracy: 0.51 
 precision: [0.97357751 0.66592459 0.18776238 0.082536   0.16444652 0.09727137
 0.00313042] 
 recall: [0.64972456 0.07857882 0.55156608 0.92524377 0.77354342 0.71137099
 0.94915254] 
 f1: [0.77934628 0.14057039 0.28015521 0.1515528  0.27123217 0.17114124
 0.00624025] 
 f1_avg: 0.5778839127730102

New best val score, save model ...
--- 370.1695919036865 seconds ---

Train Epoch: 4 accuracy: 0.54 
 precision: [0.97240978 0.61889039 0.19083799 0.07232649 0.16671518 0.09660896
 0.00445967] 
 recall: [0.69276702 0.08278359 0.53522318 0.93315276 0.75551484 0.75037323
 0.98940678] 
 f1: [0.80910739 0.14603354 0.28135622 0.13424775 0.27315483 0.17117898
 0.00887932] 
 f1_avg: 0.5992399792514831


Validation Epoch: 4 accuracy: 0.57 
 precision: [0.96737554 0.66418315 0.19397363 0.07034677 0.1733166  0.10621122
 0.00544363] 
 recall: [0.74624533 0.08049978 0.562043   0.92091008 0.70831807 0.74968898
 0.99152542] 
 f1: [0.84254282 0.1435956  0.28841038 0.1307089  0.27849013 0.18606231
 0.01082782] 
 f1_avg: 0.6216880823095791

New best val score, save model ...
--- 432.98251962661743 seconds ---

Train Epoch: 5 accuracy: 0.54 
 precision: [0.9738772  0.63661355 0.19319617 0.07420366 0.1693955  0.0985777
 0.00452478] 
 recall: [0.69723158 0.08478582 0.54763724 0.93748646 0.77292048 0.75947997
 0.98516949] 
 f1: [0.81265558 0.14964195 0.28562809 0.1375222  0.27788821 0.17450526
 0.00900819] 
 f1_avg: 0.6028502793236622


Validation Epoch: 5 accuracy: 0.57 
 precision: [0.97192545 0.74026395 0.18257385 0.08219178 0.18665148 0.0956465
 0.00520785] 
 recall: [0.72517664 0.11235162 0.53694205 0.93607801 0.75064126 0.76586215
 0.94915254] 
 f1: [0.83061312 0.19509344 0.27249315 0.151115   0.29896381 0.17005525
 0.01035886] 
 f1_avg: 0.6261563097028643

New best val score, save model ...
--- 495.31015634536743 seconds ---

Train Epoch: 6 accuracy: 0.55 
 precision: [0.97480195 0.66784213 0.18991257 0.07655656 0.17127982 0.09929756
 0.00470079] 
 recall: [0.70057126 0.08737419 0.54739714 0.9443662  0.78870465 0.7673053
 0.99194915] 
 f1: [0.8152431  0.154531   0.28199167 0.14163153 0.28144037 0.17583959
 0.00935724] 
 f1_avg: 0.6057827043415814


Validation Epoch: 6 accuracy: 0.59 
 precision: [0.9630343  0.74952589 0.187593   0.06673816 0.18711715 0.11067936
 0.00525976] 
 recall: [0.77223918 0.08435812 0.61912038 0.87648971 0.71637963 0.63075392
 0.89830508] 
 f1: [0.85714768 0.15164842 0.28794031 0.1240322  0.29672915 0.18831482
 0.01045829] 
 f1_avg: 0.6338917336603083

New best val score, save model ...
--- 557.8907136917114 seconds ---

Train Epoch: 7 accuracy: 0.54 
 precision: [0.97671825 0.69203392 0.18695402 0.07639541 0.17202097 0.10069301
 0.00462725] 
 recall: [0.69731823 0.08300442 0.55832697 0.94295775 0.80108098 0.77312764
 0.99194915] 
 f1: [0.81370203 0.14822976 0.28011306 0.14133992 0.28322362 0.1781797
 0.00921153] 
 f1_avg: 0.6031889449315215


Validation Epoch: 7 accuracy: 0.57 
 precision: [0.97641475 0.67686659 0.17767573 0.09177386 0.18876143 0.1179715
 0.00484429] 
 recall: [0.73176782 0.09987358 0.60384154 0.91982665 0.8019421  0.76635979
 0.94915254] 
 f1: [0.83657205 0.17406358 0.27456332 0.16689601 0.3055924  0.20446775
 0.00963938] 
 f1_avg: 0.6257771400870268

--- 620.2270104885101 seconds ---

Train Epoch: 8 accuracy: 0.55 
 precision: [0.97604611 0.68773617 0.18819246 0.07683673 0.17432602 0.10232147
 0.00473258] 
 recall: [0.70228411 0.08396982 0.56771254 0.94182015 0.80585379 0.77163474
 0.9940678 ] 
 f1: [0.81683767 0.14966603 0.28267895 0.14208195 0.2866439  0.18068365
 0.00942031] 
 f1_avg: 0.6058664622759163


Validation Epoch: 8 accuracy: 0.55 
 precision: [0.97783968 0.59843944 0.18961916 0.08937173 0.19052234 0.08974291
 0.00555051] 
 recall: [0.71073561 0.08688656 0.59445596 0.9447454  0.72041041 0.84249813
 0.93220339] 
 f1: [0.82316197 0.15174194 0.28752408 0.16329588 0.30134887 0.16220748
 0.01103531] 
 f1_avg: 0.6109132490535945

--- 682.682142496109 seconds ---

Train Epoch: 9 accuracy: 0.56 
 precision: [0.97715123 0.66971843 0.19453169 0.08403221 0.17914203 0.10674341
 0.0049273 ] 
 recall: [0.71958446 0.08275075 0.58705664 0.95422535 0.81598571 0.78541926
 0.99576271] 
 f1: [0.82881836 0.14730092 0.29222831 0.15446199 0.29378607 0.18794404
 0.00980607] 
 f1_avg: 0.6140013337149554


Validation Epoch: 9 accuracy: 0.57 
 precision: [0.97788565 0.76857491 0.18995074 0.07721806 0.19838323 0.10751972
 0.00509565] 
 recall: [0.72515231 0.10360057 0.63123431 0.95991333 0.77336021 0.76312516
 1.        ] 
 f1: [0.83276598 0.18258894 0.29202535 0.14293781 0.31576585 0.18848328
 0.01013963] 
 f1_avg: 0.6258691061501882

--- 744.6456978321075 seconds ---

Train Epoch: 10 accuracy: 0.56 
 precision: [0.97658136 0.65678552 0.19407624 0.08366521 0.18201069 0.10859988
 0.0050135 ] 
 recall: [0.72342    0.08501322 0.5894576  0.94685807 0.82046537 0.78448619
 0.99533898] 
 f1: [0.8311505  0.1505407  0.29200963 0.15374534 0.29792925 0.19078812
 0.00997675] 
 f1_avg: 0.6164998931968403


Validation Epoch: 10 accuracy: 0.60 
 precision: [0.97608609 0.73149142 0.19178377 0.10612837 0.18944956 0.11058807
 0.00609559] 
 recall: [0.77160073 0.08954636 0.58386991 0.95124594 0.81788201 0.80666833
 0.95762712] 
 f1: [0.86188067 0.15956    0.28872878 0.19095259 0.3076393  0.19451027
 0.01211407] 
 f1_avg: 0.6396615855295082

New best val score, save model ...
--- 806.791021823883 seconds ---

Train Epoch: 11 accuracy: 0.56 
 precision: [0.97658635 0.67178795 0.19013286 0.08333333 0.18059022 0.10688705
 0.005173  ] 
 recall: [0.72342578 0.08295352 0.578184   0.95070423 0.82524734 0.78754665
 0.99745763] 
 f1: [0.83115612 0.14767222 0.2861626  0.15323496 0.29633333 0.18822756
 0.01029262] 
 f1_avg: 0.6154927622192653


Validation Epoch: 11 accuracy: 0.55 
 precision: [0.97733383 0.79383393 0.19718159 0.08961792 0.18174591 0.09913664
 0.00511856] 
 recall: [0.70736097 0.06890834 0.60471461 0.97074756 0.87962624 0.8228415
 0.99152542] 
 f1: [0.82071578 0.12680908 0.29739158 0.16408754 0.30124867 0.17695374
 0.01018454] 
 f1_avg: 0.6036856371351165

--- 871.1628823280334 seconds ---

Train Epoch: 12 accuracy: 0.56 
 precision: [0.97730151 0.7133537  0.18801543 0.0822967  0.17978157 0.106761
 0.00516784] 
 recall: [0.71760103 0.08913261 0.58470479 0.95113759 0.82940638 0.78682508
 0.99491525] 
 f1: [0.82755504 0.1584652  0.28453642 0.15148613 0.29550885 0.1880115
 0.01028228] 
 f1_avg: 0.6156692296999725


Validation Epoch: 12 accuracy: 0.54 
 precision: [0.98144483 0.70541082 0.19270253 0.08252608 0.16947034 0.10645918
 0.00406062] 
 recall: [0.68439518 0.07513094 0.54698243 0.95991333 0.86936607 0.83578004
 0.94915254] 
 f1: [0.80643532 0.13579844 0.28499943 0.15198559 0.28364767 0.18886171
 0.00808664] 
 f1_avg: 0.5956291037328042

--- 933.6551899909973 seconds ---

Train Epoch: 13 accuracy: 0.57 
 precision: [0.97758638 0.69667842 0.19115723 0.08620302 0.18204831 0.10894147
 0.0051614 ] 
 recall: [0.72478506 0.08710739 0.59142748 0.95628386 0.83274093 0.79154018
 0.99491525] 
 f1: [0.83241528 0.15485312 0.28892882 0.15814983 0.29877944 0.19152318
 0.01026953] 
 f1_avg: 0.6183531114474103


Validation Epoch: 13 accuracy: 0.58 
 precision: [0.98149564 0.67506151 0.1959764  0.08721448 0.17664053 0.11896984
 0.00552433] 
 recall: [0.74146003 0.07657576 0.64531267 0.95557963 0.86258703 0.77929833
 0.96610169] 
 f1: [0.84475742 0.13754866 0.30064828 0.15984052 0.29323285 0.2064261
 0.01098583] 
 f1_avg: 0.6229011670141241

--- 997.0653445720673 seconds ---

Train Epoch: 14 accuracy: 0.57 
 precision: [0.97688756 0.66541478 0.19755749 0.08659359 0.1842694  0.11207156
 0.00523394] 
 recall: [0.73331104 0.08581444 0.60527666 0.95308776 0.83522353 0.79181388
 0.99237288] 
 f1: [0.8377535  0.15202336 0.29788703 0.15876267 0.30192684 0.19635191
 0.01041296] 
 f1_avg: 0.6217190919601019


Validation Epoch: 14 accuracy: 0.61 
 precision: [0.96798617 0.79946879 0.21304488 0.09064149 0.19613916 0.12401362
 0.00584466] 
 recall: [0.79681021 0.07907137 0.57819491 0.96749729 0.84701356 0.79771087
 0.96610169] 
 f1: [0.8740966  0.1439094  0.31136317 0.16575406 0.31852005 0.21465636
 0.01161902] 
 f1_avg: 0.6452941629719919

New best val score, save model ...
--- 1062.5330255031586 seconds ---

Train Epoch: 15 accuracy: 0.57 
 precision: [0.97732001 0.68579538 0.19399756 0.08776465 0.18518736 0.11037017
 0.00535543] 
 recall: [0.73207367 0.08568473 0.6076667  0.9563922  0.83842067 0.79192585
 0.99576271] 
 f1: [0.83710412 0.15233625 0.29410281 0.16077551 0.3033679  0.19373905
 0.01065356] 
 f1_avg: 0.6212164790294832


Validation Epoch: 15 accuracy: 0.58 
 precision: [0.97756152 0.73098404 0.20387895 0.0961789  0.1941559  0.10310159
 0.00528781] 
 recall: [0.75126169 0.09025235 0.61835643 0.95991333 0.78765115 0.78079124
 0.96610169] 
 f1: [0.84960048 0.16066757 0.30665151 0.17483966 0.31152174 0.18215063
 0.01051806] 
 f1_avg: 0.6321876745958773

--- 1128.2206635475159 seconds ---

Train Epoch: 16 accuracy: 0.57 
 precision: [0.97800033 0.72022706 0.18851271 0.08637705 0.18208397 0.10920308
 0.00546144] 
 recall: [0.73170732 0.08613706 0.59250246 0.95633803 0.83582814 0.79210002
 0.99491525] 
 f1: [0.83711388 0.15387153 0.28602324 0.15844339 0.29902563 0.19194378
 0.01086325] 
 f1_avg: 0.6211676650636578


Validation Epoch: 16 accuracy: 0.56 
 precision: [0.98142067 0.6998091  0.20422614 0.09634159 0.16551816 0.09870445
 0.0061317 ] 
 recall: [0.7178558  0.07222487 0.5948925  0.97291441 0.90655918 0.83030605
 0.97457627] 
 f1: [0.82919823 0.13093626 0.30406649 0.17532214 0.27992759 0.17643482
 0.01218672] 
 f1_avg: 0.6102138000668068

--- 1199.8653016090393 seconds ---

Train Epoch: 17 accuracy: 0.57 
 precision: [0.97803491 0.71317721 0.1905929  0.0874347  0.18291571 0.11092094
 0.00544539] 
 recall: [0.73119322 0.08805146 0.60810324 0.95650054 0.83999634 0.79012192
 0.99449153] 
 f1: [0.83678999 0.15674999 0.29022341 0.16022323 0.30041396 0.19453251
 0.01083147] 
 f1_avg: 0.6219028526406657


Validation Epoch: 17 accuracy: 0.61 
 precision: [0.9755126  0.69486405 0.20221317 0.09580902 0.20817068 0.12511326
 0.00673083] 
 recall: [0.78917926 0.08307748 0.63418095 0.97833153 0.84023452 0.85892013
 0.96610169] 
 f1: [0.87250849 0.14841103 0.30664908 0.17452648 0.33367288 0.21841189
 0.01336851] 
 f1_avg: 0.645603903405915

New best val score, save model ...
--- 1265.5596044063568 seconds ---

Train Epoch: 18 accuracy: 0.58 
 precision: [0.97738903 0.67482275 0.19782185 0.08929902 0.18812832 0.11421603
 0.00547841] 
 recall: [0.74015578 0.08641946 0.62761104 0.95460455 0.84137963 0.79294601
 0.99618644] 
 f1: [0.84238867 0.15321751 0.30082441 0.16332016 0.30750095 0.19967138
 0.0108969 ] 
 f1_avg: 0.6254325547277277


Validation Epoch: 18 accuracy: 0.56 
 precision: [0.9799007  0.70957888 0.19375785 0.10586689 0.15059927 0.09429682
 0.00628415] 
 recall: [0.72479357 0.05339288 0.4884863  0.95991333 0.84719678 0.8997263
 0.97457627] 
 f1: [0.83325877 0.09931287 0.27746095 0.19070168 0.25573807 0.17070292
 0.01248778] 
 f1_avg: 0.6035094557295739

--- 1330.4992141723633 seconds ---

Train Epoch: 19 accuracy: 0.58 
 precision: [0.97769541 0.70119954 0.19484851 0.08941836 0.18617875 0.11165238
 0.00570465] 
 recall: [0.74274848 0.08594579 0.61199935 0.95855905 0.8434225  0.7958323
 0.99576271] 
 f1: [0.84417955 0.1531233  0.29558773 0.16357754 0.30502556 0.19583046
 0.0113443 ] 
 f1_avg: 0.6262983144806795


Validation Epoch: 19 accuracy: 0.53 
 precision: [0.98080611 0.73286649 0.17316885 0.09193149 0.19046834 0.10860341
 0.00373832] 
 recall: [0.66553976 0.10481554 0.61279057 0.96533044 0.84646391 0.73874098
 0.98305085] 
 f1: [0.79298703 0.18340084 0.27002982 0.16787565 0.31096453 0.18936761
 0.00744831] 
 f1_avg: 0.5985515307074248

--- 1392.7930054664612 seconds ---

Train Epoch: 20 accuracy: 0.57 
 precision: [0.97858535 0.73292978 0.19023504 0.08740691 0.1845784  0.11026537
 0.005527  ] 
 recall: [0.73191832 0.0894577  0.60961475 0.95438787 0.84766398 0.79009704
 0.99788136] 
 f1: [0.83746624 0.15945333 0.28997966 0.16014689 0.30314676 0.19352283
 0.01099311] 
 f1_avg: 0.6230636077000836


Validation Epoch: 20 accuracy: 0.52 
 precision: [0.98528191 0.68480271 0.19255507 0.06000264 0.17758118 0.10463495
 0.00469036] 
 recall: [0.65656504 0.07294728 0.6305795  0.98591549 0.90472701 0.80268724
 1.        ] 
 f1: [0.788017   0.13184954 0.2950217  0.11312077 0.29688862 0.1851363
 0.00933692] 
 f1_avg: 0.5827491923969684

--- 1455.2327423095703 seconds ---

Train Epoch: 21 accuracy: 0.57 
 precision: [0.97836774 0.72857976 0.19508878 0.08980403 0.18505864 0.11256989
 0.00538499] 
 recall: [0.73165442 0.09123007 0.62855506 0.96170098 0.84496152 0.79202538
 0.99618644] 
 f1: [0.83721381 0.16215562 0.29775987 0.1642686  0.30362013 0.19712287
 0.01071207] 
 f1_avg: 0.6239417366797249


Validation Epoch: 21 accuracy: 0.53 
 precision: [0.98659579 0.63079646 0.19029914 0.09161538 0.15881493 0.10342123
 0.00461702] 
 recall: [0.67489146 0.05851544 0.61442759 0.98374865 0.91535361 0.78750933
 0.99152542] 
 f1: [0.80150489 0.10709617 0.29059564 0.16762045 0.27066854 0.18283173
 0.00919125] 
 f1_avg: 0.5850668817870545

--- 1518.1283223628998 seconds ---

Train Epoch: 22 accuracy: 0.58 
 precision: [0.97721965 0.67383405 0.20073649 0.09081972 0.19129026 0.11384486
 0.00559311] 
 recall: [0.74323704 0.08860065 0.63952854 0.95585049 0.84905643 0.78721075
 0.9970339 ] 
 f1: [0.84431749 0.15660918 0.30556244 0.16587856 0.31223481 0.19892202
 0.01112382] 
 f1_avg: 0.627850118225952


Validation Epoch: 22 accuracy: 0.61 
 precision: [0.97333134 0.80111239 0.19754673 0.10567297 0.17349807 0.13257899
 0.00643297] 
 recall: [0.79269375 0.06857997 0.58703481 0.92632719 0.91590326 0.77258024
 1.        ] 
 f1: [0.8737743  0.12634413 0.29561442 0.1897049  0.29173354 0.2263202
 0.01278371] 
 f1_avg: 0.6398085898818408

--- 1582.535091161728 seconds ---

Train Epoch: 23 accuracy: 0.58 
 precision: [0.97787814 0.70394706 0.19308641 0.08959516 0.18718896 0.11351321
 0.00582143] 
 recall: [0.74499185 0.0865426  0.62093201 0.96040087 0.84558446 0.79177656
 0.99745763] 
 f1: [0.84569497 0.15413587 0.29457204 0.16390018 0.30652237 0.19855985
 0.0115753 ] 
 f1_avg: 0.6276084913279886


Validation Epoch: 23 accuracy: 0.58 
 precision: [0.98250014 0.68335962 0.18392418 0.08513627 0.14694366 0.12510956
 0.00687525] 
 recall: [0.75751237 0.05690643 0.5146786  0.98483207 0.90069623 0.81686987
 1.        ] 
 f1: [0.85546053 0.10506373 0.27100333 0.15672414 0.2526662  0.21698612
 0.01365662] 
 f1_avg: 0.620161016103661

--- 1648.197994709015 seconds ---

Train Epoch: 24 accuracy: 0.58 
 precision: [0.97890267 0.75397925 0.1871292  0.08737974 0.18467156 0.11368735
 0.00578238] 
 recall: [0.73814589 0.09021705 0.61048783 0.96088841 0.84929461 0.79886788
 0.99788136] 
 f1: [0.84164537 0.16115158 0.28645351 0.16019218 0.30337658 0.19904805
 0.01149813] 
 f1_avg: 0.6262547690290686


Validation Epoch: 24 accuracy: 0.56 
 precision: [0.98750452 0.52589797 0.1878775  0.10059035 0.15814647 0.12027454
 0.0058504 ] 
 recall: [0.71454804 0.06634705 0.67554294 0.94149512 0.93294247 0.83279423
 0.83050847] 
 f1: [0.8291394  0.11782887 0.29399193 0.18176114 0.27044827 0.21019248
 0.01161895] 
 f1_avg: 0.6069062712795221

--- 1714.0566353797913 seconds ---

Train Epoch: 25 accuracy: 0.58 
 precision: [0.97713565 0.67999546 0.19925252 0.0918043  0.18902267 0.11628213
 0.00577379] 
 recall: [0.74897879 0.08862036 0.6353596  0.95904659 0.84737083 0.7917268
 0.99618644] 
 f1: [0.84797839 0.1568051  0.30336727 0.16756821 0.30909553 0.20278144
 0.01148103] 
 f1_avg: 0.6302736072670899


Validation Epoch: 25 accuracy: 0.62 
 precision: [0.96849127 0.84777351 0.20903653 0.10789127 0.23090296 0.11262181
 0.00673887] 
 recall: [0.80159551 0.09783769 0.64072902 0.97616468 0.80304141 0.83677532
 0.94915254] 
 f1: [0.87717536 0.17542982 0.31522994 0.19430666 0.3586743  0.1985242
 0.01338272] 
 f1_avg: 0.6560775616038678

New best val score, save model ...
--- 1779.9142639636993 seconds ---

Train Epoch: 26 accuracy: 0.59 
 precision: [0.97746341 0.69263028 0.19691121 0.09190695 0.19221064 0.11380902
 0.00617302] 
 recall: [0.75470717 0.08813191 0.63214559 0.95796316 0.85480029 0.79100523
 0.99788136] 
 f1: [0.85176212 0.15636727 0.30028474 0.1677226  0.31384908 0.19898786
 0.01227013] 
 f1_avg: 0.6326335386916965


Validation Epoch: 26 accuracy: 0.56 
 precision: [0.98091396 0.70787746 0.17305656 0.10731589 0.1768396  0.11583289
 0.00529076] 
 recall: [0.72437402 0.07435927 0.62414057 0.95991333 0.89868084 0.76163225
 0.97457627] 
 f1: [0.83334732 0.13458138 0.27097844 0.19304935 0.29552643 0.20108392
 0.01052439] 
 f1_avg: 0.6134848288124525

--- 1845.7265610694885 seconds ---

Train Epoch: 27 accuracy: 0.58 
 precision: [0.97828179 0.74192822 0.18598268 0.08720257 0.18508695 0.11241449
 0.00576668] 
 recall: [0.73788383 0.08920814 0.6082342  0.95910076 0.84828692 0.78890271
 0.9940678 ] 
 f1: [0.84124551 0.15926637 0.28486181 0.15986961 0.30387228 0.19678775
 0.01146684] 
 f1_avg: 0.6254310632160713


Validation Epoch: 27 accuracy: 0.55 
 precision: [0.98503392 0.58997155 0.18003779 0.07887642 0.14587574 0.11524597
 0.0066693 ] 
 recall: [0.7159587  0.0544765  0.54076176 0.98266522 0.9322096  0.81139587
 1.        ] 
 f1: [0.82921419 0.09974298 0.27013766 0.14603123 0.25227459 0.20182578
 0.01325024] 
 f1_avg: 0.600893464179781

--- 1911.468729019165 seconds ---

Train Epoch: 28 accuracy: 0.59 
 precision: [0.97688485 0.65657417 0.20180219 0.09303038 0.1910593  0.11644256
 0.00611717] 
 recall: [0.76070582 0.08692679 0.63815344 0.9539545  0.8523177  0.78118935
 0.99364407] 
 f1: [0.85534758 0.1535274  0.30663706 0.16952824 0.31214647 0.20267481
 0.01215949] 
 f1_avg: 0.6346008462331275


Validation Epoch: 28 accuracy: 0.62 
 precision: [0.97055038 0.83321341 0.19349939 0.07965621 0.22087171 0.11927692
 0.0072422 ] 
 recall: [0.80696453 0.09506296 0.62566845 0.97399783 0.75577134 0.77656133
 0.95762712] 
 f1: [0.88123    0.17065551 0.29558403 0.14726841 0.34184139 0.20679145
 0.01437568] 
 f1_avg: 0.6564614947616028

New best val score, save model ...
--- 1977.292322397232 seconds ---

Train Epoch: 29 accuracy: 0.59 
 precision: [0.97856427 0.7411379  0.18819271 0.08972578 0.18730673 0.11318677
 0.00639224] 
 recall: [0.75354185 0.08907843 0.61596093 0.95855905 0.85285819 0.78770839
 0.99745763] 
 f1: [0.85143644 0.15904144 0.28830152 0.16409177 0.30715529 0.19793239
 0.01270307] 
 f1_avg: 0.632451674205494


Validation Epoch: 29 accuracy: 0.54 
 precision: [0.98940783 0.67454423 0.18054849 0.06030051 0.17824936 0.09875057
 0.00752514] 
 recall: [0.67985918 0.08201028 0.69693332 0.99133261 0.91260535 0.75516298
 0.98305085] 
 f1: [0.80593217 0.14624078 0.28679855 0.11368578 0.29824561 0.17466118
 0.01493594] 
 f1_avg: 0.5979054130307139

--- 2043.3038341999054 seconds ---

Train Epoch: 30 accuracy: 0.59 
 precision: [0.97791911 0.71377817 0.19665071 0.09211232 0.18760659 0.11573577
 0.00634808] 
 recall: [0.75863148 0.08972121 0.63487941 0.95872156 0.85251008 0.78600398
 0.99661017] 
 f1: [0.85442973 0.15940533 0.30028855 0.16807617 0.30753572 0.20176282
 0.01261579] 
 f1_avg: 0.635085508488392


Validation Epoch: 30 accuracy: 0.62 
 precision: [0.97749704 0.76463496 0.20350199 0.10469986 0.19869376 0.12837477
 0.00712312] 
 recall: [0.79792292 0.09371665 0.65447997 0.97508126 0.89739831 0.77730779
 0.98305085] 
 f1: [0.87862851 0.16696893 0.31046801 0.18909549 0.32535122 0.22035692
 0.01414375] 
 f1_avg: 0.6543684240457049

--- 2109.0206050872803 seconds ---

Train Epoch: 31 accuracy: 0.60 
 precision: [0.97697792 0.68157212 0.19727605 0.09423378 0.19098349 0.11651875
 0.00647823] 
 recall: [0.76658924 0.08733807 0.62685256 0.96186349 0.85382008 0.78906444
 0.99067797] 
 f1: [0.85909024 0.15483524 0.30010606 0.17165092 0.31214583 0.20305324
 0.01287229] 
 f1_avg: 0.6372080637788774


Validation Epoch: 31 accuracy: 0.60 
 precision: [0.97709267 0.79482108 0.19458201 0.10306721 0.18159083 0.11854028
 0.00641758] 
 recall: [0.77313908 0.07256966 0.57459347 0.99024919 0.89135214 0.83329186
 1.        ] 
 f1: [0.86323257 0.13299633 0.29071533 0.18670207 0.30171478 0.20755477
 0.01275331] 
 f1_avg: 0.6341070814356607

--- 2174.764107465744 seconds ---

Train Epoch: 32 accuracy: 0.59 
 precision: [0.97906758 0.75720316 0.18921725 0.08913007 0.18737095 0.11290855
 0.00625929] 
 recall: [0.75128176 0.08761226 0.62061006 0.96002167 0.85705387 0.78704902
 0.99872881] 
 f1: [0.85018163 0.15705272 0.29001276 0.16311616 0.30751279 0.19748612
 0.01244062] 
 f1_avg: 0.6311760619053337


Validation Epoch: 32 accuracy: 0.51 
 precision: [0.98452567 0.73127692 0.18731384 0.07317272 0.16638156 0.11302719
 0.0035263 ] 
 recall: [0.63134949 0.08641043 0.67259631 0.97074756 0.94448516 0.72082608
 0.91525424] 
 f1: [0.76934134 0.15455774 0.2930227  0.13608748 0.28292308 0.19541315
 0.00702553] 
 f1_avg: 0.5757275165868491

--- 2240.7429859638214 seconds ---

Train Epoch: 33 accuracy: 0.59 
 precision: [0.97725487 0.68250401 0.19961408 0.09326136 0.18882019 0.11796061
 0.00596554] 
 recall: [0.75654954 0.08700478 0.64521991 0.95926327 0.8491114  0.78162478
 0.99491525] 
 f1: [0.85285482 0.1543351  0.30490009 0.16999544 0.30894016 0.2049854
 0.01185996] 
 f1_avg: 0.6330317626792337


Validation Epoch: 33 accuracy: 0.63 
 precision: [0.96823531 0.82347101 0.20364525 0.11938899 0.19638931 0.12489585
 0.00672058] 
 recall: [0.82142987 0.06808741 0.5914002  0.96533044 0.85104434 0.78327942
 1.        ] 
 f1: [0.8888114  0.12577529 0.30296592 0.21249702 0.31913432 0.21543936
 0.01335144] 
 f1_avg: 0.650552006006767

--- 2307.0530281066895 seconds ---

Train Epoch: 34 accuracy: 0.59 
 precision: [0.9780582  0.71146301 0.19497882 0.0932507  0.19215507 0.11648835
 0.006421  ] 
 recall: [0.76463286 0.08619453 0.63220015 0.96018418 0.85662331 0.78942523
 0.99661017] 
 f1: [0.85827655 0.15376077 0.29803862 0.16999218 0.31389761 0.20301902
 0.01275979] 
 f1_avg: 0.6363497595359154


Validation Epoch: 34 accuracy: 0.59 
 precision: [0.98378124 0.70324791 0.1831367  0.08269248 0.20462245 0.11375333
 0.00773618] 
 recall: [0.74944364 0.0910076  0.71657754 0.99024919 0.80780506 0.79746206
 1.        ] 
 f1: [0.85077084 0.16115949 0.2917185  0.15263861 0.32653212 0.19910542
 0.01535359] 
 f1_avg: 0.6330681311696885

--- 2373.667992591858 seconds ---

Train Epoch: 35 accuracy: 0.58 
 precision: [0.97846325 0.74337576 0.19000328 0.08951898 0.18463726 0.11481475
 0.00606464] 
 recall: [0.7500678  0.08687343 0.62493725 0.95964247 0.85052217 0.78184872
 0.99279661] 
 f1: [0.84917627 0.15556679 0.29140808 0.16376167 0.3034085  0.20022621
 0.01205563] 
 f1_avg: 0.6301399462771257


Validation Epoch: 35 accuracy: 0.59 
 precision: [0.98017847 0.72193585 0.19202067 0.09435146 0.21044013 0.10448426
 0.0069707 ] 
 recall: [0.76673031 0.08278195 0.6570992  0.9772481  0.77702455 0.81686987
 1.        ] 
 f1: [0.86041418 0.14853221 0.29719391 0.17208814 0.33118582 0.18527088
 0.01384489] 
 f1_avg: 0.6365556518394689

--- 2440.3351154327393 seconds ---

Train Epoch: 36 accuracy: 0.60 
 precision: [0.97691834 0.66544584 0.20001112 0.09547558 0.19175284 0.11658727
 0.00652149] 
 recall: [0.76641656 0.08651058 0.64779548 0.9624052  0.85650421 0.77673551
 0.99322034] 
 f1: [0.85895876 0.15311554 0.3056506  0.17371748 0.31335275 0.20274301
 0.0129579 ] 
 f1_avg: 0.6369293365320812


Validation Epoch: 36 accuracy: 0.60 
 precision: [0.97022093 0.85251518 0.19606511 0.09495295 0.21483813 0.1109169
 0.00619293] 
 recall: [0.77141832 0.08987473 0.66124632 0.96208017 0.87541224 0.72630007
 1.        ] 
 f1: [0.85947328 0.16260694 0.30245096 0.17284672 0.34500686 0.19244462
 0.01230962] 
 f1_avg: 0.6400466290895854

--- 2506.972892522812 seconds ---

Train Epoch: 37 accuracy: 0.59 
 precision: [0.97907736 0.75437875 0.18941335 0.09079883 0.18913665 0.1144885
 0.00637282] 
 recall: [0.75781488 0.0858481  0.62881698 0.95709642 0.85751191 0.78225927
 0.99745763] 
 f1: [0.85435282 0.15415356 0.29113155 0.16586245 0.3099167  0.19974332
 0.01266473] 
 f1_avg: 0.63339776093951


Validation Epoch: 37 accuracy: 0.56 
 precision: [0.98708333 0.71089726 0.18265246 0.07931274 0.19200198 0.1079157
 0.00612128] 
 recall: [0.70256959 0.0861149  0.74069628 0.99024919 0.85415903 0.76188106
 1.        ] 
 f1: [0.82087241 0.15362085 0.29304203 0.1468627  0.31352769 0.18905319
 0.01216808] 
 f1_avg: 0.6107001684961847

--- 2573.8943400382996 seconds ---

Train Epoch: 38 accuracy: 0.59 
 precision: [0.9781029  0.71917443 0.19669044 0.09445152 0.19112629 0.11880567
 0.00621149] 
 recall: [0.76097336 0.08867618 0.6496344  0.96365114 0.86043422 0.77975865
 0.99788136] 
 f1: [0.85598345 0.15788474 0.30195704 0.17204062 0.31277629 0.20619503
 0.01234613] 
 f1_avg: 0.6360169314010053


Validation Epoch: 38 accuracy: 0.61 
 precision: [0.97756439 0.66557377 0.19342275 0.09953148 0.22035965 0.13710226
 0.00541657] 
 recall: [0.78739162 0.07665786 0.67205064 0.94366197 0.79479663 0.80194078
 1.        ] 
 f1: [0.87223251 0.13748123 0.30039024 0.18007029 0.3450525  0.23417009
 0.01077478] 
 f1_avg: 0.6429995956333654

--- 2640.5505754947662 seconds ---

Train Epoch: 39 accuracy: 0.60 
 precision: [0.97755413 0.68745522 0.19560786 0.09363906 0.19147748 0.11721198
 0.00654538] 
 recall: [0.76842036 0.08269903 0.64040707 0.95303359 0.85740198 0.7777681
 0.99533898] 
 f1: [0.86046217 0.14763765 0.29968043 0.17052355 0.31304487 0.20372238
 0.01300524] 
 f1_avg: 0.6363507640010474


Validation Epoch: 39 accuracy: 0.60 
 precision: [0.97551503 0.84584127 0.19549082 0.10606239 0.21917808 0.11534762
 0.00547259] 
 recall: [0.76818353 0.10936346 0.68700207 0.97616468 0.77977281 0.74595671
 1.        ] 
 f1: [0.85952308 0.19368439 0.30437095 0.19133574 0.3421772  0.19980007
 0.01088561] 
 f1_avg: 0.648002686410596

--- 2707.3087763786316 seconds ---

Train Epoch: 40 accuracy: 0.60 
 precision: [0.97962501 0.74468246 0.1973612  0.09876258 0.19483338 0.11799845
 0.00672444] 
 recall: [0.76960027 0.08889619 0.66548074 0.97280607 0.8717937  0.78196069
 0.99915254] 
 f1: [0.86200409 0.15883188 0.30443601 0.17931999 0.31848903 0.20505409
 0.01335898] 
 f1_avg: 0.6405221428776473


Validation Epoch: 40 accuracy: 0.58 
 precision: [0.9790578  0.82315546 0.21848677 0.10307393 0.20935566 0.11191324
 0.00471717] 
 recall: [0.75301285 0.07015614 0.63690931 0.9772481  0.88640528 0.82931077
 1.        ] 
 f1: [0.85128526 0.12929287 0.32536099 0.18647922 0.3387125  0.1972131
 0.00939004] 
 f1_avg: 0.6271157737001826

--- 2773.4223926067352 seconds ---

Train Epoch: 41 accuracy: 0.60 
 precision: [0.97999203 0.74310187 0.19739079 0.09793529 0.19580516 0.11830892
 0.00670776] 
 recall: [0.77276848 0.08717389 0.65843064 0.96895991 0.87146391 0.78462304
 0.99915254] 
 f1: [0.86413055 0.15604232 0.30372724 0.17789071 0.31976403 0.20561439
 0.01332606] 
 f1_avg: 0.6412616317769472


Validation Epoch: 41 accuracy: 0.58 
 precision: [0.98637941 0.72653694 0.1923892  0.10401103 0.19118737 0.11736253
 0.00618287] 
 recall: [0.74856806 0.06926954 0.70348139 0.98049837 0.8983144  0.80293605
 1.        ] 
 f1: [0.85117519 0.1264802  0.30214681 0.18807149 0.31527505 0.20479137
 0.01228975] 
 f1_avg: 0.6250844411098224

--- 2839.3480870723724 seconds ---

Train Epoch: 42 accuracy: 0.60 
 precision: [0.97987796 0.75920858 0.19593551 0.09645439 0.19439127 0.11870148
 0.00658667] 
 recall: [0.76815039 0.08905216 0.66067882 0.96923077 0.87072188 0.78174919
 0.99872881] 
 f1: [0.86119157 0.15940656 0.3022374  0.17544875 0.31782676 0.20610742
 0.01308703] 
 f1_avg: 0.640025270223061


Validation Epoch: 42 accuracy: 0.61 
 precision: [0.98172796 0.72602235 0.18848675 0.11875985 0.21457762 0.1253348
 0.00675019] 
 recall: [0.78798142 0.09706602 0.721816   0.97941495 0.75998534 0.79173924
 1.        ] 
 f1: [0.87424907 0.17123823 0.29891759 0.21183363 0.33466457 0.21641106
 0.01340985] 
 f1_avg: 0.6522864724280487

--- 2905.1881210803986 seconds ---

Train Epoch: 43 accuracy: 0.61 
 precision: [0.97908853 0.693088   0.20125207 0.10160237 0.20046222 0.12353659
 0.00671704] 
 recall: [0.77909639 0.0882846  0.67483357 0.97172264 0.8732686  0.78464792
 1.        ] 
 f1: [0.86771799 0.15661925 0.31004195 0.18396911 0.32607309 0.21346484
 0.01334445] 
 f1_avg: 0.6443409868410573


Validation Epoch: 43 accuracy: 0.63 
 precision: [0.97280507 0.839967   0.20995478 0.11557023 0.18219079 0.1273428
 0.00883286] 
 recall: [0.82739478 0.06687244 0.6182473  0.98591549 0.92030048 0.78104006
 0.99152542] 
 f1: [0.8942272  0.12388223 0.31345968 0.20688871 0.30416616 0.21898218
 0.01750973] 
 f1_avg: 0.6538142109713648

--- 2971.036684036255 seconds ---

Train Epoch: 44 accuracy: 0.60 
 precision: [0.98019772 0.7632859  0.19125308 0.09570649 0.19395565 0.11715788
 0.00653591] 
 recall: [0.76473653 0.08952666 0.64326094 0.97036836 0.87353426 0.78117691
 0.99915254] 
 f1: [0.85916476 0.16025663 0.29484379 0.17422894 0.31743046 0.20375707
 0.01298687] 
 f1_avg: 0.6385478031442763


Validation Epoch: 44 accuracy: 0.61 
 precision: [0.98409193 0.69568913 0.18852367 0.11463104 0.21802966 0.12480505
 0.00680035] 
 recall: [0.77485377 0.09406144 0.73109244 0.97616468 0.81623305 0.81637223
 0.99152542] 
 f1: [0.86702772 0.16571693 0.29975166 0.20516908 0.34413503 0.21651049
 0.01350805] 
 f1_avg: 0.6462863408939583

--- 3037.0711631774902 seconds ---

Train Epoch: 45 accuracy: 0.60 
 precision: [0.97905957 0.70016184 0.19890187 0.09834166 0.19820313 0.12296303
 0.00658702] 
 recall: [0.77384502 0.08630371 0.67268362 0.97015168 0.87164712 0.7823588
 0.99830508] 
 f1: [0.86443994 0.15366614 0.30702216 0.17858104 0.32296705 0.21252378
 0.01308769] 
 f1_avg: 0.6411890299272055


Validation Epoch: 45 accuracy: 0.60 
 precision: [0.98138735 0.83294025 0.18870816 0.08311188 0.21990658 0.12575594
 0.00582745] 
 recall: [0.76303341 0.10437224 0.69889774 0.98266522 0.78490289 0.78128888
 1.        ] 
 f1: [0.85854439 0.18550023 0.29717627 0.15326124 0.34355828 0.21664137
 0.01158737] 
 f1_avg: 0.6452065572997251

--- 3102.9437232017517 seconds ---

Train Epoch: 46 accuracy: 0.60 
 precision: [0.98038273 0.75867348 0.19547269 0.09473147 0.19488143 0.11912537
 0.00640153] 
 recall: [0.76525732 0.08787332 0.66185201 0.96614301 0.87042873 0.78237124
 0.99872881] 
 f1: [0.85956445 0.15750376 0.30180862 0.17254473 0.31846199 0.20676787
 0.01272153] 
 f1_avg: 0.6384581416887233


Validation Epoch: 46 accuracy: 0.59 
 precision: [0.98441995 0.7707218  0.19351518 0.11115187 0.17430047 0.12256136
 0.00651862] 
 recall: [0.76146465 0.06854713 0.65655353 0.98483207 0.94613412 0.77531724
 1.        ] 
 f1: [0.85870624 0.12589711 0.29892425 0.19975827 0.29437081 0.21166321
 0.0129528 ] 
 f1_avg: 0.6295648188416527

--- 3169.0599403381348 seconds ---

Train Epoch: 47 accuracy: 0.61 
 precision: [0.97954147 0.70422943 0.20026639 0.10075291 0.19896443 0.12385737
 0.00662924] 
 recall: [0.77789185 0.08785033 0.66949689 0.97210184 0.87335104 0.787895
 0.99915254] 
 f1: [0.86714792 0.15621353 0.30830854 0.1825822  0.32409453 0.21406384
 0.01317109] 
 f1_avg: 0.6437531868954943


Validation Epoch: 47 accuracy: 0.63 
 precision: [0.97414142 0.83233121 0.21166209 0.1123483  0.20277744 0.12455057
 0.00830518] 
 recall: [0.81889433 0.07954751 0.66473862 0.97291441 0.90692561 0.79298333
 1.        ] 
 f1: [0.88979697 0.1452164  0.32108593 0.20143562 0.33144732 0.21528693
 0.01647354] 
 f1_avg: 0.6569546685882036

New best val score, save model ...
--- 3235.5588319301605 seconds ---

Train Epoch: 48 accuracy: 0.60 
 precision: [0.98015312 0.76354278 0.19338189 0.09453253 0.19422764 0.1174929
 0.00666767] 
 recall: [0.76727755 0.08828624 0.65564226 0.96668472 0.86992488 0.78030605
 0.99576271] 
 f1: [0.86074886 0.15827195 0.29867074 0.17222327 0.31755496 0.20423374
 0.01324664] 
 f1_avg: 0.6392639263927964


Validation Epoch: 48 accuracy: 0.60 
 precision: [0.98483953 0.69450523 0.1843867  0.10498385 0.21227633 0.12114966
 0.00703763] 
 recall: [0.75996279 0.09379874 0.73644003 0.98591549 0.84334921 0.78974869
 1.        ] 
 f1: [0.85790968 0.16527563 0.29493007 0.18976123 0.33917913 0.21007347
 0.0139769 ] 
 f1_avg: 0.6396031495145965

--- 3302.2851037979126 seconds ---

Train Epoch: 49 accuracy: 0.60 
 precision: [0.97898293 0.6958073  0.19997332 0.0993401  0.19789961 0.12102018
 0.00670888] 
 recall: [0.77627355 0.08612967 0.67083379 0.9687974  0.87125321 0.77681015
 0.9970339 ] 
 f1: [0.86592309 0.15328513 0.30810236 0.18020233 0.322537   0.2094153
 0.01332808] 
 f1_avg: 0.642075773514608


Validation Epoch: 49 accuracy: 0.64 
 precision: [0.97653618 0.82692033 0.191222   0.10100091 0.22       0.13286866
 0.00806727] 
 recall: [0.82320536 0.0949152  0.68754775 0.96208017 0.81018688 0.75889525
 1.        ] 
 f1: [0.89333918 0.17028484 0.29922344 0.18281009 0.34603647 0.22614369
 0.01600543] 
 f1_avg: 0.6651778529669315

New best val score, save model ...
--- 3369.8596210479736 seconds ---

Train Epoch: 50 accuracy: 0.60 
 precision: [0.98036755 0.75905244 0.19480733 0.09680302 0.19631816 0.11749473
 0.00667513] 
 recall: [0.76843435 0.08938217 0.66097894 0.96825569 0.87669476 0.77839015
 0.99830508] 
 f1: [0.86155911 0.15993161 0.30092453 0.17600922 0.32079969 0.20417074
 0.01326158] 
 f1_avg: 0.6403899945265343


Validation Epoch: 50 accuracy: 0.63 
 precision: [0.97885241 0.72386853 0.2039207  0.09268041 0.21270383 0.14370906
 0.00783585] 
 recall: [0.81477788 0.08823288 0.70271745 0.97399783 0.8675339  0.79149042
 1.        ] 
 f1: [0.88931068 0.15729318 0.31610987 0.16925539 0.34164292 0.24325151
 0.01554985] 
 f1_avg: 0.6600079840372011

--- 3436.7101237773895 seconds ---

Train Epoch: 51 accuracy: 0.61 
 precision: [0.97925579 0.70092431 0.1989342  0.09970881 0.1985207  0.12099394
 0.00683782] 
 recall: [0.77872396 0.08690463 0.67058824 0.96825569 0.87064859 0.77479473
 0.99618644] 
 f1: [0.8675526  0.15463652 0.30684185 0.1807993  0.32331974 0.20930264
 0.01358241] 
 f1_avg: 0.6434761095240276


Validation Epoch: 51 accuracy: 0.59 
 precision: [0.98178304 0.83435583 0.2087335  0.11601138 0.17629655 0.11580693
 0.00640365] 
 recall: [0.76910776 0.06252155 0.65939103 0.97183099 0.94979846 0.78203533
 1.        ] 
 f1: [0.8625289  0.11632631 0.31709045 0.20727903 0.29739265 0.20173947
 0.0127258 ] 
 f1_avg: 0.6303635744532272

--- 3503.460010290146 seconds ---

Train Epoch: 52 accuracy: 0.60 
 precision: [0.98019675 0.75801251 0.194671   0.09716017 0.19558553 0.11879748
 0.00681689] 
 recall: [0.77183149 0.08954472 0.65968569 0.96950163 0.87555881 0.77950983
 0.99872881] 
 f1: [0.86362389 0.16016857 0.30062777 0.17662007 0.31974521 0.206174
 0.01354135] 
 f1_avg: 0.6418353465160054


Validation Epoch: 52 accuracy: 0.58 
 precision: [0.98191367 0.83075843 0.20200313 0.10275376 0.22401793 0.11873292
 0.00454984] 
 recall: [0.73779353 0.09711527 0.70435447 0.97833153 0.86093807 0.78900224
 1.        ] 
 f1: [0.84252663 0.17390154 0.31396395 0.18597467 0.35552697 0.206405
 0.00905846] 
 f1_avg: 0.6324220304582397

--- 3571.7236263751984 seconds ---

Train Epoch: 53 accuracy: 0.60 
 precision: [0.97921234 0.70253676 0.19720443 0.09975799 0.19763554 0.11921134
 0.00675668] 
 recall: [0.77474158 0.08566503 0.66492415 0.96912243 0.87169293 0.77515551
 0.99830508] 
 f1: [0.86505866 0.1527092  0.30419126 0.18089527 0.32221624 0.20664301
 0.01342251] 
 f1_avg: 0.6411562789602665


Validation Epoch: 53 accuracy: 0.58 
 precision: [0.98497043 0.80064248 0.20483642 0.09042766 0.18602427 0.11084687
 0.0056295 ] 
 recall: [0.74118033 0.06956507 0.69147659 0.98049837 0.92671308 0.74222443
 1.        ] 
 f1: [0.84585973 0.12800798 0.31604938 0.16558412 0.30985053 0.19288716
 0.01119598] 
 f1_avg: 0.6220153370751674

--- 3639.621171951294 seconds ---

Train Epoch: 54 accuracy: 0.60 
 precision: [0.98006781 0.74829979 0.19789384 0.09858395 0.19910602 0.12023034
 0.00672984] 
 recall: [0.77549768 0.08960382 0.66908764 0.97036836 0.87895749 0.7761259
 0.99915254] 
 f1: [0.86586382 0.16004352 0.30544671 0.17898413 0.32466682 0.20820714
 0.01336962] 
 f1_avg: 0.643639540991422


Validation Epoch: 54 accuracy: 0.59 
 precision: [0.97902529 0.7741051  0.19647424 0.09394196 0.22949543 0.1324023
 0.00449987] 
 recall: [0.75352361 0.08343869 0.70424533 0.96099675 0.81000366 0.79497387
 1.        ] 
 f1: [0.85159925 0.15064027 0.30723451 0.17115292 0.35765715 0.22699822
 0.00895942] 
 f1_avg: 0.6328071085344552

--- 3707.2317550182343 seconds ---

Train Epoch: 55 accuracy: 0.60 
 precision: [0.97931218 0.70397985 0.1963284  0.09908691 0.19774948 0.12023196
 0.00670448] 
 recall: [0.77501976 0.08533994 0.65884536 0.96820152 0.87224258 0.78079124
 0.99830508] 
 f1: [0.86527102 0.15222626 0.30251174 0.17977539 0.32240522 0.20837657
 0.0133195 ] 
 f1_avg: 0.641144337675387


Validation Epoch: 55 accuracy: 0.56 
 precision: [0.98791187 0.74104635 0.19390079 0.08377587 0.18857971 0.1005461
 0.0061004 ] 
 recall: [0.71209763 0.06930238 0.68765688 0.99133261 0.93001099 0.7788007
 1.        ] 
 f1: [0.82763031 0.12675105 0.30250366 0.15449557 0.31357529 0.17809895
 0.01212682] 
 f1_avg: 0.6087611010772871

--- 3775.298164129257 seconds ---

Train Epoch: 56 accuracy: 0.60 
 precision: [0.97986261 0.74167252 0.19730116 0.0986236  0.19806463 0.11996422
 0.00669954] 
 recall: [0.77281925 0.09014974 0.669546   0.97193933 0.87676805 0.77586464
 0.99872881] 
 f1: [0.86411197 0.1607593  0.30478776 0.17907617 0.3231326  0.20779861
 0.0133098 ] 
 f1_avg: 0.6425765288552009


Validation Epoch: 56 accuracy: 0.66 
 precision: [0.96900697 0.82853205 0.20567659 0.12060502 0.23897863 0.14056963
 0.00797643] 
 recall: [0.85338862 0.09869145 0.67379679 0.98483207 0.84023452 0.77979597
 0.94067797] 
 f1: [0.90753021 0.17637393 0.31515275 0.21489362 0.37211944 0.2382002
 0.01581873] 
 f1_avg: 0.6777104767364218

New best val score, save model ...
--- 3842.988080263138 seconds ---

Train Epoch: 57 accuracy: 0.60 
 precision: [0.97969533 0.72272609 0.19699099 0.09919467 0.19987659 0.12194615
 0.00671036] 
 recall: [0.77725006 0.08661156 0.66688857 0.96549296 0.87838036 0.78157502
 0.99661017] 
 f1: [0.86680925 0.15468558 0.30414203 0.17990582 0.3256509  0.21097473
 0.01333095] 
 f1_avg: 0.642964321192113


Validation Epoch: 57 accuracy: 0.61 
 precision: [0.98502073 0.66178499 0.17830134 0.11196719 0.21156348 0.12768463
 0.00769682] 
 recall: [0.77289587 0.1023856  0.73589436 0.97616468 0.80450715 0.78253297
 1.        ] 
 f1: [0.86615992 0.17733542 0.28705221 0.20089186 0.33502461 0.21954625
 0.01527607] 
 f1_avg: 0.647948447961929

--- 3911.1095838546753 seconds ---

Train Epoch: 58 accuracy: 0.61 
 precision: [0.97968477 0.72385107 0.19821119 0.0997226  0.19853852 0.12111259
 0.0070567 ] 
 recall: [0.7807226  0.08800138 0.67368766 0.96592633 0.87511909 0.77529236
 0.99957627] 
 f1: [0.86896028 0.1569248  0.30630257 0.18078128 0.32365038 0.20949832
 0.01401447] 
 f1_avg: 0.6449801552945653


Validation Epoch: 58 accuracy: 0.64 
 precision: [0.9739688  0.83353798 0.21557098 0.11737645 0.22688145 0.13170593
 0.00633966] 
 recall: [0.83129234 0.07802059 0.66419295 0.96749729 0.82576035 0.80816123
 1.        ] 
 f1: [0.89699244 0.14268556 0.32549806 0.20935412 0.35596098 0.2264993
 0.01259943] 
 f1_avg: 0.6620775989662356

--- 3978.567188978195 seconds ---

Train Epoch: 59 accuracy: 0.60 
 precision: [0.98013255 0.73613133 0.19351538 0.10024661 0.19739515 0.11977341
 0.00679834] 
 recall: [0.77635107 0.08426043 0.66155735 0.96890574 0.87414804 0.77703409
 0.99788136] 
 f1: [0.86642078 0.15121249 0.29944008 0.18169443 0.3220637  0.20755407
 0.01350468] 
 f1_avg: 0.6415353777837581


Validation Epoch: 59 accuracy: 0.55 
 precision: [0.99024361 0.69670004 0.18074377 0.08557205 0.16532905 0.1178909
 0.00605687] 
 recall: [0.70292834 0.06170063 0.69431409 0.98699892 0.96244045 0.75715352
 1.        ] 
 f1: [0.82220863 0.11336179 0.28682205 0.15748984 0.2821842  0.20401596
 0.01204082] 
 f1_avg: 0.6009452688911655

--- 4046.1498007774353 seconds ---

Train Epoch: 60 accuracy: 0.60 
 precision: [0.97943712 0.7128264  0.19949951 0.10034567 0.19791878 0.12199343
 0.0066579 ] 
 recall: [0.77698982 0.08621341 0.67645967 0.96868906 0.8748351  0.77082608
 0.99957627] 
 f1: [0.86654634 0.15382261 0.30812709 0.18185331 0.32280712 0.21064889
 0.01322769] 
 f1_avg: 0.6426609976625938


Validation Epoch: 60 accuracy: 0.62 
 precision: [0.97675552 0.85562522 0.20950653 0.12360939 0.22326117 0.12155014
 0.00656321] 
 recall: [0.80407632 0.08066396 0.70566408 0.97508126 0.88805423 0.78900224
 1.        ] 
 f1: [0.88204396 0.14742907 0.32308999 0.21940517 0.35681684 0.21064869
 0.01304084] 
 f1_avg: 0.6529312514563346

--- 4113.5750644207 seconds ---

Train Epoch: 61 accuracy: 0.60 
 precision: [0.98034051 0.75376708 0.19353864 0.09881996 0.19759195 0.11952611
 0.0068558 ] 
 recall: [0.77573968 0.08631931 0.66088072 0.96717226 0.87872847 0.77819109
 0.99788136] 
 f1: [0.86612108 0.15489991 0.29939855 0.17931824 0.32263566 0.20722373
 0.01361803] 
 f1_avg: 0.6422476138379545


Validation Epoch: 61 accuracy: 0.54 
 precision: [0.98985309 0.66897655 0.1711571  0.0900686  0.13429636 0.1197951
 0.00688182] 
 recall: [0.6993348  0.06181555 0.58583433 0.9815818  0.96408941 0.76810152
 0.98305085] 
 f1: [0.81961127 0.11317352 0.26491635 0.16499727 0.23575269 0.20726467
 0.01366796] 
 f1_avg: 0.5973843552301321

--- 4181.505836963654 seconds ---

Train Epoch: 62 accuracy: 0.61 
 precision: [0.97916673 0.70088372 0.20106935 0.10194579 0.19880178 0.12390576
 0.00671212] 
 recall: [0.78088282 0.08711478 0.67451162 0.96782232 0.87577867 0.77727047
 0.99915254] 
 f1: [0.86885563 0.15496814 0.30979114 0.18446131 0.32404528 0.21373907
 0.01333465] 
 f1_avg: 0.6446459190315822


Validation Epoch: 62 accuracy: 0.63 
 precision: [0.97344113 0.84610473 0.2089076  0.10795805 0.22788166 0.13952662
 0.0058028 ] 
 recall: [0.80675779 0.08701791 0.69311361 0.94799567 0.88200806 0.78178651
 1.        ] 
 f1: [0.88229603 0.1578062  0.32104944 0.19384138 0.36218636 0.23679252
 0.01153865] 
 f1_avg: 0.6560547099249314

--- 4249.109230518341 seconds ---

Train Epoch: 63 accuracy: 0.60 
 precision: [0.97998888 0.75644602 0.19354777 0.09683726 0.19619356 0.11817771
 0.00684198] 
 recall: [0.77365683 0.08414961 0.66181382 0.96332611 0.87607182 0.77398607
 0.99915254] 
 f1: [0.86468445 0.15145126 0.29950512 0.17598393 0.32059162 0.20504733
 0.0135909 ] 
 f1_avg: 0.640336474885718


Validation Epoch: 63 accuracy: 0.54 
 precision: [0.98775549 0.67487252 0.18596159 0.09614978 0.16151908 0.11007482
 0.00519008] 
 recall: [0.69553453 0.0630141  0.62250355 0.98483207 0.95144742 0.78701169
 0.99152542] 
 f1: [0.81628007 0.11526564 0.28637413 0.17519514 0.2761573  0.19313672
 0.01032611] 
 f1_avg: 0.597176048198865

--- 4316.908179759979 seconds ---

Train Epoch: 64 accuracy: 0.61 
 precision: [0.97939007 0.69946229 0.20039197 0.10236802 0.20064794 0.12361123
 0.00678053] 
 recall: [0.78165108 0.08649827 0.67734912 0.9687974  0.87999267 0.77707141
 0.9970339 ] 
 f1: [0.86941899 0.15395754 0.30928328 0.18517004 0.32678527 0.21329322
 0.01346946] 
 f1_avg: 0.6448102859007875


Validation Epoch: 64 accuracy: 0.62 
 precision: [0.97884676 0.83505782 0.20864547 0.11451247 0.18808372 0.11795518
 0.00804034] 
 recall: [0.80583357 0.06757844 0.674779   0.98483207 0.93349212 0.74521025
 1.        ] 
 f1: [0.88395391 0.12503797 0.31873598 0.20516872 0.31308569 0.20367222
 0.01595241] 
 f1_avg: 0.6473443266546659

--- 4384.656722545624 seconds ---

Train Epoch: 65 accuracy: 0.60 
 precision: [0.98026337 0.75428247 0.194652   0.10022394 0.19691674 0.11978227
 0.00675002] 
 recall: [0.77435335 0.0860681  0.66840009 0.96733478 0.87795896 0.77587708
 0.99788136] 
 f1: [0.86522625 0.15450614 0.30150072 0.18162955 0.32168337 0.20752604
 0.01340933] 
 f1_avg: 0.6416201490457358


Validation Epoch: 65 accuracy: 0.58 
 precision: [0.98251051 0.73423922 0.20490463 0.10383331 0.18707668 0.11392587
 0.0058068 ] 
 recall: [0.74601428 0.07629665 0.65655353 0.9772481  0.94631733 0.78999751
 1.        ] 
 f1: [0.84808372 0.13822952 0.31233289 0.18772112 0.31239604 0.19913447
 0.01154655] 
 f1_avg: 0.6261522340618175

--- 4452.63098526001 seconds ---

Train Epoch: 66 accuracy: 0.61 
 precision: [0.97970797 0.70994492 0.19693259 0.10175467 0.19956346 0.12146366
 0.00682377] 
 recall: [0.78056238 0.08518069 0.66997163 0.96630553 0.87777574 0.76985569
 1.        ] 
 f1: [0.86887015 0.1521108  0.30439175 0.18412089 0.32519371 0.20982265
 0.01355504] 
 f1_avg: 0.6437037531104535


Validation Epoch: 66 accuracy: 0.58 
 precision: [0.98757054 0.79138627 0.20070098 0.10494403 0.1920463  0.11858045
 0.00562494] 
 recall: [0.74061485 0.0772325  0.71243043 0.97508126 0.94228655 0.7939786
 1.        ] 
 f1: [0.84644786 0.14073088 0.31317614 0.18949363 0.31906446 0.20634356
 0.01118695] 
 f1_avg: 0.6259808493286666

--- 4520.704238414764 seconds ---

Train Epoch: 67 accuracy: 0.61 
 precision: [0.98014639 0.74554099 0.19755285 0.10138244 0.19961776 0.12277933
 0.00679949] 
 recall: [0.77820925 0.08908007 0.67970643 0.96933911 0.88314401 0.77417268
 1.        ] 
 f1: [0.86758216 0.15914491 0.30613057 0.18356586 0.32563253 0.21194534
 0.01350713] 
 f1_avg: 0.6446951475363875


Validation Epoch: 67 accuracy: 0.63 
 precision: [0.97821432 0.80726016 0.2051981  0.12909806 0.22725105 0.11797028
 0.00798538] 
 recall: [0.81387798 0.09200913 0.70653716 0.95991333 0.87303041 0.79596915
 1.        ] 
 f1: [0.88851126 0.16519035 0.3180311  0.22758798 0.36062968 0.20548561
 0.01584424] 
 f1_avg: 0.6615294965532343

--- 4589.009627580643 seconds ---

Train Epoch: 68 accuracy: 0.61 
 precision: [0.98067571 0.7456487  0.19842436 0.10419119 0.20529439 0.1240799
 0.00719782] 
 recall: [0.78644185 0.08936411 0.69254065 0.97351029 0.89053683 0.77761881
 1.        ] 
 f1: [0.87288411 0.15960051 0.30846764 0.18823616 0.33366857 0.21401131
 0.01429277] 
 f1_avg: 0.6486849511337228


Validation Epoch: 68 accuracy: 0.59 
 precision: [0.98581707 0.76891386 0.2071395  0.0906746  0.18866066 0.11705551
 0.00611906] 
 recall: [0.75397964 0.06741425 0.67379679 0.99024919 0.94741664 0.79646678
 1.        ] 
 f1: [0.85445155 0.12396033 0.31686725 0.16613651 0.31466212 0.20411286
 0.01216369] 
 f1_avg: 0.6270999903197272

--- 4657.421429157257 seconds ---

Train Epoch: 69 accuracy: 0.61 
 precision: [0.98103921 0.74806023 0.19937345 0.10445369 0.2034192  0.12388087
 0.00681676] 
 recall: [0.78146076 0.0893559  0.69142202 0.97421452 0.88825577 0.7782533
 0.99957627] 
 f1: [0.86995025 0.15964249 0.30950133 0.18867766 0.33102944 0.21373915
 0.01354117] 
 f1_avg: 0.6467030727732113


Validation Epoch: 69 accuracy: 0.60 
 precision: [0.98467317 0.79742104 0.21603247 0.11468971 0.1923859  0.11566669
 0.00615128] 
 recall: [0.77150953 0.07005763 0.67969006 0.94907909 0.93605716 0.82408559
 1.        ] 
 f1: [0.86515456 0.12879954 0.3278585  0.20464899 0.31917286 0.20286038
 0.01222735] 
 f1_avg: 0.6361219551499246

--- 4725.897168397903 seconds ---

Train Epoch: 70 accuracy: 0.61 
 precision: [0.98126077 0.76086366 0.19922019 0.10300402 0.20303468 0.12359721
 0.00683522] 
 recall: [0.7813428  0.08967853 0.68949034 0.97015168 0.88932759 0.77949739
 0.99957627] 
 f1: [0.86996424 0.1604462  0.30912291 0.1862349  0.33059424 0.21336348
 0.0135776 ] 
 f1_avg: 0.6468730347997329


Validation Epoch: 70 accuracy: 0.58 
 precision: [0.98522307 0.77573074 0.21014892 0.10346841 0.20231602 0.10837568
 0.00555846] 
 recall: [0.73783002 0.0718965  0.70686456 0.95991333 0.93788934 0.82259268
 0.99152542] 
 f1: [0.84376641 0.13159635 0.32397959 0.1868016  0.33283485 0.19151894
 0.01105494] 
 f1_avg: 0.6223681855457416

--- 4794.2796103954315 seconds ---

Train Epoch: 71 accuracy: 0.61 
 precision: [0.98097918 0.73194683 0.20058029 0.10425743 0.20404307 0.12532336
 0.00688772] 
 recall: [0.78397989 0.08927463 0.69447779 0.96971831 0.8894192  0.77809157
 1.        ] 
 f1: [0.8714853  0.15913925 0.31126149 0.18827303 0.33193615 0.21587656
 0.0136812 ] 
 f1_avg: 0.6477278321818664


Validation Epoch: 71 accuracy: 0.59 
 precision: [0.98233574 0.83261803 0.2128236  0.11832612 0.19622495 0.11626653
 0.00564809] 
 recall: [0.76589121 0.06688886 0.69442322 0.9772481  0.9237816  0.8049266
 1.        ] 
 f1: [0.86071469 0.12382979 0.32579811 0.21109291 0.32369274 0.20318437
 0.01123275] 
 f1_avg: 0.6319597030126473

--- 4862.745663404465 seconds ---

Train Epoch: 72 accuracy: 0.61 
 precision: [0.98141277 0.77490705 0.1970688  0.10126969 0.20266746 0.12307211
 0.00683872] 
 recall: [0.77852787 0.09033691 0.68772236 0.96998917 0.89049102 0.77881314
 1.        ] 
 f1: [0.86827609 0.16181033 0.30635166 0.18339265 0.33018735 0.21255515
 0.01358453] 
 f1_avg: 0.6459424642433477


Validation Epoch: 72 accuracy: 0.57 
 precision: [0.98808897 0.72068776 0.20586689 0.09332244 0.19179522 0.12153996
 0.00502149] 
 recall: [0.73038149 0.06468879 0.68394631 0.99024919 0.93624038 0.83578004
 1.        ] 
 f1: [0.8399119  0.11872119 0.31647519 0.17057012 0.31837014 0.21221885
 0.0099928 ] 
 f1_avg: 0.6162562379811423

--- 4931.248246669769 seconds ---

Train Epoch: 73 accuracy: 0.61 
 precision: [0.98019089 0.71159418 0.20030229 0.10467922 0.20580044 0.1272495
 0.00697397] 
 recall: [0.7865966  0.09031885 0.69277529 0.97058505 0.88947417 0.77826574
 1.        ] 
 f1: [0.87278728 0.16029261 0.3107557  0.18897696 0.33426169 0.21873498
 0.01385135] 
 f1_avg: 0.6489707967329192


Validation Epoch: 73 accuracy: 0.59 
 precision: [0.98216099 0.85014104 0.20502066 0.10663842 0.22379913 0.12015885
 0.00499365] 
 recall: [0.75289733 0.07916988 0.73087417 0.9815818  0.86386955 0.82060214
 1.        ] 
 f1: [0.85238217 0.14485048 0.32021612 0.19237711 0.35550026 0.20962309
 0.00993768] 
 f1_avg: 0.6321263269697025

--- 4999.736340999603 seconds ---

Train Epoch: 74 accuracy: 0.61 
 precision: [0.98106286 0.75554612 0.19808319 0.1038745  0.20459282 0.12683043
 0.00681835] 
 recall: [0.78188883 0.09061356 0.69494707 0.97101842 0.89116893 0.78315501
 1.        ] 
 f1: [0.87022474 0.16181987 0.30829265 0.18767275 0.33278542 0.21830654
 0.01354434] 
 f1_avg: 0.6474935185138869


Validation Epoch: 74 accuracy: 0.62 
 precision: [0.981009   0.81853412 0.21310218 0.1019564  0.23534376 0.12461176
 0.00592132] 
 recall: [0.7956002  0.07976095 0.69758813 0.98808234 0.8686332  0.82856432
 1.        ] 
 f1: [0.87862987 0.14535771 0.32647224 0.18483989 0.37034722 0.21664173
 0.01177292] 
 f1_avg: 0.6505204161856566

--- 5067.945418834686 seconds ---

Train Epoch: 75 accuracy: 0.61 
 precision: [0.98142268 0.7546837  0.19735238 0.1035443  0.20410805 0.12464204
 0.00701056] 
 recall: [0.7844119  0.08710329 0.69162392 0.97091008 0.89119641 0.77975865
 1.        ] 
 f1: [0.87192723 0.15618068 0.30708046 0.18713163 0.33214575 0.21492843
 0.01392351] 
 f1_avg: 0.6471176728290163


Validation Epoch: 75 accuracy: 0.61 
 precision: [0.9867053  0.68261809 0.19743605 0.09778637 0.18996677 0.13595592
 0.0088697 ] 
 recall: [0.78883268 0.07260249 0.73785878 0.98591549 0.95327959 0.79198806
 0.95762712] 
 f1: [0.87674316 0.13124583 0.31151658 0.17792551 0.31680214 0.2320732
 0.01757661] 
 f1_avg: 0.6442246746481007

--- 5137.022677183151 seconds ---

Train Epoch: 76 accuracy: 0.61 
 precision: [0.98066918 0.7287959  0.20042845 0.10352122 0.20523981 0.12662783
 0.00692738] 
 recall: [0.78472109 0.08898485 0.69993452 0.97020585 0.89203921 0.7753048
 1.        ] 
 f1: [0.87182059 0.15860435 0.31162275 0.18708087 0.33370173 0.21769955
 0.01375945] 
 f1_avg: 0.647898180553175


Validation Epoch: 76 accuracy: 0.65 
 precision: [0.97557564 0.8591133  0.20815987 0.12137876 0.2402428  0.13667182
 0.00786877] 
 recall: [0.83546959 0.08590146 0.7366583  0.98049837 0.87742763 0.79248569
 1.        ] 
 f1: [0.90010318 0.1561861  0.32459726 0.21601623 0.37720542 0.23313692
 0.01561466] 
 f1_avg: 0.6680957753896999

--- 5206.069326162338 seconds ---

Train Epoch: 77 accuracy: 0.61 
 precision: [0.98116773 0.76639546 0.19630171 0.1029465  0.20344082 0.12432016
 0.00695657] 
 recall: [0.78181252 0.0880769  0.6905544  0.97036836 0.89143459 0.77948495
 0.99957627] 
 f1: [0.87021873 0.15799631 0.30570237 0.18614487 0.33127821 0.21443936
 0.01381698] 
 f1_avg: 0.6463396636817025


Validation Epoch: 77 accuracy: 0.57 
 precision: [0.98934418 0.68514593 0.19827358 0.10963214 0.19092245 0.11429498
 0.00547818] 
 recall: [0.72317617 0.06899043 0.73447561 0.9815818  0.95181385 0.78900224
 1.        ] 
 f1: [0.83557563 0.125358   0.31225351 0.19723522 0.31804824 0.19966628
 0.01089667] 
 f1_avg: 0.614725558437651

--- 5274.859741926193 seconds ---

Train Epoch: 78 accuracy: 0.61 
 precision: [0.98065948 0.7208365  0.20007223 0.10522263 0.20658794 0.12658974
 0.00690258] 
 recall: [0.78504396 0.08808758 0.69833024 0.96982665 0.89364236 0.77977109
 1.        ] 
 f1: [0.87201597 0.1569906  0.31103318 0.18984751 0.33559471 0.21781838
 0.01371053] 
 f1_avg: 0.6476606800601272


Validation Epoch: 78 accuracy: 0.58 
 precision: [0.9876163  0.73365949 0.20394381 0.09541745 0.1734033  0.11312533
 0.00708879] 
 recall: [0.75259938 0.06155286 0.65917276 0.98808234 0.9565775  0.80741478
 1.        ] 
 f1: [0.85423827 0.11357681 0.31150881 0.1740292  0.29358675 0.19844667
 0.01407779] 
 f1_avg: 0.6236439746683908

--- 5342.978669881821 seconds ---

Train Epoch: 79 accuracy: 0.62 
 precision: [0.98188247 0.76567299 0.20016032 0.10714498 0.20925291 0.12889134
 0.00711004] 
 recall: [0.79001532 0.09106753 0.70990942 0.97578548 0.90131916 0.78479721
 1.        ] 
 f1: [0.87556088 0.16277495 0.3122743  0.19308815 0.33965137 0.22141804
 0.01411969] 
 f1_avg: 0.6516856959435416


Validation Epoch: 79 accuracy: 0.64 
 precision: [0.98132141 0.83362369 0.19842387 0.11626405 0.21742997 0.15212319
 0.00819501] 
 recall: [0.82769272 0.09427488 0.76939867 0.97508126 0.89593258 0.73003235
 1.        ] 
 f1: [0.89798369 0.16939302 0.31548565 0.20775623 0.34993559 0.25178066
 0.0162568 ] 
 f1_avg: 0.6692827629548969

--- 5412.080807209015 seconds ---

Train Epoch: 80 accuracy: 0.61 
 precision: [0.981935   0.76256403 0.20000154 0.10621242 0.20704477 0.12705666
 0.00700232] 
 recall: [0.78612476 0.09043296 0.71000764 0.97329361 0.89666545 0.78039313
 1.        ] 
 f1: [0.87318702 0.16169089 0.31209052 0.1915244  0.33641057 0.21853362
 0.01390726] 
 f1_avg: 0.6496907128018843


Validation Epoch: 80 accuracy: 0.65 
 precision: [0.97815479 0.84544792 0.20210739 0.12356636 0.22900474 0.15068768
 0.00830576] 
 recall: [0.83856453 0.09529282 0.76405107 0.98049837 0.88530597 0.74695198
 1.        ] 
 f1: [0.90299685 0.17128017 0.31965847 0.21947375 0.36388282 0.25078318
 0.01647469] 
 f1_avg: 0.6736108897007733

--- 5480.390941858292 seconds ---

Train Epoch: 81 accuracy: 0.61 
 precision: [0.98200796 0.76654282 0.19928167 0.10599258 0.20828438 0.12765403
 0.00703467] 
 recall: [0.78694866 0.09078021 0.71028593 0.97193933 0.89972517 0.78059219
 0.99957627] 
 f1: [0.87372391 0.16233535 0.31124012 0.19114075 0.33826188 0.21942451
 0.01397102] 
 f1_avg: 0.6502338532040063


Validation Epoch: 81 accuracy: 0.63 
 precision: [0.98418641 0.81331574 0.19581014 0.12260171 0.21609296 0.13876523
 0.00814636] 
 recall: [0.80718342 0.09105686 0.77932991 0.97616468 0.90289483 0.7678527
 1.        ] 
 f1: [0.8869402  0.16377757 0.31298212 0.21784333 0.34872448 0.23505217
 0.01616106] 
 f1_avg: 0.6601183584201148

--- 5548.775425434113 seconds ---

Train Epoch: 82 accuracy: 0.62 
 precision: [0.98170451 0.75128637 0.20091779 0.10617187 0.20952446 0.12954995
 0.00712874] 
 recall: [0.79032907 0.09193442 0.71458583 0.97036836 0.89904727 0.7802314
 0.99957627] 
 f1: [0.87568274 0.16382205 0.31364814 0.19140172 0.33984701 0.2222049
 0.01415652] 
 f1_avg: 0.6520900368075587


Validation Epoch: 82 accuracy: 0.65 
 precision: [0.97748835 0.82661622 0.21211543 0.11949266 0.21711005 0.14352588
 0.00851678] 
 recall: [0.83694714 0.08250283 0.72836407 0.96966414 0.92854525 0.7857676
 1.        ] 
 f1: [0.90177478 0.15003135 0.32854998 0.21276596 0.35193222 0.2427177
 0.01688972] 
 f1_avg: 0.6674182841931904

--- 5617.0302298069 seconds ---

Train Epoch: 83 accuracy: 0.61 
 precision: [0.98175651 0.76427456 0.19769145 0.10474846 0.20808867 0.12806708
 0.0070589 ] 
 recall: [0.78643972 0.09001593 0.70643894 0.97307692 0.89828692 0.78213486
 0.99957627] 
 f1: [0.87331067 0.16106204 0.30893096 0.18913697 0.33790212 0.22009561
 0.0140188 ] 
 f1_avg: 0.6495491576729333


Validation Epoch: 83 accuracy: 0.61 
 precision: [0.98744731 0.76859756 0.1908646  0.11682303 0.2122008  0.12479475
 0.00758599] 
 recall: [0.77199596 0.08278195 0.77889338 0.98483207 0.91773543 0.79422742
 1.        ] 
 f1: [0.86653017 0.14946566 0.30659851 0.20886949 0.34469945 0.21569754
 0.01505774] 
 f1_avg: 0.6421831173837251

--- 5685.609761953354 seconds ---

Train Epoch: 84 accuracy: 0.62 
 precision: [0.98131167 0.74020358 0.20054773 0.10555317 0.20958839 0.12939061
 0.00712271] 
 recall: [0.78877978 0.09049863 0.71566081 0.97128927 0.89985343 0.77987061
 0.99957627] 
 f1: [0.87457493 0.161279   0.31330018 0.19041348 0.33998868 0.22195588
 0.01414464] 
 f1_avg: 0.6506968011179017


Validation Epoch: 84 accuracy: 0.64 
 precision: [0.98047456 0.82518614 0.19995417 0.11642438 0.22086739 0.14180036
 0.00866818] 
 recall: [0.82561321 0.08370138 0.76186838 0.98916576 0.90600953 0.76312516
 1.        ] 
 f1: [0.89640466 0.15198629 0.31677103 0.20832858 0.35515495 0.23916095
 0.01718739] 
 f1_avg: 0.6638565371916862

--- 5753.9829959869385 seconds ---

Train Epoch: 85 accuracy: 0.61 
 precision: [0.98178007 0.75779729 0.2000159  0.10464172 0.20942373 0.12805006
 0.00708862] 
 recall: [0.78724629 0.09105275 0.71401833 0.97074756 0.90003664 0.77999502
 1.        ] 
 f1: [0.87381708 0.16257178 0.31249381 0.18891893 0.33978506 0.21998558
 0.01407745] 
 f1_avg: 0.6504368338205907


Validation Epoch: 85 accuracy: 0.65 
 precision: [0.97372681 0.85510338 0.20900413 0.11780071 0.23244541 0.13574266
 0.00878708] 
 recall: [0.84123384 0.08555667 0.72399869 0.9772481  0.90491022 0.77382433
 0.99152542] 
 f1: [0.9026443  0.15554992 0.32436925 0.21025641 0.36987943 0.23096918
 0.01741979] 
 f1_avg: 0.6694150198946447

--- 5822.252291440964 seconds ---

Train Epoch: 86 accuracy: 0.61 
 precision: [0.98193501 0.77145045 0.19843119 0.10520757 0.20866247 0.12734058
 0.00704408] 
 recall: [0.78643912 0.08930254 0.71338535 0.97128927 0.89970685 0.77728291
 1.        ] 
 f1: [0.87338091 0.16007493 0.31049646 0.18985097 0.33875902 0.21883061
 0.01398962] 
 f1_avg: 0.6494105040858421


Validation Epoch: 86 accuracy: 0.64 
 precision: [0.98206112 0.81440691 0.19918664 0.11541884 0.22907572 0.1395442
 0.00821327] 
 recall: [0.82052997 0.08984189 0.75903089 0.98374865 0.8941004  0.78004479
 1.        ] 
 f1: [0.8940581  0.16183125 0.31556261 0.20659841 0.36470984 0.23673778
 0.01629272] 
 f1_avg: 0.6648495701188479

--- 5890.692621231079 seconds ---

Train Epoch: 87 accuracy: 0.62 
 precision: [0.9816979  0.74817316 0.20056227 0.10605414 0.21050004 0.12788474
 0.00717081] 
 recall: [0.78971252 0.09094357 0.71745607 0.96982665 0.90000916 0.77440906
 1.        ] 
 f1: [0.87530153 0.16217419 0.31348963 0.19119987 0.34119837 0.21951852
 0.01423951] 
 f1_avg: 0.6514040067941848


Validation Epoch: 87 accuracy: 0.63 
 precision: [0.98231224 0.80941409 0.2027688  0.10245764 0.22545405 0.13501297
 0.00840157] 
 recall: [0.81483261 0.08074606 0.74648041 0.98916576 0.90747527 0.80268724
 1.        ] 
 f1: [0.89076854 0.14684323 0.31891085 0.18568233 0.36117694 0.23114678
 0.01666314] 
 f1_avg: 0.6587927739322972

--- 5959.3661143779755 seconds ---

Train Epoch: 88 accuracy: 0.61 
 precision: [0.98187816 0.7638487  0.19896449 0.10569767 0.20789861 0.12707352
 0.00704952] 
 recall: [0.78563984 0.09101171 0.71316709 0.97096425 0.90010993 0.7755785
 0.99872881] 
 f1: [0.87286534 0.1626445  0.3111282  0.19064232 0.33778007 0.21836874
 0.01400022] 
 f1_avg: 0.6497003837602153


Validation Epoch: 88 accuracy: 0.64 
 precision: [0.97731767 0.83892293 0.21445992 0.12540238 0.23564197 0.1322138
 0.00790726] 
 recall: [0.83233817 0.08542532 0.72934628 0.97074756 0.91260535 0.80318487
 1.        ] 
 f1: [0.89902045 0.15506117 0.33145691 0.22211205 0.3745676  0.22705212
 0.01569045] 
 f1_avg: 0.6672104656369114

--- 6026.034044265747 seconds ---

Train Epoch: 89 accuracy: 0.62 
 precision: [0.98162218 0.7574049  0.19841765 0.10527521 0.20974507 0.12783513
 0.0072307 ] 
 recall: [0.78849278 0.08965636 0.71366365 0.97145179 0.90158483 0.77888778
 0.99957627] 
 f1: [0.87452174 0.16033354 0.31050623 0.1899642  0.34031834 0.21962437
 0.01435753] 
 f1_avg: 0.650289150646401


Validation Epoch: 89 accuracy: 0.62 
 precision: [0.98706949 0.75364832 0.19206647 0.11182424 0.21788191 0.13944364
 0.00746505] 
 recall: [0.78628498 0.08563876 0.78205828 0.9815818  0.9268963  0.78701169
 1.        ] 
 f1: [0.87531052 0.15380079 0.30839412 0.20077562 0.35282631 0.23691109
 0.01481947] 
 f1_avg: 0.6497188958634526

--- 6092.893831729889 seconds ---

Train Epoch: 90 accuracy: 0.62 
 precision: [0.98218794 0.76280142 0.2009541  0.10811185 0.21367896 0.1311002
 0.00743026] 
 recall: [0.79392261 0.09314939 0.73096148 0.9719935  0.90769513 0.78222195
 1.        ] 
 f1: [0.87807734 0.1660247  0.31524251 0.19458105 0.34592443 0.2245636
 0.01475092] 
 f1_avg: 0.6544905287427873


Validation Epoch: 90 accuracy: 0.63 
 precision: [0.98367185 0.81594488 0.20868335 0.1149879  0.21977222 0.13635212
 0.00785671] 
 recall: [0.8124734  0.08166549 0.75641166 0.97833153 0.94045438 0.80318487
 1.        ] 
 f1: [0.88991379 0.14847096 0.32711912 0.20578851 0.35628514 0.23312751
 0.01559094] 
 f1_avg: 0.6589293652492115

--- 6159.705119848251 seconds ---

Train Epoch: 91 accuracy: 0.62 
 precision: [0.98238639 0.76510722 0.20023172 0.10837712 0.21225948 0.12996
 0.00728356] 
 recall: [0.79175402 0.09205921 0.72613227 0.97323944 0.90556981 0.78176163
 0.99957627] 
 f1: [0.87682843 0.16434419 0.31390407 0.19503563 0.343909   0.22287009
 0.01446175] 
 f1_avg: 0.653113515121668


Validation Epoch: 91 accuracy: 0.65 
 precision: [0.98117461 0.83795685 0.20329158 0.12402357 0.23140074 0.14918404
 0.0084503 ] 
 recall: [0.83093967 0.09373307 0.78456837 0.98049837 0.91407109 0.77108734
 1.        ] 
 f1: [0.89982946 0.16860602 0.32291246 0.22019465 0.36930935 0.25
 0.01675898] 
 f1_avg: 0.6710530274211173

--- 6226.418228149414 seconds ---

Train Epoch: 92 accuracy: 0.62 
 precision: [0.98233525 0.76605833 0.20047172 0.10847042 0.21327551 0.12979512
 0.00727591] 
 recall: [0.7913141  0.09324462 0.72769835 0.97264355 0.90637596 0.78168699
 1.        ] 
 f1: [0.87653824 0.16625293 0.31434528 0.19517471 0.34529994 0.22262457
 0.01444671] 
 f1_avg: 0.6534371374612167


Validation Epoch: 92 accuracy: 0.64 
 precision: [0.98047358 0.82931008 0.20422144 0.12357701 0.22752    0.14104124
 0.00847518] 
 recall: [0.82984519 0.08742837 0.76132271 0.97616468 0.91187248 0.77855188
 1.        ] 
 f1: [0.89889283 0.15818085 0.32205346 0.21938154 0.36417517 0.2388185
 0.01680792] 
 f1_avg: 0.6675003548480821

--- 6292.9108736515045 seconds ---

Train Epoch: 93 accuracy: 0.62 
 precision: [0.98236393 0.76766913 0.20016695 0.10831889 0.21349148 0.13052669
 0.00731039] 
 recall: [0.79272568 0.09247459 0.72749645 0.97134345 0.90654086 0.78278179
 1.        ] 
 f1: [0.87741498 0.16506518 0.31395169 0.19490323 0.34559494 0.22374459
 0.01451468] 
 f1_avg: 0.6537395744013458


Validation Epoch: 93 accuracy: 0.63 
 precision: [0.98339326 0.83233241 0.20481231 0.12157442 0.22519118 0.13352331
 0.00817514] 
 recall: [0.81157957 0.08419394 0.77289097 0.98049837 0.9279956  0.80442896
 1.        ] 
 f1: [0.88926347 0.15291943 0.32381518 0.21632604 0.36243292 0.22903089
 0.0162177 ] 
 f1_avg: 0.65958476555679

--- 6359.6119430065155 seconds ---

Train Epoch: 94 accuracy: 0.62 
 precision: [0.9822661  0.76445328 0.20072734 0.10738693 0.21358808 0.13124661
 0.00729546] 
 recall: [0.79322488 0.09279886 0.72705446 0.9712351  0.90652254 0.78274446
 1.        ] 
 f1: [0.87768163 0.16550648 0.31459921 0.19339111 0.34572016 0.22479991
 0.01448524] 
 f1_avg: 0.6540668127992438


Validation Epoch: 94 accuracy: 0.64 
 precision: [0.98158365 0.82208872 0.20312545 0.11765469 0.23647422 0.13516226
 0.00798376] 
 recall: [0.81896122 0.0876254  0.7660155  0.98266522 0.88329058 0.80418014
 1.        ] 
 f1: [0.89292853 0.1583703  0.32110344 0.21014829 0.37307023 0.23142745
 0.01584105] 
 f1_avg: 0.6635507158299769

--- 6427.126048564911 seconds ---

Train Epoch: 95 accuracy: 0.62 
 precision: [0.98229689 0.76735169 0.20014478 0.10664525 0.21349745 0.13038154
 0.0072817 ] 
 recall: [0.79184584 0.09097805 0.72717996 0.97107259 0.90668743 0.78420005
 1.        ] 
 f1: [0.87684907 0.16266979 0.31389494 0.1921844  0.3456134  0.22358905
 0.01445813] 
 f1_avg: 0.6527498669168033


Validation Epoch: 95 accuracy: 0.63 
 precision: [0.9829829  0.79074478 0.20401859 0.11027447 0.22289157 0.13608292
 0.00879875] 
 recall: [0.81556226 0.08332376 0.77125396 0.98374865 0.92872847 0.78402588
 1.        ] 
 f1: [0.89148026 0.15076123 0.32267933 0.19831823 0.35950355 0.23191286
 0.01744401] 
 f1_avg: 0.6604084315779631

--- 6495.581635951996 seconds ---

Train Epoch: 96 accuracy: 0.62 
 precision: [0.98226953 0.76497865 0.20075002 0.10765563 0.21392491 0.13073855
 0.00732051] 
 recall: [0.79280837 0.0924984  0.72939539 0.97361863 0.90667827 0.78245832
 1.        ] 
 f1: [0.87742798 0.16504069 0.3148457  0.19387408 0.34617261 0.22404252
 0.01453462] 
 f1_avg: 0.6537895193557623


Validation Epoch: 96 accuracy: 0.64 
 precision: [0.98142032 0.81718169 0.20852699 0.11921403 0.22487201 0.13482245
 0.00859808] 
 recall: [0.82029891 0.08292971 0.76383281 0.97941495 0.94155368 0.79447624
 1.        ] 
 f1: [0.89365536 0.15057834 0.32761486 0.21255584 0.3630391  0.23052487
 0.01704956] 
 f1_avg: 0.6621167323887023

--- 6563.4777135849 seconds ---

Train Epoch: 97 accuracy: 0.62 
 precision: [0.98230222 0.76759834 0.1995924  0.10772248 0.21353664 0.13035783
 0.0072833 ] 
 recall: [0.79166707 0.09130724 0.72732729 0.97296858 0.9067424  0.78347848
 1.        ] 
 f1: [0.87674158 0.16320137 0.31322886 0.19396957 0.34566875 0.22352484
 0.01446127] 
 f1_avg: 0.6527918515544213


Validation Epoch: 97 accuracy: 0.61 
 precision: [0.98719738 0.77294447 0.20026639 0.10745459 0.21628073 0.13223981
 0.00757673] 
 recall: [0.78298938 0.07701906 0.78762414 0.98699892 0.94631733 0.80841005
 1.        ] 
 f1: [0.87331471 0.14008003 0.31933628 0.19380917 0.35209107 0.22729817
 0.01503951] 
 f1_avg: 0.6451781299799628

--- 6630.70637178421 seconds ---

Train Epoch: 98 accuracy: 0.62 
 precision: [0.98209835 0.75754054 0.20098427 0.10709216 0.21282277 0.13098548
 0.00723196] 
 recall: [0.79024455 0.09203868 0.73049765 0.9727519  0.90612862 0.78480965
 0.99957627] 
 f1: [0.87578749 0.16413545 0.31523647 0.19294287 0.34468844 0.22450145
 0.01436002] 
 f1_avg: 0.6524490258171397


Validation Epoch: 98 accuracy: 0.63 
 precision: [0.97956612 0.85178271 0.22087347 0.11792391 0.2198335  0.13090733
 0.00690341] 
 recall: [0.81295375 0.0749175  0.73076503 0.9772481  0.93862221 0.80915651
 1.        ] 
 f1: [0.88851674 0.13772184 0.33921832 0.21045264 0.35623392 0.22535602
 0.01371216] 
 f1_avg: 0.6556605478833926

--- 6697.769275903702 seconds ---

Train Epoch: 99 accuracy: 0.62 
 precision: [0.98239322 0.77523295 0.19895044 0.10566771 0.21334866 0.12890527
 0.00730304] 
 recall: [0.78930148 0.0902228  0.72777475 0.9748104  0.90775009 0.78295596
 1.        ] 
 f1: [0.8753251  0.16163434 0.31247906 0.19066742 0.34549547 0.22136514
 0.01450019] 
 f1_avg: 0.6513719792499492


Validation Epoch: 99 accuracy: 0.61 
 precision: [0.9858844  0.7767434  0.21278737 0.10453242 0.20944108 0.12789079
 0.00635707] 
 recall: [0.7767387  0.07534438 0.73840445 0.98699892 0.94540125 0.8228415
 1.        ] 
 f1: [0.86890336 0.13736436 0.33037109 0.18904337 0.34291411 0.2213743
 0.01263383] 
 f1_avg: 0.641634493736564

--- 6764.914231300354 seconds ---

Train Epoch: 100 accuracy: 0.62 
 precision: [0.98215334 0.76251061 0.20008955 0.10761142 0.21438301 0.13015788
 0.00734326] 
 recall: [0.79161934 0.09146321 0.73153443 0.97351029 0.90835471 0.78207265
 0.99957627] 
 f1: [0.87665301 0.16333445 0.31423063 0.19380025 0.34689458 0.22317366
 0.01457941] 
 f1_avg: 0.65282390194812


Validation Epoch: 100 accuracy: 0.59 
 precision: [0.98938971 0.73539581 0.19907407 0.09850455 0.18867857 0.12618946
 0.00683464] 
 recall: [0.75863117 0.06634705 0.72268908 0.98483207 0.9661048  0.80841005
 1.        ] 
 f1: [0.85877907 0.1217132  0.31215971 0.17909566 0.31570124 0.21830276
 0.01357648] 
 f1_avg: 0.6295751589660656

--- 6832.185128211975 seconds ---
Traceback (most recent call last):
  File "rnn.py", line 319, in <module>
    test(model)
  File "rnn.py", line 274, in test
    output = model(data)
  File "/home/cluster/zifjia/.local/lib/python3.8/site-packages/torch/nn/modules/module.py", line 1102, in _call_impl
    return forward_call(*input, **kwargs)
  File "rnn.py", line 145, in forward
    lstm_out, _ = self.lstm(input)
  File "/home/cluster/zifjia/.local/lib/python3.8/site-packages/torch/nn/modules/module.py", line 1102, in _call_impl
    return forward_call(*input, **kwargs)
  File "/home/cluster/zifjia/.local/lib/python3.8/site-packages/torch/nn/modules/rnn.py", line 691, in forward
    result = _VF.lstm(input, hx, self._flat_weights, self.bias, self.num_layers,
RuntimeError: CUDA out of memory. Tried to allocate 60.00 MiB (GPU 0; 31.75 GiB total capacity; 29.81 GiB already allocated; 51.75 MiB free; 29.93 GiB reserved in total by PyTorch) If reserved memory is >> allocated memory try setting max_split_size_mb to avoid fragmentation.  See documentation for Memory Management and PYTORCH_CUDA_ALLOC_CONF
slurmstepd: Exceeded step memory limit at some point.
slurmstepd: Exceeded job memory limit at some point.
srun: error: vesta8: task 0: Exited with exit code 1
slurmstepd: Exceeded job memory limit at some point.
