{'name': 'longcall_wav2vec2_lstm_ar_bi_0', 'data_path': '/data/zifjia/data_longcall/wav2vec2_split_0', 'test_only': False, 'balance_weights': True, 'model_type': 'lstm', 'model_autoregressive': True, 'n_embedding': 768, 'd_hid': 1024, 'nlayers': 2, 'batch_size': 1, 'n_epoch': 200, 'lr': 0.0001, 'dropout': 0.4, 'patience': 10, 'step_factor': 0.7, 'seed': 0}
cuda
Reading data ...
train, dev, test number of files: 50, 6, 7.
dev files:  ['134dat LC Fugit', '93dat LC Sultan', '148dat LC Fugit', '12T6lcZeke', '20T5lcNiko', '24T5lcNico']
test files:  ['21T5lcNiko', '77datA LC Fugit', '1T7lcNico', '13T4lcDayak', '91dat LC Sultan', '13T2lcNiko', '2T6lcZeke']
data_all: (215820, 769)
train_data_all: (176058, 769)
Labels in train_data_all:  {0: 105991, 1: 0, 2: 28283, 3: 3331, 4: 21523, 5: 15041, 6: 1613, 7: 139, 8: 137}
--- 4.089400768280029 seconds ---
LSTM(
  (lstm_forward): LSTM(777, 1024, num_layers=2, dropout=0.4)
  (hidden2tag_forward): Linear(in_features=1024, out_features=9, bias=True)
  (lstm_backward): LSTM(777, 1024, num_layers=2, dropout=0.4)
  (hidden2tag_backward): Linear(in_features=1024, out_features=9, bias=True)
)
Number of parameters: 31582226

Train Epoch: 1 accuracy: 0.52 
 precision: [0.80819376 1.         0.32906873 0.06689566 0.45531088 0.13635908
 0.         0.         1.        ] 
 recall: [0.64509251 1.         0.39104763 0.2338637  0.32662733 0.27105911
 0.         0.         0.        ] 
 f1: [0.71749077 1.         0.35739098 0.10403312 0.38038038 0.18144192
 0.         0.         0.        ] 
 f1_avg: 0.5533300506968165


Validation Epoch: 1 accuracy: 0.38 
 precision: [0.87958115 1.         0.65843023 0.12630015 0.50807636 0.09377426
 1.         1.         1.        ] 
 recall: [0.31952663 1.         0.16454777 0.87328767 0.72133426 0.57414449
 0.         1.         1.        ] 
 f1: [0.46876453 1.         0.26329555 0.22068369 0.59620908 0.16121714
 0.         1.         1.        ] 
 f1_avg: 0.42653370789740436

New best val score, save model ...
--- 491.3377306461334 seconds ---

Train Epoch: 2 accuracy: 0.54 
 precision: [0.89640141 1.         0.50614813 0.1374741  0.467717   0.20554817
 0.01152738 1.         1.        ] 
 recall: [0.61504279 1.         0.18774529 0.75682978 0.59034521 0.63745762
 0.0049597  0.         0.        ] 
 f1: [0.72953434 1.         0.27389488 0.23268263 0.52192487 0.31085966
 0.00693541 0.         0.        ] 
 f1_avg: 0.5780249967762654


Validation Epoch: 2 accuracy: 0.45 
 precision: [0.90399423 1.         0.55606199 0.14857881 0.48154944 0.11598872
 1.         1.         1.        ] 
 recall: [0.39697802 1.         0.22157646 0.78767123 0.82070883 0.54752852
 0.         1.         1.        ] 
 f1: [0.55168869 1.         0.31688312 0.25       0.6069639  0.19142572
 0.         1.         1.        ] 
 f1_avg: 0.48673122387352935

New best val score, save model ...
--- 975.923091173172 seconds ---

Train Epoch: 3 accuracy: 0.60 
 precision: [0.907284   1.         0.4693533  0.18062957 0.510052   0.30064992
 0.02296086 1.         1.        ] 
 recall: [0.66667925 1.         0.38337517 0.76313419 0.57877619 0.6397181
 0.06509609 0.         0.        ] 
 f1: [0.76859154 1.         0.42202978 0.29211675 0.54224524 0.40905516
 0.03394762 0.         0.        ] 
 f1_avg: 0.6375807691574028


Validation Epoch: 3 accuracy: 0.47 
 precision: [0.93790203 1.         0.5989368  0.14880952 0.51591128 0.11547213
 0.         1.         1.        ] 
 recall: [0.40057058 1.         0.36832546 0.77054795 0.74357192 0.57889734
 0.         1.         1.        ] 
 f1: [0.56138013 1.         0.45614035 0.24944568 0.60916596 0.19253873
 0.         1.         1.        ] 
 f1_avg: 0.5156684507083978

New best val score, save model ...
--- 1465.419602394104 seconds ---

Train Epoch: 4 accuracy: 0.62 
 precision: [0.92124583 1.         0.49524166 0.20499488 0.55469599 0.30833073
 0.04810748 1.         1.        ] 
 recall: [0.66417903 1.         0.42134851 0.7811468  0.61631743 0.65700419
 0.20644761 0.00719424 0.        ] 
 f1: [0.77187154 1.         0.45531655 0.32476286 0.58388538 0.41969803
 0.07803163 0.01428571 0.        ] 
 f1_avg: 0.6519353461454225


Validation Epoch: 4 accuracy: 0.56 
 precision: [0.92025789 1.         0.69892473 0.11995697 0.51709776 0.16396761
 0.         1.         1.        ] 
 recall: [0.57311919 1.         0.30693789 0.76369863 0.81966644 0.46197719
 0.         1.         1.        ] 
 f1: [0.70634197 1.         0.42655225 0.20734542 0.63413978 0.24203187
 0.         1.         1.        ] 
 f1_avg: 0.599768201014295

New best val score, save model ...
--- 1952.6868662834167 seconds ---

Train Epoch: 5 accuracy: 0.64 
 precision: [0.9394087  1.         0.52447809 0.21115921 0.57421479 0.37827488
 0.06283177 0.14776632 1.        ] 
 recall: [0.69130398 1.         0.45568009 0.79075353 0.6319751  0.66332026
 0.40359578 0.61870504 0.05109489] 
 f1: [0.7964824  1.         0.4876646  0.33331224 0.60171197 0.48179448
 0.10873559 0.23855756 0.09722222] 
 f1_avg: 0.6801283313142832


Validation Epoch: 5 accuracy: 0.62 
 precision: [0.9095538  1.         0.78273381 0.19105691 0.54148061 0.20159363
 0.         1.         1.        ] 
 recall: [0.71724429 1.         0.19760262 0.80479452 0.80055594 0.48098859
 0.         1.         1.        ] 
 f1: [0.80203226 1.         0.31554524 0.3088042  0.6460115  0.28411005
 0.         1.         1.        ] 
 f1_avg: 0.6422387844342607

New best val score, save model ...
--- 2436.769770383835 seconds ---

Train Epoch: 6 accuracy: 0.68 
 precision: [0.93639171 1.         0.5676527  0.22932363 0.57092705 0.42933772
 0.10828969 0.14173228 1.        ] 
 recall: [0.75529054 1.         0.40777145 0.79495647 0.64981648 0.65986304
 0.67947923 0.90647482 0.56934307] 
 f1: [0.83614733 1.         0.47460905 0.35596182 0.60782269 0.52020546
 0.18680757 0.24513619 0.7255814 ] 
 f1_avg: 0.7075767417253369


Validation Epoch: 6 accuracy: 0.55 
 precision: [0.92480709 1.         0.61532793 0.19650655 0.5506786  0.14813851
 0.         0.         1.        ] 
 recall: [0.59520287 1.         0.30330548 0.77054795 0.66261293 0.54087452
 0.         1.         1.        ] 
 f1: [0.72426872 1.         0.40632603 0.3131524  0.60148242 0.23257715
 0.         0.         1.        ] 
 f1_avg: 0.6022236583401981

--- 2923.5176060199738 seconds ---

Train Epoch: 7 accuracy: 0.67 
 precision: [0.94099502 1.         0.59042126 0.22896127 0.59230675 0.43155732
 0.08332708 0.13672655 0.69387755] 
 recall: [0.73967601 1.         0.41625712 0.78084659 0.67750778 0.64244399
 0.68877867 0.98561151 0.49635036] 
 f1: [0.82827803 1.         0.48827323 0.35409434 0.63204889 0.51629622
 0.14866854 0.24014023 0.5787234 ] 
 f1_avg: 0.7071590212802994


Validation Epoch: 7 accuracy: 0.63 
 precision: [0.88241995 1.         0.75741525 0.21351931 0.61244862 0.18306951
 0.         1.         0.        ] 
 recall: [0.73668639 1.         0.25971667 0.68150685 0.7248089  0.50570342
 0.         1.         1.        ] 
 f1: [0.80299453 1.         0.38680011 0.3251634  0.66390834 0.26882264
 0.         1.         0.        ] 
 f1_avg: 0.6569624669101927

New best val score, save model ...
--- 3410.3030688762665 seconds ---

Train Epoch: 8 accuracy: 0.68 
 precision: [0.94309684 1.         0.60529417 0.23170009 0.62386354 0.39426035
 0.13291776 0.14818763 0.42435424] 
 recall: [0.73180742 1.         0.47215642 0.82197538 0.66951633 0.67316003
 0.81959082 1.         0.83941606] 
 f1: [0.82412503 1.         0.53049955 0.36149987 0.64588422 0.4972742
 0.22873951 0.25812442 0.56372549] 
 f1_avg: 0.7123848129423372


Validation Epoch: 8 accuracy: 0.72 
 precision: [0.8493083  1.         0.77480491 0.25726744 0.60680851 0.32041729
 0.         1.         1.        ] 
 recall: [0.90817836 1.         0.25245187 0.60616438 0.74322446 0.40874525
 0.         1.         1.        ] 
 f1: [0.87775735 1.         0.38082192 0.36122449 0.66812432 0.35923141
 0.         1.         1.        ] 
 f1_avg: 0.7054791931262333

New best val score, save model ...
--- 3896.6714363098145 seconds ---

Train Epoch: 9 accuracy: 0.69 
 precision: [0.94530641 1.         0.60366674 0.24177675 0.62671261 0.41678102
 0.13761468 0.08280255 0.53365385] 
 recall: [0.74326122 1.         0.45985221 0.81867307 0.70134275 0.70673492
 0.78115313 0.56115108 0.81021898] 
 f1: [0.83219598 1.         0.5220358  0.37330595 0.66193076 0.52434272
 0.23400501 0.14431082 0.64347826] 
 f1_avg: 0.7204020551040877


Validation Epoch: 9 accuracy: 0.74 
 precision: [0.84548161 1.         0.7103336  0.26511628 0.64577657 0.47409733
 0.         0.         0.        ] 
 recall: [0.93026205 1.         0.31710861 0.78082192 0.74113968 0.28707224
 0.         1.         1.        ] 
 f1: [0.88584796 1.         0.43847313 0.39583333 0.69017958 0.35760805
 0.         0.         0.        ] 
 f1_avg: 0.7239026816109706

New best val score, save model ...
--- 4382.446704626083 seconds ---

Train Epoch: 10 accuracy: 0.71 
 precision: [0.95477747 1.         0.63600428 0.25468093 0.64487288 0.44302604
 0.16313214 0.10087719 0.21533442] 
 recall: [0.75534715 1.         0.48354135 0.80036025 0.70710403 0.74988365
 0.9299442  0.99280576 0.96350365] 
 f1: [0.84343378 1.         0.5493914  0.38640481 0.67455621 0.55698765
 0.27757217 0.18314532 0.352     ] 
 f1_avg: 0.7363452460437806


Validation Epoch: 10 accuracy: 0.74 
 precision: [0.84622704 1.         0.77507599 0.25979843 0.58629098 0.47879859
 0.         1.         0.        ] 
 recall: [0.9396661  1.         0.27787868 0.79452055 0.75191105 0.25760456
 0.         1.         1.        ] 
 f1: [0.89050218 1.         0.40909091 0.39156118 0.65885218 0.33498146
 0.         1.         0.        ] 
 f1_avg: 0.7147824394895352

--- 4865.49579668045 seconds ---

Train Epoch: 11 accuracy: 0.73 
 precision: [0.95848568 1.         0.67312423 0.23978154 0.66309126 0.47987603
 0.16753124 0.23487544 0.27494908] 
 recall: [0.78157579 1.         0.54177421 0.81717202 0.70083167 0.74117412
 0.88096714 0.94964029 0.98540146] 
 f1: [0.86103763 1.         0.6003487  0.37076892 0.68143932 0.58256689
 0.28152551 0.37660485 0.42993631] 
 f1_avg: 0.7581097711123185


Validation Epoch: 11 accuracy: 0.74 
 precision: [0.85662978 1.         0.76185958 0.26451613 0.64086778 0.39846323
 0.         0.         0.        ] 
 recall: [0.93248098 1.         0.2916818  0.70205479 0.75955525 0.34505703
 0.         1.         1.        ] 
 f1: [0.89294749 1.         0.42185448 0.38425492 0.69518206 0.36984208
 0.         0.         0.        ] 
 f1_avg: 0.7266213211576147

New best val score, save model ...
--- 5349.541023015976 seconds ---

Train Epoch: 12 accuracy: 0.73 
 precision: [0.94324893 1.         0.61579429 0.28607073 0.68878546 0.46757931
 0.12494805 0.11655405 0.29530201] 
 recall: [0.78657622 1.         0.52328254 0.79165416 0.72197184 0.71531148
 0.55920645 0.99280576 0.96350365] 
 f1: [0.85781754 1.         0.56578168 0.42027253 0.70498832 0.56550419
 0.20425725 0.20861678 0.45205479] 
 f1_avg: 0.7521525756065155


Validation Epoch: 12 accuracy: 0.70 
 precision: [0.89101488 1.         0.77318436 0.22380952 0.58918784 0.38329764
 0.         1.         0.        ] 
 recall: [0.84139899 1.         0.25136215 0.80479452 0.82175122 0.34030418
 0.         1.         1.        ] 
 f1: [0.86549644 1.         0.37938596 0.35022355 0.68630296 0.36052367
 0.         1.         0.        ] 
 f1_avg: 0.7013090189647285

--- 5834.456793546677 seconds ---

Train Epoch: 13 accuracy: 0.75 
 precision: [0.96069844 1.         0.68424649 0.31164232 0.69106492 0.52522539
 0.15687946 0.17731421 0.54032258] 
 recall: [0.79681294 1.         0.56652406 0.84539177 0.74924499 0.7669038
 0.91258524 0.97841727 0.97810219] 
 f1: [0.87111464 1.         0.61984526 0.45540551 0.71897989 0.62346296
 0.26773372 0.30022075 0.6961039 ] 
 f1_avg: 0.7770133322441043


Validation Epoch: 13 accuracy: 0.75 
 precision: [0.89298153 1.         0.72659817 0.24361949 0.63462635 0.48112058
 0.         0.         0.        ] 
 recall: [0.89401944 1.         0.46240465 0.71917808 0.77310632 0.37547529
 0.         1.         1.        ] 
 f1: [0.89350018 1.         0.56514983 0.36395147 0.69705514 0.42178324
 0.         0.         0.        ] 
 f1_avg: 0.7538422337588095

New best val score, save model ...
--- 6316.326740503311 seconds ---

Train Epoch: 14 accuracy: 0.76 
 precision: [0.96738266 1.         0.67926809 0.31160873 0.70944065 0.51340052
 0.19320056 0.36986301 0.31678487] 
 recall: [0.80308705 1.         0.57621186 0.83968778 0.78139665 0.77561332
 0.94420335 0.97122302 0.97810219] 
 f1: [0.87761172 1.         0.62351028 0.45453807 0.74368215 0.61783709
 0.32076664 0.53571429 0.47857143] 
 f1_avg: 0.784538821066335


Validation Epoch: 14 accuracy: 0.76 
 precision: [0.8879346  1.         0.74983142 0.28498728 0.67916798 0.37928621
 0.         1.         0.        ] 
 recall: [0.90669907 1.         0.40392299 0.76712329 0.74878388 0.51520913
 0.         1.         1.        ] 
 f1: [0.89721874 1.         0.52502361 0.41558442 0.71227896 0.4369206
 0.         1.         0.        ] 
 f1_avg: 0.7538146645183723

--- 6796.078212738037 seconds ---

Train Epoch: 15 accuracy: 0.78 
 precision: [0.96498195 1.         0.69996501 0.33306581 0.73297346 0.53382512
 0.21038544 0.17490494 0.39233038] 
 recall: [0.83223104 1.         0.56585228 0.87211048 0.7570506  0.78904328
 0.97458153 0.99280576 0.97080292] 
 f1: [0.89370368 1.         0.62580405 0.48203767 0.7448175  0.63681485
 0.34606494 0.29741379 0.55882353] 
 f1_avg: 0.7969815148086364


Validation Epoch: 15 accuracy: 0.75 
 precision: [0.92309422 1.         0.708909   0.24783147 0.5813437  0.37663399
 0.         1.         1.        ] 
 recall: [0.86749789 1.         0.54050127 0.68493151 0.7275886  0.43821293
 0.         1.         1.        ] 
 f1: [0.89443294 1.         0.61335532 0.36396724 0.6462963  0.40509666
 0.         1.         1.        ] 
 f1_avg: 0.7525168810519607

--- 7278.848207473755 seconds ---

Train Epoch: 16 accuracy: 0.78 
 precision: [0.96658052 1.         0.71866546 0.32605515 0.72959753 0.4906154
 0.22319579 0.2437276  0.4751773 ] 
 recall: [0.81508807 1.         0.59176891 0.8697088  0.79003856 0.78551958
 0.86856789 0.97841727 0.97810219] 
 f1: [0.88439371 1.         0.64907314 0.47429601 0.75861607 0.60399254
 0.35513308 0.3902439  0.63961814] 
 f1_avg: 0.794070343704853


Validation Epoch: 16 accuracy: 0.73 
 precision: [0.90128457 1.         0.61971831 0.30357143 0.64472863 0.34779614
 0.         1.         1.        ] 
 recall: [0.82290786 1.         0.57537232 0.58219178 0.71820709 0.48003802
 0.         1.         1.        ] 
 f1: [0.86031483 1.         0.59672255 0.39906103 0.67948718 0.40335463
 0.         1.         1.        ] 
 f1_avg: 0.7366372193554773

--- 7762.576094865799 seconds ---

Train Epoch: 17 accuracy: 0.79 
 precision: [0.96936929 1.         0.70754829 0.33216029 0.776299   0.53764113
 0.21641486 0.24035088 0.52755906] 
 recall: [0.81871102 1.         0.63069689 0.87841489 0.7913395  0.80101057
 0.98574086 0.98561151 0.97810219] 
 f1: [0.88769315 1.         0.66691592 0.48204283 0.7837471  0.64341789
 0.35491071 0.3864598  0.68542199] 
 f1_avg: 0.8055406802456561


Validation Epoch: 17 accuracy: 0.76 
 precision: [0.89503738 1.         0.67785844 0.29393939 0.6413955  0.38071066
 0.         1.         1.        ] 
 recall: [0.91092561 1.         0.54268071 0.66438356 0.66435024 0.42775665
 0.         1.         1.        ] 
 f1: [0.9029116  1.         0.60278394 0.40756303 0.6526711  0.40286482
 0.         1.         1.        ] 
 f1_avg: 0.7573074163682569

New best val score, save model ...
--- 8247.936836242676 seconds ---

Train Epoch: 18 accuracy: 0.80 
 precision: [0.96372334 1.         0.73026155 0.34459066 0.76723233 0.53950154
 0.21352177 0.24768946 0.49632353] 
 recall: [0.84767575 1.         0.63377294 0.88832183 0.81503508 0.74549565
 0.69311841 0.96402878 0.98540146] 
 f1: [0.90198224 1.         0.67860455 0.49655983 0.79041161 0.62598744
 0.32647102 0.39411765 0.6601467 ] 
 f1_avg: 0.815346870610421


Validation Epoch: 18 accuracy: 0.72 
 precision: [0.89384867 1.         0.54809334 0.2798574  0.66096353 0.43536404
 0.         1.         1.        ] 
 recall: [0.86749789 1.         0.69960044 0.53767123 0.51007644 0.27851711
 0.         1.         1.        ] 
 f1: [0.88047616 1.         0.61464816 0.36811254 0.57579918 0.33971014
 0.         1.         1.        ] 
 f1_avg: 0.7285848588042414

--- 8732.092878580093 seconds ---

Train Epoch: 19 accuracy: 0.79 
 precision: [0.96916993 1.         0.70699649 0.35043849 0.74365144 0.55369635
 0.2159631  0.26848249 0.56540084] 
 recall: [0.83015539 1.         0.612382   0.8877214  0.80411653 0.7788046
 0.95784253 0.99280576 0.97810219] 
 f1: [0.89429258 1.         0.65629677 0.50250659 0.77270292 0.64723596
 0.35245808 0.42266462 0.71657754] 
 f1_avg: 0.8072013400889373


Validation Epoch: 19 accuracy: 0.74 
 precision: [0.8954854  1.         0.61381789 0.26945245 0.6513019  0.43162393
 0.         1.         0.        ] 
 recall: [0.87816991 1.         0.55830004 0.64041096 0.64315497 0.38403042
 0.         1.         1.        ] 
 f1: [0.88674313 1.         0.58474415 0.37931034 0.6472028  0.40643863
 0.         1.         0.        ] 
 f1_avg: 0.7439371014258807

--- 9217.010905504227 seconds ---

Train Epoch: 20 accuracy: 0.80 
 precision: [0.97016322 1.         0.73801014 0.35671272 0.75521515 0.55332204
 0.21315039 0.4440678  0.52529183] 
 recall: [0.83167439 1.         0.62786833 0.90693485 0.8040236  0.80340403
 0.97272164 0.94244604 0.98540146] 
 f1: [0.89559669 1.         0.67849842 0.5120339  0.77885546 0.65531453
 0.34967684 0.60368664 0.68527919] 
 f1_avg: 0.8132687022641235


Validation Epoch: 20 accuracy: 0.73 
 precision: [0.89752973 1.         0.62728249 0.28571429 0.72878086 0.30114943
 0.         1.         0.        ] 
 recall: [0.82924768 1.         0.63639666 0.59589041 0.65635858 0.49809886
 0.         1.         1.        ] 
 f1: [0.86203866 1.         0.63180671 0.38623751 0.69067642 0.37535817
 0.         1.         0.        ] 
 f1_avg: 0.7433494876135313

--- 9700.248404741287 seconds ---

Train Epoch: 21 accuracy: 0.81 
 precision: [0.96903968 1.         0.73291753 0.36480326 0.78874793 0.55168898
 0.26207386 0.37669377 0.59345794] 
 recall: [0.84131672 1.         0.65229997 0.91293906 0.79728662 0.82740509
 0.9150651  1.         0.9270073 ] 
 f1: [0.90067269 1.         0.69026284 0.52129939 0.79299429 0.66198569
 0.40745342 0.54724409 0.72364672] 
 f1_avg: 0.8212028005990304


Validation Epoch: 21 accuracy: 0.75 
 precision: [0.88542814 1.         0.57300189 0.28605201 0.62853173 0.43088553
 1.         1.         0.        ] 
 recall: [0.9341716  1.         0.66146023 0.41438356 0.47150799 0.37927757
 0.         1.         1.        ] 
 f1: [0.909147   1.         0.61406171 0.33846154 0.53881279 0.40343782
 0.         1.         0.        ] 
 f1_avg: 0.7418803767527273

--- 10183.04853796959 seconds ---

Train Epoch: 22 accuracy: 0.80 
 precision: [0.97242367 1.         0.7527699  0.35213397 0.75506239 0.54029335
 0.26783265 0.29906542 0.46283784] 
 recall: [0.8324103  1.         0.61977159 0.90903633 0.81252613 0.85227046
 0.9683819  0.92086331 1.        ] 
 f1: [0.89698609 1.         0.67982703 0.50762783 0.78274103 0.66133567
 0.41961048 0.45149912 0.63279446] 
 f1_avg: 0.8157043492742684


Validation Epoch: 22 accuracy: 0.75 
 precision: [0.87460537 1.         0.52207447 0.29661017 0.79429429 0.43298969
 0.         1.         1.        ] 
 recall: [0.93670752 1.         0.71304032 0.47945205 0.3676164  0.39923954
 0.         1.         1.        ] 
 f1: [0.90459184 1.         0.60279441 0.36649215 0.50261283 0.41543027
 0.         1.         1.        ] 
 f1_avg: 0.732432714704259

--- 10666.302235603333 seconds ---

Train Epoch: 23 accuracy: 0.79 
 precision: [0.97482697 1.         0.70646944 0.30951361 0.74576759 0.52003311
 0.30427665 0.42539683 0.68911917] 
 recall: [0.83850516 1.         0.62818654 0.86730711 0.72248293 0.8353168
 0.92188469 0.96402878 0.97080292] 
 f1: [0.90154189 1.         0.66503219 0.45621792 0.73394062 0.64100406
 0.45753846 0.59030837 0.80606061] 
 f1_avg: 0.8079867605541177


Validation Epoch: 23 accuracy: 0.79 
 precision: [0.87305574 1.         0.70235717 0.33333333 0.78736162 0.36476427
 0.         1.         0.        ] 
 recall: [0.95488166 1.         0.6385761  0.5        0.59312022 0.41920152
 0.         1.         1.        ] 
 f1: [0.91213727 1.         0.66894977 0.4        0.67657551 0.39009288
 0.         1.         0.        ] 
 f1_avg: 0.7766583406734087

New best val score, save model ...
--- 11150.747316598892 seconds ---

Train Epoch: 24 accuracy: 0.80 
 precision: [0.96929064 1.         0.74059225 0.35254963 0.8053584  0.51943911
 0.2701716  0.21339564 0.31034483] 
 recall: [0.83888255 1.         0.65965421 0.8904233  0.79607861 0.79057244
 0.91754495 0.98561151 0.98540146] 
 f1: [0.89938398 1.         0.69778401 0.50510899 0.80069162 0.62694751
 0.41743055 0.35083227 0.47202797] 
 f1_avg: 0.81901704740099


Validation Epoch: 24 accuracy: 0.77 
 precision: [0.88793638 1.         0.77540453 0.34548944 0.67004169 0.37067773
 0.         1.         0.        ] 
 recall: [0.90838969 1.         0.43516164 0.61643836 0.78179291 0.5095057
 0.         1.         1.        ] 
 f1: [0.89804659 1.         0.55746859 0.44280443 0.72161642 0.42914331
 0.         1.         0.        ] 
 f1_avg: 0.7612400233420789

--- 11634.757376194 seconds ---

Train Epoch: 25 accuracy: 0.82 
 precision: [0.96882486 1.         0.75274992 0.40330486 0.80125153 0.55644347
 0.29607073 0.25598527 0.59821429] 
 recall: [0.85468578 1.         0.65813386 0.86460522 0.82098221 0.84256366
 0.93428394 1.         0.97810219] 
 f1: [0.90818316 1.         0.70226934 0.5500382  0.81099688 0.6702454
 0.44964941 0.40762463 0.74238227] 
 f1_avg: 0.8313942003581614


Validation Epoch: 25 accuracy: 0.73 
 precision: [0.92317309 1.         0.82154341 0.29007634 0.52344116 0.3425224
 0.         1.         1.        ] 
 recall: [0.85830516 1.         0.37123138 0.78082192 0.77588603 0.47243346
 0.         1.         1.        ] 
 f1: [0.88955812 1.         0.51138354 0.42300557 0.62513998 0.39712345
 0.         1.         1.        ] 
 f1_avg: 0.729790145584208

--- 12118.681821346283 seconds ---

Train Epoch: 26 accuracy: 0.82 
 precision: [0.97367542 1.         0.77034551 0.40677503 0.79411634 0.55281492
 0.27988443 0.67647059 0.59821429] 
 recall: [0.85217613 1.         0.66534667 0.89402582 0.82902012 0.84934512
 0.96094234 0.99280576 0.97810219] 
 f1: [0.90888325 1.         0.71400656 0.55914382 0.81119294 0.66972477
 0.4335058  0.80466472 0.74238227] 
 f1_avg: 0.834018541189368


Validation Epoch: 26 accuracy: 0.76 
 precision: [0.88372093 1.         0.79503916 0.33024119 0.69528455 0.33217993
 0.         1.         1.        ] 
 recall: [0.9034235  1.         0.44242644 0.60958904 0.742877   0.54752852
 0.         1.         1.        ] 
 f1: [0.89346361 1.         0.56849475 0.42839952 0.7182933  0.41349605
 0.         1.         1.        ] 
 f1_avg: 0.758645888296466

--- 12603.469928264618 seconds ---

Train Epoch: 27 accuracy: 0.83 
 precision: [0.97430105 1.         0.79569134 0.40269877 0.82699586 0.54494406
 0.32705444 0.28425358 0.54065041] 
 recall: [0.85452538 1.         0.67775696 0.91383969 0.85285509 0.85812114
 0.97954123 1.         0.97080292] 
 f1: [0.91049097 1.         0.73200443 0.559045   0.83972643 0.66658059
 0.49037865 0.44267516 0.69451697] 
 f1_avg: 0.8412934431702145


Validation Epoch: 27 accuracy: 0.78 
 precision: [0.86831034 1.         0.73377282 0.31825525 0.74183976 0.41104294
 0.         0.         1.        ] 
 recall: [0.93776416 1.         0.52560843 0.67465753 0.69492703 0.38212928
 0.         1.         1.        ] 
 f1: [0.9017018  1.         0.61248677 0.43249177 0.71761751 0.39605911
 0.         0.         1.        ] 
 f1_avg: 0.7694413944761369

--- 13088.693050861359 seconds ---

Train Epoch: 28 accuracy: 0.83 
 precision: [0.97714212 1.         0.79281038 0.40592767 0.82663953 0.55296655
 0.3283065  0.42367601 0.54183267] 
 recall: [0.85343095 1.         0.68931867 0.93335335 0.84918459 0.86935709
 0.99876007 0.97841727 0.99270073] 
 f1: [0.9111063  1.         0.7374513  0.56578708 0.83776041 0.67597188
 0.49417178 0.59130435 0.70103093] 
 f1_avg: 0.843385597485848


Validation Epoch: 28 accuracy: 0.79 
 precision: [0.8597856  1.         0.67355546 0.34773663 0.76468156 0.51964512
 0.         1.         1.        ] 
 recall: [0.95762891 1.         0.58009444 0.57876712 0.64246004 0.38973384
 0.         1.         1.        ] 
 f1: [0.90607348 1.         0.62334114 0.4344473  0.69826284 0.4454101
 0.         1.         1.        ] 
 f1_avg: 0.7735225576655828

--- 13573.528419017792 seconds ---

Train Epoch: 29 accuracy: 0.84 
 precision: [0.97464474 1.         0.80428122 0.41925424 0.82780986 0.55576128
 0.36980005 0.45544554 0.68686869] 
 recall: [0.86387523 1.         0.68680833 0.92824977 0.8657715  0.85812114
 0.99752015 0.99280576 0.99270073] 
 f1: [0.9159231  1.         0.74091733 0.57762003 0.84636523 0.67461126
 0.53957076 0.62443439 0.8119403 ] 
 f1_avg: 0.8485301915134935


Validation Epoch: 29 accuracy: 0.80 
 precision: [0.86749976 1.         0.73896535 0.36969697 0.74492433 0.50731707
 0.         0.         1.        ] 
 recall: [0.96090448 1.         0.56556484 0.62671233 0.70118138 0.39543726
 0.         1.         1.        ] 
 f1: [0.91181631 1.         0.64074074 0.46505718 0.72239127 0.44444444
 0.         0.         1.        ] 
 f1_avg: 0.7842960149633337

New best val score, save model ...
--- 14058.00917506218 seconds ---

Train Epoch: 30 accuracy: 0.84 
 precision: [0.97399042 1.         0.78852716 0.44919084 0.82897104 0.57266705
 0.39494354 0.49285714 0.56666667] 
 recall: [0.87266843 1.         0.69451614 0.92494746 0.85643265 0.85639253
 0.99752015 0.99280576 0.99270073] 
 f1: [0.92054977 1.         0.73854194 0.6047105  0.84247812 0.68636436
 0.56585194 0.65871122 0.72148541] 
 f1_avg: 0.8521728621346571


Validation Epoch: 30 accuracy: 0.80 
 precision: [0.87295281 1.         0.77167474 0.33828383 0.76019185 0.50493963
 0.         1.         1.        ] 
 recall: [0.95181741 1.         0.52052307 0.70205479 0.77102154 0.43726236
 0.         1.         1.        ] 
 f1: [0.91068089 1.         0.62169197 0.45657016 0.7655684  0.4686704
 0.         1.         1.        ] 
 f1_avg: 0.7893394626694064

New best val score, save model ...
--- 14540.927563905716 seconds ---

Train Epoch: 31 accuracy: 0.85 
 precision: [0.97565337 1.         0.80457484 0.4206754  0.8294826  0.59634758
 0.41735751 0.56967213 0.63084112] 
 recall: [0.88547141 1.         0.68649012 0.91624137 0.86405241 0.86191078
 0.99876007 1.         0.98540146] 
 f1: [0.92837748 1.         0.74085663 0.57661062 0.84641467 0.70494834
 0.5887082  0.72584856 0.76923077] 
 f1_avg: 0.8590939910801363


Validation Epoch: 31 accuracy: 0.76 
 precision: [0.91104426 1.         0.75507246 0.29569892 0.61512027 0.42089772
 0.         0.         1.        ] 
 recall: [0.89602705 1.         0.37849619 0.75342466 0.8085476  0.54372624
 0.         1.         1.        ] 
 f1: [0.90347326 1.         0.50423421 0.42471042 0.69869389 0.47449191
 0.         0.         1.        ] 
 f1_avg: 0.7541176614287699

--- 15025.307265520096 seconds ---

Train Epoch: 32 accuracy: 0.85 
 precision: [0.97816603 1.         0.81839584 0.4198843  0.82567886 0.59814233
 0.41544023 0.41369048 0.65384615] 
 recall: [0.87790473 1.         0.70059753 0.93695587 0.87873438 0.87341267
 0.99752015 1.         0.99270073] 
 f1: [0.92532742 1.         0.75492904 0.57989595 0.85138085 0.71003135
 0.58658403 0.58526316 0.7884058 ] 
 f1_avg: 0.8605064517076224


Validation Epoch: 32 accuracy: 0.77 
 precision: [0.88712611 1.         0.81209503 0.35119048 0.66928183 0.3601071
 0.         0.         1.        ] 
 recall: [0.92762046 1.         0.40973483 0.60616438 0.77067408 0.51140684
 0.         1.         1.        ] 
 f1: [0.90692149 1.         0.54466441 0.44472362 0.71640827 0.42262372
 0.         0.         1.        ] 
 f1_avg: 0.7628867886021025

--- 15508.617456436157 seconds ---

Train Epoch: 33 accuracy: 0.85 
 precision: [0.98013518 1.         0.8189249  0.43510262 0.85119206 0.58668208
 0.39262155 0.52651515 0.675     ] 
 recall: [0.8742346  1.         0.71908921 0.92284599 0.89244064 0.87746825
 0.99628022 1.         0.98540146] 
 f1: [0.92416097 1.         0.76576678 0.5913813  0.87132845 0.70319951
 0.56326674 0.6898263  0.80118694] 
 f1_avg: 0.8634963621928928


Validation Epoch: 33 accuracy: 0.75 
 precision: [0.89545646 1.         0.76144756 0.31578947 0.63588317 0.34579439
 0.         0.         1.        ] 
 recall: [0.89961961 1.         0.37450054 0.47260274 0.7943016  0.52756654
 0.         1.         1.        ] 
 f1: [0.89753321 1.         0.50206964 0.37860082 0.70631855 0.4177644
 0.         0.         1.        ] 
 f1_avg: 0.7473174402543724

--- 15991.0665204525 seconds ---

Train Epoch: 34 accuracy: 0.85 
 precision: [0.97664238 1.         0.81336701 0.44635193 0.84019925 0.57634718
 0.42681951 0.4433657  0.5787234 ] 
 recall: [0.87143248 1.         0.717286   0.93665566 0.86990661 0.88032711
 0.99256045 0.98561151 0.99270073] 
 f1: [0.92104266 1.         0.76231094 0.60459258 0.8547949  0.69661976
 0.59694258 0.61160714 0.7311828 ] 
 f1_avg: 0.858922814951065


Validation Epoch: 34 accuracy: 0.79 
 precision: [0.85915225 1.         0.71088277 0.35123043 0.76994578 0.46666667
 0.         0.         1.        ] 
 recall: [0.95519865 1.         0.55285143 0.53767123 0.69075747 0.37927757
 0.         1.         1.        ] 
 f1: [0.90463324 1.         0.62198611 0.42489851 0.72820513 0.41845831
 0.         0.         1.        ] 
 f1_avg: 0.775782127554422

--- 16475.10552763939 seconds ---

Train Epoch: 35 accuracy: 0.85 
 precision: [0.97798726 1.         0.82611874 0.45367828 0.85857756 0.57096942
 0.36526268 0.40289855 0.69230769] 
 recall: [0.87313074 1.         0.71930135 0.94235965 0.87385588 0.87401104
 1.         1.         0.98540146] 
 f1: [0.9225892  1.         0.7690185  0.6124878  0.86614935 0.69071325
 0.53508044 0.57438017 0.81325301] 
 f1_avg: 0.8614319642004431


Validation Epoch: 35 accuracy: 0.78 
 precision: [0.90515379 1.         0.64122966 0.36046512 0.6319491  0.51525424
 0.         1.         1.        ] 
 recall: [0.92973373 1.         0.6440247  0.31849315 0.65566366 0.43346008
 0.         1.         1.        ] 
 f1: [0.91727912 1.         0.64262414 0.33818182 0.64358799 0.47083118
 0.         1.         1.        ] 
 f1_avg: 0.7735474826422255

--- 16960.218385457993 seconds ---

Train Epoch: 36 accuracy: 0.86 
 precision: [0.9767006  1.         0.82609407 0.4417982  0.84056746 0.60421317
 0.45963804 0.64454976 0.52490421] 
 recall: [0.88987744 1.         0.71413924 0.94115881 0.87817683 0.86383884
 0.99194048 0.97841727 1.        ] 
 f1: [0.93126975 1.         0.76604783 0.60132349 0.85896067 0.71106855
 0.62819003 0.77714286 0.68844221] 
 f1_avg: 0.8677455915717723


Validation Epoch: 36 accuracy: 0.77 
 precision: [0.90094389 1.         0.73134328 0.31732777 0.66925373 0.37855725
 0.         1.         1.        ] 
 recall: [0.91779374 1.         0.42717036 0.52054795 0.7790132  0.54372624
 0.         1.         1.        ] 
 f1: [0.90929076 1.         0.53932584 0.39429313 0.71997431 0.44635193
 0.         1.         1.        ] 
 f1_avg: 0.7645797564768381

--- 17447.87901353836 seconds ---

Train Epoch: 37 accuracy: 0.87 
 precision: [0.97991703 1.         0.81909606 0.45907421 0.87832874 0.61478349
 0.41974987 0.55823293 0.75428571] 
 recall: [0.88480154 1.         0.7458544  0.9378565  0.88881661 0.8891696
 0.99876007 1.         0.96350365] 
 f1: [0.92993346 1.         0.78076133 0.61641673 0.88354156 0.7269466
 0.5910842  0.71649485 0.84615385] 
 f1_avg: 0.8736867277691849


Validation Epoch: 37 accuracy: 0.75 
 precision: [0.90733837 1.         0.72477745 0.35657371 0.60517287 0.37966538
 0.         1.         1.        ] 
 recall: [0.90014793 1.         0.35488558 0.6130137  0.79673384 0.5608365
 0.         1.         1.        ] 
 f1: [0.90372885 1.         0.47646915 0.45088161 0.68786561 0.45280123
 0.         1.         1.        ] 
 f1_avg: 0.7468984495624372

--- 17936.464192390442 seconds ---

Train Epoch: 38 accuracy: 0.87 
 precision: [0.98129096 1.         0.82756959 0.46125297 0.8664511  0.61927689
 0.45978323 0.52123552 0.59051724] 
 recall: [0.88727345 1.         0.72849415 0.93275293 0.9088417  0.90645569
 0.99938004 0.97122302 1.        ] 
 f1: [0.93191694 1.         0.77487777 0.61726433 0.8871403  0.73583938
 0.62981051 0.67839196 0.74254743] 
 f1_avg: 0.8753954630046753


Validation Epoch: 38 accuracy: 0.77 
 precision: [0.89600164 1.         0.77857656 0.3503055  0.64858693 0.40687679
 0.         1.         1.        ] 
 recall: [0.92582418 1.         0.39338903 0.5890411  0.78943711 0.53992395
 0.         1.         1.        ] 
 f1: [0.91066881 1.         0.5226834  0.43933589 0.71211409 0.46405229
 0.         1.         1.        ] 
 f1_avg: 0.7631628172095203

--- 18423.22482442856 seconds ---

Train Epoch: 39 accuracy: 0.87 
 precision: [0.98063534 1.         0.83740165 0.48318747 0.8586755  0.618992
 0.46767179 0.50729927 0.75706215] 
 recall: [0.88771688 1.         0.73383304 0.94476133 0.90363797 0.91616249
 1.         1.         0.97810219] 
 f1: [0.93186556 1.         0.78220396 0.63937424 0.88058316 0.73881457
 0.63729751 0.67312349 0.85350318] 
 f1_avg: 0.8765631190179838


Validation Epoch: 39 accuracy: 0.77 
 precision: [0.88039235 1.         0.79968454 0.3747412  0.64476554 0.44396177
 0.         1.         1.        ] 
 recall: [0.92941674 1.         0.36832546 0.61986301 0.82175122 0.48574144
 0.         1.         1.        ] 
 f1: [0.90424056 1.         0.50435215 0.46709677 0.72257867 0.46391285
 0.         1.         1.        ] 
 f1_avg: 0.7587706383125257

--- 18907.863181591034 seconds ---

Train Epoch: 40 accuracy: 0.86 
 precision: [0.97727391 1.         0.81782652 0.4669145  0.85212999 0.60479443
 0.50423862 0.4512987  0.68      ] 
 recall: [0.8832448  1.         0.72506453 0.94265986 0.88570367 0.90073798
 0.99566026 1.         0.99270073] 
 f1: [0.92788328 1.         0.768657   0.62450278 0.86859252 0.72367929
 0.6694456  0.62192394 0.80712166] 
 f1_avg: 0.8691671908198362


Validation Epoch: 40 accuracy: 0.78 
 precision: [0.90438084 1.         0.81317829 0.34354839 0.64818356 0.43400621
 0.         1.         1.        ] 
 recall: [0.93142434 1.         0.38103887 0.72945205 0.82453092 0.53136882
 0.         1.         1.        ] 
 f1: [0.9177034  1.         0.51892159 0.46710526 0.72579905 0.47777778
 0.         1.         1.        ] 
 f1_avg: 0.7702496847699887

--- 19391.70379257202 seconds ---

Train Epoch: 41 accuracy: 0.86 
 precision: [0.98056991 1.         0.82679133 0.48232246 0.82445074 0.62278223
 0.42895157 0.32304038 0.70984456] 
 recall: [0.88276363 1.         0.72538274 0.95016512 0.89267295 0.89382355
 0.99938004 0.97841727 1.        ] 
 f1: [0.92909985 1.         0.77277436 0.63984636 0.85720659 0.73408322
 0.60026066 0.48571429 0.83030303] 
 f1_avg: 0.8696248766226111


Validation Epoch: 41 accuracy: 0.77 
 precision: [0.91159282 1.         0.73038931 0.38663484 0.63810848 0.42215786
 0.         1.         1.        ] 
 recall: [0.90648774 1.         0.45659281 0.55479452 0.79708131 0.55418251
 0.         1.         1.        ] 
 f1: [0.90903311 1.         0.56191328 0.4556962  0.70879036 0.47924373
 0.         1.         1.        ] 
 f1_avg: 0.7693835761422454

--- 19877.171442985535 seconds ---

Train Epoch: 42 accuracy: 0.88 
 precision: [0.98124168 1.         0.84772819 0.49481132 0.87437839 0.6247592
 0.4881025  0.44126984 0.6974359 ] 
 recall: [0.89723656 1.         0.74543012 0.94476133 0.90679738 0.90559138
 0.99194048 1.         0.99270073] 
 f1: [0.93736077 1.         0.79329483 0.64946858 0.89029286 0.73940776
 0.65426293 0.6123348  0.81927711] 
 f1_avg: 0.8831625380940061


Validation Epoch: 42 accuracy: 0.75 
 precision: [0.93277122 1.         0.71589561 0.28648649 0.58055625 0.42015614
 0.         1.         1.        ] 
 recall: [0.87669062 1.         0.4384308  0.54452055 0.80507297 0.56273764
 0.         1.         1.        ] 
 f1: [0.90386187 1.         0.54381617 0.37544274 0.67462513 0.48110524
 0.         1.         1.        ] 
 f1_avg: 0.7562738568221392

--- 20363.435831785202 seconds ---

Train Epoch: 43 accuracy: 0.87 
 precision: [0.98429341 1.         0.84215376 0.49749138 0.85793382 0.61790764
 0.42521762 0.57676349 0.65865385] 
 recall: [0.88569784 1.         0.74323799 0.9525668  0.90712261 0.91809055
 0.99938004 1.         1.        ] 
 f1: [0.93239639 1.         0.7896101  0.65362035 0.88184282 0.73866645
 0.59659511 0.73157895 0.7942029 ] 
 f1_avg: 0.8781104312898207


Validation Epoch: 43 accuracy: 0.77 
 precision: [0.92215114 1.         0.74062692 0.27949183 0.61802903 0.46021329
 0.         1.         1.        ] 
 recall: [0.89866864 1.         0.43770432 0.52739726 0.84329395 0.53326996
 0.         1.         1.        ] 
 f1: [0.91025847 1.         0.55022831 0.3653618  0.71329904 0.49405548
 0.         1.         1.        ] 
 f1_avg: 0.7682804312016017

--- 20848.054727315903 seconds ---

Train Epoch: 44 accuracy: 0.88 
 precision: [0.98610767 1.         0.83471396 0.50790609 0.87440927 0.65403001
 0.51964924 0.4602649  0.74456522] 
 recall: [0.90208603 1.         0.75886575 0.95466827 0.91125772 0.9187554
 0.99194048 1.         1.        ] 
 f1: [0.94222743 1.         0.79498481 0.66305254 0.8924533  0.76411391
 0.68201194 0.63038549 0.85358255] 
 f1_avg: 0.8892908633981929


Validation Epoch: 44 accuracy: 0.74 
 precision: [0.92747053 1.         0.81114551 0.2670537  0.54805815 0.41389086
 0.         1.         1.        ] 
 recall: [0.86475063 1.         0.28550672 0.63013699 0.87769284 0.55513308
 0.         1.         1.        ] 
 f1: [0.89501312 1.         0.42235357 0.37512742 0.6747696  0.47421843
 0.         1.         1.        ] 
 f1_avg: 0.7307788805056027

--- 21331.676089286804 seconds ---

Train Epoch: 45 accuracy: 0.87 
 precision: [0.98246886 1.         0.83736538 0.50697527 0.83564298 0.63111686
 0.42645503 0.43034056 0.58050847] 
 recall: [0.88193337 1.         0.73673231 0.96007205 0.92175812 0.90805133
 0.99938004 1.         1.        ] 
 f1: [0.92949049 1.         0.78383208 0.66355431 0.87659067 0.74467041
 0.59781198 0.6017316  0.73458445] 
 f1_avg: 0.8753538438988862


Validation Epoch: 45 accuracy: 0.74 
 precision: [0.92444993 1.         0.83064516 0.26245443 0.57943503 0.39632903
 0.         1.         1.        ] 
 recall: [0.87013948 1.         0.26189611 0.73972603 0.89089646 0.55418251
 0.         1.         1.        ] 
 f1: [0.89647289 1.         0.39823253 0.38744395 0.70217719 0.46214824
 0.         1.         1.        ] 
 f1_avg: 0.7318098097729994

--- 21815.439917564392 seconds ---

Train Epoch: 46 accuracy: 0.87 
 precision: [0.98514184 1.         0.8292712  0.50431915 0.86148413 0.63380796
 0.46098885 0.51481481 0.75706215] 
 recall: [0.88953779 1.         0.73864159 0.96397478 0.91804117 0.92334286
 1.         1.         0.97810219] 
 f1: [0.93490203 1.         0.78133707 0.66219839 0.8888639  0.75165751
 0.63106416 0.6797066  0.85350318] 
 f1_avg: 0.8807413145641597


Validation Epoch: 46 accuracy: 0.74 
 precision: [0.92457912 1.         0.775      0.2626539  0.54487601 0.45462046
 0.         1.         1.        ] 
 recall: [0.87045647 1.         0.31529241 0.65753425 0.86275191 0.52376426
 0.         1.         1.        ] 
 f1: [0.89670186 1.         0.44823135 0.37536657 0.66792199 0.48674912
 0.         1.         1.        ] 
 f1_avg: 0.7356234348998284

--- 22299.450805664062 seconds ---

Train Epoch: 47 accuracy: 0.87 
 precision: [0.98727525 1.         0.85223325 0.50885796 0.81531179 0.63328232
 0.50249844 0.69191919 0.63133641] 
 recall: [0.89159457 1.         0.7198317  0.96577604 0.9203178  0.93537664
 0.99752015 0.98561151 1.        ] 
 f1: [0.93699866 1.         0.78045695 0.66652854 0.86463835 0.75524063
 0.66832814 0.81305638 0.7740113 ] 
 f1_avg: 0.8796734529986463


Validation Epoch: 47 accuracy: 0.78 
 precision: [0.91937918 1.         0.66692397 0.25137615 0.70023034 0.49685535
 0.         1.         1.        ] 
 recall: [0.90131023 1.         0.6276789  0.46917808 0.73940236 0.5256654
 0.         1.         1.        ] 
 f1: [0.91025504 1.         0.64670659 0.32735962 0.71928342 0.5108545
 0.         1.         1.        ] 
 f1_avg: 0.7856371510975309

--- 22783.246888399124 seconds ---

Train Epoch: 48 accuracy: 0.87 
 precision: [0.981868   1.         0.8180046  0.50910819 0.87206067 0.64345863
 0.45562465 0.29574468 0.68686869] 
 recall: [0.89254748 1.         0.74182371 0.96487541 0.90289458 0.90938103
 0.99938004 1.         0.99270073] 
 f1: [0.93507957 1.         0.77805385 0.66652841 0.88720981 0.75365034
 0.62589788 0.45648604 0.8119403 ] 
 f1_avg: 0.8801148129507019


Validation Epoch: 48 accuracy: 0.75 
 precision: [0.92459786 1.         0.75100942 0.23498695 0.60064372 0.45236123
 0.         1.         1.        ] 
 recall: [0.87457735 1.         0.40537595 0.61643836 0.84294649 0.51901141
 0.         1.         1.        ] 
 f1: [0.89889227 1.         0.52653928 0.34026465 0.70146017 0.48339973
 0.         1.         1.        ] 
 f1_avg: 0.7547609898415009

--- 23265.544278860092 seconds ---

Train Epoch: 49 accuracy: 0.88 
 precision: [0.98779671 1.         0.84982263 0.52723383 0.85508784 0.64786388
 0.47863501 0.50367647 0.60352423] 
 recall: [0.89047183 1.         0.76229537 0.96187331 0.93625424 0.931587
 1.         0.98561151 1.        ] 
 f1: [0.93661276 1.         0.80368293 0.68112245 0.8938322  0.76424228
 0.64740116 0.66666667 0.75274725] 
 f1_avg: 0.8874625191833381


Validation Epoch: 49 accuracy: 0.74 
 precision: [0.90121116 1.         0.86394558 0.25880923 0.5641804  0.50585938
 0.         1.         1.        ] 
 recall: [0.90416314 1.         0.18452597 0.72945205 0.90410007 0.49239544
 0.         1.         1.        ] 
 f1: [0.90268474 1.         0.30410057 0.38206278 0.69479306 0.49903661
 0.         1.         1.        ] 
 f1_avg: 0.7207509906259393

--- 23748.714049577713 seconds ---

Train Epoch: 50 accuracy: 0.88 
 precision: [0.9877685  1.         0.83992377 0.51985031 0.85835731 0.65745136
 0.54752206 0.53461538 0.72727273] 
 recall: [0.89982168 1.         0.74801117 0.95917142 0.92886679 0.93916628
 1.         1.         0.99270073] 
 f1: [0.94174628 1.         0.79130744 0.67426401 0.89222118 0.77345525
 0.70761132 0.69674185 0.83950617] 
 f1_avg: 0.8896682055355898


Validation Epoch: 50 accuracy: 0.76 
 precision: [0.90693028 1.         0.80948122 0.26070991 0.58833177 0.53837342
 0.         1.         1.        ] 
 recall: [0.9112426  1.         0.32873229 0.72945205 0.87248089 0.44676806
 0.         1.         1.        ] 
 f1: [0.90908133 1.         0.46757944 0.38412985 0.70277078 0.48831169
 0.         1.         1.        ] 
 f1_avg: 0.7521134823911698

--- 24233.51785826683 seconds ---

Train Epoch: 51 accuracy: 0.88 
 precision: [0.985012   1.         0.86470969 0.50132461 0.86198619 0.64826749
 0.54006034 0.48943662 0.66183575] 
 recall: [0.89473635 1.         0.75614327 0.96577604 0.95093621 0.92294395
 0.99876007 1.         1.        ] 
 f1: [0.93770641 1.         0.80679053 0.66003283 0.90427906 0.76159649
 0.70104439 0.6572104  0.79651163] 
 f1_avg: 0.8897902725063851


Validation Epoch: 51 accuracy: 0.78 
 precision: [0.91253181 1.         0.72854188 0.2796875  0.65107212 0.52598753
 0.         1.         1.        ] 
 recall: [0.90944632 1.         0.5118053  0.6130137  0.8123697  0.48098859
 0.         1.         1.        ] 
 f1: [0.91098645 1.         0.60123747 0.38412017 0.72283197 0.50248262
 0.         1.         1.        ] 
 f1_avg: 0.7796225849839634

--- 24717.642648220062 seconds ---

Train Epoch: 52 accuracy: 0.88 
 precision: [0.98321839 1.         0.85282929 0.498599   0.87476207 0.65147108
 0.54901293 0.31235955 0.6372093 ] 
 recall: [0.89715164 1.         0.76095181 0.9615731  0.93950657 0.90831727
 1.         1.         1.        ] 
 f1: [0.93821533 1.         0.80427512 0.65668888 0.90597908 0.75874708
 0.7088552  0.4760274  0.77840909] 
 f1_avg: 0.8895081197593233


Validation Epoch: 52 accuracy: 0.74 
 precision: [0.9369286  1.         0.73311897 0.29604131 0.5354139  0.44176373
 0.         1.         1.        ] 
 recall: [0.85545224 1.         0.41409372 0.5890411  0.84051425 0.50475285
 0.         1.         1.        ] 
 f1: [0.89433858 1.         0.52924791 0.39404353 0.65413737 0.47116238
 0.         1.         1.        ] 
 f1_avg: 0.7446239630312145

--- 25200.79009771347 seconds ---

Train Epoch: 53 accuracy: 0.88 
 precision: [0.98967249 1.         0.84062768 0.51533344 0.8298242  0.62972167
 0.54182062 0.52671756 0.52895753] 
 recall: [0.88151824 1.         0.76332072 0.95346743 0.93207267 0.92660062
 1.         0.99280576 1.        ] 
 f1: [0.93246972 1.         0.80011118 0.66905414 0.87798153 0.74984532
 0.70283224 0.6882793  0.69191919] 
 f1_avg: 0.8814760727139077


Validation Epoch: 53 accuracy: 0.79 
 precision: [0.87027708 1.         0.80329095 0.33024691 0.67372881 0.59326425
 0.         1.         1.        ] 
 recall: [0.94917582 1.         0.39011987 0.73287671 0.82870049 0.43536122
 0.         1.         1.        ] 
 f1: [0.90801577 1.         0.52518337 0.45531915 0.74322219 0.50219298
 0.         1.         1.        ] 
 f1_avg: 0.7701262433425002

--- 25684.96558022499 seconds ---

Train Epoch: 54 accuracy: 0.89 
 precision: [0.9838766  1.         0.87333632 0.49167181 0.86032765 0.66679614
 0.54752852 0.56504065 0.64454976] 
 recall: [0.90388807 1.         0.75865361 0.95706995 0.94670817 0.91310418
 0.98202108 1.         0.99270073] 
 f1: [0.94218769 1.         0.81196549 0.64961793 0.90145331 0.77075032
 0.70306258 0.72207792 0.7816092 ] 
 f1_avg: 0.8936170889639217


Validation Epoch: 54 accuracy: 0.77 
 precision: [0.89222615 1.         0.74339401 0.31081081 0.67557023 0.5434322
 0.         1.         1.        ] 
 recall: [0.90712172 1.         0.45986197 0.78767123 0.78214038 0.48764259
 0.         1.         1.        ] 
 f1: [0.89961228 1.         0.56822262 0.44573643 0.72495974 0.51402806
 0.         1.         1.        ] 
 f1_avg: 0.7698892873188062

--- 26168.81834244728 seconds ---

Train Epoch: 55 accuracy: 0.88 
 precision: [0.98891827 1.         0.85377691 0.53540843 0.86854038 0.65882575
 0.35491022 0.63761468 0.59825328] 
 recall: [0.88572615 1.         0.77127603 0.97598319 0.94331645 0.92733196
 0.99256045 1.         1.        ] 
 f1: [0.93448204 1.         0.81043226 0.69148144 0.9043854  0.77035237
 0.52286088 0.77871148 0.74863388] 
 f1_avg: 0.8882163905398034


Validation Epoch: 55 accuracy: 0.78 
 precision: [0.87930524 1.         0.7593361  0.34117647 0.6515493  0.53325554
 0.         1.         1.        ] 
 recall: [0.94146238 1.         0.39883763 0.69520548 0.80368311 0.43441065
 0.         1.         1.        ] 
 f1: [0.90932286 1.         0.52298166 0.45772266 0.71966397 0.4787847
 0.         1.         1.        ] 
 f1_avg: 0.7650029662143637

--- 26654.29965019226 seconds ---

Train Epoch: 56 accuracy: 0.89 
 precision: [0.98650696 1.         0.85400339 0.54701142 0.85229769 0.68147448
 0.44889019 0.48601399 0.64285714] 
 recall: [0.90294459 1.         0.76667963 0.97808466 0.93755517 0.91077721
 0.95288283 1.         0.98540146] 
 f1: [0.94287797 1.         0.80798897 0.70162593 0.89289586 0.77961472
 0.6102839  0.65411765 0.77809798] 
 f1_avg: 0.8931825847764904


Validation Epoch: 56 accuracy: 0.79 
 precision: [0.8812215  1.         0.78720709 0.32056738 0.70495842 0.52581665
 0.         1.         1.        ] 
 recall: [0.93913779 1.         0.45150745 0.7739726  0.79534399 0.4743346
 0.         1.         1.        ] 
 f1: [0.90925831 1.         0.57386888 0.45336008 0.74742857 0.49875062
 0.         1.         1.        ] 
 f1_avg: 0.7793454851427021

--- 27135.704878807068 seconds ---

Train Epoch: 57 accuracy: 0.90 
 precision: [0.98826645 1.         0.87540838 0.55763664 0.87909924 0.68276673
 0.427738   0.57201646 0.70984456] 
 recall: [0.90828467 1.         0.76738677 0.98318823 0.95404916 0.92666711
 1.         1.         1.        ] 
 f1: [0.94658905 1.         0.81784611 0.71164711 0.915042   0.78623607
 0.59918276 0.72774869 0.83030303] 
 f1_avg: 0.900459931206253


Validation Epoch: 57 accuracy: 0.79 
 precision: [0.85452657 1.         0.76233184 0.35304659 0.75374434 0.56896552
 0.         1.         1.        ] 
 recall: [0.95646661 1.         0.49400654 0.67465753 0.75191105 0.40779468
 0.         1.         1.        ] 
 f1: [0.90262751 1.         0.5995151  0.46352941 0.75282658 0.47508306
 0.         1.         1.        ] 
 f1_avg: 0.7794328629680137

--- 27615.916376829147 seconds ---

Train Epoch: 58 accuracy: 0.90 
 precision: [0.98652695 1.         0.88578498 0.55939156 0.89311164 0.69277711
 0.47721893 0.6017316  0.7025641 ] 
 recall: [0.91397383 1.         0.78478238 0.98258781 0.9608326  0.92081644
 1.         1.         1.        ] 
 f1: [0.9488655  1.         0.83223037 0.71291658 0.92573526 0.79068307
 0.64610455 0.75135135 0.8253012 ] 
 f1_avg: 0.9062969856112313


Validation Epoch: 58 accuracy: 0.80 
 precision: [0.86908426 1.         0.76408978 0.329653   0.78416206 0.55437352
 0.         1.         1.        ] 
 recall: [0.95467033 1.         0.55648384 0.71575342 0.73974983 0.44581749
 0.         1.         1.        ] 
 f1: [0.90986908 1.         0.64396805 0.45140389 0.76130878 0.49420443
 0.         1.         1.        ] 
 f1_avg: 0.7933424133697357

New best val score, save model ...
--- 28098.44556951523 seconds ---

Train Epoch: 59 accuracy: 0.91 
 precision: [0.98744103 1.         0.88198855 0.56919332 0.91834081 0.68525916
 0.53838451 0.66507177 0.70833333] 
 recall: [0.91835156 1.         0.79538946 0.98288802 0.95149375 0.93524367
 1.         1.         0.99270073] 
 f1: [0.95164397 1.         0.83645355 0.72090719 0.93462337 0.79096966
 0.69993491 0.79885057 0.82674772] 
 f1_avg: 0.910442164845902


Validation Epoch: 59 accuracy: 0.80 
 precision: [0.86660929 1.         0.74503464 0.34310345 0.77752725 0.56375839
 0.         1.         1.        ] 
 recall: [0.95762891 1.         0.58590628 0.68150685 0.71890202 0.39923954
 0.         1.         1.        ] 
 f1: [0.90984841 1.         0.65595771 0.45642202 0.74706626 0.46744574
 0.         1.         1.        ] 
 f1_avg: 0.7912513043625871

--- 28583.05769586563 seconds ---

Train Epoch: 60 accuracy: 0.91 
 precision: [0.98954651 1.         0.88915899 0.5817956  0.90737882 0.71442225
 0.54904632 0.63181818 0.68844221] 
 recall: [0.92437094 1.         0.80182442 0.98438907 0.95586117 0.94421913
 0.99938004 1.         1.        ] 
 f1: [0.955849   1.         0.84323641 0.73134828 0.93098923 0.81340206
 0.70872719 0.77437326 0.81547619] 
 f1_avg: 0.9157855030276489


Validation Epoch: 60 accuracy: 0.81 
 precision: [0.87947692 1.         0.72451559 0.37704918 0.79801451 0.56855792
 0.         1.         1.        ] 
 recall: [0.95224007 1.         0.62477297 0.63013699 0.72619875 0.45722433
 0.         1.         1.        ] 
 f1: [0.91441327 1.         0.67095768 0.47179487 0.76041477 0.50684932
 0.         1.         1.        ] 
 f1_avg: 0.8013793773076047

New best val score, save model ...
--- 29067.161994695663 seconds ---

Train Epoch: 61 accuracy: 0.92 
 precision: [0.98881535 1.         0.88582449 0.59427947 0.93226244 0.71831272
 0.54456448 0.59656652 0.67487685] 
 recall: [0.92753158 1.         0.81197186 0.9792855  0.95725503 0.94195865
 1.         1.         1.        ] 
 f1: [0.95719356 1.         0.84729191 0.73968254 0.94459345 0.81507263
 0.70513661 0.74731183 0.80588235] 
 f1_avg: 0.9191482451695628


Validation Epoch: 61 accuracy: 0.80 
 precision: [0.88720238 1.         0.74753173 0.36738703 0.71811642 0.55285541
 0.         1.         1.        ] 
 recall: [0.94494928 1.         0.57755176 0.64041096 0.76302988 0.43250951
 0.         1.         1.        ] 
 f1: [0.91516578 1.         0.65163934 0.46691635 0.73989218 0.48533333
 0.         1.         1.        ] 
 f1_avg: 0.7936307581743927

--- 29551.008312940598 seconds ---

Train Epoch: 62 accuracy: 0.92 
 precision: [0.99043829 1.         0.89552123 0.59948699 0.91582298 0.72078546
 0.57381715 0.67475728 0.72486772] 
 recall: [0.92744667 1.         0.81582576 0.9822876  0.96245877 0.94687853
 1.         1.         1.        ] 
 f1: [0.95790802 1.         0.85381783 0.74456707 0.93856191 0.81850575
 0.72920434 0.8057971  0.8404908 ] 
 f1_avg: 0.9205687006153949


Validation Epoch: 62 accuracy: 0.81 
 precision: [0.88427329 1.         0.74420718 0.37772926 0.75301412 0.54622871
 0.         1.         1.        ] 
 recall: [0.95593829 1.         0.59498729 0.59246575 0.75955525 0.42680608
 0.         1.         1.        ] 
 f1: [0.91871033 1.         0.66128381 0.46133333 0.75627054 0.4791889
 0.         1.         1.        ] 
 f1_avg: 0.7995772309538856

--- 30036.022092819214 seconds ---

Train Epoch: 63 accuracy: 0.92 
 precision: [0.99076247 1.         0.90112895 0.59429506 0.9334227  0.71726688
 0.58954678 0.69154229 0.70984456] 
 recall: [0.93197536 1.         0.81561362 0.98198739 0.9705896  0.94149325
 1.         1.         1.        ] 
 f1: [0.96047022 1.         0.85624142 0.74046406 0.9516434  0.81422493
 0.74177972 0.81764706 0.83030303] 
 f1_avg: 0.9237730378856277


Validation Epoch: 63 accuracy: 0.80 
 precision: [0.88293788 1.         0.70826011 0.42352941 0.72803488 0.58220025
 0.         1.         1.        ] 
 recall: [0.94759087 1.         0.58554304 0.49315068 0.75434329 0.44771863
 0.         1.         1.        ] 
 f1: [0.91412262 1.         0.64108173 0.4556962  0.74095563 0.50617947
 0.         1.         1.        ] 
 f1_avg: 0.7925977031462561

--- 30521.00782108307 seconds ---

Train Epoch: 64 accuracy: 0.92 
 precision: [0.99129787 1.         0.90451517 0.60110092 0.93181717 0.72890026
 0.44521115 0.67149758 0.7025641 ] 
 recall: [0.92858828 1.         0.82091716 0.98348844 0.97277331 0.9284622
 1.         1.         1.        ] 
 f1: [0.95891892 1.         0.86069098 0.74615647 0.95185488 0.81666667
 0.61611917 0.80346821 0.8253012 ] 
 f1_avg: 0.922729728695863


Validation Epoch: 64 accuracy: 0.80 
 precision: [0.89426469 1.         0.74214418 0.3986014  0.74611749 0.51688555
 0.         1.         1.        ] 
 recall: [0.93744717 1.         0.5833636  0.58561644 0.76789437 0.52376426
 0.         1.         1.        ] 
 f1: [0.91534692 1.         0.65324385 0.47434119 0.75684932 0.52030217
 0.         1.         1.        ] 
 f1_avg: 0.7992623191193767

--- 31008.52713394165 seconds ---

Train Epoch: 65 accuracy: 0.92 
 precision: [0.99097437 1.         0.90596464 0.63041796 0.93707043 0.71257364
 0.48878788 0.61504425 0.67821782] 
 recall: [0.92712589 1.         0.82434678 0.97808466 0.97551457 0.9408284
 1.         1.         1.        ] 
 f1: [0.95798745 1.         0.86323077 0.76667843 0.95590612 0.81094556
 0.65662528 0.76164384 0.80825959] 
 f1_avg: 0.9232965628112332


Validation Epoch: 65 accuracy: 0.81 
 precision: [0.88906419 1.         0.72615385 0.41907514 0.73608797 0.57724551
 0.         1.         1.        ] 
 recall: [0.95266272 1.         0.60007265 0.49657534 0.76754691 0.4581749
 0.         1.         1.        ] 
 f1: [0.91976537 1.         0.65712013 0.45454545 0.75148835 0.5108638
 0.         1.         1.        ] 
 f1_avg: 0.8005428620550487

--- 31495.997517347336 seconds ---

Train Epoch: 66 accuracy: 0.92 
 precision: [0.99223979 1.         0.90842179 0.63652208 0.92845192 0.72535676
 0.54809004 0.66826923 0.74456522] 
 recall: [0.93009784 1.         0.82911997 0.98679075 0.9797426  0.94960441
 0.99628022 1.         1.        ] 
 f1: [0.96016441 1.         0.8669612  0.77386698 0.95340793 0.82246919
 0.70715072 0.80115274 0.85358255] 
 f1_avg: 0.926550872062114


Validation Epoch: 66 accuracy: 0.81 
 precision: [0.88054574 1.         0.71473214 0.45230769 0.75412088 0.56648045
 0.         1.         1.        ] 
 recall: [0.94790786 1.         0.5815474  0.50342466 0.76302988 0.48193916
 0.         1.         1.        ] 
 f1: [0.91298596 1.         0.64129782 0.47649919 0.75854922 0.52080123
 0.         1.         1.        ] 
 f1_avg: 0.7963122179376555

--- 31979.089331150055 seconds ---

Train Epoch: 67 accuracy: 0.92 
 precision: [0.99175661 1.         0.90512998 0.6404999  0.94024722 0.73977926
 0.50093168 0.59913793 0.76966292] 
 recall: [0.93190931 1.         0.83219602 0.98468928 0.97895275 0.9492055
 1.         1.         1.        ] 
 f1: [0.96090201 1.         0.86713209 0.77614766 0.95920969 0.83150844
 0.66749431 0.74932615 0.86984127] 
 f1_avg: 0.9281554432371226


Validation Epoch: 67 accuracy: 0.79 
 precision: [0.91295653 1.         0.72219837 0.4035533  0.64983951 0.54585153
 0.         1.         1.        ] 
 recall: [0.91652578 1.         0.61096985 0.54452055 0.77380125 0.47528517
 0.         1.         1.        ] 
 f1: [0.91473767 1.         0.66194412 0.46355685 0.70642347 0.50813008
 0.         1.         1.        ] 
 f1_avg: 0.7906914412409118

Early stopping!

Test Epoch: accuracy: 0.74 
 precision: [0.90277569 1.         0.59795162 0.39230769 0.76723549 0.32534143
 0.         1.         1.        ] 
 recall: [0.83436178 1.         0.70576132 0.55839416 0.44727417 0.57051623
 0.         1.         1.        ] 
 f1: [0.86722156 1.         0.64739884 0.46084337 0.56510809 0.41437959
 0.         1.         1.        ] 
 f1_avg: 0.7514088464528855

--- 32476.841196775436 seconds ---

Test Epoch: accuracy: 0.81 
 precision: [0.87947692 1.         0.72451559 0.37704918 0.79801451 0.56855792
 0.         1.         1.        ] 
 recall: [0.95224007 1.         0.62477297 0.63013699 0.72619875 0.45722433
 0.         1.         1.        ] 
 f1: [0.91441327 1.         0.67095768 0.47179487 0.76041477 0.50684932
 0.         1.         1.        ] 
 f1_avg: 0.8013793773076047

--- 32487.487228631973 seconds ---
