Requirement already satisfied: scikit-learn in /net/cephfs/data/zifjia/condaenvs/audio_clf/lib/python3.8/site-packages (1.1.2)
Requirement already satisfied: scipy>=1.3.2 in /net/cephfs/data/zifjia/condaenvs/audio_clf/lib/python3.8/site-packages (from scikit-learn) (1.9.1)
Requirement already satisfied: joblib>=1.0.0 in /net/cephfs/data/zifjia/condaenvs/audio_clf/lib/python3.8/site-packages (from scikit-learn) (1.1.0)
Requirement already satisfied: numpy>=1.17.3 in /net/cephfs/data/zifjia/condaenvs/audio_clf/lib/python3.8/site-packages (from scikit-learn) (1.22.3)
Requirement already satisfied: threadpoolctl>=2.0.0 in /net/cephfs/data/zifjia/condaenvs/audio_clf/lib/python3.8/site-packages (from scikit-learn) (3.1.0)
Requirement already satisfied: tensorboard in /net/cephfs/data/zifjia/condaenvs/audio_clf/lib/python3.8/site-packages (2.10.1)
Requirement already satisfied: werkzeug>=1.0.1 in /net/cephfs/data/zifjia/condaenvs/audio_clf/lib/python3.8/site-packages (from tensorboard) (2.1.2)
Requirement already satisfied: google-auth-oauthlib<0.5,>=0.4.1 in /net/cephfs/home/zifjia/.local/lib/python3.8/site-packages (from tensorboard) (0.4.6)
Requirement already satisfied: setuptools>=41.0.0 in /net/cephfs/data/zifjia/condaenvs/audio_clf/lib/python3.8/site-packages (from tensorboard) (60.8.1)
Requirement already satisfied: tensorboard-plugin-wit>=1.6.0 in /net/cephfs/home/zifjia/.local/lib/python3.8/site-packages (from tensorboard) (1.8.1)
Requirement already satisfied: numpy>=1.12.0 in /net/cephfs/data/zifjia/condaenvs/audio_clf/lib/python3.8/site-packages (from tensorboard) (1.22.3)
Requirement already satisfied: markdown>=2.6.8 in /net/cephfs/home/zifjia/.local/lib/python3.8/site-packages (from tensorboard) (3.4.1)
Requirement already satisfied: tensorboard-data-server<0.7.0,>=0.6.0 in /net/cephfs/home/zifjia/.local/lib/python3.8/site-packages (from tensorboard) (0.6.1)
Requirement already satisfied: requests<3,>=2.21.0 in /net/cephfs/data/zifjia/condaenvs/audio_clf/lib/python3.8/site-packages (from tensorboard) (2.28.1)
Requirement already satisfied: google-auth<3,>=1.6.3 in /net/cephfs/home/zifjia/.local/lib/python3.8/site-packages (from tensorboard) (2.9.1)
Requirement already satisfied: wheel>=0.26 in /net/cephfs/data/zifjia/condaenvs/audio_clf/lib/python3.8/site-packages (from tensorboard) (0.37.1)
Requirement already satisfied: absl-py>=0.4 in /net/cephfs/home/zifjia/.local/lib/python3.8/site-packages (from tensorboard) (1.2.0)
Requirement already satisfied: grpcio>=1.24.3 in /net/cephfs/home/zifjia/.local/lib/python3.8/site-packages (from tensorboard) (1.47.0)
Requirement already satisfied: protobuf<3.20,>=3.9.2 in /net/cephfs/home/zifjia/.local/lib/python3.8/site-packages (from tensorboard) (3.19.4)
Requirement already satisfied: rsa<5,>=3.1.4 in /net/cephfs/home/zifjia/.local/lib/python3.8/site-packages (from google-auth<3,>=1.6.3->tensorboard) (4.9)
Requirement already satisfied: cachetools<6.0,>=2.0.0 in /net/cephfs/home/zifjia/.local/lib/python3.8/site-packages (from google-auth<3,>=1.6.3->tensorboard) (5.2.0)
Requirement already satisfied: six>=1.9.0 in /net/cephfs/data/zifjia/condaenvs/audio_clf/lib/python3.8/site-packages (from google-auth<3,>=1.6.3->tensorboard) (1.16.0)
Requirement already satisfied: pyasn1-modules>=0.2.1 in /net/cephfs/home/zifjia/.local/lib/python3.8/site-packages (from google-auth<3,>=1.6.3->tensorboard) (0.2.8)
Requirement already satisfied: requests-oauthlib>=0.7.0 in /net/cephfs/home/zifjia/.local/lib/python3.8/site-packages (from google-auth-oauthlib<0.5,>=0.4.1->tensorboard) (1.3.1)
Requirement already satisfied: importlib-metadata>=4.4 in /net/cephfs/home/zifjia/.local/lib/python3.8/site-packages (from markdown>=2.6.8->tensorboard) (4.12.0)
Requirement already satisfied: certifi>=2017.4.17 in /net/cephfs/data/zifjia/condaenvs/audio_clf/lib/python3.8/site-packages (from requests<3,>=2.21.0->tensorboard) (2022.9.14)
Requirement already satisfied: idna<4,>=2.5 in /net/cephfs/data/zifjia/condaenvs/audio_clf/lib/python3.8/site-packages (from requests<3,>=2.21.0->tensorboard) (3.4)
Requirement already satisfied: charset-normalizer<3,>=2 in /net/cephfs/data/zifjia/condaenvs/audio_clf/lib/python3.8/site-packages (from requests<3,>=2.21.0->tensorboard) (2.1.1)
Requirement already satisfied: urllib3<1.27,>=1.21.1 in /net/cephfs/data/zifjia/condaenvs/audio_clf/lib/python3.8/site-packages (from requests<3,>=2.21.0->tensorboard) (1.26.12)
Requirement already satisfied: zipp>=0.5 in /net/cephfs/data/zifjia/condaenvs/audio_clf/lib/python3.8/site-packages (from importlib-metadata>=4.4->markdown>=2.6.8->tensorboard) (3.8.0)
Requirement already satisfied: pyasn1<0.5.0,>=0.4.6 in /net/cephfs/home/zifjia/.local/lib/python3.8/site-packages (from pyasn1-modules>=0.2.1->google-auth<3,>=1.6.3->tensorboard) (0.4.8)
Requirement already satisfied: oauthlib>=3.0.0 in /net/cephfs/home/zifjia/.local/lib/python3.8/site-packages (from requests-oauthlib>=0.7.0->google-auth-oauthlib<0.5,>=0.4.1->tensorboard) (3.2.0)
Requirement already satisfied: torch in /net/cephfs/data/zifjia/condaenvs/audio_clf/lib/python3.8/site-packages (1.12.1)
Requirement already satisfied: torchvision in /net/cephfs/data/zifjia/condaenvs/audio_clf/lib/python3.8/site-packages (0.13.1)
Requirement already satisfied: torchaudio in /net/cephfs/data/zifjia/condaenvs/audio_clf/lib/python3.8/site-packages (0.12.1)
Requirement already satisfied: typing-extensions in /net/cephfs/data/zifjia/condaenvs/audio_clf/lib/python3.8/site-packages (from torch) (4.0.1)
Requirement already satisfied: requests in /net/cephfs/data/zifjia/condaenvs/audio_clf/lib/python3.8/site-packages (from torchvision) (2.28.1)
Requirement already satisfied: numpy in /net/cephfs/data/zifjia/condaenvs/audio_clf/lib/python3.8/site-packages (from torchvision) (1.22.3)
Requirement already satisfied: pillow!=8.3.*,>=5.3.0 in /net/cephfs/data/zifjia/condaenvs/audio_clf/lib/python3.8/site-packages (from torchvision) (9.0.1)
Requirement already satisfied: certifi>=2017.4.17 in /net/cephfs/data/zifjia/condaenvs/audio_clf/lib/python3.8/site-packages (from requests->torchvision) (2022.9.14)
Requirement already satisfied: urllib3<1.27,>=1.21.1 in /net/cephfs/data/zifjia/condaenvs/audio_clf/lib/python3.8/site-packages (from requests->torchvision) (1.26.12)
Requirement already satisfied: idna<4,>=2.5 in /net/cephfs/data/zifjia/condaenvs/audio_clf/lib/python3.8/site-packages (from requests->torchvision) (3.4)
Requirement already satisfied: charset-normalizer<3,>=2 in /net/cephfs/data/zifjia/condaenvs/audio_clf/lib/python3.8/site-packages (from requests->torchvision) (2.1.1)
{'name': 'chimp_wav2vec2_lstm_dropout_0.1_0', 'data_path': '/home/cluster/zifjia/data/data_chimp/wav2vec2_split_0', 'test_only': False, 'balance_weights': True, 'model_type': 'lstm', 'n_embedding': 768, 'd_hid': 1024, 'nlayers': 2, 'batch_size': 1, 'n_epoch': 200, 'lr': 0.0001, 'dropout': 0.1, 'patience': 10, 'step_factor': 0.7, 'seed': 0}
cuda
Reading data ...
train, dev, test number of files: 188, 23, 24.
dev files:  ['ASO0485 Sonso MS single ph feeding_01', 'ASO2186 ZL single ph start_01', 'ASO0120 Sonso KZ single ph fg feeding_01', 'ASO4619 ZL unk group ph, PS single ph intro_01', 'ASO3700 HW single ph drum Travel_01', 'ASO0087 Sonso HW single ph feeding_01', 'ASO2860 PS single ph, PS ZL group ph fg, ZL single ph feeding, FK single ph, group fg, HW MS group ph drum, 7_15 FK single ph, 10_30 PS single ph start_01', 'ASO0907 Sonso PS single ph drum traveling_01', 'ASO3888 unk group ph resting, unk group pg, HW display drum, OK pg to HW, DL pg to HW, 1_35 unk single ph start, 3_30 KT single ph intro feeding_01', 'ASO3150 KT single ph_01', 'ASO3089 ZL single ph drum traveling_01', 'ASO0480 Sonso KZ KT group ph, KZ KT group ph, KT single ph feeding_01', 'ASO2860 MS comes back after long time, SM FK group scream, unk_m bark, FK SM fg, 3_30 PS single ph, PS ZL group ph fg, ZL single ph feeding, FK single ph, group fg, HW MS group ph drum, 7_15 FK single ph, 10_30 PS single ph start_01', 'ASO2038 HW single ph drum, IN DL JS group ph _01', 'ASO3192 FK single ph drum_01', 'ASO1579 HW single ph drum_01', 'ASO3106 ZD group ph drum, unk group ph other party, ZD single ph drum traveling-resting_02', 'ASO0651 Sonso FK single ph_01', 'ASO4567 KC display drum (not visible), FK SM group ph drum, 1_50 ZL single ph drum travel_01', 'ASO0782 Sonso ZL single ph drum_01', 'ASO4445 KT MS group ph drum traveling, 2_20 KT whimper, MS single ph drum, KT bark_01', 'ASO2554 PS single ph start nest_01', 'ASO1095 Sonso SQ single ph feeding_01']
test files:  ['ASO0778 Sonso ZL single ph start, ZL single ph drum_01', 'ASO0083 Sonso HW single ph slap_01', 'ASO3079 HW single ph drum traveling_01', 'ASO3654 HW single ph_01', 'ASO3041 MS single ph drum traveling_01', 'ASO2546 FK single fg ph feeding, HW single ph drum, FK fg, FK single ph, FK fg_01', 'ASO3457 KT single ph_01', 'ASO0020 Sonso SQ single ph, PS single ph other party 2_01', 'ASO0809 Sonso PS single ph_01', 'ASO3174 PS single ph feeding_01', 'ASO0089 Sonso HW single ph drum_01', 'ASO3799 KT single ph_01', 'ASO1472 MS single ph, SM KA group ph-pg_01', 'ASO1514 MS single ph intro, KC group ph_01', 'ASO3512 PS single ph_01', 'ASO2125 KL OK KC JS group ph, FK single ph, OK KL KC KO group ph, PS single ph, PS single ph feeding_01', 'ASO2860 PS single ph, PS ZL group ph fg, ZL single ph feeding, FK single ph, group fg, HW MS group ph drum, 7_15 FK single ph, 10_30 PS single ph start_02', 'ASO3995 PS MB group ph feeding, 1_40 PS single ph feeding, MB fg, 2_50 ML MB group ph-bark_01', 'ASO3737 HW single ph drum resting-traveling, 1_15 JN single ph feeding, HW single ph_01', 'ASO2125 KL OK KC JS group ph, FK single ph, OK KL KC KO group ph, PS single ph, PS single ph feeding_02', 'ASO1474 MS single ph intro_01', 'ASO3829 PS IN IS group ph resting, 1_30 HW single ph_01', 'ASO3128 KT single ph, ZL display drum, FK single ph drum display to KT, KT pg, ZL single ph drum 50m, FK single ph drum, KT single ph, ZL single ph drum 50m_01', 'ASO1624_02 HW single ph_01']
train_data_all: (78788, 769)
Labels in train_data_all:  {0: 924, 1: 38362, 2: 17480, 3: 15285, 4: 6737}
--- 4.265942335128784 seconds ---
LSTM(
  (lstm): LSTM(768, 1024, num_layers=2, dropout=0.1, bidirectional=True)
  (hidden2tag): Linear(in_features=2048, out_features=5, bias=True)
)
Number of parameters: 39888901

Train Epoch: 1 accuracy: 0.45 
 precision: [0.14666667 0.71130442 0.3727008  0.58140661 0.15389413] 
 recall: [0.03571429 0.4433554  0.30022883 0.62845927 0.54935431] 
 f1: [0.05744125 0.54623994 0.33256234 0.60401798 0.24043396] 
 f1_avg: 0.4781608952504926


Validation Epoch: 1 accuracy: 0.72 
 precision: [0.52631579 0.69547325 0.64602273 0.88581952 0.        ] 
 recall: [0.33333333 0.91351351 0.55355404 0.60706773 0.        ] 
 f1: [0.40816327 0.78971963 0.59622444 0.72041937 0.        ] 
 f1_avg: 0.6914720428823077

New best val score, save model ...
--- 23.18005347251892 seconds ---

Train Epoch: 2 accuracy: 0.65 
 precision: [0.33516484 0.80036211 0.52991371 0.70478074 0.27473626] 
 recall: [0.13203463 0.65682185 0.62883295 0.7928034  0.36722577] 
 f1: [0.18944099 0.72152225 0.57515109 0.74620524 0.31431838] 
 f1_avg: 0.6527774669881147


Validation Epoch: 2 accuracy: 0.75 
 precision: [0.38461538 0.72298326 0.70869225 0.86581154 0.68571429] 
 recall: [0.33333333 0.95095095 0.4406037  0.73832562 0.09338521] 
 f1: [0.35714286 0.82144401 0.54338037 0.79700272 0.16438356] 
 f1_avg: 0.7230590798391158

New best val score, save model ...
--- 38.728532791137695 seconds ---

Train Epoch: 3 accuracy: 0.69 
 precision: [0.32808989 0.82965926 0.58139417 0.73444326 0.32686084] 
 recall: [0.15800866 0.71912309 0.65892449 0.81386981 0.40477958] 
 f1: [0.21329438 0.77044671 0.61773618 0.77211929 0.36167109] 
 f1_avg: 0.6954029872678504


Validation Epoch: 3 accuracy: 0.75 
 precision: [0.41666667 0.7273002  0.7267951  0.86718371 0.63114754] 
 recall: [0.33333333 0.96376376 0.40408958 0.75262936 0.14980545] 
 f1: [0.37037037 0.82899948 0.51939925 0.80585586 0.24213836] 
 f1_avg: 0.7280629966943847

New best val score, save model ...
--- 54.3577094078064 seconds ---

Train Epoch: 4 accuracy: 0.72 
 precision: [0.33584906 0.84882211 0.61690479 0.75452931 0.36988937] 
 recall: [0.19264069 0.74951775 0.67683066 0.83375859 0.45658305] 
 f1: [0.24484182 0.79608505 0.64547984 0.79216783 0.4086893 ] 
 f1_avg: 0.7223214376478649


Validation Epoch: 4 accuracy: 0.76 
 precision: [0.41666667 0.73417146 0.74977498 0.86438224 0.62111801] 
 recall: [0.33333333 0.97037037 0.40555015 0.75347076 0.19455253] 
 f1: [0.37037037 0.83590584 0.52638231 0.80512475 0.2962963 ] 
 f1_avg: 0.7355795233945828

New best val score, save model ...
--- 70.04382133483887 seconds ---

Train Epoch: 5 accuracy: 0.74 
 precision: [0.34825175 0.86115249 0.65016715 0.76614818 0.40774514] 
 recall: [0.26948052 0.76859913 0.68981693 0.84429179 0.51105833] 
 f1: [0.30384381 0.81224777 0.66940543 0.8033241  0.45359331] 
 f1_avg: 0.7421951861740209


Validation Epoch: 5 accuracy: 0.77 
 precision: [0.43478261 0.74070689 0.76092774 0.86843373 0.62032086] 
 recall: [0.33333333 0.97337337 0.41528724 0.75809844 0.22568093] 
 f1: [0.37735849 0.84124924 0.53732283 0.80952381 0.33095578] 
 f1_avg: 0.7433672207409784

New best val score, save model ...
--- 85.6971025466919 seconds ---

Train Epoch: 6 accuracy: 0.75 
 precision: [0.36218679 0.87190287 0.67166722 0.77726565 0.44061079] 
 recall: [0.34415584 0.78246702 0.69925629 0.84952568 0.5610806 ] 
 f1: [0.35294118 0.82476748 0.68518415 0.81179082 0.49360146] 
 f1_avg: 0.7574311091858218


Validation Epoch: 6 accuracy: 0.77 
 precision: [0.43478261 0.74869512 0.76252159 0.87040619 0.66183575] 
 recall: [0.33333333 0.97637638 0.42989289 0.75725705 0.26653696] 
 f1: [0.37735849 0.84751064 0.5498132  0.80989876 0.38002774] 
 f1_avg: 0.7516967253105163

New best val score, save model ...
--- 101.39986991882324 seconds ---

Train Epoch: 7 accuracy: 0.77 
 precision: [0.39861523 0.88106873 0.69040076 0.78927365 0.47548395] 
 recall: [0.43614719 0.79427559 0.71058352 0.85593719 0.60887635] 
 f1: [0.41653747 0.83542395 0.70034676 0.82125483 0.53397553] 
 f1_avg: 0.7720179305470063


Validation Epoch: 7 accuracy: 0.78 
 precision: [0.45454545 0.75840075 0.76578073 0.86660269 0.65086207] 
 recall: [0.33333333 0.97597598 0.44888023 0.75978124 0.29377432] 
 f1: [0.38461538 0.8535411  0.56599141 0.80968393 0.40482574] 
 f1_avg: 0.7593000736442373

New best val score, save model ...
--- 117.08843874931335 seconds ---

Train Epoch: 8 accuracy: 0.78 
 precision: [0.44234079 0.88771101 0.70713321 0.79979329 0.50943831] 
 recall: [0.55627706 0.80329493 0.71910755 0.86064769 0.65696898] 
 f1: [0.4928092  0.84339592 0.71307012 0.82910535 0.57387358] 
 f1_avg: 0.784551416974747


Validation Epoch: 8 accuracy: 0.79 
 precision: [0.47619048 0.76746381 0.77078289 0.86464742 0.66804979] 
 recall: [0.33333333 0.97657658 0.46494645 0.7686159  0.31322957] 
 f1: [0.39215686 0.85948375 0.58001822 0.81380846 0.42649007] 
 f1_avg: 0.7672900755074823

New best val score, save model ...
--- 132.7791714668274 seconds ---

Train Epoch: 9 accuracy: 0.79 
 precision: [0.47986853 0.89323313 0.72248994 0.80745493 0.53859407] 
 recall: [0.63203463 0.81171472 0.72906178 0.86450769 0.69600712] 
 f1: [0.54553947 0.85052511 0.72576098 0.8350079  0.60726543] 
 f1_avg: 0.7954570187433885


Validation Epoch: 9 accuracy: 0.79 
 precision: [0.45454545 0.77372263 0.77348066 0.8622473  0.67460317] 
 recall: [0.33333333 0.97617618 0.47711782 0.77156079 0.3307393 ] 
 f1: [0.38461538 0.86323803 0.59018368 0.81438721 0.44386423] 
 f1_avg: 0.772276259159774

New best val score, save model ...
--- 148.49850225448608 seconds ---

Train Epoch: 10 accuracy: 0.80 
 precision: [0.5011583  0.8976477  0.73415774 0.81500369 0.5601244 ] 
 recall: [0.70238095 0.81867473 0.73701373 0.86784429 0.72183464] 
 f1: [0.58494817 0.85634433 0.73558296 0.8405944  0.63078021] 
 f1_avg: 0.8040261850246947


Validation Epoch: 10 accuracy: 0.79 
 precision: [0.5        0.77948718 0.77777778 0.86087768 0.66192171] 
 recall: [0.33333333 0.97377377 0.48734177 0.77576777 0.3618677 ] 
 f1: [0.4        0.8658656  0.59922179 0.81610976 0.46792453] 
 f1_avg: 0.7771520888177004

New best val score, save model ...
--- 164.15030097961426 seconds ---

Train Epoch: 11 accuracy: 0.81 
 precision: [0.52828802 0.90213736 0.74576756 0.82188405 0.58153561] 
 recall: [0.77813853 0.8251916  0.74593822 0.87275106 0.74424818] 
 f1: [0.62932166 0.86195066 0.74585288 0.84655413 0.65290709] 
 f1_avg: 0.8126030329067747


Validation Epoch: 11 accuracy: 0.80 
 precision: [0.52631579 0.78630403 0.77998472 0.86023985 0.67003367] 
 recall: [0.33333333 0.97237237 0.49707887 0.78460244 0.38715953] 
 f1: [0.40816327 0.86949517 0.60719596 0.82068207 0.49075216] 
 f1_avg: 0.7829048779763322

New best val score, save model ...
--- 179.8401641845703 seconds ---

Train Epoch: 12 accuracy: 0.82 
 precision: [0.54622442 0.90584351 0.75341209 0.8251063  0.59827365] 
 recall: [0.83766234 0.829597   0.75160183 0.87595682 0.76131809] 
 f1: [0.66125587 0.86604531 0.75250587 0.84977152 0.6700196 ] 
 f1_avg: 0.8185347112513452


Validation Epoch: 12 accuracy: 0.80 
 precision: [0.52631579 0.79061431 0.7856598  0.85851648 0.65830721] 
 recall: [0.33333333 0.97137137 0.50146056 0.78880942 0.40856031] 
 f1: [0.40816327 0.87172116 0.61218425 0.82218812 0.50420168] 
 f1_avg: 0.7861002386211585

New best val score, save model ...
--- 195.53402042388916 seconds ---

Train Epoch: 13 accuracy: 0.82 
 precision: [0.56928571 0.90894904 0.75942261 0.83020499 0.61613663] 
 recall: [0.86255411 0.83507116 0.75846682 0.87968597 0.77645836] 
 f1: [0.6858864  0.87044534 0.75894442 0.85422954 0.68706902] 
 f1_avg: 0.8247171417601697


Validation Epoch: 13 accuracy: 0.80 
 precision: [0.47619048 0.79475839 0.79007634 0.85714286 0.66261398] 
 recall: [0.33333333 0.97137137 0.50389484 0.7951199  0.42412451] 
 f1: [0.39215686 0.87423423 0.61533888 0.82496726 0.51720047] 
 f1_avg: 0.7892937812054186

New best val score, save model ...
--- 211.1838345527649 seconds ---

Train Epoch: 14 accuracy: 0.83 
 precision: [0.59002169 0.91232939 0.76398083 0.83425141 0.62996433] 
 recall: [0.88311688 0.83984151 0.76590389 0.88184495 0.78640344] 
 f1: [0.70741222 0.87458603 0.76494115 0.85738821 0.69954446] 
 f1_avg: 0.8299956730644212


Validation Epoch: 14 accuracy: 0.80 
 precision: [0.47619048 0.79805633 0.78911565 0.8551444  0.66666667] 
 recall: [0.33333333 0.96996997 0.50827653 0.79722339 0.43968872] 
 f1: [0.39215686 0.87565516 0.61830027 0.82516874 0.52989449] 
 f1_avg: 0.7913182375412879

New best val score, save model ...
--- 226.83054757118225 seconds ---

Train Epoch: 15 accuracy: 0.83 
 precision: [0.60174419 0.91517189 0.76977143 0.83949543 0.64053219] 
 recall: [0.8961039  0.84453365 0.77065217 0.88387308 0.80035624] 
 f1: [0.72       0.87843499 0.77021155 0.86111288 0.71158034] 
 f1_avg: 0.8349384171042877


Validation Epoch: 15 accuracy: 0.81 
 precision: [0.5        0.80315353 0.78476331 0.85234899 0.67455621] 
 recall: [0.33333333 0.96876877 0.51655307 0.80143037 0.44357977] 
 f1: [0.4        0.87822142 0.6230182  0.82610581 0.53521127] 
 f1_avg: 0.7940970375526628

New best val score, save model ...
--- 242.478342294693 seconds ---

Train Epoch: 16 accuracy: 0.84 
 precision: [0.61386861 0.91862073 0.77326045 0.84371108 0.6539428 ] 
 recall: [0.91017316 0.84862624 0.77688787 0.88649002 0.81119193] 
 f1: [0.73321709 0.88223737 0.77506992 0.8645717  0.72412879] 
 f1_avg: 0.8397667002517766


Validation Epoch: 16 accuracy: 0.81 
 precision: [0.47619048 0.80679547 0.78481945 0.852      0.68343195] 
 recall: [0.33333333 0.96976977 0.51850049 0.80647875 0.44941634] 
 f1: [0.39215686 0.88080735 0.62445031 0.82861465 0.54225352] 
 f1_avg: 0.7966252429662991

New best val score, save model ...
--- 258.2266035079956 seconds ---

Train Epoch: 17 accuracy: 0.84 
 precision: [0.62005857 0.92023401 0.77846803 0.84860782 0.66522158] 
 recall: [0.91666667 0.85287524 0.78140732 0.88930324 0.81994953] 
 f1: [0.73973799 0.88527518 0.77993491 0.86847906 0.73452563] 
 f1_avg: 0.8440486875476346


Validation Epoch: 17 accuracy: 0.81 
 precision: [0.45454545 0.81028993 0.78790087 0.8469657  0.68059701] 
 recall: [0.33333333 0.96796797 0.52629017 0.81026504 0.44357977] 
 f1: [0.38461538 0.8821383  0.63105663 0.82820899 0.53710247] 
 f1_avg: 0.7982681036448654

New best val score, save model ...
--- 273.8068287372589 seconds ---

Train Epoch: 18 accuracy: 0.85 
 precision: [0.63602669 0.92260435 0.78299204 0.85186808 0.6797862 ] 
 recall: [0.92857143 0.85733278 0.7874714  0.89054629 0.83063678] 
 f1: [0.75494941 0.88877179 0.78522533 0.87077789 0.74767854] 
 f1_avg: 0.8486739816575406


Validation Epoch: 18 accuracy: 0.81 
 precision: [0.45454545 0.81197444 0.7878349  0.84162304 0.68693009] 
 recall: [0.33333333 0.96656657 0.52969815 0.81152714 0.43968872] 
 f1: [0.38461538 0.88255187 0.63347889 0.82630114 0.53618031] 
 f1_avg: 0.798471933028118

New best val score, save model ...
--- 289.36516857147217 seconds ---

Train Epoch: 19 accuracy: 0.85 
 precision: [0.63810931 0.92520225 0.78768215 0.85639997 0.69066243] 
 recall: [0.93506494 0.86155571 0.7916476  0.89427543 0.83880065] 
 f1: [0.75856014 0.89224539 0.7896599  0.87492799 0.75755748] 
 f1_avg: 0.8530413437769075


Validation Epoch: 19 accuracy: 0.81 
 precision: [0.45454545 0.81445214 0.78766141 0.83686716 0.696875  ] 
 recall: [0.33333333 0.96576577 0.5345667  0.81363063 0.43385214] 
 f1: [0.38461538 0.88367833 0.63689095 0.82508532 0.53477218] 
 f1_avg: 0.7993767751266632

New best val score, save model ...
--- 304.9414818286896 seconds ---

Train Epoch: 20 accuracy: 0.85 
 precision: [0.64380531 0.92658858 0.79003862 0.860186   0.70254331] 
 recall: [0.94480519 0.86400605 0.7958238  0.89558391 0.84874573] 
 f1: [0.76578947 0.89420366 0.79292066 0.87752813 0.76875504] 
 f1_avg: 0.8562649580476334


Validation Epoch: 20 accuracy: 0.81 
 precision: [0.45454545 0.81821271 0.78586572 0.83147513 0.6984127 ] 
 recall: [0.33333333 0.96416416 0.54138267 0.81573412 0.42801556] 
 f1: [0.38461538 0.88521276 0.64110695 0.82352941 0.53075995] 
 f1_avg: 0.8004362964161708

New best val score, save model ...
--- 320.4633252620697 seconds ---

Train Epoch: 21 accuracy: 0.86 
 precision: [0.64390602 0.92917167 0.79517457 0.86375354 0.71448003] 
 recall: [0.9491342  0.86757729 0.80131579 0.89878966 0.85765177] 
 f1: [0.76727909 0.89731872 0.79823337 0.88092337 0.77954668] 
 f1_avg: 0.8605592936073855


Validation Epoch: 21 accuracy: 0.81 
 precision: [0.45454545 0.81901684 0.78435518 0.82969619 0.70607029] 
 recall: [0.33333333 0.96396396 0.54186952 0.81573412 0.42996109] 
 f1: [0.38461538 0.88559868 0.64094443 0.82265592 0.53446191] 
 f1_avg: 0.8005787606089835

New best val score, save model ...
--- 336.04112124443054 seconds ---

Train Epoch: 22 accuracy: 0.86 
 precision: [0.65676077 0.9307008  0.79730189 0.86610457 0.72390656] 
 recall: [0.95670996 0.8699755  0.80469108 0.9005561  0.86477661] 
 f1: [0.77885463 0.89931421 0.80097944 0.88299442 0.78809604] 
 f1_avg: 0.8634087273883148


Validation Epoch: 22 accuracy: 0.81 
 precision: [0.45454545 0.82272416 0.78215768 0.82645683 0.71009772] 
 recall: [0.33333333 0.96256256 0.55063291 0.81741691 0.42412451] 
 f1: [0.38461538 0.88716671 0.64628571 0.82191201 0.53105968] 
 f1_avg: 0.8021119942325101

New best val score, save model ...
--- 351.5788815021515 seconds ---

Train Epoch: 23 accuracy: 0.87 
 precision: [0.66044776 0.93273755 0.80123136 0.87080887 0.73472709] 
 recall: [0.95779221 0.8733382  0.81149886 0.90225711 0.87115927] 
 f1: [0.78180212 0.90206109 0.80633242 0.8862541  0.79714771] 
 f1_avg: 0.8673747465322214


Validation Epoch: 23 accuracy: 0.82 
 precision: [0.45454545 0.82670797 0.78454172 0.82243779 0.71710526] 
 recall: [0.33333333 0.96176176 0.55842259 0.8203618  0.42412451] 
 f1: [0.38461538 0.88913567 0.65244596 0.82139848 0.53300733] 
 f1_avg: 0.8043455446579285

New best val score, save model ...
--- 367.1241600513458 seconds ---

Train Epoch: 24 accuracy: 0.87 
 precision: [0.66817496 0.93586672 0.80411036 0.87380051 0.74297189] 
 recall: [0.95887446 0.8756582  0.81699085 0.9055283  0.8787294 ] 
 f1: [0.78755556 0.9047619  0.81049943 0.88938153 0.80516831] 
 f1_avg: 0.8709742998287178


Validation Epoch: 24 accuracy: 0.82 
 precision: [0.45454545 0.82979091 0.78360215 0.82174463 0.72666667] 
 recall: [0.33333333 0.96136136 0.56767283 0.8203618  0.42412451] 
 f1: [0.38461538 0.89074383 0.65838509 0.82105263 0.53562654] 
 f1_avg: 0.8064273851438439

New best val score, save model ...
--- 382.7007052898407 seconds ---

Train Epoch: 25 accuracy: 0.87 
 precision: [0.67600303 0.93746869 0.80626333 0.87829717 0.75423729] 
 recall: [0.96645022 0.87813461 0.82185355 0.90840693 0.88511207] 
 f1: [0.79554566 0.90683213 0.8139838  0.89309835 0.81445059] 
 f1_avg: 0.8743638243829529


Validation Epoch: 25 accuracy: 0.82 
 precision: [0.45454545 0.83134199 0.78333333 0.8195963  0.73220339] 
 recall: [0.33333333 0.96116116 0.57205453 0.8199411  0.42023346] 
 f1: [0.38461538 0.8915506  0.66122679 0.81976866 0.53399258] 
 f1_avg: 0.807026664958639

New best val score, save model ...
--- 398.2756381034851 seconds ---

Train Epoch: 26 accuracy: 0.88 
 precision: [0.68300153 0.93970952 0.81093803 0.88304353 0.76324819] 
 recall: [0.96536797 0.8820708  0.82791762 0.91036964 0.89149473] 
 f1: [0.8        0.90997835 0.81933986 0.89649841 0.82240175] 
 f1_avg: 0.8784757713233182


Validation Epoch: 26 accuracy: 0.82 
 precision: [0.45454545 0.83162645 0.78371162 0.81375    0.73356401] 
 recall: [0.33333333 0.95915916 0.57156767 0.8216239  0.41245136] 
 f1: [0.38461538 0.89085162 0.66103604 0.81766799 0.52801993] 
 f1_avg: 0.8058284222324373

--- 413.4438440799713 seconds ---

Train Epoch: 27 accuracy: 0.88 
 precision: [0.68899153 0.94157933 0.81499524 0.88529487 0.77286663] 
 recall: [0.96861472 0.88522496 0.8326659  0.91141642 0.89802583] 
 f1: [0.80521817 0.91253292 0.82373582 0.89816576 0.83075867] 
 f1_avg: 0.8817941337876702


Validation Epoch: 27 accuracy: 0.82 
 precision: [0.45454545 0.83727034 0.78325762 0.81226689 0.74193548] 
 recall: [0.33333333 0.95795796 0.58763389 0.82456878 0.40272374] 
 f1: [0.38461538 0.89355742 0.67148818 0.81837161 0.5220681 ] 
 f1_avg: 0.8091982767561413

New best val score, save model ...
--- 429.0231795310974 seconds ---

Train Epoch: 28 accuracy: 0.88 
 precision: [0.69474498 0.94447219 0.81882602 0.88778815 0.78277057] 
 recall: [0.97294372 0.88720609 0.83953089 0.91462218 0.90500223] 
 f1: [0.81064022 0.91494395 0.82904921 0.90100541 0.83946028] 
 f1_avg: 0.8855054468000438


Validation Epoch: 28 accuracy: 0.82 
 precision: [0.45454545 0.83791835 0.78543563 0.81058726 0.74385965] 
 recall: [0.33333333 0.95735736 0.58812074 0.82456878 0.41245136] 
 f1: [0.38461538 0.89366474 0.67260579 0.81751825 0.53066333] 
 f1_avg: 0.8097219595552565

New best val score, save model ...
--- 444.57541513442993 seconds ---

Train Epoch: 29 accuracy: 0.89 
 precision: [0.69922481 0.94588157 0.82262827 0.89243408 0.79196279] 
 recall: [0.97619048 0.89025598 0.84479405 0.91678116 0.90975212] 
 f1: [0.81481481 0.91722619 0.83356383 0.9044438  0.84678088] 
 f1_avg: 0.8889602731200856


Validation Epoch: 29 accuracy: 0.82 
 precision: [0.45454545 0.83959284 0.78392283 0.81242236 0.75      ] 
 recall: [0.33333333 0.95775776 0.59347614 0.82541018 0.40856031] 
 f1: [0.38461538 0.89479098 0.67553339 0.81886477 0.52896725] 
 f1_avg: 0.8111229437249433

New best val score, save model ...
--- 460.1921956539154 seconds ---

Train Epoch: 30 accuracy: 0.89 
 precision: [0.70722135 0.94699148 0.82640205 0.89611217 0.7978503 ] 
 recall: [0.97510823 0.89273239 0.84805492 0.91985607 0.914502  ] 
 f1: [0.81983621 0.9190618  0.83708849 0.90782889 0.85220278] 
 f1_avg: 0.891815239646348


Validation Epoch: 30 accuracy: 0.82 
 precision: [0.45454545 0.84416504 0.77987421 0.80688807 0.75      ] 
 recall: [0.33333333 0.95435435 0.6037001  0.82793437 0.39688716] 
 f1: [0.38461538 0.89588423 0.6805708  0.81727575 0.51908397] 
 f1_avg: 0.8118200842378165

New best val score, save model ...
--- 475.76290822029114 seconds ---

Train Epoch: 31 accuracy: 0.89 
 precision: [0.70680219 0.94874772 0.82937149 0.89927324 0.80405933] 
 recall: [0.97835498 0.89463532 0.85228833 0.92286555 0.91732225] 
 f1: [0.82069905 0.92089728 0.84067376 0.91091666 0.85696457] 
 f1_avg: 0.8945206929499125


Validation Epoch: 31 accuracy: 0.82 
 precision: [0.45454545 0.84504792 0.77847309 0.80481829 0.75280899] 
 recall: [0.33333333 0.95315315 0.60564752 0.82919647 0.39105058] 
 f1: [0.38461538 0.89585097 0.68127054 0.81682553 0.51472471] 
 f1_avg: 0.8116155005706597

--- 490.92540550231934 seconds ---

Train Epoch: 32 accuracy: 0.90 
 precision: [0.71563981 0.95039381 0.83235229 0.90151273 0.81232054] 
 recall: [0.98051948 0.89646004 0.85749428 0.92404318 0.92385335] 
 f1: [0.82739726 0.92263941 0.84473625 0.91263892 0.86450448] 
 f1_avg: 0.8973276430263835


Validation Epoch: 32 accuracy: 0.82 
 precision: [0.45454545 0.84872299 0.77397679 0.80424144 0.75769231] 
 recall: [0.33333333 0.95135135 0.61684518 0.82961716 0.38326848] 
 f1: [0.38461538 0.89711157 0.68653481 0.81673224 0.50904393] 
 f1_avg: 0.8130164889801521

New best val score, save model ...
--- 506.49498462677 seconds ---

Train Epoch: 33 accuracy: 0.90 
 precision: [0.71081505 0.95189412 0.83448811 0.90500543 0.81759853] 
 recall: [0.98160173 0.89802409 0.86127002 0.92620216 0.92682203] 
 f1: [0.82454545 0.92417475 0.84766758 0.91548112 0.86879087] 
 f1_avg: 0.8996100157536876


Validation Epoch: 33 accuracy: 0.82 
 precision: [0.45454545 0.84738813 0.77423313 0.80506743 0.7480916 ] 
 recall: [0.33333333 0.95155155 0.61441091 0.82877577 0.38132296] 
 f1: [0.38461538 0.89645417 0.68512486 0.81674959 0.50515464] 
 f1_avg: 0.8122002760444395

--- 521.6601674556732 seconds ---

Train Epoch: 34 accuracy: 0.90 
 precision: [0.7239459  0.95418162 0.83794248 0.90809082 0.82546797] 
 recall: [0.98484848 0.90115218 0.86670481 0.92888453 0.92949384] 
 f1: [0.8344796  0.92690905 0.85208099 0.91836999 0.87439782] 
 f1_avg: 0.903076906083551


Validation Epoch: 34 accuracy: 0.82 
 precision: [0.45454545 0.84840901 0.77256098 0.80301794 0.75572519] 
 recall: [0.33333333 0.95015015 0.61684518 0.82835507 0.38521401] 
 f1: [0.38461538 0.89640193 0.68597726 0.81548975 0.51030928] 
 f1_avg: 0.8123150933720567

--- 536.8049695491791 seconds ---

Train Epoch: 35 accuracy: 0.90 
 precision: [0.72323553 0.95465565 0.84057731 0.91207029 0.83154549] 
 recall: [0.98701299 0.90334185 0.86962243 0.93038927 0.93201722] 
 f1: [0.83478261 0.92829016 0.85485322 0.92113871 0.87891937] 
 f1_avg: 0.9052917403190145


Validation Epoch: 35 accuracy: 0.82 
 precision: [0.43478261 0.85615942 0.76752336 0.79991883 0.74900398] 
 recall: [0.33333333 0.94614615 0.63972736 0.82919647 0.36575875] 
 f1: [0.37735849 0.89890632 0.69782262 0.81429457 0.49150327] 
 f1_avg: 0.8147338394449558

New best val score, save model ...
--- 552.3964984416962 seconds ---

Train Epoch: 36 accuracy: 0.91 
 precision: [0.72402855 0.95671329 0.84430708 0.91519866 0.83709207] 
 recall: [0.98809524 0.90568792 0.87517162 0.9313052  0.93661867] 
 f1: [0.83569794 0.93050162 0.85946234 0.92318169 0.88406305] 
 f1_avg: 0.9082379886326492


Validation Epoch: 36 accuracy: 0.82 
 precision: [0.45454545 0.85667693 0.76569767 0.80081301 0.75100402] 
 recall: [0.33333333 0.94654655 0.64118793 0.82877577 0.36381323] 
 f1: [0.38461538 0.89937227 0.69793323 0.81455448 0.49017038] 
 f1_avg: 0.8150051496028834

New best val score, save model ...
--- 567.9882323741913 seconds ---

Train Epoch: 37 accuracy: 0.91 
 precision: [0.73157051 0.95779105 0.84827739 0.91731399 0.84190197] 
 recall: [0.98809524 0.90738231 0.87894737 0.93483808 0.93825145] 
 f1: [0.84069982 0.93190549 0.86334008 0.92599313 0.88746929] 
 f1_avg: 0.9106772015463089


Validation Epoch: 37 accuracy: 0.82 
 precision: [0.45454545 0.84540291 0.77160494 0.80212158 0.77366255] 
 recall: [0.33333333 0.95355355 0.60856865 0.82709297 0.36575875] 
 f1: [0.38461538 0.8962273  0.68045727 0.81441591 0.49669749] 
 f1_avg: 0.8101326165174687

--- 583.1377487182617 seconds ---

Train Epoch: 38 accuracy: 0.91 
 precision: [0.72332016 0.95825328 0.85194215 0.91961188 0.8473262 ] 
 recall: [0.99025974 0.91009332 0.87957666 0.9362774  0.94077483] 
 f1: [0.83599817 0.9335526  0.86553889 0.92786981 0.89160864] 
 f1_avg: 0.9126298949449454


Validation Epoch: 38 accuracy: 0.82 
 precision: [0.47619048 0.8484361  0.762104   0.80368098 0.78389831] 
 recall: [0.33333333 0.95035035 0.62074002 0.82667228 0.35992218] 
 f1: [0.39215686 0.89650614 0.6841964  0.81501452 0.49333333] 
 f1_avg: 0.8110346157837446

--- 598.2898552417755 seconds ---

Train Epoch: 39 accuracy: 0.91 
 precision: [0.74053183 0.95971369 0.85540436 0.92217724 0.85464804] 
 recall: [0.99458874 0.91223085 0.88466819 0.93882892 0.94433724] 
 f1: [0.84896074 0.93537006 0.8697902  0.93042858 0.89725689] 
 f1_avg: 0.9155894194829041


Validation Epoch: 39 accuracy: 0.82 
 precision: [0.47619048 0.8499821  0.76094675 0.80633224 0.77178423] 
 recall: [0.33333333 0.95055055 0.62609542 0.82498948 0.3618677 ] 
 f1: [0.39215686 0.89745771 0.68696581 0.81555417 0.49271523] 
 f1_avg: 0.8121786981608353

--- 613.4518320560455 seconds ---

Train Epoch: 40 accuracy: 0.92 
 precision: [0.74635332 0.9605292  0.8583767  0.92447615 0.85793159] 
 recall: [0.99675325 0.91410771 0.88695652 0.9409879  0.94567315] 
 f1: [0.85356812 0.93674369 0.87243261 0.93265895 0.89966815] 
 f1_avg: 0.9175374019680536


Validation Epoch: 40 accuracy: 0.83 
 precision: [0.45454545 0.85976719 0.75916526 0.80657084 0.77272727] 
 recall: [0.33333333 0.94634635 0.65530672 0.82625158 0.36381323] 
 f1: [0.38461538 0.90098161 0.70342305 0.8162926  0.49470899] 
 f1_avg: 0.8175908187894585

New best val score, save model ...
--- 628.9974663257599 seconds ---

Train Epoch: 41 accuracy: 0.92 
 precision: [0.74154589 0.9618912  0.86234414 0.92587125 0.86487218] 
 recall: [0.99675325 0.9158803  0.89021739 0.94380111 0.94908713] 
 f1: [0.85041551 0.93832205 0.87605911 0.93475021 0.90502477] 
 f1_avg: 0.9199372564239596


Validation Epoch: 41 accuracy: 0.82 
 precision: [0.47619048 0.85159899 0.7603018  0.80766063 0.77155172] 
 recall: [0.33333333 0.94894895 0.63777994 0.82498948 0.34824903] 
 f1: [0.39215686 0.89764227 0.69367223 0.81623309 0.47989276] 
 f1_avg: 0.8131536135624478

--- 644.1470243930817 seconds ---

Train Epoch: 42 accuracy: 0.92 
 precision: [0.75368249 0.96332987 0.86470784 0.92891087 0.8703252 ] 
 recall: [0.99675325 0.91762682 0.89399314 0.94635263 0.95339172] 
 f1: [0.8583411  0.9399231  0.87910666 0.93755064 0.90996671] 
 f1_avg: 0.9224517542568996


Validation Epoch: 42 accuracy: 0.82 
 precision: [0.47619048 0.84390503 0.76548406 0.81309971 0.76734694] 
 recall: [0.33333333 0.95355355 0.61976631 0.8199411  0.36575875] 
 f1: [0.39215686 0.8953849  0.68496099 0.81650607 0.49538867] 
 f1_avg: 0.811091965212655

--- 659.2744507789612 seconds ---

Train Epoch: 43 accuracy: 0.92 
 precision: [0.75285481 0.9638574  0.86735033 0.93147159 0.87188178] 
 recall: [0.99891775 0.91971222 0.8951373  0.94707229 0.95457919] 
 f1: [0.85860465 0.94126749 0.88102477 0.93920716 0.91135832] 
 f1_avg: 0.9239753484141596


Validation Epoch: 43 accuracy: 0.83 
 precision: [0.5        0.86527549 0.75256065 0.8135169  0.78723404] 
 recall: [0.33333333 0.94634635 0.67964946 0.8203618  0.35992218] 
 f1: [0.4        0.90399694 0.71424917 0.81692501 0.49399199] 
 f1_avg: 0.8214919900387566

New best val score, save model ...
--- 674.8054382801056 seconds ---

Train Epoch: 44 accuracy: 0.93 
 precision: [0.75779967 0.96511374 0.87272425 0.93411901 0.87520369] 
 recall: [0.99891775 0.92234503 0.89948513 0.94896958 0.95665727] 
 f1: [0.86181139 0.94324483 0.88590264 0.94148574 0.91411957] 
 f1_avg: 0.9267360882614478


Validation Epoch: 44 accuracy: 0.83 
 precision: [0.5        0.86181088 0.75722222 0.80368852 0.79741379] 
 recall: [0.33333333 0.94514515 0.66358325 0.82498948 0.35992218] 
 f1: [0.4        0.90155638 0.70731707 0.81419971 0.49597855] 
 f1_avg: 0.81829379005067

--- 689.9522507190704 seconds ---

Train Epoch: 45 accuracy: 0.93 
 precision: [0.7617866  0.96698203 0.87462604 0.93607836 0.8810855 ] 
 recall: [0.99675325 0.92450863 0.90314645 0.9504089  0.95903221] 
 f1: [0.86357243 0.94526846 0.88865747 0.9431892  0.91840796] 
 f1_avg: 0.9290504076557691


Validation Epoch: 45 accuracy: 0.83 
 precision: [0.5        0.85872325 0.76421405 0.8120332  0.79310345] 
 recall: [0.33333333 0.94794795 0.66747809 0.82330669 0.35797665] 
 f1: [0.4        0.90113236 0.71257796 0.81763108 0.49329759] 
 f1_avg: 0.8198450685959286

--- 705.0692343711853 seconds ---

Train Epoch: 46 accuracy: 0.93 
 precision: [0.76261373 0.96746239 0.87748308 0.93768125 0.88276144] 
 recall: [0.9978355  0.92544706 0.90469108 0.95191364 0.96229776] 
 f1: [0.86451008 0.94598844 0.89087939 0.94474385 0.92081528] 
 f1_avg: 0.9304123678970239


Validation Epoch: 46 accuracy: 0.82 
 precision: [0.47619048 0.8298641  0.78678875 0.82540357 0.75098814] 
 recall: [0.33333333 0.96576577 0.58568647 0.81741691 0.36964981] 
 f1: [0.39215686 0.89267209 0.67150433 0.82139083 0.49543677] 
 f1_avg: 0.8081276025327192

--- 720.1921586990356 seconds ---

Train Epoch: 47 accuracy: 0.93 
 precision: [0.7666113  0.96868869 0.87664565 0.93953278 0.88501504] 
 recall: [0.99891775 0.92662009 0.90663616 0.95250245 0.96081342] 
 f1: [0.8674812  0.94718751 0.89138872 0.94597317 0.92135791] 
 f1_avg: 0.9314289317347676


Validation Epoch: 47 accuracy: 0.83 
 precision: [0.5        0.87532858 0.72641038 0.81257862 0.75423729] 
 recall: [0.33333333 0.93333333 0.7083739  0.81531342 0.3463035 ] 
 f1: [0.4        0.90340083 0.71727878 0.81394372 0.47466667] 
 f1_avg: 0.8201103974626996

--- 735.3625938892365 seconds ---

Train Epoch: 48 accuracy: 0.93 
 precision: [0.75717801 0.96752188 0.88170847 0.94093726 0.88907149] 
 recall: [0.99891775 0.9279756  0.90697941 0.95368008 0.96363366] 
 f1: [0.86140924 0.94733621 0.89416542 0.94726582 0.9248522 ] 
 f1_avg: 0.9325957319399343


Validation Epoch: 48 accuracy: 0.82 
 precision: [0.52631579 0.8950871  0.6733305  0.81873905 0.77777778] 
 recall: [0.33333333 0.91551552 0.77069133 0.78670593 0.31322957] 
 f1: [0.40816327 0.90518606 0.71872872 0.80240292 0.44660194] 
 f1_avg: 0.8171297102775144

--- 750.5169451236725 seconds ---

Train Epoch: 49 accuracy: 0.93 
 precision: [0.77478992 0.969631   0.87843872 0.94401194 0.89063999] 
 recall: [0.9978355  0.92883583 0.91155606 0.95197906 0.9646727 ] 
 f1: [0.87228004 0.9487951  0.89469104 0.94797876 0.92617928] 
 f1_avg: 0.933801960661772


Validation Epoch: 49 accuracy: 0.83 
 precision: [0.52631579 0.86139518 0.77796327 0.80303652 0.80497925] 
 recall: [0.33333333 0.94434434 0.68062317 0.82330669 0.37743191] 
 f1: [0.40816327 0.90096457 0.72604518 0.81304528 0.51390728] 
 f1_avg: 0.8225292588784623

New best val score, save model ...
--- 766.0775084495544 seconds ---

Train Epoch: 50 accuracy: 0.93 
 precision: [0.76230192 0.97118551 0.86929596 0.94378756 0.89220815] 
 recall: [0.98917749 0.9225275  0.91544622 0.95564279 0.96200089] 
 f1: [0.86104569 0.94623138 0.89177441 0.94967817 0.92579101] 
 f1_avg: 0.932071333385097


Validation Epoch: 50 accuracy: 0.82 
 precision: [0.5625     0.82890906 0.80647336 0.82764433 0.76061776] 
 recall: [0.3        0.96896897 0.58227848 0.82625158 0.38326848] 
 f1: [0.39130435 0.89348348 0.67627933 0.82694737 0.50970246] 
 f1_avg: 0.8115755075602451

--- 781.2184917926788 seconds ---

Train Epoch: 51 accuracy: 0.93 
 precision: [0.76916667 0.96705263 0.88235294 0.94741608 0.89564978] 
 recall: [0.99891775 0.92961785 0.90789474 0.95832516 0.96571174] 
 f1: [0.86911488 0.94796582 0.89494163 0.95283939 0.92936219] 
 f1_avg: 0.9346317932707597


Validation Epoch: 51 accuracy: 0.80 
 precision: [0.5        0.80916288 0.72389937 0.86454928 0.73758865] 
 recall: [0.33333333 0.96176176 0.56037001 0.77871266 0.40466926] 
 f1: [0.4        0.87888767 0.63172338 0.81938911 0.52261307] 
 f1_avg: 0.7939733964640912

--- 796.3540298938751 seconds ---

Train Epoch: 52 accuracy: 0.93 
 precision: [0.7352     0.9668267  0.88052974 0.94576513 0.88964951] 
 recall: [0.99458874 0.92914864 0.90526316 0.9526333  0.96452427] 
 f1: [0.84544618 0.94761329 0.89272517 0.94918679 0.9255751 ] 
 f1_avg: 0.9326583841085979


Validation Epoch: 52 accuracy: 0.82 
 precision: [0.5        0.87194781 0.67358409 0.85589094 0.82110092] 
 recall: [0.33333333 0.93653654 0.75851996 0.73958772 0.34824903] 
 f1: [0.4        0.9030888  0.71353332 0.79350034 0.48907104] 
 f1_avg: 0.8150510356140108

--- 811.4827547073364 seconds ---

Train Epoch: 53 accuracy: 0.93 
 precision: [0.76775272 0.96972252 0.8808053  0.94355725 0.89480232] 
 recall: [0.99458874 0.92922684 0.91355835 0.95479228 0.96081342] 
 f1: [0.86657237 0.94904289 0.8968829  0.94914152 0.92663374] 
 f1_avg: 0.9346063984556333


Validation Epoch: 53 accuracy: 0.83 
 precision: [0.5625     0.84154743 0.79595479 0.81630937 0.80686695] 
 recall: [0.3        0.95375375 0.65141188 0.81699621 0.36575875] 
 f1: [0.39130435 0.89414414 0.71646586 0.81665265 0.50334672] 
 f1_avg: 0.81740356825574

--- 826.6202640533447 seconds ---

Train Epoch: 54 accuracy: 0.94 
 precision: [0.7665272  0.97166146 0.88456457 0.94867303 0.90112328] 
 recall: [0.99134199 0.9322246  0.91927918 0.95649329 0.96452427] 
 f1: [0.86455875 0.95153458 0.90158784 0.95256711 0.93174649] 
 f1_avg: 0.937941586137852


Validation Epoch: 54 accuracy: 0.82 
 precision: [0.5        0.81398859 0.79227053 0.85617978 0.7388535 ] 
 recall: [0.33333333 0.97157157 0.55890944 0.80143037 0.45136187] 
 f1: [0.4        0.88582641 0.6554382  0.82790091 0.56038647] 
 f1_avg: 0.8063121464972307

--- 841.7763528823853 seconds ---

Train Epoch: 55 accuracy: 0.94 
 precision: [0.75183673 0.9666262  0.88478954 0.95172503 0.90468274] 
 recall: [0.99675325 0.93394505 0.90549199 0.95832516 0.96927416] 
 f1: [0.85714286 0.95000464 0.89502106 0.95501369 0.93586528] 
 f1_avg: 0.9364796019177267


Validation Epoch: 55 accuracy: 0.83 
 precision: [0.45454545 0.85250896 0.77026272 0.83824176 0.76973684] 
 recall: [0.33333333 0.95235235 0.67088608 0.80227177 0.45525292] 
 f1: [0.38461538 0.89966903 0.71714806 0.81986242 0.57212714] 
 f1_avg: 0.8246031816932964

New best val score, save model ...
--- 857.3450698852539 seconds ---

Train Epoch: 56 accuracy: 0.94 
 precision: [0.77544155 0.97246416 0.89371498 0.95463396 0.90922991] 
 recall: [0.9978355  0.93717742 0.92168192 0.962316   0.97090693] 
 f1: [0.87269285 0.95449477 0.90748303 0.95845958 0.93905678] 
 f1_avg: 0.9425544525684666


Validation Epoch: 56 accuracy: 0.83 
 precision: [0.5        0.83499737 0.78032037 0.84431408 0.78700361] 
 recall: [0.33333333 0.95435435 0.66407011 0.78712663 0.42412451] 
 f1: [0.4        0.89069507 0.7175171  0.81471805 0.55120101] 
 f1_avg: 0.817924182499943

--- 872.4852259159088 seconds ---

Train Epoch: 57 accuracy: 0.94 
 precision: [0.77721519 0.97384524 0.89419626 0.95459572 0.91192431] 
 recall: [0.99675325 0.93759449 0.926373   0.96009159 0.97283657] 
 f1: [0.87339972 0.95537612 0.91000028 0.95733577 0.94139615] 
 f1_avg: 0.9435323639081583


Validation Epoch: 57 accuracy: 0.84 
 precision: [0.55555556 0.84098019 0.81199753 0.85669503 0.73563218] 
 recall: [0.33333333 0.96876877 0.63924051 0.80479596 0.49805447] 
 f1: [0.41666667 0.90036282 0.71533642 0.82993492 0.59396752] 
 f1_avg: 0.8282013976428663

New best val score, save model ...
--- 888.0085463523865 seconds ---

Train Epoch: 58 accuracy: 0.94 
 precision: [0.78305085 0.97355841 0.89681259 0.95560596 0.91234671] 
 recall: [1.         0.93962776 0.92231121 0.96467125 0.97179754] 
 f1: [0.878327   0.9562922  0.9093832  0.96011721 0.94113419] 
 f1_avg: 0.9444164885859735


Validation Epoch: 58 accuracy: 0.81 
 precision: [0.47619048 0.80052928 0.79178886 0.86039109 0.72352941] 
 recall: [0.33333333 0.96896897 0.52580331 0.7959613  0.47859922] 
 f1: [0.39215686 0.87673218 0.63194851 0.82692308 0.57611241] 
 f1_avg: 0.7974706232892438

--- 903.156485080719 seconds ---

Train Epoch: 59 accuracy: 0.94 
 precision: [0.78438031 0.96906549 0.89158576 0.95168925 0.9059687 ] 
 recall: [1.         0.93582191 0.91413043 0.96015702 0.97105537] 
 f1: [0.8791627  0.95215362 0.90271736 0.95590438 0.93738358] 
 f1_avg: 0.9397943158383725


Validation Epoch: 59 accuracy: 0.81 
 precision: [0.5        0.87836034 0.64423471 0.8549505  0.76612903] 
 recall: [0.33333333 0.92232232 0.76436222 0.72654607 0.36964981] 
 f1: [0.4        0.89980469 0.69917613 0.78553559 0.49868766] 
 f1_avg: 0.8090447088997046

--- 918.3247957229614 seconds ---

Train Epoch: 60 accuracy: 0.94 
 precision: [0.78201866 0.9724602  0.8927464  0.95279697 0.90194175] 
 recall: [0.9978355  0.93795944 0.92236842 0.95610075 0.96526644] 
 f1: [0.87684261 0.95489829 0.9073157  0.954446   0.93253029] 
 f1_avg: 0.9414257636821627


Validation Epoch: 60 accuracy: 0.81 
 precision: [0.47619048 0.89250493 0.62200436 0.84202828 0.95945946] 
 recall: [0.33333333 0.90590591 0.83398247 0.72654607 0.1381323 ] 
 f1: [0.39215686 0.89915549 0.7125624  0.78003613 0.2414966 ] 
 f1_avg: 0.7968831171437769

--- 933.4911024570465 seconds ---

Train Epoch: 61 accuracy: 0.93 
 precision: [0.77181208 0.97105178 0.87944565 0.95214023 0.84643192] 
 recall: [0.995671   0.93475314 0.90394737 0.94883873 0.93839988] 
 f1: [0.86956522 0.95255678 0.8915282  0.95048661 0.89004646] 
 f1_avg: 0.9322968630713331


Validation Epoch: 61 accuracy: 0.81 
 precision: [0.5        0.81442778 0.82492355 0.82735331 0.71637427] 
 recall: [0.3        0.96736737 0.52531646 0.82456878 0.4766537 ] 
 f1: [0.375      0.88433382 0.64187983 0.8259587  0.57242991] 
 f1_avg: 0.8028537033516264

--- 948.6640753746033 seconds ---

Train Epoch: 62 accuracy: 0.94 
 precision: [0.797239   0.97014564 0.89761705 0.95334975 0.90128934] 
 recall: [1.         0.93941922 0.91584668 0.96264311 0.96496957] 
 f1: [0.88718195 0.95453522 0.90664024 0.95797389 0.93204301] 
 f1_avg: 0.9418631306030794


Validation Epoch: 62 accuracy: 0.84 
 precision: [0.5        0.8940359  0.76536885 0.81167763 0.70801034] 
 recall: [0.3        0.92732733 0.72736125 0.83045856 0.53307393] 
 f1: [0.375      0.91037736 0.74588118 0.8209607  0.6082131 ] 
 f1_avg: 0.837980938632677

New best val score, save model ...
--- 964.2207753658295 seconds ---

Train Epoch: 63 accuracy: 0.95 
 precision: [0.79191745 0.97610523 0.89701015 0.95807413 0.90701876] 
 recall: [0.99675325 0.93814191 0.93026316 0.96728819 0.96868042] 
 f1: [0.88260661 0.95674713 0.91333408 0.96265911 0.93683606] 
 f1_avg: 0.9456903427237632


Validation Epoch: 63 accuracy: 0.84 
 precision: [0.6        0.92117117 0.68889793 0.86136364 0.72815534] 
 recall: [0.3        0.9007007  0.82473223 0.79722339 0.58365759] 
 f1: [0.4        0.91082093 0.75072014 0.82805331 0.64794816] 
 f1_avg: 0.8430148252146156

New best val score, save model ...
--- 979.8129725456238 seconds ---

Train Epoch: 64 accuracy: 0.94 
 precision: [0.81310895 0.97568001 0.89185193 0.95845486 0.91432957] 
 recall: [0.99350649 0.93597831 0.93175057 0.96748446 0.97268814] 
 f1: [0.89430102 0.95541689 0.91136478 0.96294849 0.94260644] 
 f1_avg: 0.9452924395158451


Validation Epoch: 64 accuracy: 0.81 
 precision: [0.47368421 0.94154818 0.58140253 0.91233596 0.75925926] 
 recall: [0.3        0.83523524 0.91626095 0.73117375 0.55836576] 
 f1: [0.36734694 0.88521112 0.71139671 0.8117702  0.64349776] 
 f1_avg: 0.8178730595418225

--- 994.9712247848511 seconds ---

Train Epoch: 65 accuracy: 0.94 
 precision: [0.78785287 0.97393984 0.87130994 0.9588071  0.90614618] 
 recall: [0.99675325 0.92257964 0.93037757 0.96545633 0.9716491 ] 
 f1: [0.88007645 0.94756429 0.8998755  0.96212022 0.93775518] 
 f1_avg: 0.9381776402850086


Validation Epoch: 65 accuracy: 0.84 
 precision: [0.5        0.85465839 0.76416539 0.91171994 0.74935401] 
 recall: [0.3        0.96416416 0.72882181 0.75599495 0.56420233] 
 f1: [0.375      0.90611477 0.74607526 0.82658694 0.64372919] 
 f1_avg: 0.8390577532649607

--- 1010.1056854724884 seconds ---

Train Epoch: 66 accuracy: 0.94 
 precision: [0.74514563 0.97418847 0.89137855 0.9563693  0.91851022] 
 recall: [0.99675325 0.93563943 0.92625858 0.96368989 0.97372718] 
 f1: [0.85277778 0.9545249  0.9084839  0.96001564 0.94531306] 
 f1_avg: 0.9433944606626223


Validation Epoch: 66 accuracy: 0.83 
 precision: [0.52631579 0.84103544 0.74275724 0.91577825 0.77602524] 
 recall: [0.33333333 0.96916917 0.72395326 0.72275978 0.47859922] 
 f1: [0.40816327 0.90056739 0.73323471 0.80790031 0.59205776] 
 f1_avg: 0.8266138239797873

--- 1025.2621712684631 seconds ---

Train Epoch: 67 accuracy: 0.95 
 precision: [0.78238781 0.97395256 0.89291209 0.9601227  0.92324993] 
 recall: [1.         0.93863719 0.92969108 0.96244684 0.97491465] 
 f1: [0.87790974 0.95596883 0.91093049 0.96128337 0.94837918] 
 f1_avg: 0.9454431731488124


Validation Epoch: 67 accuracy: 0.83 
 precision: [0.5625     0.81254158 0.82027363 0.88267599 0.7673716 ] 
 recall: [0.3        0.97797798 0.64216164 0.7437947  0.49416342] 
 f1: [0.39130435 0.88761697 0.72037138 0.80730594 0.60118343] 
 f1_avg: 0.8177535820334407

--- 1040.43416929245 seconds ---

Train Epoch: 68 accuracy: 0.94 
 precision: [0.80330722 0.97408049 0.89326368 0.95516481 0.92303371] 
 recall: [0.99891775 0.93751629 0.92929062 0.96310108 0.97550839] 
 f1: [0.89049686 0.9554487  0.91092107 0.95911653 0.94854586] 
 f1_avg: 0.9449293300758249


Validation Epoch: 68 accuracy: 0.82 
 precision: [0.5625     0.81582035 0.74933757 0.92613318 0.77316294] 
 recall: [0.3        0.97457457 0.68841285 0.69625578 0.47081712] 
 f1: [0.39130435 0.8881591  0.71758437 0.79490874 0.58524788] 
 f1_avg: 0.8136737809619772

--- 1055.5811603069305 seconds ---

Train Epoch: 69 accuracy: 0.94 
 precision: [0.80347826 0.97173413 0.89222975 0.9574149  0.90540915] 
 recall: [1.         0.9355873  0.92688787 0.96048413 0.96897729] 
 f1: [0.89103182 0.95331819 0.90922865 0.95894706 0.93611529] 
 f1_avg: 0.9424269855440189


Validation Epoch: 69 accuracy: 0.82 
 precision: [0.5625     0.81224084 0.76918768 0.91325696 0.76872964] 
 recall: [0.3        0.98038038 0.6684518  0.70424905 0.45914397] 
 f1: [0.39130435 0.88842525 0.71529044 0.79524941 0.57490865] 
 f1_avg: 0.8128827203487979

--- 1070.7166786193848 seconds ---

Train Epoch: 70 accuracy: 0.95 
 precision: [0.81321586 0.97496007 0.89925722 0.95463396 0.91653808] 
 recall: [0.99891775 0.93884573 0.93501144 0.962316   0.96986789] 
 f1: [0.89655172 0.95656216 0.91678586 0.95845958 0.94244916] 
 f1_avg: 0.946194887770879


Validation Epoch: 70 accuracy: 0.80 
 precision: [0.5625     0.77625786 0.76559546 0.90801354 0.8212766 ] 
 recall: [0.3        0.98838839 0.59152872 0.67690366 0.37548638] 
 f1: [0.39130435 0.86957288 0.66739907 0.77560858 0.51535381] 
 f1_avg: 0.7858181320273588

--- 1085.8579857349396 seconds ---

Train Epoch: 71 accuracy: 0.94 
 precision: [0.80400697 0.97080786 0.89215363 0.95600963 0.91523049] 
 recall: [0.99891775 0.93537876 0.92757437 0.96113837 0.96957103] 
 f1: [0.89092664 0.95276406 0.90951927 0.95856714 0.94161741] 
 f1_avg: 0.9426171896224823


Validation Epoch: 71 accuracy: 0.81 
 precision: [0.5625     0.78100806 0.81198347 0.89511942 0.75708502] 
 recall: [0.3        0.98958959 0.57400195 0.72528397 0.36381323] 
 f1: [0.39130435 0.87301307 0.67256132 0.80130142 0.49145861] 
 f1_avg: 0.793498853068924

--- 1100.9886317253113 seconds ---

Train Epoch: 72 accuracy: 0.94 
 precision: [0.79652174 0.97321866 0.88792678 0.94873623 0.89541488] 
 recall: [0.99134199 0.93212033 0.92688787 0.95773634 0.95947751] 
 f1: [0.88331726 0.95222625 0.90698911 0.95321504 0.92633993] 
 f1_avg: 0.9393600811290435


Validation Epoch: 72 accuracy: 0.79 
 precision: [0.6        0.77068669 0.78923767 0.86088221 0.80745342] 
 recall: [0.3        0.98638639 0.51411879 0.74716029 0.25291829] 
 f1: [0.4        0.8652968  0.62264151 0.8        0.38518519] 
 f1_avg: 0.7735855947652076

--- 1116.1332385540009 seconds ---

Train Epoch: 73 accuracy: 0.94 
 precision: [0.78498294 0.96722694 0.8808492  0.95493031 0.89511356] 
 recall: [0.995671   0.92703717 0.91859268 0.95924109 0.96526644] 
 f1: [0.8778626  0.94670571 0.8993251  0.95708084 0.9288673 ] 
 f1_avg: 0.9358738891906414


Validation Epoch: 73 accuracy: 0.77 
 precision: [0.6        0.73484735 0.84309133 0.83548244 0.73399015] 
 recall: [0.3        0.97817818 0.35053554 0.79049222 0.28988327] 
 f1: [0.4        0.8392305  0.49518569 0.81236489 0.41562064] 
 f1_avg: 0.7387851707267546

--- 1131.2798645496368 seconds ---

Train Epoch: 74 accuracy: 0.93 
 precision: [0.77142857 0.95976605 0.86921462 0.94366922 0.90224203] 
 recall: [0.99350649 0.91968615 0.90034325 0.96009159 0.96170402] 
 f1: [0.86849574 0.93929874 0.88450514 0.95180957 0.93102457] 
 f1_avg: 0.9280314276236369


Validation Epoch: 74 accuracy: 0.76 
 precision: [0.55555556 0.72987639 0.82332564 0.84380863 0.69375   ] 
 recall: [0.33333333 0.96936937 0.34712756 0.75683635 0.43190661] 
 f1: [0.41666667 0.83274572 0.48835616 0.79795964 0.5323741 ] 
 f1_avg: 0.7367641710892158

--- 1146.415853023529 seconds ---

Train Epoch: 75 accuracy: 0.93 
 precision: [0.78297872 0.95100587 0.87440382 0.9473172  0.89637591] 
 recall: [0.995671   0.92544706 0.88100686 0.95525025 0.96556331] 
 f1: [0.87660791 0.9380524  0.87769292 0.95126718 0.92968415] 
 f1_avg: 0.9257885084770929


Validation Epoch: 75 accuracy: 0.83 
 precision: [0.5        0.87643899 0.85665295 0.74207188 0.67342342] 
 recall: [0.3        0.91451451 0.60808179 0.88599074 0.58171206] 
 f1: [0.375      0.89507201 0.71127563 0.80767018 0.62421712] 
 f1_avg: 0.8208399644763547

--- 1161.5762584209442 seconds ---

Train Epoch: 76 accuracy: 0.94 
 precision: [0.78577549 0.96583407 0.89410437 0.95090639 0.89700632] 
 recall: [0.99242424 0.9343882  0.90663616 0.96434413 0.96957103] 
 f1: [0.8770923  0.94985094 0.90032666 0.95757812 0.93187817] 
 f1_avg: 0.9379724062981525


Validation Epoch: 76 accuracy: 0.84 
 precision: [0.34482759 0.90527795 0.8243874  0.74031008 0.71428571] 
 recall: [0.33333333 0.9031031  0.687926   0.88388725 0.56420233] 
 f1: [0.33898305 0.90418922 0.75       0.80575264 0.63043478] 
 f1_avg: 0.8331406341365957

--- 1176.6817071437836 seconds ---

Train Epoch: 77 accuracy: 0.94 
 precision: [0.75265306 0.97281008 0.90092515 0.9551373  0.90852391] 
 recall: [0.9978355  0.93824618 0.91922197 0.96944717 0.97298501] 
 f1: [0.85807352 0.95521556 0.90998159 0.96223903 0.93965023] 
 f1_avg: 0.9440722550831732


Validation Epoch: 77 accuracy: 0.84 
 precision: [0.34482759 0.90769231 0.81674208 0.75205431 0.74796748] 
 recall: [0.33333333 0.90950951 0.7030185  0.88557005 0.53696498] 
 f1: [0.33898305 0.9086     0.75562533 0.8133694  0.62514156] 
 f1_avg: 0.8380524306708182

--- 1191.8081064224243 seconds ---

Train Epoch: 78 accuracy: 0.95 
 precision: [0.76470588 0.97477769 0.9064986  0.95986557 0.91955792] 
 recall: [0.99891775 0.94296439 0.9256865  0.97167157 0.97565682] 
 f1: [0.86625997 0.95860717 0.91599207 0.96573249 0.9467771 ] 
 f1_avg: 0.9484402728584523


Validation Epoch: 78 accuracy: 0.84 
 precision: [0.35714286 0.90648627 0.81828442 0.75595668 0.7459893 ] 
 recall: [0.33333333 0.91211211 0.70593963 0.88094236 0.54280156] 
 f1: [0.34482759 0.90929049 0.75797177 0.81367787 0.62837838] 
 f1_avg: 0.8391397823238212

--- 1206.9495809078217 seconds ---

Train Epoch: 79 accuracy: 0.95 
 precision: [0.78334749 0.97642373 0.91070429 0.96267063 0.92362668] 
 recall: [0.9978355  0.94572754 0.93060641 0.97350343 0.97832863] 
 f1: [0.8776773  0.96083053 0.92054779 0.96805673 0.95019102] 
 f1_avg: 0.95141029112235


Validation Epoch: 79 accuracy: 0.84 
 precision: [0.34482759 0.9011205  0.82764604 0.75940666 0.7534626 ] 
 recall: [0.33333333 0.91771772 0.69668939 0.88304586 0.52918288] 
 f1: [0.33898305 0.90934338 0.75654243 0.81657265 0.62171429] 
 f1_avg: 0.8392008199621861

--- 1222.0703737735748 seconds ---

Train Epoch: 80 accuracy: 0.95 
 precision: [0.78772379 0.97696495 0.91488048 0.96615006 0.93207174] 
 recall: [1.         0.9496898  0.93278032 0.97474648 0.97966454] 
 f1: [0.88125894 0.96313431 0.9237437  0.97042923 0.95527573] 
 f1_avg: 0.954178109610897


Validation Epoch: 80 accuracy: 0.84 
 precision: [0.375      0.90369784 0.82028169 0.76173154 0.75616438] 
 recall: [0.3        0.91491491 0.70886076 0.88094236 0.53696498] 
 f1: [0.33333333 0.90927179 0.76051188 0.81701131 0.62798635] 
 f1_avg: 0.840393667067247

--- 1237.1897916793823 seconds ---

Train Epoch: 81 accuracy: 0.96 
 precision: [0.80138768 0.97893721 0.9198092  0.96762053 0.93354029] 
 recall: [1.         0.95227048 0.93770023 0.97559699 0.98203948] 
 f1: [0.88974482 0.96541973 0.92866856 0.97159239 0.95717593] 
 f1_avg: 0.9568711766551339


Validation Epoch: 81 accuracy: 0.84 
 precision: [0.39130435 0.90359542 0.82247191 0.7632251  0.75824176] 
 recall: [0.3        0.91571572 0.7127556  0.88010097 0.53696498] 
 f1: [0.33962264 0.90961519 0.76369327 0.81750684 0.62870159] 
 f1_avg: 0.8413950775647341

--- 1252.30859541893 seconds ---

Train Epoch: 82 accuracy: 0.96 
 precision: [0.81697613 0.97951752 0.92111317 0.96854122 0.9360498 ] 
 recall: [1.         0.95365205 0.93918764 0.97690546 0.98203948] 
 f1: [0.89927007 0.96641175 0.9300626  0.97270536 0.9584933 ] 
 f1_avg: 0.9581037488935268


Validation Epoch: 82 accuracy: 0.84 
 precision: [0.39130435 0.8969815  0.81725888 0.77485929 0.7540107 ] 
 recall: [0.3        0.92212212 0.70545278 0.86874211 0.54863813] 
 f1: [0.33962264 0.90937808 0.75725111 0.8191194  0.63513514] 
 f1_avg: 0.8406652217266014

--- 1267.4153497219086 seconds ---

Train Epoch: 83 accuracy: 0.96 
 precision: [0.81321586 0.98068847 0.92523155 0.97038576 0.93860768] 
 recall: [0.99891775 0.95576352 0.94296339 0.9775597  0.98263322] 
 f1: [0.89655172 0.96806559 0.93401332 0.97395952 0.96011603] 
 f1_avg: 0.9601356994748443


Validation Epoch: 83 accuracy: 0.85 
 precision: [0.40909091 0.90714286 0.80645161 0.77424186 0.75862069] 
 recall: [0.3        0.91531532 0.73028238 0.87000421 0.55642023] 
 f1: [0.34615385 0.91121076 0.76647931 0.81933439 0.64197531] 
 f1_avg: 0.8439081262944623

New best val score, save model ...
--- 1282.9536027908325 seconds ---

Train Epoch: 84 accuracy: 0.96 
 precision: [0.81971581 0.98119507 0.92780614 0.97304512 0.94217929] 
 recall: [0.99891775 0.9575361  0.94622426 0.97775597 0.98441443] 
 f1: [0.9004878  0.96922123 0.93692469 0.97539486 0.96283391] 
 f1_avg: 0.9619013248997614


Validation Epoch: 84 accuracy: 0.85 
 precision: [0.39130435 0.91415965 0.80342324 0.77531883 0.76839237] 
 recall: [0.3        0.91251251 0.75413827 0.86958351 0.54863813] 
 f1: [0.33962264 0.91333534 0.778001   0.81975015 0.64018161] 
 f1_avg: 0.8473332200125037

New best val score, save model ...
--- 1298.5198044776917 seconds ---

Train Epoch: 85 accuracy: 0.96 
 precision: [0.81321586 0.98309754 0.92925955 0.97325438 0.94162761] 
 recall: [0.99891775 0.95821386 0.94914188 0.97847563 0.98411756] 
 f1: [0.89655172 0.97049622 0.93909549 0.97585802 0.96240383] 
 f1_avg: 0.9630106525010752


Validation Epoch: 85 accuracy: 0.84 
 precision: [0.40909091 0.89586167 0.83313953 0.76763945 0.75668449] 
 recall: [0.3        0.92312312 0.6976631  0.87421119 0.55058366] 
 f1: [0.34615385 0.90928811 0.75940647 0.81746656 0.63738739] 
 f1_avg: 0.8408058909971159

--- 1313.6271827220917 seconds ---

Train Epoch: 86 accuracy: 0.96 
 precision: [0.81393298 0.98262564 0.93083493 0.97422378 0.94461845] 
 recall: [0.99891775 0.95975184 0.94776888 0.97919529 0.98485973] 
 f1: [0.89698737 0.97105405 0.93922558 0.97670321 0.96431945] 
 f1_avg: 0.963644004516664


Validation Epoch: 86 accuracy: 0.84 
 precision: [0.375      0.87542341 0.84283904 0.77313433 0.7513369 ] 
 recall: [0.3        0.93133133 0.64751704 0.871687   0.54669261] 
 f1: [0.33333333 0.90251237 0.73237885 0.81945818 0.63288288] 
 f1_avg: 0.832047074498525

--- 1328.7264363765717 seconds ---

Train Epoch: 87 accuracy: 0.96 
 precision: [0.81753764 0.98210338 0.93433004 0.97627273 0.94335605] 
 recall: [0.99891775 0.96128982 0.94742563 0.97984953 0.98634407] 
 f1: [0.89917194 0.97158515 0.94083227 0.97805786 0.96437124] 
 f1_avg: 0.9645519073963807


Validation Epoch: 87 accuracy: 0.83 
 precision: [0.45       0.93774235 0.71896552 0.76238739 0.78703704] 
 recall: [0.3        0.87147147 0.812074   0.85443837 0.49610895] 
 f1: [0.36       0.90339317 0.76268861 0.8057925  0.60859189] 
 f1_avg: 0.8343025390475289

--- 1343.876148223877 seconds ---

Train Epoch: 88 accuracy: 0.96 
 precision: [0.8158363  0.98367435 0.92195393 0.97107869 0.93678242] 
 recall: [0.99242424 0.95495542 0.95017162 0.9753353  0.98100045] 
 f1: [0.89550781 0.96910216 0.93585012 0.97320234 0.95838167] 
 f1_avg: 0.9607404878865153


Validation Epoch: 88 accuracy: 0.85 
 precision: [0.45       0.91609795 0.80902958 0.77815571 0.76962025] 
 recall: [0.3        0.91371371 0.75900682 0.86621792 0.59143969] 
 f1: [0.36       0.91490428 0.7832203  0.81982879 0.66886689] 
 f1_avg: 0.8507534578204352

New best val score, save model ...
--- 1359.4155778884888 seconds ---

Train Epoch: 89 accuracy: 0.96 
 precision: [0.82410714 0.98451482 0.92853554 0.96743643 0.94340699] 
 recall: [0.99891775 0.95792712 0.95143021 0.97572784 0.98233635] 
 f1: [0.90313112 0.971039   0.93984346 0.97156444 0.96247818] 
 f1_avg: 0.9626914396703352


Validation Epoch: 89 accuracy: 0.83 
 precision: [0.52941176 0.86429241 0.8506363  0.75536169 0.7540107 ] 
 recall: [0.3        0.92312312 0.61830574 0.87421119 0.54863813] 
 f1: [0.38297872 0.89273959 0.71609811 0.81045242 0.63513514] 
 f1_avg: 0.8219151462642378

--- 1374.5378103256226 seconds ---

Train Epoch: 90 accuracy: 0.96 
 precision: [0.83228133 0.98189973 0.92981179 0.97082764 0.94637764] 
 recall: [0.99891775 0.95876127 0.94959954 0.97540072 0.98500816] 
 f1: [0.90801771 0.97019256 0.93960149 0.9731088  0.96530657] 
 f1_avg: 0.962824388888504


Validation Epoch: 90 accuracy: 0.81 
 precision: [0.5        0.82807265 0.86848635 0.77282934 0.7325    ] 
 recall: [0.3        0.94014014 0.51119766 0.86874211 0.57003891] 
 f1: [0.375      0.88055503 0.64357953 0.81798376 0.64113786] 
 f1_avg: 0.8029515548810853

--- 1389.6747024059296 seconds ---

Train Epoch: 91 accuracy: 0.96 
 precision: [0.80052038 0.97969111 0.93346191 0.97481125 0.94446818] 
 recall: [0.99891775 0.96071633 0.94141876 0.97984953 0.98456286] 
 f1: [0.8887819  0.97011095 0.93742345 0.97732389 0.96409884] 
 f1_avg: 0.9627903007507423


Validation Epoch: 91 accuracy: 0.81 
 precision: [0.47368421 0.96999508 0.61192053 0.77808435 0.80182927] 
 recall: [0.3        0.78958959 0.89970789 0.83045856 0.51167315] 
 f1: [0.36734694 0.87054409 0.72841939 0.8034188  0.62470309] 
 f1_avg: 0.811071760690382

--- 1404.8161056041718 seconds ---

Train Epoch: 92 accuracy: 0.96 
 precision: [0.80425155 0.98281182 0.90720972 0.96806504 0.93397427] 
 recall: [0.98268398 0.9464835  0.94805492 0.97376513 0.98055514] 
 f1: [0.88455918 0.96430563 0.9271827  0.97090672 0.95669804] 
 f1_avg: 0.9557643665417517


Validation Epoch: 92 accuracy: 0.84 
 precision: [0.42857143 0.8791959  0.84978274 0.77265861 0.74580336] 
 recall: [0.3        0.92812813 0.66650438 0.86074884 0.60505837] 
 f1: [0.35294118 0.90299961 0.74706685 0.81432836 0.66809882] 
 f1_avg: 0.8359686957431647

--- 1419.9303073883057 seconds ---

Train Epoch: 93 accuracy: 0.96 
 precision: [0.7927773  0.98351648 0.93414895 0.97167728 0.94630106] 
 recall: [0.9978355  0.96121162 0.9478833  0.97860648 0.98352382] 
 f1: [0.88356493 0.97223614 0.94096601 0.97512957 0.96455346] 
 f1_avg: 0.964163003045586


Validation Epoch: 93 accuracy: 0.83 
 precision: [0.47368421 0.8676221  0.8494133  0.76477105 0.75369458] 
 recall: [0.3        0.92112112 0.63437196 0.8712663  0.59533074] 
 f1: [0.36734694 0.89357157 0.72630992 0.81455261 0.66521739] 
 f1_avg: 0.8269171764690691

Early stopping!

Test Epoch: accuracy: 0.82 
 precision: [0.57894737 0.88259721 0.68239867 0.79001544 0.73517787] 
 recall: [0.91666667 0.88193135 0.68467967 0.79246257 0.71401152] 
 f1: [0.70967742 0.88226415 0.68353726 0.79123711 0.72444012] 
 f1_avg: 0.8177369745039613

--- 1436.0724368095398 seconds ---

Test Epoch: accuracy: 0.85 
 precision: [0.45       0.91609795 0.80902958 0.77815571 0.76962025] 
 recall: [0.3        0.91371371 0.75900682 0.86621792 0.59143969] 
 f1: [0.36       0.91490428 0.7832203  0.81982879 0.66886689] 
 f1_avg: 0.8507534578204352

--- 1436.5280494689941 seconds ---
